IQ-TREE multicore version 2.2.2 COVID-edition for Linux 64-bit built Sep 20 2022
Developed by Bui Quang Minh, James Barbetti, Nguyen Lam Tung,
Olga Chernomor, Heiko Schmidt, Dominik Schrempf, Michael Woodhams, Ly Trong Nhan.

Host:    netdc-bms-c11f (AVX2, FMA3, 377 GB RAM)
Command: /home/kasper.hendriks/iqtree-2.2.2-Linux/bin/iqtree2 -s 1G18270_taper_final_superstrict_excluding_hybrids.fasta -B 1000 -nm 1000 -m GTR+F+R -nt AUTO --prefix 1G18270_iqtree_final_superstrict_excluding_hybrids
Seed:    596293 (Using SPRNG - Scalable Parallel Random Number Generator)
Time:    Fri Jun  2 09:16:58 2023
Kernel:  AVX+FMA - auto-detect threads (56 CPU cores detected)

Reading alignment file 1G18270_taper_final_superstrict_excluding_hybrids.fasta ... Fasta format detected
Reading fasta file: done in 0.00121093 secs
Alignment most likely contains DNA/RNA sequences
Constructing alignment: done in 0.00280714 secs using 497.1% CPU
Alignment has 119 sequences with 408 columns, 273 distinct patterns
170 parsimony-informative, 63 singleton sites, 175 constant sites
               Gap/Ambiguity  Composition  p-value
Analyzing sequences: done in 0.00645804 secs using 577.7% CPU
   1  PAFTOL_019361    0.00%    passed     95.23%
   2  S0055            1.47%    passed     96.94%
   3  S0196sl          0.00%    passed     96.46%
   4  S0278            0.25%    passed     99.31%
   5  S0281            1.47%    passed     98.27%
   6  S0282            0.00%    passed     94.04%
   7  S0288            9.80%    passed     99.96%
   8  S0289            0.00%    passed     96.99%
   9  S0292            0.00%    passed     99.93%
  10  S0299            2.21%    passed     95.48%
  11  S0303            0.00%    passed     94.87%
  12  S0308            1.47%    passed     89.57%
  13  S0320            0.00%    passed     95.40%
  14  S0322            0.00%    passed     94.45%
  15  S0327            0.00%    passed     99.70%
  16  S0335            0.00%    passed     93.33%
  17  S0345           16.91%    passed     68.06%
  18  S0355            0.49%    passed     92.43%
  19  S0376            0.00%    passed     97.96%
  20  S0400            0.00%    passed     96.40%
  21  S0405            0.00%    passed     97.49%
  22  S0407sl          0.00%    passed     99.80%
  23  S0412sl         47.79%    passed     95.75%
  24  S0417            0.00%    passed     99.45%
  25  S0419            0.00%    passed     99.41%
  26  S0427            0.00%    passed     94.39%
  27  S0428sl          4.41%    passed     98.59%
  28  S0478            0.98%    passed     97.27%
  29  S0552sl          0.25%    passed     99.40%
  30  S0558            0.00%    passed     96.16%
  31  S0616            0.00%    passed     88.13%
  32  S0624            0.25%    passed     99.78%
  33  S0641            0.00%    passed     97.22%
  34  S0643            0.49%    passed     98.48%
  35  S0645sl          0.00%    passed     99.85%
  36  S0656sl          0.25%    passed     87.51%
  37  S0673            0.00%    passed     97.22%
  38  S0689            0.74%    passed     99.95%
  39  S0720            0.00%    passed     99.80%
  40  S0724sl          0.00%    passed     94.49%
  41  S0735            0.00%    passed     95.28%
  42  S0742            0.00%    passed     99.73%
  43  S0756            0.00%    passed     87.41%
  44  S0760            0.00%    passed     99.80%
  45  S0763            0.00%    passed     98.09%
  46  S0770            0.00%    passed     99.48%
  47  S0771            0.00%    passed     99.16%
  48  S0795            0.25%    passed     98.03%
  49  S0827            0.00%    passed     97.26%
  50  S0888            0.00%    passed     98.45%
  51  S0894            0.49%    passed     98.65%
  52  S0906            0.00%    passed     98.19%
  53  S0951            0.25%    passed     96.32%
  54  S0952            0.00%    passed     76.46%
  55  S0956            0.49%    passed     99.63%
  56  S0959            0.00%    passed     99.56%
  57  S0960            0.25%    passed     99.75%
  58  S1052sl         50.74%    passed     93.26%
  59  S1083            0.00%    passed     93.67%
  60  S1100            0.49%    passed     81.09%
  61  S1110            1.47%    passed     99.55%
  62  S1120            2.21%    passed     98.05%
  63  S1128            0.49%    passed     93.70%
  64  S1129sl          0.00%    passed     94.51%
  65  S1148            0.49%    passed     84.20%
  66  S1177            0.00%    passed     99.08%
  67  S1180            0.25%    passed     92.83%
  68  S1189            0.00%    passed     97.60%
  69  S1201sl          0.00%    passed     99.08%
  70  S1210            0.00%    passed     97.30%
  71  S1211            0.00%    passed     90.87%
  72  S1214sl          0.00%    passed     95.07%
  73  S1223            1.96%    passed     84.64%
  74  S1227            0.00%    passed     99.68%
  75  S1235sl          0.25%    passed     98.76%
  76  S1238sl          2.94%    passed     99.78%
  77  S1239            0.00%    passed     96.24%
  78  S1245            0.00%    passed     99.62%
  79  S1246            0.00%    passed     97.69%
  80  S1250sl          0.25%    passed     99.96%
  81  S1251            0.00%    passed     99.61%
  82  S1260            0.74%    passed     97.76%
  83  S1269            0.00%    passed     94.61%
  84  S1278            0.00%    passed     92.99%
  85  S1315            3.43%    passed     94.12%
  86  S1332            0.00%    passed     92.36%
  87  S1366            0.25%    passed     98.48%
  88  S1370            0.00%    passed     95.66%
  89  S1375           47.79%    passed     66.33%
  90  S1376            0.00%    passed     87.02%
  91  S1381            0.74%    passed     93.03%
  92  S1405            0.74%    passed     99.93%
  93  S1422            0.25%    passed     99.75%
  94  S1449            0.00%    passed     96.80%
  95  S1451            0.00%    passed     99.57%
  96  S1460            0.49%    passed     95.91%
  97  S1462            0.00%    passed     99.53%
  98  S1475            0.00%    passed     98.81%
  99  S1498            0.00%    passed     95.64%
 100  S1539            0.00%    passed     99.48%
 101  S_670            0.25%    passed     96.86%
 102  SRR8528336      47.79%    passed     92.62%
 103  SRR8528341       0.00%    passed     97.98%
 104  SRR8528343       2.45%    passed     99.05%
 105  SRR8528347       0.00%    passed     99.38%
 106  SRR8528350       0.00%    passed     97.26%
 107  SRR8528354       0.00%    passed     99.31%
 108  SRR8528357       0.00%    passed     97.42%
 109  SRR8528359       0.00%    passed     98.78%
 110  SRR8528361       0.25%    passed     97.52%
 111  SRR8528365      51.23%    passed     64.24%
 112  SRR8528370       0.00%    passed     99.68%
 113  SRR8528372       0.00%    passed     91.32%
 114  SRR8528379       0.00%    passed     99.41%
 115  SRR8528381       0.25%    passed     96.15%
 116  SRR8528384       0.98%    passed     99.72%
 117  SRR8528389       0.00%    passed     99.16%
 118  SRR8528391       0.00%    passed     99.42%
 119  SRR8528400       0.00%    passed     98.34%
WARNING: 2 sequences contain more than 50% gaps/ambiguity
****  TOTAL            2.61%  0 sequences failed composition chi2 test (p-value<5%; df=3)
Checking for duplicate sequences: done in 0.010386 secs using 545.5% CPU

Create initial parsimony tree by phylogenetic likelihood library (PLL)... 0.136 seconds
Generating 1000 samples for ultrafast bootstrap (seed: 596293)...

NOTE: 5 MB RAM (0 GB) is required!
Measuring multi-threading efficiency up to 56 CPU cores
Increase to 10 rounds for branch lengths
443 trees examined
Threads: 1 / Time: 56.155 sec / Speedup: 1.000 / Efficiency: 100% / LogL: -8951
Threads: 2 / Time: 73.093 sec / Speedup: 0.768 / Efficiency: 38% / LogL: -8951
Determining AUTO threadcount: done in 129.249 secs using 108.6% CPU
BEST NUMBER OF THREADS: 1

Estimate model parameters (epsilon = 0.100)
1. Initial log-likelihood: -5713.154
2. Current log-likelihood: -5540.220
3. Current log-likelihood: -5521.771
4. Current log-likelihood: -5519.882
5. Current log-likelihood: -5518.869
6. Current log-likelihood: -5518.220
7. Current log-likelihood: -5517.648
8. Current log-likelihood: -5517.183
9. Current log-likelihood: -5516.792
10. Current log-likelihood: -5516.532
11. Current log-likelihood: -5516.299
12. Current log-likelihood: -5516.091
13. Current log-likelihood: -5515.906
14. Current log-likelihood: -5515.739
15. Current log-likelihood: -5515.588
16. Current log-likelihood: -5515.451
17. Current log-likelihood: -5515.326
18. Current log-likelihood: -5515.212
19. Current log-likelihood: -5515.107
Optimal log-likelihood: -5514.960
Rate parameters:  A-C: 0.95507  A-G: 3.07453  A-T: 1.08892  C-G: 1.26466  C-T: 4.05956  G-T: 1.00000
Base frequencies:  A: 0.314  C: 0.179  G: 0.237  T: 0.270
Site proportion and rates:  (0.488,0.117) (0.024,0.270) (0.379,1.309) (0.109,4.051)
Parameters optimization took 19 rounds (5.466 sec)
Wrote distance file to... 
Computing ML distances based on estimated model parameters...
Calculating distance matrix: done in 0.151068 secs using 99.94% CPU
Computing ML distances took 0.151502 sec (of wall-clock time) 0.151414 sec (of CPU time)
Setting up auxiliary I and S matrices: done in 0.000991106 secs using 99.99% CPU
Constructing RapidNJ tree: done in 0.00274491 secs using 246.3% CPU
Computing RapidNJ tree took 0.003883 sec (of wall-clock time) 0.007894 sec (of CPU time)
Log-likelihood of RapidNJ tree: -5536.675
--------------------------------------------------------------------
|             INITIALIZING CANDIDATE TREE SET                      |
--------------------------------------------------------------------
Generating 98 parsimony trees... 1.786 second
Computing log-likelihood of 98 initial trees ... 2.188 seconds
Current best score: -5496.862

Do NNI search on 20 best initial trees
Optimizing NNI: done in 1.07326 secs using 71% CPU
Estimate model parameters (epsilon = 0.100)
BETTER TREE FOUND at iteration 1: -5485.142
Optimizing NNI: done in 1.18871 secs using 68.01% CPU
Optimizing NNI: done in 0.680821 secs using 90.87% CPU
Optimizing NNI: done in 0.790645 secs using 86.35% CPU
Optimizing NNI: done in 0.906754 secs using 94.26% CPU
Estimate model parameters (epsilon = 0.100)
BETTER TREE FOUND at iteration 5: -5482.427
Optimizing NNI: done in 0.772882 secs using 87.08% CPU
Optimizing NNI: done in 0.754465 secs using 96.28% CPU
Optimizing NNI: done in 0.839311 secs using 100% CPU
Optimizing NNI: done in 0.986153 secs using 99.99% CPU
Optimizing NNI: done in 0.923469 secs using 99.98% CPU
Iteration 10 / LogL: -5492.395 / Time: 0h:2m:29s
Optimizing NNI: done in 0.882085 secs using 99.99% CPU
Optimizing NNI: done in 0.820443 secs using 99.98% CPU
Optimizing NNI: done in 1.1947 secs using 99.98% CPU
Optimizing NNI: done in 1.02831 secs using 99.94% CPU
Optimizing NNI: done in 0.857902 secs using 96.26% CPU
Optimizing NNI: done in 0.990927 secs using 99.99% CPU
Optimizing NNI: done in 0.88338 secs using 99.99% CPU
Optimizing NNI: done in 0.9216 secs using 99.99% CPU
Optimizing NNI: done in 0.883062 secs using 99.99% CPU
Optimizing NNI: done in 0.792492 secs using 99.99% CPU
Iteration 20 / LogL: -5495.692 / Time: 0h:2m:38s
Finish initializing candidate tree set (20)
Current best tree score: -5482.427 / CPU time: 23.285
Number of iterations: 20
--------------------------------------------------------------------
|               OPTIMIZING CANDIDATE TREE SET                      |
--------------------------------------------------------------------
Optimizing NNI: done in 0.873169 secs using 99.98% CPU
Optimizing NNI: done in 0.785139 secs using 99.99% CPU
Optimizing NNI: done in 1.07201 secs using 99.99% CPU
Optimizing NNI: done in 0.87275 secs using 99.54% CPU
Optimizing NNI: done in 1.12441 secs using 99.99% CPU
Estimate model parameters (epsilon = 0.100)
BETTER TREE FOUND at iteration 25: -5481.713
Optimizing NNI: done in 0.945888 secs using 99.99% CPU
Optimizing NNI: done in 1.11804 secs using 99.99% CPU
BETTER TREE FOUND at iteration 27: -5481.704
Optimizing NNI: done in 0.873159 secs using 99.99% CPU
Optimizing NNI: done in 0.946617 secs using 99.99% CPU
BETTER TREE FOUND at iteration 29: -5481.699
Optimizing NNI: done in 0.695719 secs using 99.99% CPU
Estimate model parameters (epsilon = 0.100)
BETTER TREE FOUND at iteration 30: -5480.442
Iteration 30 / LogL: -5480.442 / Time: 0h:2m:48s (0h:9m:40s left)
Optimizing NNI: done in 1.06395 secs using 99.99% CPU
Optimizing NNI: done in 0.96165 secs using 99.99% CPU
Optimizing NNI: done in 1.10029 secs using 99.99% CPU
Optimizing NNI: done in 0.796006 secs using 99.99% CPU
Optimizing NNI: done in 0.846627 secs using 99.99% CPU
Optimizing NNI: done in 1.06277 secs using 99.99% CPU
Optimizing NNI: done in 0.992169 secs using 99.99% CPU
Optimizing NNI: done in 1.07842 secs using 99.99% CPU
Optimizing NNI: done in 0.774657 secs using 99.99% CPU
Optimizing NNI: done in 0.725439 secs using 99.99% CPU
Iteration 40 / LogL: -5484.190 / Time: 0h:2m:58s (0h:6m:50s left)
Optimizing NNI: done in 0.619165 secs using 99.99% CPU
BETTER TREE FOUND at iteration 41: -5480.434
Optimizing NNI: done in 0.649169 secs using 99.99% CPU
Optimizing NNI: done in 0.619349 secs using 99.99% CPU
Optimizing NNI: done in 0.571067 secs using 99.99% CPU
Optimizing NNI: done in 0.891141 secs using 99.99% CPU
Optimizing NNI: done in 0.869757 secs using 99.99% CPU
Optimizing NNI: done in 0.78736 secs using 83.12% CPU
Optimizing NNI: done in 0.979394 secs using 85.61% CPU
Optimizing NNI: done in 0.792817 secs using 100% CPU
Optimizing NNI: done in 0.821036 secs using 100% CPU
Iteration 50 / LogL: -5488.199 / Time: 0h:3m:6s (0h:5m:45s left)
Log-likelihood cutoff on original alignment: -5518.310
Optimizing NNI: done in 0.727673 secs using 99.99% CPU
Optimizing NNI: done in 0.659319 secs using 99.99% CPU
Optimizing NNI: done in 1.07972 secs using 99.99% CPU
Optimizing NNI: done in 0.813549 secs using 99.99% CPU
Estimate model parameters (epsilon = 0.100)
BETTER TREE FOUND at iteration 54: -5480.108
Optimizing NNI: done in 0.675117 secs using 99.98% CPU
Optimizing NNI: done in 1.07809 secs using 99.99% CPU
BETTER TREE FOUND at iteration 56: -5480.100
Optimizing NNI: done in 1.1666 secs using 99.65% CPU
Optimizing NNI: done in 1.01509 secs using 99.99% CPU
Optimizing NNI: done in 0.849285 secs using 99.99% CPU
Optimizing NNI: done in 0.992571 secs using 99.99% CPU
Iteration 60 / LogL: -5481.614 / Time: 0h:3m:16s (0h:5m:18s left)
Optimizing NNI: done in 1.19893 secs using 78.34% CPU
Optimizing NNI: done in 0.8379 secs using 79.94% CPU
Optimizing NNI: done in 0.866382 secs using 100% CPU
Optimizing NNI: done in 0.764828 secs using 99.99% CPU
Optimizing NNI: done in 1.07297 secs using 99.99% CPU
Optimizing NNI: done in 0.702906 secs using 99.99% CPU
Optimizing NNI: done in 0.759592 secs using 99.99% CPU
Optimizing NNI: done in 0.587414 secs using 99.98% CPU
Optimizing NNI: done in 0.69076 secs using 99.42% CPU
Optimizing NNI: done in 0.633326 secs using 99.99% CPU
Iteration 70 / LogL: -5492.008 / Time: 0h:3m:24s (0h:4m:14s left)
Optimizing NNI: done in 0.667919 secs using 99.99% CPU
Optimizing NNI: done in 0.556173 secs using 99.99% CPU
Optimizing NNI: done in 0.82159 secs using 99.99% CPU
Optimizing NNI: done in 0.646833 secs using 100% CPU
Optimizing NNI: done in 0.789648 secs using 99.45% CPU
Optimizing NNI: done in 0.971164 secs using 99.99% CPU
Optimizing NNI: done in 0.711004 secs using 99.99% CPU
Optimizing NNI: done in 0.742914 secs using 99.99% CPU
Optimizing NNI: done in 0.72937 secs using 99.99% CPU
Optimizing NNI: done in 0.743589 secs using 99.99% CPU
Iteration 80 / LogL: -5481.896 / Time: 0h:3m:32s (0h:3m:23s left)
Optimizing NNI: done in 0.760389 secs using 99.99% CPU
Optimizing NNI: done in 0.804765 secs using 99.99% CPU
Optimizing NNI: done in 0.892694 secs using 99.99% CPU
Optimizing NNI: done in 0.738913 secs using 99.99% CPU
Optimizing NNI: done in 0.963189 secs using 99.99% CPU
Optimizing NNI: done in 0.733688 secs using 99.99% CPU
Optimizing NNI: done in 0.870734 secs using 99.93% CPU
Optimizing NNI: done in 0.635183 secs using 99.92% CPU
Optimizing NNI: done in 1.15913 secs using 99.94% CPU
Optimizing NNI: done in 0.82614 secs using 99.93% CPU
Iteration 90 / LogL: -5480.475 / Time: 0h:3m:40s (0h:2m:43s left)
Optimizing NNI: done in 1.2103 secs using 99.98% CPU
Optimizing NNI: done in 0.922583 secs using 85.75% CPU
Optimizing NNI: done in 1.01279 secs using 82.24% CPU
Optimizing NNI: done in 0.564501 secs using 100% CPU
Optimizing NNI: done in 0.931912 secs using 99.58% CPU
Optimizing NNI: done in 0.739999 secs using 99.99% CPU
Optimizing NNI: done in 0.950718 secs using 99.99% CPU
Optimizing NNI: done in 0.680983 secs using 99.99% CPU
Optimizing NNI: done in 0.889295 secs using 100% CPU
Optimizing NNI: done in 0.673901 secs using 99.99% CPU
Iteration 100 / LogL: -5480.101 / Time: 0h:3m:49s (0h:2m:9s left)
Log-likelihood cutoff on original alignment: -5518.310
NOTE: Bootstrap correlation coefficient of split occurrence frequencies: 0.998
Optimizing NNI: done in 1.08066 secs using 68.4% CPU
Optimizing NNI: done in 0.70372 secs using 100% CPU
Optimizing NNI: done in 0.824742 secs using 100% CPU
Optimizing NNI: done in 1.13244 secs using 100% CPU
Optimizing NNI: done in 1.13371 secs using 100% CPU
Optimizing NNI: done in 0.765101 secs using 100% CPU
Optimizing NNI: done in 0.920584 secs using 99.99% CPU
Optimizing NNI: done in 1.20977 secs using 63.91% CPU
Optimizing NNI: done in 0.717036 secs using 99.49% CPU
Optimizing NNI: done in 1.23161 secs using 99.99% CPU
Iteration 110 / LogL: -5480.103 / Time: 0h:4m:0s (0h:3m:18s left)
Optimizing NNI: done in 1.05326 secs using 99.99% CPU
Optimizing NNI: done in 0.615153 secs using 99.99% CPU
Optimizing NNI: done in 1.33992 secs using 76.67% CPU
Optimizing NNI: done in 0.964561 secs using 100% CPU
Optimizing NNI: done in 0.77536 secs using 100% CPU
Optimizing NNI: done in 0.915037 secs using 100% CPU
Optimizing NNI: done in 1.00517 secs using 100% CPU
Optimizing NNI: done in 0.754722 secs using 100% CPU
Optimizing NNI: done in 0.717535 secs using 100% CPU
Optimizing NNI: done in 1.11132 secs using 100% CPU
Iteration 120 / LogL: -5485.558 / Time: 0h:4m:9s (0h:2m:47s left)
Optimizing NNI: done in 0.663009 secs using 100% CPU
Optimizing NNI: done in 0.932674 secs using 99.99% CPU
Optimizing NNI: done in 0.874406 secs using 99.99% CPU
Optimizing NNI: done in 0.955964 secs using 99.99% CPU
Optimizing NNI: done in 1.09763 secs using 99.99% CPU
Optimizing NNI: done in 0.674984 secs using 99.99% CPU
Optimizing NNI: done in 0.802971 secs using 100% CPU
Optimizing NNI: done in 0.803056 secs using 99.99% CPU
Optimizing NNI: done in 0.680023 secs using 99.41% CPU
Optimizing NNI: done in 0.767326 secs using 99.99% CPU
Iteration 130 / LogL: -5480.101 / Time: 0h:4m:18s (0h:2m:20s left)
Optimizing NNI: done in 0.782323 secs using 99.99% CPU
Optimizing NNI: done in 1.36404 secs using 100% CPU
Optimizing NNI: done in 1.0423 secs using 99.61% CPU
Optimizing NNI: done in 0.566291 secs using 99.29% CPU
Optimizing NNI: done in 0.793733 secs using 99.99% CPU
Optimizing NNI: done in 0.809976 secs using 100% CPU
Optimizing NNI: done in 1.15223 secs using 99.65% CPU
Optimizing NNI: done in 0.81571 secs using 100% CPU
Optimizing NNI: done in 0.689832 secs using 100% CPU
Optimizing NNI: done in 1.17352 secs using 99.66% CPU
BETTER TREE FOUND at iteration 140: -5480.099
Iteration 140 / LogL: -5480.099 / Time: 0h:4m:27s (0h:3m:12s left)
Optimizing NNI: done in 0.865261 secs using 99.99% CPU
Optimizing NNI: done in 0.795098 secs using 99.99% CPU
Optimizing NNI: done in 1.16424 secs using 99.99% CPU
Optimizing NNI: done in 1.16564 secs using 99.99% CPU
Optimizing NNI: done in 0.891586 secs using 99.99% CPU
Optimizing NNI: done in 0.996257 secs using 99.99% CPU
Optimizing NNI: done in 0.924031 secs using 99.99% CPU
Optimizing NNI: done in 0.794888 secs using 99.99% CPU
Optimizing NNI: done in 0.713179 secs using 99.44% CPU
Optimizing NNI: done in 0.835075 secs using 96.62% CPU
Iteration 150 / LogL: -5480.100 / Time: 0h:4m:37s (0h:2m:47s left)
Log-likelihood cutoff on original alignment: -5518.310
Optimizing NNI: done in 0.755952 secs using 99.99% CPU
Optimizing NNI: done in 0.785053 secs using 99.99% CPU
Optimizing NNI: done in 0.982978 secs using 99.99% CPU
Optimizing NNI: done in 0.922813 secs using 99.56% CPU
Optimizing NNI: done in 0.563692 secs using 100% CPU
Optimizing NNI: done in 0.868979 secs using 99.99% CPU
Optimizing NNI: done in 0.86346 secs using 100% CPU
Optimizing NNI: done in 0.751029 secs using 99.99% CPU
Optimizing NNI: done in 0.713164 secs using 99.99% CPU
Optimizing NNI: done in 0.940083 secs using 99.99% CPU
Iteration 160 / LogL: -5480.102 / Time: 0h:4m:46s (0h:2m:24s left)
Optimizing NNI: done in 1.29578 secs using 99.69% CPU
Optimizing NNI: done in 1.04005 secs using 100% CPU
Optimizing NNI: done in 0.875055 secs using 100% CPU
Optimizing NNI: done in 0.830246 secs using 100% CPU
Optimizing NNI: done in 1.27898 secs using 99.99% CPU
Optimizing NNI: done in 0.97391 secs using 99.99% CPU
Optimizing NNI: done in 1.13946 secs using 100% CPU
Optimizing NNI: done in 1.08014 secs using 100% CPU
Optimizing NNI: done in 1.17946 secs using 99.66% CPU
Optimizing NNI: done in 1.23081 secs using 99.99% CPU
BETTER TREE FOUND at iteration 170: -5480.099
Iteration 170 / LogL: -5480.099 / Time: 0h:4m:57s (0h:2m:56s left)
Optimizing NNI: done in 0.704966 secs using 99.99% CPU
Optimizing NNI: done in 0.906516 secs using 99.99% CPU
Optimizing NNI: done in 0.950506 secs using 100% CPU
Optimizing NNI: done in 0.92073 secs using 99.99% CPU
Optimizing NNI: done in 0.92335 secs using 99.97% CPU
Optimizing NNI: done in 0.948404 secs using 99.99% CPU
Optimizing NNI: done in 1.03345 secs using 99.99% CPU
Optimizing NNI: done in 1.01295 secs using 99.96% CPU
Optimizing NNI: done in 0.979089 secs using 99.54% CPU
Optimizing NNI: done in 0.684948 secs using 99.91% CPU
Iteration 180 / LogL: -5482.699 / Time: 0h:5m:7s (0h:2m:34s left)
Optimizing NNI: done in 0.921282 secs using 99.98% CPU
Optimizing NNI: done in 0.941953 secs using 99.99% CPU
Optimizing NNI: done in 0.712133 secs using 99.95% CPU
Optimizing NNI: done in 1.15732 secs using 99.99% CPU
Optimizing NNI: done in 0.65995 secs using 100% CPU
Optimizing NNI: done in 0.64864 secs using 99.97% CPU
Optimizing NNI: done in 0.964394 secs using 99.99% CPU
Optimizing NNI: done in 0.849033 secs using 99.99% CPU
Optimizing NNI: done in 0.821862 secs using 100% CPU
Optimizing NNI: done in 0.767382 secs using 99.99% CPU
Iteration 190 / LogL: -5480.102 / Time: 0h:5m:16s (0h:2m:13s left)
Optimizing NNI: done in 0.962943 secs using 100% CPU
Optimizing NNI: done in 1.12105 secs using 76.19% CPU
Optimizing NNI: done in 0.875738 secs using 77.84% CPU
Optimizing NNI: done in 0.976463 secs using 88.77% CPU
Optimizing NNI: done in 0.860867 secs using 99.11% CPU
Optimizing NNI: done in 0.906011 secs using 89.37% CPU
Optimizing NNI: done in 0.946767 secs using 75.61% CPU
Optimizing NNI: done in 0.963381 secs using 76.22% CPU
Optimizing NNI: done in 0.659187 secs using 100% CPU
Optimizing NNI: done in 1.05599 secs using 84.86% CPU
Iteration 200 / LogL: -5480.102 / Time: 0h:5m:26s (0h:1m:54s left)
Log-likelihood cutoff on original alignment: -5518.310
NOTE: Bootstrap correlation coefficient of split occurrence frequencies: 0.999
Optimizing NNI: done in 0.993174 secs using 99.99% CPU
Optimizing NNI: done in 0.74831 secs using 94.65% CPU
Optimizing NNI: done in 0.89429 secs using 95.3% CPU
Optimizing NNI: done in 1.20422 secs using 76.08% CPU
Optimizing NNI: done in 1.33116 secs using 61.15% CPU
Optimizing NNI: done in 1.27799 secs using 60.87% CPU
Optimizing NNI: done in 1.01823 secs using 85.07% CPU
Optimizing NNI: done in 0.828579 secs using 91.89% CPU
Optimizing NNI: done in 0.772395 secs using 69.62% CPU
Optimizing NNI: done in 0.902778 secs using 100% CPU
Iteration 210 / LogL: -5485.584 / Time: 0h:5m:37s (0h:2m:25s left)
Optimizing NNI: done in 1.13791 secs using 89.78% CPU
Optimizing NNI: done in 0.867233 secs using 100% CPU
Optimizing NNI: done in 1.39826 secs using 54.15% CPU
Optimizing NNI: done in 1.04605 secs using 83.55% CPU
Optimizing NNI: done in 0.584488 secs using 99.99% CPU
Optimizing NNI: done in 1.06056 secs using 99.76% CPU
Optimizing NNI: done in 1.0127 secs using 95.63% CPU
Optimizing NNI: done in 0.752655 secs using 100% CPU
Optimizing NNI: done in 1.07537 secs using 65.7% CPU
Optimizing NNI: done in 1.11107 secs using 97.12% CPU
Iteration 220 / LogL: -5481.362 / Time: 0h:5m:47s (0h:2m:6s left)
Optimizing NNI: done in 0.897087 secs using 99.96% CPU
Optimizing NNI: done in 0.4511 secs using 99.91% CPU
Optimizing NNI: done in 1.39073 secs using 72.26% CPU
Optimizing NNI: done in 0.793814 secs using 78.84% CPU
Optimizing NNI: done in 0.951222 secs using 85.96% CPU
Optimizing NNI: done in 1.03815 secs using 82.61% CPU
Optimizing NNI: done in 1.32129 secs using 83.65% CPU
Optimizing NNI: done in 0.813114 secs using 94.1% CPU
Optimizing NNI: done in 1.45212 secs using 76.33% CPU
Optimizing NNI: done in 1.20388 secs using 64.02% CPU
Iteration 230 / LogL: -5484.195 / Time: 0h:5m:58s (0h:1m:49s left)
Optimizing NNI: done in 0.99764 secs using 64.36% CPU
Optimizing NNI: done in 1.18846 secs using 83.95% CPU
Optimizing NNI: done in 1.06448 secs using 94.34% CPU
Optimizing NNI: done in 1.03591 secs using 100% CPU
Optimizing NNI: done in 0.972853 secs using 79.21% CPU
Optimizing NNI: done in 1.38466 secs using 88.97% CPU
Optimizing NNI: done in 1.15024 secs using 63.55% CPU
Optimizing NNI: done in 0.819454 secs using 100% CPU
Optimizing NNI: done in 0.85843 secs using 88.01% CPU
Optimizing NNI: done in 1.30967 secs using 63.63% CPU
Iteration 240 / LogL: -5480.101 / Time: 0h:6m:9s (0h:1m:32s left)
Optimizing NNI: done in 1.1585 secs using 94.15% CPU
Optimizing NNI: done in 0.879768 secs using 100% CPU
Optimizing NNI: done in 0.749991 secs using 82.93% CPU
Optimizing NNI: done in 1.56833 secs using 68.27% CPU
Optimizing NNI: done in 0.841606 secs using 71.79% CPU
Optimizing NNI: done in 0.705873 secs using 99.95% CPU
Optimizing NNI: done in 1.45488 secs using 99.99% CPU
Optimizing NNI: done in 0.697263 secs using 99.98% CPU
Optimizing NNI: done in 1.20651 secs using 82.93% CPU
Optimizing NNI: done in 1.12393 secs using 77.73% CPU
Iteration 250 / LogL: -5484.573 / Time: 0h:6m:20s (0h:1m:16s left)
Log-likelihood cutoff on original alignment: -5518.310
Optimizing NNI: done in 0.976151 secs using 78.3% CPU
Optimizing NNI: done in 0.868145 secs using 83.82% CPU
Optimizing NNI: done in 0.852441 secs using 78.83% CPU
Optimizing NNI: done in 1.25438 secs using 59.23% CPU
Optimizing NNI: done in 0.868576 secs using 65.97% CPU
Optimizing NNI: done in 2.0064 secs using 58.4% CPU
Optimizing NNI: done in 0.930027 secs using 81.07% CPU
Optimizing NNI: done in 1.16796 secs using 63.87% CPU
Optimizing NNI: done in 1.33481 secs using 100% CPU
Optimizing NNI: done in 1.02115 secs using 100% CPU
Iteration 260 / LogL: -5487.427 / Time: 0h:6m:33s (0h:1m:0s left)
Optimizing NNI: done in 1.60363 secs using 51.83% CPU
Optimizing NNI: done in 1.20724 secs using 60.96% CPU
Optimizing NNI: done in 1.50917 secs using 71.2% CPU
Optimizing NNI: done in 0.963711 secs using 99.98% CPU
Optimizing NNI: done in 0.929944 secs using 90.53% CPU
Optimizing NNI: done in 0.921456 secs using 100% CPU
Optimizing NNI: done in 1.42754 secs using 68.89% CPU
Optimizing NNI: done in 1.95055 secs using 61.65% CPU
Optimizing NNI: done in 0.914548 secs using 80.75% CPU
Optimizing NNI: done in 1.35605 secs using 79.94% CPU
Iteration 270 / LogL: -5483.620 / Time: 0h:6m:47s (0h:0m:45s left)
Optimizing NNI: done in 0.851254 secs using 99.9% CPU
TREE SEARCH COMPLETED AFTER 271 ITERATIONS / Time: 0h:6m:48s

--------------------------------------------------------------------
|                    FINALIZING TREE SEARCH                        |
--------------------------------------------------------------------
Performs final model parameters optimization
Estimate model parameters (epsilon = 0.010)
1. Initial log-likelihood: -5480.099
2. Current log-likelihood: -5480.060
3. Current log-likelihood: -5480.012
4. Current log-likelihood: -5479.966
5. Current log-likelihood: -5479.923
6. Current log-likelihood: -5479.883
7. Current log-likelihood: -5479.845
8. Current log-likelihood: -5479.809
9. Current log-likelihood: -5479.775
10. Current log-likelihood: -5479.743
11. Current log-likelihood: -5479.713
12. Current log-likelihood: -5479.684
13. Current log-likelihood: -5479.656
14. Current log-likelihood: -5479.630
15. Current log-likelihood: -5479.606
16. Current log-likelihood: -5479.591
17. Current log-likelihood: -5479.575
18. Current log-likelihood: -5479.560
19. Current log-likelihood: -5479.546
20. Current log-likelihood: -5479.532
21. Current log-likelihood: -5479.519
22. Current log-likelihood: -5479.506
23. Current log-likelihood: -5479.494
24. Current log-likelihood: -5479.482
25. Current log-likelihood: -5479.471
26. Current log-likelihood: -5479.460
27. Current log-likelihood: -5479.449
28. Current log-likelihood: -5479.439
Optimal log-likelihood: -5479.423
Rate parameters:  A-C: 0.88484  A-G: 3.13035  A-T: 1.05739  C-G: 1.25444  C-T: 4.14258  G-T: 1.00000
Base frequencies:  A: 0.314  C: 0.179  G: 0.237  T: 0.270
Site proportion and rates:  (0.481,0.088) (0.003,0.204) (0.411,1.274) (0.105,4.118)
Parameters optimization took 28 rounds (6.045 sec)
BEST SCORE FOUND : -5479.423
Creating bootstrap support values...
Split supports printed to NEXUS file 1G18270_iqtree_final_superstrict_excluding_hybrids.splits.nex
Total tree length: 2.297

Total number of iterations: 271
CPU time used for tree search: 251.111 sec (0h:4m:11s)
Wall-clock time used for tree search: 272.873 sec (0h:4m:32s)
Total CPU time used: 402.171 sec (0h:6m:42s)
Total wall-clock time used: 415.057 sec (0h:6m:55s)

Computing bootstrap consensus tree...
Reading input file 1G18270_iqtree_final_superstrict_excluding_hybrids.splits.nex...
119 taxa and 1055 splits.
Consensus tree written to 1G18270_iqtree_final_superstrict_excluding_hybrids.contree
Reading input trees file 1G18270_iqtree_final_superstrict_excluding_hybrids.contree
Log-likelihood of consensus tree: -5480.850

Analysis results written to: 
  IQ-TREE report:                1G18270_iqtree_final_superstrict_excluding_hybrids.iqtree
  Maximum-likelihood tree:       1G18270_iqtree_final_superstrict_excluding_hybrids.treefile
  Likelihood distances:          1G18270_iqtree_final_superstrict_excluding_hybrids.mldist

Ultrafast bootstrap approximation results written to:
  Split support values:          1G18270_iqtree_final_superstrict_excluding_hybrids.splits.nex
  Consensus tree:                1G18270_iqtree_final_superstrict_excluding_hybrids.contree
  Screen log file:               1G18270_iqtree_final_superstrict_excluding_hybrids.log

ALISIM COMMAND
--------------
--alisim simulated_MSA -t 1G18270_iqtree_final_superstrict_excluding_hybrids.treefile -m "GTR{0.884837,3.13035,1.05739,1.25444,4.14258}+F{0.314384,0.178599,0.236954,0.270063}+R4{0.480634,0.0884655,0.00349018,0.203625,0.410516,1.27379,0.10536,4.11785}" --length 408

Date and Time: Fri Jun  2 09:23:54 2023
