IQ-TREE multicore version 2.2.2 COVID-edition for Linux 64-bit built Sep 20 2022
Developed by Bui Quang Minh, James Barbetti, Nguyen Lam Tung,
Olga Chernomor, Heiko Schmidt, Dominik Schrempf, Michael Woodhams, Ly Trong Nhan.

Host:    netdc-bms-c11f (AVX2, FMA3, 377 GB RAM)
Command: /home/kasper.hendriks/iqtree-2.2.2-Linux/bin/iqtree2 -s 1G21640_taper_final_superstrict_excluding_hybrids.fasta -B 1000 -nm 1000 -m GTR+F+R -nt AUTO --prefix 1G21640_iqtree_final_superstrict_excluding_hybrids
Seed:    494257 (Using SPRNG - Scalable Parallel Random Number Generator)
Time:    Fri Jun  2 09:16:54 2023
Kernel:  AVX+FMA - auto-detect threads (56 CPU cores detected)

Reading alignment file 1G21640_taper_final_superstrict_excluding_hybrids.fasta ... Fasta format detected
Reading fasta file: done in 0.00400805 secs using 99.95% CPU
Alignment most likely contains DNA/RNA sequences
Constructing alignment: done in 0.031003 secs using 1246% CPU
Alignment has 136 sequences with 1277 columns, 883 distinct patterns
624 parsimony-informative, 151 singleton sites, 502 constant sites
               Gap/Ambiguity  Composition  p-value
Analyzing sequences: done in 0.0119951 secs using 1523% CPU
   1  PAFTOL_019361    0.23%    passed     70.99%
   2  S0055            1.96%    passed     92.23%
   3  S0196sl          5.25%    passed     92.12%
   4  S0278           11.59%    passed     78.48%
   5  S0281            2.74%    passed     72.88%
   6  S0282            0.08%    passed     87.56%
   7  S0288           25.37%    passed     17.20%
   8  S0289            1.25%    passed     98.59%
   9  S0292            0.55%    passed     83.71%
  10  S0293            4.31%    passed     92.01%
  11  S0294            2.66%    passed     61.52%
  12  S0299            4.62%    passed     90.53%
  13  S0303            0.70%    passed     56.34%
  14  S0308            0.00%    passed     75.18%
  15  S0320            1.02%    passed     97.25%
  16  S0322            0.00%    passed     78.58%
  17  S0327            0.00%    passed     92.51%
  18  S0335            0.00%    passed     79.03%
  19  S0345           26.47%    passed     58.51%
  20  S0355            0.39%    passed     57.87%
  21  S0376            1.88%    passed     86.63%
  22  S0400            0.23%    passed     88.27%
  23  S0405            0.16%    passed     94.70%
  24  S0407sl          3.68%    passed     98.46%
  25  S0412sl          1.96%    passed     90.93%
  26  S0417            0.31%    passed     97.96%
  27  S0419            0.08%    passed     99.91%
  28  S0427            0.00%    passed     99.60%
  29  S0428sl          0.08%    passed     96.42%
  30  S0430            0.16%    passed     79.59%
  31  S0478            0.08%    passed     98.91%
  32  S0552sl          2.98%    passed     95.94%
  33  S0558            0.00%    passed     78.89%
  34  S0616            0.08%    passed     65.66%
  35  S0620           28.97%    passed     22.91%
  36  S0624            0.78%    passed     89.75%
  37  S0641            0.00%    passed     94.23%
  38  S0643            0.31%    passed     98.94%
  39  S0645sl          1.80%    passed     96.51%
  40  S0656sl          0.23%    passed     99.31%
  41  S0673            0.00%    passed     99.98%
  42  S0689            0.00%    passed     85.23%
  43  S0690            6.19%    passed     99.77%
  44  S0720            0.39%    passed     98.37%
  45  S0724sl          0.70%    passed     86.28%
  46  S0735            1.64%    passed     81.82%
  47  S0742            0.08%    passed     95.47%
  48  S0748            0.70%    passed     50.19%
  49  S0753            0.08%    passed     63.42%
  50  S0756            0.00%    passed     87.13%
  51  S0758            2.35%    passed     69.42%
  52  S0760            0.00%    passed     99.57%
  53  S0763            0.00%    passed     98.20%
  54  S0765            0.08%    passed     98.24%
  55  S0770            0.16%    passed     97.87%
  56  S0771            0.94%    passed     88.90%
  57  S0795            0.39%    passed     98.11%
  58  S0827            0.00%    passed     99.21%
  59  S0888            3.13%    passed     64.03%
  60  S0894            0.08%    passed     99.95%
  61  S0899            0.78%    passed     99.00%
  62  S0906            0.00%    passed     96.11%
  63  S0951           17.93%    passed     93.72%
  64  S0952            0.00%    passed     78.34%
  65  S0956            0.47%    passed     97.37%
  66  S0959            0.23%    passed     96.29%
  67  S0960            0.00%    passed     89.32%
  68  S0964            0.08%    passed     76.76%
  69  S1052sl         20.75%    passed     87.39%
  70  S1083            0.31%    passed     72.59%
  71  S1100            3.37%    passed     78.22%
  72  S1102            0.31%    passed     94.78%
  73  S1110            7.05%    passed     89.84%
  74  S1120            0.78%    passed     95.34%
  75  S1128            0.23%    passed     74.66%
  76  S1129sl          0.16%    passed     66.35%
  77  S1148            2.04%    passed     91.66%
  78  S1177            0.00%    passed     99.11%
  79  S1180            1.72%    passed     92.49%
  80  S1187sl         30.85%    passed     92.41%
  81  S1189            0.23%    passed     85.23%
  82  S1201sl          0.00%    passed     89.44%
  83  S1210            0.00%    passed     95.14%
  84  S1211            0.00%    passed     98.02%
  85  S1214sl          0.00%    passed     64.66%
  86  S1223            1.80%    passed     91.03%
  87  S1227            0.00%    passed     99.66%
  88  S1235sl          0.00%    passed     99.07%
  89  S1238sl          0.55%    passed     93.35%
  90  S1239            0.00%    passed     99.97%
  91  S1245            0.63%    passed     99.96%
  92  S1246            0.55%    passed     99.40%
  93  S1249            1.02%    passed     84.23%
  94  S1250sl          1.96%    passed     92.24%
  95  S1251            0.70%    passed     96.06%
  96  S1260            0.00%    passed     87.27%
  97  S1266sl          1.41%    passed     83.98%
  98  S1269            0.16%    passed     68.24%
  99  S1278            0.00%    passed     94.24%
 100  S1315            0.00%    passed     85.45%
 101  S1332            0.00%    passed     95.30%
 102  S1366            1.57%    passed     82.78%
 103  S1369            0.08%    passed     99.86%
 104  S1370            0.78%    passed     99.55%
 105  S1375            4.39%    passed     96.53%
 106  S1376            1.80%    passed     79.66%
 107  S1381            0.00%    passed     92.49%
 108  S1405            0.63%    passed     97.85%
 109  S1422            0.08%    passed     91.91%
 110  S1449            0.00%    passed     68.85%
 111  S1451            1.02%    passed     99.36%
 112  S1460            0.08%    passed     94.50%
 113  S1462            0.00%    passed     94.47%
 114  S1475            1.80%    passed     96.67%
 115  S1498            0.31%    passed     75.98%
 116  S1539            0.00%    passed     99.87%
 117  S_670            0.08%    passed     96.33%
 118  SRR11470320      0.31%    passed     71.10%
 119  SRR8528336       0.23%    passed     96.58%
 120  SRR8528341       0.00%    passed     99.94%
 121  SRR8528343       0.00%    passed     88.72%
 122  SRR8528347       1.17%    passed     98.53%
 123  SRR8528350       0.00%    passed     96.68%
 124  SRR8528354       0.00%    passed     99.86%
 125  SRR8528357       0.00%    passed     95.60%
 126  SRR8528359       0.00%    passed     94.29%
 127  SRR8528361       2.51%    passed     94.49%
 128  SRR8528365       0.00%    passed     93.51%
 129  SRR8528370       0.00%    passed     96.20%
 130  SRR8528372       1.02%    passed     89.54%
 131  SRR8528379       0.00%    passed     99.32%
 132  SRR8528381       1.72%    passed     85.88%
 133  SRR8528384       0.00%    passed     99.95%
 134  SRR8528389       0.00%    passed     99.35%
 135  SRR8528391       0.23%    passed     99.26%
 136  SRR8528400       0.31%    passed     99.15%
****  TOTAL            1.96%  0 sequences failed composition chi2 test (p-value<5%; df=3)
Checking for duplicate sequences: done in 0.00173187 secs using 1748% CPU

Create initial parsimony tree by phylogenetic likelihood library (PLL)... 0.186 seconds
Generating 1000 samples for ultrafast bootstrap (seed: 494257)...

NOTE: 19 MB RAM (0 GB) is required!
Measuring multi-threading efficiency up to 56 CPU cores
Increase to 10 rounds for branch lengths
114 trees examined
Threads: 1 / Time: 56.162 sec / Speedup: 1.000 / Efficiency: 100% / LogL: -39710
Threads: 2 / Time: 68.899 sec / Speedup: 0.815 / Efficiency: 41% / LogL: -39710
Determining AUTO threadcount: done in 125.065 secs using 104.6% CPU
BEST NUMBER OF THREADS: 1

Estimate model parameters (epsilon = 0.100)
1. Initial log-likelihood: -24197.719
2. Current log-likelihood: -23170.011
3. Current log-likelihood: -23132.346
4. Current log-likelihood: -23114.363
5. Current log-likelihood: -23105.786
6. Current log-likelihood: -23101.419
7. Current log-likelihood: -23097.779
8. Current log-likelihood: -23094.091
9. Current log-likelihood: -23090.849
10. Current log-likelihood: -23087.862
11. Current log-likelihood: -23084.675
12. Current log-likelihood: -23081.247
13. Current log-likelihood: -23077.485
14. Current log-likelihood: -23073.768
15. Current log-likelihood: -23070.136
16. Current log-likelihood: -23066.754
17. Current log-likelihood: -23063.666
18. Current log-likelihood: -23060.909
19. Current log-likelihood: -23058.521
20. Current log-likelihood: -23056.457
21. Current log-likelihood: -23054.683
22. Current log-likelihood: -23053.152
23. Current log-likelihood: -23051.823
24. Current log-likelihood: -23050.656
25. Current log-likelihood: -23049.625
26. Current log-likelihood: -23048.703
27. Current log-likelihood: -23047.873
28. Current log-likelihood: -23047.121
29. Current log-likelihood: -23046.436
30. Current log-likelihood: -23045.810
31. Current log-likelihood: -23045.239
32. Current log-likelihood: -23044.717
33. Current log-likelihood: -23044.231
34. Current log-likelihood: -23043.783
35. Current log-likelihood: -23043.368
36. Current log-likelihood: -23042.984
37. Current log-likelihood: -23042.628
38. Current log-likelihood: -23042.297
39. Current log-likelihood: -23041.988
40. Current log-likelihood: -23041.702
41. Current log-likelihood: -23041.434
42. Current log-likelihood: -23041.265
43. Current log-likelihood: -23041.018
44. Current log-likelihood: -23040.869
45. Current log-likelihood: -23040.721
46. Current log-likelihood: -23040.577
47. Current log-likelihood: -23040.441
48. Current log-likelihood: -23040.309
49. Current log-likelihood: -23040.183
50. Current log-likelihood: -23040.063
51. Current log-likelihood: -23039.947
52. Current log-likelihood: -23039.837
53. Current log-likelihood: -23039.731
54. Current log-likelihood: -23039.630
Optimal log-likelihood: -23039.471
Rate parameters:  A-C: 1.12200  A-G: 3.61010  A-T: 1.11544  C-G: 1.53268  C-T: 5.68768  G-T: 1.00000
Base frequencies:  A: 0.300  C: 0.174  G: 0.248  T: 0.279
Site proportion and rates:  (0.473,0.071) (0.330,1.059) (0.177,2.639) (0.020,7.388)
Parameters optimization took 54 rounds (39.815 sec)
Wrote distance file to... 
Computing ML distances based on estimated model parameters...
Calculating distance matrix: done in 0.212223 secs using 98.1% CPU
Computing ML distances took 0.214248 sec (of wall-clock time) 0.210208 sec (of CPU time)
Setting up auxiliary I and S matrices: done in 0.00130391 secs using 100% CPU
Constructing RapidNJ tree: done in 0.00356197 secs using 212.3% CPU
Computing RapidNJ tree took 0.005040 sec (of wall-clock time) 0.009036 sec (of CPU time)
Log-likelihood of RapidNJ tree: -23136.322
--------------------------------------------------------------------
|             INITIALIZING CANDIDATE TREE SET                      |
--------------------------------------------------------------------
Generating 98 parsimony trees... 3.983 second
Computing log-likelihood of 98 initial trees ... 6.646 seconds
Current best score: -23037.875

Do NNI search on 20 best initial trees
Optimizing NNI: done in 1.41451 secs using 99.72% CPU
Estimate model parameters (epsilon = 0.100)
BETTER TREE FOUND at iteration 1: -23022.252
Optimizing NNI: done in 1.36417 secs using 100% CPU
Estimate model parameters (epsilon = 0.100)
BETTER TREE FOUND at iteration 2: -23014.581
Optimizing NNI: done in 1.42746 secs using 100% CPU
Optimizing NNI: done in 1.45547 secs using 100% CPU
Estimate model parameters (epsilon = 0.100)
BETTER TREE FOUND at iteration 4: -23012.929
Optimizing NNI: done in 1.51053 secs using 100% CPU
Optimizing NNI: done in 1.53585 secs using 73.33% CPU
Estimate model parameters (epsilon = 0.100)
BETTER TREE FOUND at iteration 6: -23009.756
Optimizing NNI: done in 1.61749 secs using 99.99% CPU
Optimizing NNI: done in 1.4848 secs using 100% CPU
Optimizing NNI: done in 1.45396 secs using 100% CPU
Optimizing NNI: done in 1.38916 secs using 100% CPU
Iteration 10 / LogL: -23021.944 / Time: 0h:3m:15s
Optimizing NNI: done in 1.47096 secs using 100% CPU
Estimate model parameters (epsilon = 0.100)
BETTER TREE FOUND at iteration 11: -23009.622
Optimizing NNI: done in 1.40177 secs using 100% CPU
Optimizing NNI: done in 1.35284 secs using 100% CPU
Optimizing NNI: done in 1.35763 secs using 96.21% CPU
Optimizing NNI: done in 1.71141 secs using 85.01% CPU
Optimizing NNI: done in 1.7567 secs using 100% CPU
Optimizing NNI: done in 1.62776 secs using 100% CPU
Optimizing NNI: done in 1.68719 secs using 99.84% CPU
Optimizing NNI: done in 1.73604 secs using 100% CPU
Optimizing NNI: done in 1.68802 secs using 100% CPU
Iteration 20 / LogL: -23013.810 / Time: 0h:3m:31s
Finish initializing candidate tree set (20)
Current best tree score: -23009.622 / CPU time: 45.730
Number of iterations: 20
--------------------------------------------------------------------
|               OPTIMIZING CANDIDATE TREE SET                      |
--------------------------------------------------------------------
Optimizing NNI: done in 1.50887 secs using 99.97% CPU
Optimizing NNI: done in 1.0231 secs using 100% CPU
Optimizing NNI: done in 1.51309 secs using 100% CPU
Optimizing NNI: done in 1.29108 secs using 100% CPU
Optimizing NNI: done in 1.39975 secs using 100% CPU
Optimizing NNI: done in 1.06936 secs using 100% CPU
Optimizing NNI: done in 1.47628 secs using 99.99% CPU
Estimate model parameters (epsilon = 0.100)
BETTER TREE FOUND at iteration 27: -23008.701
Optimizing NNI: done in 1.47734 secs using 99.72% CPU
Optimizing NNI: done in 1.74987 secs using 100% CPU
Optimizing NNI: done in 1.51184 secs using 99.99% CPU
Iteration 30 / LogL: -23009.122 / Time: 0h:3m:46s (0h:12m:36s left)
Optimizing NNI: done in 1.35291 secs using 88.74% CPU
Optimizing NNI: done in 1.46327 secs using 100% CPU
Optimizing NNI: done in 1.56067 secs using 100% CPU
Optimizing NNI: done in 1.21815 secs using 100% CPU
Optimizing NNI: done in 1.52272 secs using 100% CPU
Optimizing NNI: done in 1.27326 secs using 99.99% CPU
Estimate model parameters (epsilon = 0.100)
BETTER TREE FOUND at iteration 36: -23008.595
Optimizing NNI: done in 1.6674 secs using 100% CPU
Estimate model parameters (epsilon = 0.100)
BETTER TREE FOUND at iteration 37: -23005.307
Optimizing NNI: done in 1.38376 secs using 100% CPU
Optimizing NNI: done in 1.20029 secs using 100% CPU
Optimizing NNI: done in 1.71158 secs using 71.44% CPU
Iteration 40 / LogL: -23008.591 / Time: 0h:4m:3s (0h:10m:4s left)
Optimizing NNI: done in 1.14149 secs using 100% CPU
Optimizing NNI: done in 1.08542 secs using 100% CPU
Optimizing NNI: done in 1.22718 secs using 99.98% CPU
Optimizing NNI: done in 1.05161 secs using 100% CPU
Optimizing NNI: done in 1.09288 secs using 100% CPU
Optimizing NNI: done in 1.09934 secs using 100% CPU
Optimizing NNI: done in 0.885872 secs using 100% CPU
Optimizing NNI: done in 0.941536 secs using 100% CPU
Optimizing NNI: done in 1.1877 secs using 100% CPU
Optimizing NNI: done in 1.08103 secs using 100% CPU
Iteration 50 / LogL: -23006.575 / Time: 0h:4m:14s (0h:7m:31s left)
Log-likelihood cutoff on original alignment: -23054.257
Optimizing NNI: done in 1.13518 secs using 100% CPU
Optimizing NNI: done in 1.02802 secs using 100% CPU
Optimizing NNI: done in 1.22945 secs using 100% CPU
Optimizing NNI: done in 1.07582 secs using 100% CPU
Optimizing NNI: done in 0.966842 secs using 100% CPU
Optimizing NNI: done in 0.792179 secs using 100% CPU
Optimizing NNI: done in 0.969643 secs using 100% CPU
Optimizing NNI: done in 1.05077 secs using 100% CPU
Optimizing NNI: done in 1.0288 secs using 100% CPU
Optimizing NNI: done in 1.02818 secs using 100% CPU
Iteration 60 / LogL: -23006.575 / Time: 0h:4m:25s (0h:5m:45s left)
Optimizing NNI: done in 0.953758 secs using 100% CPU
Optimizing NNI: done in 1.06578 secs using 100% CPU
Optimizing NNI: done in 0.890034 secs using 98.65% CPU
Optimizing NNI: done in 1.02544 secs using 98.05% CPU
Optimizing NNI: done in 1.12517 secs using 100% CPU
Optimizing NNI: done in 0.860761 secs using 99.53% CPU
Optimizing NNI: done in 0.998303 secs using 100% CPU
Optimizing NNI: done in 0.885333 secs using 100% CPU
Optimizing NNI: done in 1.00236 secs using 100% CPU
Estimate model parameters (epsilon = 0.100)
BETTER TREE FOUND at iteration 69: -23005.217
Optimizing NNI: done in 1.2236 secs using 100% CPU
Iteration 70 / LogL: -23005.266 / Time: 0h:4m:35s (0h:6m:35s left)
Optimizing NNI: done in 1.45519 secs using 100% CPU
BETTER TREE FOUND at iteration 71: -23005.208
Optimizing NNI: done in 1.54556 secs using 99.74% CPU
Optimizing NNI: done in 1.57387 secs using 100% CPU
Optimizing NNI: done in 1.29856 secs using 100% CPU
Optimizing NNI: done in 1.57471 secs using 100% CPU
Optimizing NNI: done in 1.55713 secs using 99.99% CPU
Optimizing NNI: done in 1.54411 secs using 100% CPU
Optimizing NNI: done in 1.26712 secs using 99.37% CPU
Optimizing NNI: done in 1.31792 secs using 100% CPU
Optimizing NNI: done in 1.54233 secs using 100% CPU
Estimate model parameters (epsilon = 0.100)
BETTER TREE FOUND at iteration 80: -23004.927
Iteration 80 / LogL: -23004.927 / Time: 0h:4m:51s (0h:6m:8s left)
Optimizing NNI: done in 1.47081 secs using 100% CPU
Optimizing NNI: done in 1.61853 secs using 99.26% CPU
Optimizing NNI: done in 1.38468 secs using 99.99% CPU
Optimizing NNI: done in 1.30858 secs using 100% CPU
Optimizing NNI: done in 1.44566 secs using 100% CPU
Optimizing NNI: done in 1.4197 secs using 100% CPU
Optimizing NNI: done in 1.52002 secs using 94.56% CPU
Optimizing NNI: done in 1.60711 secs using 99.27% CPU
Optimizing NNI: done in 1.57881 secs using 100% CPU
Optimizing NNI: done in 1.60614 secs using 91.68% CPU
Iteration 90 / LogL: -23006.034 / Time: 0h:5m:6s (0h:5m:10s left)
Optimizing NNI: done in 1.20975 secs using 100% CPU
Optimizing NNI: done in 1.56065 secs using 90.34% CPU
Optimizing NNI: done in 1.76003 secs using 99.99% CPU
Optimizing NNI: done in 1.40379 secs using 100% CPU
Optimizing NNI: done in 1.42116 secs using 99.99% CPU
Optimizing NNI: done in 1.20658 secs using 99.69% CPU
Optimizing NNI: done in 1.41077 secs using 99.89% CPU
Optimizing NNI: done in 1.3071 secs using 98.44% CPU
Optimizing NNI: done in 1.39631 secs using 94.95% CPU
Optimizing NNI: done in 1.98611 secs using 80.45% CPU
Iteration 100 / LogL: -23006.612 / Time: 0h:5m:21s (0h:4m:19s left)
Log-likelihood cutoff on original alignment: -23054.257
NOTE: Bootstrap correlation coefficient of split occurrence frequencies: 0.993
Optimizing NNI: done in 1.30947 secs using 100% CPU
Optimizing NNI: done in 1.37566 secs using 99.99% CPU
Optimizing NNI: done in 1.50632 secs using 100% CPU
Optimizing NNI: done in 1.22982 secs using 100% CPU
Optimizing NNI: done in 1.37091 secs using 99.71% CPU
Optimizing NNI: done in 1.35043 secs using 97.92% CPU
Optimizing NNI: done in 1.51227 secs using 98.68% CPU
Optimizing NNI: done in 1.4315 secs using 100% CPU
Optimizing NNI: done in 1.38244 secs using 99.98% CPU
Optimizing NNI: done in 1.4162 secs using 100% CPU
Iteration 110 / LogL: -23008.963 / Time: 0h:5m:36s (0h:4m:38s left)
Optimizing NNI: done in 1.16774 secs using 100% CPU
Optimizing NNI: done in 1.31368 secs using 99.99% CPU
Optimizing NNI: done in 1.73002 secs using 100% CPU
Optimizing NNI: done in 1.92197 secs using 99.76% CPU
Optimizing NNI: done in 1.37269 secs using 100% CPU
Optimizing NNI: done in 1.52786 secs using 100% CPU
Optimizing NNI: done in 1.29143 secs using 100% CPU
Optimizing NNI: done in 1.48516 secs using 99.96% CPU
Optimizing NNI: done in 1.32668 secs using 99.98% CPU
Optimizing NNI: done in 1.48192 secs using 99.19% CPU
Iteration 120 / LogL: -23011.481 / Time: 0h:5m:51s (0h:3m:56s left)
Optimizing NNI: done in 1.32087 secs using 99.93% CPU
BETTER TREE FOUND at iteration 121: -23004.918
Optimizing NNI: done in 1.47743 secs using 99.99% CPU
Optimizing NNI: done in 1.76438 secs using 99.99% CPU
Optimizing NNI: done in 1.42825 secs using 100% CPU
Optimizing NNI: done in 1.43181 secs using 99.96% CPU
Optimizing NNI: done in 1.63892 secs using 100% CPU
Optimizing NNI: done in 1.47385 secs using 100% CPU
Optimizing NNI: done in 1.38205 secs using 99.67% CPU
Optimizing NNI: done in 1.52971 secs using 100% CPU
Optimizing NNI: done in 1.09104 secs using 100% CPU
Iteration 130 / LogL: -23073.219 / Time: 0h:6m:6s (0h:4m:18s left)
Optimizing NNI: done in 1.58017 secs using 99.7% CPU
Optimizing NNI: done in 1.41093 secs using 99.94% CPU
Optimizing NNI: done in 1.99793 secs using 73.54% CPU
Optimizing NNI: done in 1.79697 secs using 93.32% CPU
Optimizing NNI: done in 1.31133 secs using 98.16% CPU
Optimizing NNI: done in 1.44405 secs using 100% CPU
Optimizing NNI: done in 1.52056 secs using 99.99% CPU
Optimizing NNI: done in 1.59253 secs using 84.91% CPU
Optimizing NNI: done in 1.64925 secs using 74.64% CPU
Optimizing NNI: done in 1.78895 secs using 93.24% CPU
Iteration 140 / LogL: -23005.976 / Time: 0h:6m:23s (0h:3m:43s left)
Optimizing NNI: done in 1.70723 secs using 84.3% CPU
Optimizing NNI: done in 1.20553 secs using 99.95% CPU
Optimizing NNI: done in 1.56704 secs using 100% CPU
Optimizing NNI: done in 1.73294 secs using 99.96% CPU
Optimizing NNI: done in 1.49147 secs using 100% CPU
Optimizing NNI: done in 1.35025 secs using 95.09% CPU
Optimizing NNI: done in 1.54606 secs using 89.65% CPU
Optimizing NNI: done in 1.34301 secs using 99.98% CPU
Optimizing NNI: done in 1.76573 secs using 90.26% CPU
Optimizing NNI: done in 1.35378 secs using 94.05% CPU
Iteration 150 / LogL: -23004.983 / Time: 0h:6m:38s (0h:3m:9s left)
Log-likelihood cutoff on original alignment: -23054.257
Optimizing NNI: done in 1.38062 secs using 94.21% CPU
Optimizing NNI: done in 1.27451 secs using 100% CPU
Optimizing NNI: done in 1.50135 secs using 94.37% CPU
Optimizing NNI: done in 1.18866 secs using 95.86% CPU
Optimizing NNI: done in 1.26394 secs using 99.95% CPU
Optimizing NNI: done in 1.66208 secs using 74.24% CPU
Optimizing NNI: done in 1.20335 secs using 99.99% CPU
Optimizing NNI: done in 1.64978 secs using 92.69% CPU
Optimizing NNI: done in 1.312 secs using 98.38% CPU
Optimizing NNI: done in 1.43153 secs using 99.41% CPU
Iteration 160 / LogL: -23005.529 / Time: 0h:6m:53s (0h:2m:38s left)
Optimizing NNI: done in 0.866741 secs using 100% CPU
Optimizing NNI: done in 1.44966 secs using 100% CPU
Optimizing NNI: done in 1.37526 secs using 100% CPU
Optimizing NNI: done in 1.64573 secs using 90.26% CPU
Optimizing NNI: done in 1.67734 secs using 97.83% CPU
Optimizing NNI: done in 1.38067 secs using 96.78% CPU
Optimizing NNI: done in 1.72411 secs using 89.33% CPU
Optimizing NNI: done in 1.16862 secs using 98.61% CPU
Optimizing NNI: done in 1.17736 secs using 99.98% CPU
Optimizing NNI: done in 1.41764 secs using 99.97% CPU
Iteration 170 / LogL: -23007.926 / Time: 0h:7m:8s (0h:2m:9s left)
Optimizing NNI: done in 1.62637 secs using 96.06% CPU
Optimizing NNI: done in 1.50339 secs using 98.93% CPU
Optimizing NNI: done in 1.21719 secs using 99.87% CPU
Optimizing NNI: done in 1.4122 secs using 100% CPU
Optimizing NNI: done in 1.45667 secs using 97.8% CPU
Optimizing NNI: done in 1.57971 secs using 99.75% CPU
Optimizing NNI: done in 1.50774 secs using 99.99% CPU
Optimizing NNI: done in 1.37529 secs using 100% CPU
Optimizing NNI: done in 1.60443 secs using 99.75% CPU
Optimizing NNI: done in 1.1621 secs using 90.51% CPU
Iteration 180 / LogL: -23007.331 / Time: 0h:7m:23s (0h:1m:41s left)
Optimizing NNI: done in 1.84084 secs using 87.45% CPU
Optimizing NNI: done in 1.33741 secs using 99.71% CPU
Optimizing NNI: done in 1.41794 secs using 100% CPU
Optimizing NNI: done in 1.51522 secs using 94.47% CPU
Optimizing NNI: done in 1.38488 secs using 99.13% CPU
Optimizing NNI: done in 1.55926 secs using 95.33% CPU
Optimizing NNI: done in 1.41975 secs using 88.33% CPU
Optimizing NNI: done in 1.55502 secs using 89.68% CPU
Optimizing NNI: done in 1.71691 secs using 83.35% CPU
Optimizing NNI: done in 1.23313 secs using 100% CPU
Iteration 190 / LogL: -23011.540 / Time: 0h:7m:38s (0h:1m:15s left)
Optimizing NNI: done in 1.17437 secs using 99.67% CPU
Optimizing NNI: done in 1.36067 secs using 100% CPU
Optimizing NNI: done in 1.32264 secs using 96.37% CPU
Optimizing NNI: done in 1.40196 secs using 90.3% CPU
Optimizing NNI: done in 1.48022 secs using 83.77% CPU
Optimizing NNI: done in 1.95176 secs using 71.68% CPU
Optimizing NNI: done in 1.15704 secs using 100% CPU
Optimizing NNI: done in 1.7171 secs using 77.73% CPU
Optimizing NNI: done in 1.41187 secs using 100% CPU
Optimizing NNI: done in 1.60657 secs using 85.32% CPU
Iteration 200 / LogL: -23004.918 / Time: 0h:7m:53s (0h:0m:49s left)
Log-likelihood cutoff on original alignment: -23054.257
NOTE: Bootstrap correlation coefficient of split occurrence frequencies: 0.997
Optimizing NNI: done in 2.05541 secs using 67.42% CPU
Optimizing NNI: done in 2.48261 secs using 66.76% CPU
Optimizing NNI: done in 1.94782 secs using 78.29% CPU
Optimizing NNI: done in 1.26381 secs using 93% CPU
Optimizing NNI: done in 1.69719 secs using 87.92% CPU
Optimizing NNI: done in 1.12621 secs using 100% CPU
Optimizing NNI: done in 1.5571 secs using 80.45% CPU
Optimizing NNI: done in 1.24436 secs using 99.99% CPU
Optimizing NNI: done in 2.1456 secs using 63.48% CPU
Optimizing NNI: done in 1.94939 secs using 82.44% CPU
Iteration 210 / LogL: -23010.761 / Time: 0h:8m:12s (0h:3m:31s left)
Optimizing NNI: done in 1.32655 secs using 96.7% CPU
Optimizing NNI: done in 1.24659 secs using 84.93% CPU
Optimizing NNI: done in 1.65889 secs using 79.79% CPU
Optimizing NNI: done in 2.26424 secs using 63.29% CPU
Optimizing NNI: done in 1.97096 secs using 89.43% CPU
Optimizing NNI: done in 1.25944 secs using 100% CPU
Optimizing NNI: done in 1.31728 secs using 99.75% CPU
Optimizing NNI: done in 1.34677 secs using 100% CPU
Optimizing NNI: done in 1.33723 secs using 96.41% CPU
Optimizing NNI: done in 1.25758 secs using 100% CPU
Iteration 220 / LogL: -23004.919 / Time: 0h:8m:27s (0h:3m:5s left)
Optimizing NNI: done in 1.59256 secs using 100% CPU
Optimizing NNI: done in 1.60275 secs using 100% CPU
TREE SEARCH COMPLETED AFTER 222 ITERATIONS / Time: 0h:8m:31s

--------------------------------------------------------------------
|                    FINALIZING TREE SEARCH                        |
--------------------------------------------------------------------
Performs final model parameters optimization
Estimate model parameters (epsilon = 0.010)
1. Initial log-likelihood: -23004.918
2. Current log-likelihood: -23004.872
3. Current log-likelihood: -23004.817
4. Current log-likelihood: -23004.765
5. Current log-likelihood: -23004.716
6. Current log-likelihood: -23004.671
7. Current log-likelihood: -23004.627
8. Current log-likelihood: -23004.587
9. Current log-likelihood: -23004.548
10. Current log-likelihood: -23004.511
11. Current log-likelihood: -23004.475
12. Current log-likelihood: -23004.439
13. Current log-likelihood: -23004.406
14. Current log-likelihood: -23004.375
15. Current log-likelihood: -23004.344
16. Current log-likelihood: -23004.317
17. Current log-likelihood: -23004.300
18. Current log-likelihood: -23004.283
19. Current log-likelihood: -23004.266
20. Current log-likelihood: -23004.241
21. Current log-likelihood: -23004.226
22. Current log-likelihood: -23004.210
23. Current log-likelihood: -23004.195
24. Current log-likelihood: -23004.180
25. Current log-likelihood: -23004.166
26. Current log-likelihood: -23004.152
27. Current log-likelihood: -23004.138
28. Current log-likelihood: -23004.124
29. Current log-likelihood: -23004.112
30. Current log-likelihood: -23004.101
31. Current log-likelihood: -23004.088
32. Current log-likelihood: -23004.076
33. Current log-likelihood: -23004.065
34. Current log-likelihood: -23004.055
35. Current log-likelihood: -23004.044
36. Current log-likelihood: -23004.034
Optimal log-likelihood: -23004.019
Rate parameters:  A-C: 1.10093  A-G: 3.67650  A-T: 1.11730  C-G: 1.55282  C-T: 5.87055  G-T: 1.00000
Base frequencies:  A: 0.300  C: 0.174  G: 0.248  T: 0.279
Site proportion and rates:  (0.457,0.056) (0.342,1.015) (0.181,2.639) (0.020,7.405)
Parameters optimization took 36 rounds (18.837 sec)
BEST SCORE FOUND : -23004.019
Creating bootstrap support values...
Split supports printed to NEXUS file 1G21640_iqtree_final_superstrict_excluding_hybrids.splits.nex
Total tree length: 3.464

Total number of iterations: 222
CPU time used for tree search: 330.428 sec (0h:5m:30s)
Wall-clock time used for tree search: 345.251 sec (0h:5m:45s)
Total CPU time used: 517.904 sec (0h:8m:37s)
Total wall-clock time used: 530.578 sec (0h:8m:50s)

Computing bootstrap consensus tree...
Reading input file 1G21640_iqtree_final_superstrict_excluding_hybrids.splits.nex...
136 taxa and 679 splits.
Consensus tree written to 1G21640_iqtree_final_superstrict_excluding_hybrids.contree
Reading input trees file 1G21640_iqtree_final_superstrict_excluding_hybrids.contree
Log-likelihood of consensus tree: -23004.173

Analysis results written to: 
  IQ-TREE report:                1G21640_iqtree_final_superstrict_excluding_hybrids.iqtree
  Maximum-likelihood tree:       1G21640_iqtree_final_superstrict_excluding_hybrids.treefile
  Likelihood distances:          1G21640_iqtree_final_superstrict_excluding_hybrids.mldist

Ultrafast bootstrap approximation results written to:
  Split support values:          1G21640_iqtree_final_superstrict_excluding_hybrids.splits.nex
  Consensus tree:                1G21640_iqtree_final_superstrict_excluding_hybrids.contree
  Screen log file:               1G21640_iqtree_final_superstrict_excluding_hybrids.log

ALISIM COMMAND
--------------
--alisim simulated_MSA -t 1G21640_iqtree_final_superstrict_excluding_hybrids.treefile -m "GTR{1.10093,3.6765,1.1173,1.55282,5.87055}+F{0.299519,0.173841,0.247691,0.278949}+R4{0.457217,0.0564003,0.341642,1.01455,0.180816,2.63854,0.0203252,7.40507}" --length 1277

Date and Time: Fri Jun  2 09:25:45 2023
