IQ-TREE multicore version 2.2.2 COVID-edition for Linux 64-bit built Sep 20 2022
Developed by Bui Quang Minh, James Barbetti, Nguyen Lam Tung,
Olga Chernomor, Heiko Schmidt, Dominik Schrempf, Michael Woodhams, Ly Trong Nhan.

Host:    netdc-bms-c11f (AVX2, FMA3, 377 GB RAM)
Command: /home/kasper.hendriks/iqtree-2.2.2-Linux/bin/iqtree2 -s 1G79150_taper_final_superstrict_excluding_hybrids.fasta -B 1000 -nm 1000 -m GTR+F+R -nt AUTO --prefix 1G79150_iqtree_final_superstrict_excluding_hybrids
Seed:    89687 (Using SPRNG - Scalable Parallel Random Number Generator)
Time:    Fri Jun  2 09:17:00 2023
Kernel:  AVX+FMA - auto-detect threads (56 CPU cores detected)

Reading alignment file 1G79150_taper_final_superstrict_excluding_hybrids.fasta ... Fasta format detected
Reading fasta file: done in 0.00100303 secs using 99.8% CPU
Alignment most likely contains DNA/RNA sequences
Constructing alignment: done in 0.00200295 secs using 83.73% CPU
Alignment has 122 sequences with 306 columns, 234 distinct patterns
134 parsimony-informative, 41 singleton sites, 131 constant sites
             Gap/Ambiguity  Composition  p-value
Analyzing sequences: done in 0.0079999 secs using 1341% CPU
   1  S0055          0.00%    passed     83.72%
   2  S0281          0.00%    passed     97.36%
   3  S0282          0.00%    passed     99.82%
   4  S0288          0.33%    passed     99.94%
   5  S0289          0.33%    passed     93.27%
   6  S0292          0.00%    passed     71.31%
   7  S0293          0.00%    passed     97.98%
   8  S0294          1.63%    passed     99.49%
   9  S0299          4.58%    passed     94.43%
  10  S0303         10.78%    passed     96.29%
  11  S0308          0.98%    passed     88.25%
  12  S0320         15.69%    passed     86.15%
  13  S0322          0.00%    passed     98.81%
  14  S0335          0.98%    passed     95.32%
  15  S0345          7.19%    passed     92.93%
  16  S0355          4.25%    passed     94.78%
  17  S0400          0.00%    passed     99.89%
  18  S0405          1.31%    passed     99.92%
  19  S0412sl        0.00%    passed     93.56%
  20  S0417          0.00%    passed     90.79%
  21  S0419          0.00%    passed     94.09%
  22  S0427          0.00%    passed     95.71%
  23  S0428sl       34.31%    passed     98.74%
  24  S0430          0.65%    passed     99.54%
  25  S0478          0.00%    passed     91.42%
  26  S0552sl        0.00%    passed     86.37%
  27  S0558          4.25%    passed     93.67%
  28  S0616          0.00%    passed     96.99%
  29  S0620          3.27%    passed     93.11%
  30  S0624          0.00%    passed     99.48%
  31  S0641          0.00%    passed     99.82%
  32  S0643          0.33%    passed     99.78%
  33  S0645sl        1.63%    passed     99.11%
  34  S0656sl        0.33%    passed     96.89%
  35  S0689          1.31%    passed     87.35%
  36  S0690          0.65%    passed     96.63%
  37  S0720          0.00%    passed     99.39%
  38  S0724sl        0.00%    passed     99.87%
  39  S0735          0.00%    passed     18.33%
  40  S0742          0.00%    passed     95.42%
  41  S0748          0.00%    passed     99.39%
  42  S0756          0.33%    passed     97.85%
  43  S0758          0.00%    passed     79.75%
  44  S0760          0.00%    passed     91.66%
  45  S0763          0.00%    passed     99.37%
  46  S0765          0.33%    passed     94.50%
  47  S0770          0.33%    passed     92.54%
  48  S0771          0.00%    passed     77.87%
  49  S0795          0.00%    passed     98.40%
  50  S0827          0.33%    passed     98.82%
  51  S0888          9.15%    passed     98.76%
  52  S0894          0.00%    passed     99.68%
  53  S0899          5.23%    passed     98.77%
  54  S0906          0.00%    passed     90.22%
  55  S0952          0.33%    passed     95.28%
  56  S0959          0.33%    passed     87.62%
  57  S0960          0.33%    passed     90.44%
  58  S0964          0.33%    passed     76.10%
  59  S1052sl        5.23%    passed     34.53%
  60  S1083          0.00%    passed     87.12%
  61  S1100          0.33%    passed     38.88%
  62  S1102          0.65%    passed     93.78%
  63  S1120          5.56%    passed     97.76%
  64  S1128          1.31%    passed     97.73%
  65  S1129sl        5.56%    passed     77.35%
  66  S1148          0.33%    passed     13.92%
  67  S1177          0.00%    passed     95.48%
  68  S1180          0.00%    passed     41.14%
  69  S1189          0.33%    passed     77.82%
  70  S1201sl        0.00%    passed     82.04%
  71  S1210          3.27%    passed     97.66%
  72  S1211          0.00%    passed     98.70%
  73  S1214sl        0.00%    passed     90.77%
  74  S1223          0.00%    passed     41.14%
  75  S1227          0.00%    passed     99.48%
  76  S1235sl        0.00%    passed     98.16%
  77  S1238sl        4.90%    passed     97.69%
  78  S1239          0.00%    passed     90.79%
  79  S1245          0.33%    passed     99.34%
  80  S1246          3.92%    passed     90.05%
  81  S1249          0.65%    passed     99.58%
  82  S1250sl        1.63%    passed     98.21%
  83  S1251          1.96%    passed     95.13%
  84  S1260          0.00%    passed     92.72%
  85  S1266sl        1.63%    passed     99.88%
  86  S1269          0.65%    passed     98.41%
  87  S1278          0.00%    passed     97.91%
  88  S1315          9.48%    passed     92.88%
  89  S1332          0.00%    passed     78.09%
  90  S1369          0.33%    passed     96.72%
  91  S1370          0.00%    passed     98.38%
  92  S1375          0.00%    passed     86.60%
  93  S1376          0.00%    passed     86.35%
  94  S1381          0.00%    passed     96.36%
  95  S1405          2.61%    passed     97.41%
  96  S1422          0.00%    passed     65.88%
  97  S1449          0.33%    passed     60.36%
  98  S1451          0.00%    passed     99.53%
  99  S1460          0.33%    passed     99.83%
 100  S1462          0.00%    passed     93.49%
 101  S1475          0.00%    passed     94.02%
 102  S1498          0.00%    passed     92.17%
 103  S1539          0.00%    passed     99.35%
 104  S_670          1.31%    passed     99.46%
 105  SRR11470320    0.00%    passed     87.12%
 106  SRR8528336     0.00%    passed     83.04%
 107  SRR8528341     0.00%    passed     97.13%
 108  SRR8528343     0.33%    passed     97.61%
 109  SRR8528347     0.00%    passed     97.37%
 110  SRR8528350     0.00%    passed     99.50%
 111  SRR8528354     0.00%    passed     95.18%
 112  SRR8528357     0.00%    passed     99.85%
 113  SRR8528359     0.00%    passed     96.41%
 114  SRR8528361     0.00%    passed     95.09%
 115  SRR8528365     0.00%    passed     91.97%
 116  SRR8528370     0.00%    passed     98.58%
 117  SRR8528372     0.00%    passed     98.28%
 118  SRR8528379     0.00%    passed     91.26%
 119  SRR8528384     0.00%    passed     93.46%
 120  SRR8528389     0.00%    passed     90.22%
 121  SRR8528391     0.33%    passed     95.04%
 122  SRR8528400     0.33%    passed     77.67%
****  TOTAL          1.36%  0 sequences failed composition chi2 test (p-value<5%; df=3)
NOTE: S1223 is identical to S1180 but kept for subsequent analysis
Checking for duplicate sequences: done in 0.0153611 secs using 1497% CPU

Create initial parsimony tree by phylogenetic likelihood library (PLL)... 0.059 seconds
Generating 1000 samples for ultrafast bootstrap (seed: 89687)...

NOTE: 4 MB RAM (0 GB) is required!
Measuring multi-threading efficiency up to 56 CPU cores
Increase to 10 rounds for branch lengths
430 trees examined
Threads: 1 / Time: 56.049 sec / Speedup: 1.000 / Efficiency: 100% / LogL: -7867
Threads: 2 / Time: 84.004 sec / Speedup: 0.667 / Efficiency: 33% / LogL: -7867
Determining AUTO threadcount: done in 140.07 secs using 105.7% CPU
BEST NUMBER OF THREADS: 1

Estimate model parameters (epsilon = 0.100)
1. Initial log-likelihood: -4448.529
2. Current log-likelihood: -4263.051
3. Current log-likelihood: -4261.199
4. Current log-likelihood: -4260.189
5. Current log-likelihood: -4259.343
6. Current log-likelihood: -4258.644
7. Current log-likelihood: -4258.110
8. Current log-likelihood: -4257.725
9. Current log-likelihood: -4257.467
10. Current log-likelihood: -4257.301
11. Current log-likelihood: -4257.194
Optimal log-likelihood: -4257.109
Rate parameters:  A-C: 1.28209  A-G: 5.16428  A-T: 1.54838  C-G: 1.20978  C-T: 5.20692  G-T: 1.00000
Base frequencies:  A: 0.272  C: 0.248  G: 0.203  T: 0.277
Site proportion and rates:  (0.498,0.138) (0.089,0.303) (0.320,1.663) (0.093,3.995)
Parameters optimization took 11 rounds (3.294 sec)
Wrote distance file to... 
Computing ML distances based on estimated model parameters...
Calculating distance matrix: done in 0.252845 secs using 62.93% CPU
Computing ML distances took 0.253624 sec (of wall-clock time) 0.159878 sec (of CPU time)
Setting up auxiliary I and S matrices: done in 0.00101995 secs using 115.3% CPU
Constructing RapidNJ tree: done in 0.00218296 secs using 97.62% CPU
Computing RapidNJ tree took 0.003347 sec (of wall-clock time) 0.003447 sec (of CPU time)
Log-likelihood of RapidNJ tree: -4301.309
--------------------------------------------------------------------
|             INITIALIZING CANDIDATE TREE SET                      |
--------------------------------------------------------------------
Generating 98 parsimony trees... 1.830 second
Computing log-likelihood of 98 initial trees ... 2.115 seconds
Current best score: -4251.298

Do NNI search on 20 best initial trees
Optimizing NNI: done in 0.823982 secs using 100% CPU
Estimate model parameters (epsilon = 0.100)
BETTER TREE FOUND at iteration 1: -4248.357
Optimizing NNI: done in 0.799222 secs using 99.99% CPU
Optimizing NNI: done in 0.870682 secs using 99.99% CPU
Estimate model parameters (epsilon = 0.100)
BETTER TREE FOUND at iteration 3: -4248.062
Optimizing NNI: done in 0.965004 secs using 99.17% CPU
Estimate model parameters (epsilon = 0.100)
BETTER TREE FOUND at iteration 4: -4246.002
Optimizing NNI: done in 0.949966 secs using 99.99% CPU
Estimate model parameters (epsilon = 0.100)
BETTER TREE FOUND at iteration 5: -4245.588
Optimizing NNI: done in 0.40134 secs using 100% CPU
Estimate model parameters (epsilon = 0.100)
BETTER TREE FOUND at iteration 6: -4245.271
Optimizing NNI: done in 0.649847 secs using 100% CPU
Optimizing NNI: done in 0.83342 secs using 100% CPU
Estimate model parameters (epsilon = 0.100)
BETTER TREE FOUND at iteration 8: -4241.060
Optimizing NNI: done in 0.898258 secs using 99.99% CPU
Optimizing NNI: done in 0.901483 secs using 100% CPU
Iteration 10 / LogL: -4247.788 / Time: 0h:2m:37s
Optimizing NNI: done in 0.781612 secs using 99.99% CPU
Optimizing NNI: done in 0.840582 secs using 100% CPU
Optimizing NNI: done in 0.704243 secs using 100% CPU
Optimizing NNI: done in 0.365163 secs using 100% CPU
Optimizing NNI: done in 0.92274 secs using 99.99% CPU
Optimizing NNI: done in 0.758081 secs using 99.99% CPU
Optimizing NNI: done in 0.713387 secs using 100% CPU
Optimizing NNI: done in 0.924862 secs using 100% CPU
Optimizing NNI: done in 0.948167 secs using 100% CPU
Optimizing NNI: done in 0.867111 secs using 99.99% CPU
Iteration 20 / LogL: -4245.793 / Time: 0h:2m:45s
Finish initializing candidate tree set (20)
Current best tree score: -4241.060 / CPU time: 21.748
Number of iterations: 20
--------------------------------------------------------------------
|               OPTIMIZING CANDIDATE TREE SET                      |
--------------------------------------------------------------------
Optimizing NNI: done in 0.425184 secs using 100% CPU
Optimizing NNI: done in 0.796251 secs using 100% CPU
Optimizing NNI: done in 0.936517 secs using 100% CPU
Estimate model parameters (epsilon = 0.100)
BETTER TREE FOUND at iteration 23: -4240.702
Optimizing NNI: done in 0.962457 secs using 99.99% CPU
Optimizing NNI: done in 0.375644 secs using 100% CPU
Optimizing NNI: done in 0.853115 secs using 100% CPU
Estimate model parameters (epsilon = 0.100)
BETTER TREE FOUND at iteration 26: -4240.265
Optimizing NNI: done in 0.769872 secs using 100% CPU
Optimizing NNI: done in 1.01879 secs using 100% CPU
Optimizing NNI: done in 0.827145 secs using 99.99% CPU
Optimizing NNI: done in 0.901434 secs using 100% CPU
Iteration 30 / LogL: -4240.340 / Time: 0h:2m:54s (0h:9m:35s left)
Optimizing NNI: done in 0.919541 secs using 100% CPU
Optimizing NNI: done in 0.810356 secs using 100% CPU
Optimizing NNI: done in 0.817359 secs using 100% CPU
Optimizing NNI: done in 0.743892 secs using 99.99% CPU
Estimate model parameters (epsilon = 0.100)
BETTER TREE FOUND at iteration 34: -4239.865
Optimizing NNI: done in 0.578458 secs using 100% CPU
Optimizing NNI: done in 0.766168 secs using 99.99% CPU
BETTER TREE FOUND at iteration 36: -4239.861
Optimizing NNI: done in 1.13621 secs using 100% CPU
Optimizing NNI: done in 0.867731 secs using 99.99% CPU
Optimizing NNI: done in 0.598816 secs using 91.31% CPU
Optimizing NNI: done in 0.892865 secs using 81.83% CPU
BETTER TREE FOUND at iteration 40: -4239.861
Iteration 40 / LogL: -4239.861 / Time: 0h:3m:2s (0h:7m:48s left)
Optimizing NNI: done in 0.464866 secs using 100% CPU
Optimizing NNI: done in 0.482837 secs using 100% CPU
Optimizing NNI: done in 0.366556 secs using 99.07% CPU
Optimizing NNI: done in 0.516442 secs using 99.99% CPU
Optimizing NNI: done in 0.456167 secs using 99.99% CPU
Estimate model parameters (epsilon = 0.100)
BETTER TREE FOUND at iteration 45: -4239.463
Optimizing NNI: done in 0.560044 secs using 99.28% CPU
Optimizing NNI: done in 0.504399 secs using 99.99% CPU
Optimizing NNI: done in 0.481854 secs using 100% CPU
Optimizing NNI: done in 0.367191 secs using 99.99% CPU
Optimizing NNI: done in 0.219593 secs using 99.99% CPU
Iteration 50 / LogL: -4241.782 / Time: 0h:3m:7s (0h:6m:2s left)
Log-likelihood cutoff on original alignment: -4272.615
Optimizing NNI: done in 0.329505 secs using 99.97% CPU
Optimizing NNI: done in 0.34419 secs using 100% CPU
Optimizing NNI: done in 0.4688 secs using 99.99% CPU
Optimizing NNI: done in 0.385694 secs using 100% CPU
Optimizing NNI: done in 0.395514 secs using 100% CPU
Optimizing NNI: done in 0.324012 secs using 100% CPU
Optimizing NNI: done in 0.475366 secs using 100% CPU
Optimizing NNI: done in 0.403636 secs using 100% CPU
Optimizing NNI: done in 0.321025 secs using 98.76% CPU
Optimizing NNI: done in 0.449404 secs using 100% CPU
BETTER TREE FOUND at iteration 60: -4239.463
Iteration 60 / LogL: -4239.463 / Time: 0h:3m:11s (0h:5m:24s left)
Optimizing NNI: done in 0.493252 secs using 99.19% CPU
Optimizing NNI: done in 0.540494 secs using 100% CPU
Optimizing NNI: done in 0.394587 secs using 99.99% CPU
Optimizing NNI: done in 0.490414 secs using 100% CPU
Optimizing NNI: done in 0.518005 secs using 99.99% CPU
Optimizing NNI: done in 0.527366 secs using 100% CPU
Optimizing NNI: done in 0.448202 secs using 100% CPU
Optimizing NNI: done in 1.001 secs using 56.38% CPU
Optimizing NNI: done in 0.449076 secs using 99.22% CPU
Optimizing NNI: done in 0.383084 secs using 99.98% CPU
Iteration 70 / LogL: -4241.498 / Time: 0h:3m:17s (0h:4m:17s left)
Optimizing NNI: done in 0.287319 secs using 100% CPU
Optimizing NNI: done in 0.316842 secs using 100% CPU
Optimizing NNI: done in 0.394072 secs using 99.99% CPU
Optimizing NNI: done in 0.516098 secs using 100% CPU
Optimizing NNI: done in 0.424474 secs using 100% CPU
Optimizing NNI: done in 0.499189 secs using 100% CPU
Optimizing NNI: done in 0.575273 secs using 99.99% CPU
Optimizing NNI: done in 0.437291 secs using 100% CPU
Optimizing NNI: done in 0.401697 secs using 100% CPU
Optimizing NNI: done in 0.511298 secs using 99.22% CPU
Iteration 80 / LogL: -4248.577 / Time: 0h:3m:21s (0h:3m:24s left)
Optimizing NNI: done in 0.515402 secs using 100% CPU
Optimizing NNI: done in 0.442848 secs using 100% CPU
Optimizing NNI: done in 0.458258 secs using 100% CPU
Optimizing NNI: done in 0.384042 secs using 100% CPU
Optimizing NNI: done in 0.380946 secs using 100% CPU
Optimizing NNI: done in 0.435985 secs using 100% CPU
Optimizing NNI: done in 0.360856 secs using 99.99% CPU
Optimizing NNI: done in 0.38747 secs using 100% CPU
Optimizing NNI: done in 0.202135 secs using 99.99% CPU
Optimizing NNI: done in 0.40632 secs using 100% CPU
Iteration 90 / LogL: -4239.464 / Time: 0h:3m:25s (0h:2m:41s left)
Optimizing NNI: done in 0.560259 secs using 100% CPU
Optimizing NNI: done in 0.411143 secs using 100% CPU
Optimizing NNI: done in 0.485213 secs using 99.99% CPU
Optimizing NNI: done in 0.42016 secs using 100% CPU
BETTER TREE FOUND at iteration 94: -4239.462
Optimizing NNI: done in 0.551724 secs using 99.99% CPU
Optimizing NNI: done in 0.580668 secs using 100% CPU
Optimizing NNI: done in 0.402187 secs using 100% CPU
Optimizing NNI: done in 0.48318 secs using 100% CPU
Optimizing NNI: done in 0.495143 secs using 100% CPU
Optimizing NNI: done in 0.336755 secs using 100% CPU
Iteration 100 / LogL: -4239.463 / Time: 0h:3m:30s (0h:3m:19s left)
Log-likelihood cutoff on original alignment: -4272.615
NOTE: Bootstrap correlation coefficient of split occurrence frequencies: 0.997
Optimizing NNI: done in 0.416694 secs using 99.99% CPU
Optimizing NNI: done in 0.504293 secs using 100% CPU
Optimizing NNI: done in 0.481882 secs using 100% CPU
Optimizing NNI: done in 0.406256 secs using 99.99% CPU
Optimizing NNI: done in 0.488375 secs using 100% CPU
Optimizing NNI: done in 0.392817 secs using 100% CPU
Optimizing NNI: done in 0.535803 secs using 100% CPU
Optimizing NNI: done in 0.451954 secs using 100% CPU
Optimizing NNI: done in 0.418813 secs using 100% CPU
Optimizing NNI: done in 0.349566 secs using 100% CPU
Iteration 110 / LogL: -4239.849 / Time: 0h:3m:35s (0h:2m:58s left)
Optimizing NNI: done in 0.429353 secs using 100% CPU
Optimizing NNI: done in 0.573192 secs using 99.99% CPU
Optimizing NNI: done in 0.515787 secs using 100% CPU
Optimizing NNI: done in 0.505151 secs using 100% CPU
Optimizing NNI: done in 0.366726 secs using 99.99% CPU
Optimizing NNI: done in 0.592259 secs using 100% CPU
Optimizing NNI: done in 0.449283 secs using 99.1% CPU
Optimizing NNI: done in 0.393843 secs using 100% CPU
Optimizing NNI: done in 0.557415 secs using 100% CPU
Optimizing NNI: done in 0.515464 secs using 100% CPU
Iteration 120 / LogL: -4239.464 / Time: 0h:3m:40s (0h:2m:28s left)
Optimizing NNI: done in 1.08289 secs using 67.34% CPU
Optimizing NNI: done in 0.600846 secs using 100% CPU
Optimizing NNI: done in 0.505209 secs using 99.32% CPU
Optimizing NNI: done in 0.548111 secs using 100% CPU
Optimizing NNI: done in 0.469267 secs using 100% CPU
Optimizing NNI: done in 0.405246 secs using 100% CPU
Optimizing NNI: done in 0.714142 secs using 100% CPU
Optimizing NNI: done in 0.148755 secs using 99.99% CPU
Optimizing NNI: done in 0.610998 secs using 100% CPU
Optimizing NNI: done in 0.503781 secs using 100% CPU
Iteration 130 / LogL: -4249.617 / Time: 0h:3m:46s (0h:2m:2s left)
Optimizing NNI: done in 0.409311 secs using 100% CPU
Optimizing NNI: done in 0.462165 secs using 99.99% CPU
Optimizing NNI: done in 0.451788 secs using 100% CPU
Optimizing NNI: done in 0.40537 secs using 100% CPU
Optimizing NNI: done in 0.524122 secs using 99.23% CPU
Optimizing NNI: done in 0.535893 secs using 84.39% CPU
Optimizing NNI: done in 0.927102 secs using 85.87% CPU
Optimizing NNI: done in 1.09806 secs using 100% CPU
Optimizing NNI: done in 0.948794 secs using 100% CPU
Optimizing NNI: done in 1.09758 secs using 100% CPU
Iteration 140 / LogL: -4239.463 / Time: 0h:3m:53s (0h:1m:40s left)
Optimizing NNI: done in 0.816395 secs using 100% CPU
Optimizing NNI: done in 1.05867 secs using 99.68% CPU
BETTER TREE FOUND at iteration 142: -4239.462
Optimizing NNI: done in 1.41053 secs using 60.75% CPU
Optimizing NNI: done in 0.98628 secs using 100% CPU
Optimizing NNI: done in 0.849787 secs using 100% CPU
Optimizing NNI: done in 0.925911 secs using 100% CPU
Optimizing NNI: done in 1.27548 secs using 71.88% CPU
Optimizing NNI: done in 1.0367 secs using 100% CPU
Optimizing NNI: done in 0.615039 secs using 100% CPU
Optimizing NNI: done in 0.991416 secs using 100% CPU
Iteration 150 / LogL: -4239.857 / Time: 0h:4m:3s (0h:2m:30s left)
Log-likelihood cutoff on original alignment: -4272.615
Optimizing NNI: done in 0.770811 secs using 100% CPU
Optimizing NNI: done in 0.904644 secs using 99.99% CPU
Optimizing NNI: done in 0.624047 secs using 99.99% CPU
Optimizing NNI: done in 1.01945 secs using 99.61% CPU
Optimizing NNI: done in 0.822212 secs using 99.99% CPU
Optimizing NNI: done in 0.828075 secs using 100% CPU
Optimizing NNI: done in 1.15231 secs using 100% CPU
Optimizing NNI: done in 0.914403 secs using 100% CPU
Optimizing NNI: done in 1.0017 secs using 100% CPU
BETTER TREE FOUND at iteration 159: -4239.462
Optimizing NNI: done in 0.719586 secs using 99.99% CPU
Iteration 160 / LogL: -4239.462 / Time: 0h:4m:13s (0h:2m:37s left)
Optimizing NNI: done in 1.14217 secs using 100% CPU
Optimizing NNI: done in 1.01955 secs using 99.61% CPU
Optimizing NNI: done in 0.984159 secs using 99.99% CPU
Optimizing NNI: done in 0.759691 secs using 100% CPU
Optimizing NNI: done in 0.758748 secs using 100% CPU
Optimizing NNI: done in 1.00989 secs using 100% CPU
Optimizing NNI: done in 0.92101 secs using 100% CPU
Optimizing NNI: done in 0.773418 secs using 100% CPU
Optimizing NNI: done in 0.815305 secs using 100% CPU
Optimizing NNI: done in 0.834988 secs using 100% CPU
Iteration 170 / LogL: -4240.755 / Time: 0h:4m:23s (0h:2m:18s left)
Optimizing NNI: done in 0.867945 secs using 100% CPU
Optimizing NNI: done in 0.851191 secs using 99.99% CPU
Optimizing NNI: done in 1.06722 secs using 100% CPU
Optimizing NNI: done in 0.711452 secs using 100% CPU
Optimizing NNI: done in 0.712668 secs using 100% CPU
Optimizing NNI: done in 0.897088 secs using 100% CPU
Optimizing NNI: done in 0.71761 secs using 100% CPU
Optimizing NNI: done in 1.07922 secs using 100% CPU
Optimizing NNI: done in 0.882582 secs using 100% CPU
Optimizing NNI: done in 0.950123 secs using 100% CPU
Iteration 180 / LogL: -4239.464 / Time: 0h:4m:32s (0h:2m:0s left)
Optimizing NNI: done in 0.857967 secs using 100% CPU
Optimizing NNI: done in 0.908574 secs using 99.56% CPU
Optimizing NNI: done in 1.15192 secs using 99.65% CPU
Optimizing NNI: done in 1.16276 secs using 79.19% CPU
Optimizing NNI: done in 0.713893 secs using 100% CPU
Optimizing NNI: done in 0.568783 secs using 100% CPU
Optimizing NNI: done in 0.900557 secs using 100% CPU
Optimizing NNI: done in 0.971447 secs using 100% CPU
Optimizing NNI: done in 0.791979 secs using 100% CPU
Optimizing NNI: done in 0.800621 secs using 100% CPU
Iteration 190 / LogL: -4240.248 / Time: 0h:4m:41s (0h:1m:42s left)
Optimizing NNI: done in 0.756621 secs using 100% CPU
Optimizing NNI: done in 0.750388 secs using 100% CPU
Optimizing NNI: done in 0.802563 secs using 100% CPU
Optimizing NNI: done in 0.86949 secs using 100% CPU
Optimizing NNI: done in 0.736825 secs using 99.47% CPU
Optimizing NNI: done in 1.03299 secs using 100% CPU
Optimizing NNI: done in 1.04826 secs using 100% CPU
Optimizing NNI: done in 0.683205 secs using 100% CPU
Optimizing NNI: done in 0.897095 secs using 100% CPU
Optimizing NNI: done in 1.12599 secs using 99.99% CPU
Iteration 200 / LogL: -4239.463 / Time: 0h:4m:50s (0h:1m:26s left)
Log-likelihood cutoff on original alignment: -4272.615
NOTE: Bootstrap correlation coefficient of split occurrence frequencies: 0.999
Optimizing NNI: done in 0.694652 secs using 99.42% CPU
Optimizing NNI: done in 0.695481 secs using 100% CPU
Optimizing NNI: done in 0.846107 secs using 99.99% CPU
Optimizing NNI: done in 1.11542 secs using 100% CPU
Optimizing NNI: done in 0.524768 secs using 100% CPU
Optimizing NNI: done in 0.932026 secs using 99.99% CPU
Optimizing NNI: done in 0.661487 secs using 100% CPU
Optimizing NNI: done in 0.860754 secs using 100% CPU
Optimizing NNI: done in 0.999549 secs using 100% CPU
Optimizing NNI: done in 0.431359 secs using 100% CPU
Iteration 210 / LogL: -4254.182 / Time: 0h:4m:59s (0h:2m:8s left)
Optimizing NNI: done in 1.1654 secs using 99.66% CPU
Optimizing NNI: done in 0.88223 secs using 99.64% CPU
Optimizing NNI: done in 1.10933 secs using 64.82% CPU
Optimizing NNI: done in 1.15349 secs using 75.69% CPU
Optimizing NNI: done in 0.691152 secs using 99.01% CPU
Optimizing NNI: done in 0.354205 secs using 99.59% CPU
Optimizing NNI: done in 1.34336 secs using 88.09% CPU
Optimizing NNI: done in 0.7361 secs using 86.99% CPU
Optimizing NNI: done in 0.912562 secs using 98.25% CPU
Optimizing NNI: done in 0.908197 secs using 100% CPU
Iteration 220 / LogL: -4263.360 / Time: 0h:5m:9s (0h:1m:52s left)
Optimizing NNI: done in 0.989784 secs using 98.38% CPU
Optimizing NNI: done in 0.837402 secs using 100% CPU
Optimizing NNI: done in 0.865612 secs using 100% CPU
Optimizing NNI: done in 0.823616 secs using 100% CPU
Optimizing NNI: done in 0.59129 secs using 100% CPU
Optimizing NNI: done in 0.535181 secs using 100% CPU
Optimizing NNI: done in 1.08444 secs using 99.63% CPU
Optimizing NNI: done in 1.0106 secs using 100% CPU
Optimizing NNI: done in 1.12158 secs using 72.01% CPU
Optimizing NNI: done in 0.70063 secs using 100% CPU
Iteration 230 / LogL: -4239.797 / Time: 0h:5m:18s (0h:1m:37s left)
Optimizing NNI: done in 1.14633 secs using 100% CPU
Optimizing NNI: done in 0.631045 secs using 100% CPU
Optimizing NNI: done in 0.65937 secs using 100% CPU
Optimizing NNI: done in 0.497348 secs using 100% CPU
Optimizing NNI: done in 0.739508 secs using 100% CPU
Optimizing NNI: done in 0.648419 secs using 99.98% CPU
Optimizing NNI: done in 0.886535 secs using 100% CPU
Optimizing NNI: done in 0.742712 secs using 100% CPU
Optimizing NNI: done in 0.84948 secs using 99.98% CPU
Optimizing NNI: done in 1.0325 secs using 100% CPU
Iteration 240 / LogL: -4239.463 / Time: 0h:5m:26s (0h:1m:21s left)
Optimizing NNI: done in 0.917745 secs using 100% CPU
Optimizing NNI: done in 0.902196 secs using 100% CPU
Optimizing NNI: done in 0.481281 secs using 100% CPU
Optimizing NNI: done in 1.50314 secs using 68.37% CPU
Optimizing NNI: done in 1.54735 secs using 64.26% CPU
Optimizing NNI: done in 0.836278 secs using 75.43% CPU
Optimizing NNI: done in 2.04092 secs using 53.36% CPU
Optimizing NNI: done in 1.2968 secs using 78.55% CPU
Optimizing NNI: done in 1.35196 secs using 65.76% CPU
Optimizing NNI: done in 1.23531 secs using 69.2% CPU
Iteration 250 / LogL: -4240.015 / Time: 0h:5m:39s (0h:1m:8s left)
Log-likelihood cutoff on original alignment: -4272.400
Optimizing NNI: done in 0.826198 secs using 99.78% CPU
Optimizing NNI: done in 0.884173 secs using 99.35% CPU
Optimizing NNI: done in 0.971732 secs using 99.8% CPU
Optimizing NNI: done in 0.993724 secs using 99.79% CPU
Optimizing NNI: done in 1.38413 secs using 72.08% CPU
Optimizing NNI: done in 1.1557 secs using 66.86% CPU
Optimizing NNI: done in 0.817851 secs using 99.94% CPU
Optimizing NNI: done in 1.05264 secs using 80.52% CPU
Optimizing NNI: done in 1.06744 secs using 78.97% CPU
Optimizing NNI: done in 0.809878 secs using 100% CPU
Iteration 260 / LogL: -4240.401 / Time: 0h:5m:50s (0h:0m:54s left)
TREE SEARCH COMPLETED AFTER 260 ITERATIONS / Time: 0h:5m:50s

--------------------------------------------------------------------
|                    FINALIZING TREE SEARCH                        |
--------------------------------------------------------------------
Performs final model parameters optimization
Estimate model parameters (epsilon = 0.010)
1. Initial log-likelihood: -4239.462
2. Current log-likelihood: -4239.437
3. Current log-likelihood: -4239.416
4. Current log-likelihood: -4239.395
5. Current log-likelihood: -4239.375
6. Current log-likelihood: -4239.357
7. Current log-likelihood: -4239.339
8. Current log-likelihood: -4239.322
9. Current log-likelihood: -4239.305
10. Current log-likelihood: -4239.288
11. Current log-likelihood: -4239.271
12. Current log-likelihood: -4239.254
13. Current log-likelihood: -4239.237
14. Current log-likelihood: -4239.220
15. Current log-likelihood: -4239.202
16. Current log-likelihood: -4239.183
17. Current log-likelihood: -4239.164
18. Current log-likelihood: -4239.145
19. Current log-likelihood: -4239.126
20. Current log-likelihood: -4239.107
21. Current log-likelihood: -4239.087
22. Current log-likelihood: -4239.067
23. Current log-likelihood: -4239.047
24. Current log-likelihood: -4239.026
25. Current log-likelihood: -4239.006
26. Current log-likelihood: -4238.986
27. Current log-likelihood: -4238.965
28. Current log-likelihood: -4238.944
29. Current log-likelihood: -4238.924
30. Current log-likelihood: -4238.904
31. Current log-likelihood: -4238.883
32. Current log-likelihood: -4238.863
33. Current log-likelihood: -4238.843
34. Current log-likelihood: -4238.823
35. Current log-likelihood: -4238.803
36. Current log-likelihood: -4238.783
37. Current log-likelihood: -4238.764
38. Current log-likelihood: -4238.745
39. Current log-likelihood: -4238.726
40. Current log-likelihood: -4238.708
41. Current log-likelihood: -4238.690
42. Current log-likelihood: -4238.672
43. Current log-likelihood: -4238.655
44. Current log-likelihood: -4238.639
45. Current log-likelihood: -4238.622
46. Current log-likelihood: -4238.606
47. Current log-likelihood: -4238.591
48. Current log-likelihood: -4238.576
49. Current log-likelihood: -4238.561
50. Current log-likelihood: -4238.547
51. Current log-likelihood: -4238.534
52. Current log-likelihood: -4238.521
53. Current log-likelihood: -4238.508
54. Current log-likelihood: -4238.496
55. Current log-likelihood: -4238.484
56. Current log-likelihood: -4238.473
57. Current log-likelihood: -4238.462
58. Current log-likelihood: -4238.451
59. Current log-likelihood: -4238.441
Optimal log-likelihood: -4238.429
Rate parameters:  A-C: 1.15813  A-G: 5.30543  A-T: 1.43952  C-G: 1.09682  C-T: 4.92887  G-T: 1.00000
Base frequencies:  A: 0.272  C: 0.248  G: 0.203  T: 0.277
Site proportion and rates:  (0.509,0.108) (0.228,0.914) (0.214,2.361) (0.050,4.692)
Parameters optimization took 59 rounds (10.997 sec)
BEST SCORE FOUND : -4238.429
Creating bootstrap support values...
Split supports printed to NEXUS file 1G79150_iqtree_final_superstrict_excluding_hybrids.splits.nex
Total tree length: 2.403

Total number of iterations: 260
CPU time used for tree search: 197.493 sec (0h:3m:17s)
Wall-clock time used for tree search: 206.496 sec (0h:3m:26s)
Total CPU time used: 360.970 sec (0h:6m:0s)
Total wall-clock time used: 362.100 sec (0h:6m:2s)

Computing bootstrap consensus tree...
Reading input file 1G79150_iqtree_final_superstrict_excluding_hybrids.splits.nex...
122 taxa and 1145 splits.
Consensus tree written to 1G79150_iqtree_final_superstrict_excluding_hybrids.contree
Reading input trees file 1G79150_iqtree_final_superstrict_excluding_hybrids.contree
Log-likelihood of consensus tree: -4238.692

Analysis results written to: 
  IQ-TREE report:                1G79150_iqtree_final_superstrict_excluding_hybrids.iqtree
  Maximum-likelihood tree:       1G79150_iqtree_final_superstrict_excluding_hybrids.treefile
  Likelihood distances:          1G79150_iqtree_final_superstrict_excluding_hybrids.mldist

Ultrafast bootstrap approximation results written to:
  Split support values:          1G79150_iqtree_final_superstrict_excluding_hybrids.splits.nex
  Consensus tree:                1G79150_iqtree_final_superstrict_excluding_hybrids.contree
  Screen log file:               1G79150_iqtree_final_superstrict_excluding_hybrids.log

ALISIM COMMAND
--------------
--alisim simulated_MSA -t 1G79150_iqtree_final_superstrict_excluding_hybrids.treefile -m "GTR{1.15813,5.30543,1.43952,1.09682,4.92887}+F{0.271632,0.24797,0.202955,0.277443}+R4{0.509046,0.107848,0.227719,0.913882,0.213642,2.3606,0.0495926,4.69161}" --length 306

Date and Time: Fri Jun  2 09:23:02 2023
