IQ-TREE multicore version 2.2.2 COVID-edition for Linux 64-bit built Sep 20 2022
Developed by Bui Quang Minh, James Barbetti, Nguyen Lam Tung,
Olga Chernomor, Heiko Schmidt, Dominik Schrempf, Michael Woodhams, Ly Trong Nhan.

Host:    netdc-bms-c11f (AVX2, FMA3, 377 GB RAM)
Command: /home/kasper.hendriks/iqtree-2.2.2-Linux/bin/iqtree2 -s 2G04270_taper_final_superstrict_excluding_hybrids.fasta -B 1000 -nm 1000 -m GTR+F+R -nt AUTO --prefix 2G04270_iqtree_final_superstrict_excluding_hybrids
Seed:    503024 (Using SPRNG - Scalable Parallel Random Number Generator)
Time:    Fri Jun  2 09:16:58 2023
Kernel:  AVX+FMA - auto-detect threads (56 CPU cores detected)

Reading alignment file 2G04270_taper_final_superstrict_excluding_hybrids.fasta ... Fasta format detected
Reading fasta file: done in 0.0300512 secs using 12.12% CPU
Alignment most likely contains DNA/RNA sequences
Constructing alignment: done in 0.052357 secs using 520.4% CPU
Alignment has 134 sequences with 1161 columns, 834 distinct patterns
587 parsimony-informative, 169 singleton sites, 405 constant sites
             Gap/Ambiguity  Composition  p-value
Analyzing sequences: done in 0.008008 secs using 428.8% CPU
   1  S0055          0.09%    passed     97.75%
   2  S0196sl        2.58%    passed     97.60%
   3  S0278          8.87%    passed     97.80%
   4  S0281          1.81%    passed     94.51%
   5  S0282          0.00%    passed     98.63%
   6  S0288          2.76%    passed     93.77%
   7  S0289          1.12%    passed     98.69%
   8  S0292          0.34%    passed     80.53%
   9  S0293          4.22%    passed     89.10%
  10  S0294          0.52%    passed     98.34%
  11  S0299          6.20%    passed     90.99%
  12  S0303          0.09%    passed     97.76%
  13  S0308          0.17%    passed     98.77%
  14  S0320          0.43%    passed     97.08%
  15  S0322          0.00%    passed     99.48%
  16  S0327          0.00%    passed     97.24%
  17  S0335          0.00%    passed     90.21%
  18  S0345          5.68%    passed     87.48%
  19  S0355          0.00%    passed     98.35%
  20  S0376          4.13%    passed     79.73%
  21  S0400          0.00%    passed     98.64%
  22  S0405          0.17%    passed     97.87%
  23  S0407sl        0.26%    passed     98.23%
  24  S0412sl        7.32%    passed     69.05%
  25  S0417          1.46%    passed     96.70%
  26  S0419          0.00%    passed     92.34%
  27  S0427          0.00%    passed     99.79%
  28  S0430          1.03%    passed     94.70%
  29  S0478          0.00%    passed     99.99%
  30  S0552sl        1.46%    passed     95.12%
  31  S0558          0.00%    passed     99.14%
  32  S0616          1.64%    passed     97.19%
  33  S0620          2.15%    passed     94.67%
  34  S0624          1.03%    passed     97.82%
  35  S0641          0.26%    passed     99.91%
  36  S0643          0.17%    passed     94.59%
  37  S0645sl        1.12%    passed     92.43%
  38  S0656sl        1.72%    passed     88.48%
  39  S0673          0.52%    passed     87.99%
  40  S0689          0.86%    passed     96.82%
  41  S0690          0.43%    passed     94.69%
  42  S0720          0.09%    passed     97.59%
  43  S0724sl        0.09%    passed     95.90%
  44  S0735          0.26%    passed     77.63%
  45  S0742          0.00%    passed     99.99%
  46  S0748          0.17%    passed     96.47%
  47  S0753          1.12%    passed     98.40%
  48  S0756          0.00%    passed     98.37%
  49  S0758          6.80%    passed     91.98%
  50  S0760          0.09%    passed     98.91%
  51  S0763          0.00%    passed     99.36%
  52  S0765          0.00%    passed     98.10%
  53  S0770          0.34%    passed     98.91%
  54  S0771          0.26%    passed     92.47%
  55  S0795          0.34%    passed     97.81%
  56  S0827          0.09%    passed     97.85%
  57  S0888          0.78%    passed     75.77%
  58  S0894          0.69%    passed     95.47%
  59  S0899          2.58%    passed     93.34%
  60  S0906          1.29%    passed     96.82%
  61  S0951          6.29%    passed     74.91%
  62  S0952          0.52%    passed     95.34%
  63  S0956          1.03%    passed     99.60%
  64  S0959          0.00%    passed     81.27%
  65  S0960          3.45%    passed     88.26%
  66  S0964          1.38%    passed     88.40%
  67  S1052sl        9.99%    passed     74.94%
  68  S1083          0.09%    passed     97.56%
  69  S1100          0.34%    passed     87.89%
  70  S1102          6.80%    passed     96.77%
  71  S1110          0.26%    passed     91.38%
  72  S1120          1.89%    passed     94.85%
  73  S1128          0.60%    passed     89.70%
  74  S1129sl        0.26%    passed     85.52%
  75  S1148          0.52%    passed     75.40%
  76  S1177          0.00%    passed     97.86%
  77  S1180          0.34%    passed     62.69%
  78  S1187sl       18.43%    passed     99.03%
  79  S1189          0.09%    passed     63.26%
  80  S1201sl        0.00%    passed     94.34%
  81  S1210          0.00%    passed     94.64%
  82  S1211          0.00%    passed     98.64%
  83  S1214sl        0.00%    passed     96.38%
  84  S1223          2.07%    passed     65.59%
  85  S1227          0.00%    passed     99.22%
  86  S1235sl        0.86%    passed     98.45%
  87  S1238sl        1.55%    passed     99.09%
  88  S1239          0.26%    passed     98.52%
  89  S1245          0.69%    passed     94.22%
  90  S1246          0.69%    passed     97.66%
  91  S1249          0.52%    passed     97.49%
  92  S1250sl        0.17%    passed     97.90%
  93  S1251         10.77%    passed     98.55%
  94  S1260          3.70%    passed     82.13%
  95  S1266sl        0.17%    passed     92.09%
  96  S1269          0.00%    passed     94.98%
  97  S1278          0.00%    passed     92.68%
  98  S1315          0.69%    passed     83.84%
  99  S1332          0.00%    passed     84.53%
 100  S1366          5.00%    passed     83.41%
 101  S1369          0.00%    passed     98.79%
 102  S1370          0.86%    passed     97.41%
 103  S1375          0.09%    passed     99.96%
 104  S1376          2.58%    passed     86.34%
 105  S1381          1.81%    passed     97.16%
 106  S1405          0.52%    passed     97.22%
 107  S1422          1.12%    passed     77.81%
 108  S1449          0.34%    passed     92.87%
 109  S1451          1.81%    passed     87.34%
 110  S1460          1.12%    passed     97.93%
 111  S1462          0.00%    passed     97.39%
 112  S1475          0.26%    passed     99.40%
 113  S1498          0.09%    passed     98.08%
 114  S1539          0.60%    passed     95.76%
 115  S_670          0.26%    passed     99.66%
 116  SRR11470320    0.00%    passed     94.99%
 117  SRR8528336     3.19%    passed     92.48%
 118  SRR8528341     0.95%    passed     99.74%
 119  SRR8528343     0.09%    passed     94.57%
 120  SRR8528347     0.78%    passed     99.13%
 121  SRR8528350     0.00%    passed     92.71%
 122  SRR8528354     0.78%    passed     97.53%
 123  SRR8528357     0.26%    passed     98.57%
 124  SRR8528359     0.00%    passed     99.76%
 125  SRR8528361     0.00%    passed     86.53%
 126  SRR8528365     0.00%    passed     87.31%
 127  SRR8528370     2.84%    passed     85.90%
 128  SRR8528372     0.69%    passed     96.17%
 129  SRR8528379     0.17%    passed     95.30%
 130  SRR8528381     3.88%    passed     96.91%
 131  SRR8528384     0.34%    passed     90.60%
 132  SRR8528389     1.12%    passed     95.70%
 133  SRR8528391     0.09%    passed     96.86%
 134  SRR8528400     0.17%    passed     98.98%
****  TOTAL          1.36%  0 sequences failed composition chi2 test (p-value<5%; df=3)
Checking for duplicate sequences: done in 0.00147295 secs using 524.7% CPU

Create initial parsimony tree by phylogenetic likelihood library (PLL)... 0.272 seconds
Generating 1000 samples for ultrafast bootstrap (seed: 503024)...

NOTE: 17 MB RAM (0 GB) is required!
Measuring multi-threading efficiency up to 56 CPU cores
Increase to 10 rounds for branch lengths
128 trees examined
Threads: 1 / Time: 56.038 sec / Speedup: 1.000 / Efficiency: 100% / LogL: -34692
Threads: 2 / Time: 60.095 sec / Speedup: 0.932 / Efficiency: 47% / LogL: -34692
Determining AUTO threadcount: done in 116.135 secs using 112.1% CPU
BEST NUMBER OF THREADS: 1

Estimate model parameters (epsilon = 0.100)
1. Initial log-likelihood: -19486.497
2. Current log-likelihood: -18993.560
3. Current log-likelihood: -18988.243
4. Current log-likelihood: -18984.667
5. Current log-likelihood: -18981.665
6. Current log-likelihood: -18979.360
7. Current log-likelihood: -18977.727
8. Current log-likelihood: -18976.542
9. Current log-likelihood: -18975.696
10. Current log-likelihood: -18975.097
11. Current log-likelihood: -18974.673
12. Current log-likelihood: -18974.367
13. Current log-likelihood: -18974.138
14. Current log-likelihood: -18973.961
15. Current log-likelihood: -18973.816
16. Current log-likelihood: -18973.695
17. Current log-likelihood: -18973.589
Optimal log-likelihood: -18973.457
Rate parameters:  A-C: 0.95937  A-G: 2.75115  A-T: 1.02617  C-G: 1.17543  C-T: 3.55129  G-T: 1.00000
Base frequencies:  A: 0.300  C: 0.190  G: 0.235  T: 0.274
Site proportion and rates:  (0.429,0.128) (0.048,0.297) (0.421,1.399) (0.102,3.360)
Parameters optimization took 17 rounds (10.385 sec)
Wrote distance file to... 
Computing ML distances based on estimated model parameters...
Calculating distance matrix: done in 0.230048 secs using 86.06% CPU
Computing ML distances took 0.231046 sec (of wall-clock time) 0.198979 sec (of CPU time)
Setting up auxiliary I and S matrices: done in 0.0012219 secs using 238.3% CPU
Constructing RapidNJ tree: done in 0.00246692 secs using 98.26% CPU
Computing RapidNJ tree took 0.003824 sec (of wall-clock time) 0.005468 sec (of CPU time)
Log-likelihood of RapidNJ tree: -19047.349
--------------------------------------------------------------------
|             INITIALIZING CANDIDATE TREE SET                      |
--------------------------------------------------------------------
Generating 98 parsimony trees... 5.027 second
Computing log-likelihood of 98 initial trees ... 5.773 seconds
Current best score: -18957.472

Do NNI search on 20 best initial trees
Optimizing NNI: done in 1.24808 secs using 77.89% CPU
Estimate model parameters (epsilon = 0.100)
BETTER TREE FOUND at iteration 1: -18952.626
Optimizing NNI: done in 1.52539 secs using 69.75% CPU
Optimizing NNI: done in 1.47623 secs using 81.57% CPU
Estimate model parameters (epsilon = 0.100)
BETTER TREE FOUND at iteration 3: -18952.522
Optimizing NNI: done in 1.1352 secs using 97.88% CPU
Optimizing NNI: done in 1.13406 secs using 99.99% CPU
Estimate model parameters (epsilon = 0.100)
BETTER TREE FOUND at iteration 5: -18952.153
Optimizing NNI: done in 1.3666 secs using 100% CPU
Optimizing NNI: done in 1.42368 secs using 100% CPU
Estimate model parameters (epsilon = 0.100)
BETTER TREE FOUND at iteration 7: -18949.861
Optimizing NNI: done in 1.11898 secs using 100% CPU
Optimizing NNI: done in 1.03482 secs using 99.99% CPU
Optimizing NNI: done in 1.22292 secs using 100% CPU
Iteration 10 / LogL: -18956.857 / Time: 0h:2m:34s
Optimizing NNI: done in 1.19557 secs using 99.99% CPU
Optimizing NNI: done in 1.24042 secs using 100% CPU
Optimizing NNI: done in 1.16413 secs using 99.99% CPU
Optimizing NNI: done in 1.21797 secs using 99.99% CPU
Optimizing NNI: done in 1.39988 secs using 100% CPU
Optimizing NNI: done in 1.16979 secs using 99.66% CPU
Optimizing NNI: done in 1.19445 secs using 99.99% CPU
Optimizing NNI: done in 1.27534 secs using 100% CPU
Optimizing NNI: done in 1.23581 secs using 100% CPU
Optimizing NNI: done in 1.14773 secs using 100% CPU
Iteration 20 / LogL: -18956.278 / Time: 0h:2m:46s
Finish initializing candidate tree set (19)
Current best tree score: -18949.861 / CPU time: 39.149
Number of iterations: 20
--------------------------------------------------------------------
|               OPTIMIZING CANDIDATE TREE SET                      |
--------------------------------------------------------------------
Optimizing NNI: done in 1.47725 secs using 100% CPU
Optimizing NNI: done in 1.21885 secs using 99.97% CPU
BETTER TREE FOUND at iteration 22: -18949.860
Optimizing NNI: done in 1.24248 secs using 100% CPU
Optimizing NNI: done in 1.40234 secs using 100% CPU
BETTER TREE FOUND at iteration 24: -18949.859
Optimizing NNI: done in 1.30573 secs using 99.99% CPU
Optimizing NNI: done in 1.57495 secs using 100% CPU
Optimizing NNI: done in 1.23766 secs using 100% CPU
Optimizing NNI: done in 1.34488 secs using 100% CPU
Optimizing NNI: done in 1.13341 secs using 99.99% CPU
Optimizing NNI: done in 1.34328 secs using 100% CPU
Iteration 30 / LogL: -18956.157 / Time: 0h:3m:0s (0h:9m:42s left)
Optimizing NNI: done in 1.40456 secs using 100% CPU
Optimizing NNI: done in 0.842968 secs using 100% CPU
Optimizing NNI: done in 0.902715 secs using 99.99% CPU
Optimizing NNI: done in 1.2796 secs using 100% CPU
Optimizing NNI: done in 1.14522 secs using 100% CPU
Optimizing NNI: done in 1.34276 secs using 100% CPU
Optimizing NNI: done in 1.14479 secs using 99.99% CPU
Optimizing NNI: done in 1.34199 secs using 100% CPU
Optimizing NNI: done in 1.07802 secs using 99.63% CPU
Optimizing NNI: done in 1.32155 secs using 100% CPU
Iteration 40 / LogL: -18950.702 / Time: 0h:3m:12s (0h:6m:53s left)
Optimizing NNI: done in 1.0828 secs using 100% CPU
Optimizing NNI: done in 1.09324 secs using 100% CPU
Optimizing NNI: done in 1.46315 secs using 100% CPU
Optimizing NNI: done in 1.15607 secs using 99.99% CPU
Optimizing NNI: done in 1.0309 secs using 99.61% CPU
Optimizing NNI: done in 1.34098 secs using 100% CPU
Optimizing NNI: done in 1.29798 secs using 100% CPU
Optimizing NNI: done in 1.061 secs using 99.62% CPU
Optimizing NNI: done in 0.880166 secs using 100% CPU
Optimizing NNI: done in 1.33284 secs using 100% CPU
Iteration 50 / LogL: -18956.259 / Time: 0h:3m:24s (0h:5m:7s left)
Log-likelihood cutoff on original alignment: -18987.899
Optimizing NNI: done in 1.21808 secs using 100% CPU
Optimizing NNI: done in 1.2359 secs using 99.67% CPU
Optimizing NNI: done in 1.28075 secs using 100% CPU
Optimizing NNI: done in 1.03638 secs using 99.61% CPU
Optimizing NNI: done in 1.09436 secs using 100% CPU
Optimizing NNI: done in 1.13625 secs using 100% CPU
Optimizing NNI: done in 1.27539 secs using 100% CPU
Optimizing NNI: done in 1.21651 secs using 99.97% CPU
Optimizing NNI: done in 1.21178 secs using 100% CPU
Optimizing NNI: done in 1.17499 secs using 100% CPU
Iteration 60 / LogL: -18958.353 / Time: 0h:3m:37s (0h:3m:55s left)
Optimizing NNI: done in 1.17801 secs using 100% CPU
Optimizing NNI: done in 0.836688 secs using 99.99% CPU
Optimizing NNI: done in 1.53198 secs using 100% CPU
Optimizing NNI: done in 1.04368 secs using 99.99% CPU
Optimizing NNI: done in 0.812223 secs using 99.99% CPU
Optimizing NNI: done in 1.29711 secs using 90.64% CPU
Optimizing NNI: done in 1.47121 secs using 100% CPU
Optimizing NNI: done in 1.31711 secs using 100% CPU
Optimizing NNI: done in 1.34809 secs using 100% CPU
Optimizing NNI: done in 1.30118 secs using 100% CPU
Iteration 70 / LogL: -18953.040 / Time: 0h:3m:49s (0h:2m:59s left)
Optimizing NNI: done in 1.17884 secs using 99.99% CPU
Optimizing NNI: done in 1.43739 secs using 100% CPU
Optimizing NNI: done in 1.27876 secs using 100% CPU
Optimizing NNI: done in 1.48295 secs using 100% CPU
Optimizing NNI: done in 1.26166 secs using 100% CPU
Optimizing NNI: done in 1.42501 secs using 99.99% CPU
Optimizing NNI: done in 1.41723 secs using 95.48% CPU
Optimizing NNI: done in 1.44116 secs using 100% CPU
Optimizing NNI: done in 1.28891 secs using 100% CPU
Optimizing NNI: done in 1.26456 secs using 100% CPU
Iteration 80 / LogL: -18955.541 / Time: 0h:4m:3s (0h:2m:15s left)
Optimizing NNI: done in 1.43765 secs using 100% CPU
Optimizing NNI: done in 1.39311 secs using 100% CPU
Optimizing NNI: done in 1.28922 secs using 100% CPU
Optimizing NNI: done in 1.54286 secs using 99.99% CPU
Optimizing NNI: done in 1.44618 secs using 100% CPU
Optimizing NNI: done in 1.34369 secs using 100% CPU
Optimizing NNI: done in 1.248 secs using 100% CPU
Optimizing NNI: done in 1.24287 secs using 100% CPU
Optimizing NNI: done in 1.19517 secs using 100% CPU
Optimizing NNI: done in 1.02593 secs using 100% CPU
Iteration 90 / LogL: -19030.138 / Time: 0h:4m:16s (0h:1m:37s left)
Optimizing NNI: done in 1.33052 secs using 99.1% CPU
Optimizing NNI: done in 1.21428 secs using 100% CPU
Optimizing NNI: done in 1.25704 secs using 99.68% CPU
Optimizing NNI: done in 1.48492 secs using 100% CPU
Optimizing NNI: done in 1.6055 secs using 100% CPU
Optimizing NNI: done in 1.40649 secs using 100% CPU
Optimizing NNI: done in 1.18297 secs using 100% CPU
Optimizing NNI: done in 1.13881 secs using 100% CPU
Optimizing NNI: done in 1.46365 secs using 100% CPU
Optimizing NNI: done in 1.36049 secs using 100% CPU
Iteration 100 / LogL: -18949.961 / Time: 0h:4m:30s (0h:1m:5s left)
Log-likelihood cutoff on original alignment: -18988.102
NOTE: Bootstrap correlation coefficient of split occurrence frequencies: 0.999
Optimizing NNI: done in 1.41311 secs using 100% CPU
Optimizing NNI: done in 1.33372 secs using 100% CPU
Optimizing NNI: done in 1.59612 secs using 100% CPU
Optimizing NNI: done in 1.28973 secs using 99.99% CPU
Optimizing NNI: done in 1.34073 secs using 100% CPU
Optimizing NNI: done in 1.28046 secs using 100% CPU
Optimizing NNI: done in 1.43227 secs using 100% CPU
Optimizing NNI: done in 1.38783 secs using 100% CPU
Optimizing NNI: done in 1.41633 secs using 100% CPU
Optimizing NNI: done in 1.8821 secs using 100% CPU
Iteration 110 / LogL: -18955.189 / Time: 0h:4m:46s (0h:3m:55s left)
Optimizing NNI: done in 1.49301 secs using 100% CPU
Optimizing NNI: done in 1.01478 secs using 100% CPU
Optimizing NNI: done in 1.2907 secs using 100% CPU
Optimizing NNI: done in 1.73375 secs using 100% CPU
Optimizing NNI: done in 1.0913 secs using 100% CPU
Optimizing NNI: done in 1.49987 secs using 100% CPU
Optimizing NNI: done in 1.19226 secs using 100% CPU
Optimizing NNI: done in 1.3632 secs using 100% CPU
Optimizing NNI: done in 1.31975 secs using 100% CPU
Optimizing NNI: done in 1.64166 secs using 86.13% CPU
Iteration 120 / LogL: -18958.636 / Time: 0h:5m:0s (0h:3m:21s left)
Optimizing NNI: done in 1.46023 secs using 99.74% CPU
Optimizing NNI: done in 1.15393 secs using 100% CPU
Optimizing NNI: done in 1.42436 secs using 99.98% CPU
Optimizing NNI: done in 1.33389 secs using 99.41% CPU
Optimizing NNI: done in 1.32624 secs using 100% CPU
TREE SEARCH COMPLETED AFTER 125 ITERATIONS / Time: 0h:5m:7s

--------------------------------------------------------------------
|                    FINALIZING TREE SEARCH                        |
--------------------------------------------------------------------
Performs final model parameters optimization
Estimate model parameters (epsilon = 0.010)
1. Initial log-likelihood: -18949.859
2. Current log-likelihood: -18949.810
3. Current log-likelihood: -18949.751
4. Current log-likelihood: -18949.695
5. Current log-likelihood: -18949.639
6. Current log-likelihood: -18949.586
7. Current log-likelihood: -18949.534
8. Current log-likelihood: -18949.481
9. Current log-likelihood: -18949.428
10. Current log-likelihood: -18949.375
11. Current log-likelihood: -18949.331
12. Current log-likelihood: -18949.288
13. Current log-likelihood: -18949.245
14. Current log-likelihood: -18949.206
15. Current log-likelihood: -18949.168
16. Current log-likelihood: -18949.133
17. Current log-likelihood: -18949.101
18. Current log-likelihood: -18949.072
19. Current log-likelihood: -18949.045
20. Current log-likelihood: -18949.020
21. Current log-likelihood: -18948.997
22. Current log-likelihood: -18948.974
23. Current log-likelihood: -18948.953
24. Current log-likelihood: -18948.932
25. Current log-likelihood: -18948.912
26. Current log-likelihood: -18948.892
27. Current log-likelihood: -18948.873
28. Current log-likelihood: -18948.853
29. Current log-likelihood: -18948.833
30. Current log-likelihood: -18948.814
31. Current log-likelihood: -18948.793
32. Current log-likelihood: -18948.772
33. Current log-likelihood: -18948.751
34. Current log-likelihood: -18948.730
35. Current log-likelihood: -18948.709
36. Current log-likelihood: -18948.687
37. Current log-likelihood: -18948.665
38. Current log-likelihood: -18948.643
39. Current log-likelihood: -18948.621
40. Current log-likelihood: -18948.598
41. Current log-likelihood: -18948.575
42. Current log-likelihood: -18948.551
43. Current log-likelihood: -18948.527
44. Current log-likelihood: -18948.503
45. Current log-likelihood: -18948.478
46. Current log-likelihood: -18948.454
47. Current log-likelihood: -18948.428
48. Current log-likelihood: -18948.403
49. Current log-likelihood: -18948.378
50. Current log-likelihood: -18948.352
51. Current log-likelihood: -18948.326
52. Current log-likelihood: -18948.300
53. Current log-likelihood: -18948.274
54. Current log-likelihood: -18948.248
55. Current log-likelihood: -18948.222
56. Current log-likelihood: -18948.195
57. Current log-likelihood: -18948.168
58. Current log-likelihood: -18948.141
59. Current log-likelihood: -18948.114
60. Current log-likelihood: -18948.086
61. Current log-likelihood: -18948.059
62. Current log-likelihood: -18948.031
63. Current log-likelihood: -18948.003
64. Current log-likelihood: -18947.975
65. Current log-likelihood: -18947.946
66. Current log-likelihood: -18947.916
67. Current log-likelihood: -18947.887
68. Current log-likelihood: -18947.858
69. Current log-likelihood: -18947.829
70. Current log-likelihood: -18947.800
71. Current log-likelihood: -18947.771
72. Current log-likelihood: -18947.742
73. Current log-likelihood: -18947.713
74. Current log-likelihood: -18947.685
75. Current log-likelihood: -18947.656
76. Current log-likelihood: -18947.627
77. Current log-likelihood: -18947.599
78. Current log-likelihood: -18947.570
79. Current log-likelihood: -18947.542
80. Current log-likelihood: -18947.514
81. Current log-likelihood: -18947.486
82. Current log-likelihood: -18947.458
83. Current log-likelihood: -18947.430
84. Current log-likelihood: -18947.403
85. Current log-likelihood: -18947.376
86. Current log-likelihood: -18947.348
87. Current log-likelihood: -18947.321
88. Current log-likelihood: -18947.295
89. Current log-likelihood: -18947.269
90. Current log-likelihood: -18947.242
91. Current log-likelihood: -18947.216
92. Current log-likelihood: -18947.190
93. Current log-likelihood: -18947.164
94. Current log-likelihood: -18947.138
95. Current log-likelihood: -18947.113
96. Current log-likelihood: -18947.088
97. Current log-likelihood: -18947.063
98. Current log-likelihood: -18947.038
99. Current log-likelihood: -18947.013
Optimal log-likelihood: -18947.013
Rate parameters:  A-C: 0.96791  A-G: 2.76776  A-T: 1.01883  C-G: 1.17954  C-T: 3.59799  G-T: 1.00000
Base frequencies:  A: 0.300  C: 0.190  G: 0.235  T: 0.274
Site proportion and rates:  (0.416,0.100) (0.177,0.782) (0.335,1.657) (0.072,3.678)
Parameters optimization took 99 rounds (51.778 sec)
BEST SCORE FOUND : -18947.013
Creating bootstrap support values...
Split supports printed to NEXUS file 2G04270_iqtree_final_superstrict_excluding_hybrids.splits.nex
Total tree length: 2.757

Total number of iterations: 125
CPU time used for tree search: 175.065 sec (0h:2m:55s)
Wall-clock time used for tree search: 179.535 sec (0h:2m:59s)
Total CPU time used: 367.386 sec (0h:6m:7s)
Total wall-clock time used: 359.655 sec (0h:5m:59s)

Computing bootstrap consensus tree...
Reading input file 2G04270_iqtree_final_superstrict_excluding_hybrids.splits.nex...
134 taxa and 624 splits.
Consensus tree written to 2G04270_iqtree_final_superstrict_excluding_hybrids.contree
Reading input trees file 2G04270_iqtree_final_superstrict_excluding_hybrids.contree
Log-likelihood of consensus tree: -18947.024

Analysis results written to: 
  IQ-TREE report:                2G04270_iqtree_final_superstrict_excluding_hybrids.iqtree
  Maximum-likelihood tree:       2G04270_iqtree_final_superstrict_excluding_hybrids.treefile
  Likelihood distances:          2G04270_iqtree_final_superstrict_excluding_hybrids.mldist

Ultrafast bootstrap approximation results written to:
  Split support values:          2G04270_iqtree_final_superstrict_excluding_hybrids.splits.nex
  Consensus tree:                2G04270_iqtree_final_superstrict_excluding_hybrids.contree
  Screen log file:               2G04270_iqtree_final_superstrict_excluding_hybrids.log

ALISIM COMMAND
--------------
--alisim simulated_MSA -t 2G04270_iqtree_final_superstrict_excluding_hybrids.treefile -m "GTR{0.967907,2.76776,1.01883,1.17954,3.59799}+F{0.299987,0.190363,0.23516,0.274491}+R4{0.416079,0.10019,0.176844,0.78206,0.335134,1.65724,0.0719431,3.67811}" --length 1161

Date and Time: Fri Jun  2 09:22:59 2023
