IQ-TREE multicore version 2.2.2 COVID-edition for Linux 64-bit built Sep 20 2022
Developed by Bui Quang Minh, James Barbetti, Nguyen Lam Tung,
Olga Chernomor, Heiko Schmidt, Dominik Schrempf, Michael Woodhams, Ly Trong Nhan.

Host:    netdc-bms-c11f (AVX2, FMA3, 377 GB RAM)
Command: /home/kasper.hendriks/iqtree-2.2.2-Linux/bin/iqtree2 -s 2G26170_taper_final_superstrict_excluding_hybrids.fasta -B 1000 -nm 1000 -m GTR+F+R -nt AUTO --prefix 2G26170_iqtree_final_superstrict_excluding_hybrids
Seed:    657897 (Using SPRNG - Scalable Parallel Random Number Generator)
Time:    Fri Jun  2 09:20:49 2023
Kernel:  AVX+FMA - auto-detect threads (56 CPU cores detected)

Reading alignment file 2G26170_taper_final_superstrict_excluding_hybrids.fasta ... Fasta format detected
Reading fasta file: done in 0.00202608 secs using 99.9% CPU
Alignment most likely contains DNA/RNA sequences
Constructing alignment: done in 0.00479794 secs using 1657% CPU
Alignment has 117 sequences with 711 columns, 498 distinct patterns
309 parsimony-informative, 107 singleton sites, 295 constant sites
            Gap/Ambiguity  Composition  p-value
Analyzing sequences: done in 0.00802302 secs using 2032% CPU
   1  S0055         0.00%    passed     89.88%
   2  S0196sl      30.38%    passed     35.71%
   3  S0278         9.70%    passed     89.72%
   4  S0282         0.00%    passed     98.36%
   5  S0288        24.47%    passed     72.81%
   6  S0289         1.13%    passed     88.09%
   7  S0292         0.00%    passed     80.74%
   8  S0293         4.92%    passed     72.58%
   9  S0299        10.27%    passed     98.79%
  10  S0308         0.56%    passed     28.54%
  11  S0320        16.88%    passed     91.58%
  12  S0322         1.97%    passed     96.83%
  13  S0327         0.00%    passed     51.67%
  14  S0335         1.41%    passed     99.50%
  15  S0345        64.56%    failed      3.77%
  16  S0355         0.00%    passed     98.34%
  17  S0376         4.36%    passed     70.38%
  18  S0400         0.00%    passed     95.25%
  19  S0405         0.28%    passed     90.18%
  20  S0412sl      22.78%    passed      5.76%
  21  S0417         0.00%    passed     91.17%
  22  S0419         0.00%    passed     97.96%
  23  S0427         0.00%    passed     49.92%
  24  S0428sl      38.40%    passed     62.98%
  25  S0430         2.25%    passed     99.00%
  26  S0478         0.00%    passed     90.59%
  27  S0552sl       0.00%    passed     89.61%
  28  S0558         0.00%    passed     85.19%
  29  S0616         0.00%    passed     94.00%
  30  S0624         0.28%    passed     89.03%
  31  S0641         0.00%    passed     98.71%
  32  S0643         1.41%    passed     97.10%
  33  S0645sl       0.00%    passed     66.52%
  34  S0656sl       0.28%    passed     94.70%
  35  S0673         0.14%    passed     60.40%
  36  S0689         0.00%    passed     91.95%
  37  S0690         2.81%    passed     95.05%
  38  S0720         0.42%    passed     93.32%
  39  S0724sl       0.00%    passed     99.49%
  40  S0742         1.69%    passed     28.73%
  41  S0748         0.00%    passed     97.06%
  42  S0756         1.13%    passed     96.03%
  43  S0758         0.28%    passed     91.67%
  44  S0760         0.00%    passed     98.67%
  45  S0763         0.00%    passed     98.64%
  46  S0765         1.55%    passed     96.39%
  47  S0770         0.00%    passed     98.50%
  48  S0771         0.00%    passed     94.39%
  49  S0795         0.56%    passed     81.38%
  50  S0827         0.28%    passed     48.30%
  51  S0888         0.14%    passed     97.55%
  52  S0899         0.00%    passed     79.74%
  53  S0906         0.28%    passed     96.76%
  54  S0952         0.00%    passed     94.66%
  55  S0956         0.00%    passed     91.21%
  56  S0959         0.00%    passed     72.83%
  57  S0960         0.14%    passed     93.27%
  58  S0964         0.14%    passed     84.52%
  59  S1052sl       6.33%    failed      1.73%
  60  S1083         0.00%    passed     80.00%
  61  S1102         0.14%    passed     73.02%
  62  S1110         0.00%    passed     79.81%
  63  S1120         2.39%    passed     62.58%
  64  S1128         0.00%    passed     71.97%
  65  S1129sl       0.00%    passed     79.82%
  66  S1177         0.00%    passed     95.33%
  67  S1189         0.00%    passed     94.05%
  68  S1201sl       0.00%    passed     83.57%
  69  S1210         0.00%    passed     80.98%
  70  S1211         0.00%    passed     90.22%
  71  S1214sl       2.53%    passed     92.24%
  72  S1227         0.00%    passed     83.86%
  73  S1235sl       0.00%    passed     56.69%
  74  S1238sl       0.00%    passed     60.28%
  75  S1239         0.00%    passed     70.25%
  76  S1245         0.28%    passed     55.60%
  77  S1246         4.64%    passed     66.62%
  78  S1249         0.14%    passed     98.09%
  79  S1250sl       1.41%    passed     79.00%
  80  S1251         0.00%    passed     97.00%
  81  S1260         0.14%    passed     73.47%
  82  S1266sl       3.94%    passed     94.45%
  83  S1269         0.00%    passed     94.92%
  84  S1278         0.00%    passed     96.05%
  85  S1332         2.81%    passed     78.26%
  86  S1366         0.14%    passed     84.90%
  87  S1369         0.00%    passed     83.13%
  88  S1370         0.70%    passed     95.47%
  89  S1375         0.00%    passed     92.37%
  90  S1376         9.00%    passed     76.56%
  91  S1381         3.09%    passed     64.40%
  92  S1422         0.28%    passed     92.94%
  93  S1449         0.00%    passed     72.16%
  94  S1451         0.00%    passed     75.73%
  95  S1460         0.00%    passed     56.80%
  96  S1462         0.00%    passed     98.88%
  97  S1475        36.71%    passed     24.71%
  98  S1498         0.00%    passed     83.15%
  99  S1539         0.14%    passed     87.69%
 100  S_670         2.39%    passed     90.62%
 101  SRR8528336    0.00%    passed     96.51%
 102  SRR8528341    0.00%    passed     98.66%
 103  SRR8528343    0.00%    passed     94.47%
 104  SRR8528347    0.00%    passed     90.53%
 105  SRR8528350    0.00%    passed     95.62%
 106  SRR8528354    0.00%    passed     90.59%
 107  SRR8528357    0.00%    passed     92.66%
 108  SRR8528359    0.00%    passed     98.30%
 109  SRR8528361    1.69%    passed     84.49%
 110  SRR8528365    1.41%    passed     99.85%
 111  SRR8528370    0.14%    passed     84.15%
 112  SRR8528372    0.00%    passed     93.65%
 113  SRR8528379    0.00%    passed     99.59%
 114  SRR8528384    0.00%    passed     98.92%
 115  SRR8528389    0.00%    passed     88.03%
 116  SRR8528391    0.00%    passed     73.51%
 117  SRR8528400    0.00%    passed     98.09%
WARNING: 1 sequences contain more than 50% gaps/ambiguity
****  TOTAL         2.79%  2 sequences failed composition chi2 test (p-value<5%; df=3)
Checking for duplicate sequences: done in 0.027221 secs using 1827% CPU

Create initial parsimony tree by phylogenetic likelihood library (PLL)... 0.040 seconds
Generating 1000 samples for ultrafast bootstrap (seed: 657897)...

NOTE: 9 MB RAM (0 GB) is required!
Measuring multi-threading efficiency up to 56 CPU cores
Increase to 10 rounds for branch lengths
291 trees examined
Threads: 1 / Time: 56.045 sec / Speedup: 1.000 / Efficiency: 100% / LogL: -20324
Threads: 2 / Time: 45.883 sec / Speedup: 1.221 / Efficiency: 61% / LogL: -20324
Threads: 3 / Time: 68.169 sec / Speedup: 0.822 / Efficiency: 27% / LogL: -20324
Determining AUTO threadcount: done in 170.1 secs using 172.3% CPU
BEST NUMBER OF THREADS: 2

Estimate model parameters (epsilon = 0.100)
1. Initial log-likelihood: -12288.558
2. Current log-likelihood: -11744.842
3. Current log-likelihood: -11728.861
4. Current log-likelihood: -11724.628
5. Current log-likelihood: -11722.326
6. Current log-likelihood: -11720.800
7. Current log-likelihood: -11719.833
8. Current log-likelihood: -11719.108
9. Current log-likelihood: -11718.561
10. Current log-likelihood: -11718.136
11. Current log-likelihood: -11717.803
12. Current log-likelihood: -11717.533
13. Current log-likelihood: -11717.376
14. Current log-likelihood: -11717.226
15. Current log-likelihood: -11717.086
16. Current log-likelihood: -11716.950
17. Current log-likelihood: -11716.816
18. Current log-likelihood: -11716.682
19. Current log-likelihood: -11716.550
20. Current log-likelihood: -11716.424
21. Current log-likelihood: -11716.309
22. Current log-likelihood: -11716.205
Optimal log-likelihood: -11716.085
Rate parameters:  A-C: 1.26873  A-G: 4.85747  A-T: 1.21059  C-G: 1.34795  C-T: 3.96058  G-T: 1.00000
Base frequencies:  A: 0.277  C: 0.245  G: 0.189  T: 0.289
Site proportion and rates:  (0.557,0.119) (0.031,0.601) (0.315,1.504) (0.097,4.553)
Parameters optimization took 22 rounds (7.083 sec)
Wrote distance file to... 
Computing ML distances based on estimated model parameters...
Calculating distance matrix: done in 0.0754519 secs using 200% CPU
Computing ML distances took 0.075983 sec (of wall-clock time) 0.151782 sec (of CPU time)
Setting up auxiliary I and S matrices: done in 0.000565052 secs using 193.3% CPU
Constructing RapidNJ tree: done in 0.00295997 secs using 194.9% CPU
Computing RapidNJ tree took 0.003658 sec (of wall-clock time) 0.007322 sec (of CPU time)
Log-likelihood of RapidNJ tree: -11766.392
--------------------------------------------------------------------
|             INITIALIZING CANDIDATE TREE SET                      |
--------------------------------------------------------------------
Generating 98 parsimony trees... 2.750 second
Computing log-likelihood of 98 initial trees ... 3.836 seconds
Current best score: -11696.425

Do NNI search on 20 best initial trees
Optimizing NNI: done in 1.03011 secs using 128.1% CPU
Estimate model parameters (epsilon = 0.100)
BETTER TREE FOUND at iteration 1: -11688.762
Optimizing NNI: done in 0.945345 secs using 161.2% CPU
Optimizing NNI: done in 0.710965 secs using 171.7% CPU
Optimizing NNI: done in 0.909571 secs using 153.2% CPU
Optimizing NNI: done in 1.14626 secs using 124.6% CPU
Optimizing NNI: done in 0.940144 secs using 148.1% CPU
Optimizing NNI: done in 1.03693 secs using 146.9% CPU
Optimizing NNI: done in 1.43329 secs using 125.6% CPU
Optimizing NNI: done in 1.52528 secs using 116.9% CPU
Optimizing NNI: done in 1.29908 secs using 128.1% CPU
Iteration 10 / LogL: -11693.415 / Time: 0h:3m:16s
Optimizing NNI: done in 1.00101 secs using 166.1% CPU
Optimizing NNI: done in 0.995605 secs using 167.8% CPU
Optimizing NNI: done in 1.29846 secs using 160.4% CPU
Optimizing NNI: done in 0.766081 secs using 196.6% CPU
Optimizing NNI: done in 1.38365 secs using 146.5% CPU
Optimizing NNI: done in 0.803528 secs using 189.6% CPU
Optimizing NNI: done in 1.33478 secs using 161.7% CPU
Optimizing NNI: done in 1.43915 secs using 150.7% CPU
Optimizing NNI: done in 1.41137 secs using 141.1% CPU
Optimizing NNI: done in 0.994212 secs using 164.5% CPU
Iteration 20 / LogL: -11698.211 / Time: 0h:3m:27s
Finish initializing candidate tree set (20)
Current best tree score: -11688.762 / CPU time: 30.104
Number of iterations: 20
--------------------------------------------------------------------
|               OPTIMIZING CANDIDATE TREE SET                      |
--------------------------------------------------------------------
Optimizing NNI: done in 1.23851 secs using 152.2% CPU
Estimate model parameters (epsilon = 0.100)
BETTER TREE FOUND at iteration 21: -11685.553
Optimizing NNI: done in 0.66308 secs using 189.2% CPU
Optimizing NNI: done in 1.15028 secs using 166.2% CPU
Optimizing NNI: done in 0.821015 secs using 198.5% CPU
Estimate model parameters (epsilon = 0.100)
BETTER TREE FOUND at iteration 24: -11683.245
Optimizing NNI: done in 0.960599 secs using 164% CPU
Optimizing NNI: done in 1.2378 secs using 163.8% CPU
Optimizing NNI: done in 1.09479 secs using 148.1% CPU
Optimizing NNI: done in 1.13393 secs using 166.2% CPU
Optimizing NNI: done in 1.02501 secs using 141.5% CPU
Optimizing NNI: done in 1.7968 secs using 128.6% CPU
Estimate model parameters (epsilon = 0.100)
BETTER TREE FOUND at iteration 30: -11682.760
Iteration 30 / LogL: -11682.760 / Time: 0h:3m:40s (0h:12m:38s left)
Optimizing NNI: done in 1.16728 secs using 164.2% CPU
Optimizing NNI: done in 1.2212 secs using 164.9% CPU
Optimizing NNI: done in 1.2445 secs using 153.8% CPU
Optimizing NNI: done in 1.22723 secs using 161.6% CPU
Optimizing NNI: done in 0.731452 secs using 185.5% CPU
Optimizing NNI: done in 1.00984 secs using 162% CPU
Optimizing NNI: done in 1.05543 secs using 167.4% CPU
Optimizing NNI: done in 0.849815 secs using 165.4% CPU
Optimizing NNI: done in 0.906859 secs using 159% CPU
Optimizing NNI: done in 1.23619 secs using 124.1% CPU
Iteration 40 / LogL: -11693.668 / Time: 0h:3m:50s (0h:8m:52s left)
Optimizing NNI: done in 1.07354 secs using 131.3% CPU
Optimizing NNI: done in 0.531003 secs using 191.4% CPU
Optimizing NNI: done in 0.622447 secs using 184.3% CPU
Optimizing NNI: done in 0.487286 secs using 199.2% CPU
Optimizing NNI: done in 0.984922 secs using 116.3% CPU
Optimizing NNI: done in 0.835029 secs using 165.5% CPU
Optimizing NNI: done in 0.95309 secs using 138.7% CPU
Optimizing NNI: done in 1.01787 secs using 122.9% CPU
Optimizing NNI: done in 0.972228 secs using 120.9% CPU
Optimizing NNI: done in 1.09773 secs using 107.1% CPU
Iteration 50 / LogL: -11706.472 / Time: 0h:3m:59s (0h:6m:31s left)
Log-likelihood cutoff on original alignment: -11720.462
Optimizing NNI: done in 1.05318 secs using 151.8% CPU
Optimizing NNI: done in 0.996195 secs using 138.3% CPU
Optimizing NNI: done in 0.80041 secs using 157.5% CPU
Optimizing NNI: done in 0.527062 secs using 189.3% CPU
Optimizing NNI: done in 0.547462 secs using 197.1% CPU
Optimizing NNI: done in 0.507681 secs using 194.1% CPU
Optimizing NNI: done in 0.432228 secs using 176.5% CPU
Optimizing NNI: done in 0.991704 secs using 115.9% CPU
Optimizing NNI: done in 0.959023 secs using 132.7% CPU
Optimizing NNI: done in 0.823666 secs using 139.8% CPU
Iteration 60 / LogL: -11685.133 / Time: 0h:4m:8s (0h:4m:54s left)
Optimizing NNI: done in 1.19842 secs using 108.5% CPU
Optimizing NNI: done in 1.00562 secs using 152.8% CPU
Optimizing NNI: done in 0.915919 secs using 134.5% CPU
Optimizing NNI: done in 1.00697 secs using 127.5% CPU
Optimizing NNI: done in 0.852894 secs using 161.4% CPU
BETTER TREE FOUND at iteration 65: -11682.752
Optimizing NNI: done in 0.730809 secs using 159.5% CPU
Optimizing NNI: done in 0.850067 secs using 164.6% CPU
Optimizing NNI: done in 1.33655 secs using 111.4% CPU
Optimizing NNI: done in 0.791593 secs using 166.5% CPU
Optimizing NNI: done in 0.970921 secs using 129.6% CPU
Iteration 70 / LogL: -11683.211 / Time: 0h:4m:18s (0h:5m:55s left)
Optimizing NNI: done in 1.55334 secs using 90.64% CPU
Optimizing NNI: done in 1.16299 secs using 113.2% CPU
Optimizing NNI: done in 0.886504 secs using 135.5% CPU
BETTER TREE FOUND at iteration 73: -11682.751
Optimizing NNI: done in 1.02167 secs using 137.5% CPU
Optimizing NNI: done in 0.99242 secs using 124.1% CPU
Optimizing NNI: done in 0.987129 secs using 128.9% CPU
Optimizing NNI: done in 1.04507 secs using 121.6% CPU
Optimizing NNI: done in 0.757612 secs using 177.8% CPU
Optimizing NNI: done in 0.625985 secs using 170.2% CPU
Optimizing NNI: done in 2.2608 secs using 72.43% CPU
Iteration 80 / LogL: -11688.238 / Time: 0h:4m:30s (0h:5m:17s left)
Optimizing NNI: done in 1.78386 secs using 66.44% CPU
Optimizing NNI: done in 0.652723 secs using 147% CPU
Optimizing NNI: done in 0.737992 secs using 171.3% CPU
Optimizing NNI: done in 0.545177 secs using 176.8% CPU
Optimizing NNI: done in 0.83873 secs using 140.1% CPU
Optimizing NNI: done in 0.923922 secs using 126.1% CPU
Optimizing NNI: done in 1.21002 secs using 113.3% CPU
Optimizing NNI: done in 0.94318 secs using 105.1% CPU
Optimizing NNI: done in 1.19905 secs using 112.4% CPU
Optimizing NNI: done in 0.886857 secs using 146.5% CPU
Iteration 90 / LogL: -11690.205 / Time: 0h:4m:40s (0h:4m:21s left)
Optimizing NNI: done in 1.48417 secs using 83.79% CPU
Optimizing NNI: done in 0.615853 secs using 167% CPU
Optimizing NNI: done in 0.962613 secs using 146.4% CPU
Optimizing NNI: done in 1.31283 secs using 119.3% CPU
Optimizing NNI: done in 0.928688 secs using 131.7% CPU
Optimizing NNI: done in 1.03913 secs using 121.8% CPU
Optimizing NNI: done in 0.803719 secs using 149.9% CPU
Optimizing NNI: done in 0.594014 secs using 138.1% CPU
Optimizing NNI: done in 0.893721 secs using 134.1% CPU
UPDATE BEST LOG-LIKELIHOOD: -11682.750
Optimizing NNI: done in 0.826523 secs using 159.8% CPU
Iteration 100 / LogL: -11683.211 / Time: 0h:4m:50s (0h:3m:33s left)
Log-likelihood cutoff on original alignment: -11720.462
NOTE: Bootstrap correlation coefficient of split occurrence frequencies: 0.997
Optimizing NNI: done in 1.1354 secs using 132.7% CPU
Optimizing NNI: done in 1.4185 secs using 108.3% CPU
Optimizing NNI: done in 1.8558 secs using 92.7% CPU
Optimizing NNI: done in 1.06706 secs using 126.1% CPU
Optimizing NNI: done in 1.5566 secs using 105.7% CPU
Optimizing NNI: done in 0.950283 secs using 131.3% CPU
Optimizing NNI: done in 0.874109 secs using 130.3% CPU
Optimizing NNI: done in 1.23469 secs using 124.2% CPU
Optimizing NNI: done in 1.18641 secs using 127.6% CPU
Optimizing NNI: done in 0.92358 secs using 127.1% CPU
Iteration 110 / LogL: -11699.566 / Time: 0h:5m:3s (0h:4m:10s left)
Optimizing NNI: done in 1.43438 secs using 105.5% CPU
Optimizing NNI: done in 1.20903 secs using 105.7% CPU
Optimizing NNI: done in 1.09907 secs using 107.5% CPU
Optimizing NNI: done in 0.459281 secs using 147.7% CPU
Optimizing NNI: done in 0.877796 secs using 145.3% CPU
Optimizing NNI: done in 0.886886 secs using 147% CPU
Optimizing NNI: done in 0.879873 secs using 130.4% CPU
Optimizing NNI: done in 0.822153 secs using 131.7% CPU
Optimizing NNI: done in 0.935956 secs using 136.8% CPU
Optimizing NNI: done in 1.44707 secs using 106.9% CPU
Iteration 120 / LogL: -11684.901 / Time: 0h:5m:14s (0h:3m:31s left)
Optimizing NNI: done in 0.797682 secs using 147.4% CPU
Optimizing NNI: done in 0.999885 secs using 124.3% CPU
Optimizing NNI: done in 1.31297 secs using 118.1% CPU
Optimizing NNI: done in 1.142 secs using 128.5% CPU
Optimizing NNI: done in 0.899325 secs using 140.4% CPU
Optimizing NNI: done in 0.701422 secs using 143% CPU
Optimizing NNI: done in 1.21902 secs using 136.2% CPU
Optimizing NNI: done in 1.00218 secs using 145.1% CPU
Optimizing NNI: done in 1.35208 secs using 127.8% CPU
Optimizing NNI: done in 0.860752 secs using 146.9% CPU
Iteration 130 / LogL: -11695.089 / Time: 0h:5m:24s (0h:2m:56s left)
Optimizing NNI: done in 1.12451 secs using 127.7% CPU
Optimizing NNI: done in 1.41278 secs using 117.6% CPU
Optimizing NNI: done in 1.38849 secs using 103.8% CPU
Optimizing NNI: done in 1.38877 secs using 119.3% CPU
Optimizing NNI: done in 0.897312 secs using 139.7% CPU
Optimizing NNI: done in 0.790348 secs using 137.9% CPU
Optimizing NNI: done in 0.689926 secs using 160.8% CPU
Optimizing NNI: done in 0.679789 secs using 172.1% CPU
Optimizing NNI: done in 1.44088 secs using 86.21% CPU
Optimizing NNI: done in 1.29522 secs using 120.4% CPU
Iteration 140 / LogL: -11697.471 / Time: 0h:5m:36s (0h:2m:25s left)
Optimizing NNI: done in 0.995328 secs using 136.2% CPU
Optimizing NNI: done in 1.03336 secs using 123.9% CPU
Optimizing NNI: done in 0.902644 secs using 116.8% CPU
Optimizing NNI: done in 0.918821 secs using 129.8% CPU
Optimizing NNI: done in 0.986033 secs using 127.4% CPU
Optimizing NNI: done in 1.53984 secs using 108.2% CPU
Optimizing NNI: done in 1.64291 secs using 88.06% CPU
Optimizing NNI: done in 0.677648 secs using 181.2% CPU
Optimizing NNI: done in 0.760782 secs using 168% CPU
Optimizing NNI: done in 1.87743 secs using 128% CPU
Iteration 150 / LogL: -11684.005 / Time: 0h:5m:47s (0h:1m:56s left)
Log-likelihood cutoff on original alignment: -11720.462
Optimizing NNI: done in 1.10486 secs using 119.7% CPU
Optimizing NNI: done in 0.592454 secs using 196% CPU
Optimizing NNI: done in 0.774856 secs using 145% CPU
Optimizing NNI: done in 1.32862 secs using 127.9% CPU
Optimizing NNI: done in 0.929257 secs using 154.9% CPU
Optimizing NNI: done in 0.899669 secs using 161.2% CPU
Optimizing NNI: done in 0.957606 secs using 153.3% CPU
Optimizing NNI: done in 1.35165 secs using 123.3% CPU
Optimizing NNI: done in 0.968079 secs using 151.4% CPU
Optimizing NNI: done in 1.16139 secs using 142.3% CPU
Iteration 160 / LogL: -11684.300 / Time: 0h:5m:59s (0h:1m:30s left)
Optimizing NNI: done in 1.61437 secs using 117.8% CPU
Optimizing NNI: done in 1.28821 secs using 124.5% CPU
Optimizing NNI: done in 0.992634 secs using 125.3% CPU
Optimizing NNI: done in 0.874488 secs using 135.5% CPU
Optimizing NNI: done in 0.823708 secs using 157.4% CPU
Optimizing NNI: done in 0.734558 secs using 142.2% CPU
Optimizing NNI: done in 1.22899 secs using 140.1% CPU
Optimizing NNI: done in 1.41161 secs using 125.5% CPU
Optimizing NNI: done in 1.12695 secs using 151.1% CPU
Optimizing NNI: done in 1.23534 secs using 126.9% CPU
Iteration 170 / LogL: -11685.421 / Time: 0h:6m:11s (0h:1m:5s left)
Optimizing NNI: done in 1.20781 secs using 140% CPU
Optimizing NNI: done in 1.34315 secs using 140.3% CPU
Optimizing NNI: done in 1.04939 secs using 166.7% CPU
Optimizing NNI: done in 1.21877 secs using 157.9% CPU
TREE SEARCH COMPLETED AFTER 174 ITERATIONS / Time: 0h:6m:16s

--------------------------------------------------------------------
|                    FINALIZING TREE SEARCH                        |
--------------------------------------------------------------------
Performs final model parameters optimization
Estimate model parameters (epsilon = 0.010)
1. Initial log-likelihood: -11682.750
2. Current log-likelihood: -11682.698
3. Current log-likelihood: -11682.635
4. Current log-likelihood: -11682.574
5. Current log-likelihood: -11682.512
6. Current log-likelihood: -11682.458
7. Current log-likelihood: -11682.393
8. Current log-likelihood: -11682.337
9. Current log-likelihood: -11682.270
10. Current log-likelihood: -11682.210
11. Current log-likelihood: -11682.147
12. Current log-likelihood: -11682.083
13. Current log-likelihood: -11682.018
14. Current log-likelihood: -11681.951
15. Current log-likelihood: -11681.883
16. Current log-likelihood: -11681.814
17. Current log-likelihood: -11681.743
18. Current log-likelihood: -11681.672
19. Current log-likelihood: -11681.601
20. Current log-likelihood: -11681.528
21. Current log-likelihood: -11681.455
22. Current log-likelihood: -11681.382
23. Current log-likelihood: -11681.308
24. Current log-likelihood: -11681.233
25. Current log-likelihood: -11681.158
26. Current log-likelihood: -11681.083
27. Current log-likelihood: -11681.008
28. Current log-likelihood: -11680.932
29. Current log-likelihood: -11680.856
30. Current log-likelihood: -11680.780
31. Current log-likelihood: -11680.704
32. Current log-likelihood: -11680.628
33. Current log-likelihood: -11680.552
34. Current log-likelihood: -11680.476
35. Current log-likelihood: -11680.400
36. Current log-likelihood: -11680.324
37. Current log-likelihood: -11680.248
38. Current log-likelihood: -11680.170
39. Current log-likelihood: -11680.092
40. Current log-likelihood: -11680.014
41. Current log-likelihood: -11679.936
42. Current log-likelihood: -11679.856
43. Current log-likelihood: -11679.775
44. Current log-likelihood: -11679.694
45. Current log-likelihood: -11679.611
46. Current log-likelihood: -11679.527
47. Current log-likelihood: -11679.441
48. Current log-likelihood: -11679.354
49. Current log-likelihood: -11679.264
50. Current log-likelihood: -11679.171
51. Current log-likelihood: -11679.075
52. Current log-likelihood: -11678.974
53. Current log-likelihood: -11678.868
54. Current log-likelihood: -11678.755
55. Current log-likelihood: -11678.634
56. Current log-likelihood: -11678.506
57. Current log-likelihood: -11678.368
58. Current log-likelihood: -11678.218
59. Current log-likelihood: -11678.057
60. Current log-likelihood: -11677.883
61. Current log-likelihood: -11677.700
62. Current log-likelihood: -11677.506
63. Current log-likelihood: -11677.316
64. Current log-likelihood: -11677.129
65. Current log-likelihood: -11676.960
66. Current log-likelihood: -11676.812
67. Current log-likelihood: -11676.692
68. Current log-likelihood: -11676.599
69. Current log-likelihood: -11676.532
70. Current log-likelihood: -11676.486
71. Current log-likelihood: -11676.455
72. Current log-likelihood: -11676.433
73. Current log-likelihood: -11676.418
74. Current log-likelihood: -11676.406
Optimal log-likelihood: -11676.392
Rate parameters:  A-C: 1.31681  A-G: 5.38160  A-T: 1.25813  C-G: 1.42413  C-T: 4.13028  G-T: 1.00000
Base frequencies:  A: 0.277  C: 0.245  G: 0.189  T: 0.289
Site proportion and rates:  (0.531,0.094) (0.313,1.150) (0.126,3.230) (0.030,6.143)
Parameters optimization took 74 rounds (32.669 sec)
BEST SCORE FOUND : -11676.392
Creating bootstrap support values...
Split supports printed to NEXUS file 2G26170_iqtree_final_superstrict_excluding_hybrids.splits.nex
Total tree length: 3.146

Total number of iterations: 174
CPU time used for tree search: 268.835 sec (0h:4m:28s)
Wall-clock time used for tree search: 198.695 sec (0h:3m:18s)
Total CPU time used: 618.418 sec (0h:10m:18s)
Total wall-clock time used: 409.922 sec (0h:6m:49s)

Computing bootstrap consensus tree...
Reading input file 2G26170_iqtree_final_superstrict_excluding_hybrids.splits.nex...
117 taxa and 739 splits.
Consensus tree written to 2G26170_iqtree_final_superstrict_excluding_hybrids.contree
Reading input trees file 2G26170_iqtree_final_superstrict_excluding_hybrids.contree
Log-likelihood of consensus tree: -11676.561

Analysis results written to: 
  IQ-TREE report:                2G26170_iqtree_final_superstrict_excluding_hybrids.iqtree
  Maximum-likelihood tree:       2G26170_iqtree_final_superstrict_excluding_hybrids.treefile
  Likelihood distances:          2G26170_iqtree_final_superstrict_excluding_hybrids.mldist

Ultrafast bootstrap approximation results written to:
  Split support values:          2G26170_iqtree_final_superstrict_excluding_hybrids.splits.nex
  Consensus tree:                2G26170_iqtree_final_superstrict_excluding_hybrids.contree
  Screen log file:               2G26170_iqtree_final_superstrict_excluding_hybrids.log

ALISIM COMMAND
--------------
--alisim simulated_MSA -t 2G26170_iqtree_final_superstrict_excluding_hybrids.treefile -m "GTR{1.31681,5.3816,1.25813,1.42413,4.13028}+F{0.276678,0.244854,0.189417,0.289051}+R4{0.531211,0.0944405,0.312861,1.15047,0.126323,3.23013,0.0296049,6.14278}" --length 711

Date and Time: Fri Jun  2 09:27:40 2023
