IQ-TREE multicore version 2.2.2 COVID-edition for Linux 64-bit built Sep 20 2022
Developed by Bui Quang Minh, James Barbetti, Nguyen Lam Tung,
Olga Chernomor, Heiko Schmidt, Dominik Schrempf, Michael Woodhams, Ly Trong Nhan.

Host:    netdc-bms-c11f (AVX2, FMA3, 377 GB RAM)
Command: /home/kasper.hendriks/iqtree-2.2.2-Linux/bin/iqtree2 -s 2G29560_taper_final_superstrict_excluding_hybrids.fasta -B 1000 -nm 1000 -m GTR+F+R -nt AUTO --prefix 2G29560_iqtree_final_superstrict_excluding_hybrids
Seed:    760328 (Using SPRNG - Scalable Parallel Random Number Generator)
Time:    Fri Jun  2 09:22:16 2023
Kernel:  AVX+FMA - auto-detect threads (56 CPU cores detected)

Reading alignment file 2G29560_taper_final_superstrict_excluding_hybrids.fasta ... Fasta format detected
Reading fasta file: done in 0.000633955 secs
Alignment most likely contains DNA/RNA sequences
Constructing alignment: done in 0.00133109 secs using 2388% CPU
Alignment has 111 sequences with 198 columns, 112 distinct patterns
59 parsimony-informative, 19 singleton sites, 120 constant sites
             Gap/Ambiguity  Composition  p-value
Analyzing sequences: done in 0.00786185 secs using 1359% CPU
   1  S0055          0.00%    passed     98.80%
   2  S0281          0.00%    passed     96.63%
   3  S0282          0.00%    passed     99.25%
   4  S0289          1.01%    passed     99.14%
   5  S0292          0.51%    passed     99.83%
   6  S0293          0.51%    passed     99.39%
   7  S0299          1.01%    passed     99.63%
   8  S0303          0.51%    passed     97.95%
   9  S0308          1.01%    passed     89.46%
  10  S0320          2.02%    passed     97.05%
  11  S0322          0.00%    passed     99.21%
  12  S0327          0.00%    passed     99.21%
  13  S0335          0.00%    passed     98.56%
  14  S0345          0.00%    passed     95.48%
  15  S0355          0.00%    passed     99.21%
  16  S0376          0.00%    passed     99.45%
  17  S0400          0.00%    passed     98.83%
  18  S0405          0.00%    passed     98.90%
  19  S0412sl        0.00%    passed     99.07%
  20  S0417          0.00%    passed     99.99%
  21  S0427          0.00%    passed     98.33%
  22  S0430          0.00%    passed     97.95%
  23  S0552sl        0.00%    passed     85.02%
  24  S0558          0.00%    passed     98.33%
  25  S0624          0.51%    passed     99.31%
  26  S0641          0.00%    passed     97.11%
  27  S0643          0.00%    passed     99.80%
  28  S0645sl        0.00%    passed     90.47%
  29  S0673          0.00%    passed     99.66%
  30  S0689          0.51%    passed     99.82%
  31  S0720          0.00%    passed     98.18%
  32  S0724sl        0.51%    passed     98.02%
  33  S0735          0.00%    passed     99.30%
  34  S0742          0.00%    passed     93.04%
  35  S0748          0.00%    passed     96.20%
  36  S0756          0.00%    passed     97.11%
  37  S0760          0.00%    passed     98.24%
  38  S0763          0.00%    passed     99.69%
  39  S0765          0.00%    passed     99.35%
  40  S0770          0.00%    passed     98.18%
  41  S0771          0.00%    passed     98.34%
  42  S0795          0.00%    passed     96.63%
  43  S0888          9.09%    passed     75.72%
  44  S0894          0.00%    passed     99.73%
  45  S0899          1.01%    passed     98.89%
  46  S0906          0.00%    passed     98.34%
  47  S0956          0.51%    passed     98.60%
  48  S0959          7.58%    passed     99.09%
  49  S0960          0.00%    passed     94.52%
  50  S0964          0.00%    passed     95.84%
  51  S1052sl       18.18%    passed     94.34%
  52  S1083          3.03%    passed     96.96%
  53  S1100          0.00%    passed     98.56%
  54  S1102          2.53%    passed     66.16%
  55  S1110          0.00%    passed     98.33%
  56  S1120          4.55%    passed     98.88%
  57  S1128          0.51%    passed     94.29%
  58  S1129sl        0.00%    passed     96.83%
  59  S1148          0.00%    passed     96.63%
  60  S1177          0.00%    passed     98.24%
  61  S1180          0.51%    passed     95.29%
  62  S1189          0.00%    passed     96.43%
  63  S1201sl        0.00%    passed     94.70%
  64  S1210          0.00%    passed     98.33%
  65  S1211          0.00%    passed     99.45%
  66  S1214sl        0.00%    passed     99.44%
  67  S1223          1.01%    passed     94.59%
  68  S1227          0.00%    passed     99.66%
  69  S1235sl        0.00%    passed     99.66%
  70  S1239          0.00%    passed     96.35%
  71  S1245          0.00%    passed     99.83%
  72  S1246          1.01%    passed     99.47%
  73  S1250sl        0.00%    passed     96.43%
  74  S1251          0.00%    passed     99.54%
  75  S1260          0.00%    passed     83.67%
  76  S1266sl        0.51%    passed     99.52%
  77  S1278          0.00%    passed     98.14%
  78  S1315          2.02%    passed     99.25%
  79  S1332          0.00%    passed     98.56%
  80  S1369          0.00%    passed     99.66%
  81  S1370          0.00%    passed     96.14%
  82  S1375          2.53%    passed     84.20%
  83  S1376          0.00%    passed     99.21%
  84  S1381         10.61%    passed     98.89%
  85  S1405          0.00%    passed     99.35%
  86  S1422          0.00%    passed     99.68%
  87  S1449          0.00%    passed     99.68%
  88  S1451          5.05%    passed     92.72%
  89  S1460          0.00%    passed     96.13%
  90  S1462          0.00%    passed     99.35%
  91  S1498          2.53%    passed     97.55%
  92  S1539          0.00%    passed     99.99%
  93  S_670          1.01%    passed     99.98%
  94  SRR11470320    0.00%    passed     95.01%
  95  SRR8528336     0.00%    passed     99.45%
  96  SRR8528341     0.00%    passed     99.30%
  97  SRR8528343     0.00%    passed     98.83%
  98  SRR8528347     0.00%    passed     99.92%
  99  SRR8528350     0.00%    passed     97.80%
 100  SRR8528354     0.00%    passed     99.83%
 101  SRR8528357     0.00%    passed     96.23%
 102  SRR8528359     0.00%    passed     99.68%
 103  SRR8528361     1.01%    passed     93.00%
 104  SRR8528365     0.00%    passed     89.47%
 105  SRR8528370     0.00%    passed     99.92%
 106  SRR8528372     0.00%    passed     98.24%
 107  SRR8528379     0.00%    passed     99.84%
 108  SRR8528384     0.00%    passed     98.67%
 109  SRR8528389     0.00%    passed     99.30%
 110  SRR8528391     0.00%    passed     99.92%
 111  SRR8528400     0.00%    passed     98.34%
****  TOTAL          0.75%  0 sequences failed composition chi2 test (p-value<5%; df=3)
NOTE: S0355 is identical to S0322 but kept for subsequent analysis
NOTE: SRR8528343 is identical to S0400 but kept for subsequent analysis
NOTE: S1177 is identical to S0760 but kept for subsequent analysis
NOTE: S1210 is identical to S1110 but kept for subsequent analysis
NOTE: S1369 is identical to S1227 but kept for subsequent analysis
NOTE: S1449 is identical to S1422 but kept for subsequent analysis
NOTE: SRR8528389 is identical to SRR8528341 but kept for subsequent analysis
Checking for duplicate sequences: done in 0.0194268 secs using 1455% CPU

Create initial parsimony tree by phylogenetic likelihood library (PLL)... 0.028 seconds
Generating 1000 samples for ultrafast bootstrap (seed: 760328)...

NOTE: 2 MB RAM (0 GB) is required!
Measuring multi-threading efficiency up to 56 CPU cores
Increase to 10 rounds for branch lengths
918 trees examined
Threads: 1 / Time: 56.111 sec / Speedup: 1.000 / Efficiency: 100% / LogL: -3199
Threads: 2 / Time: 59.677 sec / Speedup: 0.940 / Efficiency: 47% / LogL: -3199
Determining AUTO threadcount: done in 115.79 secs using 134.9% CPU
BEST NUMBER OF THREADS: 1

Estimate model parameters (epsilon = 0.100)
1. Initial log-likelihood: -1934.672
2. Current log-likelihood: -1860.763
3. Current log-likelihood: -1858.954
4. Current log-likelihood: -1858.061
5. Current log-likelihood: -1857.411
6. Current log-likelihood: -1856.928
7. Current log-likelihood: -1856.554
8. Current log-likelihood: -1856.267
9. Current log-likelihood: -1856.043
10. Current log-likelihood: -1855.874
11. Current log-likelihood: -1855.731
12. Current log-likelihood: -1855.612
13. Current log-likelihood: -1855.510
Optimal log-likelihood: -1855.382
Rate parameters:  A-C: 1.39678  A-G: 2.28097  A-T: 1.61300  C-G: 0.62087  C-T: 4.28966  G-T: 1.00000
Base frequencies:  A: 0.291  C: 0.173  G: 0.293  T: 0.242
Site proportion and rates:  (0.575,0.123) (0.118,0.219) (0.198,1.801) (0.109,5.003)
Parameters optimization took 13 rounds (1.356 sec)
Wrote distance file to... 
Computing ML distances based on estimated model parameters...
Calculating distance matrix: done in 0.111022 secs using 99.82% CPU
Computing ML distances took 0.111341 sec (of wall-clock time) 0.111136 sec (of CPU time)
Setting up auxiliary I and S matrices: done in 0.000922203 secs using 98.46% CPU
Constructing RapidNJ tree: done in 0.00243902 secs using 101.3% CPU
Computing RapidNJ tree took 0.003525 sec (of wall-clock time) 0.003539 sec (of CPU time)
Log-likelihood of RapidNJ tree: -1842.783
--------------------------------------------------------------------
|             INITIALIZING CANDIDATE TREE SET                      |
--------------------------------------------------------------------
Generating 98 parsimony trees... 1.039 second
Computing log-likelihood of 98 initial trees ... 0.954 seconds
Current best score: -1806.685

Do NNI search on 20 best initial trees
Optimizing NNI: done in 0.58852 secs using 100% CPU
Estimate model parameters (epsilon = 0.100)
BETTER TREE FOUND at iteration 1: -1797.799
Optimizing NNI: done in 0.727804 secs using 100% CPU
Optimizing NNI: done in 0.677183 secs using 100% CPU
Optimizing NNI: done in 0.439355 secs using 99.92% CPU
Optimizing NNI: done in 0.799248 secs using 99.98% CPU
Optimizing NNI: done in 0.516958 secs using 99.99% CPU
Optimizing NNI: done in 0.430296 secs using 100% CPU
Optimizing NNI: done in 0.532841 secs using 100% CPU
Optimizing NNI: done in 1.03082 secs using 100% CPU
Optimizing NNI: done in 0.496963 secs using 99.99% CPU
Iteration 10 / LogL: -1809.918 / Time: 0h:2m:5s
Optimizing NNI: done in 0.932621 secs using 99.99% CPU
Optimizing NNI: done in 0.60887 secs using 100% CPU
Optimizing NNI: done in 0.548638 secs using 100% CPU
Optimizing NNI: done in 0.549197 secs using 99.99% CPU
Optimizing NNI: done in 0.659079 secs using 99.99% CPU
Optimizing NNI: done in 0.794764 secs using 100% CPU
Optimizing NNI: done in 0.73669 secs using 99.11% CPU
Optimizing NNI: done in 0.725409 secs using 100% CPU
Optimizing NNI: done in 0.485206 secs using 100% CPU
Optimizing NNI: done in 0.773539 secs using 100% CPU
Iteration 20 / LogL: -1810.299 / Time: 0h:2m:12s
Finish initializing candidate tree set (20)
Current best tree score: -1797.799 / CPU time: 15.342
Number of iterations: 20
--------------------------------------------------------------------
|               OPTIMIZING CANDIDATE TREE SET                      |
--------------------------------------------------------------------
Optimizing NNI: done in 0.313866 secs using 99.95% CPU
Optimizing NNI: done in 0.688499 secs using 100% CPU
Optimizing NNI: done in 0.487742 secs using 100% CPU
Optimizing NNI: done in 0.622934 secs using 99.36% CPU
Optimizing NNI: done in 0.689106 secs using 100% CPU
Estimate model parameters (epsilon = 0.100)
BETTER TREE FOUND at iteration 25: -1795.624
Optimizing NNI: done in 0.73471 secs using 99.98% CPU
Optimizing NNI: done in 0.53297 secs using 100% CPU
Optimizing NNI: done in 0.078944 secs using 100% CPU
Optimizing NNI: done in 0.435366 secs using 99.43% CPU
Optimizing NNI: done in 0.477752 secs using 100% CPU
Iteration 30 / LogL: -1805.109 / Time: 0h:2m:18s (0h:7m:32s left)
Optimizing NNI: done in 0.691132 secs using 100% CPU
Optimizing NNI: done in 0.647733 secs using 100% CPU
Optimizing NNI: done in 0.576786 secs using 100% CPU
Optimizing NNI: done in 0.661311 secs using 100% CPU
Estimate model parameters (epsilon = 0.100)
BETTER TREE FOUND at iteration 34: -1794.905
Optimizing NNI: done in 0.574754 secs using 99.98% CPU
Optimizing NNI: done in 0.716865 secs using 93.3% CPU
Optimizing NNI: done in 0.625272 secs using 100% CPU
Estimate model parameters (epsilon = 0.100)
BETTER TREE FOUND at iteration 37: -1794.412
Optimizing NNI: done in 0.451592 secs using 99.91% CPU
Optimizing NNI: done in 0.44945 secs using 93.48% CPU
Optimizing NNI: done in 0.796895 secs using 66.2% CPU
Estimate model parameters (epsilon = 0.100)
BETTER TREE FOUND at iteration 40: -1794.114
Iteration 40 / LogL: -1794.114 / Time: 0h:2m:25s (0h:6m:11s left)
Optimizing NNI: done in 0.296333 secs using 75.42% CPU
Optimizing NNI: done in 0.997144 secs using 63.1% CPU
Estimate model parameters (epsilon = 0.100)
BETTER TREE FOUND at iteration 42: -1793.286
Optimizing NNI: done in 1.04616 secs using 69.46% CPU
Optimizing NNI: done in 0.809947 secs using 92.26% CPU
Optimizing NNI: done in 0.63653 secs using 99.96% CPU
Optimizing NNI: done in 0.556374 secs using 99.92% CPU
Optimizing NNI: done in 0.845749 secs using 99.49% CPU
Optimizing NNI: done in 0.650218 secs using 99.96% CPU
Optimizing NNI: done in 0.797613 secs using 80.93% CPU
Estimate model parameters (epsilon = 0.100)
BETTER TREE FOUND at iteration 49: -1791.418
Optimizing NNI: done in 1.22747 secs using 61.83% CPU
Iteration 50 / LogL: -1793.737 / Time: 0h:2m:33s (0h:5m:9s left)
Log-likelihood cutoff on original alignment: -1833.124
Optimizing NNI: done in 0.512842 secs using 99.97% CPU
Optimizing NNI: done in 0.722665 secs using 99.4% CPU
Optimizing NNI: done in 0.758749 secs using 99.94% CPU
Optimizing NNI: done in 0.531301 secs using 96.19% CPU
Optimizing NNI: done in 0.652842 secs using 97.49% CPU
Optimizing NNI: done in 0.771503 secs using 75.07% CPU
Optimizing NNI: done in 0.944459 secs using 71.24% CPU
Optimizing NNI: done in 0.591169 secs using 97.29% CPU
Optimizing NNI: done in 0.479087 secs using 86.53% CPU
Optimizing NNI: done in 0.489056 secs using 93.95% CPU
Iteration 60 / LogL: -1812.739 / Time: 0h:2m:41s (0h:4m:2s left)
Optimizing NNI: done in 0.59365 secs using 99.91% CPU
Estimate model parameters (epsilon = 0.100)
BETTER TREE FOUND at iteration 61: -1791.325
Optimizing NNI: done in 0.625682 secs using 67.8% CPU
Optimizing NNI: done in 0.783415 secs using 99.99% CPU
BETTER TREE FOUND at iteration 63: -1791.322
Optimizing NNI: done in 0.72477 secs using 87.28% CPU
Optimizing NNI: done in 0.733381 secs using 87.44% CPU
Optimizing NNI: done in 0.508372 secs using 100% CPU
Optimizing NNI: done in 0.825888 secs using 68.5% CPU
Optimizing NNI: done in 0.564407 secs using 91.96% CPU
Optimizing NNI: done in 0.544005 secs using 100% CPU
Optimizing NNI: done in 0.609517 secs using 99.97% CPU
Iteration 70 / LogL: -1791.322 / Time: 0h:2m:48s (0h:3m:46s left)
Optimizing NNI: done in 0.500226 secs using 95.75% CPU
Optimizing NNI: done in 0.231209 secs using 99.97% CPU
Optimizing NNI: done in 0.486788 secs using 100% CPU
Optimizing NNI: done in 0.615571 secs using 92.2% CPU
Optimizing NNI: done in 0.656115 secs using 93.87% CPU
Optimizing NNI: done in 0.664238 secs using 82.44% CPU
Optimizing NNI: done in 0.842508 secs using 68.59% CPU
Optimizing NNI: done in 0.767543 secs using 67.13% CPU
BETTER TREE FOUND at iteration 78: -1791.321
Optimizing NNI: done in 0.51833 secs using 95.74% CPU
Optimizing NNI: done in 0.480168 secs using 96.47% CPU
Iteration 80 / LogL: -1791.322 / Time: 0h:2m:54s (0h:3m:35s left)
Optimizing NNI: done in 0.547086 secs using 96.87% CPU
Optimizing NNI: done in 0.983663 secs using 63.81% CPU
Optimizing NNI: done in 0.490668 secs using 96.74% CPU
Optimizing NNI: done in 0.485279 secs using 100% CPU
Estimate model parameters (epsilon = 0.100)
BETTER TREE FOUND at iteration 84: -1791.014
Optimizing NNI: done in 0.871935 secs using 81.77% CPU
Optimizing NNI: done in 0.755353 secs using 79.8% CPU
Optimizing NNI: done in 0.690332 secs using 99.2% CPU
Optimizing NNI: done in 0.579954 secs using 99.75% CPU
Optimizing NNI: done in 0.506748 secs using 99.77% CPU
Optimizing NNI: done in 0.719864 secs using 82.43% CPU
Iteration 90 / LogL: -1795.257 / Time: 0h:3m:1s (0h:3m:11s left)
Optimizing NNI: done in 1.09201 secs using 66.67% CPU
Optimizing NNI: done in 0.897736 secs using 68.61% CPU
Optimizing NNI: done in 0.869942 secs using 70.57% CPU
Optimizing NNI: done in 1.04154 secs using 64.93% CPU
Optimizing NNI: done in 0.457373 secs using 86.07% CPU
Optimizing NNI: done in 0.944387 secs using 68.15% CPU
Optimizing NNI: done in 0.469336 secs using 99.14% CPU
Optimizing NNI: done in 0.550196 secs using 100% CPU
Optimizing NNI: done in 0.607533 secs using 100% CPU
Optimizing NNI: done in 0.79816 secs using 100% CPU
Iteration 100 / LogL: -1793.196 / Time: 0h:3m:9s (0h:2m:40s left)
Log-likelihood cutoff on original alignment: -1828.438
NOTE: Bootstrap correlation coefficient of split occurrence frequencies: 0.997
Optimizing NNI: done in 0.503665 secs using 100% CPU
Optimizing NNI: done in 0.58006 secs using 99.99% CPU
Optimizing NNI: done in 0.576843 secs using 99.99% CPU
Optimizing NNI: done in 0.728992 secs using 99.45% CPU
BETTER TREE FOUND at iteration 104: -1791.012
Optimizing NNI: done in 0.525925 secs using 99.97% CPU
Optimizing NNI: done in 0.725046 secs using 99.99% CPU
Optimizing NNI: done in 0.602353 secs using 100% CPU
Optimizing NNI: done in 0.517159 secs using 100% CPU
Optimizing NNI: done in 0.59692 secs using 91.96% CPU
Optimizing NNI: done in 0.901592 secs using 84.02% CPU
Iteration 110 / LogL: -1794.389 / Time: 0h:3m:16s (0h:2m:49s left)
Optimizing NNI: done in 0.695606 secs using 100% CPU
Optimizing NNI: done in 0.790609 secs using 100% CPU
Optimizing NNI: done in 0.54672 secs using 100% CPU
Optimizing NNI: done in 1.09588 secs using 85.4% CPU
Optimizing NNI: done in 1.05729 secs using 81.42% CPU
Estimate model parameters (epsilon = 0.100)
BETTER TREE FOUND at iteration 115: -1789.605
Optimizing NNI: done in 0.72132 secs using 63.6% CPU
Optimizing NNI: done in 0.547472 secs using 99.71% CPU
Optimizing NNI: done in 0.660629 secs using 86.02% CPU
Optimizing NNI: done in 0.542925 secs using 94.75% CPU
Optimizing NNI: done in 0.844973 secs using 55.03% CPU
Iteration 120 / LogL: -1791.361 / Time: 0h:3m:25s (0h:2m:43s left)
Optimizing NNI: done in 0.835379 secs using 76.04% CPU
Optimizing NNI: done in 0.59197 secs using 92.55% CPU
Optimizing NNI: done in 0.505814 secs using 100% CPU
Optimizing NNI: done in 0.709182 secs using 99.99% CPU
Optimizing NNI: done in 0.82759 secs using 91.35% CPU
Optimizing NNI: done in 0.694974 secs using 79.93% CPU
Optimizing NNI: done in 0.599595 secs using 100% CPU
Optimizing NNI: done in 0.520415 secs using 100% CPU
Optimizing NNI: done in 0.78665 secs using 100% CPU
Optimizing NNI: done in 0.696652 secs using 100% CPU
Estimate model parameters (epsilon = 0.100)
BETTER TREE FOUND at iteration 130: -1789.288
Iteration 130 / LogL: -1789.288 / Time: 0h:3m:32s (0h:2m:44s left)
Optimizing NNI: done in 0.612318 secs using 92.21% CPU
Optimizing NNI: done in 0.552787 secs using 90.76% CPU
Optimizing NNI: done in 0.616648 secs using 97.41% CPU
Optimizing NNI: done in 0.898853 secs using 99.64% CPU
Optimizing NNI: done in 0.897347 secs using 86.53% CPU
Optimizing NNI: done in 0.733116 secs using 100% CPU
Optimizing NNI: done in 0.619872 secs using 100% CPU
Optimizing NNI: done in 0.612038 secs using 100% CPU
Estimate model parameters (epsilon = 0.100)
BETTER TREE FOUND at iteration 138: -1789.240
Optimizing NNI: done in 0.807382 secs using 96.02% CPU
Optimizing NNI: done in 0.505866 secs using 100% CPU
Iteration 140 / LogL: -1796.781 / Time: 0h:3m:40s (0h:2m:35s left)
Optimizing NNI: done in 0.664813 secs using 100% CPU
Optimizing NNI: done in 0.653289 secs using 100% CPU
Optimizing NNI: done in 0.639315 secs using 98.75% CPU
Optimizing NNI: done in 0.805036 secs using 90.24% CPU
Optimizing NNI: done in 0.678467 secs using 99.91% CPU
Optimizing NNI: done in 0.766448 secs using 79.79% CPU
Optimizing NNI: done in 0.826762 secs using 89.74% CPU
Optimizing NNI: done in 1.01815 secs using 80.45% CPU
Optimizing NNI: done in 0.879087 secs using 76.97% CPU
Optimizing NNI: done in 0.714776 secs using 100% CPU
Iteration 150 / LogL: -1789.306 / Time: 0h:3m:48s (0h:2m:14s left)
Log-likelihood cutoff on original alignment: -1828.438
Optimizing NNI: done in 0.652892 secs using 99.96% CPU
Optimizing NNI: done in 0.478693 secs using 94.99% CPU
Optimizing NNI: done in 0.751623 secs using 98.4% CPU
Optimizing NNI: done in 0.42417 secs using 100% CPU
Optimizing NNI: done in 0.796903 secs using 68.46% CPU
BETTER TREE FOUND at iteration 155: -1789.239
Optimizing NNI: done in 0.700699 secs using 90.99% CPU
Optimizing NNI: done in 0.483539 secs using 99.93% CPU
Optimizing NNI: done in 0.748656 secs using 99.09% CPU
Optimizing NNI: done in 0.555738 secs using 99.93% CPU
Optimizing NNI: done in 1.03277 secs using 100% CPU
Iteration 160 / LogL: -1793.408 / Time: 0h:3m:56s (0h:2m:21s left)
Optimizing NNI: done in 0.577535 secs using 94.46% CPU
Optimizing NNI: done in 0.881573 secs using 99.51% CPU
Optimizing NNI: done in 0.632361 secs using 99.91% CPU
Optimizing NNI: done in 0.320248 secs using 99.97% CPU
Optimizing NNI: done in 0.551779 secs using 99.95% CPU
Optimizing NNI: done in 0.497902 secs using 99.97% CPU
Optimizing NNI: done in 0.636665 secs using 99.94% CPU
Optimizing NNI: done in 0.503451 secs using 99.89% CPU
Optimizing NNI: done in 0.592042 secs using 99.97% CPU
Optimizing NNI: done in 0.641191 secs using 94.93% CPU
Iteration 170 / LogL: -1793.702 / Time: 0h:4m:2s (0h:2m:1s left)
Optimizing NNI: done in 0.818596 secs using 99.48% CPU
Optimizing NNI: done in 1.01727 secs using 71.23% CPU
Optimizing NNI: done in 1.13201 secs using 61.95% CPU
Optimizing NNI: done in 0.612097 secs using 99.9% CPU
Optimizing NNI: done in 0.592124 secs using 99.97% CPU
Optimizing NNI: done in 0.579509 secs using 99.97% CPU
Optimizing NNI: done in 0.568983 secs using 99.93% CPU
Optimizing NNI: done in 0.812089 secs using 99.97% CPU
BETTER TREE FOUND at iteration 178: -1789.238
Optimizing NNI: done in 0.858953 secs using 99.94% CPU
Optimizing NNI: done in 0.566767 secs using 99.95% CPU
Iteration 180 / LogL: -1793.022 / Time: 0h:4m:10s (0h:2m:17s left)
Optimizing NNI: done in 0.563378 secs using 99.97% CPU
Optimizing NNI: done in 0.518684 secs using 99.97% CPU
Optimizing NNI: done in 0.71474 secs using 99.38% CPU
Optimizing NNI: done in 0.547538 secs using 99.97% CPU
Optimizing NNI: done in 0.677306 secs using 75.73% CPU
Optimizing NNI: done in 0.794844 secs using 89.65% CPU
Optimizing NNI: done in 0.521045 secs using 100% CPU
BETTER TREE FOUND at iteration 187: -1789.238
Optimizing NNI: done in 0.624138 secs using 99.14% CPU
Optimizing NNI: done in 0.725427 secs using 99.99% CPU
Optimizing NNI: done in 0.660836 secs using 95.16% CPU
Iteration 190 / LogL: -1789.267 / Time: 0h:4m:17s (0h:2m:12s left)
Optimizing NNI: done in 0.490767 secs using 100% CPU
Optimizing NNI: done in 0.801919 secs using 76.87% CPU
Optimizing NNI: done in 0.596147 secs using 85.09% CPU
Optimizing NNI: done in 0.605417 secs using 84.92% CPU
Optimizing NNI: done in 0.549764 secs using 94.17% CPU
Optimizing NNI: done in 0.513291 secs using 100% CPU
Optimizing NNI: done in 0.611911 secs using 100% CPU
Optimizing NNI: done in 0.582847 secs using 99.14% CPU
Optimizing NNI: done in 0.511615 secs using 98.92% CPU
BETTER TREE FOUND at iteration 199: -1789.238
Optimizing NNI: done in 0.484475 secs using 98.84% CPU
Iteration 200 / LogL: -1802.119 / Time: 0h:4m:24s (0h:2m:11s left)
Log-likelihood cutoff on original alignment: -1828.438
NOTE: Bootstrap correlation coefficient of split occurrence frequencies: 0.989
NOTE: UFBoot does not converge, continue at least 100 more iterations
Optimizing NNI: done in 0.654211 secs using 99.39% CPU
Optimizing NNI: done in 0.57545 secs using 99.91% CPU
Optimizing NNI: done in 0.765299 secs using 80.77% CPU
Optimizing NNI: done in 0.690475 secs using 97.53% CPU
Optimizing NNI: done in 0.540686 secs using 99.98% CPU
Optimizing NNI: done in 0.478719 secs using 100% CPU
Optimizing NNI: done in 0.705327 secs using 99.29% CPU
Optimizing NNI: done in 0.736349 secs using 66.19% CPU
Optimizing NNI: done in 0.576519 secs using 100% CPU
Optimizing NNI: done in 0.629849 secs using 71.16% CPU
Iteration 210 / LogL: -1790.524 / Time: 0h:4m:31s (0h:1m:57s left)
Optimizing NNI: done in 0.688465 secs using 99.99% CPU
Optimizing NNI: done in 0.56843 secs using 93.89% CPU
Optimizing NNI: done in 0.904767 secs using 61.57% CPU
Optimizing NNI: done in 0.548135 secs using 100% CPU
Optimizing NNI: done in 0.303621 secs using 100% CPU
Optimizing NNI: done in 0.718364 secs using 97.17% CPU
BETTER TREE FOUND at iteration 216: -1789.238
Optimizing NNI: done in 0.503628 secs using 100% CPU
Optimizing NNI: done in 0.7155 secs using 79.29% CPU
Optimizing NNI: done in 1.26182 secs using 66.44% CPU
Optimizing NNI: done in 0.904056 secs using 51.02% CPU
Iteration 220 / LogL: -1789.238 / Time: 0h:4m:40s (0h:2m:2s left)
Optimizing NNI: done in 0.769675 secs using 64.64% CPU
Optimizing NNI: done in 1.04474 secs using 60.83% CPU
Optimizing NNI: done in 0.791963 secs using 91.8% CPU
BETTER TREE FOUND at iteration 223: -1789.238
Optimizing NNI: done in 0.812532 secs using 62.62% CPU
BETTER TREE FOUND at iteration 224: -1789.238
Optimizing NNI: done in 0.759239 secs using 61.16% CPU
Optimizing NNI: done in 0.633854 secs using 78.27% CPU
Optimizing NNI: done in 0.487705 secs using 100% CPU
Optimizing NNI: done in 0.629912 secs using 100% CPU
Optimizing NNI: done in 1.43493 secs using 69.33% CPU
Optimizing NNI: done in 0.427111 secs using 99.99% CPU
Iteration 230 / LogL: -1794.853 / Time: 0h:4m:48s (0h:1m:58s left)
Optimizing NNI: done in 0.404917 secs using 100% CPU
Optimizing NNI: done in 0.494841 secs using 93.53% CPU
Optimizing NNI: done in 0.818696 secs using 90.23% CPU
Optimizing NNI: done in 0.67437 secs using 65.42% CPU
Optimizing NNI: done in 1.17547 secs using 53.38% CPU
Optimizing NNI: done in 1.31218 secs using 50.01% CPU
Optimizing NNI: done in 0.72216 secs using 86.03% CPU
Optimizing NNI: done in 0.550994 secs using 100% CPU
Optimizing NNI: done in 0.557809 secs using 99.99% CPU
Optimizing NNI: done in 0.658435 secs using 97.5% CPU
Iteration 240 / LogL: -1791.351 / Time: 0h:4m:57s (0h:1m:44s left)
Optimizing NNI: done in 0.805399 secs using 76.24% CPU
Optimizing NNI: done in 0.819811 secs using 67.1% CPU
Optimizing NNI: done in 0.849752 secs using 78.21% CPU
Optimizing NNI: done in 0.914033 secs using 84.66% CPU
Optimizing NNI: done in 0.749323 secs using 71.85% CPU
Optimizing NNI: done in 0.624441 secs using 88.09% CPU
Optimizing NNI: done in 0.622991 secs using 100% CPU
Optimizing NNI: done in 0.768338 secs using 100% CPU
Optimizing NNI: done in 0.524543 secs using 100% CPU
Optimizing NNI: done in 0.545603 secs using 99.99% CPU
Iteration 250 / LogL: -1789.597 / Time: 0h:5m:5s (0h:1m:30s left)
Log-likelihood cutoff on original alignment: -1828.063
Optimizing NNI: done in 0.653158 secs using 77.95% CPU
Optimizing NNI: done in 0.725515 secs using 68.57% CPU
Optimizing NNI: done in 0.874766 secs using 63.87% CPU
Optimizing NNI: done in 0.589831 secs using 74.91% CPU
Optimizing NNI: done in 0.87774 secs using 55.79% CPU
Optimizing NNI: done in 1.23796 secs using 49.92% CPU
Optimizing NNI: done in 0.812026 secs using 68.47% CPU
Optimizing NNI: done in 1.02875 secs using 73.56% CPU
Optimizing NNI: done in 0.709589 secs using 70.11% CPU
Optimizing NNI: done in 0.903527 secs using 74.76% CPU
Iteration 260 / LogL: -1789.306 / Time: 0h:5m:15s (0h:1m:18s left)
Optimizing NNI: done in 0.817898 secs using 56.47% CPU
Optimizing NNI: done in 1.07635 secs using 55.77% CPU
Optimizing NNI: done in 0.805858 secs using 81.71% CPU
Optimizing NNI: done in 1.0422 secs using 76.45% CPU
Optimizing NNI: done in 0.869494 secs using 47.38% CPU
Optimizing NNI: done in 0.716641 secs using 79.23% CPU
Optimizing NNI: done in 1.21323 secs using 53.84% CPU
Optimizing NNI: done in 0.924272 secs using 71.3% CPU
Optimizing NNI: done in 0.50172 secs using 100% CPU
Optimizing NNI: done in 0.458742 secs using 100% CPU
Iteration 270 / LogL: -1793.406 / Time: 0h:5m:25s (0h:1m:5s left)
Optimizing NNI: done in 0.627452 secs using 99% CPU
Optimizing NNI: done in 1.077 secs using 59.03% CPU
Optimizing NNI: done in 0.683434 secs using 100% CPU
Optimizing NNI: done in 0.658234 secs using 99.53% CPU
Optimizing NNI: done in 0.788941 secs using 67.54% CPU
Optimizing NNI: done in 0.792138 secs using 82.1% CPU
Optimizing NNI: done in 0.627721 secs using 76.14% CPU
Optimizing NNI: done in 0.704753 secs using 90.92% CPU
Optimizing NNI: done in 0.586711 secs using 100% CPU
Optimizing NNI: done in 0.894089 secs using 85.3% CPU
Iteration 280 / LogL: -1806.253 / Time: 0h:5m:34s (0h:0m:52s left)
Optimizing NNI: done in 0.656557 secs using 77.58% CPU
Optimizing NNI: done in 0.807722 secs using 76.69% CPU
Optimizing NNI: done in 0.566306 secs using 99.96% CPU
Optimizing NNI: done in 0.700749 secs using 94.3% CPU
Optimizing NNI: done in 0.600298 secs using 78.06% CPU
Optimizing NNI: done in 0.538044 secs using 96.14% CPU
Optimizing NNI: done in 0.793844 secs using 79.53% CPU
Optimizing NNI: done in 0.711054 secs using 92.65% CPU
Optimizing NNI: done in 0.787782 secs using 100% CPU
Optimizing NNI: done in 0.561276 secs using 86.93% CPU
Iteration 290 / LogL: -1792.623 / Time: 0h:5m:42s (0h:0m:40s left)
Optimizing NNI: done in 0.51862 secs using 99.99% CPU
Optimizing NNI: done in 0.432348 secs using 100% CPU
Optimizing NNI: done in 0.926207 secs using 62.99% CPU
Optimizing NNI: done in 0.837762 secs using 72.43% CPU
Optimizing NNI: done in 0.679056 secs using 93.86% CPU
Optimizing NNI: done in 0.874831 secs using 73.75% CPU
Optimizing NNI: done in 0.889802 secs using 78.62% CPU
Optimizing NNI: done in 0.369884 secs using 99.99% CPU
Optimizing NNI: done in 0.494586 secs using 100% CPU
Optimizing NNI: done in 1.02663 secs using 94.92% CPU
Iteration 300 / LogL: -1789.529 / Time: 0h:5m:50s (0h:0m:28s left)
Log-likelihood cutoff on original alignment: -1828.063
NOTE: Bootstrap correlation coefficient of split occurrence frequencies: 0.994
Optimizing NNI: done in 0.530068 secs using 96.78% CPU
Optimizing NNI: done in 0.688293 secs using 99.4% CPU
Optimizing NNI: done in 0.763233 secs using 99.74% CPU
Optimizing NNI: done in 1.01869 secs using 70.51% CPU
Optimizing NNI: done in 0.883554 secs using 72.44% CPU
Optimizing NNI: done in 0.777375 secs using 72.69% CPU
Optimizing NNI: done in 0.668687 secs using 78.89% CPU
Optimizing NNI: done in 0.801529 secs using 70.17% CPU
Optimizing NNI: done in 0.905804 secs using 89.05% CPU
Optimizing NNI: done in 0.283284 secs using 99.77% CPU
Iteration 310 / LogL: -1795.705 / Time: 0h:5m:59s (0h:1m:44s left)
Optimizing NNI: done in 0.478285 secs using 99.99% CPU
Optimizing NNI: done in 0.350984 secs using 100% CPU
Optimizing NNI: done in 0.502963 secs using 100% CPU
Optimizing NNI: done in 0.599559 secs using 100% CPU
Optimizing NNI: done in 0.991145 secs using 63.09% CPU
Optimizing NNI: done in 0.473604 secs using 83.89% CPU
Optimizing NNI: done in 0.703601 secs using 64.35% CPU
Optimizing NNI: done in 0.898093 secs using 63.92% CPU
Optimizing NNI: done in 0.865781 secs using 71.94% CPU
Optimizing NNI: done in 0.468042 secs using 92.1% CPU
Iteration 320 / LogL: -1789.712 / Time: 0h:6m:7s (0h:1m:32s left)
Optimizing NNI: done in 0.784509 secs using 73.86% CPU
Optimizing NNI: done in 1.059 secs using 66.51% CPU
Optimizing NNI: done in 1.14122 secs using 65.19% CPU
Optimizing NNI: done in 0.584454 secs using 72.85% CPU
Optimizing NNI: done in 0.692597 secs using 76.75% CPU
TREE SEARCH COMPLETED AFTER 325 ITERATIONS / Time: 0h:6m:12s

--------------------------------------------------------------------
|                    FINALIZING TREE SEARCH                        |
--------------------------------------------------------------------
Performs final model parameters optimization
Estimate model parameters (epsilon = 0.010)
1. Initial log-likelihood: -1789.238
2. Current log-likelihood: -1789.226
3. Current log-likelihood: -1789.214
4. Current log-likelihood: -1789.202
5. Current log-likelihood: -1789.190
6. Current log-likelihood: -1789.179
7. Current log-likelihood: -1789.168
8. Current log-likelihood: -1789.158
Optimal log-likelihood: -1789.143
Rate parameters:  A-C: 1.41077  A-G: 2.23822  A-T: 1.60499  C-G: 0.60041  C-T: 5.62046  G-T: 1.00000
Base frequencies:  A: 0.291  C: 0.173  G: 0.293  T: 0.242
Site proportion and rates:  (0.569,0.087) (0.055,0.156) (0.236,1.190) (0.140,4.708)
Parameters optimization took 8 rounds (1.053 sec)
BEST SCORE FOUND : -1789.143
Creating bootstrap support values...
Split supports printed to NEXUS file 2G29560_iqtree_final_superstrict_excluding_hybrids.splits.nex
Total tree length: 1.422

Total number of iterations: 325
CPU time used for tree search: 220.526 sec (0h:3m:40s)
Wall-clock time used for tree search: 255.123 sec (0h:4m:15s)
Total CPU time used: 381.855 sec (0h:6m:21s)
Total wall-clock time used: 374.545 sec (0h:6m:14s)

Computing bootstrap consensus tree...
Reading input file 2G29560_iqtree_final_superstrict_excluding_hybrids.splits.nex...
111 taxa and 2564 splits.
Consensus tree written to 2G29560_iqtree_final_superstrict_excluding_hybrids.contree
Reading input trees file 2G29560_iqtree_final_superstrict_excluding_hybrids.contree
Log-likelihood of consensus tree: -1789.058

Analysis results written to: 
  IQ-TREE report:                2G29560_iqtree_final_superstrict_excluding_hybrids.iqtree
  Maximum-likelihood tree:       2G29560_iqtree_final_superstrict_excluding_hybrids.treefile
  Likelihood distances:          2G29560_iqtree_final_superstrict_excluding_hybrids.mldist

Ultrafast bootstrap approximation results written to:
  Split support values:          2G29560_iqtree_final_superstrict_excluding_hybrids.splits.nex
  Consensus tree:                2G29560_iqtree_final_superstrict_excluding_hybrids.contree
  Screen log file:               2G29560_iqtree_final_superstrict_excluding_hybrids.log

ALISIM COMMAND
--------------
--alisim simulated_MSA -t 2G29560_iqtree_final_superstrict_excluding_hybrids.treefile -m "GTR{1.41077,2.23822,1.60499,0.600406,5.62046}+F{0.291287,0.173348,0.293224,0.242142}+R4{0.569168,0.087208,0.054725,0.155614,0.235608,1.19021,0.1405,4.70767}" --length 198

Date and Time: Fri Jun  2 09:28:32 2023
