IQ-TREE multicore version 2.2.2 COVID-edition for Linux 64-bit built Sep 20 2022
Developed by Bui Quang Minh, James Barbetti, Nguyen Lam Tung,
Olga Chernomor, Heiko Schmidt, Dominik Schrempf, Michael Woodhams, Ly Trong Nhan.

Host:    netdc-bms-c11f (AVX2, FMA3, 377 GB RAM)
Command: /home/kasper.hendriks/iqtree-2.2.2-Linux/bin/iqtree2 -s 2G41700_taper_final_superstrict_excluding_hybrids.fasta -B 1000 -nm 1000 -m GTR+F+R -nt AUTO --prefix 2G41700_iqtree_final_superstrict_excluding_hybrids
Seed:    925572 (Using SPRNG - Scalable Parallel Random Number Generator)
Time:    Fri Jun  2 09:23:32 2023
Kernel:  AVX+FMA - auto-detect threads (56 CPU cores detected)

Reading alignment file 2G41700_taper_final_superstrict_excluding_hybrids.fasta ... Fasta format detected
Reading fasta file: done in 0.00575805 secs using 99.74% CPU
Alignment most likely contains DNA/RNA sequences
Constructing alignment: done in 0.026439 secs using 1313% CPU
Alignment has 133 sequences with 1864 columns, 1403 distinct patterns
847 parsimony-informative, 299 singleton sites, 718 constant sites
               Gap/Ambiguity  Composition  p-value
Analyzing sequences: done in 0.0119359 secs using 1323% CPU
   1  PAFTOL_019361   48.39%    passed     66.74%
   2  S0055            2.68%    passed     99.05%
   3  S0196sl         28.70%    passed     97.40%
   4  S0278            0.00%    passed     96.54%
   5  S0281           11.48%    passed     79.64%
   6  S0282            0.05%    passed     87.26%
   7  S0288           11.80%    passed     81.35%
   8  S0289            0.32%    passed     86.73%
   9  S0292            0.75%    passed     90.47%
  10  S0293           13.73%    passed     83.72%
  11  S0294            1.02%    passed     91.85%
  12  S0299           11.70%    passed     94.22%
  13  S0303            1.29%    passed     98.34%
  14  S0308            1.07%    passed     99.88%
  15  S0320            0.86%    passed     92.25%
  16  S0322            0.32%    passed     99.93%
  17  S0327            0.64%    passed     99.93%
  18  S0335            0.86%    passed     93.09%
  19  S0345           23.28%    passed     99.21%
  20  S0355            9.50%    passed     94.11%
  21  S0376            0.05%    passed     99.67%
  22  S0400           11.96%    passed     81.62%
  23  S0405            3.11%    passed     85.27%
  24  S0407sl         28.92%    passed     90.10%
  25  S0412sl          2.95%    passed     83.16%
  26  S0417            5.15%    passed     98.28%
  27  S0419            0.16%    passed     92.46%
  28  S0427            0.38%    passed     97.71%
  29  S0428sl         16.31%    passed     67.20%
  30  S0430           11.27%    passed     78.28%
  31  S0478            0.91%    passed     85.82%
  32  S0552sl          0.75%    passed     97.76%
  33  S0558            0.00%    passed     92.97%
  34  S0616            0.80%    passed     90.11%
  35  S0620           27.58%    passed     71.12%
  36  S0624            0.54%    passed     97.03%
  37  S0641            0.27%    passed     99.64%
  38  S0643            1.18%    passed     96.57%
  39  S0645sl          0.00%    passed     99.87%
  40  S0656sl          0.27%    passed     97.73%
  41  S0673            0.59%    passed     99.27%
  42  S0689            0.21%    passed     77.01%
  43  S0690           16.15%    passed     80.88%
  44  S0720            0.16%    passed     99.17%
  45  S0724sl          0.80%    passed     99.93%
  46  S0735            0.05%    passed     72.66%
  47  S0742            0.16%    passed     94.09%
  48  S0748            0.75%    passed     98.04%
  49  S0753           13.41%    passed     94.02%
  50  S0756            9.55%    passed     86.03%
  51  S0758           12.23%    passed     93.02%
  52  S0760            0.11%    passed     96.35%
  53  S0763            0.05%    passed     96.03%
  54  S0765            0.00%    passed     98.85%
  55  S0770            0.54%    passed     99.47%
  56  S0771            0.64%    passed     85.54%
  57  S0795            0.00%    passed     98.74%
  58  S0827            0.64%    passed     99.91%
  59  S0888            0.21%    passed     99.93%
  60  S0894            0.54%    passed     98.63%
  61  S0899            0.21%    passed     96.90%
  62  S0906            0.05%    passed     98.43%
  63  S0952            0.48%    passed     95.90%
  64  S0956            0.43%    passed     92.38%
  65  S0959            0.48%    passed     97.88%
  66  S0960            1.18%    passed     89.83%
  67  S0964            9.71%    passed     75.84%
  68  S1083            0.00%    passed     75.95%
  69  S1100            0.16%    passed     78.45%
  70  S1102           12.50%    passed     97.28%
  71  S1110            0.43%    passed     98.71%
  72  S1120           11.80%    passed     87.04%
  73  S1128            0.54%    passed     81.99%
  74  S1129sl          1.56%    passed     90.62%
  75  S1148            0.21%    passed     69.32%
  76  S1177            0.11%    passed     97.96%
  77  S1180            0.16%    passed     68.54%
  78  S1187sl         53.33%    passed     32.59%
  79  S1189            2.36%    passed     96.08%
  80  S1201sl          0.00%    passed     97.10%
  81  S1210            0.00%    passed     97.87%
  82  S1211            0.11%    passed     91.08%
  83  S1214sl          0.11%    passed     85.57%
  84  S1223            0.80%    passed     67.92%
  85  S1227           35.35%    passed     38.41%
  86  S1235sl          0.11%    passed     95.61%
  87  S1238sl          1.23%    passed     98.17%
  88  S1239            0.48%    passed     95.29%
  89  S1245            0.75%    passed     97.84%
  90  S1246            1.23%    passed     97.70%
  91  S1249           16.58%    passed     95.89%
  92  S1250sl          1.29%    passed     98.88%
  93  S1251            1.34%    passed     97.87%
  94  S1260            0.05%    passed     89.45%
  95  S1266sl          0.97%    passed     90.93%
  96  S1269           18.62%    passed     79.54%
  97  S1278            0.32%    passed     95.52%
  98  S1315           16.95%    passed     98.91%
  99  S1332            1.61%    passed     89.23%
 100  S1366            0.59%    passed     88.36%
 101  S1369            0.97%    passed     95.67%
 102  S1370           11.16%    passed     94.26%
 103  S1375            1.29%    passed     96.15%
 104  S1376            0.05%    passed     97.73%
 105  S1381            1.34%    passed     86.50%
 106  S1405            1.18%    passed     93.94%
 107  S1422            9.55%    passed     68.69%
 108  S1449            1.61%    passed     98.30%
 109  S1451            0.11%    passed     98.38%
 110  S1460            2.90%    passed     99.10%
 111  S1462            0.11%    passed     98.19%
 112  S1475           13.36%    passed     93.34%
 113  S1498            0.00%    passed     79.30%
 114  S1539            0.70%    passed     99.52%
 115  S_670            0.54%    passed     99.89%
 116  SRR8528336       0.16%    passed     98.47%
 117  SRR8528341       0.11%    passed     98.89%
 118  SRR8528343       0.00%    passed     95.93%
 119  SRR8528347       0.00%    passed     97.36%
 120  SRR8528350       0.05%    passed     98.67%
 121  SRR8528354       0.75%    passed     98.92%
 122  SRR8528357       1.45%    passed     99.63%
 123  SRR8528359       0.11%    passed     92.53%
 124  SRR8528361       1.34%    passed     99.21%
 125  SRR8528365       0.11%    passed     95.26%
 126  SRR8528370       0.00%    passed     91.26%
 127  SRR8528372       0.21%    passed     94.51%
 128  SRR8528379       0.11%    passed     98.94%
 129  SRR8528381       0.11%    passed     99.69%
 130  SRR8528384       0.05%    passed     89.80%
 131  SRR8528389       0.05%    passed     98.07%
 132  SRR8528391       0.00%    passed     99.92%
 133  SRR8528400       0.05%    passed     99.20%
WARNING: 1 sequences contain more than 50% gaps/ambiguity
****  TOTAL            4.37%  0 sequences failed composition chi2 test (p-value<5%; df=3)
Checking for duplicate sequences: done in 0.015173 secs using 1507% CPU

Create initial parsimony tree by phylogenetic likelihood library (PLL)... 0.141 seconds
Generating 1000 samples for ultrafast bootstrap (seed: 925572)...

NOTE: 29 MB RAM (0 GB) is required!
Measuring multi-threading efficiency up to 56 CPU cores
Increase to 10 rounds for branch lengths
54 trees examined
Threads: 1 / Time: 56.004 sec / Speedup: 1.000 / Efficiency: 100% / LogL: -47460
Threads: 2 / Time: 33.597 sec / Speedup: 1.667 / Efficiency: 83% / LogL: -47460
Threads: 3 / Time: 47.466 sec / Speedup: 1.180 / Efficiency: 39% / LogL: -47460
Determining AUTO threadcount: done in 137.073 secs using 124.4% CPU
BEST NUMBER OF THREADS: 2

Estimate model parameters (epsilon = 0.100)
1. Initial log-likelihood: -28916.605
2. Current log-likelihood: -27950.813
3. Current log-likelihood: -27934.177
4. Current log-likelihood: -27923.709
5. Current log-likelihood: -27917.020
6. Current log-likelihood: -27913.089
7. Current log-likelihood: -27910.940
8. Current log-likelihood: -27909.773
9. Current log-likelihood: -27909.081
10. Current log-likelihood: -27908.536
11. Current log-likelihood: -27908.122
12. Current log-likelihood: -27907.858
13. Current log-likelihood: -27907.629
14. Current log-likelihood: -27907.430
15. Current log-likelihood: -27907.250
16. Current log-likelihood: -27907.087
17. Current log-likelihood: -27906.935
18. Current log-likelihood: -27906.789
19. Current log-likelihood: -27906.648
20. Current log-likelihood: -27906.503
21. Current log-likelihood: -27906.354
22. Current log-likelihood: -27906.200
23. Current log-likelihood: -27906.039
24. Current log-likelihood: -27905.869
25. Current log-likelihood: -27905.694
26. Current log-likelihood: -27905.519
27. Current log-likelihood: -27905.349
28. Current log-likelihood: -27905.188
29. Current log-likelihood: -27905.038
30. Current log-likelihood: -27904.902
31. Current log-likelihood: -27904.780
32. Current log-likelihood: -27904.669
33. Current log-likelihood: -27904.566
Optimal log-likelihood: -27904.458
Rate parameters:  A-C: 1.13143  A-G: 3.65087  A-T: 1.04699  C-G: 1.16042  C-T: 3.94713  G-T: 1.00000
Base frequencies:  A: 0.274  C: 0.199  G: 0.219  T: 0.307
Site proportion and rates:  (0.484,0.128) (0.068,0.677) (0.371,1.543) (0.077,4.168)
Parameters optimization took 33 rounds (30.572 sec)
Wrote distance file to... 
Computing ML distances based on estimated model parameters...
Calculating distance matrix: done in 0.153123 secs using 149.1% CPU
Computing ML distances took 0.159442 sec (of wall-clock time) 0.235444 sec (of CPU time)
Setting up auxiliary I and S matrices: done in 0.000644922 secs using 198.8% CPU
Constructing RapidNJ tree: done in 0.0034759 secs using 314.7% CPU
Computing RapidNJ tree took 0.004257 sec (of wall-clock time) 0.012529 sec (of CPU time)
Log-likelihood of RapidNJ tree: -28038.802
--------------------------------------------------------------------
|             INITIALIZING CANDIDATE TREE SET                      |
--------------------------------------------------------------------
Generating 98 parsimony trees... 8.590 second
Computing log-likelihood of 98 initial trees ... 12.452 seconds
Current best score: -27901.332

Do NNI search on 20 best initial trees
Optimizing NNI: done in 2.11827 secs using 113.5% CPU
Estimate model parameters (epsilon = 0.100)
BETTER TREE FOUND at iteration 1: -27892.195
Optimizing NNI: done in 1.91102 secs using 125.7% CPU
UPDATE BEST LOG-LIKELIHOOD: -27892.194
Optimizing NNI: done in 1.95797 secs using 123.7% CPU
Estimate model parameters (epsilon = 0.100)
BETTER TREE FOUND at iteration 3: -27891.507
Optimizing NNI: done in 1.88363 secs using 119.2% CPU
Optimizing NNI: done in 1.92487 secs using 108.1% CPU
Optimizing NNI: done in 1.69569 secs using 131% CPU
Optimizing NNI: done in 1.81913 secs using 127.4% CPU
Optimizing NNI: done in 1.15025 secs using 160.2% CPU
Optimizing NNI: done in 2.22832 secs using 109.7% CPU
Optimizing NNI: done in 1.86693 secs using 123% CPU
Iteration 10 / LogL: -27892.490 / Time: 0h:3m:31s
Optimizing NNI: done in 1.87841 secs using 118% CPU
Optimizing NNI: done in 1.25886 secs using 160.6% CPU
Optimizing NNI: done in 1.64276 secs using 130.6% CPU
UPDATE BEST LOG-LIKELIHOOD: -27891.505
Optimizing NNI: done in 1.59831 secs using 141.3% CPU
UPDATE BEST LOG-LIKELIHOOD: -27891.505
Optimizing NNI: done in 1.80388 secs using 129.8% CPU
UPDATE BEST LOG-LIKELIHOOD: -27891.503
Optimizing NNI: done in 2.01922 secs using 101.3% CPU
Optimizing NNI: done in 2.35662 secs using 94.63% CPU
Optimizing NNI: done in 2.70629 secs using 99.71% CPU
Optimizing NNI: done in 1.89261 secs using 123% CPU
Optimizing NNI: done in 2.10634 secs using 118.1% CPU
Iteration 20 / LogL: -27895.449 / Time: 0h:3m:50s
Finish initializing candidate tree set (9)
Current best tree score: -27891.503 / CPU time: 61.852
Number of iterations: 20
--------------------------------------------------------------------
|               OPTIMIZING CANDIDATE TREE SET                      |
--------------------------------------------------------------------
Optimizing NNI: done in 1.78677 secs using 119% CPU
Optimizing NNI: done in 1.87781 secs using 130.4% CPU
Optimizing NNI: done in 2.16434 secs using 128.9% CPU
Optimizing NNI: done in 2.00069 secs using 127.2% CPU
Optimizing NNI: done in 1.60964 secs using 124.5% CPU
Optimizing NNI: done in 1.51267 secs using 160.5% CPU
Optimizing NNI: done in 1.88608 secs using 138.1% CPU
Optimizing NNI: done in 1.96659 secs using 126.2% CPU
Optimizing NNI: done in 1.89967 secs using 137.7% CPU
Optimizing NNI: done in 2.11296 secs using 128% CPU
Iteration 30 / LogL: -27893.511 / Time: 0h:4m:10s (0h:10m:28s left)
Optimizing NNI: done in 2.03872 secs using 131.6% CPU
Optimizing NNI: done in 2.61775 secs using 123% CPU
Optimizing NNI: done in 2.16902 secs using 116.2% CPU
Optimizing NNI: done in 1.84787 secs using 135.4% CPU
Optimizing NNI: done in 1.1631 secs using 161.3% CPU
Optimizing NNI: done in 1.90237 secs using 126.2% CPU
Optimizing NNI: done in 1.88878 secs using 121.1% CPU
Optimizing NNI: done in 2.36803 secs using 117% CPU
Optimizing NNI: done in 1.91143 secs using 110.4% CPU
Optimizing NNI: done in 2.1963 secs using 101.7% CPU
Iteration 40 / LogL: -27891.654 / Time: 0h:4m:30s (0h:7m:16s left)
Optimizing NNI: done in 2.01663 secs using 118.2% CPU
Optimizing NNI: done in 1.6477 secs using 130% CPU
Optimizing NNI: done in 2.14598 secs using 121.8% CPU
Optimizing NNI: done in 1.93256 secs using 130.2% CPU
Optimizing NNI: done in 1.67882 secs using 125% CPU
Optimizing NNI: done in 1.41324 secs using 137.3% CPU
Optimizing NNI: done in 1.80995 secs using 115.3% CPU
Optimizing NNI: done in 2.4816 secs using 108.3% CPU
Optimizing NNI: done in 2.69641 secs using 113.7% CPU
Optimizing NNI: done in 2.56032 secs using 116.5% CPU
Iteration 50 / LogL: -27892.487 / Time: 0h:4m:51s (0h:5m:14s left)
Log-likelihood cutoff on original alignment: -27934.996
Optimizing NNI: done in 1.77107 secs using 129.7% CPU
Optimizing NNI: done in 1.95974 secs using 113.3% CPU
Optimizing NNI: done in 2.48961 secs using 120% CPU
Optimizing NNI: done in 1.92204 secs using 130.5% CPU
Optimizing NNI: done in 2.27843 secs using 112.8% CPU
Optimizing NNI: done in 1.93774 secs using 121.5% CPU
Optimizing NNI: done in 2.14061 secs using 108.6% CPU
Optimizing NNI: done in 1.8864 secs using 123.6% CPU
Optimizing NNI: done in 1.50988 secs using 128.8% CPU
Optimizing NNI: done in 2.08571 secs using 129% CPU
Iteration 60 / LogL: -27892.563 / Time: 0h:5m:12s (0h:3m:47s left)
Optimizing NNI: done in 2.48075 secs using 111.5% CPU
Optimizing NNI: done in 1.61832 secs using 136.2% CPU
Optimizing NNI: done in 1.92363 secs using 130.4% CPU
Optimizing NNI: done in 1.46207 secs using 124.2% CPU
Optimizing NNI: done in 1.85836 secs using 123.3% CPU
Optimizing NNI: done in 1.64959 secs using 142.1% CPU
Optimizing NNI: done in 1.60338 secs using 120.3% CPU
Optimizing NNI: done in 1.60319 secs using 135.6% CPU
Optimizing NNI: done in 1.4316 secs using 148.3% CPU
Optimizing NNI: done in 1.53471 secs using 115.5% CPU
Iteration 70 / LogL: -27891.684 / Time: 0h:5m:30s (0h:2m:37s left)
Optimizing NNI: done in 1.7211 secs using 117.3% CPU
Estimate model parameters (epsilon = 0.100)
BETTER TREE FOUND at iteration 71: -27877.800
Optimizing NNI: done in 1.39894 secs using 177.9% CPU
Optimizing NNI: done in 1.20232 secs using 161.5% CPU
Optimizing NNI: done in 2.50908 secs using 130.7% CPU
Optimizing NNI: done in 1.32733 secs using 155% CPU
Optimizing NNI: done in 1.74415 secs using 137% CPU
Optimizing NNI: done in 2.50125 secs using 121.1% CPU
Estimate model parameters (epsilon = 0.100)
BETTER TREE FOUND at iteration 77: -27877.600
Optimizing NNI: done in 2.15504 secs using 122.2% CPU
Optimizing NNI: done in 2.5368 secs using 125.5% CPU
Optimizing NNI: done in 2.95562 secs using 110.3% CPU
Iteration 80 / LogL: -27878.587 / Time: 0h:6m:38s (0h:8m:9s left)
Optimizing NNI: done in 3.11636 secs using 106.2% CPU
Optimizing NNI: done in 2.61178 secs using 110.6% CPU
Optimizing NNI: done in 2.16819 secs using 121.2% CPU
Optimizing NNI: done in 2.2972 secs using 144% CPU
Optimizing NNI: done in 2.06516 secs using 131.8% CPU
Optimizing NNI: done in 2.48389 secs using 121.7% CPU
Optimizing NNI: done in 2.59413 secs using 115.8% CPU
Optimizing NNI: done in 1.70371 secs using 127.5% CPU
Optimizing NNI: done in 1.63257 secs using 120.9% CPU
Optimizing NNI: done in 1.7428 secs using 128.1% CPU
Iteration 90 / LogL: -27878.865 / Time: 0h:7m:1s (0h:6m:52s left)
Optimizing NNI: done in 2.80645 secs using 118.2% CPU
Optimizing NNI: done in 2.2574 secs using 107.6% CPU
Optimizing NNI: done in 1.45585 secs using 144.5% CPU
Optimizing NNI: done in 1.79825 secs using 139.3% CPU
Optimizing NNI: done in 2.43463 secs using 112.7% CPU
Optimizing NNI: done in 2.06343 secs using 124% CPU
Optimizing NNI: done in 2.14543 secs using 130% CPU
Estimate model parameters (epsilon = 0.100)
BETTER TREE FOUND at iteration 97: -27877.495
Optimizing NNI: done in 2.31997 secs using 126.8% CPU
Optimizing NNI: done in 2.03476 secs using 117.7% CPU
Optimizing NNI: done in 1.08279 secs using 162.7% CPU
Iteration 100 / LogL: -27877.495 / Time: 0h:7m:23s (0h:7m:14s left)
Log-likelihood cutoff on original alignment: -27934.996
NOTE: Bootstrap correlation coefficient of split occurrence frequencies: 0.987
NOTE: UFBoot does not converge, continue at least 100 more iterations
Optimizing NNI: done in 1.39857 secs using 141.7% CPU
Optimizing NNI: done in 1.54906 secs using 141.9% CPU
Optimizing NNI: done in 1.39445 secs using 156.6% CPU
Optimizing NNI: done in 2.10874 secs using 116.7% CPU
Optimizing NNI: done in 1.5379 secs using 136.3% CPU
Optimizing NNI: done in 1.63531 secs using 123.1% CPU
Optimizing NNI: done in 1.85961 secs using 124.9% CPU
Optimizing NNI: done in 1.62534 secs using 135% CPU
Optimizing NNI: done in 1.70743 secs using 135% CPU
Optimizing NNI: done in 2.00548 secs using 118.1% CPU
Iteration 110 / LogL: -27877.531 / Time: 0h:7m:41s (0h:6m:21s left)
Optimizing NNI: done in 2.0516 secs using 125.9% CPU
Optimizing NNI: done in 1.27569 secs using 140.2% CPU
Optimizing NNI: done in 1.58749 secs using 137% CPU
Optimizing NNI: done in 1.38042 secs using 142.9% CPU
Optimizing NNI: done in 1.07345 secs using 148.6% CPU
Optimizing NNI: done in 1.13415 secs using 149.5% CPU
Optimizing NNI: done in 2.13477 secs using 112.4% CPU
Optimizing NNI: done in 1.60199 secs using 121.2% CPU
Optimizing NNI: done in 1.61048 secs using 118% CPU
Optimizing NNI: done in 1.92103 secs using 122.9% CPU
Iteration 120 / LogL: -27880.613 / Time: 0h:7m:57s (0h:5m:21s left)
Optimizing NNI: done in 1.6102 secs using 135.2% CPU
UPDATE BEST LOG-LIKELIHOOD: -27877.492
Optimizing NNI: done in 1.35892 secs using 134.9% CPU
Optimizing NNI: done in 1.5878 secs using 121.5% CPU
Optimizing NNI: done in 1.27013 secs using 127.7% CPU
Optimizing NNI: done in 1.4954 secs using 142.1% CPU
Optimizing NNI: done in 1.28356 secs using 147.6% CPU
Optimizing NNI: done in 1.29825 secs using 136.9% CPU
Optimizing NNI: done in 1.99111 secs using 117.1% CPU
Optimizing NNI: done in 2.07371 secs using 109.3% CPU
Optimizing NNI: done in 1.65428 secs using 128.9% CPU
Iteration 130 / LogL: -27878.516 / Time: 0h:8m:13s (0h:4m:27s left)
Optimizing NNI: done in 1.75581 secs using 125.7% CPU
Optimizing NNI: done in 1.42976 secs using 125.9% CPU
Optimizing NNI: done in 2.0146 secs using 109.1% CPU
Optimizing NNI: done in 1.61596 secs using 134.2% CPU
Optimizing NNI: done in 1.31861 secs using 148.5% CPU
Optimizing NNI: done in 2.11395 secs using 107.5% CPU
Optimizing NNI: done in 1.77763 secs using 133.1% CPU
Optimizing NNI: done in 1.54581 secs using 129.5% CPU
Optimizing NNI: done in 1.75009 secs using 148.2% CPU
Optimizing NNI: done in 2.15032 secs using 126.2% CPU
Iteration 140 / LogL: -27882.945 / Time: 0h:8m:31s (0h:3m:40s left)
Optimizing NNI: done in 1.38096 secs using 163.3% CPU
Optimizing NNI: done in 1.20089 secs using 126.6% CPU
Optimizing NNI: done in 1.02796 secs using 162.8% CPU
Optimizing NNI: done in 1.90791 secs using 115.7% CPU
Optimizing NNI: done in 2.46322 secs using 123.8% CPU
Optimizing NNI: done in 1.69008 secs using 136.9% CPU
Optimizing NNI: done in 1.72455 secs using 116.8% CPU
Optimizing NNI: done in 1.98348 secs using 113.9% CPU
Optimizing NNI: done in 2.01872 secs using 112.9% CPU
Optimizing NNI: done in 1.90606 secs using 119.5% CPU
Iteration 150 / LogL: -27877.533 / Time: 0h:8m:49s (0h:2m:57s left)
Log-likelihood cutoff on original alignment: -27934.996
Optimizing NNI: done in 2.45413 secs using 94.54% CPU
Optimizing NNI: done in 2.86001 secs using 98.47% CPU
Optimizing NNI: done in 2.63949 secs using 120.3% CPU
Optimizing NNI: done in 1.91266 secs using 124.6% CPU
Optimizing NNI: done in 1.79649 secs using 114.5% CPU
Optimizing NNI: done in 1.95927 secs using 134.4% CPU
Optimizing NNI: done in 2.01958 secs using 120.4% CPU
Optimizing NNI: done in 2.01386 secs using 135.3% CPU
Optimizing NNI: done in 1.14871 secs using 157.4% CPU
Optimizing NNI: done in 1.63493 secs using 153.1% CPU
Iteration 160 / LogL: -27879.391 / Time: 0h:9m:11s (0h:2m:18s left)
Optimizing NNI: done in 2.18088 secs using 154.3% CPU
Optimizing NNI: done in 0.839678 secs using 198.7% CPU
Optimizing NNI: done in 1.26002 secs using 169.8% CPU
Optimizing NNI: done in 1.81162 secs using 131.3% CPU
Optimizing NNI: done in 1.28216 secs using 171.8% CPU
Optimizing NNI: done in 1.54495 secs using 141.1% CPU
Optimizing NNI: done in 1.66427 secs using 146.7% CPU
Optimizing NNI: done in 2.02766 secs using 132.3% CPU
Optimizing NNI: done in 1.19053 secs using 191.3% CPU
Optimizing NNI: done in 1.20858 secs using 157.8% CPU
Iteration 170 / LogL: -27877.517 / Time: 0h:9m:27s (0h:1m:40s left)
Optimizing NNI: done in 1.33461 secs using 167.8% CPU
Optimizing NNI: done in 1.47701 secs using 141.7% CPU
Optimizing NNI: done in 1.7132 secs using 134.4% CPU
Optimizing NNI: done in 2.46056 secs using 95.79% CPU
Optimizing NNI: done in 2.21524 secs using 117.3% CPU
Optimizing NNI: done in 2.15755 secs using 117.2% CPU
Optimizing NNI: done in 2.28718 secs using 116.9% CPU
Optimizing NNI: done in 2.45055 secs using 92.51% CPU
Optimizing NNI: done in 2.45815 secs using 106% CPU
Optimizing NNI: done in 1.72461 secs using 128.9% CPU
Iteration 180 / LogL: -27881.004 / Time: 0h:9m:48s (0h:1m:5s left)
Optimizing NNI: done in 2.07931 secs using 121.2% CPU
Optimizing NNI: done in 1.90989 secs using 117% CPU
Optimizing NNI: done in 2.29685 secs using 101.6% CPU
Optimizing NNI: done in 1.6352 secs using 132.2% CPU
Optimizing NNI: done in 2.24947 secs using 114.6% CPU
Optimizing NNI: done in 2.71248 secs using 121.3% CPU
Optimizing NNI: done in 1.76429 secs using 130.7% CPU
Optimizing NNI: done in 2.70957 secs using 94.02% CPU
Optimizing NNI: done in 1.24165 secs using 153% CPU
Optimizing NNI: done in 2.32604 secs using 135.3% CPU
Iteration 190 / LogL: -27878.740 / Time: 0h:10m:9s (0h:0m:32s left)
Optimizing NNI: done in 1.93342 secs using 122.4% CPU
Optimizing NNI: done in 2.55198 secs using 113.6% CPU
Optimizing NNI: done in 2.21682 secs using 110.7% CPU
Optimizing NNI: done in 3.01341 secs using 94.7% CPU
Optimizing NNI: done in 2.39158 secs using 124.2% CPU
Optimizing NNI: done in 1.78324 secs using 123.9% CPU
UPDATE BEST LOG-LIKELIHOOD: -27877.491
Optimizing NNI: done in 1.66097 secs using 135.9% CPU
Optimizing NNI: done in 1.78857 secs using 129.2% CPU
Optimizing NNI: done in 1.7972 secs using 124.4% CPU
Optimizing NNI: done in 1.52574 secs using 125.5% CPU
Iteration 200 / LogL: -27957.334 / Time: 0h:10m:30s (0h:0m:0s left)
Log-likelihood cutoff on original alignment: -27924.246
NOTE: Bootstrap correlation coefficient of split occurrence frequencies: 0.999
TREE SEARCH COMPLETED AFTER 200 ITERATIONS / Time: 0h:10m:32s

--------------------------------------------------------------------
|                    FINALIZING TREE SEARCH                        |
--------------------------------------------------------------------
Performs final model parameters optimization
Estimate model parameters (epsilon = 0.010)
1. Initial log-likelihood: -27877.491
2. Current log-likelihood: -27877.427
3. Current log-likelihood: -27877.368
4. Current log-likelihood: -27877.316
5. Current log-likelihood: -27877.268
6. Current log-likelihood: -27877.226
7. Current log-likelihood: -27877.187
8. Current log-likelihood: -27877.152
9. Current log-likelihood: -27877.121
10. Current log-likelihood: -27877.092
11. Current log-likelihood: -27877.065
12. Current log-likelihood: -27877.035
13. Current log-likelihood: -27877.016
14. Current log-likelihood: -27876.996
15. Current log-likelihood: -27876.979
16. Current log-likelihood: -27876.963
17. Current log-likelihood: -27876.948
18. Current log-likelihood: -27876.933
19. Current log-likelihood: -27876.918
20. Current log-likelihood: -27876.905
21. Current log-likelihood: -27876.892
22. Current log-likelihood: -27876.879
23. Current log-likelihood: -27876.868
24. Current log-likelihood: -27876.857
25. Current log-likelihood: -27876.845
26. Current log-likelihood: -27876.835
27. Current log-likelihood: -27876.825
Optimal log-likelihood: -27876.811
Rate parameters:  A-C: 1.14157  A-G: 3.62257  A-T: 1.06751  C-G: 1.16023  C-T: 4.05633  G-T: 1.00000
Base frequencies:  A: 0.274  C: 0.199  G: 0.219  T: 0.307
Site proportion and rates:  (0.468,0.109) (0.382,1.185) (0.141,3.080) (0.008,7.294)
Parameters optimization took 27 rounds (24.178 sec)
BEST SCORE FOUND : -27876.811
Creating bootstrap support values...
Split supports printed to NEXUS file 2G41700_iqtree_final_superstrict_excluding_hybrids.splits.nex
Total tree length: 2.591

Total number of iterations: 200
CPU time used for tree search: 574.108 sec (0h:9m:34s)
Wall-clock time used for tree search: 463.307 sec (0h:7m:43s)
Total CPU time used: 817.109 sec (0h:13m:37s)
Total wall-clock time used: 657.329 sec (0h:10m:57s)

Computing bootstrap consensus tree...
Reading input file 2G41700_iqtree_final_superstrict_excluding_hybrids.splits.nex...
133 taxa and 518 splits.
Consensus tree written to 2G41700_iqtree_final_superstrict_excluding_hybrids.contree
Reading input trees file 2G41700_iqtree_final_superstrict_excluding_hybrids.contree
Log-likelihood of consensus tree: -27876.810

Analysis results written to: 
  IQ-TREE report:                2G41700_iqtree_final_superstrict_excluding_hybrids.iqtree
  Maximum-likelihood tree:       2G41700_iqtree_final_superstrict_excluding_hybrids.treefile
  Likelihood distances:          2G41700_iqtree_final_superstrict_excluding_hybrids.mldist

Ultrafast bootstrap approximation results written to:
  Split support values:          2G41700_iqtree_final_superstrict_excluding_hybrids.splits.nex
  Consensus tree:                2G41700_iqtree_final_superstrict_excluding_hybrids.contree
  Screen log file:               2G41700_iqtree_final_superstrict_excluding_hybrids.log

ALISIM COMMAND
--------------
--alisim simulated_MSA -t 2G41700_iqtree_final_superstrict_excluding_hybrids.treefile -m "GTR{1.14157,3.62257,1.06751,1.16023,4.05633}+F{0.27448,0.199281,0.219047,0.307192}+R4{0.46808,0.109219,0.382376,1.18513,0.141213,3.08003,0.00833158,7.29393}" --length 1864

Date and Time: Fri Jun  2 09:34:31 2023
