IQ-TREE multicore version 2.2.2 COVID-edition for Linux 64-bit built Sep 20 2022
Developed by Bui Quang Minh, James Barbetti, Nguyen Lam Tung,
Olga Chernomor, Heiko Schmidt, Dominik Schrempf, Michael Woodhams, Ly Trong Nhan.

Host:    netdc-bms-c11f (AVX2, FMA3, 377 GB RAM)
Command: /home/kasper.hendriks/iqtree-2.2.2-Linux/bin/iqtree2 -s 2G41670_taper_final_superstrict_excluding_hybrids.fasta -B 1000 -nm 1000 -m GTR+F+R -nt AUTO --prefix 2G41670_iqtree_final_superstrict_excluding_hybrids
Seed:    157838 (Using SPRNG - Scalable Parallel Random Number Generator)
Time:    Fri Jun  2 09:23:23 2023
Kernel:  AVX+FMA - auto-detect threads (56 CPU cores detected)

Reading alignment file 2G41670_taper_final_superstrict_excluding_hybrids.fasta ... Fasta format detected
Reading fasta file: done in 0.000464201 secs using 99.31% CPU
Alignment most likely contains DNA/RNA sequences
Constructing alignment: done in 0.00139403 secs using 1904% CPU
Alignment has 71 sequences with 210 columns, 144 distinct patterns
84 parsimony-informative, 35 singleton sites, 91 constant sites
            Gap/Ambiguity  Composition  p-value
Analyzing sequences: done in 0.015918 secs using 1509% CPU
   1  S0055         0.00%    passed     99.40%
   2  S0278         1.43%    passed     98.23%
   3  S0282         0.00%    passed     94.59%
   4  S0288         5.24%    passed     96.84%
   5  S0289         0.95%    passed     97.42%
   6  S0292         0.00%    passed     81.01%
   7  S0294         0.00%    passed     96.73%
   8  S0303         0.00%    passed     93.65%
   9  S0355         3.33%    passed     95.57%
  10  S0400         0.00%    passed     99.69%
  11  S0405         0.00%    passed     99.83%
  12  S0412sl       0.00%    passed     91.60%
  13  S0417         0.00%    passed     93.07%
  14  S0427         0.00%    passed     98.69%
  15  S0478         7.14%    passed     99.79%
  16  S0552sl       0.00%    passed     97.09%
  17  S0558         0.00%    passed     99.44%
  18  S0641         0.00%    passed     97.35%
  19  S0645sl       0.00%    passed     99.97%
  20  S0689         0.48%    passed     98.61%
  21  S0724sl       5.24%    passed     88.12%
  22  S0735         3.33%    passed     89.44%
  23  S0742         1.43%    passed     99.17%
  24  S0756         7.62%    passed     99.40%
  25  S0763         0.00%    passed     99.83%
  26  S0770         0.00%    passed     96.19%
  27  S0888         2.38%    passed     92.59%
  28  S0959         1.43%    passed     86.39%
  29  S0960         0.00%    passed     94.77%
  30  S1129sl       4.29%    passed     90.55%
  31  S1148         0.00%    passed     96.73%
  32  S1201sl       0.00%    passed     99.23%
  33  S1211         0.00%    passed     97.36%
  34  S1223         0.00%    passed     98.51%
  35  S1227         0.00%    passed     99.49%
  36  S1235sl       0.00%    passed     96.05%
  37  S1250sl       0.00%    passed     95.11%
  38  S1260         4.29%    passed     96.09%
  39  S1278         0.00%    passed     98.89%
  40  S1315         0.00%    passed     93.32%
  41  S1332         0.00%    passed     92.23%
  42  S1366         0.00%    passed     96.95%
  43  S1369         0.00%    passed     99.49%
  44  S1370         0.00%    passed     97.35%
  45  S1375         0.00%    passed     82.25%
  46  S1376         2.86%    passed     95.88%
  47  S1381         0.00%    passed     92.85%
  48  S1422         0.48%    passed     83.90%
  49  S1449         3.33%    passed     95.23%
  50  S1460         0.00%    passed     98.31%
  51  S1462         0.00%    passed     96.52%
  52  S1539         0.00%    passed     80.89%
  53  S_670         0.00%    passed     96.97%
  54  SRR8528336    0.00%    passed     92.23%
  55  SRR8528341    0.00%    passed     96.37%
  56  SRR8528343    5.71%    passed     97.07%
  57  SRR8528347    0.00%    passed     91.06%
  58  SRR8528350    0.00%    passed     98.66%
  59  SRR8528354    0.00%    passed     99.17%
  60  SRR8528357    0.00%    passed     95.49%
  61  SRR8528359    0.00%    passed     98.60%
  62  SRR8528361    0.48%    passed     97.94%
  63  SRR8528365    0.00%    passed     99.06%
  64  SRR8528370    0.00%    passed     78.85%
  65  SRR8528372    0.00%    passed     97.36%
  66  SRR8528379    0.00%    passed     95.27%
  67  SRR8528381    4.29%    passed     90.23%
  68  SRR8528384    0.00%    passed     94.81%
  69  SRR8528389   15.71%    passed     73.98%
  70  SRR8528391    0.00%    passed     99.54%
  71  SRR8528400    0.00%    passed     89.26%
****  TOTAL         1.15%  0 sequences failed composition chi2 test (p-value<5%; df=3)
NOTE: S1369 is identical to S1227 but kept for subsequent analysis
Checking for duplicate sequences: done in 0.00748897 secs using 1760% CPU

Create initial parsimony tree by phylogenetic likelihood library (PLL)... 0.027 seconds
Generating 1000 samples for ultrafast bootstrap (seed: 157838)...

NOTE: 1 MB RAM (0 GB) is required!
Measuring multi-threading efficiency up to 56 CPU cores
Increase to 10 rounds for branch lengths
1226 trees examined
Threads: 1 / Time: 56.080 sec / Speedup: 1.000 / Efficiency: 100% / LogL: -3293
Threads: 2 / Time: 78.372 sec / Speedup: 0.716 / Efficiency: 36% / LogL: -3293
Determining AUTO threadcount: done in 134.453 secs using 109.2% CPU
BEST NUMBER OF THREADS: 1

Estimate model parameters (epsilon = 0.100)
1. Initial log-likelihood: -2244.564
2. Current log-likelihood: -2179.269
3. Current log-likelihood: -2178.296
4. Current log-likelihood: -2177.598
5. Current log-likelihood: -2176.880
6. Current log-likelihood: -2176.170
7. Current log-likelihood: -2175.575
8. Current log-likelihood: -2175.156
9. Current log-likelihood: -2174.883
10. Current log-likelihood: -2174.705
11. Current log-likelihood: -2174.583
Optimal log-likelihood: -2174.486
Rate parameters:  A-C: 0.91533  A-G: 2.52787  A-T: 0.71655  C-G: 0.90191  C-T: 3.43538  G-T: 1.00000
Base frequencies:  A: 0.322  C: 0.229  G: 0.213  T: 0.236
Site proportion and rates:  (0.406,0.137) (0.101,0.313) (0.441,1.535) (0.052,4.517)
Parameters optimization took 11 rounds (1.109 sec)
Wrote distance file to... 
Computing ML distances based on estimated model parameters...
Calculating distance matrix: done in 0.101734 secs using 52.79% CPU
Computing ML distances took 0.101958 sec (of wall-clock time) 0.053934 sec (of CPU time)
Setting up auxiliary I and S matrices: done in 0.000505924 secs using 99.82% CPU
Constructing RapidNJ tree: done in 0.000969887 secs using 99.91% CPU
Computing RapidNJ tree took 0.001588 sec (of wall-clock time) 0.001586 sec (of CPU time)
Log-likelihood of RapidNJ tree: -2181.041
--------------------------------------------------------------------
|             INITIALIZING CANDIDATE TREE SET                      |
--------------------------------------------------------------------
Generating 98 parsimony trees... 1.064 second
Computing log-likelihood of 98 initial trees ... 0.989 seconds
Current best score: -2162.445

Do NNI search on 20 best initial trees
Optimizing NNI: done in 0.219813 secs using 85.44% CPU
Estimate model parameters (epsilon = 0.100)
BETTER TREE FOUND at iteration 1: -2161.962
Optimizing NNI: done in 0.274775 secs using 65.09% CPU
BETTER TREE FOUND at iteration 2: -2161.962
Optimizing NNI: done in 0.365186 secs using 58.12% CPU
Optimizing NNI: done in 0.368741 secs using 58.97% CPU
Optimizing NNI: done in 0.228353 secs using 78.97% CPU
Optimizing NNI: done in 0.150174 secs using 89.31% CPU
Optimizing NNI: done in 0.890702 secs using 36.12% CPU
Estimate model parameters (epsilon = 0.100)
BETTER TREE FOUND at iteration 7: -2161.693
Optimizing NNI: done in 0.338554 secs using 52.2% CPU
Optimizing NNI: done in 0.304424 secs using 50.15% CPU
Optimizing NNI: done in 0.29252 secs using 49.89% CPU
Iteration 10 / LogL: -2163.979 / Time: 0h:2m:21s
Optimizing NNI: done in 0.370462 secs using 49.48% CPU
Optimizing NNI: done in 0.306611 secs using 50.52% CPU
Optimizing NNI: done in 0.351384 secs using 51.45% CPU
Optimizing NNI: done in 0.366612 secs using 49.07% CPU
BETTER TREE FOUND at iteration 14: -2161.692
Optimizing NNI: done in 0.273615 secs using 50.09% CPU
Optimizing NNI: done in 0.344443 secs using 48.08% CPU
Optimizing NNI: done in 0.315643 secs using 50.65% CPU
Optimizing NNI: done in 0.416563 secs using 49.4% CPU
Optimizing NNI: done in 0.337079 secs using 50.9% CPU
Optimizing NNI: done in 0.300438 secs using 49.32% CPU
Iteration 20 / LogL: -2165.964 / Time: 0h:2m:25s
Finish initializing candidate tree set (20)
Current best tree score: -2161.692 / CPU time: 9.428
Number of iterations: 20
--------------------------------------------------------------------
|               OPTIMIZING CANDIDATE TREE SET                      |
--------------------------------------------------------------------
Optimizing NNI: done in 0.418631 secs using 49.01% CPU
Optimizing NNI: done in 0.48706 secs using 50.55% CPU
Optimizing NNI: done in 0.586445 secs using 49.97% CPU
Optimizing NNI: done in 0.531508 secs using 49.29% CPU
Optimizing NNI: done in 0.535706 secs using 50.23% CPU
Optimizing NNI: done in 0.599687 secs using 49.77% CPU
Optimizing NNI: done in 0.655392 secs using 50.59% CPU
Optimizing NNI: done in 0.429712 secs using 51.23% CPU
Optimizing NNI: done in 0.43464 secs using 48.96% CPU
Optimizing NNI: done in 0.297129 secs using 75.8% CPU
Iteration 30 / LogL: -2167.007 / Time: 0h:2m:30s (0h:7m:15s left)
Optimizing NNI: done in 0.450577 secs using 50.39% CPU
Optimizing NNI: done in 0.448985 secs using 58.19% CPU
Optimizing NNI: done in 0.259859 secs using 59.98% CPU
Optimizing NNI: done in 0.380504 secs using 66.35% CPU
Optimizing NNI: done in 0.448784 secs using 58.57% CPU
Optimizing NNI: done in 0.263297 secs using 77.52% CPU
Optimizing NNI: done in 0.260378 secs using 65.35% CPU
Optimizing NNI: done in 0.325424 secs using 75.42% CPU
Optimizing NNI: done in 0.394053 secs using 61.58% CPU
Optimizing NNI: done in 0.270206 secs using 75.82% CPU
Iteration 40 / LogL: -2161.693 / Time: 0h:2m:34s (0h:4m:52s left)
Optimizing NNI: done in 0.283993 secs using 67.6% CPU
Optimizing NNI: done in 0.403781 secs using 68.86% CPU
Optimizing NNI: done in 0.346761 secs using 64.84% CPU
Optimizing NNI: done in 0.195238 secs using 83.6% CPU
Optimizing NNI: done in 0.459662 secs using 60.37% CPU
Optimizing NNI: done in 0.210589 secs using 90.49% CPU
Optimizing NNI: done in 0.244737 secs using 80.39% CPU
Optimizing NNI: done in 0.394555 secs using 68.84% CPU
Optimizing NNI: done in 0.336982 secs using 58.19% CPU
Optimizing NNI: done in 0.480788 secs using 50.08% CPU
Iteration 50 / LogL: -2161.693 / Time: 0h:2m:37s (0h:3m:25s left)
Log-likelihood cutoff on original alignment: -2188.210
Optimizing NNI: done in 0.328284 secs using 65.89% CPU
Optimizing NNI: done in 0.504393 secs using 50.97% CPU
Optimizing NNI: done in 0.430312 secs using 58.11% CPU
Optimizing NNI: done in 0.417573 secs using 50.19% CPU
Optimizing NNI: done in 0.474896 secs using 49.46% CPU
Optimizing NNI: done in 0.545954 secs using 50.18% CPU
Optimizing NNI: done in 0.423652 secs using 50.9% CPU
Optimizing NNI: done in 0.433729 secs using 52.04% CPU
Optimizing NNI: done in 0.398854 secs using 62.76% CPU
Optimizing NNI: done in 0.292715 secs using 68.82% CPU
Iteration 60 / LogL: -2167.007 / Time: 0h:2m:42s (0h:2m:29s left)
Optimizing NNI: done in 0.475238 secs using 49.51% CPU
Optimizing NNI: done in 0.420043 secs using 50.02% CPU
Optimizing NNI: done in 0.264883 secs using 50.03% CPU
Optimizing NNI: done in 0.399304 secs using 49.93% CPU
Optimizing NNI: done in 0.486717 secs using 50.72% CPU
Optimizing NNI: done in 0.525607 secs using 50.13% CPU
Optimizing NNI: done in 0.507519 secs using 48.9% CPU
Optimizing NNI: done in 0.40372 secs using 51.68% CPU
Optimizing NNI: done in 0.361796 secs using 50.23% CPU
Optimizing NNI: done in 0.422711 secs using 50.5% CPU
Iteration 70 / LogL: -2168.280 / Time: 0h:2m:47s (0h:1m:46s left)
Optimizing NNI: done in 0.482704 secs using 50.28% CPU
Optimizing NNI: done in 0.498471 secs using 52.64% CPU
Optimizing NNI: done in 0.266232 secs using 75.64% CPU
Optimizing NNI: done in 0.34391 secs using 78.9% CPU
Optimizing NNI: done in 0.237479 secs using 79.65% CPU
Optimizing NNI: done in 0.475805 secs using 63.78% CPU
Optimizing NNI: done in 0.271116 secs using 66.07% CPU
Optimizing NNI: done in 0.185253 secs using 95.17% CPU
Optimizing NNI: done in 0.342626 secs using 64.77% CPU
Optimizing NNI: done in 0.2954 secs using 72.78% CPU
Iteration 80 / LogL: -2161.693 / Time: 0h:2m:51s (0h:1m:13s left)
Optimizing NNI: done in 0.309624 secs using 59.14% CPU
Optimizing NNI: done in 0.249438 secs using 88.42% CPU
Optimizing NNI: done in 0.229665 secs using 70.28% CPU
Optimizing NNI: done in 0.514295 secs using 61.28% CPU
Optimizing NNI: done in 0.333176 secs using 83.18% CPU
Optimizing NNI: done in 0.328812 secs using 62.71% CPU
Optimizing NNI: done in 0.269788 secs using 66.65% CPU
Optimizing NNI: done in 0.231069 secs using 88.99% CPU
Optimizing NNI: done in 0.243132 secs using 75.08% CPU
Optimizing NNI: done in 0.195284 secs using 94.65% CPU
Iteration 90 / LogL: -2167.006 / Time: 0h:2m:54s (0h:0m:47s left)
Optimizing NNI: done in 0.349921 secs using 60.66% CPU
Optimizing NNI: done in 0.492152 secs using 32.4% CPU
Optimizing NNI: done in 0.495543 secs using 60.83% CPU
Optimizing NNI: done in 0.298834 secs using 85.27% CPU
Optimizing NNI: done in 0.316986 secs using 62.08% CPU
Optimizing NNI: done in 0.354283 secs using 73.99% CPU
Optimizing NNI: done in 0.361053 secs using 78.05% CPU
Optimizing NNI: done in 0.330676 secs using 92.16% CPU
Optimizing NNI: done in 0.179159 secs using 83.33% CPU
Optimizing NNI: done in 0.217408 secs using 86.51% CPU
Iteration 100 / LogL: -2161.693 / Time: 0h:2m:57s (0h:0m:25s left)
Log-likelihood cutoff on original alignment: -2187.279
NOTE: Bootstrap correlation coefficient of split occurrence frequencies: 0.997
Optimizing NNI: done in 0.318955 secs using 89.97% CPU
Optimizing NNI: done in 0.352575 secs using 81.88% CPU
Optimizing NNI: done in 0.469786 secs using 54.84% CPU
Optimizing NNI: done in 0.315716 secs using 62.72% CPU
Optimizing NNI: done in 0.584747 secs using 36.54% CPU
Optimizing NNI: done in 0.322565 secs using 86.28% CPU
Optimizing NNI: done in 0.350618 secs using 65.56% CPU
Optimizing NNI: done in 0.39682 secs using 55.66% CPU
Optimizing NNI: done in 0.226756 secs using 50.35% CPU
Optimizing NNI: done in 0.127191 secs using 99.98% CPU
Iteration 110 / LogL: -2176.006 / Time: 0h:3m:2s (0h:2m:30s left)
Optimizing NNI: done in 0.363871 secs using 70.78% CPU
Optimizing NNI: done in 0.289143 secs using 72.08% CPU
Optimizing NNI: done in 0.153877 secs using 58.58% CPU
Optimizing NNI: done in 0.289788 secs using 66.95% CPU
Optimizing NNI: done in 0.242082 secs using 85% CPU
TREE SEARCH COMPLETED AFTER 115 ITERATIONS / Time: 0h:3m:3s

--------------------------------------------------------------------
|                    FINALIZING TREE SEARCH                        |
--------------------------------------------------------------------
Performs final model parameters optimization
Estimate model parameters (epsilon = 0.010)
1. Initial log-likelihood: -2161.692
2. Current log-likelihood: -2161.674
3. Current log-likelihood: -2161.657
4. Current log-likelihood: -2161.640
5. Current log-likelihood: -2161.625
6. Current log-likelihood: -2161.610
7. Current log-likelihood: -2161.596
8. Current log-likelihood: -2161.583
9. Current log-likelihood: -2161.570
10. Current log-likelihood: -2161.558
11. Current log-likelihood: -2161.546
12. Current log-likelihood: -2161.535
13. Current log-likelihood: -2161.524
14. Current log-likelihood: -2161.514
15. Current log-likelihood: -2161.504
Optimal log-likelihood: -2161.490
Rate parameters:  A-C: 0.94491  A-G: 2.74666  A-T: 0.70489  C-G: 0.92180  C-T: 3.76991  G-T: 1.00000
Base frequencies:  A: 0.322  C: 0.229  G: 0.213  T: 0.236
Site proportion and rates:  (0.441,0.121) (0.045,0.278) (0.465,1.524) (0.049,4.574)
Parameters optimization took 15 rounds (1.362 sec)
BEST SCORE FOUND : -2161.490
Creating bootstrap support values...
Split supports printed to NEXUS file 2G41670_iqtree_final_superstrict_excluding_hybrids.splits.nex
Total tree length: 1.681

Total number of iterations: 115
CPU time used for tree search: 28.981 sec (0h:0m:28s)
Wall-clock time used for tree search: 47.880 sec (0h:0m:47s)
Total CPU time used: 179.590 sec (0h:2m:59s)
Total wall-clock time used: 185.560 sec (0h:3m:5s)

Computing bootstrap consensus tree...
Reading input file 2G41670_iqtree_final_superstrict_excluding_hybrids.splits.nex...
71 taxa and 915 splits.
Consensus tree written to 2G41670_iqtree_final_superstrict_excluding_hybrids.contree
Reading input trees file 2G41670_iqtree_final_superstrict_excluding_hybrids.contree
Log-likelihood of consensus tree: -2164.060

Analysis results written to: 
  IQ-TREE report:                2G41670_iqtree_final_superstrict_excluding_hybrids.iqtree
  Maximum-likelihood tree:       2G41670_iqtree_final_superstrict_excluding_hybrids.treefile
  Likelihood distances:          2G41670_iqtree_final_superstrict_excluding_hybrids.mldist

Ultrafast bootstrap approximation results written to:
  Split support values:          2G41670_iqtree_final_superstrict_excluding_hybrids.splits.nex
  Consensus tree:                2G41670_iqtree_final_superstrict_excluding_hybrids.contree
  Screen log file:               2G41670_iqtree_final_superstrict_excluding_hybrids.log

ALISIM COMMAND
--------------
--alisim simulated_MSA -t 2G41670_iqtree_final_superstrict_excluding_hybrids.treefile -m "GTR{0.944908,2.74666,0.704885,0.921798,3.76991}+F{0.322176,0.229148,0.212765,0.235912}+R4{0.440799,0.121471,0.0445787,0.278483,0.465455,1.52358,0.0491676,4.57382}" --length 210

Date and Time: Fri Jun  2 09:26:29 2023
