IQ-TREE multicore version 2.2.2 COVID-edition for Linux 64-bit built Sep 20 2022
Developed by Bui Quang Minh, James Barbetti, Nguyen Lam Tung,
Olga Chernomor, Heiko Schmidt, Dominik Schrempf, Michael Woodhams, Ly Trong Nhan.

Host:    netdc-bms-c11f (AVX2, FMA3, 377 GB RAM)
Command: /home/kasper.hendriks/iqtree-2.2.2-Linux/bin/iqtree2 -s 3G19180_taper_final_superstrict_excluding_hybrids.fasta -B 1000 -nm 1000 -m GTR+F+R -nt AUTO --prefix 3G19180_iqtree_final_superstrict_excluding_hybrids
Seed:    981884 (Using SPRNG - Scalable Parallel Random Number Generator)
Time:    Fri Jun  2 09:26:57 2023
Kernel:  AVX+FMA - auto-detect threads (56 CPU cores detected)

Reading alignment file 3G19180_taper_final_superstrict_excluding_hybrids.fasta ... Fasta format detected
Reading fasta file: done in 0.0022049 secs using 8.663% CPU
Alignment most likely contains DNA/RNA sequences
Constructing alignment: done in 0.0056839 secs using 1188% CPU
Alignment has 130 sequences with 752 columns, 603 distinct patterns
405 parsimony-informative, 131 singleton sites, 216 constant sites
               Gap/Ambiguity  Composition  p-value
Analyzing sequences: done in 0.017004 secs using 1422% CPU
   1  PAFTOL_019361   59.31%    passed     78.02%
   2  S0055            0.00%    passed     97.37%
   3  S0196sl         12.23%    passed     90.31%
   4  S0278            0.00%    passed     95.65%
   5  S0281            0.27%    passed     95.83%
   6  S0282            0.66%    passed     96.28%
   7  S0288           12.50%    passed     67.55%
   8  S0289            0.00%    passed     99.80%
   9  S0292            0.40%    passed     86.87%
  10  S0293            0.40%    passed     98.08%
  11  S0294            5.45%    passed     58.77%
  12  S0299            1.06%    passed     95.74%
  13  S0303            1.46%    passed     99.55%
  14  S0308           44.95%    passed     84.68%
  15  S0320            0.80%    passed     99.73%
  16  S0322            0.00%    passed     99.84%
  17  S0327            0.00%    passed     98.89%
  18  S0335            0.40%    passed     98.93%
  19  S0376            3.86%    passed     89.81%
  20  S0400            0.00%    passed     92.70%
  21  S0405            0.40%    passed     95.98%
  22  S0407sl          2.79%    passed     99.83%
  23  S0412sl          5.32%    passed     98.29%
  24  S0417            0.53%    passed     98.06%
  25  S0419            0.00%    passed     99.37%
  26  S0427            0.00%    passed     97.01%
  27  S0428sl          5.98%    passed     96.81%
  28  S0430            0.00%    passed     98.06%
  29  S0478            0.00%    passed     88.97%
  30  S0552sl          0.66%    passed     99.39%
  31  S0558            0.40%    passed     95.45%
  32  S0616            0.40%    passed     96.12%
  33  S0620            0.00%    passed     84.74%
  34  S0624            0.00%    passed     97.06%
  35  S0641            0.00%    passed     98.29%
  36  S0643            0.13%    passed     96.66%
  37  S0645sl          0.40%    passed     99.65%
  38  S0656sl          0.40%    passed     98.69%
  39  S0673            0.00%    passed     94.52%
  40  S0689            0.40%    passed     94.90%
  41  S0690            1.73%    passed     98.74%
  42  S0720            0.00%    passed     98.11%
  43  S0724sl          0.00%    passed     97.73%
  44  S0735            0.40%    passed     62.45%
  45  S0742            0.00%    passed     96.81%
  46  S0748            0.66%    passed     94.94%
  47  S0756            0.00%    passed     99.92%
  48  S0758            0.00%    passed     93.26%
  49  S0760            0.00%    passed     97.58%
  50  S0763            0.00%    passed     99.68%
  51  S0770            0.00%    passed     98.62%
  52  S0771            0.00%    passed     85.19%
  53  S0795            0.40%    passed     85.65%
  54  S0888            1.86%    passed     92.92%
  55  S0894            2.39%    passed     97.27%
  56  S0899            0.00%    passed     99.80%
  57  S0906            0.00%    passed     95.26%
  58  S0951            2.39%    passed     99.75%
  59  S0952            0.93%    passed     98.15%
  60  S0956            0.53%    passed     98.10%
  61  S0959            0.00%    passed     98.86%
  62  S0960            0.27%    passed     99.54%
  63  S0964            0.53%    passed     95.45%
  64  S1052sl         44.41%    passed     98.17%
  65  S1083            0.00%    passed     99.32%
  66  S1100            0.00%    passed     85.23%
  67  S1102            0.53%    passed     92.19%
  68  S1110            1.99%    passed     90.60%
  69  S1120            6.65%    passed     75.37%
  70  S1128            2.66%    passed     78.22%
  71  S1129sl          3.46%    passed     81.55%
  72  S1148            4.39%    passed     77.64%
  73  S1177            0.00%    passed     97.11%
  74  S1180           47.87%    passed     74.05%
  75  S1187sl         90.03%    passed      9.52%
  76  S1189            0.00%    passed     91.63%
  77  S1201sl          0.00%    passed     95.00%
  78  S1210            7.98%    passed     97.84%
  79  S1211            0.00%    passed     95.55%
  80  S1214sl         44.28%    passed     79.12%
  81  S1223            1.60%    passed     80.98%
  82  S1227            0.00%    passed     99.19%
  83  S1235sl          0.00%    passed     99.45%
  84  S1239           44.95%    passed     83.43%
  85  S1245            0.13%    passed     97.50%
  86  S1246            0.27%    passed     99.15%
  87  S1249            0.66%    passed     96.11%
  88  S1250sl          0.40%    passed     99.93%
  89  S1251            0.13%    passed     99.87%
  90  S1260            0.66%    passed     99.79%
  91  S1266sl          0.80%    passed     96.80%
  92  S1269            0.66%    passed     98.47%
  93  S1278            0.00%    passed     94.05%
  94  S1315            2.93%    passed     98.10%
  95  S1332            0.00%    passed     97.14%
  96  S1366            1.60%    passed     83.92%
  97  S1369           55.72%    passed     94.51%
  98  S1370            0.66%    passed     99.05%
  99  S1375            0.93%    passed     98.15%
 100  S1376            0.00%    passed     72.50%
 101  S1381            0.00%    passed     92.97%
 102  S1405            0.27%    passed     87.47%
 103  S1422            0.80%    passed     86.67%
 104  S1449            0.00%    passed     88.26%
 105  S1451            0.00%    passed     97.69%
 106  S1460            0.13%    passed     89.71%
 107  S1462            0.00%    passed     98.86%
 108  S1475            4.79%    passed     91.01%
 109  S1498            0.00%    passed     99.87%
 110  S1539            0.00%    passed     87.50%
 111  S_670            0.66%    passed     97.52%
 112  SRR11470320      0.13%    passed     98.36%
 113  SRR8528336       1.46%    passed     95.38%
 114  SRR8528341       0.00%    passed     97.84%
 115  SRR8528343       0.80%    passed     98.06%
 116  SRR8528347       0.00%    passed     94.89%
 117  SRR8528350       0.00%    passed     76.02%
 118  SRR8528354       0.00%    passed     93.02%
 119  SRR8528357       0.00%    passed     82.41%
 120  SRR8528359       0.40%    passed     97.71%
 121  SRR8528361       1.60%    passed     96.54%
 122  SRR8528365       0.00%    passed     98.00%
 123  SRR8528370       0.00%    passed     98.07%
 124  SRR8528372       0.00%    passed     99.44%
 125  SRR8528379       0.00%    passed     94.06%
 126  SRR8528381       9.04%    passed     43.34%
 127  SRR8528384       0.00%    passed     96.72%
 128  SRR8528389       0.00%    passed     94.48%
 129  SRR8528391       0.13%    passed     99.51%
 130  SRR8528400       0.13%    passed     97.52%
WARNING: 3 sequences contain more than 50% gaps/ambiguity
****  TOTAL            4.31%  0 sequences failed composition chi2 test (p-value<5%; df=3)
Checking for duplicate sequences: done in 0.0148551 secs using 1353% CPU

Create initial parsimony tree by phylogenetic likelihood library (PLL)... 0.045 seconds
Generating 1000 samples for ultrafast bootstrap (seed: 981884)...

NOTE: 12 MB RAM (0 GB) is required!
Measuring multi-threading efficiency up to 56 CPU cores
Increase to 10 rounds for branch lengths
121 trees examined
Threads: 1 / Time: 56.157 sec / Speedup: 1.000 / Efficiency: 100% / LogL: -22516
Threads: 2 / Time: 51.343 sec / Speedup: 1.094 / Efficiency: 55% / LogL: -22516
Threads: 3 / Time: 52.151 sec / Speedup: 1.077 / Efficiency: 36% / LogL: -22516
Determining AUTO threadcount: done in 159.665 secs using 120.5% CPU
BEST NUMBER OF THREADS: 2

Estimate model parameters (epsilon = 0.100)
1. Initial log-likelihood: -13291.149
2. Current log-likelihood: -12890.018
3. Current log-likelihood: -12883.435
4. Current log-likelihood: -12880.296
5. Current log-likelihood: -12878.818
6. Current log-likelihood: -12878.189
7. Current log-likelihood: -12877.935
8. Current log-likelihood: -12877.815
Optimal log-likelihood: -12877.715
Rate parameters:  A-C: 0.85531  A-G: 2.96616  A-T: 0.88419  C-G: 0.86676  C-T: 2.89730  G-T: 1.00000
Base frequencies:  A: 0.297  C: 0.205  G: 0.229  T: 0.269
Site proportion and rates:  (0.383,0.145) (0.167,0.882) (0.344,1.292) (0.106,3.326)
Parameters optimization took 8 rounds (3.826 sec)
Wrote distance file to... 
Computing ML distances based on estimated model parameters...
Calculating distance matrix: done in 0.078615 secs using 200% CPU
Computing ML distances took 0.079140 sec (of wall-clock time) 0.158242 sec (of CPU time)
Setting up auxiliary I and S matrices: done in 0.00068903 secs using 157.5% CPU
Constructing RapidNJ tree: done in 0.00331497 secs using 94.54% CPU
Computing RapidNJ tree took 0.004150 sec (of wall-clock time) 0.004418 sec (of CPU time)
Log-likelihood of RapidNJ tree: -13318.299
--------------------------------------------------------------------
|             INITIALIZING CANDIDATE TREE SET                      |
--------------------------------------------------------------------
Generating 98 parsimony trees... 3.422 second
Computing log-likelihood of 98 initial trees ... 5.104 seconds
Current best score: -12856.715

Do NNI search on 20 best initial trees
Optimizing NNI: done in 0.73998 secs using 184.2% CPU
Estimate model parameters (epsilon = 0.100)
BETTER TREE FOUND at iteration 1: -12844.278
Optimizing NNI: done in 0.993703 secs using 129.6% CPU
Optimizing NNI: done in 1.10363 secs using 121.5% CPU
Optimizing NNI: done in 1.41057 secs using 126.9% CPU
Estimate model parameters (epsilon = 0.100)
BETTER TREE FOUND at iteration 4: -12840.730
Optimizing NNI: done in 1.06196 secs using 141.1% CPU
BETTER TREE FOUND at iteration 5: -12840.721
Optimizing NNI: done in 1.18119 secs using 134.8% CPU
Optimizing NNI: done in 1.22857 secs using 150.8% CPU
Optimizing NNI: done in 0.787984 secs using 173.7% CPU
Optimizing NNI: done in 1.03997 secs using 149.3% CPU
Optimizing NNI: done in 1.47541 secs using 126.7% CPU
Iteration 10 / LogL: -12840.723 / Time: 0h:3m:4s
Optimizing NNI: done in 1.60045 secs using 114.5% CPU
Optimizing NNI: done in 1.11351 secs using 147.8% CPU
Optimizing NNI: done in 1.5311 secs using 123.1% CPU
Optimizing NNI: done in 1.30116 secs using 116.1% CPU
Optimizing NNI: done in 1.0462 secs using 163.1% CPU
Optimizing NNI: done in 0.786783 secs using 174.4% CPU
Optimizing NNI: done in 1.45955 secs using 121.6% CPU
Optimizing NNI: done in 1.16648 secs using 148.7% CPU
Optimizing NNI: done in 1.21797 secs using 155.9% CPU
Optimizing NNI: done in 1.41296 secs using 119.1% CPU
Iteration 20 / LogL: -12850.125 / Time: 0h:3m:17s
Finish initializing candidate tree set (20)
Current best tree score: -12840.721 / CPU time: 33.305
Number of iterations: 20
--------------------------------------------------------------------
|               OPTIMIZING CANDIDATE TREE SET                      |
--------------------------------------------------------------------
Optimizing NNI: done in 1.41545 secs using 104.5% CPU
Optimizing NNI: done in 1.72766 secs using 132.4% CPU
Optimizing NNI: done in 2.27842 secs using 118% CPU
Estimate model parameters (epsilon = 0.100)
BETTER TREE FOUND at iteration 23: -12840.455
Optimizing NNI: done in 2.03424 secs using 120.6% CPU
Optimizing NNI: done in 2.12891 secs using 123.5% CPU
Optimizing NNI: done in 2.68041 secs using 117.9% CPU
Optimizing NNI: done in 1.50461 secs using 132.9% CPU
Optimizing NNI: done in 1.8292 secs using 122.6% CPU
Optimizing NNI: done in 1.86746 secs using 120% CPU
Optimizing NNI: done in 2.10472 secs using 117.1% CPU
Iteration 30 / LogL: -12844.402 / Time: 0h:3m:37s (0h:11m:38s left)
Optimizing NNI: done in 1.10632 secs using 139.6% CPU
Optimizing NNI: done in 1.05223 secs using 148.9% CPU
Optimizing NNI: done in 1.08273 secs using 160.1% CPU
Optimizing NNI: done in 1.09243 secs using 159.4% CPU
Optimizing NNI: done in 1.53641 secs using 130.9% CPU
Optimizing NNI: done in 1.62757 secs using 136.5% CPU
Optimizing NNI: done in 1.00755 secs using 113.8% CPU
Optimizing NNI: done in 2.1781 secs using 107.8% CPU
Optimizing NNI: done in 1.29996 secs using 132.6% CPU
Optimizing NNI: done in 1.26195 secs using 129.2% CPU
Iteration 40 / LogL: -12840.554 / Time: 0h:3m:51s (0h:8m:12s left)
Optimizing NNI: done in 1.45924 secs using 131.7% CPU
Optimizing NNI: done in 1.51286 secs using 130.2% CPU
Optimizing NNI: done in 1.79734 secs using 129.5% CPU
Optimizing NNI: done in 1.12467 secs using 137% CPU
BETTER TREE FOUND at iteration 44: -12840.450
Optimizing NNI: done in 1.43808 secs using 127.1% CPU
Optimizing NNI: done in 1.12374 secs using 148.6% CPU
Optimizing NNI: done in 1.25326 secs using 145.8% CPU
Optimizing NNI: done in 0.716501 secs using 175.4% CPU
Optimizing NNI: done in 1.03944 secs using 143.1% CPU
Optimizing NNI: done in 1.28729 secs using 129.6% CPU
Iteration 50 / LogL: -12840.540 / Time: 0h:4m:4s (0h:7m:48s left)
Log-likelihood cutoff on original alignment: -12878.800
Optimizing NNI: done in 1.39287 secs using 113.1% CPU
BETTER TREE FOUND at iteration 51: -12840.449
Optimizing NNI: done in 1.38905 secs using 128.5% CPU
Optimizing NNI: done in 0.909551 secs using 139.6% CPU
Optimizing NNI: done in 0.887673 secs using 154.4% CPU
BETTER TREE FOUND at iteration 54: -12840.448
Optimizing NNI: done in 1.18968 secs using 125.8% CPU
Optimizing NNI: done in 1.26556 secs using 129.9% CPU
Optimizing NNI: done in 1.21673 secs using 146% CPU
Optimizing NNI: done in 1.10163 secs using 147.1% CPU
Optimizing NNI: done in 1.1267 secs using 134.7% CPU
Optimizing NNI: done in 0.859415 secs using 152.1% CPU
Iteration 60 / LogL: -12845.600 / Time: 0h:4m:17s (0h:6m:49s left)
Optimizing NNI: done in 1.34315 secs using 149.6% CPU
Optimizing NNI: done in 1.49557 secs using 113.3% CPU
Optimizing NNI: done in 1.2674 secs using 125.6% CPU
Optimizing NNI: done in 1.43567 secs using 127.7% CPU
Optimizing NNI: done in 1.66569 secs using 106.6% CPU
Optimizing NNI: done in 2.16678 secs using 97.77% CPU
Optimizing NNI: done in 1.47773 secs using 119.3% CPU
Optimizing NNI: done in 1.33789 secs using 128.8% CPU
Optimizing NNI: done in 0.849906 secs using 164.2% CPU
Optimizing NNI: done in 0.661913 secs using 192.8% CPU
Iteration 70 / LogL: -12844.995 / Time: 0h:4m:31s (0h:5m:30s left)
Optimizing NNI: done in 0.905231 secs using 151.2% CPU
Optimizing NNI: done in 1.42693 secs using 117.8% CPU
Optimizing NNI: done in 1.33462 secs using 131.5% CPU
Optimizing NNI: done in 1.48072 secs using 130% CPU
Optimizing NNI: done in 1.44939 secs using 144% CPU
Optimizing NNI: done in 1.54012 secs using 116.2% CPU
Optimizing NNI: done in 1.45969 secs using 118.1% CPU
Optimizing NNI: done in 1.05056 secs using 134.8% CPU
Optimizing NNI: done in 1.64232 secs using 135.9% CPU
Optimizing NNI: done in 2.02793 secs using 109.9% CPU
Iteration 80 / LogL: -12840.466 / Time: 0h:4m:45s (0h:4m:27s left)
Optimizing NNI: done in 1.5292 secs using 115.1% CPU
Optimizing NNI: done in 1.78977 secs using 120.1% CPU
Optimizing NNI: done in 1.74734 secs using 114.6% CPU
Optimizing NNI: done in 1.28908 secs using 128.7% CPU
Optimizing NNI: done in 1.27966 secs using 118% CPU
Optimizing NNI: done in 1.19648 secs using 123.3% CPU
Optimizing NNI: done in 0.850104 secs using 119.9% CPU
Optimizing NNI: done in 0.862685 secs using 155.7% CPU
Optimizing NNI: done in 0.800061 secs using 166.4% CPU
Optimizing NNI: done in 0.933807 secs using 162.9% CPU
Iteration 90 / LogL: -12845.965 / Time: 0h:4m:58s (0h:3m:34s left)
Optimizing NNI: done in 1.45507 secs using 115% CPU
Optimizing NNI: done in 1.67469 secs using 116.6% CPU
Optimizing NNI: done in 1.16956 secs using 133.8% CPU
Optimizing NNI: done in 1.31567 secs using 128.9% CPU
Optimizing NNI: done in 1.02517 secs using 151% CPU
Optimizing NNI: done in 1.08357 secs using 147.6% CPU
Optimizing NNI: done in 1.70925 secs using 119.2% CPU
Optimizing NNI: done in 1.76504 secs using 92.94% CPU
Optimizing NNI: done in 1.01315 secs using 95.28% CPU
Optimizing NNI: done in 1.11249 secs using 165% CPU
Iteration 100 / LogL: -12845.598 / Time: 0h:5m:12s (0h:2m:50s left)
Log-likelihood cutoff on original alignment: -12878.800
NOTE: Bootstrap correlation coefficient of split occurrence frequencies: 0.998
Optimizing NNI: done in 1.32292 secs using 132.8% CPU
Optimizing NNI: done in 1.53578 secs using 114.5% CPU
Optimizing NNI: done in 1.78986 secs using 108.2% CPU
Optimizing NNI: done in 1.76976 secs using 103.9% CPU
Optimizing NNI: done in 1.93428 secs using 102% CPU
Optimizing NNI: done in 1.12888 secs using 120.6% CPU
Optimizing NNI: done in 1.75828 secs using 123.7% CPU
Optimizing NNI: done in 0.992181 secs using 156.3% CPU
Optimizing NNI: done in 0.848218 secs using 165.6% CPU
Optimizing NNI: done in 1.62241 secs using 108.3% CPU
Iteration 110 / LogL: -12840.491 / Time: 0h:5m:28s (0h:4m:31s left)
Optimizing NNI: done in 1.12257 secs using 124.9% CPU
Optimizing NNI: done in 1.81772 secs using 100% CPU
Optimizing NNI: done in 1.26362 secs using 132.3% CPU
Optimizing NNI: done in 1.09066 secs using 159.1% CPU
Optimizing NNI: done in 1.54316 secs using 127.9% CPU
Optimizing NNI: done in 0.941204 secs using 78.35% CPU
Optimizing NNI: done in 0.960477 secs using 136.4% CPU
Optimizing NNI: done in 1.73028 secs using 121.8% CPU
Optimizing NNI: done in 1.44799 secs using 132% CPU
Optimizing NNI: done in 1.90515 secs using 113.6% CPU
Iteration 120 / LogL: -12844.172 / Time: 0h:5m:42s (0h:3m:50s left)
Optimizing NNI: done in 1.12404 secs using 173% CPU
Optimizing NNI: done in 0.786772 secs using 166.5% CPU
Optimizing NNI: done in 1.254 secs using 151% CPU
Optimizing NNI: done in 0.802626 secs using 147.8% CPU
Optimizing NNI: done in 1.27435 secs using 120.2% CPU
Optimizing NNI: done in 1.19942 secs using 135.9% CPU
Optimizing NNI: done in 1.17206 secs using 125.4% CPU
Optimizing NNI: done in 1.21197 secs using 122% CPU
Optimizing NNI: done in 1.4661 secs using 159.1% CPU
Optimizing NNI: done in 1.2465 secs using 140.4% CPU
Iteration 130 / LogL: -12842.486 / Time: 0h:5m:54s (0h:3m:12s left)
Optimizing NNI: done in 0.964633 secs using 164.4% CPU
Optimizing NNI: done in 1.59956 secs using 140.9% CPU
Optimizing NNI: done in 1.7063 secs using 121% CPU
Optimizing NNI: done in 1.61288 secs using 114.9% CPU
Optimizing NNI: done in 1.4635 secs using 147% CPU
Optimizing NNI: done in 1.4284 secs using 133.7% CPU
Optimizing NNI: done in 1.48255 secs using 113.3% CPU
Optimizing NNI: done in 1.78683 secs using 112.6% CPU
Optimizing NNI: done in 1.71967 secs using 98.65% CPU
Optimizing NNI: done in 1.30074 secs using 126.2% CPU
Iteration 140 / LogL: -12840.452 / Time: 0h:6m:10s (0h:2m:39s left)
Optimizing NNI: done in 1.37027 secs using 122.5% CPU
Optimizing NNI: done in 1.15861 secs using 146.1% CPU
Optimizing NNI: done in 1.25902 secs using 156.1% CPU
Optimizing NNI: done in 1.96087 secs using 123.3% CPU
Optimizing NNI: done in 1.41488 secs using 110.8% CPU
Optimizing NNI: done in 1.52418 secs using 121.8% CPU
Optimizing NNI: done in 1.77086 secs using 115.7% CPU
Optimizing NNI: done in 1.09339 secs using 123.1% CPU
Optimizing NNI: done in 1.4645 secs using 108.9% CPU
Optimizing NNI: done in 1.87969 secs using 105% CPU
Iteration 150 / LogL: -12848.357 / Time: 0h:6m:25s (0h:2m:9s left)
Log-likelihood cutoff on original alignment: -12878.800
Optimizing NNI: done in 1.5102 secs using 90.93% CPU
Optimizing NNI: done in 2.98832 secs using 97.1% CPU
Optimizing NNI: done in 1.46541 secs using 121.2% CPU
Optimizing NNI: done in 0.700283 secs using 146.9% CPU
Optimizing NNI: done in 0.91297 secs using 148.2% CPU
TREE SEARCH COMPLETED AFTER 155 ITERATIONS / Time: 0h:6m:34s

--------------------------------------------------------------------
|                    FINALIZING TREE SEARCH                        |
--------------------------------------------------------------------
Performs final model parameters optimization
Estimate model parameters (epsilon = 0.010)
1. Initial log-likelihood: -12840.448
2. Current log-likelihood: -12840.412
3. Current log-likelihood: -12840.361
4. Current log-likelihood: -12840.314
5. Current log-likelihood: -12840.268
6. Current log-likelihood: -12840.224
7. Current log-likelihood: -12840.181
8. Current log-likelihood: -12840.140
9. Current log-likelihood: -12840.100
10. Current log-likelihood: -12840.062
11. Current log-likelihood: -12840.025
12. Current log-likelihood: -12839.990
13. Current log-likelihood: -12839.956
14. Current log-likelihood: -12839.923
15. Current log-likelihood: -12839.890
16. Current log-likelihood: -12839.859
17. Current log-likelihood: -12839.828
18. Current log-likelihood: -12839.798
19. Current log-likelihood: -12839.769
20. Current log-likelihood: -12839.747
21. Current log-likelihood: -12839.717
22. Current log-likelihood: -12839.697
23. Current log-likelihood: -12839.668
24. Current log-likelihood: -12839.647
25. Current log-likelihood: -12839.618
26. Current log-likelihood: -12839.598
27. Current log-likelihood: -12839.577
28. Current log-likelihood: -12839.557
29. Current log-likelihood: -12839.536
30. Current log-likelihood: -12839.515
31. Current log-likelihood: -12839.495
32. Current log-likelihood: -12839.475
33. Current log-likelihood: -12839.454
34. Current log-likelihood: -12839.434
35. Current log-likelihood: -12839.414
36. Current log-likelihood: -12839.393
37. Current log-likelihood: -12839.373
38. Current log-likelihood: -12839.352
39. Current log-likelihood: -12839.332
40. Current log-likelihood: -12839.311
41. Current log-likelihood: -12839.291
42. Current log-likelihood: -12839.270
43. Current log-likelihood: -12839.249
44. Current log-likelihood: -12839.228
45. Current log-likelihood: -12839.206
46. Current log-likelihood: -12839.184
47. Current log-likelihood: -12839.162
48. Current log-likelihood: -12839.140
49. Current log-likelihood: -12839.116
50. Current log-likelihood: -12839.093
51. Current log-likelihood: -12839.069
52. Current log-likelihood: -12839.044
53. Current log-likelihood: -12839.019
54. Current log-likelihood: -12838.993
55. Current log-likelihood: -12838.966
56. Current log-likelihood: -12838.938
57. Current log-likelihood: -12838.910
58. Current log-likelihood: -12838.881
59. Current log-likelihood: -12838.850
60. Current log-likelihood: -12838.818
61. Current log-likelihood: -12838.786
62. Current log-likelihood: -12838.751
63. Current log-likelihood: -12838.715
64. Current log-likelihood: -12838.677
65. Current log-likelihood: -12838.636
66. Current log-likelihood: -12838.594
67. Current log-likelihood: -12838.548
68. Current log-likelihood: -12838.500
69. Current log-likelihood: -12838.450
70. Current log-likelihood: -12838.395
71. Current log-likelihood: -12838.335
72. Current log-likelihood: -12838.271
73. Current log-likelihood: -12838.201
74. Current log-likelihood: -12838.125
75. Current log-likelihood: -12838.042
76. Current log-likelihood: -12837.950
77. Current log-likelihood: -12837.849
78. Current log-likelihood: -12837.737
79. Current log-likelihood: -12837.613
80. Current log-likelihood: -12837.475
81. Current log-likelihood: -12837.322
82. Current log-likelihood: -12837.154
83. Current log-likelihood: -12836.970
84. Current log-likelihood: -12836.772
85. Current log-likelihood: -12836.563
86. Current log-likelihood: -12836.347
87. Current log-likelihood: -12836.132
88. Current log-likelihood: -12835.925
89. Current log-likelihood: -12835.735
90. Current log-likelihood: -12835.568
91. Current log-likelihood: -12835.428
92. Current log-likelihood: -12835.316
93. Current log-likelihood: -12835.227
94. Current log-likelihood: -12835.159
95. Current log-likelihood: -12835.106
96. Current log-likelihood: -12835.065
97. Current log-likelihood: -12835.032
98. Current log-likelihood: -12835.005
99. Current log-likelihood: -12834.983
Optimal log-likelihood: -12834.983
Rate parameters:  A-C: 0.86759  A-G: 3.00136  A-T: 0.90047  C-G: 0.86604  C-T: 2.93934  G-T: 1.00000
Base frequencies:  A: 0.297  C: 0.205  G: 0.229  T: 0.269
Site proportion and rates:  (0.348,0.110) (0.472,0.984) (0.161,2.476) (0.019,5.239)
Parameters optimization took 99 rounds (47.267 sec)
BEST SCORE FOUND : -12834.983
Creating bootstrap support values...
Split supports printed to NEXUS file 3G19180_iqtree_final_superstrict_excluding_hybrids.splits.nex
Total tree length: 3.147

Total number of iterations: 155
CPU time used for tree search: 292.072 sec (0h:4m:52s)
Wall-clock time used for tree search: 230.293 sec (0h:3m:50s)
Total CPU time used: 549.126 sec (0h:9m:9s)
Total wall-clock time used: 442.795 sec (0h:7m:22s)

Computing bootstrap consensus tree...
Reading input file 3G19180_iqtree_final_superstrict_excluding_hybrids.splits.nex...
130 taxa and 693 splits.
Consensus tree written to 3G19180_iqtree_final_superstrict_excluding_hybrids.contree
Reading input trees file 3G19180_iqtree_final_superstrict_excluding_hybrids.contree
Log-likelihood of consensus tree: -12834.979

Analysis results written to: 
  IQ-TREE report:                3G19180_iqtree_final_superstrict_excluding_hybrids.iqtree
  Maximum-likelihood tree:       3G19180_iqtree_final_superstrict_excluding_hybrids.treefile
  Likelihood distances:          3G19180_iqtree_final_superstrict_excluding_hybrids.mldist

Ultrafast bootstrap approximation results written to:
  Split support values:          3G19180_iqtree_final_superstrict_excluding_hybrids.splits.nex
  Consensus tree:                3G19180_iqtree_final_superstrict_excluding_hybrids.contree
  Screen log file:               3G19180_iqtree_final_superstrict_excluding_hybrids.log

ALISIM COMMAND
--------------
--alisim simulated_MSA -t 3G19180_iqtree_final_superstrict_excluding_hybrids.treefile -m "GTR{0.86759,3.00136,0.900465,0.866038,2.93934}+F{0.296919,0.205126,0.228513,0.269442}+R4{0.34794,0.110041,0.472276,0.983564,0.160962,2.47625,0.0188224,5.23931}" --length 752

Date and Time: Fri Jun  2 09:34:21 2023
