IQ-TREE multicore version 2.2.2 COVID-edition for Linux 64-bit built Sep 20 2022
Developed by Bui Quang Minh, James Barbetti, Nguyen Lam Tung,
Olga Chernomor, Heiko Schmidt, Dominik Schrempf, Michael Woodhams, Ly Trong Nhan.

Host:    netdc-bms-c11f (AVX2, FMA3, 377 GB RAM)
Command: /home/kasper.hendriks/iqtree-2.2.2-Linux/bin/iqtree2 -s 4G08150_taper_final_superstrict_excluding_hybrids.fasta -B 1000 -nm 1000 -m GTR+F+R -nt AUTO --prefix 4G08150_iqtree_final_superstrict_excluding_hybrids
Seed:    292643 (Using SPRNG - Scalable Parallel Random Number Generator)
Time:    Fri Jun  2 09:32:14 2023
Kernel:  AVX+FMA - auto-detect threads (56 CPU cores detected)

Reading alignment file 4G08150_taper_final_superstrict_excluding_hybrids.fasta ... Fasta format detected
Reading fasta file: done in 0.00110483 secs using 99.92% CPU
Alignment most likely contains DNA/RNA sequences
Constructing alignment: done in 0.00267601 secs using 1591% CPU
Alignment has 112 sequences with 386 columns, 254 distinct patterns
153 parsimony-informative, 48 singleton sites, 185 constant sites
               Gap/Ambiguity  Composition  p-value
Analyzing sequences: done in 0.008008 secs using 1425% CPU
   1  PAFTOL_019361    3.11%    passed     97.45%
   2  S0055            1.30%    passed     96.14%
   3  S0196sl         52.07%    passed     35.74%
   4  S0278            1.81%    passed     88.75%
   5  S0281            0.00%    passed     87.41%
   6  S0282            0.00%    passed     94.87%
   7  S0288            0.26%    passed     95.17%
   8  S0289            1.04%    passed     88.15%
   9  S0292            1.30%    passed     96.32%
  10  S0293            1.30%    passed     98.78%
  11  S0294            0.00%    passed     63.08%
  12  S0299            2.07%    passed     94.93%
  13  S0308            0.52%    passed     48.89%
  14  S0320            1.04%    passed     79.37%
  15  S0322            2.85%    passed     96.54%
  16  S0335            0.52%    passed     96.65%
  17  S0376            0.52%    passed     79.98%
  18  S0400            4.15%    passed     99.62%
  19  S0405            0.26%    passed     89.86%
  20  S0412sl          0.26%    passed     52.53%
  21  S0417            0.52%    passed     94.06%
  22  S0419            0.00%    passed     95.03%
  23  S0427            0.78%    passed     85.85%
  24  S0552sl          0.00%    passed     86.54%
  25  S0558            0.00%    passed     92.78%
  26  S0616           53.63%    passed     85.71%
  27  S0624            1.30%    passed     73.34%
  28  S0641            1.30%    passed     91.96%
  29  S0643            1.30%    passed     95.03%
  30  S0645sl         46.11%    passed     10.74%
  31  S0656sl         16.58%    passed     71.21%
  32  S0689            2.33%    passed     95.38%
  33  S0690            0.00%    passed     98.81%
  34  S0720            0.00%    passed     91.04%
  35  S0724sl         58.29%    passed     38.83%
  36  S0735            8.55%    failed      4.86%
  37  S0742            1.04%    passed     72.16%
  38  S0748            0.00%    passed     97.76%
  39  S0756            0.00%    passed     99.34%
  40  S0758           51.30%    passed     25.24%
  41  S0760           19.95%    passed     95.18%
  42  S0763            0.00%    passed     99.57%
  43  S0765            0.26%    passed     94.99%
  44  S0770            0.26%    passed     92.79%
  45  S0795            0.00%    passed     94.63%
  46  S0888           21.76%    passed     89.01%
  47  S0952            1.55%    passed     98.51%
  48  S0956            0.26%    passed     90.55%
  49  S0959            0.00%    passed     94.60%
  50  S0960            0.00%    passed     78.37%
  51  S0964            0.00%    passed     82.96%
  52  S1052sl          1.30%    passed     85.64%
  53  S1083            0.00%    passed     96.81%
  54  S1100            0.00%    passed      8.70%
  55  S1120           45.60%    passed     59.67%
  56  S1128            0.00%    passed     99.44%
  57  S1129sl          0.26%    passed     99.27%
  58  S1148            0.26%    passed      6.71%
  59  S1180            0.00%    passed     12.50%
  60  S1189            0.26%    passed     94.54%
  61  S1201sl          0.78%    passed     91.21%
  62  S1210            3.11%    passed     99.99%
  63  S1211            1.81%    passed     96.11%
  64  S1214sl          0.00%    passed     89.53%
  65  S1223            1.30%    passed      7.30%
  66  S1227            0.26%    passed     85.51%
  67  S1235sl          0.00%    passed     53.63%
  68  S1238sl          0.78%    passed     98.82%
  69  S1239           45.60%    passed     27.59%
  70  S1245            1.30%    passed     78.66%
  71  S1246           46.89%    passed     30.76%
  72  S1249           45.60%    passed     65.62%
  73  S1250sl          0.78%    passed     66.72%
  74  S1251            0.26%    passed     95.65%
  75  S1260            0.26%    passed     78.80%
  76  S1266sl          0.00%    passed     97.83%
  77  S1269           45.60%    passed     35.91%
  78  S1278           53.63%    passed     61.47%
  79  S1315            0.00%    passed     92.30%
  80  S1332            0.26%    passed     89.96%
  81  S1366            0.00%    passed     95.06%
  82  S1369            0.78%    passed     97.76%
  83  S1370            0.78%    passed     98.63%
  84  S1375            1.30%    passed     90.91%
  85  S1376            0.00%    passed     96.28%
  86  S1381            1.55%    passed     95.60%
  87  S1422            1.30%    passed     98.22%
  88  S1449            0.52%    passed     88.37%
  89  S1451            2.59%    passed     88.80%
  90  S1460            0.00%    passed     79.02%
  91  S1462            0.26%    passed     92.76%
  92  S1498            0.00%    passed     98.02%
  93  S1539            3.63%    passed     64.68%
  94  S_670            0.78%    passed     96.95%
  95  SRR8528336       0.00%    passed     94.60%
  96  SRR8528341       0.00%    passed     97.91%
  97  SRR8528343       0.00%    passed     99.75%
  98  SRR8528347       0.52%    passed     60.76%
  99  SRR8528350       0.00%    passed     90.40%
 100  SRR8528354       1.04%    passed     90.59%
 101  SRR8528357       0.00%    passed     94.69%
 102  SRR8528359       0.00%    passed     97.37%
 103  SRR8528361       0.00%    passed     86.95%
 104  SRR8528365       0.00%    passed     96.54%
 105  SRR8528370       0.26%    passed     76.53%
 106  SRR8528372       0.00%    passed     95.38%
 107  SRR8528379       0.00%    passed     98.68%
 108  SRR8528381       0.26%    passed     96.39%
 109  SRR8528384       1.04%    passed     98.82%
 110  SRR8528389       0.00%    passed     96.20%
 111  SRR8528391       0.00%    passed     86.47%
 112  SRR8528400       0.00%    passed     98.77%
WARNING: 5 sequences contain more than 50% gaps/ambiguity
****  TOTAL            6.02%  1 sequences failed composition chi2 test (p-value<5%; df=3)
Checking for duplicate sequences: done in 0.0113809 secs using 1273% CPU

Create initial parsimony tree by phylogenetic likelihood library (PLL)... 0.056 seconds
Generating 1000 samples for ultrafast bootstrap (seed: 292643)...

NOTE: 4 MB RAM (0 GB) is required!
Measuring multi-threading efficiency up to 56 CPU cores
Increase to 10 rounds for branch lengths
432 trees examined
Threads: 1 / Time: 56.012 sec / Speedup: 1.000 / Efficiency: 100% / LogL: -8882
Threads: 2 / Time: 98.545 sec / Speedup: 0.568 / Efficiency: 28% / LogL: -8882
Determining AUTO threadcount: done in 154.558 secs using 125.7% CPU
BEST NUMBER OF THREADS: 1

Estimate model parameters (epsilon = 0.100)
1. Initial log-likelihood: -5402.230
2. Current log-likelihood: -5132.202
3. Current log-likelihood: -5118.961
4. Current log-likelihood: -5114.295
5. Current log-likelihood: -5111.513
6. Current log-likelihood: -5110.251
7. Current log-likelihood: -5109.322
8. Current log-likelihood: -5108.590
9. Current log-likelihood: -5108.001
10. Current log-likelihood: -5107.519
11. Current log-likelihood: -5107.119
12. Current log-likelihood: -5106.785
13. Current log-likelihood: -5106.498
14. Current log-likelihood: -5106.330
15. Current log-likelihood: -5106.168
16. Current log-likelihood: -5106.022
17. Current log-likelihood: -5105.889
18. Current log-likelihood: -5105.768
19. Current log-likelihood: -5105.657
20. Current log-likelihood: -5105.555
Optimal log-likelihood: -5105.405
Rate parameters:  A-C: 0.87598  A-G: 2.90097  A-T: 0.85590  C-G: 0.79180  C-T: 4.06118  G-T: 1.00000
Base frequencies:  A: 0.322  C: 0.249  G: 0.210  T: 0.219
Site proportion and rates:  (0.564,0.099) (0.011,0.219) (0.357,1.574) (0.067,5.661)
Parameters optimization took 20 rounds (4.013 sec)
Wrote distance file to... 
Computing ML distances based on estimated model parameters...
Calculating distance matrix: done in 0.097904 secs using 99.91% CPU
Computing ML distances took 0.098260 sec (of wall-clock time) 0.098171 sec (of CPU time)
Setting up auxiliary I and S matrices: done in 0.00088501 secs using 100% CPU
Constructing RapidNJ tree: done in 0.00254393 secs using 130.6% CPU
Computing RapidNJ tree took 0.003617 sec (of wall-clock time) 0.004392 sec (of CPU time)
Log-likelihood of RapidNJ tree: -5188.539
--------------------------------------------------------------------
|             INITIALIZING CANDIDATE TREE SET                      |
--------------------------------------------------------------------
Generating 98 parsimony trees... 2.193 second
Computing log-likelihood of 98 initial trees ... 1.708 seconds
Current best score: -5079.493

Do NNI search on 20 best initial trees
Optimizing NNI: done in 0.692272 secs using 100% CPU
Estimate model parameters (epsilon = 0.100)
BETTER TREE FOUND at iteration 1: -5065.403
Optimizing NNI: done in 0.89086 secs using 82.33% CPU
Optimizing NNI: done in 0.608939 secs using 76.95% CPU
Optimizing NNI: done in 0.494016 secs using 100% CPU
Optimizing NNI: done in 0.604824 secs using 100% CPU
Optimizing NNI: done in 0.869127 secs using 69.98% CPU
Estimate model parameters (epsilon = 0.100)
BETTER TREE FOUND at iteration 6: -5064.731
Optimizing NNI: done in 0.861757 secs using 67.06% CPU
Optimizing NNI: done in 0.553589 secs using 99.73% CPU
Optimizing NNI: done in 0.826228 secs using 74% CPU
Optimizing NNI: done in 0.920227 secs using 94.1% CPU
Iteration 10 / LogL: -5073.350 / Time: 0h:2m:51s
Optimizing NNI: done in 0.495314 secs using 99.78% CPU
Optimizing NNI: done in 0.819792 secs using 90.57% CPU
Optimizing NNI: done in 0.512661 secs using 99.98% CPU
Optimizing NNI: done in 0.828832 secs using 77.03% CPU
Optimizing NNI: done in 0.939609 secs using 68.86% CPU
Optimizing NNI: done in 0.719792 secs using 69.06% CPU
Optimizing NNI: done in 0.96939 secs using 75.6% CPU
Optimizing NNI: done in 1.00306 secs using 63.69% CPU
Optimizing NNI: done in 0.725153 secs using 77.83% CPU
Optimizing NNI: done in 0.641676 secs using 100% CPU
Iteration 20 / LogL: -5071.600 / Time: 0h:2m:58s
Finish initializing candidate tree set (20)
Current best tree score: -5064.731 / CPU time: 19.843
Number of iterations: 20
--------------------------------------------------------------------
|               OPTIMIZING CANDIDATE TREE SET                      |
--------------------------------------------------------------------
Optimizing NNI: done in 0.619479 secs using 99.99% CPU
Optimizing NNI: done in 0.564721 secs using 100% CPU
Optimizing NNI: done in 0.445922 secs using 92.69% CPU
Optimizing NNI: done in 0.663089 secs using 100% CPU
Estimate model parameters (epsilon = 0.100)
BETTER TREE FOUND at iteration 24: -5063.287
Optimizing NNI: done in 0.619409 secs using 99.99% CPU
Optimizing NNI: done in 0.889747 secs using 85.29% CPU
Estimate model parameters (epsilon = 0.100)
BETTER TREE FOUND at iteration 26: -5061.225
Optimizing NNI: done in 0.706862 secs using 69.84% CPU
Optimizing NNI: done in 0.836736 secs using 67.21% CPU
Optimizing NNI: done in 0.688982 secs using 82.35% CPU
Optimizing NNI: done in 0.855302 secs using 80.75% CPU
Iteration 30 / LogL: -5062.024 / Time: 0h:3m:6s (0h:10m:16s left)
Optimizing NNI: done in 0.851367 secs using 82.38% CPU
Optimizing NNI: done in 0.789192 secs using 79.04% CPU
Optimizing NNI: done in 1.1618 secs using 67.88% CPU
Optimizing NNI: done in 0.893593 secs using 89.14% CPU
Estimate model parameters (epsilon = 0.100)
BETTER TREE FOUND at iteration 34: -5059.590
Optimizing NNI: done in 0.722479 secs using 100% CPU
Optimizing NNI: done in 0.654181 secs using 99.44% CPU
Optimizing NNI: done in 1.06158 secs using 70.74% CPU
Optimizing NNI: done in 0.957327 secs using 66.51% CPU
Optimizing NNI: done in 0.869407 secs using 67.35% CPU
Optimizing NNI: done in 0.830211 secs using 83.76% CPU
Iteration 40 / LogL: -5060.490 / Time: 0h:3m:15s (0h:7m:50s left)
Optimizing NNI: done in 0.668566 secs using 100% CPU
Optimizing NNI: done in 0.637933 secs using 100% CPU
Optimizing NNI: done in 0.63108 secs using 99.99% CPU
Optimizing NNI: done in 0.878563 secs using 100% CPU
Optimizing NNI: done in 0.714915 secs using 100% CPU
Optimizing NNI: done in 0.548563 secs using 100% CPU
BETTER TREE FOUND at iteration 46: -5059.586
Optimizing NNI: done in 0.579111 secs using 99.97% CPU
Optimizing NNI: done in 0.575792 secs using 100% CPU
Optimizing NNI: done in 0.815774 secs using 80.87% CPU
Optimizing NNI: done in 1.00186 secs using 76.79% CPU
Iteration 50 / LogL: -5059.871 / Time: 0h:3m:22s (0h:6m:36s left)
Log-likelihood cutoff on original alignment: -5099.233
Optimizing NNI: done in 0.63836 secs using 98.09% CPU
Optimizing NNI: done in 0.576105 secs using 100% CPU
Optimizing NNI: done in 0.718937 secs using 100% CPU
Optimizing NNI: done in 0.528434 secs using 100% CPU
Optimizing NNI: done in 0.750258 secs using 100% CPU
Optimizing NNI: done in 0.662728 secs using 100% CPU
Optimizing NNI: done in 0.599562 secs using 100% CPU
Optimizing NNI: done in 0.762551 secs using 83.69% CPU
Optimizing NNI: done in 1.15689 secs using 65.57% CPU
Optimizing NNI: done in 0.588078 secs using 100% CPU
Iteration 60 / LogL: -5074.326 / Time: 0h:3m:30s (0h:5m:6s left)
Optimizing NNI: done in 0.638765 secs using 100% CPU
Optimizing NNI: done in 0.690947 secs using 99.93% CPU
Optimizing NNI: done in 0.580555 secs using 100% CPU
Optimizing NNI: done in 0.394453 secs using 99.99% CPU
Optimizing NNI: done in 0.870355 secs using 83.52% CPU
Optimizing NNI: done in 0.722183 secs using 97.22% CPU
Optimizing NNI: done in 0.909785 secs using 76.3% CPU
Optimizing NNI: done in 0.599898 secs using 91.33% CPU
Optimizing NNI: done in 0.551475 secs using 100% CPU
Optimizing NNI: done in 0.496533 secs using 98.84% CPU
Iteration 70 / LogL: -5060.029 / Time: 0h:3m:37s (0h:3m:59s left)
Optimizing NNI: done in 0.822177 secs using 99.69% CPU
Optimizing NNI: done in 0.808711 secs using 99.53% CPU
Optimizing NNI: done in 0.567956 secs using 100% CPU
Optimizing NNI: done in 0.991864 secs using 70.45% CPU
Optimizing NNI: done in 0.519169 secs using 98.39% CPU
Optimizing NNI: done in 0.754189 secs using 100% CPU
BETTER TREE FOUND at iteration 76: -5059.585
Optimizing NNI: done in 0.68303 secs using 94.77% CPU
Optimizing NNI: done in 0.494282 secs using 91.61% CPU
Optimizing NNI: done in 0.66784 secs using 92.81% CPU
Optimizing NNI: done in 0.687056 secs using 99.98% CPU
Iteration 80 / LogL: -5060.332 / Time: 0h:3m:44s (0h:4m:32s left)
Optimizing NNI: done in 0.670422 secs using 100% CPU
Optimizing NNI: done in 1.05633 secs using 62.14% CPU
Optimizing NNI: done in 0.629827 secs using 99.71% CPU
Optimizing NNI: done in 0.553814 secs using 98.82% CPU
Optimizing NNI: done in 0.71024 secs using 93.4% CPU
Optimizing NNI: done in 1.00368 secs using 68% CPU
Optimizing NNI: done in 0.977988 secs using 70.64% CPU
Optimizing NNI: done in 0.735325 secs using 78.5% CPU
Optimizing NNI: done in 0.798465 secs using 99.8% CPU
Optimizing NNI: done in 0.822931 secs using 99.61% CPU
Iteration 90 / LogL: -5061.199 / Time: 0h:3m:52s (0h:3m:44s left)
Optimizing NNI: done in 0.898288 secs using 90.09% CPU
Estimate model parameters (epsilon = 0.100)
BETTER TREE FOUND at iteration 91: -5058.889
Optimizing NNI: done in 0.763435 secs using 80.44% CPU
Optimizing NNI: done in 0.797473 secs using 87.75% CPU
Optimizing NNI: done in 0.751164 secs using 100% CPU
BETTER TREE FOUND at iteration 94: -5058.882
Optimizing NNI: done in 0.965273 secs using 85.48% CPU
Optimizing NNI: done in 1.09742 secs using 65.73% CPU
Optimizing NNI: done in 1.10834 secs using 59.58% CPU
Optimizing NNI: done in 0.476883 secs using 100% CPU
Optimizing NNI: done in 1.20989 secs using 69.25% CPU
Optimizing NNI: done in 1.18772 secs using 56.89% CPU
Iteration 100 / LogL: -5060.146 / Time: 0h:4m:2s (0h:3m:50s left)
Log-likelihood cutoff on original alignment: -5099.233
NOTE: Bootstrap correlation coefficient of split occurrence frequencies: 0.994
Optimizing NNI: done in 1.1811 secs using 49.87% CPU
Optimizing NNI: done in 0.869557 secs using 68.72% CPU
Optimizing NNI: done in 0.835638 secs using 91.05% CPU
Optimizing NNI: done in 1.15693 secs using 73.38% CPU
Optimizing NNI: done in 0.618923 secs using 84.49% CPU
Optimizing NNI: done in 1.07396 secs using 69.45% CPU
Optimizing NNI: done in 1.25465 secs using 60.14% CPU
Optimizing NNI: done in 1.04144 secs using 72.91% CPU
Optimizing NNI: done in 0.85416 secs using 93.92% CPU
Optimizing NNI: done in 1.05449 secs using 59.79% CPU
Iteration 110 / LogL: -5067.725 / Time: 0h:4m:14s (0h:3m:29s left)
Optimizing NNI: done in 1.53563 secs using 60.66% CPU
Optimizing NNI: done in 1.11773 secs using 64.92% CPU
Optimizing NNI: done in 1.02746 secs using 75.43% CPU
Optimizing NNI: done in 0.905527 secs using 92.02% CPU
Optimizing NNI: done in 1.13526 secs using 77.03% CPU
Optimizing NNI: done in 0.802025 secs using 99.96% CPU
Optimizing NNI: done in 0.668648 secs using 99.6% CPU
Optimizing NNI: done in 0.459274 secs using 99.44% CPU
Optimizing NNI: done in 0.652701 secs using 99.97% CPU
Optimizing NNI: done in 0.757441 secs using 99.94% CPU
Iteration 120 / LogL: -5059.230 / Time: 0h:4m:23s (0h:2m:57s left)
Optimizing NNI: done in 0.820359 secs using 72.2% CPU
Optimizing NNI: done in 1.08252 secs using 60.2% CPU
Optimizing NNI: done in 1.06399 secs using 63.75% CPU
Optimizing NNI: done in 0.610826 secs using 67.5% CPU
Optimizing NNI: done in 1.07086 secs using 77.02% CPU
Optimizing NNI: done in 0.92607 secs using 87.89% CPU
Optimizing NNI: done in 0.633078 secs using 80.14% CPU
Optimizing NNI: done in 0.705003 secs using 99.96% CPU
Optimizing NNI: done in 0.692607 secs using 99.88% CPU
Optimizing NNI: done in 0.806736 secs using 94.29% CPU
Iteration 130 / LogL: -5070.248 / Time: 0h:4m:32s (0h:2m:27s left)
Optimizing NNI: done in 0.718619 secs using 88.87% CPU
Optimizing NNI: done in 0.694109 secs using 100% CPU
Optimizing NNI: done in 0.674583 secs using 99.99% CPU
Optimizing NNI: done in 0.596805 secs using 100% CPU
Optimizing NNI: done in 0.914532 secs using 79.37% CPU
Optimizing NNI: done in 1.08127 secs using 65.8% CPU
Optimizing NNI: done in 1.08248 secs using 63.58% CPU
Optimizing NNI: done in 0.922655 secs using 73.12% CPU
Optimizing NNI: done in 0.712979 secs using 99.42% CPU
Optimizing NNI: done in 0.610014 secs using 100% CPU
Iteration 140 / LogL: -5062.522 / Time: 0h:4m:40s (0h:2m:1s left)
Optimizing NNI: done in 0.609179 secs using 100% CPU
Optimizing NNI: done in 0.593575 secs using 100% CPU
Optimizing NNI: done in 0.720515 secs using 100% CPU
Optimizing NNI: done in 0.569581 secs using 100% CPU
Optimizing NNI: done in 0.635316 secs using 100% CPU
Optimizing NNI: done in 0.672689 secs using 99.62% CPU
Optimizing NNI: done in 0.823984 secs using 99.74% CPU
Optimizing NNI: done in 1.17767 secs using 75.6% CPU
Optimizing NNI: done in 0.673499 secs using 99.93% CPU
Optimizing NNI: done in 0.94026 secs using 81.25% CPU
Iteration 150 / LogL: -5058.883 / Time: 0h:4m:48s (0h:1m:36s left)
Log-likelihood cutoff on original alignment: -5099.233
Optimizing NNI: done in 0.907724 secs using 79.06% CPU
Optimizing NNI: done in 0.857898 secs using 66.55% CPU
Optimizing NNI: done in 1.03761 secs using 78.95% CPU
Optimizing NNI: done in 1.17497 secs using 69.28% CPU
Optimizing NNI: done in 1.08332 secs using 59.14% CPU
Optimizing NNI: done in 0.842214 secs using 86.95% CPU
Optimizing NNI: done in 0.662799 secs using 99.6% CPU
Optimizing NNI: done in 0.670255 secs using 90.43% CPU
Estimate model parameters (epsilon = 0.100)
BETTER TREE FOUND at iteration 158: -5058.777
Optimizing NNI: done in 0.906134 secs using 58.05% CPU
Optimizing NNI: done in 1.02573 secs using 74.48% CPU
Iteration 160 / LogL: -5064.779 / Time: 0h:4m:59s (0h:3m:4s left)
Optimizing NNI: done in 0.74576 secs using 91.25% CPU
Optimizing NNI: done in 0.993762 secs using 77.52% CPU
Optimizing NNI: done in 0.970493 secs using 64.13% CPU
Optimizing NNI: done in 0.513523 secs using 83.2% CPU
Optimizing NNI: done in 0.890742 secs using 82.41% CPU
Optimizing NNI: done in 0.915652 secs using 87.43% CPU
Optimizing NNI: done in 0.794681 secs using 100% CPU
Optimizing NNI: done in 0.735495 secs using 100% CPU
Optimizing NNI: done in 0.711077 secs using 95.5% CPU
Optimizing NNI: done in 0.926778 secs using 88.85% CPU
Iteration 170 / LogL: -5059.479 / Time: 0h:5m:8s (0h:2m:40s left)
Optimizing NNI: done in 1.02823 secs using 76.83% CPU
Optimizing NNI: done in 0.911837 secs using 94.69% CPU
Optimizing NNI: done in 0.731296 secs using 78.77% CPU
Optimizing NNI: done in 0.794395 secs using 73.74% CPU
BETTER TREE FOUND at iteration 174: -5058.772
Optimizing NNI: done in 1.10468 secs using 58.11% CPU
BETTER TREE FOUND at iteration 175: -5058.771
Optimizing NNI: done in 0.968588 secs using 89.68% CPU
Optimizing NNI: done in 0.832046 secs using 89.09% CPU
Optimizing NNI: done in 0.627029 secs using 100% CPU
Optimizing NNI: done in 1.11474 secs using 65.68% CPU
Optimizing NNI: done in 0.786664 secs using 99.99% CPU
Iteration 180 / LogL: -5058.773 / Time: 0h:5m:17s (0h:2m:48s left)
Optimizing NNI: done in 0.644762 secs using 96.57% CPU
Optimizing NNI: done in 0.533001 secs using 97.21% CPU
Optimizing NNI: done in 0.585554 secs using 94.42% CPU
Optimizing NNI: done in 0.454994 secs using 99.89% CPU
Optimizing NNI: done in 0.63274 secs using 99.98% CPU
Optimizing NNI: done in 1.07104 secs using 78.26% CPU
Optimizing NNI: done in 0.865435 secs using 78.9% CPU
Optimizing NNI: done in 0.599743 secs using 98.65% CPU
Optimizing NNI: done in 1.22853 secs using 64.04% CPU
Optimizing NNI: done in 0.670178 secs using 100% CPU
Iteration 190 / LogL: -5059.125 / Time: 0h:5m:25s (0h:2m:26s left)
Optimizing NNI: done in 0.618746 secs using 96.77% CPU
Optimizing NNI: done in 0.61655 secs using 100% CPU
Optimizing NNI: done in 0.823027 secs using 97.57% CPU
Optimizing NNI: done in 0.562252 secs using 100% CPU
Optimizing NNI: done in 0.847694 secs using 95.1% CPU
Optimizing NNI: done in 0.664063 secs using 99.99% CPU
Optimizing NNI: done in 0.701571 secs using 99.99% CPU
Optimizing NNI: done in 0.67762 secs using 98.82% CPU
Optimizing NNI: done in 0.665799 secs using 98.12% CPU
Optimizing NNI: done in 0.574328 secs using 100% CPU
Iteration 200 / LogL: -5077.320 / Time: 0h:5m:32s (0h:2m:5s left)
Log-likelihood cutoff on original alignment: -5099.233
NOTE: Bootstrap correlation coefficient of split occurrence frequencies: 0.997
Optimizing NNI: done in 0.642531 secs using 97.79% CPU
Optimizing NNI: done in 0.720473 secs using 97.78% CPU
Optimizing NNI: done in 0.604689 secs using 100% CPU
Optimizing NNI: done in 0.664722 secs using 97.4% CPU
Optimizing NNI: done in 0.60288 secs using 99.99% CPU
Optimizing NNI: done in 0.611257 secs using 98.69% CPU
Estimate model parameters (epsilon = 0.100)
BETTER TREE FOUND at iteration 206: -5055.788
Optimizing NNI: done in 0.753859 secs using 88.02% CPU
Optimizing NNI: done in 0.663888 secs using 96.5% CPU
Optimizing NNI: done in 0.997962 secs using 69.48% CPU
Optimizing NNI: done in 0.955013 secs using 78.07% CPU
Iteration 210 / LogL: -5064.988 / Time: 0h:5m:41s (0h:2m:36s left)
Optimizing NNI: done in 1.09491 secs using 75.53% CPU
Estimate model parameters (epsilon = 0.100)
BETTER TREE FOUND at iteration 211: -5055.674
Optimizing NNI: done in 1.09097 secs using 62.95% CPU
Optimizing NNI: done in 1.46633 secs using 64.32% CPU
Optimizing NNI: done in 0.771728 secs using 100% CPU
Optimizing NNI: done in 0.912917 secs using 73.9% CPU
Optimizing NNI: done in 0.884996 secs using 75.19% CPU
Optimizing NNI: done in 0.777041 secs using 90.74% CPU
Optimizing NNI: done in 0.845242 secs using 81.47% CPU
Optimizing NNI: done in 0.759193 secs using 99.91% CPU
Optimizing NNI: done in 0.766165 secs using 95.82% CPU
Iteration 220 / LogL: -5071.781 / Time: 0h:5m:51s (0h:2m:26s left)
Optimizing NNI: done in 0.775809 secs using 98.41% CPU
Optimizing NNI: done in 0.693939 secs using 99.74% CPU
Optimizing NNI: done in 0.90174 secs using 78.18% CPU
Optimizing NNI: done in 0.922042 secs using 71.34% CPU
Optimizing NNI: done in 0.802654 secs using 74.55% CPU
Optimizing NNI: done in 0.475938 secs using 67.33% CPU
Optimizing NNI: done in 0.715358 secs using 98.34% CPU
Optimizing NNI: done in 0.638264 secs using 94.99% CPU
Optimizing NNI: done in 1.0174 secs using 64.5% CPU
Optimizing NNI: done in 0.587343 secs using 99.87% CPU
Iteration 230 / LogL: -5077.445 / Time: 0h:5m:59s (0h:2m:7s left)
Optimizing NNI: done in 0.721288 secs using 99.99% CPU
Optimizing NNI: done in 0.932586 secs using 72.52% CPU
Optimizing NNI: done in 0.900097 secs using 69.14% CPU
Optimizing NNI: done in 0.989463 secs using 54.71% CPU
Optimizing NNI: done in 0.665414 secs using 99.99% CPU
Optimizing NNI: done in 0.54722 secs using 99.99% CPU
BETTER TREE FOUND at iteration 236: -5055.670
Optimizing NNI: done in 0.897643 secs using 92.87% CPU
Optimizing NNI: done in 0.964953 secs using 79.67% CPU
BETTER TREE FOUND at iteration 238: -5055.670
Optimizing NNI: done in 0.739118 secs using 100% CPU
Optimizing NNI: done in 0.680597 secs using 99.99% CPU
Iteration 240 / LogL: -5056.025 / Time: 0h:6m:8s (0h:2m:31s left)
Optimizing NNI: done in 0.640113 secs using 100% CPU
Optimizing NNI: done in 0.702484 secs using 100% CPU
Estimate model parameters (epsilon = 0.100)
BETTER TREE FOUND at iteration 242: -5055.577
Optimizing NNI: done in 0.632518 secs using 99.96% CPU
Optimizing NNI: done in 0.564478 secs using 100% CPU
Optimizing NNI: done in 0.842237 secs using 99.99% CPU
Optimizing NNI: done in 0.987279 secs using 67.95% CPU
Optimizing NNI: done in 0.669616 secs using 100% CPU
Optimizing NNI: done in 0.651747 secs using 99.99% CPU
Estimate model parameters (epsilon = 0.100)
BETTER TREE FOUND at iteration 248: -5055.419
Optimizing NNI: done in 1.04687 secs using 79.74% CPU
Optimizing NNI: done in 0.779731 secs using 86.04% CPU
Iteration 250 / LogL: -5055.844 / Time: 0h:6m:16s (0h:2m:28s left)
Log-likelihood cutoff on original alignment: -5099.233
Optimizing NNI: done in 1.22268 secs using 67.99% CPU
Optimizing NNI: done in 0.949446 secs using 80.19% CPU
BETTER TREE FOUND at iteration 252: -5055.415
Optimizing NNI: done in 0.740145 secs using 69.21% CPU
Optimizing NNI: done in 0.90991 secs using 91.06% CPU
Optimizing NNI: done in 0.577058 secs using 99.99% CPU
Optimizing NNI: done in 0.850457 secs using 78.51% CPU
Optimizing NNI: done in 0.89868 secs using 81.23% CPU
Optimizing NNI: done in 0.747098 secs using 92.71% CPU
Optimizing NNI: done in 0.702774 secs using 98.03% CPU
Optimizing NNI: done in 0.576893 secs using 99.6% CPU
Iteration 260 / LogL: -5058.182 / Time: 0h:6m:26s (0h:2m:17s left)
Optimizing NNI: done in 0.807972 secs using 79.32% CPU
Optimizing NNI: done in 0.769972 secs using 99.98% CPU
Optimizing NNI: done in 0.827587 secs using 97.62% CPU
Optimizing NNI: done in 0.866392 secs using 100% CPU
Optimizing NNI: done in 0.621877 secs using 100% CPU
Optimizing NNI: done in 0.566002 secs using 99.93% CPU
Optimizing NNI: done in 0.778862 secs using 75.78% CPU
Optimizing NNI: done in 0.624835 secs using 86.65% CPU
Optimizing NNI: done in 0.703893 secs using 99.99% CPU
Optimizing NNI: done in 0.81023 secs using 99.55% CPU
Iteration 270 / LogL: -5055.537 / Time: 0h:6m:34s (0h:2m:0s left)
Optimizing NNI: done in 0.668225 secs using 99.99% CPU
Optimizing NNI: done in 0.693283 secs using 100% CPU
Optimizing NNI: done in 0.453647 secs using 99.99% CPU
Optimizing NNI: done in 0.522172 secs using 99.98% CPU
Optimizing NNI: done in 0.661407 secs using 100% CPU
Optimizing NNI: done in 0.835503 secs using 99.99% CPU
Optimizing NNI: done in 0.781312 secs using 99.99% CPU
Optimizing NNI: done in 0.88818 secs using 99.98% CPU
Optimizing NNI: done in 1.00249 secs using 99.99% CPU
Optimizing NNI: done in 0.756212 secs using 99.99% CPU
Iteration 280 / LogL: -5060.556 / Time: 0h:6m:42s (0h:1m:43s left)
Optimizing NNI: done in 0.776994 secs using 99.99% CPU
Optimizing NNI: done in 0.718562 secs using 100% CPU
Optimizing NNI: done in 0.656424 secs using 99.98% CPU
Optimizing NNI: done in 0.628069 secs using 99.98% CPU
Optimizing NNI: done in 0.748704 secs using 93.05% CPU
Optimizing NNI: done in 0.762135 secs using 99.99% CPU
Optimizing NNI: done in 0.742167 secs using 100% CPU
Optimizing NNI: done in 0.627375 secs using 99.99% CPU
Optimizing NNI: done in 0.70777 secs using 99.99% CPU
Optimizing NNI: done in 0.597352 secs using 99.99% CPU
Iteration 290 / LogL: -5066.117 / Time: 0h:6m:50s (0h:1m:27s left)
Optimizing NNI: done in 1.11892 secs using 69.79% CPU
Optimizing NNI: done in 0.764859 secs using 95.7% CPU
Optimizing NNI: done in 0.592024 secs using 100% CPU
Optimizing NNI: done in 0.606485 secs using 99.99% CPU
Optimizing NNI: done in 0.683851 secs using 99.93% CPU
Optimizing NNI: done in 0.664311 secs using 100% CPU
Optimizing NNI: done in 0.703476 secs using 100% CPU
Optimizing NNI: done in 0.810131 secs using 100% CPU
Optimizing NNI: done in 0.642942 secs using 100% CPU
Optimizing NNI: done in 0.67622 secs using 99.98% CPU
Iteration 300 / LogL: -5057.426 / Time: 0h:6m:58s (0h:1m:12s left)
Log-likelihood cutoff on original alignment: -5099.233
NOTE: Bootstrap correlation coefficient of split occurrence frequencies: 0.985
NOTE: UFBoot does not converge, continue at least 100 more iterations
Optimizing NNI: done in 0.720521 secs using 100% CPU
Optimizing NNI: done in 0.715823 secs using 100% CPU
Optimizing NNI: done in 0.573154 secs using 100% CPU
Optimizing NNI: done in 0.811014 secs using 82.74% CPU
Optimizing NNI: done in 0.715097 secs using 86.57% CPU
Optimizing NNI: done in 0.698408 secs using 100% CPU
Optimizing NNI: done in 0.874988 secs using 85.36% CPU
Optimizing NNI: done in 0.753858 secs using 99.78% CPU
Optimizing NNI: done in 0.612957 secs using 99.99% CPU
Optimizing NNI: done in 0.618083 secs using 99.94% CPU
Iteration 310 / LogL: -5065.310 / Time: 0h:7m:6s (0h:2m:4s left)
Optimizing NNI: done in 0.691407 secs using 99.86% CPU
Optimizing NNI: done in 0.699987 secs using 94.86% CPU
Optimizing NNI: done in 0.813788 secs using 83.11% CPU
Optimizing NNI: done in 1.11792 secs using 52.16% CPU
Optimizing NNI: done in 0.873262 secs using 94.05% CPU
Optimizing NNI: done in 0.56373 secs using 100% CPU
Optimizing NNI: done in 0.957515 secs using 72.25% CPU
Optimizing NNI: done in 0.790345 secs using 100% CPU
Optimizing NNI: done in 0.573535 secs using 83.26% CPU
Optimizing NNI: done in 0.723203 secs using 88.38% CPU
Iteration 320 / LogL: -5055.515 / Time: 0h:7m:15s (0h:1m:49s left)
Optimizing NNI: done in 0.868792 secs using 91.53% CPU
Optimizing NNI: done in 0.544027 secs using 100% CPU
Optimizing NNI: done in 0.651917 secs using 99.99% CPU
Optimizing NNI: done in 0.801677 secs using 91.73% CPU
Optimizing NNI: done in 0.836486 secs using 76.02% CPU
Optimizing NNI: done in 1.1222 secs using 62.19% CPU
Optimizing NNI: done in 0.996014 secs using 84.66% CPU
Optimizing NNI: done in 0.641276 secs using 95.02% CPU
Optimizing NNI: done in 0.793334 secs using 76.83% CPU
Optimizing NNI: done in 0.635028 secs using 100% CPU
Iteration 330 / LogL: -5055.648 / Time: 0h:7m:24s (0h:1m:34s left)
Optimizing NNI: done in 0.701512 secs using 99.99% CPU
Optimizing NNI: done in 0.702097 secs using 99.55% CPU
Optimizing NNI: done in 0.630912 secs using 99.99% CPU
Optimizing NNI: done in 0.693899 secs using 99.5% CPU
Optimizing NNI: done in 0.668042 secs using 99.79% CPU
Optimizing NNI: done in 0.531618 secs using 100% CPU
Optimizing NNI: done in 0.584473 secs using 99.99% CPU
Optimizing NNI: done in 0.752259 secs using 99.98% CPU
Optimizing NNI: done in 0.680063 secs using 100% CPU
Optimizing NNI: done in 0.577032 secs using 99.95% CPU
Iteration 340 / LogL: -5059.524 / Time: 0h:7m:31s (0h:1m:19s left)
Optimizing NNI: done in 0.590241 secs using 100% CPU
Optimizing NNI: done in 0.652991 secs using 99.39% CPU
Optimizing NNI: done in 0.799844 secs using 80.89% CPU
Optimizing NNI: done in 0.656408 secs using 99.48% CPU
Optimizing NNI: done in 0.328487 secs using 100% CPU
Optimizing NNI: done in 0.608464 secs using 99.99% CPU
Optimizing NNI: done in 0.56586 secs using 99.77% CPU
Optimizing NNI: done in 0.705752 secs using 99.35% CPU
Optimizing NNI: done in 0.685015 secs using 99.99% CPU
Optimizing NNI: done in 0.555609 secs using 100% CPU
Iteration 350 / LogL: -5062.912 / Time: 0h:7m:38s (0h:1m:5s left)
Log-likelihood cutoff on original alignment: -5099.233
Optimizing NNI: done in 0.890041 secs using 88.16% CPU
Optimizing NNI: done in 0.82262 secs using 100% CPU
Optimizing NNI: done in 0.737502 secs using 70.15% CPU
Optimizing NNI: done in 0.685242 secs using 78.39% CPU
Optimizing NNI: done in 0.770135 secs using 97.91% CPU
Optimizing NNI: done in 0.691261 secs using 100% CPU
Optimizing NNI: done in 0.599522 secs using 100% CPU
Optimizing NNI: done in 0.662767 secs using 100% CPU
Optimizing NNI: done in 0.573013 secs using 100% CPU
Optimizing NNI: done in 0.676568 secs using 85.51% CPU
Iteration 360 / LogL: -5060.185 / Time: 0h:7m:46s (0h:0m:52s left)
Optimizing NNI: done in 0.83503 secs using 81.09% CPU
Optimizing NNI: done in 0.895256 secs using 66.3% CPU
Optimizing NNI: done in 1.03296 secs using 64.98% CPU
Optimizing NNI: done in 0.939593 secs using 77.28% CPU
Optimizing NNI: done in 0.905191 secs using 71.38% CPU
Optimizing NNI: done in 0.884439 secs using 76.69% CPU
Optimizing NNI: done in 0.804216 secs using 93.66% CPU
Optimizing NNI: done in 0.855551 secs using 99.95% CPU
Optimizing NNI: done in 0.946124 secs using 84.87% CPU
Optimizing NNI: done in 0.857451 secs using 87.86% CPU
Iteration 370 / LogL: -5063.383 / Time: 0h:7m:56s (0h:0m:38s left)
Optimizing NNI: done in 0.764935 secs using 98.42% CPU
Optimizing NNI: done in 0.996726 secs using 74.09% CPU
Optimizing NNI: done in 1.00666 secs using 71.36% CPU
Optimizing NNI: done in 0.996809 secs using 62.68% CPU
Optimizing NNI: done in 0.762198 secs using 89.5% CPU
Optimizing NNI: done in 0.67148 secs using 97.61% CPU
Optimizing NNI: done in 0.951215 secs using 68.04% CPU
Optimizing NNI: done in 0.753121 secs using 99.99% CPU
Optimizing NNI: done in 0.657138 secs using 98.17% CPU
Optimizing NNI: done in 0.66548 secs using 100% CPU
Iteration 380 / LogL: -5055.538 / Time: 0h:8m:6s (0h:0m:25s left)
Optimizing NNI: done in 0.523077 secs using 100% CPU
Optimizing NNI: done in 0.815784 secs using 92.55% CPU
Optimizing NNI: done in 0.878235 secs using 80.84% CPU
Optimizing NNI: done in 0.715574 secs using 100% CPU
Optimizing NNI: done in 0.791932 secs using 77.3% CPU
Optimizing NNI: done in 0.803711 secs using 83.3% CPU
Optimizing NNI: done in 0.948986 secs using 69.99% CPU
Optimizing NNI: done in 0.592722 secs using 100% CPU
Optimizing NNI: done in 0.887003 secs using 73.97% CPU
Optimizing NNI: done in 0.684508 secs using 85.89% CPU
Iteration 390 / LogL: -5055.708 / Time: 0h:8m:14s (0h:0m:12s left)
Optimizing NNI: done in 1.04316 secs using 66.45% CPU
Optimizing NNI: done in 1.15668 secs using 68.16% CPU
Optimizing NNI: done in 0.694065 secs using 95.65% CPU
Optimizing NNI: done in 0.566358 secs using 100% CPU
Optimizing NNI: done in 0.76415 secs using 64.34% CPU
Optimizing NNI: done in 0.662034 secs using 95.43% CPU
Optimizing NNI: done in 0.697374 secs using 99.76% CPU
Optimizing NNI: done in 0.571265 secs using 99.68% CPU
Optimizing NNI: done in 0.772445 secs using 79.3% CPU
Optimizing NNI: done in 0.650979 secs using 100% CPU
Iteration 400 / LogL: -5055.415 / Time: 0h:8m:23s (0h:0m:0s left)
Log-likelihood cutoff on original alignment: -5099.233
NOTE: Bootstrap correlation coefficient of split occurrence frequencies: 0.984
NOTE: UFBoot does not converge, continue at least 100 more iterations
Optimizing NNI: done in 0.670288 secs using 99.98% CPU
Optimizing NNI: done in 0.538331 secs using 100% CPU
Optimizing NNI: done in 0.705638 secs using 100% CPU
Optimizing NNI: done in 0.779428 secs using 100% CPU
Optimizing NNI: done in 0.653195 secs using 92.65% CPU
Optimizing NNI: done in 0.739447 secs using 94.69% CPU
Optimizing NNI: done in 0.652734 secs using 100% CPU
Optimizing NNI: done in 0.608837 secs using 100% CPU
Optimizing NNI: done in 0.610569 secs using 94.76% CPU
Optimizing NNI: done in 0.749701 secs using 95.2% CPU
Iteration 410 / LogL: -5055.415 / Time: 0h:8m:31s (0h:1m:52s left)
Optimizing NNI: done in 0.96181 secs using 91.01% CPU
Optimizing NNI: done in 0.810275 secs using 78.72% CPU
Optimizing NNI: done in 1.05733 secs using 85.19% CPU
Optimizing NNI: done in 0.641334 secs using 97.06% CPU
Optimizing NNI: done in 0.757419 secs using 100% CPU
Optimizing NNI: done in 0.949826 secs using 76.53% CPU
Optimizing NNI: done in 0.666744 secs using 84.76% CPU
Optimizing NNI: done in 0.692489 secs using 79.55% CPU
Optimizing NNI: done in 0.650875 secs using 100% CPU
Optimizing NNI: done in 0.31813 secs using 100% CPU
Iteration 420 / LogL: -5102.041 / Time: 0h:8m:40s (0h:1m:39s left)
Optimizing NNI: done in 0.622779 secs using 99.99% CPU
Optimizing NNI: done in 0.745935 secs using 96.54% CPU
Optimizing NNI: done in 0.772282 secs using 94.52% CPU
Optimizing NNI: done in 0.886174 secs using 100% CPU
BETTER TREE FOUND at iteration 424: -5055.414
Optimizing NNI: done in 0.870565 secs using 86.84% CPU
Optimizing NNI: done in 0.806273 secs using 82.54% CPU
Optimizing NNI: done in 0.593053 secs using 99.36% CPU
Optimizing NNI: done in 0.786032 secs using 83.23% CPU
Optimizing NNI: done in 0.570102 secs using 100% CPU
Optimizing NNI: done in 0.663255 secs using 100% CPU
Iteration 430 / LogL: -5055.550 / Time: 0h:8m:48s (0h:1m:55s left)
Optimizing NNI: done in 0.83301 secs using 94.97% CPU
Optimizing NNI: done in 0.638958 secs using 100% CPU
Optimizing NNI: done in 0.687524 secs using 99.95% CPU
Optimizing NNI: done in 0.722078 secs using 99.92% CPU
Optimizing NNI: done in 0.719146 secs using 89.61% CPU
Optimizing NNI: done in 0.778511 secs using 100% CPU
Optimizing NNI: done in 0.748867 secs using 86.12% CPU
Optimizing NNI: done in 0.83701 secs using 85.66% CPU
Optimizing NNI: done in 0.518472 secs using 95.24% CPU
Optimizing NNI: done in 0.727451 secs using 79.04% CPU
Iteration 440 / LogL: -5058.767 / Time: 0h:8m:57s (0h:1m:42s left)
Optimizing NNI: done in 0.671431 secs using 99.99% CPU
Optimizing NNI: done in 0.704131 secs using 93.09% CPU
Optimizing NNI: done in 0.725345 secs using 94.48% CPU
Optimizing NNI: done in 0.665564 secs using 97.59% CPU
Optimizing NNI: done in 0.627724 secs using 99.99% CPU
Optimizing NNI: done in 0.608741 secs using 99.99% CPU
Optimizing NNI: done in 0.859573 secs using 95.22% CPU
Optimizing NNI: done in 0.918611 secs using 70% CPU
Optimizing NNI: done in 0.842341 secs using 87.58% CPU
Optimizing NNI: done in 0.718018 secs using 88.31% CPU
Iteration 450 / LogL: -5055.417 / Time: 0h:9m:5s (0h:1m:29s left)
Log-likelihood cutoff on original alignment: -5099.233
Optimizing NNI: done in 0.663351 secs using 99.4% CPU
Optimizing NNI: done in 0.608416 secs using 99.34% CPU
Optimizing NNI: done in 0.713062 secs using 99.99% CPU
Optimizing NNI: done in 0.974667 secs using 75.72% CPU
Optimizing NNI: done in 0.606611 secs using 99.98% CPU
Optimizing NNI: done in 0.826365 secs using 88.43% CPU
BETTER TREE FOUND at iteration 456: -5055.414
Optimizing NNI: done in 0.667282 secs using 99.92% CPU
Optimizing NNI: done in 0.621586 secs using 89.17% CPU
Optimizing NNI: done in 0.694465 secs using 99.32% CPU
Optimizing NNI: done in 0.648243 secs using 99.85% CPU
Iteration 460 / LogL: -5065.164 / Time: 0h:9m:14s (0h:1m:55s left)
Optimizing NNI: done in 0.756683 secs using 95.21% CPU
Optimizing NNI: done in 1.0249 secs using 82.82% CPU
Optimizing NNI: done in 0.676292 secs using 99.94% CPU
Optimizing NNI: done in 0.831767 secs using 83.71% CPU
Optimizing NNI: done in 0.684516 secs using 93.38% CPU
Optimizing NNI: done in 0.732421 secs using 99.35% CPU
Optimizing NNI: done in 0.736923 secs using 91.03% CPU
Optimizing NNI: done in 0.847131 secs using 69.65% CPU
Optimizing NNI: done in 1.04129 secs using 65.6% CPU
Optimizing NNI: done in 0.958959 secs using 76.06% CPU
Iteration 470 / LogL: -5065.757 / Time: 0h:9m:23s (0h:1m:43s left)
Optimizing NNI: done in 0.667997 secs using 99.99% CPU
Optimizing NNI: done in 0.657414 secs using 99.86% CPU
Optimizing NNI: done in 0.651996 secs using 92.08% CPU
Optimizing NNI: done in 0.708556 secs using 99.99% CPU
Optimizing NNI: done in 0.903973 secs using 78.93% CPU
Optimizing NNI: done in 0.800663 secs using 90% CPU
Optimizing NNI: done in 0.483713 secs using 99.84% CPU
Optimizing NNI: done in 0.892129 secs using 90.06% CPU
Optimizing NNI: done in 0.728353 secs using 89.57% CPU
Optimizing NNI: done in 1.01311 secs using 61.69% CPU
Iteration 480 / LogL: -5055.711 / Time: 0h:9m:32s (0h:1m:30s left)
Optimizing NNI: done in 0.573966 secs using 98.35% CPU
Optimizing NNI: done in 0.586399 secs using 99.15% CPU
Optimizing NNI: done in 0.696369 secs using 86.84% CPU
Optimizing NNI: done in 0.668703 secs using 100% CPU
Optimizing NNI: done in 0.363593 secs using 99.98% CPU
Optimizing NNI: done in 0.669235 secs using 99.99% CPU
BETTER TREE FOUND at iteration 486: -5055.414
Optimizing NNI: done in 0.786692 secs using 84.31% CPU
Optimizing NNI: done in 0.716244 secs using 83.95% CPU
Optimizing NNI: done in 0.545951 secs using 99.33% CPU
Optimizing NNI: done in 0.575269 secs using 100% CPU
Iteration 490 / LogL: -5055.548 / Time: 0h:9m:39s (0h:1m:53s left)
Optimizing NNI: done in 0.472631 secs using 99.99% CPU
Optimizing NNI: done in 0.631784 secs using 100% CPU
Optimizing NNI: done in 0.767241 secs using 88.55% CPU
Optimizing NNI: done in 0.554312 secs using 100% CPU
Optimizing NNI: done in 0.567275 secs using 100% CPU
Optimizing NNI: done in 0.862229 secs using 69.27% CPU
Optimizing NNI: done in 0.998289 secs using 75.85% CPU
Optimizing NNI: done in 0.933801 secs using 73.56% CPU
Optimizing NNI: done in 0.951451 secs using 66.78% CPU
Optimizing NNI: done in 0.589224 secs using 100% CPU
Iteration 500 / LogL: -5060.993 / Time: 0h:9m:48s (0h:1m:41s left)
Log-likelihood cutoff on original alignment: -5099.233
NOTE: Bootstrap correlation coefficient of split occurrence frequencies: 0.997
Optimizing NNI: done in 0.956328 secs using 77.1% CPU
Optimizing NNI: done in 0.798548 secs using 91.43% CPU
Optimizing NNI: done in 0.77462 secs using 80.97% CPU
Optimizing NNI: done in 0.511916 secs using 99.9% CPU
Optimizing NNI: done in 0.964049 secs using 70.41% CPU
Optimizing NNI: done in 1.00787 secs using 73.07% CPU
Optimizing NNI: done in 0.850122 secs using 100% CPU
Optimizing NNI: done in 0.734342 secs using 100% CPU
Optimizing NNI: done in 0.579778 secs using 100% CPU
Optimizing NNI: done in 1.11612 secs using 69.34% CPU
Iteration 510 / LogL: -5055.415 / Time: 0h:9m:58s (0h:1m:45s left)
Optimizing NNI: done in 0.889796 secs using 74.06% CPU
Optimizing NNI: done in 0.800642 secs using 100% CPU
Optimizing NNI: done in 0.541123 secs using 99.32% CPU
Optimizing NNI: done in 0.640221 secs using 100% CPU
Optimizing NNI: done in 0.709481 secs using 97.74% CPU
Optimizing NNI: done in 0.583816 secs using 100% CPU
Optimizing NNI: done in 0.708557 secs using 92.29% CPU
Optimizing NNI: done in 0.608786 secs using 98.02% CPU
Optimizing NNI: done in 0.536653 secs using 91.18% CPU
Optimizing NNI: done in 0.726165 secs using 97.06% CPU
Iteration 520 / LogL: -5055.844 / Time: 0h:10m:6s (0h:1m:33s left)
Optimizing NNI: done in 0.664879 secs using 100% CPU
Optimizing NNI: done in 0.652672 secs using 100% CPU
Optimizing NNI: done in 0.666392 secs using 99.95% CPU
Optimizing NNI: done in 0.511719 secs using 99.93% CPU
Optimizing NNI: done in 0.64567 secs using 100% CPU
Optimizing NNI: done in 0.725493 secs using 99.99% CPU
Optimizing NNI: done in 0.612282 secs using 100% CPU
Optimizing NNI: done in 0.614868 secs using 100% CPU
Optimizing NNI: done in 0.707051 secs using 99.46% CPU
Optimizing NNI: done in 0.580899 secs using 99.31% CPU
Iteration 530 / LogL: -5055.647 / Time: 0h:10m:14s (0h:1m:21s left)
Optimizing NNI: done in 0.549083 secs using 99.87% CPU
Optimizing NNI: done in 0.672533 secs using 99.69% CPU
Optimizing NNI: done in 0.734445 secs using 89.11% CPU
Optimizing NNI: done in 0.787834 secs using 89.67% CPU
Optimizing NNI: done in 0.808511 secs using 81.94% CPU
Optimizing NNI: done in 0.588509 secs using 99.99% CPU
Optimizing NNI: done in 0.831739 secs using 93.27% CPU
Optimizing NNI: done in 0.657025 secs using 99.98% CPU
Optimizing NNI: done in 0.9573 secs using 93.45% CPU
Optimizing NNI: done in 0.712608 secs using 99.99% CPU
Iteration 540 / LogL: -5057.379 / Time: 0h:10m:22s (0h:1m:9s left)
Optimizing NNI: done in 0.721847 secs using 90.64% CPU
Optimizing NNI: done in 0.701342 secs using 99.94% CPU
Optimizing NNI: done in 0.866207 secs using 88.37% CPU
Optimizing NNI: done in 0.849107 secs using 69.46% CPU
Optimizing NNI: done in 0.844615 secs using 77.74% CPU
Optimizing NNI: done in 0.730317 secs using 91.21% CPU
Optimizing NNI: done in 0.783482 secs using 95.92% CPU
Optimizing NNI: done in 0.720772 secs using 97.78% CPU
Optimizing NNI: done in 0.560139 secs using 85.69% CPU
Optimizing NNI: done in 0.634955 secs using 99.99% CPU
Iteration 550 / LogL: -5063.787 / Time: 0h:10m:31s (0h:0m:57s left)
Log-likelihood cutoff on original alignment: -5099.233
Optimizing NNI: done in 0.598131 secs using 94.65% CPU
Optimizing NNI: done in 0.667351 secs using 99.32% CPU
Optimizing NNI: done in 0.721948 secs using 100% CPU
Optimizing NNI: done in 0.554775 secs using 97.11% CPU
Optimizing NNI: done in 0.829873 secs using 96.57% CPU
Optimizing NNI: done in 0.663863 secs using 83.1% CPU
Optimizing NNI: done in 0.646873 secs using 99.98% CPU
Optimizing NNI: done in 0.599059 secs using 99.99% CPU
Optimizing NNI: done in 0.76786 secs using 99.75% CPU
Optimizing NNI: done in 0.669423 secs using 99.99% CPU
Iteration 560 / LogL: -5061.870 / Time: 0h:10m:39s (0h:0m:45s left)
Optimizing NNI: done in 0.78469 secs using 95.93% CPU
Optimizing NNI: done in 0.775121 secs using 99.99% CPU
Optimizing NNI: done in 0.676943 secs using 99.99% CPU
Optimizing NNI: done in 0.66427 secs using 99.99% CPU
Optimizing NNI: done in 0.573132 secs using 99.99% CPU
Optimizing NNI: done in 0.636197 secs using 99.37% CPU
Optimizing NNI: done in 0.51418 secs using 100% CPU
Optimizing NNI: done in 0.700489 secs using 99.91% CPU
Optimizing NNI: done in 0.503073 secs using 99.78% CPU
Optimizing NNI: done in 0.74708 secs using 100% CPU
Iteration 570 / LogL: -5055.414 / Time: 0h:10m:47s (0h:0m:34s left)
Optimizing NNI: done in 0.645653 secs using 100% CPU
Optimizing NNI: done in 0.648789 secs using 95.69% CPU
Optimizing NNI: done in 0.564506 secs using 99.99% CPU
Optimizing NNI: done in 0.694634 secs using 85.6% CPU
BETTER TREE FOUND at iteration 574: -5055.414
Optimizing NNI: done in 0.338206 secs using 99.93% CPU
Optimizing NNI: done in 1.09362 secs using 71.47% CPU
Optimizing NNI: done in 0.711229 secs using 92.68% CPU
Optimizing NNI: done in 0.763448 secs using 99.97% CPU
Optimizing NNI: done in 0.733519 secs using 100% CPU
Optimizing NNI: done in 0.49485 secs using 99.95% CPU
Iteration 580 / LogL: -5060.487 / Time: 0h:10m:55s (0h:1m:46s left)
Optimizing NNI: done in 0.700238 secs using 98.82% CPU
Optimizing NNI: done in 0.632385 secs using 100% CPU
Optimizing NNI: done in 0.813476 secs using 99.99% CPU
Optimizing NNI: done in 0.548081 secs using 100% CPU
Optimizing NNI: done in 0.660373 secs using 99.99% CPU
Optimizing NNI: done in 0.646558 secs using 99.99% CPU
Optimizing NNI: done in 0.614609 secs using 99.99% CPU
Optimizing NNI: done in 0.625829 secs using 100% CPU
Optimizing NNI: done in 0.666442 secs using 98.03% CPU
Optimizing NNI: done in 0.667598 secs using 98.56% CPU
Iteration 590 / LogL: -5059.248 / Time: 0h:11m:3s (0h:1m:34s left)
Optimizing NNI: done in 0.621943 secs using 99.97% CPU
Optimizing NNI: done in 0.703578 secs using 93.03% CPU
Optimizing NNI: done in 0.765991 secs using 100% CPU
Optimizing NNI: done in 0.598786 secs using 100% CPU
Optimizing NNI: done in 0.645299 secs using 100% CPU
Optimizing NNI: done in 0.698594 secs using 88.12% CPU
Optimizing NNI: done in 0.566079 secs using 100% CPU
Optimizing NNI: done in 0.700178 secs using 99.44% CPU
Optimizing NNI: done in 0.685843 secs using 100% CPU
Optimizing NNI: done in 0.644021 secs using 100% CPU
Iteration 600 / LogL: -5057.909 / Time: 0h:11m:11s (0h:1m:22s left)
Log-likelihood cutoff on original alignment: -5099.233
NOTE: Bootstrap correlation coefficient of split occurrence frequencies: 0.998
Optimizing NNI: done in 0.878928 secs using 85.43% CPU
Optimizing NNI: done in 0.770706 secs using 100% CPU
Optimizing NNI: done in 0.711429 secs using 100% CPU
Optimizing NNI: done in 0.56898 secs using 99.99% CPU
Optimizing NNI: done in 0.760882 secs using 94.72% CPU
Optimizing NNI: done in 0.869167 secs using 89.87% CPU
Optimizing NNI: done in 0.643034 secs using 95.14% CPU
Optimizing NNI: done in 0.800173 secs using 92.42% CPU
Optimizing NNI: done in 0.731989 secs using 87.56% CPU
Optimizing NNI: done in 0.631569 secs using 99.9% CPU
Iteration 610 / LogL: -5055.415 / Time: 0h:11m:21s (0h:1m:40s left)
Optimizing NNI: done in 0.757888 secs using 99.93% CPU
Optimizing NNI: done in 0.66688 secs using 99.85% CPU
Optimizing NNI: done in 0.83299 secs using 96.11% CPU
Optimizing NNI: done in 0.52145 secs using 99.96% CPU
Optimizing NNI: done in 0.563255 secs using 99.85% CPU
Optimizing NNI: done in 0.570026 secs using 99.97% CPU
Optimizing NNI: done in 0.579187 secs using 99.95% CPU
Optimizing NNI: done in 0.546448 secs using 99.85% CPU
Optimizing NNI: done in 0.758211 secs using 99.43% CPU
Optimizing NNI: done in 0.886574 secs using 99.95% CPU
Iteration 620 / LogL: -5059.042 / Time: 0h:11m:29s (0h:1m:29s left)
Optimizing NNI: done in 0.488754 secs using 99.94% CPU
Optimizing NNI: done in 0.601263 secs using 99.89% CPU
Optimizing NNI: done in 0.734648 secs using 91.06% CPU
Optimizing NNI: done in 0.75151 secs using 94.73% CPU
Optimizing NNI: done in 0.625933 secs using 99.87% CPU
Optimizing NNI: done in 0.586401 secs using 99.88% CPU
Optimizing NNI: done in 0.775539 secs using 99.88% CPU
Optimizing NNI: done in 1.15105 secs using 73.17% CPU
Optimizing NNI: done in 0.701012 secs using 99.91% CPU
Optimizing NNI: done in 0.870128 secs using 81.48% CPU
Iteration 630 / LogL: -5055.414 / Time: 0h:11m:37s (0h:1m:17s left)
Optimizing NNI: done in 0.819065 secs using 68.2% CPU
Optimizing NNI: done in 0.639665 secs using 99.4% CPU
Optimizing NNI: done in 0.713757 secs using 100% CPU
Optimizing NNI: done in 0.905231 secs using 95.58% CPU
Optimizing NNI: done in 1.04146 secs using 61.21% CPU
Optimizing NNI: done in 0.629389 secs using 99.99% CPU
Optimizing NNI: done in 0.71572 secs using 99.99% CPU
Optimizing NNI: done in 0.847599 secs using 82.97% CPU
Optimizing NNI: done in 0.684147 secs using 95.33% CPU
Optimizing NNI: done in 1.03922 secs using 65.21% CPU
Iteration 640 / LogL: -5055.512 / Time: 0h:11m:47s (0h:1m:6s left)
Optimizing NNI: done in 0.847212 secs using 98.77% CPU
Optimizing NNI: done in 0.674001 secs using 94.88% CPU
Optimizing NNI: done in 0.876113 secs using 82.98% CPU
Optimizing NNI: done in 0.702346 secs using 93.3% CPU
Optimizing NNI: done in 0.688917 secs using 98.84% CPU
Optimizing NNI: done in 0.806583 secs using 100% CPU
Optimizing NNI: done in 0.765868 secs using 100% CPU
Optimizing NNI: done in 0.592704 secs using 97.81% CPU
Optimizing NNI: done in 0.92373 secs using 76.57% CPU
Optimizing NNI: done in 0.577768 secs using 96.23% CPU
Iteration 650 / LogL: -5073.564 / Time: 0h:11m:56s (0h:0m:55s left)
Log-likelihood cutoff on original alignment: -5099.233
Optimizing NNI: done in 0.796179 secs using 81.21% CPU
Optimizing NNI: done in 0.685835 secs using 100% CPU
Optimizing NNI: done in 0.602264 secs using 100% CPU
Optimizing NNI: done in 0.633106 secs using 99.41% CPU
Optimizing NNI: done in 0.709652 secs using 84.22% CPU
Optimizing NNI: done in 0.556871 secs using 100% CPU
Optimizing NNI: done in 0.829595 secs using 90.35% CPU
Optimizing NNI: done in 0.618717 secs using 100% CPU
Optimizing NNI: done in 0.622495 secs using 84.58% CPU
Optimizing NNI: done in 0.591314 secs using 86.46% CPU
Iteration 660 / LogL: -5055.549 / Time: 0h:12m:5s (0h:0m:44s left)
Optimizing NNI: done in 0.599493 secs using 99.99% CPU
Optimizing NNI: done in 0.791116 secs using 99.99% CPU
Optimizing NNI: done in 1.10133 secs using 99.99% CPU
Optimizing NNI: done in 0.815127 secs using 99.99% CPU
Optimizing NNI: done in 0.744548 secs using 85.13% CPU
Optimizing NNI: done in 0.625897 secs using 99.99% CPU
Optimizing NNI: done in 0.671645 secs using 99.99% CPU
Optimizing NNI: done in 0.677159 secs using 100% CPU
Optimizing NNI: done in 0.764306 secs using 93.69% CPU
Optimizing NNI: done in 0.61156 secs using 94.12% CPU
Iteration 670 / LogL: -5055.513 / Time: 0h:12m:14s (0h:0m:32s left)
Optimizing NNI: done in 0.630376 secs using 99.35% CPU
Optimizing NNI: done in 0.840574 secs using 76.75% CPU
Optimizing NNI: done in 0.746679 secs using 69.42% CPU
Optimizing NNI: done in 0.728363 secs using 100% CPU
Optimizing NNI: done in 0.757251 secs using 78.74% CPU
TREE SEARCH COMPLETED AFTER 675 ITERATIONS / Time: 0h:12m:19s

--------------------------------------------------------------------
|                    FINALIZING TREE SEARCH                        |
--------------------------------------------------------------------
Performs final model parameters optimization
Estimate model parameters (epsilon = 0.010)
1. Initial log-likelihood: -5055.414
2. Current log-likelihood: -5055.366
3. Current log-likelihood: -5055.315
4. Current log-likelihood: -5055.259
5. Current log-likelihood: -5055.195
6. Current log-likelihood: -5055.124
7. Current log-likelihood: -5055.045
8. Current log-likelihood: -5054.955
9. Current log-likelihood: -5054.853
10. Current log-likelihood: -5054.739
11. Current log-likelihood: -5054.611
12. Current log-likelihood: -5054.467
13. Current log-likelihood: -5054.308
14. Current log-likelihood: -5054.134
15. Current log-likelihood: -5053.944
16. Current log-likelihood: -5053.740
17. Current log-likelihood: -5053.525
18. Current log-likelihood: -5053.302
19. Current log-likelihood: -5053.070
20. Current log-likelihood: -5052.838
21. Current log-likelihood: -5052.609
22. Current log-likelihood: -5052.382
23. Current log-likelihood: -5052.167
24. Current log-likelihood: -5051.961
25. Current log-likelihood: -5051.772
26. Current log-likelihood: -5051.589
27. Current log-likelihood: -5051.423
28. Current log-likelihood: -5051.270
29. Current log-likelihood: -5051.133
30. Current log-likelihood: -5051.009
31. Current log-likelihood: -5050.898
32. Current log-likelihood: -5050.797
33. Current log-likelihood: -5050.706
34. Current log-likelihood: -5050.622
35. Current log-likelihood: -5050.546
36. Current log-likelihood: -5050.476
37. Current log-likelihood: -5050.411
38. Current log-likelihood: -5050.351
39. Current log-likelihood: -5050.294
40. Current log-likelihood: -5050.241
41. Current log-likelihood: -5050.191
42. Current log-likelihood: -5050.143
43. Current log-likelihood: -5050.098
44. Current log-likelihood: -5050.055
45. Current log-likelihood: -5050.015
46. Current log-likelihood: -5049.976
47. Current log-likelihood: -5049.939
48. Current log-likelihood: -5049.904
49. Current log-likelihood: -5049.871
50. Current log-likelihood: -5049.839
51. Current log-likelihood: -5049.809
52. Current log-likelihood: -5049.780
53. Current log-likelihood: -5049.752
54. Current log-likelihood: -5049.725
55. Current log-likelihood: -5049.699
56. Current log-likelihood: -5049.682
57. Current log-likelihood: -5049.656
58. Current log-likelihood: -5049.640
59. Current log-likelihood: -5049.624
60. Current log-likelihood: -5049.608
61. Current log-likelihood: -5049.592
62. Current log-likelihood: -5049.577
63. Current log-likelihood: -5049.563
64. Current log-likelihood: -5049.549
65. Current log-likelihood: -5049.535
66. Current log-likelihood: -5049.522
67. Current log-likelihood: -5049.509
68. Current log-likelihood: -5049.496
69. Current log-likelihood: -5049.484
70. Current log-likelihood: -5049.472
71. Current log-likelihood: -5049.460
72. Current log-likelihood: -5049.449
73. Current log-likelihood: -5049.438
74. Current log-likelihood: -5049.427
75. Current log-likelihood: -5049.416
76. Current log-likelihood: -5049.405
77. Current log-likelihood: -5049.395
Optimal log-likelihood: -5049.379
Rate parameters:  A-C: 0.86278  A-G: 2.72306  A-T: 0.85821  C-G: 0.79538  C-T: 4.53797  G-T: 1.00000
Base frequencies:  A: 0.322  C: 0.249  G: 0.210  T: 0.219
Site proportion and rates:  (0.504,0.051) (0.304,1.006) (0.150,2.464) (0.042,7.142)
Parameters optimization took 77 rounds (12.761 sec)
BEST SCORE FOUND : -5049.379
Creating bootstrap support values...
Split supports printed to NEXUS file 4G08150_iqtree_final_superstrict_excluding_hybrids.splits.nex
Total tree length: 2.616

Total number of iterations: 675
CPU time used for tree search: 516.331 sec (0h:8m:36s)
Wall-clock time used for tree search: 580.076 sec (0h:9m:40s)
Total CPU time used: 727.287 sec (0h:12m:7s)
Total wall-clock time used: 752.381 sec (0h:12m:32s)

Computing bootstrap consensus tree...
Reading input file 4G08150_iqtree_final_superstrict_excluding_hybrids.splits.nex...
112 taxa and 1682 splits.
Consensus tree written to 4G08150_iqtree_final_superstrict_excluding_hybrids.contree
Reading input trees file 4G08150_iqtree_final_superstrict_excluding_hybrids.contree
Log-likelihood of consensus tree: -5049.691

Analysis results written to: 
  IQ-TREE report:                4G08150_iqtree_final_superstrict_excluding_hybrids.iqtree
  Maximum-likelihood tree:       4G08150_iqtree_final_superstrict_excluding_hybrids.treefile
  Likelihood distances:          4G08150_iqtree_final_superstrict_excluding_hybrids.mldist

Ultrafast bootstrap approximation results written to:
  Split support values:          4G08150_iqtree_final_superstrict_excluding_hybrids.splits.nex
  Consensus tree:                4G08150_iqtree_final_superstrict_excluding_hybrids.contree
  Screen log file:               4G08150_iqtree_final_superstrict_excluding_hybrids.log

ALISIM COMMAND
--------------
--alisim simulated_MSA -t 4G08150_iqtree_final_superstrict_excluding_hybrids.treefile -m "GTR{0.86278,2.72306,0.85821,0.795378,4.53797}+F{0.32235,0.248907,0.210037,0.218707}+R4{0.504367,0.0511768,0.303856,1.00649,0.149929,2.46444,0.0418475,7.14189}" --length 386

Date and Time: Fri Jun  2 09:44:47 2023
