IQ-TREE multicore version 2.2.2 COVID-edition for Linux 64-bit built Sep 20 2022
Developed by Bui Quang Minh, James Barbetti, Nguyen Lam Tung,
Olga Chernomor, Heiko Schmidt, Dominik Schrempf, Michael Woodhams, Ly Trong Nhan.

Host:    netdc-bms-c11f (AVX2, FMA3, 377 GB RAM)
Command: /home/kasper.hendriks/iqtree-2.2.2-Linux/bin/iqtree2 -s 4G16420_taper_final_superstrict_excluding_hybrids.fasta -B 1000 -nm 1000 -m GTR+F+R -nt AUTO --prefix 4G16420_iqtree_final_superstrict_excluding_hybrids
Seed:    534896 (Using SPRNG - Scalable Parallel Random Number Generator)
Time:    Fri Jun  2 09:33:02 2023
Kernel:  AVX+FMA - auto-detect threads (56 CPU cores detected)

Reading alignment file 4G16420_taper_final_superstrict_excluding_hybrids.fasta ... Fasta format detected
Reading fasta file: done in 0.00120997 secs using 99.92% CPU
Alignment most likely contains DNA/RNA sequences
Constructing alignment: done in 0.00269699 secs using 1415% CPU
Alignment has 117 sequences with 387 columns, 229 distinct patterns
133 parsimony-informative, 27 singleton sites, 227 constant sites
             Gap/Ambiguity  Composition  p-value
Analyzing sequences: done in 0.012109 secs using 1391% CPU
   1  S0055          0.00%    passed     97.78%
   2  S0196sl        0.26%    passed     93.56%
   3  S0278          0.00%    passed     98.56%
   4  S0282          0.26%    passed     93.96%
   5  S0289          0.00%    passed     98.36%
   6  S0292          0.26%    passed     99.87%
   7  S0293          0.00%    passed     99.06%
   8  S0299          2.33%    passed     97.84%
   9  S0308         46.77%    passed     95.76%
  10  S0320          0.26%    passed     99.50%
  11  S0327          0.00%    passed     76.98%
  12  S0376          0.26%    passed     95.58%
  13  S0400          0.00%    passed     97.07%
  14  S0405          0.00%    passed     86.92%
  15  S0407sl        0.00%    passed     99.23%
  16  S0412sl        0.52%    passed     81.16%
  17  S0417          0.52%    passed     99.96%
  18  S0427          0.00%    passed     99.71%
  19  S0430          0.26%    passed     69.00%
  20  S0478          0.00%    passed     95.88%
  21  S0552sl        0.00%    passed     79.30%
  22  S0616          0.00%    passed     87.21%
  23  S0624          0.00%    passed     96.58%
  24  S0641          0.00%    passed     99.66%
  25  S0643          0.26%    passed     97.27%
  26  S0645sl        0.00%    passed     96.58%
  27  S0656sl        4.65%    passed     87.69%
  28  S0673          0.00%    passed     91.65%
  29  S0689          0.52%    passed     95.64%
  30  S0690         57.36%    passed     96.23%
  31  S0720          0.00%    passed     85.66%
  32  S0724sl        0.00%    passed     80.72%
  33  S0735          0.00%    passed     96.53%
  34  S0742          4.91%    passed     90.66%
  35  S0748         47.80%    passed     73.90%
  36  S0753          0.00%    passed     95.66%
  37  S0756          1.29%    passed     95.17%
  38  S0758         46.51%    passed     66.85%
  39  S0760          0.00%    passed     90.71%
  40  S0763          0.26%    passed     97.27%
  41  S0765          0.00%    passed     89.92%
  42  S0770          0.00%    passed     94.21%
  43  S0795          0.00%    passed     85.38%
  44  S0827          0.00%    passed     95.62%
  45  S0888          0.00%    passed     83.87%
  46  S0894          0.00%    passed     94.73%
  47  S0899          1.29%    passed     96.94%
  48  S0906          0.26%    passed     97.13%
  49  S0952          2.07%    passed     84.13%
  50  S0956          0.78%    passed     71.37%
  51  S0959          0.00%    passed     88.72%
  52  S0960          0.26%    passed     84.55%
  53  S0964          0.26%    passed     78.86%
  54  S1083          0.00%    passed     55.74%
  55  S1100          1.55%    passed     87.55%
  56  S1102         48.58%    passed     74.62%
  57  S1110          1.29%    passed     90.70%
  58  S1120          0.78%    passed     92.13%
  59  S1128          1.81%    passed     98.32%
  60  S1129sl        0.00%    passed     99.64%
  61  S1148         44.19%    passed     93.74%
  62  S1177          0.00%    passed     94.21%
  63  S1180         44.19%    passed     98.37%
  64  S1187sl       51.68%    passed     89.08%
  65  S1189          0.00%    passed     72.45%
  66  S1201sl        0.00%    passed     94.24%
  67  S1210          4.13%    passed     98.00%
  68  S1214sl       56.59%    passed     86.11%
  69  S1223          0.26%    passed     98.54%
  70  S1227          0.00%    passed     94.70%
  71  S1235sl        0.00%    passed     62.61%
  72  S1238sl        0.00%    passed     99.63%
  73  S1239         10.08%    passed     80.74%
  74  S1245          0.00%    passed     94.73%
  75  S1246          0.26%    passed     95.22%
  76  S1250sl        0.00%    passed     99.54%
  77  S1251          0.00%    passed     99.43%
  78  S1260          0.52%    passed     91.55%
  79  S1266sl        0.00%    passed     71.62%
  80  S1269          0.00%    passed     63.74%
  81  S1278          0.00%    passed     79.59%
  82  S1315          3.88%    passed     99.31%
  83  S1332          0.00%    passed     98.96%
  84  S1366          0.00%    passed     99.35%
  85  S1369          2.58%    passed     94.13%
  86  S1370          0.78%    passed     97.17%
  87  S1375          3.88%    passed     91.71%
  88  S1376          0.00%    passed     95.81%
  89  S1405          4.39%    passed     63.73%
  90  S1422          0.00%    passed     99.82%
  91  S1449          0.00%    passed     99.19%
  92  S1451          0.00%    passed     98.59%
  93  S1460          0.26%    passed     56.67%
  94  S1462          0.00%    passed     81.77%
  95  S1475          0.26%    passed     99.29%
  96  S1498          0.26%    passed     51.61%
  97  S1539          2.33%    passed     88.68%
  98  S_670          0.00%    passed     96.27%
  99  SRR11470320    1.55%    passed     64.89%
 100  SRR8528336     0.26%    passed     98.24%
 101  SRR8528341     2.58%    passed     99.40%
 102  SRR8528343     0.26%    passed     99.30%
 103  SRR8528347     0.00%    passed     98.67%
 104  SRR8528350     0.00%    passed     94.03%
 105  SRR8528354     0.78%    passed     92.13%
 106  SRR8528357     0.00%    passed     94.19%
 107  SRR8528359     0.00%    passed     98.72%
 108  SRR8528361     1.81%    passed     99.37%
 109  SRR8528365     0.00%    passed     99.73%
 110  SRR8528370     0.00%    passed     95.00%
 111  SRR8528372     0.00%    passed     98.37%
 112  SRR8528379     0.00%    passed     99.45%
 113  SRR8528381     0.26%    passed     47.12%
 114  SRR8528384     0.00%    passed     96.75%
 115  SRR8528389     0.00%    passed     97.25%
 116  SRR8528391     0.00%    passed     94.26%
 117  SRR8528400     0.00%    passed     98.88%
WARNING: 3 sequences contain more than 50% gaps/ambiguity
****  TOTAL          4.38%  0 sequences failed composition chi2 test (p-value<5%; df=3)
NOTE: S1177 is identical to S0770 but kept for subsequent analysis
NOTE: S1245 is identical to S0894 but kept for subsequent analysis
Checking for duplicate sequences: done in 0.00727487 secs using 1443% CPU

Create initial parsimony tree by phylogenetic likelihood library (PLL)... 0.071 seconds
Generating 1000 samples for ultrafast bootstrap (seed: 534896)...

NOTE: 4 MB RAM (0 GB) is required!
Measuring multi-threading efficiency up to 56 CPU cores
Increase to 10 rounds for branch lengths
381 trees examined
Threads: 1 / Time: 56.127 sec / Speedup: 1.000 / Efficiency: 100% / LogL: -8254
Threads: 2 / Time: 72.858 sec / Speedup: 0.770 / Efficiency: 39% / LogL: -8254
Determining AUTO threadcount: done in 128.986 secs using 110.8% CPU
BEST NUMBER OF THREADS: 1

Estimate model parameters (epsilon = 0.100)
1. Initial log-likelihood: -4467.374
2. Current log-likelihood: -4242.264
3. Current log-likelihood: -4218.558
4. Current log-likelihood: -4213.070
5. Current log-likelihood: -4209.899
6. Current log-likelihood: -4207.890
7. Current log-likelihood: -4206.432
8. Current log-likelihood: -4205.342
9. Current log-likelihood: -4204.491
10. Current log-likelihood: -4203.809
11. Current log-likelihood: -4203.272
12. Current log-likelihood: -4202.833
13. Current log-likelihood: -4202.466
14. Current log-likelihood: -4202.167
15. Current log-likelihood: -4201.980
16. Current log-likelihood: -4201.812
17. Current log-likelihood: -4201.662
18. Current log-likelihood: -4201.528
19. Current log-likelihood: -4201.406
20. Current log-likelihood: -4201.301
Optimal log-likelihood: -4201.154
Rate parameters:  A-C: 1.46052  A-G: 3.58860  A-T: 1.37495  C-G: 1.65029  C-T: 6.72787  G-T: 1.00000
Base frequencies:  A: 0.312  C: 0.184  G: 0.252  T: 0.252
Site proportion and rates:  (0.633,0.091) (0.023,0.165) (0.279,1.945) (0.065,6.043)
Parameters optimization took 20 rounds (3.946 sec)
Wrote distance file to... 
Computing ML distances based on estimated model parameters...
Calculating distance matrix: done in 0.11968 secs using 97.21% CPU
Computing ML distances took 0.120077 sec (of wall-clock time) 0.116739 sec (of CPU time)
Setting up auxiliary I and S matrices: done in 0.000976086 secs using 99.99% CPU
Constructing RapidNJ tree: done in 0.00196791 secs using 100% CPU
Computing RapidNJ tree took 0.003093 sec (of wall-clock time) 0.003091 sec (of CPU time)
Log-likelihood of RapidNJ tree: -4272.916
--------------------------------------------------------------------
|             INITIALIZING CANDIDATE TREE SET                      |
--------------------------------------------------------------------
Generating 98 parsimony trees... 1.967 second
Computing log-likelihood of 98 initial trees ... 2.214 seconds
Current best score: -4190.410

Do NNI search on 20 best initial trees
Optimizing NNI: done in 0.561047 secs using 95.38% CPU
Estimate model parameters (epsilon = 0.100)
BETTER TREE FOUND at iteration 1: -4185.394
Optimizing NNI: done in 0.538682 secs using 99.91% CPU
Estimate model parameters (epsilon = 0.100)
BETTER TREE FOUND at iteration 2: -4181.611
Optimizing NNI: done in 0.867522 secs using 71.97% CPU
Optimizing NNI: done in 0.747065 secs using 95.5% CPU
Optimizing NNI: done in 0.583042 secs using 94.51% CPU
Optimizing NNI: done in 0.636059 secs using 100% CPU
Optimizing NNI: done in 0.643612 secs using 100% CPU
Optimizing NNI: done in 0.635285 secs using 100% CPU
Optimizing NNI: done in 0.727121 secs using 95.6% CPU
Optimizing NNI: done in 0.660915 secs using 96.98% CPU
Iteration 10 / LogL: -4194.056 / Time: 0h:2m:24s
Optimizing NNI: done in 0.526783 secs using 100% CPU
Optimizing NNI: done in 0.583707 secs using 92.86% CPU
Optimizing NNI: done in 0.585598 secs using 100% CPU
Optimizing NNI: done in 0.540702 secs using 99.99% CPU
Optimizing NNI: done in 0.759855 secs using 99.95% CPU
Optimizing NNI: done in 0.809412 secs using 90.06% CPU
Optimizing NNI: done in 0.619682 secs using 99.47% CPU
Optimizing NNI: done in 0.595693 secs using 99.97% CPU
Optimizing NNI: done in 0.616893 secs using 100% CPU
Optimizing NNI: done in 0.593035 secs using 99.99% CPU
Iteration 20 / LogL: -4195.182 / Time: 0h:2m:31s
Finish initializing candidate tree set (20)
Current best tree score: -4181.611 / CPU time: 17.783
Number of iterations: 20
--------------------------------------------------------------------
|               OPTIMIZING CANDIDATE TREE SET                      |
--------------------------------------------------------------------
Optimizing NNI: done in 0.704393 secs using 99.95% CPU
Optimizing NNI: done in 0.681985 secs using 99.99% CPU
Optimizing NNI: done in 0.88064 secs using 99.49% CPU
Optimizing NNI: done in 0.640621 secs using 100% CPU
Optimizing NNI: done in 0.871682 secs using 99.99% CPU
Optimizing NNI: done in 1.27877 secs using 54.27% CPU
Optimizing NNI: done in 0.920337 secs using 71.79% CPU
Optimizing NNI: done in 0.618297 secs using 97.29% CPU
Optimizing NNI: done in 0.954294 secs using 99.68% CPU
Optimizing NNI: done in 0.733957 secs using 84.85% CPU
Iteration 30 / LogL: -4184.757 / Time: 0h:2m:39s (0h:6m:35s left)
Optimizing NNI: done in 0.811365 secs using 100% CPU
Optimizing NNI: done in 0.88692 secs using 99.99% CPU
Optimizing NNI: done in 0.683549 secs using 94.66% CPU
Optimizing NNI: done in 0.95901 secs using 75.7% CPU
Optimizing NNI: done in 0.75222 secs using 96.27% CPU
Optimizing NNI: done in 0.805678 secs using 100% CPU
Optimizing NNI: done in 0.632393 secs using 83.18% CPU
Optimizing NNI: done in 1.09126 secs using 73.78% CPU
Estimate model parameters (epsilon = 0.100)
BETTER TREE FOUND at iteration 38: -4180.103
Optimizing NNI: done in 0.929342 secs using 99.97% CPU
Optimizing NNI: done in 0.759516 secs using 100% CPU
Iteration 40 / LogL: -4183.849 / Time: 0h:2m:48s (0h:7m:2s left)
Optimizing NNI: done in 0.744095 secs using 97.83% CPU
Optimizing NNI: done in 0.758762 secs using 100% CPU
Optimizing NNI: done in 0.574977 secs using 100% CPU
Optimizing NNI: done in 0.761058 secs using 100% CPU
Estimate model parameters (epsilon = 0.100)
BETTER TREE FOUND at iteration 44: -4176.454
Optimizing NNI: done in 0.716537 secs using 80.11% CPU
Optimizing NNI: done in 0.964793 secs using 72.95% CPU
Optimizing NNI: done in 1.18603 secs using 80.63% CPU
Optimizing NNI: done in 1.03241 secs using 85.98% CPU
Optimizing NNI: done in 0.774458 secs using 99.99% CPU
Optimizing NNI: done in 0.664464 secs using 99.99% CPU
Iteration 50 / LogL: -4181.751 / Time: 0h:2m:56s (0h:5m:39s left)
Log-likelihood cutoff on original alignment: -4222.389
Optimizing NNI: done in 0.82912 secs using 90.81% CPU
Estimate model parameters (epsilon = 0.100)
BETTER TREE FOUND at iteration 51: -4175.634
Optimizing NNI: done in 1.23613 secs using 62.65% CPU
Optimizing NNI: done in 1.45705 secs using 60.56% CPU
Optimizing NNI: done in 1.04693 secs using 77.69% CPU
Optimizing NNI: done in 0.871813 secs using 99.08% CPU
Optimizing NNI: done in 0.435095 secs using 99.99% CPU
Optimizing NNI: done in 0.619123 secs using 100% CPU
Optimizing NNI: done in 0.818787 secs using 99.99% CPU
Optimizing NNI: done in 0.770252 secs using 99.92% CPU
Optimizing NNI: done in 0.646588 secs using 98.64% CPU
Iteration 60 / LogL: -4179.422 / Time: 0h:3m:6s (0h:4m:48s left)
Optimizing NNI: done in 0.699955 secs using 99.99% CPU
Optimizing NNI: done in 0.603597 secs using 83.93% CPU
Optimizing NNI: done in 0.656341 secs using 71.28% CPU
Optimizing NNI: done in 0.914548 secs using 81.72% CPU
Optimizing NNI: done in 0.92739 secs using 76.42% CPU
Optimizing NNI: done in 0.869778 secs using 81.6% CPU
Estimate model parameters (epsilon = 0.100)
BETTER TREE FOUND at iteration 66: -4175.491
Optimizing NNI: done in 0.824758 secs using 90.05% CPU
Optimizing NNI: done in 1.10029 secs using 65.95% CPU
Optimizing NNI: done in 0.653397 secs using 99.99% CPU
Optimizing NNI: done in 0.593819 secs using 99.99% CPU
Iteration 70 / LogL: -4181.346 / Time: 0h:3m:15s (0h:4m:31s left)
Optimizing NNI: done in 0.8086 secs using 99.99% CPU
Optimizing NNI: done in 1.04684 secs using 74.08% CPU
Optimizing NNI: done in 0.949021 secs using 69.02% CPU
Optimizing NNI: done in 0.782479 secs using 76.96% CPU
Optimizing NNI: done in 1.13087 secs using 70.14% CPU
Optimizing NNI: done in 0.553805 secs using 97.08% CPU
Optimizing NNI: done in 1.033 secs using 82.95% CPU
Optimizing NNI: done in 1.03889 secs using 56.11% CPU
Optimizing NNI: done in 1.17417 secs using 49.58% CPU
Optimizing NNI: done in 1.43938 secs using 49.97% CPU
Iteration 80 / LogL: -4176.697 / Time: 0h:3m:25s (0h:3m:43s left)
Optimizing NNI: done in 1.20669 secs using 60.55% CPU
Optimizing NNI: done in 0.895729 secs using 95.72% CPU
Optimizing NNI: done in 1.19897 secs using 61.21% CPU
Estimate model parameters (epsilon = 0.100)
BETTER TREE FOUND at iteration 83: -4174.451
Optimizing NNI: done in 0.897835 secs using 82.38% CPU
Optimizing NNI: done in 0.766468 secs using 97.91% CPU
Optimizing NNI: done in 0.633244 secs using 99.93% CPU
BETTER TREE FOUND at iteration 86: -4174.449
Optimizing NNI: done in 1.08989 secs using 67.7% CPU
Optimizing NNI: done in 0.878553 secs using 90.89% CPU
Optimizing NNI: done in 0.568403 secs using 100% CPU
Optimizing NNI: done in 0.835694 secs using 97.69% CPU
Iteration 90 / LogL: -4177.125 / Time: 0h:3m:35s (0h:3m:52s left)
Optimizing NNI: done in 0.823447 secs using 92.2% CPU
Optimizing NNI: done in 0.407179 secs using 99.99% CPU
Optimizing NNI: done in 0.536323 secs using 99.27% CPU
Optimizing NNI: done in 0.493355 secs using 99.95% CPU
Optimizing NNI: done in 0.724424 secs using 91.15% CPU
Optimizing NNI: done in 0.912402 secs using 65.61% CPU
Optimizing NNI: done in 0.575554 secs using 93.01% CPU
Optimizing NNI: done in 0.69853 secs using 85.92% CPU
Optimizing NNI: done in 1.24213 secs using 64.31% CPU
Optimizing NNI: done in 0.662178 secs using 96.74% CPU
Iteration 100 / LogL: -4174.801 / Time: 0h:3m:42s (0h:3m:13s left)
Log-likelihood cutoff on original alignment: -4222.389
NOTE: Bootstrap correlation coefficient of split occurrence frequencies: 0.982
NOTE: UFBoot does not converge, continue at least 100 more iterations
Optimizing NNI: done in 0.781784 secs using 99.99% CPU
Optimizing NNI: done in 0.691688 secs using 83.7% CPU
Optimizing NNI: done in 0.655148 secs using 85.12% CPU
Optimizing NNI: done in 0.858593 secs using 80.99% CPU
Optimizing NNI: done in 0.66034 secs using 99.95% CPU
BETTER TREE FOUND at iteration 105: -4174.449
Optimizing NNI: done in 0.712685 secs using 94.54% CPU
Optimizing NNI: done in 1.39709 secs using 51.33% CPU
Optimizing NNI: done in 0.933073 secs using 74.27% CPU
Optimizing NNI: done in 0.698974 secs using 100% CPU
Estimate model parameters (epsilon = 0.100)
BETTER TREE FOUND at iteration 109: -4174.349
Optimizing NNI: done in 0.852538 secs using 88.92% CPU
Iteration 110 / LogL: -4176.465 / Time: 0h:3m:52s (0h:3m:30s left)
Optimizing NNI: done in 0.770648 secs using 92.99% CPU
Optimizing NNI: done in 0.699209 secs using 87.46% CPU
Optimizing NNI: done in 0.836524 secs using 99.99% CPU
Optimizing NNI: done in 0.877676 secs using 89.96% CPU
Optimizing NNI: done in 1.10253 secs using 71.59% CPU
Optimizing NNI: done in 0.842258 secs using 88.23% CPU
Optimizing NNI: done in 0.892585 secs using 88.8% CPU
Optimizing NNI: done in 0.6221 secs using 100% CPU
Optimizing NNI: done in 1.34242 secs using 64.56% CPU
Optimizing NNI: done in 1.0918 secs using 74.63% CPU
Iteration 120 / LogL: -4176.082 / Time: 0h:4m:1s (0h:3m:0s left)
Optimizing NNI: done in 0.801116 secs using 81.53% CPU
Optimizing NNI: done in 1.04357 secs using 81.21% CPU
Optimizing NNI: done in 1.13894 secs using 84.15% CPU
Optimizing NNI: done in 0.752191 secs using 88.7% CPU
Estimate model parameters (epsilon = 0.100)
BETTER TREE FOUND at iteration 124: -4174.240
Optimizing NNI: done in 0.694486 secs using 87.98% CPU
Optimizing NNI: done in 1.37611 secs using 62.45% CPU
Optimizing NNI: done in 0.799026 secs using 99.1% CPU
Optimizing NNI: done in 0.650663 secs using 97.76% CPU
Optimizing NNI: done in 0.792629 secs using 85.91% CPU
Optimizing NNI: done in 0.716004 secs using 80.26% CPU
Iteration 130 / LogL: -4174.445 / Time: 0h:4m:11s (0h:3m:2s left)
Optimizing NNI: done in 1.28354 secs using 65.88% CPU
Optimizing NNI: done in 1.02247 secs using 70.11% CPU
Optimizing NNI: done in 0.924593 secs using 77.09% CPU
Optimizing NNI: done in 0.833904 secs using 90.6% CPU
Optimizing NNI: done in 0.603108 secs using 99.66% CPU
Optimizing NNI: done in 0.682885 secs using 99.96% CPU
Optimizing NNI: done in 0.945923 secs using 73.3% CPU
Optimizing NNI: done in 0.979954 secs using 61.63% CPU
Optimizing NNI: done in 0.93238 secs using 82.4% CPU
Optimizing NNI: done in 0.893404 secs using 83.18% CPU
Iteration 140 / LogL: -4174.446 / Time: 0h:4m:20s (0h:2m:37s left)
Optimizing NNI: done in 1.11228 secs using 64.7% CPU
Optimizing NNI: done in 1.42263 secs using 63.58% CPU
Optimizing NNI: done in 0.661076 secs using 100% CPU
Optimizing NNI: done in 0.64293 secs using 100% CPU
Optimizing NNI: done in 0.625789 secs using 99.99% CPU
Optimizing NNI: done in 0.691773 secs using 81.66% CPU
Optimizing NNI: done in 0.846496 secs using 76.06% CPU
Optimizing NNI: done in 0.607198 secs using 100% CPU
Optimizing NNI: done in 0.975652 secs using 98.36% CPU
Optimizing NNI: done in 1.05785 secs using 74.21% CPU
Iteration 150 / LogL: -4175.642 / Time: 0h:4m:29s (0h:2m:13s left)
Log-likelihood cutoff on original alignment: -4222.389
Optimizing NNI: done in 1.29071 secs using 66.57% CPU
Optimizing NNI: done in 0.965525 secs using 90.3% CPU
Optimizing NNI: done in 0.675893 secs using 99.99% CPU
Optimizing NNI: done in 0.609732 secs using 99.99% CPU
Optimizing NNI: done in 0.738152 secs using 100% CPU
Optimizing NNI: done in 0.440648 secs using 99.97% CPU
BETTER TREE FOUND at iteration 156: -4174.239
Optimizing NNI: done in 0.538689 secs using 99.99% CPU
Optimizing NNI: done in 0.79186 secs using 99.47% CPU
Optimizing NNI: done in 0.532789 secs using 93.97% CPU
Optimizing NNI: done in 0.610642 secs using 99.99% CPU
Iteration 160 / LogL: -4179.874 / Time: 0h:4m:38s (0h:2m:47s left)
Optimizing NNI: done in 0.558678 secs using 99.99% CPU
Optimizing NNI: done in 0.595895 secs using 99.98% CPU
Optimizing NNI: done in 0.730965 secs using 92.33% CPU
Optimizing NNI: done in 1.13874 secs using 73.71% CPU
Optimizing NNI: done in 0.669059 secs using 80.88% CPU
Optimizing NNI: done in 0.906118 secs using 77.6% CPU
Optimizing NNI: done in 0.838971 secs using 81.14% CPU
Optimizing NNI: done in 0.966172 secs using 77.14% CPU
Optimizing NNI: done in 0.792495 secs using 100% CPU
Optimizing NNI: done in 0.739691 secs using 99.98% CPU
Iteration 170 / LogL: -4176.469 / Time: 0h:4m:46s (0h:2m:25s left)
Optimizing NNI: done in 0.633602 secs using 99.49% CPU
Optimizing NNI: done in 0.667195 secs using 99.99% CPU
Optimizing NNI: done in 0.613059 secs using 99.99% CPU
Optimizing NNI: done in 0.799011 secs using 75.96% CPU
Optimizing NNI: done in 0.861528 secs using 84.16% CPU
Optimizing NNI: done in 0.658663 secs using 98.23% CPU
Optimizing NNI: done in 0.582964 secs using 100% CPU
Optimizing NNI: done in 1.03128 secs using 63.44% CPU
Optimizing NNI: done in 0.877253 secs using 65.1% CPU
Optimizing NNI: done in 0.641085 secs using 99.99% CPU
Iteration 180 / LogL: -4174.240 / Time: 0h:4m:54s (0h:2m:4s left)
Optimizing NNI: done in 0.92897 secs using 72.4% CPU
Optimizing NNI: done in 0.726249 secs using 87.88% CPU
Optimizing NNI: done in 0.440655 secs using 99.97% CPU
Optimizing NNI: done in 0.692858 secs using 93.07% CPU
Optimizing NNI: done in 1.06917 secs using 64.73% CPU
Optimizing NNI: done in 0.895523 secs using 89.72% CPU
Optimizing NNI: done in 0.777479 secs using 99.74% CPU
BETTER TREE FOUND at iteration 187: -4174.238
Optimizing NNI: done in 1.11422 secs using 77.44% CPU
Optimizing NNI: done in 0.696792 secs using 99.27% CPU
Optimizing NNI: done in 0.565335 secs using 99.99% CPU
Iteration 190 / LogL: -4180.343 / Time: 0h:5m:2s (0h:2m:35s left)
Optimizing NNI: done in 0.595118 secs using 99.99% CPU
Optimizing NNI: done in 0.781762 secs using 94.87% CPU
Optimizing NNI: done in 0.890383 secs using 70.39% CPU
Optimizing NNI: done in 1.28869 secs using 55.22% CPU
Optimizing NNI: done in 0.744377 secs using 98.85% CPU
Optimizing NNI: done in 0.62582 secs using 100% CPU
Optimizing NNI: done in 0.675039 secs using 100% CPU
Optimizing NNI: done in 0.531766 secs using 99.98% CPU
Optimizing NNI: done in 0.705247 secs using 95.46% CPU
Optimizing NNI: done in 1.06699 secs using 86.13% CPU
Iteration 200 / LogL: -4174.239 / Time: 0h:5m:10s (0h:2m:15s left)
Log-likelihood cutoff on original alignment: -4222.389
NOTE: Bootstrap correlation coefficient of split occurrence frequencies: 0.993
Optimizing NNI: done in 0.760398 secs using 73.98% CPU
Optimizing NNI: done in 0.812422 secs using 100% CPU
BETTER TREE FOUND at iteration 202: -4174.238
Optimizing NNI: done in 1.0581 secs using 73.91% CPU
Optimizing NNI: done in 0.825676 secs using 81.33% CPU
Optimizing NNI: done in 0.546502 secs using 100% CPU
Optimizing NNI: done in 0.953424 secs using 100% CPU
Optimizing NNI: done in 1.06256 secs using 64.85% CPU
Optimizing NNI: done in 0.810086 secs using 88.75% CPU
Optimizing NNI: done in 0.570748 secs using 100% CPU
Optimizing NNI: done in 0.634417 secs using 100% CPU
Iteration 210 / LogL: -4174.663 / Time: 0h:5m:20s (0h:2m:20s left)
Optimizing NNI: done in 0.818882 secs using 67.8% CPU
BETTER TREE FOUND at iteration 211: -4174.238
Optimizing NNI: done in 1.04802 secs using 69.85% CPU
Optimizing NNI: done in 0.817787 secs using 100% CPU
Optimizing NNI: done in 0.893256 secs using 78.87% CPU
Optimizing NNI: done in 0.761861 secs using 100% CPU
Optimizing NNI: done in 0.698871 secs using 91.99% CPU
Optimizing NNI: done in 0.668418 secs using 99.77% CPU
Optimizing NNI: done in 0.935644 secs using 75.89% CPU
Optimizing NNI: done in 0.878545 secs using 75.84% CPU
Optimizing NNI: done in 1.02116 secs using 67.11% CPU
Iteration 220 / LogL: -4174.663 / Time: 0h:5m:29s (0h:2m:16s left)
Optimizing NNI: done in 1.09214 secs using 62.36% CPU
Optimizing NNI: done in 0.947221 secs using 77.2% CPU
Optimizing NNI: done in 0.692449 secs using 97.11% CPU
Optimizing NNI: done in 0.738847 secs using 95.62% CPU
Optimizing NNI: done in 0.903903 secs using 71.69% CPU
Optimizing NNI: done in 0.795088 secs using 64.34% CPU
Optimizing NNI: done in 0.973016 secs using 77.88% CPU
Optimizing NNI: done in 0.789071 secs using 99.92% CPU
Optimizing NNI: done in 0.598065 secs using 97.29% CPU
Optimizing NNI: done in 0.624271 secs using 99.99% CPU
Iteration 230 / LogL: -4181.038 / Time: 0h:5m:38s (0h:1m:59s left)
Optimizing NNI: done in 0.637889 secs using 97.48% CPU
Optimizing NNI: done in 0.779369 secs using 78.31% CPU
Optimizing NNI: done in 0.876532 secs using 93.91% CPU
Optimizing NNI: done in 0.650484 secs using 99.93% CPU
Optimizing NNI: done in 0.569331 secs using 99.85% CPU
Optimizing NNI: done in 0.99173 secs using 66.44% CPU
Optimizing NNI: done in 1.21528 secs using 65.44% CPU
Optimizing NNI: done in 0.916978 secs using 78.91% CPU
Optimizing NNI: done in 0.844053 secs using 81.52% CPU
Optimizing NNI: done in 0.791335 secs using 99.49% CPU
Iteration 240 / LogL: -4176.468 / Time: 0h:5m:47s (0h:1m:43s left)
Optimizing NNI: done in 0.667489 secs using 86.83% CPU
Optimizing NNI: done in 0.694195 secs using 90.78% CPU
Optimizing NNI: done in 0.701283 secs using 96.57% CPU
Optimizing NNI: done in 0.711752 secs using 91.17% CPU
Optimizing NNI: done in 0.94436 secs using 78.34% CPU
Optimizing NNI: done in 0.732835 secs using 100% CPU
Optimizing NNI: done in 0.689826 secs using 84.34% CPU
Optimizing NNI: done in 1.03538 secs using 76.27% CPU
Optimizing NNI: done in 0.347951 secs using 93.45% CPU
Optimizing NNI: done in 0.927939 secs using 99.94% CPU
Iteration 250 / LogL: -4174.240 / Time: 0h:5m:54s (0h:1m:26s left)
Log-likelihood cutoff on original alignment: -4222.389
Optimizing NNI: done in 0.721184 secs using 95.54% CPU
Optimizing NNI: done in 0.574479 secs using 99.98% CPU
Optimizing NNI: done in 0.748268 secs using 99.99% CPU
Optimizing NNI: done in 0.673796 secs using 99.99% CPU
Optimizing NNI: done in 0.702349 secs using 99.99% CPU
Optimizing NNI: done in 0.939018 secs using 97.85% CPU
Optimizing NNI: done in 0.641792 secs using 99.99% CPU
Optimizing NNI: done in 0.549137 secs using 99.94% CPU
Optimizing NNI: done in 0.890882 secs using 79.49% CPU
Optimizing NNI: done in 0.692478 secs using 92.05% CPU
Iteration 260 / LogL: -4174.337 / Time: 0h:6m:3s (0h:1m:11s left)
Optimizing NNI: done in 1.10036 secs using 81.07% CPU
Optimizing NNI: done in 0.790282 secs using 96.4% CPU
Optimizing NNI: done in 0.838332 secs using 99.19% CPU
Optimizing NNI: done in 0.566666 secs using 99.82% CPU
Optimizing NNI: done in 0.836812 secs using 98.5% CPU
Optimizing NNI: done in 0.683394 secs using 99.24% CPU
Optimizing NNI: done in 0.873181 secs using 75.04% CPU
Optimizing NNI: done in 0.859829 secs using 88.6% CPU
Optimizing NNI: done in 0.816022 secs using 83.6% CPU
Optimizing NNI: done in 0.743871 secs using 98.47% CPU
Iteration 270 / LogL: -4182.123 / Time: 0h:6m:11s (0h:0m:56s left)
Optimizing NNI: done in 0.790863 secs using 100% CPU
Optimizing NNI: done in 0.61516 secs using 100% CPU
Optimizing NNI: done in 0.729624 secs using 99.99% CPU
Optimizing NNI: done in 0.687258 secs using 99.99% CPU
Optimizing NNI: done in 0.710142 secs using 99.99% CPU
Optimizing NNI: done in 0.640563 secs using 99.68% CPU
Optimizing NNI: done in 0.621212 secs using 99.98% CPU
Optimizing NNI: done in 0.616709 secs using 99.99% CPU
Optimizing NNI: done in 0.74112 secs using 99.99% CPU
Optimizing NNI: done in 0.591457 secs using 97.29% CPU
Iteration 280 / LogL: -4177.139 / Time: 0h:6m:19s (0h:0m:42s left)
Optimizing NNI: done in 1.05182 secs using 82.49% CPU
Optimizing NNI: done in 0.772338 secs using 99.99% CPU
Optimizing NNI: done in 0.595401 secs using 99.95% CPU
Optimizing NNI: done in 0.631598 secs using 99.99% CPU
Optimizing NNI: done in 0.660595 secs using 99.99% CPU
Optimizing NNI: done in 0.709384 secs using 99.99% CPU
Optimizing NNI: done in 0.689311 secs using 100% CPU
Optimizing NNI: done in 0.633936 secs using 84.78% CPU
Optimizing NNI: done in 0.734235 secs using 99.97% CPU
Optimizing NNI: done in 0.658495 secs using 100% CPU
Iteration 290 / LogL: -4177.514 / Time: 0h:6m:27s (0h:0m:28s left)
Optimizing NNI: done in 0.866763 secs using 93.03% CPU
Optimizing NNI: done in 0.762034 secs using 65.99% CPU
Optimizing NNI: done in 0.620913 secs using 96.36% CPU
Optimizing NNI: done in 0.498783 secs using 97.74% CPU
Optimizing NNI: done in 0.736546 secs using 93.74% CPU
Optimizing NNI: done in 0.664954 secs using 99.41% CPU
Optimizing NNI: done in 1.0979 secs using 66.31% CPU
BETTER TREE FOUND at iteration 297: -4174.237
Optimizing NNI: done in 1.00004 secs using 67.71% CPU
Optimizing NNI: done in 0.855117 secs using 81.27% CPU
Optimizing NNI: done in 0.895806 secs using 96.82% CPU
Iteration 300 / LogL: -4177.113 / Time: 0h:6m:35s (0h:2m:8s left)
Log-likelihood cutoff on original alignment: -4222.389
NOTE: Bootstrap correlation coefficient of split occurrence frequencies: 0.996
Optimizing NNI: done in 0.988794 secs using 83.61% CPU
Optimizing NNI: done in 0.564225 secs using 99.94% CPU
Optimizing NNI: done in 0.734434 secs using 99.99% CPU
Optimizing NNI: done in 0.713844 secs using 99.99% CPU
Optimizing NNI: done in 0.711196 secs using 99.99% CPU
Optimizing NNI: done in 0.894055 secs using 95.85% CPU
Optimizing NNI: done in 0.675985 secs using 99.98% CPU
Optimizing NNI: done in 0.587443 secs using 99.99% CPU
Optimizing NNI: done in 0.71587 secs using 76.5% CPU
Optimizing NNI: done in 0.695675 secs using 99.44% CPU
Iteration 310 / LogL: -4184.021 / Time: 0h:6m:44s (0h:1m:57s left)
Optimizing NNI: done in 0.675826 secs using 99.4% CPU
Optimizing NNI: done in 0.749449 secs using 99.98% CPU
Optimizing NNI: done in 0.776545 secs using 94.31% CPU
Optimizing NNI: done in 0.577257 secs using 99.97% CPU
Optimizing NNI: done in 0.764492 secs using 92.4% CPU
Optimizing NNI: done in 0.874059 secs using 95.26% CPU
Optimizing NNI: done in 0.626979 secs using 99.99% CPU
Optimizing NNI: done in 0.756127 secs using 99.99% CPU
Optimizing NNI: done in 0.771623 secs using 86.22% CPU
Optimizing NNI: done in 0.906655 secs using 68.61% CPU
Iteration 320 / LogL: -4180.741 / Time: 0h:6m:52s (0h:1m:43s left)
Optimizing NNI: done in 0.724937 secs using 61.56% CPU
Optimizing NNI: done in 0.766357 secs using 95.3% CPU
Optimizing NNI: done in 0.704072 secs using 92.03% CPU
Optimizing NNI: done in 0.516927 secs using 99.99% CPU
Optimizing NNI: done in 0.653673 secs using 100% CPU
Optimizing NNI: done in 0.53574 secs using 100% CPU
Optimizing NNI: done in 0.97063 secs using 72.14% CPU
Optimizing NNI: done in 0.888465 secs using 63.08% CPU
Optimizing NNI: done in 0.604653 secs using 100% CPU
Optimizing NNI: done in 0.680483 secs using 95.14% CPU
Iteration 330 / LogL: -4175.074 / Time: 0h:7m:0s (0h:1m:29s left)
Optimizing NNI: done in 1.09453 secs using 59.43% CPU
Optimizing NNI: done in 0.771763 secs using 72.41% CPU
Optimizing NNI: done in 1.05086 secs using 64.05% CPU
Optimizing NNI: done in 0.691651 secs using 78.25% CPU
Optimizing NNI: done in 1.09051 secs using 57.6% CPU
Optimizing NNI: done in 1.06027 secs using 76.3% CPU
Optimizing NNI: done in 0.822253 secs using 96.04% CPU
Optimizing NNI: done in 0.830058 secs using 68.57% CPU
Optimizing NNI: done in 0.751742 secs using 83.98% CPU
Optimizing NNI: done in 0.840336 secs using 100% CPU
Iteration 340 / LogL: -4175.812 / Time: 0h:7m:10s (0h:1m:16s left)
Optimizing NNI: done in 0.805058 secs using 88.57% CPU
Optimizing NNI: done in 1.22632 secs using 53.67% CPU
Optimizing NNI: done in 0.980358 secs using 64.91% CPU
Optimizing NNI: done in 0.756551 secs using 87.3% CPU
Optimizing NNI: done in 0.955995 secs using 80.23% CPU
Optimizing NNI: done in 0.954756 secs using 67.31% CPU
Optimizing NNI: done in 0.671241 secs using 99.98% CPU
Optimizing NNI: done in 0.594028 secs using 97.29% CPU
Optimizing NNI: done in 0.553577 secs using 99.93% CPU
Optimizing NNI: done in 0.808403 secs using 67.83% CPU
Iteration 350 / LogL: -4207.786 / Time: 0h:7m:19s (0h:1m:2s left)
Log-likelihood cutoff on original alignment: -4222.389
Optimizing NNI: done in 0.750834 secs using 83.48% CPU
Optimizing NNI: done in 0.946776 secs using 73.37% CPU
Optimizing NNI: done in 1.594 secs using 50.06% CPU
BETTER TREE FOUND at iteration 353: -4174.237
Optimizing NNI: done in 1.19521 secs using 51.13% CPU
Optimizing NNI: done in 0.804629 secs using 79.7% CPU
Optimizing NNI: done in 0.735646 secs using 99.81% CPU
Optimizing NNI: done in 0.754829 secs using 92.2% CPU
Optimizing NNI: done in 0.702507 secs using 99.99% CPU
Optimizing NNI: done in 0.754418 secs using 97.27% CPU
Optimizing NNI: done in 0.660493 secs using 98.99% CPU
Iteration 360 / LogL: -4174.446 / Time: 0h:7m:29s (0h:1m:56s left)
Optimizing NNI: done in 0.583925 secs using 88.87% CPU
Optimizing NNI: done in 0.655131 secs using 99.76% CPU
Optimizing NNI: done in 0.809188 secs using 92.74% CPU
Optimizing NNI: done in 0.713623 secs using 97.65% CPU
Optimizing NNI: done in 0.554169 secs using 99.27% CPU
Optimizing NNI: done in 0.684775 secs using 95.76% CPU
Optimizing NNI: done in 0.610977 secs using 100% CPU
Optimizing NNI: done in 0.571101 secs using 85.81% CPU
Optimizing NNI: done in 0.678502 secs using 99.97% CPU
Optimizing NNI: done in 0.607694 secs using 85.84% CPU
Iteration 370 / LogL: -4174.345 / Time: 0h:7m:37s (0h:1m:42s left)
Optimizing NNI: done in 0.61761 secs using 99.99% CPU
Optimizing NNI: done in 0.570529 secs using 99.99% CPU
Optimizing NNI: done in 0.724505 secs using 99.99% CPU
Optimizing NNI: done in 0.768329 secs using 99.99% CPU
BETTER TREE FOUND at iteration 374: -4174.237
Optimizing NNI: done in 0.571983 secs using 75.55% CPU
Optimizing NNI: done in 0.876062 secs using 77.87% CPU
Optimizing NNI: done in 0.865129 secs using 93.5% CPU
Optimizing NNI: done in 0.727939 secs using 79.56% CPU
Optimizing NNI: done in 0.685269 secs using 100% CPU
Optimizing NNI: done in 0.672434 secs using 100% CPU
Iteration 380 / LogL: -4189.480 / Time: 0h:7m:45s (0h:1m:55s left)
Optimizing NNI: done in 0.747862 secs using 100% CPU
Optimizing NNI: done in 0.660026 secs using 100% CPU
Optimizing NNI: done in 0.627199 secs using 100% CPU
Optimizing NNI: done in 0.71922 secs using 94.88% CPU
Optimizing NNI: done in 0.66249 secs using 98.9% CPU
Optimizing NNI: done in 0.699682 secs using 99.29% CPU
Optimizing NNI: done in 0.5069 secs using 99.87% CPU
Optimizing NNI: done in 0.64414 secs using 96.27% CPU
Optimizing NNI: done in 0.585173 secs using 91.79% CPU
Optimizing NNI: done in 0.697346 secs using 93.11% CPU
Iteration 390 / LogL: -4176.468 / Time: 0h:7m:52s (0h:1m:42s left)
Optimizing NNI: done in 0.757586 secs using 79.29% CPU
Optimizing NNI: done in 0.871544 secs using 93.64% CPU
Optimizing NNI: done in 1.06542 secs using 71.2% CPU
Optimizing NNI: done in 0.645349 secs using 99.35% CPU
Optimizing NNI: done in 0.617777 secs using 99.98% CPU
Optimizing NNI: done in 0.873374 secs using 73.05% CPU
Optimizing NNI: done in 0.738753 secs using 97.25% CPU
Optimizing NNI: done in 0.662732 secs using 100% CPU
Optimizing NNI: done in 0.551238 secs using 100% CPU
Optimizing NNI: done in 0.554241 secs using 100% CPU
Iteration 400 / LogL: -4192.346 / Time: 0h:8m:0s (0h:1m:29s left)
Log-likelihood cutoff on original alignment: -4222.389
NOTE: Bootstrap correlation coefficient of split occurrence frequencies: 0.998
Optimizing NNI: done in 0.763273 secs using 99.99% CPU
Optimizing NNI: done in 0.665391 secs using 99.99% CPU
Optimizing NNI: done in 0.676453 secs using 99.99% CPU
Optimizing NNI: done in 0.532618 secs using 99.99% CPU
Optimizing NNI: done in 0.721076 secs using 78.91% CPU
Optimizing NNI: done in 0.963287 secs using 75.08% CPU
Optimizing NNI: done in 0.712146 secs using 99.99% CPU
Optimizing NNI: done in 0.716841 secs using 99.99% CPU
Optimizing NNI: done in 0.691009 secs using 99.96% CPU
Optimizing NNI: done in 0.598814 secs using 99.99% CPU
Iteration 410 / LogL: -4178.981 / Time: 0h:8m:9s (0h:1m:47s left)
Optimizing NNI: done in 0.753509 secs using 99.99% CPU
Optimizing NNI: done in 0.846089 secs using 99.99% CPU
Optimizing NNI: done in 0.821992 secs using 99.93% CPU
Optimizing NNI: done in 0.544086 secs using 99.99% CPU
Optimizing NNI: done in 0.787928 secs using 99.99% CPU
Optimizing NNI: done in 0.538339 secs using 99.99% CPU
Optimizing NNI: done in 0.728138 secs using 99.99% CPU
Optimizing NNI: done in 0.706336 secs using 99.43% CPU
Optimizing NNI: done in 0.543656 secs using 99.96% CPU
Optimizing NNI: done in 0.701173 secs using 100% CPU
Iteration 420 / LogL: -4185.777 / Time: 0h:8m:17s (0h:1m:34s left)
Optimizing NNI: done in 0.586638 secs using 99.99% CPU
Optimizing NNI: done in 0.561102 secs using 92.29% CPU
Optimizing NNI: done in 1.05297 secs using 72.72% CPU
Optimizing NNI: done in 0.884932 secs using 84.9% CPU
Optimizing NNI: done in 0.709902 secs using 100% CPU
Optimizing NNI: done in 1.07113 secs using 68.94% CPU
Optimizing NNI: done in 0.71269 secs using 90.88% CPU
Optimizing NNI: done in 0.577924 secs using 100% CPU
Optimizing NNI: done in 0.507588 secs using 90.43% CPU
Optimizing NNI: done in 0.71103 secs using 99.8% CPU
Iteration 430 / LogL: -4174.238 / Time: 0h:8m:25s (0h:1m:22s left)
Optimizing NNI: done in 0.536799 secs using 100% CPU
Optimizing NNI: done in 0.720799 secs using 88.04% CPU
Optimizing NNI: done in 0.933858 secs using 62.3% CPU
Optimizing NNI: done in 0.560017 secs using 98.65% CPU
Optimizing NNI: done in 0.619214 secs using 100% CPU
Optimizing NNI: done in 0.568414 secs using 88.58% CPU
Optimizing NNI: done in 0.684478 secs using 100% CPU
Optimizing NNI: done in 0.77057 secs using 95.08% CPU
Optimizing NNI: done in 0.482043 secs using 99.82% CPU
Optimizing NNI: done in 0.602772 secs using 98.4% CPU
Iteration 440 / LogL: -4177.082 / Time: 0h:8m:32s (0h:1m:10s left)
Optimizing NNI: done in 0.617205 secs using 94.79% CPU
Optimizing NNI: done in 0.505585 secs using 100% CPU
Optimizing NNI: done in 0.833272 secs using 92.76% CPU
Optimizing NNI: done in 0.549561 secs using 88.37% CPU
Optimizing NNI: done in 0.762156 secs using 74.23% CPU
Optimizing NNI: done in 0.720438 secs using 99.99% CPU
Optimizing NNI: done in 0.71023 secs using 83.08% CPU
Optimizing NNI: done in 0.577747 secs using 99.95% CPU
Optimizing NNI: done in 0.533672 secs using 100% CPU
Optimizing NNI: done in 0.757647 secs using 88.9% CPU
Iteration 450 / LogL: -4178.483 / Time: 0h:8m:40s (0h:0m:57s left)
Log-likelihood cutoff on original alignment: -4222.389
Optimizing NNI: done in 0.616758 secs using 92.01% CPU
Optimizing NNI: done in 0.937999 secs using 78.3% CPU
Optimizing NNI: done in 0.568761 secs using 99.98% CPU
Optimizing NNI: done in 0.980611 secs using 72.02% CPU
Optimizing NNI: done in 0.559964 secs using 91.27% CPU
Optimizing NNI: done in 0.44075 secs using 99.98% CPU
Optimizing NNI: done in 0.535236 secs using 100% CPU
Optimizing NNI: done in 0.48451 secs using 95.64% CPU
Optimizing NNI: done in 0.733324 secs using 79.7% CPU
Optimizing NNI: done in 0.573457 secs using 83.6% CPU
Iteration 460 / LogL: -4174.812 / Time: 0h:8m:48s (0h:0m:46s left)
Optimizing NNI: done in 0.637961 secs using 92.17% CPU
Optimizing NNI: done in 0.759124 secs using 100% CPU
Optimizing NNI: done in 0.697617 secs using 99.97% CPU
Optimizing NNI: done in 0.71806 secs using 99.08% CPU
Optimizing NNI: done in 0.509457 secs using 99.88% CPU
Optimizing NNI: done in 0.732401 secs using 99.88% CPU
Optimizing NNI: done in 0.664687 secs using 99.31% CPU
Optimizing NNI: done in 0.744812 secs using 96.08% CPU
Optimizing NNI: done in 0.987935 secs using 68.75% CPU
Optimizing NNI: done in 0.594221 secs using 99.36% CPU
Iteration 470 / LogL: -4174.790 / Time: 0h:8m:56s (0h:0m:34s left)
Optimizing NNI: done in 0.537738 secs using 99.99% CPU
Optimizing NNI: done in 0.518373 secs using 100% CPU
Optimizing NNI: done in 0.613642 secs using 96.73% CPU
Optimizing NNI: done in 0.83503 secs using 68.77% CPU
Optimizing NNI: done in 0.553883 secs using 82.62% CPU
TREE SEARCH COMPLETED AFTER 475 ITERATIONS / Time: 0h:8m:59s

--------------------------------------------------------------------
|                    FINALIZING TREE SEARCH                        |
--------------------------------------------------------------------
Performs final model parameters optimization
Estimate model parameters (epsilon = 0.010)
1. Initial log-likelihood: -4174.237
Optimal log-likelihood: -4174.225
Rate parameters:  A-C: 1.47347  A-G: 3.55319  A-T: 1.41369  C-G: 1.56238  C-T: 6.95781  G-T: 1.00000
Base frequencies:  A: 0.312  C: 0.184  G: 0.252  T: 0.252
Site proportion and rates:  (0.639,0.080) (0.014,0.146) (0.281,1.901) (0.066,6.283)
Parameters optimization took 1 rounds (0.244 sec)
BEST SCORE FOUND : -4174.225
Creating bootstrap support values...
Split supports printed to NEXUS file 4G16420_iqtree_final_superstrict_excluding_hybrids.splits.nex
Total tree length: 1.812

Total number of iterations: 475
CPU time used for tree search: 353.821 sec (0h:5m:53s)
Wall-clock time used for tree search: 406.655 sec (0h:6m:46s)
Total CPU time used: 503.439 sec (0h:8m:23s)
Total wall-clock time used: 541.017 sec (0h:9m:1s)

Computing bootstrap consensus tree...
Reading input file 4G16420_iqtree_final_superstrict_excluding_hybrids.splits.nex...
117 taxa and 1358 splits.
Consensus tree written to 4G16420_iqtree_final_superstrict_excluding_hybrids.contree
Reading input trees file 4G16420_iqtree_final_superstrict_excluding_hybrids.contree
Log-likelihood of consensus tree: -4175.452

Analysis results written to: 
  IQ-TREE report:                4G16420_iqtree_final_superstrict_excluding_hybrids.iqtree
  Maximum-likelihood tree:       4G16420_iqtree_final_superstrict_excluding_hybrids.treefile
  Likelihood distances:          4G16420_iqtree_final_superstrict_excluding_hybrids.mldist

Ultrafast bootstrap approximation results written to:
  Split support values:          4G16420_iqtree_final_superstrict_excluding_hybrids.splits.nex
  Consensus tree:                4G16420_iqtree_final_superstrict_excluding_hybrids.contree
  Screen log file:               4G16420_iqtree_final_superstrict_excluding_hybrids.log

ALISIM COMMAND
--------------
--alisim simulated_MSA -t 4G16420_iqtree_final_superstrict_excluding_hybrids.treefile -m "GTR{1.47347,3.55319,1.41369,1.56238,6.95781}+F{0.31245,0.184382,0.251622,0.251545}+R4{0.63945,0.0802807,0.0140206,0.145784,0.280856,1.90141,0.065673,6.28262}" --length 387

Date and Time: Fri Jun  2 09:42:04 2023
