IQ-TREE multicore version 2.2.2 COVID-edition for Linux 64-bit built Sep 20 2022
Developed by Bui Quang Minh, James Barbetti, Nguyen Lam Tung,
Olga Chernomor, Heiko Schmidt, Dominik Schrempf, Michael Woodhams, Ly Trong Nhan.

Host:    netdc-bms-c11f (AVX2, FMA3, 377 GB RAM)
Command: /home/kasper.hendriks/iqtree-2.2.2-Linux/bin/iqtree2 -s 4G23540_taper_final_superstrict_excluding_hybrids.fasta -B 1000 -nm 1000 -m GTR+F+R -nt AUTO --prefix 4G23540_iqtree_final_superstrict_excluding_hybrids
Seed:    369242 (Using SPRNG - Scalable Parallel Random Number Generator)
Time:    Fri Jun  2 09:33:38 2023
Kernel:  AVX+FMA - auto-detect threads (56 CPU cores detected)

Reading alignment file 4G23540_taper_final_superstrict_excluding_hybrids.fasta ... Fasta format detected
Reading fasta file: done in 0.00199199 secs
Alignment most likely contains DNA/RNA sequences
Constructing alignment: done in 0.00536394 secs using 1050% CPU
Alignment has 126 sequences with 668 columns, 565 distinct patterns
352 parsimony-informative, 125 singleton sites, 191 constant sites
               Gap/Ambiguity  Composition  p-value
Analyzing sequences: done in 0.01197 secs using 1163% CPU
   1  PAFTOL_019361   69.16%    failed      0.03%
   2  S0055            0.00%    passed     79.78%
   3  S0196sl         34.58%    passed      5.72%
   4  S0281            1.05%    passed     87.45%
   5  S0282            0.00%    passed     71.82%
   6  S0289            0.60%    passed     25.65%
   7  S0292            0.15%    passed     70.07%
   8  S0293            0.15%    passed     65.98%
   9  S0294            1.05%    passed     63.06%
  10  S0299           20.51%    passed     91.61%
  11  S0303            7.19%    passed     59.23%
  12  S0308            6.89%    passed     54.55%
  13  S0320           26.05%    passed     13.30%
  14  S0322            0.00%    passed     72.85%
  15  S0327            0.75%    passed     59.03%
  16  S0335            0.00%    passed     88.73%
  17  S0345           33.68%    passed      5.30%
  18  S0355            0.00%    passed     80.57%
  19  S0376            0.15%    passed     53.83%
  20  S0400            0.00%    passed     77.43%
  21  S0405            0.15%    passed     80.28%
  22  S0407sl          9.88%    passed     33.85%
  23  S0412sl          0.00%    passed     91.03%
  24  S0417            0.45%    passed     41.71%
  25  S0419            0.00%    passed     97.29%
  26  S0427            0.00%    passed     83.41%
  27  S0430            0.30%    passed     71.24%
  28  S0478            7.49%    passed     77.74%
  29  S0552sl          0.75%    passed     75.03%
  30  S0558            0.00%    passed     54.33%
  31  S0616           10.78%    passed      5.43%
  32  S0624            0.00%    passed     39.12%
  33  S0641            0.90%    passed     94.36%
  34  S0643            0.15%    passed     78.07%
  35  S0645sl          0.00%    passed     43.06%
  36  S0656sl          5.54%    passed     53.21%
  37  S0673            0.00%    passed     90.46%
  38  S0689            1.05%    passed     83.40%
  39  S0690           22.90%    passed     52.67%
  40  S0720            0.45%    passed     67.95%
  41  S0724sl          0.15%    passed     70.89%
  42  S0735            0.15%    passed     90.43%
  43  S0742           17.37%    passed     71.73%
  44  S0748            0.00%    passed     77.08%
  45  S0753           26.35%    passed     26.81%
  46  S0756            0.00%    passed     62.86%
  47  S0758           29.34%    passed      9.22%
  48  S0760            0.00%    passed     97.79%
  49  S0763            0.00%    passed     61.42%
  50  S0765            0.00%    passed     95.57%
  51  S0770            0.00%    passed     99.47%
  52  S0771            0.00%    passed     90.06%
  53  S0795            0.45%    passed     60.97%
  54  S0827            0.15%    passed     31.90%
  55  S0888            0.15%    passed     95.06%
  56  S0894            9.13%    passed     79.50%
  57  S0899            1.20%    passed     74.10%
  58  S0906            0.00%    passed     93.27%
  59  S0952           26.20%    passed     14.09%
  60  S0956           23.95%    passed     73.04%
  61  S0959            0.00%    passed     80.72%
  62  S0960            0.30%    passed     59.08%
  63  S0964            0.00%    passed     72.31%
  64  S1052sl         80.84%    failed      1.71%
  65  S1083            0.30%    failed      2.01%
  66  S1100            0.00%    passed     72.07%
  67  S1102            0.45%    passed     94.26%
  68  S1128            1.05%    passed     99.33%
  69  S1129sl          0.15%    passed     99.01%
  70  S1148            0.30%    passed     98.13%
  71  S1177            0.00%    passed     99.43%
  72  S1180            4.04%    passed     94.60%
  73  S1189            0.00%    passed     66.06%
  74  S1201sl          0.00%    passed     98.96%
  75  S1211            0.00%    passed     42.20%
  76  S1214sl          0.00%    passed     73.91%
  77  S1223            2.10%    passed     94.78%
  78  S1227            0.00%    passed     50.91%
  79  S1235sl          0.00%    passed     71.16%
  80  S1238sl          0.15%    passed     99.91%
  81  S1239            0.00%    passed     41.56%
  82  S1245            0.00%    passed     85.02%
  83  S1246            0.15%    passed     82.09%
  84  S1249            2.40%    passed     75.94%
  85  S1250sl          0.30%    passed     49.87%
  86  S1251            0.00%    passed     23.68%
  87  S1260            1.50%    passed     84.98%
  88  S1266sl          0.00%    passed     66.60%
  89  S1269            0.15%    passed     67.66%
  90  S1278            0.00%    passed     64.28%
  91  S1315            1.05%    passed     89.37%
  92  S1332            3.29%    passed     76.23%
  93  S1366            1.05%    passed     90.04%
  94  S1369            0.00%    passed     59.80%
  95  S1370            1.20%    passed     84.93%
  96  S1375            0.45%    passed     57.78%
  97  S1376            0.00%    passed     98.67%
  98  S1381            0.30%    passed     76.62%
  99  S1405            5.09%    passed     59.07%
 100  S1422            0.00%    passed     91.41%
 101  S1449            1.35%    passed     68.60%
 102  S1451            6.74%    passed     21.47%
 103  S1460            2.25%    passed     89.58%
 104  S1462            0.00%    passed     85.72%
 105  S1498           19.61%    failed      0.05%
 106  S1539            0.00%    passed     82.57%
 107  S_670            0.30%    passed     70.96%
 108  SRR11470320      0.00%    failed      0.90%
 109  SRR8528336       0.00%    passed     96.22%
 110  SRR8528341       0.00%    passed     97.95%
 111  SRR8528343       0.00%    passed     71.80%
 112  SRR8528347       0.00%    passed     42.73%
 113  SRR8528350       0.00%    passed     72.21%
 114  SRR8528354       0.00%    passed     57.48%
 115  SRR8528357       0.45%    passed     79.71%
 116  SRR8528359       0.00%    passed     96.67%
 117  SRR8528361       1.20%    passed     94.69%
 118  SRR8528365       0.00%    passed     83.93%
 119  SRR8528370       0.00%    passed     87.98%
 120  SRR8528372       0.15%    passed     98.23%
 121  SRR8528379       0.00%    passed     90.82%
 122  SRR8528381       7.93%    passed     84.49%
 123  SRR8528384       0.00%    passed     90.84%
 124  SRR8528389       0.00%    passed     99.49%
 125  SRR8528391       0.00%    passed     76.43%
 126  SRR8528400       0.00%    passed     87.11%
WARNING: 2 sequences contain more than 50% gaps/ambiguity
****  TOTAL            4.32%  5 sequences failed composition chi2 test (p-value<5%; df=3)
Checking for duplicate sequences: done in 0.0152969 secs using 1235% CPU

Create initial parsimony tree by phylogenetic likelihood library (PLL)... 0.065 seconds
Generating 1000 samples for ultrafast bootstrap (seed: 369242)...

NOTE: 11 MB RAM (0 GB) is required!
Measuring multi-threading efficiency up to 56 CPU cores
Increase to 10 rounds for branch lengths
164 trees examined
Threads: 1 / Time: 56.357 sec / Speedup: 1.000 / Efficiency: 100% / LogL: -23673
Threads: 2 / Time: 77.871 sec / Speedup: 0.724 / Efficiency: 36% / LogL: -23673
Determining AUTO threadcount: done in 134.239 secs using 110.8% CPU
BEST NUMBER OF THREADS: 1

Estimate model parameters (epsilon = 0.100)
1. Initial log-likelihood: -13662.211
2. Current log-likelihood: -13277.527
3. Current log-likelihood: -13268.680
4. Current log-likelihood: -13267.020
5. Current log-likelihood: -13266.419
6. Current log-likelihood: -13266.103
7. Current log-likelihood: -13265.900
8. Current log-likelihood: -13265.751
9. Current log-likelihood: -13265.632
10. Current log-likelihood: -13265.527
Optimal log-likelihood: -13265.400
Rate parameters:  A-C: 0.93908  A-G: 2.41915  A-T: 0.87564  C-G: 0.74779  C-T: 2.34100  G-T: 1.00000
Base frequencies:  A: 0.235  C: 0.240  G: 0.228  T: 0.297
Site proportion and rates:  (0.454,0.151) (0.152,0.743) (0.282,1.406) (0.111,3.799)
Parameters optimization took 10 rounds (4.362 sec)
Wrote distance file to... 
Computing ML distances based on estimated model parameters...
Calculating distance matrix: done in 0.240636 secs using 63.94% CPU
Computing ML distances took 0.241528 sec (of wall-clock time) 0.154763 sec (of CPU time)
Setting up auxiliary I and S matrices: done in 0.00110888 secs using 97.49% CPU
Constructing RapidNJ tree: done in 0.00235486 secs using 268.9% CPU
Computing RapidNJ tree took 0.003612 sec (of wall-clock time) 0.007559 sec (of CPU time)
Log-likelihood of RapidNJ tree: -13330.051
--------------------------------------------------------------------
|             INITIALIZING CANDIDATE TREE SET                      |
--------------------------------------------------------------------
Generating 98 parsimony trees... 2.635 second
Computing log-likelihood of 98 initial trees ... 3.827 seconds
Current best score: -13256.192

Do NNI search on 20 best initial trees
Optimizing NNI: done in 1.2218 secs using 95.81% CPU
Estimate model parameters (epsilon = 0.100)
BETTER TREE FOUND at iteration 1: -13236.845
Optimizing NNI: done in 1.65308 secs using 75.44% CPU
Optimizing NNI: done in 1.2437 secs using 80.7% CPU
Optimizing NNI: done in 1.39507 secs using 86.52% CPU
Optimizing NNI: done in 1.35559 secs using 100% CPU
Optimizing NNI: done in 1.55719 secs using 72.54% CPU
Optimizing NNI: done in 1.32834 secs using 93.05% CPU
Optimizing NNI: done in 1.30066 secs using 100% CPU
Optimizing NNI: done in 1.58961 secs using 77.28% CPU
Optimizing NNI: done in 1.70982 secs using 75.65% CPU
Iteration 10 / LogL: -13238.839 / Time: 0h:2m:49s
Optimizing NNI: done in 1.34852 secs using 84.09% CPU
Optimizing NNI: done in 0.892352 secs using 100% CPU
Optimizing NNI: done in 1.4106 secs using 79.65% CPU
Optimizing NNI: done in 1.66124 secs using 80.44% CPU
Optimizing NNI: done in 1.36471 secs using 84.41% CPU
Optimizing NNI: done in 1.21042 secs using 94.24% CPU
Optimizing NNI: done in 1.36364 secs using 84.03% CPU
Optimizing NNI: done in 1.18026 secs using 95.27% CPU
Optimizing NNI: done in 1.3014 secs using 100% CPU
Optimizing NNI: done in 1.24613 secs using 99.03% CPU
Iteration 20 / LogL: -13242.193 / Time: 0h:3m:2s
Finish initializing candidate tree set (20)
Current best tree score: -13236.845 / CPU time: 42.932
Number of iterations: 20
--------------------------------------------------------------------
|               OPTIMIZING CANDIDATE TREE SET                      |
--------------------------------------------------------------------
Optimizing NNI: done in 0.888828 secs using 99.79% CPU
Optimizing NNI: done in 0.984545 secs using 99.6% CPU
Optimizing NNI: done in 1.03628 secs using 99.94% CPU
Estimate model parameters (epsilon = 0.100)
BETTER TREE FOUND at iteration 23: -13236.339
Optimizing NNI: done in 1.41433 secs using 73.87% CPU
Optimizing NNI: done in 1.32447 secs using 97.89% CPU
Optimizing NNI: done in 1.30948 secs using 88.09% CPU
Optimizing NNI: done in 0.809714 secs using 99.98% CPU
Optimizing NNI: done in 1.63473 secs using 80.65% CPU
Optimizing NNI: done in 1.46029 secs using 84.18% CPU
Optimizing NNI: done in 1.50348 secs using 66.71% CPU
Estimate model parameters (epsilon = 0.100)
BETTER TREE FOUND at iteration 30: -13235.946
Iteration 30 / LogL: -13235.946 / Time: 0h:3m:16s (0h:11m:16s left)
Optimizing NNI: done in 1.11175 secs using 99.99% CPU
Optimizing NNI: done in 1.14264 secs using 100% CPU
Optimizing NNI: done in 1.58339 secs using 76.33% CPU
Optimizing NNI: done in 1.11856 secs using 99.93% CPU
Optimizing NNI: done in 0.865912 secs using 99.9% CPU
Optimizing NNI: done in 1.3538 secs using 100% CPU
Optimizing NNI: done in 1.27617 secs using 100% CPU
Estimate model parameters (epsilon = 0.100)
BETTER TREE FOUND at iteration 37: -13235.567
Optimizing NNI: done in 1.18628 secs using 100% CPU
Optimizing NNI: done in 1.61742 secs using 85.99% CPU
Estimate model parameters (epsilon = 0.100)
BETTER TREE FOUND at iteration 39: -13234.919
Optimizing NNI: done in 1.14523 secs using 99.94% CPU
Iteration 40 / LogL: -13238.971 / Time: 0h:3m:29s (0h:8m:52s left)
Optimizing NNI: done in 1.38579 secs using 79.69% CPU
Optimizing NNI: done in 1.93002 secs using 69.3% CPU
Estimate model parameters (epsilon = 0.100)
BETTER TREE FOUND at iteration 42: -13234.518
Optimizing NNI: done in 1.10906 secs using 98.06% CPU
Optimizing NNI: done in 1.23438 secs using 95.94% CPU
Estimate model parameters (epsilon = 0.100)
BETTER TREE FOUND at iteration 44: -13234.180
Optimizing NNI: done in 1.38115 secs using 95.44% CPU
Optimizing NNI: done in 1.85173 secs using 67.91% CPU
Estimate model parameters (epsilon = 0.100)
BETTER TREE FOUND at iteration 46: -13233.506
Optimizing NNI: done in 0.956283 secs using 94.03% CPU
Optimizing NNI: done in 1.363 secs using 94.23% CPU
Optimizing NNI: done in 1.39427 secs using 81.86% CPU
Optimizing NNI: done in 1.51189 secs using 85.12% CPU
Iteration 50 / LogL: -13240.187 / Time: 0h:3m:46s (0h:7m:22s left)
Log-likelihood cutoff on original alignment: -13276.402
Optimizing NNI: done in 1.15236 secs using 99.42% CPU
Optimizing NNI: done in 1.79298 secs using 66.31% CPU
Optimizing NNI: done in 1.66983 secs using 70.47% CPU
Optimizing NNI: done in 1.64349 secs using 83.71% CPU
Optimizing NNI: done in 1.17867 secs using 92.3% CPU
Optimizing NNI: done in 0.98959 secs using 99.99% CPU
Optimizing NNI: done in 1.17734 secs using 94.57% CPU
Optimizing NNI: done in 1.39363 secs using 91.51% CPU
Optimizing NNI: done in 1.1632 secs using 98.27% CPU
Optimizing NNI: done in 1.40686 secs using 86.73% CPU
Iteration 60 / LogL: -13242.319 / Time: 0h:4m:0s (0h:5m:50s left)
Optimizing NNI: done in 1.30827 secs using 99.49% CPU
BETTER TREE FOUND at iteration 61: -13233.503
Optimizing NNI: done in 0.735683 secs using 93.46% CPU
Optimizing NNI: done in 1.90164 secs using 67.6% CPU
Optimizing NNI: done in 1.0503 secs using 99.96% CPU
Optimizing NNI: done in 1.3127 secs using 81.76% CPU
Optimizing NNI: done in 1.01651 secs using 95.28% CPU
Optimizing NNI: done in 1.21109 secs using 88.17% CPU
Optimizing NNI: done in 0.903046 secs using 94.24% CPU
Estimate model parameters (epsilon = 0.100)
BETTER TREE FOUND at iteration 68: -13233.391
Optimizing NNI: done in 1.62254 secs using 71.34% CPU
Optimizing NNI: done in 1.05723 secs using 100% CPU
Iteration 70 / LogL: -13239.281 / Time: 0h:4m:13s (0h:5m:59s left)
Optimizing NNI: done in 1.31125 secs using 80.64% CPU
Optimizing NNI: done in 1.2153 secs using 92.77% CPU
Optimizing NNI: done in 1.27814 secs using 82.97% CPU
Optimizing NNI: done in 1.24384 secs using 100% CPU
Optimizing NNI: done in 1.18459 secs using 88.81% CPU
Optimizing NNI: done in 1.82802 secs using 66.75% CPU
Optimizing NNI: done in 1.26658 secs using 100% CPU
Optimizing NNI: done in 1.62331 secs using 68.27% CPU
Optimizing NNI: done in 1.16545 secs using 98.17% CPU
Optimizing NNI: done in 1.43583 secs using 98.99% CPU
Estimate model parameters (epsilon = 0.100)
BETTER TREE FOUND at iteration 80: -13233.210
Iteration 80 / LogL: -13233.210 / Time: 0h:4m:27s (0h:5m:38s left)
Optimizing NNI: done in 1.62913 secs using 80.91% CPU
Optimizing NNI: done in 1.48604 secs using 76.47% CPU
Optimizing NNI: done in 1.33673 secs using 89.14% CPU
Optimizing NNI: done in 1.29235 secs using 80.31% CPU
Optimizing NNI: done in 0.994931 secs using 99.97% CPU
Optimizing NNI: done in 1.33535 secs using 99.83% CPU
Optimizing NNI: done in 1.59713 secs using 76.97% CPU
Optimizing NNI: done in 1.94815 secs using 62.29% CPU
Optimizing NNI: done in 0.8847 secs using 92.65% CPU
Optimizing NNI: done in 1.45244 secs using 95.3% CPU
Iteration 90 / LogL: -13234.441 / Time: 0h:4m:41s (0h:4m:44s left)
Optimizing NNI: done in 1.24256 secs using 93.93% CPU
Optimizing NNI: done in 1.01417 secs using 100% CPU
Optimizing NNI: done in 1.4403 secs using 95.83% CPU
Optimizing NNI: done in 2.09315 secs using 66.17% CPU
Optimizing NNI: done in 1.08618 secs using 95.21% CPU
Optimizing NNI: done in 0.982344 secs using 90.45% CPU
Optimizing NNI: done in 1.50923 secs using 88.36% CPU
Optimizing NNI: done in 1.08244 secs using 99.76% CPU
Optimizing NNI: done in 1.93188 secs using 61.71% CPU
Optimizing NNI: done in 1.60566 secs using 63.9% CPU
Iteration 100 / LogL: -13243.228 / Time: 0h:4m:56s (0h:3m:59s left)
Log-likelihood cutoff on original alignment: -13276.402
NOTE: Bootstrap correlation coefficient of split occurrence frequencies: 0.994
Optimizing NNI: done in 1.52907 secs using 90.92% CPU
Optimizing NNI: done in 0.910966 secs using 100% CPU
Optimizing NNI: done in 1.02716 secs using 94.52% CPU
Optimizing NNI: done in 1.1002 secs using 94.91% CPU
Optimizing NNI: done in 0.94589 secs using 96.86% CPU
Optimizing NNI: done in 1.31161 secs using 97.92% CPU
Optimizing NNI: done in 1.12938 secs using 100% CPU
Optimizing NNI: done in 1.1839 secs using 95.23% CPU
Optimizing NNI: done in 1.17793 secs using 100% CPU
Optimizing NNI: done in 1.13728 secs using 99.99% CPU
Iteration 110 / LogL: -13237.724 / Time: 0h:5m:8s (0h:4m:14s left)
Optimizing NNI: done in 0.8497 secs using 99.99% CPU
Optimizing NNI: done in 0.934092 secs using 99.96% CPU
Optimizing NNI: done in 1.19632 secs using 95.15% CPU
Optimizing NNI: done in 1.08083 secs using 100% CPU
Optimizing NNI: done in 0.921306 secs using 94.06% CPU
Optimizing NNI: done in 1.08019 secs using 100% CPU
Optimizing NNI: done in 1.20103 secs using 100% CPU
Optimizing NNI: done in 1.14641 secs using 99.99% CPU
Optimizing NNI: done in 1.27812 secs using 100% CPU
Optimizing NNI: done in 1.05855 secs using 99.99% CPU
Iteration 120 / LogL: -13235.399 / Time: 0h:5m:19s (0h:3m:34s left)
Optimizing NNI: done in 1.22371 secs using 99.99% CPU
Optimizing NNI: done in 1.1982 secs using 100% CPU
Optimizing NNI: done in 1.072 secs using 98.88% CPU
Estimate model parameters (epsilon = 0.100)
BETTER TREE FOUND at iteration 123: -13232.220
Optimizing NNI: done in 1.26003 secs using 100% CPU
Optimizing NNI: done in 1.25852 secs using 99.99% CPU
Optimizing NNI: done in 0.995564 secs using 99.89% CPU
Optimizing NNI: done in 1.40173 secs using 96.56% CPU
BETTER TREE FOUND at iteration 127: -13232.215
Optimizing NNI: done in 1.12467 secs using 99.6% CPU
Optimizing NNI: done in 0.935076 secs using 98.46% CPU
Optimizing NNI: done in 1.11891 secs using 99.64% CPU
Iteration 130 / LogL: -13233.316 / Time: 0h:5m:31s (0h:4m:9s left)
Optimizing NNI: done in 1.23305 secs using 99.99% CPU
Optimizing NNI: done in 1.14865 secs using 97.42% CPU
Optimizing NNI: done in 0.816804 secs using 98.53% CPU
Optimizing NNI: done in 1.09166 secs using 98.59% CPU
Optimizing NNI: done in 1.14603 secs using 98.6% CPU
Optimizing NNI: done in 1.32622 secs using 87.95% CPU
Optimizing NNI: done in 1.14603 secs using 89.76% CPU
Optimizing NNI: done in 1.20717 secs using 83.07% CPU
Optimizing NNI: done in 1.08595 secs using 99.99% CPU
Optimizing NNI: done in 1.33059 secs using 98.43% CPU
Iteration 140 / LogL: -13233.141 / Time: 0h:5m:43s (0h:3m:34s left)
Optimizing NNI: done in 1.05049 secs using 98.47% CPU
Optimizing NNI: done in 0.930677 secs using 99.97% CPU
Optimizing NNI: done in 1.18305 secs using 99.99% CPU
Optimizing NNI: done in 1.00489 secs using 99.99% CPU
Optimizing NNI: done in 0.878444 secs using 100% CPU
Optimizing NNI: done in 1.21773 secs using 100% CPU
Optimizing NNI: done in 1.08801 secs using 99.95% CPU
Optimizing NNI: done in 1.1819 secs using 99.99% CPU
Optimizing NNI: done in 1.20275 secs using 97.63% CPU
Optimizing NNI: done in 1.27208 secs using 95.94% CPU
Iteration 150 / LogL: -13239.915 / Time: 0h:5m:54s (0h:3m:3s left)
Log-likelihood cutoff on original alignment: -13276.402
Optimizing NNI: done in 1.09683 secs using 100% CPU
Optimizing NNI: done in 1.30772 secs using 100% CPU
Optimizing NNI: done in 1.25014 secs using 99.68% CPU
Optimizing NNI: done in 1.14044 secs using 99.97% CPU
Optimizing NNI: done in 1.06203 secs using 90.96% CPU
Optimizing NNI: done in 1.15618 secs using 95.8% CPU
Optimizing NNI: done in 1.29088 secs using 99.99% CPU
Optimizing NNI: done in 0.853706 secs using 99.99% CPU
Optimizing NNI: done in 0.986842 secs using 99.99% CPU
Optimizing NNI: done in 0.976103 secs using 99.99% CPU
Iteration 160 / LogL: -13235.522 / Time: 0h:6m:7s (0h:2m:34s left)
Optimizing NNI: done in 1.29806 secs using 99.69% CPU
Optimizing NNI: done in 1.13922 secs using 97.18% CPU
Optimizing NNI: done in 1.15348 secs using 95.83% CPU
Optimizing NNI: done in 1.22498 secs using 96.93% CPU
Optimizing NNI: done in 1.15951 secs using 99.82% CPU
Optimizing NNI: done in 1.32084 secs using 97.55% CPU
Optimizing NNI: done in 1.28029 secs using 87.19% CPU
Optimizing NNI: done in 1.1889 secs using 81.41% CPU
Optimizing NNI: done in 1.33759 secs using 96.33% CPU
Optimizing NNI: done in 1.0626 secs using 92.04% CPU
Iteration 170 / LogL: -13243.032 / Time: 0h:6m:19s (0h:2m:7s left)
Optimizing NNI: done in 1.19383 secs using 85.91% CPU
Optimizing NNI: done in 1.86834 secs using 54.98% CPU
Optimizing NNI: done in 1.54216 secs using 62.78% CPU
Optimizing NNI: done in 1.37455 secs using 75.65% CPU
Optimizing NNI: done in 1.25465 secs using 99.12% CPU
Optimizing NNI: done in 1.67231 secs using 71.46% CPU
Optimizing NNI: done in 1.0274 secs using 99.99% CPU
Optimizing NNI: done in 1.16568 secs using 95.46% CPU
Optimizing NNI: done in 1.10032 secs using 78.91% CPU
Optimizing NNI: done in 1.29216 secs using 90.15% CPU
Iteration 180 / LogL: -13232.217 / Time: 0h:6m:33s (0h:1m:43s left)
Optimizing NNI: done in 1.47955 secs using 91.41% CPU
Optimizing NNI: done in 1.69539 secs using 75.08% CPU
Optimizing NNI: done in 0.909424 secs using 99.6% CPU
Optimizing NNI: done in 1.16579 secs using 81.81% CPU
Optimizing NNI: done in 0.935279 secs using 99.99% CPU
Optimizing NNI: done in 0.938352 secs using 99.99% CPU
Optimizing NNI: done in 1.14488 secs using 99.99% CPU
Optimizing NNI: done in 0.84871 secs using 100% CPU
Optimizing NNI: done in 1.06021 secs using 97.98% CPU
Optimizing NNI: done in 0.834485 secs using 99.52% CPU
Iteration 190 / LogL: -13322.793 / Time: 0h:6m:44s (0h:1m:19s left)
Optimizing NNI: done in 1.21435 secs using 74.91% CPU
Optimizing NNI: done in 1.42079 secs using 75.71% CPU
Optimizing NNI: done in 1.28033 secs using 87.97% CPU
Optimizing NNI: done in 0.998187 secs using 100% CPU
Optimizing NNI: done in 1.56016 secs using 84.79% CPU
Optimizing NNI: done in 1.23248 secs using 84.18% CPU
Optimizing NNI: done in 0.893965 secs using 100% CPU
Optimizing NNI: done in 1.07744 secs using 100% CPU
Optimizing NNI: done in 1.18595 secs using 98.65% CPU
Optimizing NNI: done in 1.01459 secs using 99.97% CPU
Iteration 200 / LogL: -13235.555 / Time: 0h:6m:57s (0h:0m:56s left)
Log-likelihood cutoff on original alignment: -13276.402
NOTE: Bootstrap correlation coefficient of split occurrence frequencies: 0.998
Optimizing NNI: done in 1.09571 secs using 99.99% CPU
Optimizing NNI: done in 1.05271 secs using 99.98% CPU
Optimizing NNI: done in 1.124 secs using 100% CPU
Optimizing NNI: done in 1.02442 secs using 100% CPU
Optimizing NNI: done in 1.02751 secs using 100% CPU
Optimizing NNI: done in 1.16671 secs using 82.03% CPU
Optimizing NNI: done in 0.965866 secs using 100% CPU
Optimizing NNI: done in 1.14707 secs using 79.05% CPU
Optimizing NNI: done in 0.920434 secs using 99.56% CPU
Optimizing NNI: done in 1.1464 secs using 100% CPU
Iteration 210 / LogL: -13238.119 / Time: 0h:7m:8s (0h:3m:4s left)
Optimizing NNI: done in 1.11721 secs using 100% CPU
Optimizing NNI: done in 0.985518 secs using 100% CPU
Optimizing NNI: done in 1.13118 secs using 86.61% CPU
Optimizing NNI: done in 1.45904 secs using 78.34% CPU
Optimizing NNI: done in 1.61185 secs using 87.56% CPU
Optimizing NNI: done in 1.24864 secs using 92.13% CPU
Optimizing NNI: done in 0.976315 secs using 99.71% CPU
Optimizing NNI: done in 1.33158 secs using 99.33% CPU
Optimizing NNI: done in 1.34279 secs using 91.73% CPU
Optimizing NNI: done in 1.08829 secs using 94.45% CPU
Iteration 220 / LogL: -13238.718 / Time: 0h:7m:21s (0h:2m:41s left)
Optimizing NNI: done in 1.41179 secs using 91.29% CPU
Optimizing NNI: done in 1.17729 secs using 92.87% CPU
Optimizing NNI: done in 1.19925 secs using 99.64% CPU
Optimizing NNI: done in 0.897656 secs using 99.76% CPU
Optimizing NNI: done in 1.6354 secs using 74.61% CPU
Optimizing NNI: done in 1.14644 secs using 90.23% CPU
Optimizing NNI: done in 1.03384 secs using 100% CPU
Optimizing NNI: done in 1.43767 secs using 85.53% CPU
TREE SEARCH COMPLETED AFTER 228 ITERATIONS / Time: 0h:7m:32s

--------------------------------------------------------------------
|                    FINALIZING TREE SEARCH                        |
--------------------------------------------------------------------
Performs final model parameters optimization
Estimate model parameters (epsilon = 0.010)
1. Initial log-likelihood: -13232.215
2. Current log-likelihood: -13232.191
3. Current log-likelihood: -13232.172
4. Current log-likelihood: -13232.155
5. Current log-likelihood: -13232.139
6. Current log-likelihood: -13232.125
7. Current log-likelihood: -13232.111
8. Current log-likelihood: -13232.099
9. Current log-likelihood: -13232.087
10. Current log-likelihood: -13232.076
11. Current log-likelihood: -13232.066
12. Current log-likelihood: -13232.056
Optimal log-likelihood: -13232.040
Rate parameters:  A-C: 0.92085  A-G: 2.44793  A-T: 0.86832  C-G: 0.74773  C-T: 2.34998  G-T: 1.00000
Base frequencies:  A: 0.235  C: 0.240  G: 0.228  T: 0.297
Site proportion and rates:  (0.430,0.124) (0.371,0.939) (0.144,2.372) (0.056,4.622)
Parameters optimization took 12 rounds (3.842 sec)
BEST SCORE FOUND : -13232.040
Creating bootstrap support values...
Split supports printed to NEXUS file 4G23540_iqtree_final_superstrict_excluding_hybrids.splits.nex
Total tree length: 4.107

Total number of iterations: 228
CPU time used for tree search: 282.919 sec (0h:4m:42s)
Wall-clock time used for tree search: 312.647 sec (0h:5m:12s)
Total CPU time used: 442.699 sec (0h:7m:22s)
Total wall-clock time used: 456.522 sec (0h:7m:36s)

Computing bootstrap consensus tree...
Reading input file 4G23540_iqtree_final_superstrict_excluding_hybrids.splits.nex...
126 taxa and 846 splits.
Consensus tree written to 4G23540_iqtree_final_superstrict_excluding_hybrids.contree
Reading input trees file 4G23540_iqtree_final_superstrict_excluding_hybrids.contree
Log-likelihood of consensus tree: -13231.964

Analysis results written to: 
  IQ-TREE report:                4G23540_iqtree_final_superstrict_excluding_hybrids.iqtree
  Maximum-likelihood tree:       4G23540_iqtree_final_superstrict_excluding_hybrids.treefile
  Likelihood distances:          4G23540_iqtree_final_superstrict_excluding_hybrids.mldist

Ultrafast bootstrap approximation results written to:
  Split support values:          4G23540_iqtree_final_superstrict_excluding_hybrids.splits.nex
  Consensus tree:                4G23540_iqtree_final_superstrict_excluding_hybrids.contree
  Screen log file:               4G23540_iqtree_final_superstrict_excluding_hybrids.log

ALISIM COMMAND
--------------
--alisim simulated_MSA -t 4G23540_iqtree_final_superstrict_excluding_hybrids.treefile -m "GTR{0.920852,2.44793,0.868321,0.747732,2.34998}+F{0.235096,0.239685,0.228247,0.296971}+R4{0.429956,0.12375,0.370535,0.939353,0.143757,2.37236,0.0557508,4.62209}" --length 668

Date and Time: Fri Jun  2 09:41:15 2023
