IQ-TREE multicore version 2.2.2 COVID-edition for Linux 64-bit built Sep 20 2022
Developed by Bui Quang Minh, James Barbetti, Nguyen Lam Tung,
Olga Chernomor, Heiko Schmidt, Dominik Schrempf, Michael Woodhams, Ly Trong Nhan.

Host:    netdc-bms-c11f (AVX2, FMA3, 377 GB RAM)
Command: /home/kasper.hendriks/iqtree-2.2.2-Linux/bin/iqtree2 -s 4G30720_taper_final_superstrict_excluding_hybrids.fasta -B 1000 -nm 1000 -m GTR+F+R -nt AUTO --prefix 4G30720_iqtree_final_superstrict_excluding_hybrids
Seed:    757812 (Using SPRNG - Scalable Parallel Random Number Generator)
Time:    Fri Jun  2 09:34:30 2023
Kernel:  AVX+FMA - auto-detect threads (56 CPU cores detected)

Reading alignment file 4G30720_taper_final_superstrict_excluding_hybrids.fasta ... Fasta format detected
Reading fasta file: done in 0.000794888 secs using 99.76% CPU
Alignment most likely contains DNA/RNA sequences
Constructing alignment: done in 0.00171804 secs using 1381% CPU
Alignment has 127 sequences with 234 columns, 147 distinct patterns
81 parsimony-informative, 30 singleton sites, 123 constant sites
               Gap/Ambiguity  Composition  p-value
Analyzing sequences: done in 0.00428295 secs using 1677% CPU
   1  PAFTOL_019361    0.00%    passed     69.00%
   2  S0055            0.43%    passed     99.79%
   3  S0196sl          0.00%    passed     96.21%
   4  S0281            0.00%    passed     99.45%
   5  S0282            0.00%    passed     99.31%
   6  S0288            0.43%    passed     95.10%
   7  S0292            0.43%    passed     97.53%
   8  S0293            0.00%    passed     97.08%
   9  S0294            0.43%    passed     78.38%
  10  S0299            0.00%    passed     91.32%
  11  S0303            0.85%    passed     95.81%
  12  S0308            0.43%    passed     98.69%
  13  S0320            0.00%    passed     99.47%
  14  S0322            0.43%    passed     93.19%
  15  S0327            0.00%    passed     97.93%
  16  S0335            0.00%    passed     96.26%
  17  S0345            0.00%    passed     99.68%
  18  S0355            0.00%    passed     95.08%
  19  S0376            1.28%    passed     99.41%
  20  S0400            0.00%    passed     98.60%
  21  S0405            0.43%    passed     99.50%
  22  S0407sl          2.14%    passed     99.77%
  23  S0412sl          0.00%    passed     97.53%
  24  S0417            0.85%    passed     98.98%
  25  S0419            0.00%    passed     98.78%
  26  S0427            0.00%    passed     98.09%
  27  S0428sl          0.00%    passed     99.24%
  28  S0430            0.00%    passed     97.62%
  29  S0478            0.00%    passed     99.84%
  30  S0552sl          0.00%    passed     88.60%
  31  S0558            1.28%    passed     96.88%
  32  S0616            0.00%    passed     94.44%
  33  S0624            0.85%    passed     90.56%
  34  S0641            0.00%    passed     96.94%
  35  S0643            0.00%    passed     96.94%
  36  S0645sl          0.00%    passed     93.26%
  37  S0656sl          0.85%    passed     97.63%
  38  S0673            0.00%    passed     99.22%
  39  S0689            0.43%    passed     74.72%
  40  S0690            0.00%    passed     98.60%
  41  S0720            0.43%    passed     96.52%
  42  S0724sl          0.00%    passed     96.50%
  43  S0742            0.00%    passed     94.93%
  44  S0748            0.43%    passed     98.24%
  45  S0756            0.00%    passed     98.60%
  46  S0758            0.00%    passed     88.60%
  47  S0760            0.00%    passed     96.21%
  48  S0763            0.00%    passed     98.93%
  49  S0765            0.00%    passed     96.21%
  50  S0770            0.43%    passed     92.69%
  51  S0771            0.00%    passed     99.34%
  52  S0795            0.00%    passed     98.09%
  53  S0827            0.00%    passed     99.14%
  54  S0888            0.00%    passed     98.32%
  55  S0894            0.85%    passed     99.77%
  56  S0899            0.00%    passed     98.32%
  57  S0906            0.00%    passed     99.62%
  58  S0951            0.00%    passed     94.85%
  59  S0952            2.14%    passed     92.95%
  60  S0956            0.00%    passed     94.08%
  61  S0959            0.00%    passed     97.99%
  62  S0960            0.00%    passed     88.60%
  63  S0964            0.00%    passed     94.08%
  64  S1052sl          0.00%    passed     95.10%
  65  S1083            0.00%    passed     98.71%
  66  S1102            0.00%    passed     98.60%
  67  S1110            0.00%    passed     92.82%
  68  S1120            0.00%    passed     98.78%
  69  S1128            0.43%    passed     91.17%
  70  S1129sl          0.00%    passed     99.12%
  71  S1177            0.00%    passed     98.78%
  72  S1187sl         18.38%    passed     62.39%
  73  S1189            6.41%    passed     99.97%
  74  S1201sl          0.00%    passed     95.44%
  75  S1210            0.00%    passed     93.42%
  76  S1211            0.85%    passed     99.93%
  77  S1214sl          0.00%    passed     90.11%
  78  S1227            0.00%    passed     98.60%
  79  S1235sl          0.00%    passed     80.24%
  80  S1238sl          0.00%    passed     89.48%
  81  S1239            7.26%    passed     98.24%
  82  S1245            0.43%    passed     98.30%
  83  S1246            0.00%    passed     97.38%
  84  S1249            0.43%    passed     93.79%
  85  S1250sl          0.43%    passed     94.59%
  86  S1251            0.00%    passed     99.81%
  87  S1260            1.28%    passed     96.62%
  88  S1266sl          0.00%    passed     96.20%
  89  S1269            0.00%    passed     96.20%
  90  S1278            0.00%    passed     98.60%
  91  S1315            0.00%    passed     99.60%
  92  S1332            0.00%    passed     98.45%
  93  S1366            0.00%    passed     99.05%
  94  S1369            0.00%    passed     98.60%
  95  S1370            0.00%    passed     96.93%
  96  S1375            0.00%    passed     99.62%
  97  S1376            0.43%    passed     96.21%
  98  S1381            5.98%    passed     99.43%
  99  S1405            0.85%    passed     87.73%
 100  S1422            0.00%    passed     88.34%
 101  S1449            0.85%    passed     92.44%
 102  S1451            0.00%    passed     92.69%
 103  S1460            0.00%    passed     98.70%
 104  S1462            0.00%    passed     98.78%
 105  S1475            0.00%    passed     99.44%
 106  S1498            0.00%    passed     98.71%
 107  S1539            1.28%    passed     88.93%
 108  S_670            0.00%    passed     97.96%
 109  SRR11470320      0.00%    passed     98.71%
 110  SRR8528336       0.00%    passed     91.79%
 111  SRR8528341       0.00%    passed     99.31%
 112  SRR8528343       0.00%    passed     98.30%
 113  SRR8528347       0.00%    passed     98.45%
 114  SRR8528350       0.00%    passed     92.46%
 115  SRR8528354       0.00%    passed     98.42%
 116  SRR8528357       0.00%    passed     96.51%
 117  SRR8528359       0.00%    passed     89.33%
 118  SRR8528361       0.43%    passed     99.59%
 119  SRR8528365       0.00%    passed     95.78%
 120  SRR8528370       0.00%    passed     98.71%
 121  SRR8528372       0.00%    passed     91.71%
 122  SRR8528379       0.00%    passed     98.45%
 123  SRR8528381       0.00%    passed     41.02%
 124  SRR8528384       0.00%    passed     99.84%
 125  SRR8528389       0.00%    passed     99.19%
 126  SRR8528391       0.00%    passed     99.45%
 127  SRR8528400       0.00%    passed     98.30%
****  TOTAL            0.48%  0 sequences failed composition chi2 test (p-value<5%; df=3)
NOTE: S0760 is identical to S0196sl but kept for subsequent analysis
NOTE: S0690 is identical to S0400 but kept for subsequent analysis
NOTE: S0758 is identical to S0552sl but kept for subsequent analysis
NOTE: S1498 is identical to S1083 but kept for subsequent analysis
Checking for duplicate sequences: done in 0.00694394 secs using 1646% CPU
Identifying sites to remove: done in 0.00069809 secs using 1458% CPU
NOTE: 6 identical sequences (see below) will be ignored for subsequent analysis
NOTE: S0765 (identical to S0196sl) is ignored but added at the end
NOTE: S0756 (identical to S0400) is ignored but added at the end
NOTE: S1227 (identical to S0400) is ignored but added at the end
NOTE: S1278 (identical to S0400) is ignored but added at the end
NOTE: S1369 (identical to S0400) is ignored but added at the end
NOTE: SRR11470320 (identical to S1083) is ignored but added at the end
Alignment was printed to 4G30720_iqtree_final_superstrict_excluding_hybrids.uniqueseq.phy

For your convenience alignment with unique sequences printed to 4G30720_iqtree_final_superstrict_excluding_hybrids.uniqueseq.phy

Create initial parsimony tree by phylogenetic likelihood library (PLL)... 0.052 seconds
Generating 1000 samples for ultrafast bootstrap (seed: 757812)...

NOTE: 2 MB RAM (0 GB) is required!
Measuring multi-threading efficiency up to 56 CPU cores
Increase to 10 rounds for branch lengths
504 trees examined
Threads: 1 / Time: 56.038 sec / Speedup: 1.000 / Efficiency: 100% / LogL: -4726
Threads: 2 / Time: 79.601 sec / Speedup: 0.704 / Efficiency: 35% / LogL: -4726
Determining AUTO threadcount: done in 135.641 secs using 111.3% CPU
BEST NUMBER OF THREADS: 1

Estimate model parameters (epsilon = 0.100)
1. Initial log-likelihood: -2869.859
2. Current log-likelihood: -2765.423
3. Current log-likelihood: -2761.334
4. Current log-likelihood: -2759.056
5. Current log-likelihood: -2757.352
6. Current log-likelihood: -2756.152
7. Current log-likelihood: -2755.379
8. Current log-likelihood: -2754.808
9. Current log-likelihood: -2754.476
10. Current log-likelihood: -2754.227
11. Current log-likelihood: -2754.029
12. Current log-likelihood: -2753.867
13. Current log-likelihood: -2753.731
14. Current log-likelihood: -2753.617
Optimal log-likelihood: -2753.469
Rate parameters:  A-C: 1.75477  A-G: 5.32742  A-T: 2.58887  C-G: 1.86779  C-T: 5.13699  G-T: 1.00000
Base frequencies:  A: 0.261  C: 0.163  G: 0.295  T: 0.281
Site proportion and rates:  (0.611,0.113) (0.028,0.228) (0.290,1.910) (0.070,5.286)
Parameters optimization took 14 rounds (2.429 sec)
Wrote distance file to... 
Computing ML distances based on estimated model parameters...
Calculating distance matrix: done in 0.099215 secs using 98.22% CPU
Computing ML distances took 0.099572 sec (of wall-clock time) 0.097812 sec (of CPU time)
Setting up auxiliary I and S matrices: done in 0.000998974 secs using 106.3% CPU
Constructing RapidNJ tree: done in 0.00278115 secs using 97.55% CPU
Computing RapidNJ tree took 0.003936 sec (of wall-clock time) 0.003926 sec (of CPU time)
Log-likelihood of RapidNJ tree: -2772.333
--------------------------------------------------------------------
|             INITIALIZING CANDIDATE TREE SET                      |
--------------------------------------------------------------------
Generating 98 parsimony trees... 1.664 second
Computing log-likelihood of 98 initial trees ... 1.306 seconds
Current best score: -2736.154

Do NNI search on 20 best initial trees
Optimizing NNI: done in 0.582379 secs using 99.99% CPU
Estimate model parameters (epsilon = 0.100)
BETTER TREE FOUND at iteration 1: -2724.487
Optimizing NNI: done in 0.527555 secs using 99.96% CPU
Optimizing NNI: done in 0.423763 secs using 100% CPU
Optimizing NNI: done in 1.63473 secs using 52.71% CPU
Optimizing NNI: done in 0.800764 secs using 57.17% CPU
Optimizing NNI: done in 0.852017 secs using 79.44% CPU
Optimizing NNI: done in 1.13679 secs using 71.04% CPU
Optimizing NNI: done in 0.649593 secs using 99.34% CPU
Optimizing NNI: done in 0.624153 secs using 99.89% CPU
Optimizing NNI: done in 0.587356 secs using 94.54% CPU
Iteration 10 / LogL: -2732.918 / Time: 0h:2m:29s
Optimizing NNI: done in 0.99703 secs using 68.18% CPU
Optimizing NNI: done in 1.11794 secs using 61.42% CPU
Optimizing NNI: done in 0.74099 secs using 61.72% CPU
Optimizing NNI: done in 1.07188 secs using 72.13% CPU
Optimizing NNI: done in 0.610159 secs using 68.64% CPU
Optimizing NNI: done in 0.699914 secs using 69.37% CPU
Optimizing NNI: done in 1.3077 secs using 66.01% CPU
Optimizing NNI: done in 0.898647 secs using 75.06% CPU
Optimizing NNI: done in 1.10527 secs using 66.14% CPU
Optimizing NNI: done in 0.576868 secs using 74.82% CPU
Iteration 20 / LogL: -2740.506 / Time: 0h:2m:38s
Finish initializing candidate tree set (20)
Current best tree score: -2724.487 / CPU time: 20.419
Number of iterations: 20
--------------------------------------------------------------------
|               OPTIMIZING CANDIDATE TREE SET                      |
--------------------------------------------------------------------
Optimizing NNI: done in 1.11964 secs using 66.68% CPU
Optimizing NNI: done in 0.752323 secs using 83.09% CPU
Optimizing NNI: done in 0.567007 secs using 94.41% CPU
Optimizing NNI: done in 1.03659 secs using 73.39% CPU
Optimizing NNI: done in 0.952377 secs using 66.8% CPU
Optimizing NNI: done in 0.850284 secs using 77.14% CPU
Optimizing NNI: done in 0.566165 secs using 96.63% CPU
Optimizing NNI: done in 0.564562 secs using 99.98% CPU
Optimizing NNI: done in 0.675142 secs using 99.46% CPU
Optimizing NNI: done in 0.772972 secs using 72.78% CPU
Iteration 30 / LogL: -2731.091 / Time: 0h:2m:46s (0h:6m:48s left)
Optimizing NNI: done in 0.949167 secs using 76.84% CPU
Optimizing NNI: done in 0.969899 secs using 68.73% CPU
Optimizing NNI: done in 1.27249 secs using 65.95% CPU
Optimizing NNI: done in 0.833315 secs using 76.44% CPU
Optimizing NNI: done in 0.619115 secs using 92.88% CPU
Optimizing NNI: done in 0.484267 secs using 100% CPU
Optimizing NNI: done in 0.364067 secs using 100% CPU
Optimizing NNI: done in 0.620011 secs using 100% CPU
Optimizing NNI: done in 0.878568 secs using 74.94% CPU
Optimizing NNI: done in 0.847829 secs using 72.83% CPU
Iteration 40 / LogL: -2726.063 / Time: 0h:2m:54s (0h:4m:33s left)
Optimizing NNI: done in 0.640671 secs using 100% CPU
Optimizing NNI: done in 0.617515 secs using 88.2% CPU
Optimizing NNI: done in 0.670809 secs using 88.94% CPU
Optimizing NNI: done in 0.60898 secs using 81.31% CPU
Optimizing NNI: done in 0.954092 secs using 77.75% CPU
Optimizing NNI: done in 0.741814 secs using 70.34% CPU
Optimizing NNI: done in 0.728067 secs using 82.2% CPU
Optimizing NNI: done in 0.699002 secs using 93.06% CPU
Optimizing NNI: done in 0.851065 secs using 53.75% CPU
Optimizing NNI: done in 0.657396 secs using 99.23% CPU
Iteration 50 / LogL: -2727.311 / Time: 0h:3m:2s (0h:3m:9s left)
Log-likelihood cutoff on original alignment: -2755.858
Optimizing NNI: done in 0.892484 secs using 68.92% CPU
Optimizing NNI: done in 0.734502 secs using 76.56% CPU
Optimizing NNI: done in 1.08156 secs using 56.08% CPU
Optimizing NNI: done in 0.951625 secs using 69.32% CPU
Optimizing NNI: done in 0.699772 secs using 76.67% CPU
Optimizing NNI: done in 0.91191 secs using 54.54% CPU
Optimizing NNI: done in 1.00727 secs using 63.02% CPU
Optimizing NNI: done in 0.756841 secs using 71.97% CPU
Optimizing NNI: done in 0.858279 secs using 70.65% CPU
Optimizing NNI: done in 0.92444 secs using 68.35% CPU
Iteration 60 / LogL: -2728.336 / Time: 0h:3m:12s (0h:2m:13s left)
Optimizing NNI: done in 0.880512 secs using 65.06% CPU
Estimate model parameters (epsilon = 0.100)
BETTER TREE FOUND at iteration 61: -2724.387
Optimizing NNI: done in 1.13419 secs using 56.15% CPU
Optimizing NNI: done in 0.899945 secs using 66.15% CPU
Optimizing NNI: done in 0.764153 secs using 91.95% CPU
Optimizing NNI: done in 0.583699 secs using 89.6% CPU
Optimizing NNI: done in 0.921579 secs using 67.73% CPU
Optimizing NNI: done in 0.965789 secs using 62.13% CPU
Estimate model parameters (epsilon = 0.100)
BETTER TREE FOUND at iteration 67: -2724.305
Optimizing NNI: done in 0.989768 secs using 66.99% CPU
Optimizing NNI: done in 0.879428 secs using 72.94% CPU
Optimizing NNI: done in 1.01913 secs using 68.23% CPU
Iteration 70 / LogL: -2729.051 / Time: 0h:3m:22s (0h:4m:44s left)
Optimizing NNI: done in 1.01244 secs using 58.53% CPU
Optimizing NNI: done in 1.45488 secs using 59.67% CPU
Optimizing NNI: done in 0.670818 secs using 99.4% CPU
Optimizing NNI: done in 0.433182 secs using 88.09% CPU
Estimate model parameters (epsilon = 0.100)
BETTER TREE FOUND at iteration 74: -2724.236
Optimizing NNI: done in 1.02335 secs using 85.44% CPU
BETTER TREE FOUND at iteration 75: -2724.227
Optimizing NNI: done in 1.17501 secs using 69.24% CPU
Optimizing NNI: done in 0.854652 secs using 70.51% CPU
Optimizing NNI: done in 0.745832 secs using 91.81% CPU
Optimizing NNI: done in 0.543719 secs using 99.49% CPU
Optimizing NNI: done in 0.618278 secs using 100% CPU
Iteration 80 / LogL: -2730.034 / Time: 0h:3m:31s (0h:4m:13s left)
Optimizing NNI: done in 0.976124 secs using 75.98% CPU
Optimizing NNI: done in 0.936062 secs using 57.6% CPU
Optimizing NNI: done in 0.889181 secs using 82.46% CPU
Optimizing NNI: done in 0.898014 secs using 80.1% CPU
Optimizing NNI: done in 1.21675 secs using 54.07% CPU
Optimizing NNI: done in 1.07101 secs using 50.17% CPU
Optimizing NNI: done in 0.801115 secs using 61.04% CPU
Optimizing NNI: done in 0.642928 secs using 74.06% CPU
Optimizing NNI: done in 1.08888 secs using 73.46% CPU
Optimizing NNI: done in 0.510717 secs using 100% CPU
Iteration 90 / LogL: -2724.231 / Time: 0h:3m:40s (0h:3m:30s left)
Optimizing NNI: done in 0.746187 secs using 100% CPU
Optimizing NNI: done in 1.07302 secs using 58.82% CPU
Optimizing NNI: done in 0.943337 secs using 59.95% CPU
Optimizing NNI: done in 1.23268 secs using 52% CPU
Optimizing NNI: done in 0.837122 secs using 100% CPU
Optimizing NNI: done in 0.626847 secs using 98.75% CPU
Optimizing NNI: done in 0.656486 secs using 99.95% CPU
Optimizing NNI: done in 0.52832 secs using 100% CPU
Optimizing NNI: done in 0.622518 secs using 94.58% CPU
Optimizing NNI: done in 0.81521 secs using 62.06% CPU
Iteration 100 / LogL: -2725.813 / Time: 0h:3m:49s (0h:2m:53s left)
Log-likelihood cutoff on original alignment: -2755.858
NOTE: Bootstrap correlation coefficient of split occurrence frequencies: 0.994
Optimizing NNI: done in 0.803464 secs using 64.72% CPU
Optimizing NNI: done in 1.06398 secs using 69.24% CPU
Estimate model parameters (epsilon = 0.100)
BETTER TREE FOUND at iteration 102: -2723.066
Optimizing NNI: done in 0.862164 secs using 65.76% CPU
Optimizing NNI: done in 0.852556 secs using 75.4% CPU
Optimizing NNI: done in 0.913007 secs using 65.33% CPU
Optimizing NNI: done in 1.09063 secs using 52.37% CPU
Optimizing NNI: done in 0.625706 secs using 64.2% CPU
Optimizing NNI: done in 0.97284 secs using 78.27% CPU
Optimizing NNI: done in 0.53712 secs using 71.12% CPU
Optimizing NNI: done in 1.06349 secs using 58.52% CPU
Iteration 110 / LogL: -2726.703 / Time: 0h:3m:59s (0h:3m:22s left)
Optimizing NNI: done in 0.634881 secs using 99.99% CPU
Optimizing NNI: done in 0.741205 secs using 87.56% CPU
Optimizing NNI: done in 1.00668 secs using 74.1% CPU
Optimizing NNI: done in 1.08252 secs using 80.02% CPU
Optimizing NNI: done in 1.01406 secs using 86.26% CPU
Optimizing NNI: done in 0.875356 secs using 75.89% CPU
Optimizing NNI: done in 1.10283 secs using 61.17% CPU
Optimizing NNI: done in 1.16768 secs using 65.71% CPU
Optimizing NNI: done in 1.16932 secs using 62.04% CPU
Optimizing NNI: done in 0.611752 secs using 96.43% CPU
Iteration 120 / LogL: -2726.095 / Time: 0h:4m:9s (0h:2m:52s left)
Optimizing NNI: done in 1.03826 secs using 58.84% CPU
Optimizing NNI: done in 1.24294 secs using 64.09% CPU
Optimizing NNI: done in 0.674986 secs using 73.98% CPU
Optimizing NNI: done in 0.775703 secs using 69.71% CPU
Estimate model parameters (epsilon = 0.100)
BETTER TREE FOUND at iteration 124: -2722.995
Optimizing NNI: done in 0.76128 secs using 72.89% CPU
Optimizing NNI: done in 0.934889 secs using 69.96% CPU
BETTER TREE FOUND at iteration 126: -2722.988
Optimizing NNI: done in 0.791755 secs using 73.35% CPU
Optimizing NNI: done in 0.835666 secs using 67.01% CPU
Optimizing NNI: done in 1.02052 secs using 57.43% CPU
Optimizing NNI: done in 0.537427 secs using 99.99% CPU
Iteration 130 / LogL: -2728.814 / Time: 0h:4m:19s (0h:3m:12s left)
Optimizing NNI: done in 0.784211 secs using 100% CPU
Optimizing NNI: done in 0.915898 secs using 82.62% CPU
Optimizing NNI: done in 0.916812 secs using 69.14% CPU
Estimate model parameters (epsilon = 0.100)
BETTER TREE FOUND at iteration 133: -2722.885
Optimizing NNI: done in 1.07768 secs using 72.49% CPU
Optimizing NNI: done in 0.746158 secs using 68.87% CPU
Optimizing NNI: done in 0.926797 secs using 69.78% CPU
Optimizing NNI: done in 1.27991 secs using 61.47% CPU
Optimizing NNI: done in 0.82574 secs using 72.09% CPU
Optimizing NNI: done in 0.794415 secs using 56.93% CPU
Optimizing NNI: done in 1.17507 secs using 61.26% CPU
Iteration 140 / LogL: -2735.800 / Time: 0h:4m:29s (0h:3m:0s left)
Optimizing NNI: done in 0.729942 secs using 72.4% CPU
Optimizing NNI: done in 0.563373 secs using 75.79% CPU
Optimizing NNI: done in 0.703636 secs using 87.4% CPU
Optimizing NNI: done in 0.537125 secs using 99.98% CPU
Optimizing NNI: done in 0.68253 secs using 99.89% CPU
Optimizing NNI: done in 0.735772 secs using 75% CPU
Optimizing NNI: done in 0.775264 secs using 97.9% CPU
Optimizing NNI: done in 0.844834 secs using 98.3% CPU
Optimizing NNI: done in 1.18917 secs using 67.02% CPU
Optimizing NNI: done in 0.861511 secs using 74.49% CPU
Iteration 150 / LogL: -2730.941 / Time: 0h:4m:37s (0h:2m:34s left)
Log-likelihood cutoff on original alignment: -2755.858
Optimizing NNI: done in 0.619042 secs using 92.23% CPU
Estimate model parameters (epsilon = 0.100)
BETTER TREE FOUND at iteration 151: -2722.593
Optimizing NNI: done in 1.19596 secs using 62.19% CPU
Optimizing NNI: done in 0.798457 secs using 81.45% CPU
Optimizing NNI: done in 0.491753 secs using 97.75% CPU
Optimizing NNI: done in 0.66043 secs using 97.7% CPU
Optimizing NNI: done in 0.378355 secs using 94.71% CPU
Optimizing NNI: done in 0.715862 secs using 75.05% CPU
Optimizing NNI: done in 1.13494 secs using 66.52% CPU
Optimizing NNI: done in 0.98177 secs using 56.8% CPU
Optimizing NNI: done in 0.847185 secs using 71.16% CPU
Iteration 160 / LogL: -2728.127 / Time: 0h:4m:47s (0h:2m:44s left)
Optimizing NNI: done in 0.960356 secs using 69.99% CPU
Optimizing NNI: done in 0.750084 secs using 62.65% CPU
Optimizing NNI: done in 0.802246 secs using 71.52% CPU
Optimizing NNI: done in 0.587637 secs using 98.75% CPU
Optimizing NNI: done in 0.508712 secs using 98.25% CPU
Optimizing NNI: done in 0.720377 secs using 99.44% CPU
Optimizing NNI: done in 0.72547 secs using 99.41% CPU
Optimizing NNI: done in 0.571638 secs using 90.44% CPU
Optimizing NNI: done in 0.828291 secs using 61.89% CPU
Optimizing NNI: done in 0.875304 secs using 68.34% CPU
Iteration 170 / LogL: -2735.269 / Time: 0h:4m:55s (0h:2m:21s left)
Optimizing NNI: done in 0.385707 secs using 100% CPU
Optimizing NNI: done in 0.570742 secs using 99.98% CPU
Optimizing NNI: done in 0.731473 secs using 73.75% CPU
Optimizing NNI: done in 1.10574 secs using 66.38% CPU
Optimizing NNI: done in 0.69971 secs using 77.85% CPU
Optimizing NNI: done in 1.05573 secs using 56.65% CPU
Estimate model parameters (epsilon = 0.100)
BETTER TREE FOUND at iteration 176: -2721.920
Optimizing NNI: done in 0.994633 secs using 67.39% CPU
Optimizing NNI: done in 1.0687 secs using 50.19% CPU
Optimizing NNI: done in 0.737886 secs using 67.39% CPU
Optimizing NNI: done in 1.21642 secs using 57.35% CPU
Iteration 180 / LogL: -2738.180 / Time: 0h:5m:4s (0h:2m:43s left)
Optimizing NNI: done in 1.05258 secs using 68.01% CPU
Optimizing NNI: done in 1.12859 secs using 74.31% CPU
Optimizing NNI: done in 1.18115 secs using 76.14% CPU
Optimizing NNI: done in 0.929252 secs using 74.72% CPU
Optimizing NNI: done in 1.04371 secs using 69.03% CPU
Optimizing NNI: done in 0.852371 secs using 68.79% CPU
Optimizing NNI: done in 0.990913 secs using 48.99% CPU
Optimizing NNI: done in 1.4393 secs using 47.83% CPU
Optimizing NNI: done in 0.7199 secs using 74.75% CPU
Optimizing NNI: done in 0.63478 secs using 71.62% CPU
Iteration 190 / LogL: -2723.508 / Time: 0h:5m:15s (0h:2m:23s left)
Optimizing NNI: done in 0.940112 secs using 65.26% CPU
Optimizing NNI: done in 0.868207 secs using 84.4% CPU
BETTER TREE FOUND at iteration 192: -2721.916
Optimizing NNI: done in 0.722121 secs using 99.86% CPU
Optimizing NNI: done in 1.00182 secs using 79.15% CPU
Optimizing NNI: done in 0.752397 secs using 62.95% CPU
Optimizing NNI: done in 0.644702 secs using 65.33% CPU
Optimizing NNI: done in 0.531034 secs using 93.27% CPU
Optimizing NNI: done in 0.794124 secs using 83.5% CPU
Optimizing NNI: done in 1.07289 secs using 61.8% CPU
Optimizing NNI: done in 0.98047 secs using 73.44% CPU
Iteration 200 / LogL: -2724.748 / Time: 0h:5m:24s (0h:2m:30s left)
Log-likelihood cutoff on original alignment: -2754.598
NOTE: Bootstrap correlation coefficient of split occurrence frequencies: 0.992
Optimizing NNI: done in 1.03946 secs using 74.98% CPU
Optimizing NNI: done in 0.779202 secs using 75.34% CPU
Optimizing NNI: done in 0.94825 secs using 74.67% CPU
Optimizing NNI: done in 0.760757 secs using 85.26% CPU
Optimizing NNI: done in 0.640745 secs using 99.98% CPU
Optimizing NNI: done in 0.502709 secs using 99.98% CPU
Optimizing NNI: done in 0.758736 secs using 76.78% CPU
Optimizing NNI: done in 1.08426 secs using 74.9% CPU
Optimizing NNI: done in 0.70914 secs using 77.42% CPU
Optimizing NNI: done in 0.261466 secs using 81.62% CPU
Iteration 210 / LogL: -2750.424 / Time: 0h:5m:34s (0h:2m:23s left)
Optimizing NNI: done in 0.788361 secs using 72.08% CPU
Optimizing NNI: done in 0.786808 secs using 69.44% CPU
Optimizing NNI: done in 1.11526 secs using 54.34% CPU
Optimizing NNI: done in 1.28933 secs using 71.17% CPU
Optimizing NNI: done in 1.16365 secs using 62.38% CPU
Optimizing NNI: done in 0.93882 secs using 72.61% CPU
Optimizing NNI: done in 0.779982 secs using 78.58% CPU
Optimizing NNI: done in 0.690242 secs using 74.61% CPU
Optimizing NNI: done in 0.940973 secs using 76.77% CPU
Optimizing NNI: done in 0.981072 secs using 63.85% CPU
Iteration 220 / LogL: -2732.699 / Time: 0h:5m:44s (0h:2m:5s left)
Optimizing NNI: done in 1.0361 secs using 70.46% CPU
Optimizing NNI: done in 0.821727 secs using 89.55% CPU
Optimizing NNI: done in 1.26711 secs using 60.83% CPU
Optimizing NNI: done in 1.06226 secs using 60.56% CPU
Optimizing NNI: done in 1.09381 secs using 60.09% CPU
Optimizing NNI: done in 1.26502 secs using 74.45% CPU
BETTER TREE FOUND at iteration 226: -2721.916
Optimizing NNI: done in 0.624777 secs using 86.82% CPU
Optimizing NNI: done in 0.742734 secs using 100% CPU
Optimizing NNI: done in 0.761062 secs using 87.91% CPU
Optimizing NNI: done in 0.871932 secs using 68.82% CPU
Iteration 230 / LogL: -2734.885 / Time: 0h:5m:55s (0h:2m:28s left)
Optimizing NNI: done in 0.765114 secs using 68.11% CPU
Optimizing NNI: done in 0.776386 secs using 98.45% CPU
Optimizing NNI: done in 0.491074 secs using 99.81% CPU
Optimizing NNI: done in 0.850387 secs using 86.33% CPU
Optimizing NNI: done in 0.463964 secs using 99.87% CPU
Optimizing NNI: done in 0.650388 secs using 97.52% CPU
Optimizing NNI: done in 0.665118 secs using 99.98% CPU
Optimizing NNI: done in 0.765917 secs using 73.87% CPU
Optimizing NNI: done in 0.962171 secs using 77.73% CPU
Optimizing NNI: done in 0.610788 secs using 98.29% CPU
Iteration 240 / LogL: -2727.178 / Time: 0h:6m:3s (0h:2m:10s left)
Optimizing NNI: done in 0.549086 secs using 99.97% CPU
Optimizing NNI: done in 1.38733 secs using 56.44% CPU
Optimizing NNI: done in 0.900614 secs using 75.11% CPU
Optimizing NNI: done in 0.81565 secs using 76.44% CPU
Optimizing NNI: done in 0.544853 secs using 97.95% CPU
Optimizing NNI: done in 0.660327 secs using 99.46% CPU
Optimizing NNI: done in 0.791498 secs using 99.98% CPU
Optimizing NNI: done in 1.00558 secs using 72.33% CPU
Optimizing NNI: done in 0.855659 secs using 74.86% CPU
Optimizing NNI: done in 0.627766 secs using 70.86% CPU
Iteration 250 / LogL: -2722.359 / Time: 0h:6m:12s (0h:1m:53s left)
Log-likelihood cutoff on original alignment: -2755.137
Optimizing NNI: done in 1.13366 secs using 67.46% CPU
Optimizing NNI: done in 0.827823 secs using 62.34% CPU
Optimizing NNI: done in 0.910752 secs using 87.73% CPU
Optimizing NNI: done in 0.507152 secs using 98.54% CPU
Optimizing NNI: done in 0.535424 secs using 99.97% CPU
Optimizing NNI: done in 0.808654 secs using 94.54% CPU
Optimizing NNI: done in 0.864592 secs using 81.48% CPU
Optimizing NNI: done in 0.964646 secs using 50.23% CPU
Optimizing NNI: done in 0.775908 secs using 71.12% CPU
Optimizing NNI: done in 0.464184 secs using 97.42% CPU
Iteration 260 / LogL: -2748.612 / Time: 0h:6m:22s (0h:1m:37s left)
Optimizing NNI: done in 0.676243 secs using 99.98% CPU
Optimizing NNI: done in 0.724918 secs using 99.98% CPU
Optimizing NNI: done in 0.555162 secs using 99.98% CPU
Optimizing NNI: done in 0.583559 secs using 98.05% CPU
Optimizing NNI: done in 0.820665 secs using 88.22% CPU
Optimizing NNI: done in 0.559712 secs using 83.42% CPU
Optimizing NNI: done in 0.509906 secs using 100% CPU
Optimizing NNI: done in 0.860007 secs using 62.56% CPU
Optimizing NNI: done in 0.921891 secs using 77.34% CPU
Optimizing NNI: done in 0.623315 secs using 98.6% CPU
Iteration 270 / LogL: -2721.940 / Time: 0h:6m:29s (0h:1m:21s left)
Optimizing NNI: done in 0.498714 secs using 99.95% CPU
Optimizing NNI: done in 0.823229 secs using 98.88% CPU
Optimizing NNI: done in 0.515344 secs using 99.24% CPU
Optimizing NNI: done in 0.71131 secs using 84.01% CPU
Optimizing NNI: done in 0.588077 secs using 72.8% CPU
Optimizing NNI: done in 0.824999 secs using 72.46% CPU
Optimizing NNI: done in 0.749737 secs using 63.12% CPU
Optimizing NNI: done in 0.753793 secs using 97.15% CPU
Optimizing NNI: done in 0.796977 secs using 86.43% CPU
Optimizing NNI: done in 0.96066 secs using 71.53% CPU
Iteration 280 / LogL: -2721.917 / Time: 0h:6m:38s (0h:1m:5s left)
Optimizing NNI: done in 0.524136 secs using 99.97% CPU
Optimizing NNI: done in 0.775738 secs using 87.49% CPU
Optimizing NNI: done in 1.1113 secs using 60.54% CPU
Optimizing NNI: done in 0.913145 secs using 61.36% CPU
Optimizing NNI: done in 0.982597 secs using 64.69% CPU
Optimizing NNI: done in 0.834688 secs using 73.59% CPU
Optimizing NNI: done in 0.841798 secs using 59.69% CPU
Optimizing NNI: done in 1.17037 secs using 49.61% CPU
Optimizing NNI: done in 0.912782 secs using 66.22% CPU
Optimizing NNI: done in 0.94494 secs using 69.2% CPU
Iteration 290 / LogL: -2722.588 / Time: 0h:6m:48s (0h:0m:50s left)
Optimizing NNI: done in 1.02843 secs using 69.96% CPU
Optimizing NNI: done in 0.967516 secs using 61.78% CPU
Optimizing NNI: done in 0.903921 secs using 67.51% CPU
Optimizing NNI: done in 0.757019 secs using 71.68% CPU
Optimizing NNI: done in 0.893786 secs using 81.53% CPU
Optimizing NNI: done in 0.849794 secs using 66.04% CPU
Optimizing NNI: done in 0.912139 secs using 76.35% CPU
Optimizing NNI: done in 1.44706 secs using 50.12% CPU
Optimizing NNI: done in 1.02131 secs using 60% CPU
Optimizing NNI: done in 0.929891 secs using 69.96% CPU
Iteration 300 / LogL: -2727.443 / Time: 0h:6m:59s (0h:0m:36s left)
Log-likelihood cutoff on original alignment: -2755.137
NOTE: Bootstrap correlation coefficient of split occurrence frequencies: 0.994
Optimizing NNI: done in 1.06222 secs using 69.48% CPU
Optimizing NNI: done in 1.23532 secs using 60.83% CPU
Optimizing NNI: done in 0.742752 secs using 72.65% CPU
Optimizing NNI: done in 1.06222 secs using 62.93% CPU
Optimizing NNI: done in 1.0191 secs using 68.01% CPU
Optimizing NNI: done in 0.864943 secs using 76.36% CPU
Optimizing NNI: done in 0.995678 secs using 66.07% CPU
Optimizing NNI: done in 0.554941 secs using 68.68% CPU
Optimizing NNI: done in 1.22702 secs using 51.71% CPU
Optimizing NNI: done in 0.98451 secs using 59.2% CPU
Iteration 310 / LogL: -2723.350 / Time: 0h:7m:11s (0h:2m:5s left)
Optimizing NNI: done in 0.838169 secs using 74.37% CPU
Optimizing NNI: done in 1.15815 secs using 62.89% CPU
Optimizing NNI: done in 0.900334 secs using 70.55% CPU
Optimizing NNI: done in 0.990189 secs using 57.68% CPU
Optimizing NNI: done in 1.53173 secs using 52.55% CPU
Optimizing NNI: done in 0.850847 secs using 71.39% CPU
Optimizing NNI: done in 0.714969 secs using 77.57% CPU
Optimizing NNI: done in 0.960517 secs using 75.77% CPU
Optimizing NNI: done in 0.803536 secs using 64.3% CPU
Optimizing NNI: done in 1.04001 secs using 74.1% CPU
Iteration 320 / LogL: -2722.168 / Time: 0h:7m:23s (0h:1m:51s left)
Optimizing NNI: done in 1.33673 secs using 64.42% CPU
Optimizing NNI: done in 0.659354 secs using 71.78% CPU
Optimizing NNI: done in 0.659173 secs using 63.9% CPU
Optimizing NNI: done in 0.979245 secs using 62.68% CPU
Optimizing NNI: done in 1.0894 secs using 65.19% CPU
Optimizing NNI: done in 1.29681 secs using 71.63% CPU
Optimizing NNI: done in 0.773242 secs using 69.75% CPU
TREE SEARCH COMPLETED AFTER 327 ITERATIONS / Time: 0h:7m:30s

--------------------------------------------------------------------
|                    FINALIZING TREE SEARCH                        |
--------------------------------------------------------------------
Performs final model parameters optimization
Estimate model parameters (epsilon = 0.010)
1. Initial log-likelihood: -2721.916
2. Current log-likelihood: -2721.902
3. Current log-likelihood: -2721.887
4. Current log-likelihood: -2721.875
5. Current log-likelihood: -2721.861
6. Current log-likelihood: -2721.850
7. Current log-likelihood: -2721.839
Optimal log-likelihood: -2721.823
Rate parameters:  A-C: 2.00779  A-G: 6.19134  A-T: 2.81496  C-G: 1.94681  C-T: 5.94362  G-T: 1.00000
Base frequencies:  A: 0.261  C: 0.163  G: 0.295  T: 0.281
Site proportion and rates:  (0.597,0.083) (0.008,0.167) (0.296,1.571) (0.099,4.908)
Parameters optimization took 7 rounds (1.136 sec)
BEST SCORE FOUND : -2721.823
Creating bootstrap support values...
Split supports printed to NEXUS file 4G30720_iqtree_final_superstrict_excluding_hybrids.splits.nex
Total tree length: 2.115

Total number of iterations: 327
CPU time used for tree search: 229.929 sec (0h:3m:49s)
Wall-clock time used for tree search: 312.519 sec (0h:5m:12s)
Total CPU time used: 385.769 sec (0h:6m:25s)
Total wall-clock time used: 453.262 sec (0h:7m:33s)

Computing bootstrap consensus tree...
Reading input file 4G30720_iqtree_final_superstrict_excluding_hybrids.splits.nex...
121 taxa and 2303 splits.
Consensus tree written to 4G30720_iqtree_final_superstrict_excluding_hybrids.contree
Reading input trees file 4G30720_iqtree_final_superstrict_excluding_hybrids.contree
Log-likelihood of consensus tree: -2723.909

Analysis results written to: 
  IQ-TREE report:                4G30720_iqtree_final_superstrict_excluding_hybrids.iqtree
  Maximum-likelihood tree:       4G30720_iqtree_final_superstrict_excluding_hybrids.treefile
  Likelihood distances:          4G30720_iqtree_final_superstrict_excluding_hybrids.mldist

Ultrafast bootstrap approximation results written to:
  Split support values:          4G30720_iqtree_final_superstrict_excluding_hybrids.splits.nex
  Consensus tree:                4G30720_iqtree_final_superstrict_excluding_hybrids.contree
  Screen log file:               4G30720_iqtree_final_superstrict_excluding_hybrids.log

ALISIM COMMAND
--------------
--alisim simulated_MSA -t 4G30720_iqtree_final_superstrict_excluding_hybrids.treefile -m "GTR{2.00779,6.19134,2.81496,1.94681,5.94362}+F{0.261169,0.162963,0.295093,0.280775}+R4{0.597085,0.0826861,0.00838026,0.167347,0.295835,1.57131,0.0986999,4.90758}" --length 234

Date and Time: Fri Jun  2 09:42:04 2023
