IQ-TREE multicore version 2.2.2 COVID-edition for Linux 64-bit built Sep 20 2022
Developed by Bui Quang Minh, James Barbetti, Nguyen Lam Tung,
Olga Chernomor, Heiko Schmidt, Dominik Schrempf, Michael Woodhams, Ly Trong Nhan.

Host:    netdc-bms-c11f (AVX2, FMA3, 377 GB RAM)
Command: /home/kasper.hendriks/iqtree-2.2.2-Linux/bin/iqtree2 -s 5733_taper_final_superstrict_excluding_hybrids.fasta -B 1000 -nm 1000 -m GTR+F+R -nt AUTO --prefix 5733_iqtree_final_superstrict_excluding_hybrids
Seed:    369029 (Using SPRNG - Scalable Parallel Random Number Generator)
Time:    Fri Jun  2 09:40:58 2023
Kernel:  AVX+FMA - auto-detect threads (56 CPU cores detected)

Reading alignment file 5733_taper_final_superstrict_excluding_hybrids.fasta ... Fasta format detected
Reading fasta file: done in 0.000648975 secs
Alignment most likely contains DNA/RNA sequences
Constructing alignment: done in 0.001508 secs using 1582% CPU
Alignment has 108 sequences with 206 columns, 153 distinct patterns
80 parsimony-informative, 30 singleton sites, 96 constant sites
               Gap/Ambiguity  Composition  p-value
Analyzing sequences: done in 0.01208 secs using 1415% CPU
   1  CRNC             0.00%    passed     81.35%
   2  HYZL             0.00%    passed     76.92%
   3  MYZV            83.01%    passed     84.58%
   4  SRR6441723       0.00%    passed     98.58%
   5  ERR4210213      83.50%    passed     90.49%
   6  ERR2789774       0.00%    passed     96.73%
   7  PAFTOL_019361   66.99%    passed     69.15%
   8  S0055            0.00%    passed     96.83%
   9  S0196sl         49.03%    passed     86.62%
  10  S0278            0.00%    passed     98.03%
  11  S0281            0.00%    passed     96.73%
  12  S0282            0.00%    passed     95.71%
  13  S0289            6.80%    passed     87.30%
  14  S0292            0.00%    passed     98.50%
  15  S0293           19.90%    passed     75.66%
  16  S0294            0.00%    passed     96.11%
  17  S0299           33.50%    passed     95.48%
  18  S0303           50.97%    passed     81.41%
  19  S0308            0.00%    passed     90.62%
  20  S0320           50.49%    passed     95.07%
  21  S0327            0.00%    passed     99.52%
  22  S0335            0.00%    passed     95.56%
  23  S0376            0.00%    passed     96.99%
  24  S0400            0.00%    passed     98.45%
  25  S0405            0.49%    passed     99.90%
  26  S0412sl         16.99%    passed     98.10%
  27  S0417            0.00%    passed     99.52%
  28  S0419            0.00%    passed     97.07%
  29  S0427            0.00%    passed     99.35%
  30  S0430           16.99%    passed     85.34%
  31  S0478            0.00%    passed     99.73%
  32  S0552sl          8.74%    passed     89.82%
  33  S0558            0.00%    passed     94.17%
  34  S0616            0.00%    passed     99.74%
  35  S0624            0.00%    passed     97.75%
  36  S0641            0.00%    passed     82.11%
  37  S0643            0.00%    passed     99.87%
  38  S0645sl          0.00%    passed     88.61%
  39  S0656sl          0.97%    passed     98.49%
  40  S0673            0.00%    passed     98.62%
  41  S0690           63.59%    passed     80.81%
  42  S0720            0.00%    passed     96.83%
  43  S0724sl          0.00%    passed     98.65%
  44  S0735            0.00%    passed     99.23%
  45  S0742            0.00%    passed     89.30%
  46  S0748            0.00%    passed     98.65%
  47  S0756            0.00%    passed     94.95%
  48  S0758            0.00%    passed     97.18%
  49  S0760            0.97%    passed     98.02%
  50  S0763            0.00%    passed     99.61%
  51  S0765            0.00%    passed     96.73%
  52  S0770            0.97%    passed     96.62%
  53  S0771            2.43%    passed     99.78%
  54  S0795            1.46%    passed     95.27%
  55  S0888            0.00%    passed     99.39%
  56  S0894            0.00%    passed     99.88%
  57  S0899            0.49%    passed     92.57%
  58  S0952            0.00%    passed     97.29%
  59  S0959            0.49%    passed     94.31%
  60  S0960            0.49%    passed     96.19%
  61  S0964            0.49%    passed     95.86%
  62  S1083            0.00%    passed     98.45%
  63  S1100            7.77%    passed     95.05%
  64  S1110           50.00%    passed     72.52%
  65  S1120           20.39%    passed     91.47%
  66  S1128            0.00%    passed     97.15%
  67  S1129sl          0.97%    passed     97.62%
  68  S1148            0.97%    passed     99.98%
  69  S1177            0.49%    passed     97.73%
  70  S1180            0.00%    passed     99.35%
  71  S1187sl         83.01%    passed     74.03%
  72  S1189           16.99%    passed     84.59%
  73  S1201sl          2.43%    passed     92.68%
  74  S1210            0.00%    passed     95.55%
  75  S1211            0.00%    passed     95.49%
  76  S1214sl          0.00%    passed     99.35%
  77  S1223            0.00%    passed     99.74%
  78  S1227            0.49%    passed     89.62%
  79  S1235sl          0.00%    passed     97.47%
  80  S1239            3.40%    passed     94.05%
  81  S1245            0.97%    passed     99.54%
  82  S1249           16.99%    passed     79.06%
  83  S1250sl          0.00%    passed     99.30%
  84  S1251            0.00%    passed     96.19%
  85  S1260            0.00%    passed     92.38%
  86  S1266sl         50.97%    passed     69.75%
  87  S1269           16.99%    passed     85.34%
  88  S1278            0.00%    passed     99.35%
  89  S1315            0.00%    passed     97.37%
  90  S1332            0.00%    passed     86.67%
  91  S1366            0.49%    passed     98.77%
  92  S1369            0.00%    passed     96.97%
  93  S1370            0.00%    passed     98.45%
  94  S1375            1.46%    passed     91.02%
  95  S1376            0.00%    passed     99.84%
  96  S1381            0.00%    passed     99.61%
  97  S1405            0.49%    passed     90.33%
  98  S1422            0.49%    passed     95.64%
  99  S1449            0.00%    passed     97.29%
 100  S1451            0.00%    passed     97.62%
 101  S1460            0.00%    passed     96.06%
 102  S1462            0.00%    passed     96.73%
 103  S1475           34.95%    passed     88.31%
 104  S1498            0.00%    passed     97.13%
 105  S1539            0.00%    passed     98.65%
 106  S_670            0.49%    passed     99.44%
 107  SRR11470320     18.93%    passed     93.36%
 108  SRR8528357       0.00%    passed     97.74%
WARNING: 8 sequences contain more than 50% gaps/ambiguity
****  TOTAL            8.24%  0 sequences failed composition chi2 test (p-value<5%; df=3)
NOTE: S1462 is identical to S0765 but kept for subsequent analysis
Checking for duplicate sequences: done in 0.0106552 secs using 1336% CPU

Create initial parsimony tree by phylogenetic likelihood library (PLL)... 0.033 seconds
Generating 1000 samples for ultrafast bootstrap (seed: 369029)...

NOTE: 2 MB RAM (0 GB) is required!
Measuring multi-threading efficiency up to 56 CPU cores
Increase to 10 rounds for branch lengths
570 trees examined
Threads: 1 / Time: 56.072 sec / Speedup: 1.000 / Efficiency: 100% / LogL: -4109
Threads: 2 / Time: 69.566 sec / Speedup: 0.806 / Efficiency: 40% / LogL: -4109
Determining AUTO threadcount: done in 125.639 secs using 101.5% CPU
BEST NUMBER OF THREADS: 1

Estimate model parameters (epsilon = 0.100)
1. Initial log-likelihood: -2742.320
2. Current log-likelihood: -2606.517
3. Current log-likelihood: -2603.252
4. Current log-likelihood: -2602.192
5. Current log-likelihood: -2601.487
6. Current log-likelihood: -2601.001
7. Current log-likelihood: -2600.641
8. Current log-likelihood: -2600.361
9. Current log-likelihood: -2600.125
10. Current log-likelihood: -2599.923
11. Current log-likelihood: -2599.746
12. Current log-likelihood: -2599.587
13. Current log-likelihood: -2599.443
14. Current log-likelihood: -2599.311
15. Current log-likelihood: -2599.191
16. Current log-likelihood: -2599.080
17. Current log-likelihood: -2598.977
Optimal log-likelihood: -2598.827
Rate parameters:  A-C: 1.61532  A-G: 4.05978  A-T: 2.04599  C-G: 2.17630  C-T: 9.37757  G-T: 1.00000
Base frequencies:  A: 0.291  C: 0.191  G: 0.258  T: 0.260
Site proportion and rates:  (0.517,0.110) (0.021,0.251) (0.338,1.324) (0.124,3.944)
Parameters optimization took 17 rounds (2.904 sec)
Wrote distance file to... 
Computing ML distances based on estimated model parameters...
Calculating distance matrix: done in 0.216607 secs using 48.27% CPU
Computing ML distances took 0.216872 sec (of wall-clock time) 0.104834 sec (of CPU time)
Setting up auxiliary I and S matrices: done in 0.000837088 secs using 100.1% CPU
Constructing RapidNJ tree: done in 0.00169611 secs using 99.93% CPU
Computing RapidNJ tree took 0.002643 sec (of wall-clock time) 0.002640 sec (of CPU time)
Log-likelihood of RapidNJ tree: -2591.461
--------------------------------------------------------------------
|             INITIALIZING CANDIDATE TREE SET                      |
--------------------------------------------------------------------
Generating 98 parsimony trees... 1.820 second
Computing log-likelihood of 98 initial trees ... 2.245 seconds
Current best score: -2543.241

Do NNI search on 20 best initial trees
Optimizing NNI: done in 0.560454 secs using 77.24% CPU
Estimate model parameters (epsilon = 0.100)
BETTER TREE FOUND at iteration 1: -2529.572
Optimizing NNI: done in 0.908775 secs using 52.22% CPU
Optimizing NNI: done in 0.857498 secs using 62.68% CPU
Optimizing NNI: done in 1.05485 secs using 63.23% CPU
Optimizing NNI: done in 1.03028 secs using 42.57% CPU
Optimizing NNI: done in 0.731298 secs using 58.6% CPU
Optimizing NNI: done in 0.885455 secs using 65.29% CPU
Optimizing NNI: done in 1.00589 secs using 53.08% CPU
Optimizing NNI: done in 0.416827 secs using 99.93% CPU
Optimizing NNI: done in 0.473482 secs using 99.54% CPU
Iteration 10 / LogL: -2541.905 / Time: 0h:2m:21s
Optimizing NNI: done in 0.484204 secs using 98.95% CPU
Optimizing NNI: done in 0.52222 secs using 98.99% CPU
Optimizing NNI: done in 0.605528 secs using 91.56% CPU
Optimizing NNI: done in 0.507294 secs using 100% CPU
Optimizing NNI: done in 0.432645 secs using 99.17% CPU
Optimizing NNI: done in 0.94589 secs using 59.47% CPU
Optimizing NNI: done in 0.531989 secs using 90.61% CPU
Optimizing NNI: done in 0.523633 secs using 99.38% CPU
Optimizing NNI: done in 0.961399 secs using 65.71% CPU
Optimizing NNI: done in 1.12242 secs using 59.17% CPU
Iteration 20 / LogL: -2548.710 / Time: 0h:2m:27s
Finish initializing candidate tree set (20)
Current best tree score: -2529.572 / CPU time: 18.982
Number of iterations: 20
--------------------------------------------------------------------
|               OPTIMIZING CANDIDATE TREE SET                      |
--------------------------------------------------------------------
Optimizing NNI: done in 0.827788 secs using 59.59% CPU
Optimizing NNI: done in 0.800239 secs using 84.99% CPU
Estimate model parameters (epsilon = 0.100)
BETTER TREE FOUND at iteration 22: -2528.348
Optimizing NNI: done in 0.622571 secs using 99.91% CPU
Optimizing NNI: done in 1.02883 secs using 67.29% CPU
Optimizing NNI: done in 0.521813 secs using 73.34% CPU
Optimizing NNI: done in 0.87732 secs using 68.97% CPU
Optimizing NNI: done in 0.798519 secs using 65.93% CPU
Estimate model parameters (epsilon = 0.100)
BETTER TREE FOUND at iteration 27: -2526.833
Optimizing NNI: done in 0.812839 secs using 63.58% CPU
Optimizing NNI: done in 1.08552 secs using 59.1% CPU
Estimate model parameters (epsilon = 0.100)
BETTER TREE FOUND at iteration 29: -2524.910
Optimizing NNI: done in 1.57723 secs using 52.83% CPU
Iteration 30 / LogL: -2526.444 / Time: 0h:2m:37s (0h:8m:58s left)
Optimizing NNI: done in 1.04062 secs using 44.85% CPU
Optimizing NNI: done in 0.689985 secs using 55.86% CPU
Optimizing NNI: done in 0.747349 secs using 68.42% CPU
BETTER TREE FOUND at iteration 33: -2524.903
Optimizing NNI: done in 1.02602 secs using 53.19% CPU
Optimizing NNI: done in 1.04336 secs using 51.94% CPU
Optimizing NNI: done in 0.882064 secs using 71.85% CPU
Optimizing NNI: done in 1.26856 secs using 48.42% CPU
Estimate model parameters (epsilon = 0.100)
BETTER TREE FOUND at iteration 37: -2523.860
Optimizing NNI: done in 0.965308 secs using 51.1% CPU
Optimizing NNI: done in 0.92582 secs using 57.22% CPU
Optimizing NNI: done in 1.1051 secs using 55.84% CPU
Iteration 40 / LogL: -2525.260 / Time: 0h:2m:48s (0h:6m:57s left)
Optimizing NNI: done in 1.12395 secs using 52.21% CPU
Optimizing NNI: done in 0.506058 secs using 100% CPU
Optimizing NNI: done in 0.727738 secs using 100% CPU
Estimate model parameters (epsilon = 0.100)
BETTER TREE FOUND at iteration 43: -2523.760
Optimizing NNI: done in 1.0736 secs using 50.96% CPU
Optimizing NNI: done in 1.09653 secs using 58.12% CPU
Optimizing NNI: done in 1.17278 secs using 53.68% CPU
Optimizing NNI: done in 0.636899 secs using 66.75% CPU
Optimizing NNI: done in 0.725466 secs using 70.54% CPU
Optimizing NNI: done in 0.843962 secs using 67.64% CPU
Optimizing NNI: done in 0.597481 secs using 85.76% CPU
Iteration 50 / LogL: -2550.090 / Time: 0h:2m:56s (0h:5m:35s left)
Log-likelihood cutoff on original alignment: -2570.109
Optimizing NNI: done in 0.531322 secs using 70.85% CPU
Optimizing NNI: done in 0.860082 secs using 86.85% CPU
Optimizing NNI: done in 0.723431 secs using 76.71% CPU
Optimizing NNI: done in 0.962649 secs using 57.9% CPU
Optimizing NNI: done in 0.931216 secs using 73.98% CPU
Optimizing NNI: done in 0.978362 secs using 71.96% CPU
Optimizing NNI: done in 0.698354 secs using 83.9% CPU
Optimizing NNI: done in 0.824371 secs using 63.14% CPU
Optimizing NNI: done in 1.41656 secs using 55.51% CPU
Optimizing NNI: done in 0.806315 secs using 51.18% CPU
Iteration 60 / LogL: -2527.164 / Time: 0h:3m:6s (0h:4m:22s left)
Optimizing NNI: done in 1.14542 secs using 58.92% CPU
Optimizing NNI: done in 0.860177 secs using 70.74% CPU
Optimizing NNI: done in 0.892369 secs using 78.59% CPU
Estimate model parameters (epsilon = 0.100)
BETTER TREE FOUND at iteration 63: -2522.955
Optimizing NNI: done in 0.828984 secs using 66.77% CPU
Estimate model parameters (epsilon = 0.100)
BETTER TREE FOUND at iteration 64: -2522.309
Optimizing NNI: done in 1.30383 secs using 55.15% CPU
Optimizing NNI: done in 1.2505 secs using 58.19% CPU
BETTER TREE FOUND at iteration 66: -2522.304
Optimizing NNI: done in 0.575488 secs using 95.08% CPU
Optimizing NNI: done in 0.658799 secs using 81.64% CPU
Optimizing NNI: done in 0.714173 secs using 79.75% CPU
Optimizing NNI: done in 0.599571 secs using 93% CPU
Iteration 70 / LogL: -2528.215 / Time: 0h:3m:16s (0h:4m:33s left)
Optimizing NNI: done in 1.07923 secs using 64.34% CPU
Optimizing NNI: done in 1.01543 secs using 69.24% CPU
Optimizing NNI: done in 1.12406 secs using 63.22% CPU
Optimizing NNI: done in 1.21683 secs using 64.7% CPU
Optimizing NNI: done in 0.918183 secs using 82.97% CPU
Optimizing NNI: done in 0.868987 secs using 68.96% CPU
Optimizing NNI: done in 0.479291 secs using 94.92% CPU
Optimizing NNI: done in 0.913127 secs using 61.75% CPU
Optimizing NNI: done in 0.881446 secs using 69.57% CPU
Optimizing NNI: done in 1.01019 secs using 71.93% CPU
Iteration 80 / LogL: -2525.635 / Time: 0h:3m:26s (0h:3m:44s left)
Optimizing NNI: done in 0.553723 secs using 89.8% CPU
Optimizing NNI: done in 0.74507 secs using 77.92% CPU
Optimizing NNI: done in 1.16473 secs using 54.1% CPU
Optimizing NNI: done in 1.06264 secs using 61.93% CPU
Optimizing NNI: done in 0.839665 secs using 69.48% CPU
Optimizing NNI: done in 1.03086 secs using 67.23% CPU
Optimizing NNI: done in 0.77248 secs using 75.15% CPU
Optimizing NNI: done in 0.626233 secs using 100% CPU
Optimizing NNI: done in 0.82023 secs using 64.75% CPU
Optimizing NNI: done in 0.597911 secs using 100% CPU
Iteration 90 / LogL: -2522.309 / Time: 0h:3m:35s (0h:3m:3s left)
Optimizing NNI: done in 0.693191 secs using 100% CPU
Optimizing NNI: done in 0.739105 secs using 87.55% CPU
Optimizing NNI: done in 1.009 secs using 55.09% CPU
Optimizing NNI: done in 1.41728 secs using 36.41% CPU
Optimizing NNI: done in 0.89814 secs using 82.65% CPU
BETTER TREE FOUND at iteration 95: -2522.304
Optimizing NNI: done in 0.785437 secs using 91.87% CPU
Optimizing NNI: done in 0.67922 secs using 100% CPU
Optimizing NNI: done in 0.942214 secs using 58.85% CPU
Optimizing NNI: done in 0.997841 secs using 56.09% CPU
Optimizing NNI: done in 1.02157 secs using 73.55% CPU
Iteration 100 / LogL: -2522.312 / Time: 0h:3m:44s (0h:3m:35s left)
Log-likelihood cutoff on original alignment: -2570.109
NOTE: Bootstrap correlation coefficient of split occurrence frequencies: 0.975
NOTE: UFBoot does not converge, continue at least 100 more iterations
Optimizing NNI: done in 0.777853 secs using 58.32% CPU
Optimizing NNI: done in 0.880145 secs using 73.31% CPU
Optimizing NNI: done in 0.77367 secs using 64.39% CPU
Optimizing NNI: done in 0.849044 secs using 75.11% CPU
Optimizing NNI: done in 1.27536 secs using 56.59% CPU
Optimizing NNI: done in 1.6111 secs using 54.31% CPU
Optimizing NNI: done in 1.09733 secs using 61.08% CPU
Optimizing NNI: done in 1.02588 secs using 73.93% CPU
Optimizing NNI: done in 0.77775 secs using 71.74% CPU
Optimizing NNI: done in 0.939285 secs using 64.64% CPU
Iteration 110 / LogL: -2530.992 / Time: 0h:3m:55s (0h:3m:14s left)
Optimizing NNI: done in 1.06018 secs using 58.52% CPU
Optimizing NNI: done in 0.815551 secs using 64.22% CPU
Optimizing NNI: done in 0.839895 secs using 60.97% CPU
Optimizing NNI: done in 1.00434 secs using 67.79% CPU
Optimizing NNI: done in 0.702124 secs using 74.3% CPU
Optimizing NNI: done in 0.863191 secs using 70.15% CPU
Optimizing NNI: done in 1.0883 secs using 67.55% CPU
Optimizing NNI: done in 1.16395 secs using 59.61% CPU
Optimizing NNI: done in 0.820453 secs using 69.94% CPU
Optimizing NNI: done in 0.872284 secs using 63.88% CPU
Iteration 120 / LogL: -2525.788 / Time: 0h:4m:5s (0h:2m:45s left)
Optimizing NNI: done in 1.35891 secs using 62.18% CPU
Optimizing NNI: done in 1.25426 secs using 44.95% CPU
Optimizing NNI: done in 1.16276 secs using 50.12% CPU
Optimizing NNI: done in 1.18863 secs using 53.59% CPU
Optimizing NNI: done in 1.15273 secs using 62.18% CPU
Optimizing NNI: done in 0.845818 secs using 67.37% CPU
Optimizing NNI: done in 1.01831 secs using 64.25% CPU
Optimizing NNI: done in 1.22687 secs using 64.53% CPU
Optimizing NNI: done in 0.979861 secs using 65.71% CPU
Optimizing NNI: done in 0.850756 secs using 70.85% CPU
Iteration 130 / LogL: -2522.304 / Time: 0h:4m:17s (0h:2m:19s left)
Optimizing NNI: done in 1.43151 secs using 46.63% CPU
Optimizing NNI: done in 0.925601 secs using 49.86% CPU
Optimizing NNI: done in 0.70429 secs using 71.6% CPU
Optimizing NNI: done in 1.00475 secs using 68.14% CPU
Optimizing NNI: done in 0.814421 secs using 62.65% CPU
Optimizing NNI: done in 1.0864 secs using 61.69% CPU
Optimizing NNI: done in 0.827734 secs using 66.64% CPU
Optimizing NNI: done in 0.877212 secs using 95.98% CPU
Optimizing NNI: done in 0.472179 secs using 97.2% CPU
Optimizing NNI: done in 0.665253 secs using 99.98% CPU
Iteration 140 / LogL: -2526.513 / Time: 0h:4m:27s (0h:1m:55s left)
Optimizing NNI: done in 0.700315 secs using 97.07% CPU
Optimizing NNI: done in 0.910576 secs using 72.6% CPU
Optimizing NNI: done in 1.02242 secs using 69.62% CPU
Optimizing NNI: done in 1.00847 secs using 69.41% CPU
Optimizing NNI: done in 0.879549 secs using 95.76% CPU
Optimizing NNI: done in 1.06201 secs using 58.6% CPU
Optimizing NNI: done in 0.902774 secs using 56.85% CPU
Optimizing NNI: done in 0.67703 secs using 75.05% CPU
Optimizing NNI: done in 0.868705 secs using 97.35% CPU
Optimizing NNI: done in 0.690927 secs using 86.52% CPU
Iteration 150 / LogL: -2523.206 / Time: 0h:4m:36s (0h:1m:32s left)
Log-likelihood cutoff on original alignment: -2570.109
Optimizing NNI: done in 1.27121 secs using 56.97% CPU
Optimizing NNI: done in 0.748163 secs using 90.78% CPU
Optimizing NNI: done in 1.11243 secs using 53.25% CPU
Optimizing NNI: done in 0.866642 secs using 88.9% CPU
Optimizing NNI: done in 1.24231 secs using 61.67% CPU
Optimizing NNI: done in 0.971036 secs using 71.15% CPU
Optimizing NNI: done in 1.19904 secs using 56.57% CPU
Optimizing NNI: done in 1.03101 secs using 77.87% CPU
Optimizing NNI: done in 1.35382 secs using 48.51% CPU
Optimizing NNI: done in 1.36887 secs using 50.35% CPU
Iteration 160 / LogL: -2522.307 / Time: 0h:4m:48s (0h:1m:12s left)
Optimizing NNI: done in 0.773094 secs using 84.52% CPU
Optimizing NNI: done in 0.735278 secs using 80.55% CPU
Optimizing NNI: done in 0.657259 secs using 99.99% CPU
Optimizing NNI: done in 0.593934 secs using 100% CPU
Optimizing NNI: done in 1.47286 secs using 52.47% CPU
Optimizing NNI: done in 0.785114 secs using 91.85% CPU
Optimizing NNI: done in 0.618154 secs using 92.23% CPU
Optimizing NNI: done in 1.22815 secs using 62.12% CPU
Optimizing NNI: done in 1.16463 secs using 48.95% CPU
Optimizing NNI: done in 0.891602 secs using 61.42% CPU
Iteration 170 / LogL: -2522.304 / Time: 0h:4m:58s (0h:0m:52s left)
Optimizing NNI: done in 0.971631 secs using 74.47% CPU
Optimizing NNI: done in 0.710696 secs using 70.73% CPU
Optimizing NNI: done in 0.992488 secs using 59.93% CPU
Optimizing NNI: done in 0.808702 secs using 92.07% CPU
Optimizing NNI: done in 0.878919 secs using 96.36% CPU
Optimizing NNI: done in 0.560058 secs using 100% CPU
Optimizing NNI: done in 0.932776 secs using 66.7% CPU
Optimizing NNI: done in 0.486567 secs using 100% CPU
Optimizing NNI: done in 0.444988 secs using 100% CPU
Optimizing NNI: done in 0.539156 secs using 100% CPU
Iteration 180 / LogL: -2525.329 / Time: 0h:5m:6s (0h:0m:34s left)
Optimizing NNI: done in 0.595519 secs using 100% CPU
Optimizing NNI: done in 0.646205 secs using 69.63% CPU
Optimizing NNI: done in 0.862633 secs using 57.33% CPU
Optimizing NNI: done in 0.810958 secs using 96.91% CPU
Optimizing NNI: done in 0.685742 secs using 79.22% CPU
Optimizing NNI: done in 0.920721 secs using 72.11% CPU
Optimizing NNI: done in 0.949647 secs using 80.51% CPU
Optimizing NNI: done in 0.892744 secs using 77.47% CPU
Optimizing NNI: done in 0.976481 secs using 70.02% CPU
Optimizing NNI: done in 1.16781 secs using 60.11% CPU
Iteration 190 / LogL: -2522.304 / Time: 0h:5m:15s (0h:0m:16s left)
Optimizing NNI: done in 0.925094 secs using 81.36% CPU
Optimizing NNI: done in 0.784459 secs using 87.6% CPU
Optimizing NNI: done in 0.911687 secs using 72.69% CPU
Optimizing NNI: done in 1.24003 secs using 62.66% CPU
Optimizing NNI: done in 0.940073 secs using 77.06% CPU
Optimizing NNI: done in 0.837806 secs using 88.43% CPU
Optimizing NNI: done in 0.59336 secs using 89.65% CPU
Optimizing NNI: done in 0.8659 secs using 75.22% CPU
Optimizing NNI: done in 1.17297 secs using 73.16% CPU
Optimizing NNI: done in 0.588969 secs using 87.79% CPU
Iteration 200 / LogL: -2526.031 / Time: 0h:5m:25s (0h:0m:0s left)
Log-likelihood cutoff on original alignment: -2570.109
NOTE: Bootstrap correlation coefficient of split occurrence frequencies: 0.996
TREE SEARCH COMPLETED AFTER 200 ITERATIONS / Time: 0h:5m:26s

--------------------------------------------------------------------
|                    FINALIZING TREE SEARCH                        |
--------------------------------------------------------------------
Performs final model parameters optimization
Estimate model parameters (epsilon = 0.010)
1. Initial log-likelihood: -2522.304
2. Current log-likelihood: -2522.261
3. Current log-likelihood: -2522.213
4. Current log-likelihood: -2522.168
5. Current log-likelihood: -2522.124
6. Current log-likelihood: -2522.082
7. Current log-likelihood: -2522.043
8. Current log-likelihood: -2522.005
9. Current log-likelihood: -2521.969
10. Current log-likelihood: -2521.934
11. Current log-likelihood: -2521.902
12. Current log-likelihood: -2521.870
13. Current log-likelihood: -2521.840
14. Current log-likelihood: -2521.811
15. Current log-likelihood: -2521.783
16. Current log-likelihood: -2521.757
17. Current log-likelihood: -2521.731
18. Current log-likelihood: -2521.707
19. Current log-likelihood: -2521.690
20. Current log-likelihood: -2521.667
21. Current log-likelihood: -2521.651
22. Current log-likelihood: -2521.629
23. Current log-likelihood: -2521.614
24. Current log-likelihood: -2521.600
25. Current log-likelihood: -2521.586
26. Current log-likelihood: -2521.572
27. Current log-likelihood: -2521.559
28. Current log-likelihood: -2521.546
29. Current log-likelihood: -2521.533
30. Current log-likelihood: -2521.521
31. Current log-likelihood: -2521.509
32. Current log-likelihood: -2521.497
33. Current log-likelihood: -2521.486
34. Current log-likelihood: -2521.475
35. Current log-likelihood: -2521.464
36. Current log-likelihood: -2521.453
37. Current log-likelihood: -2521.443
38. Current log-likelihood: -2521.432
39. Current log-likelihood: -2521.422
Optimal log-likelihood: -2521.406
Rate parameters:  A-C: 1.40265  A-G: 3.64954  A-T: 1.74926  C-G: 1.86819  C-T: 8.45888  G-T: 1.00000
Base frequencies:  A: 0.291  C: 0.191  G: 0.258  T: 0.260
Site proportion and rates:  (0.484,0.063) (0.001,0.144) (0.387,1.196) (0.128,3.960)
Parameters optimization took 39 rounds (6.031 sec)
BEST SCORE FOUND : -2521.406
Creating bootstrap support values...
Split supports printed to NEXUS file 5733_iqtree_final_superstrict_excluding_hybrids.splits.nex
Total tree length: 2.395

Total number of iterations: 200
CPU time used for tree search: 135.213 sec (0h:2m:15s)
Wall-clock time used for tree search: 197.015 sec (0h:3m:17s)
Total CPU time used: 270.840 sec (0h:4m:30s)
Total wall-clock time used: 332.987 sec (0h:5m:32s)

Computing bootstrap consensus tree...
Reading input file 5733_iqtree_final_superstrict_excluding_hybrids.splits.nex...
108 taxa and 2142 splits.
Consensus tree written to 5733_iqtree_final_superstrict_excluding_hybrids.contree
Reading input trees file 5733_iqtree_final_superstrict_excluding_hybrids.contree
Log-likelihood of consensus tree: -2521.404

Analysis results written to: 
  IQ-TREE report:                5733_iqtree_final_superstrict_excluding_hybrids.iqtree
  Maximum-likelihood tree:       5733_iqtree_final_superstrict_excluding_hybrids.treefile
  Likelihood distances:          5733_iqtree_final_superstrict_excluding_hybrids.mldist

Ultrafast bootstrap approximation results written to:
  Split support values:          5733_iqtree_final_superstrict_excluding_hybrids.splits.nex
  Consensus tree:                5733_iqtree_final_superstrict_excluding_hybrids.contree
  Screen log file:               5733_iqtree_final_superstrict_excluding_hybrids.log

ALISIM COMMAND
--------------
--alisim simulated_MSA -t 5733_iqtree_final_superstrict_excluding_hybrids.treefile -m "GTR{1.40265,3.64954,1.74926,1.86819,8.45888}+F{0.291228,0.191333,0.257545,0.259894}+R4{0.484143,0.0626241,0.000599851,0.14351,0.387428,1.1961,0.127829,3.95991}" --length 206

Date and Time: Fri Jun  2 09:46:32 2023
