IQ-TREE multicore version 2.2.2 COVID-edition for Linux 64-bit built Sep 20 2022
Developed by Bui Quang Minh, James Barbetti, Nguyen Lam Tung,
Olga Chernomor, Heiko Schmidt, Dominik Schrempf, Michael Woodhams, Ly Trong Nhan.

Host:    netdc-bms-c11f (AVX2, FMA3, 377 GB RAM)
Command: /home/kasper.hendriks/iqtree-2.2.2-Linux/bin/iqtree2 -s 5933_taper_final_superstrict_excluding_hybrids.fasta -B 1000 -nm 1000 -m GTR+F+R -nt AUTO --prefix 5933_iqtree_final_superstrict_excluding_hybrids
Seed:    729700 (Using SPRNG - Scalable Parallel Random Number Generator)
Time:    Fri Jun  2 09:42:42 2023
Kernel:  AVX+FMA - auto-detect threads (56 CPU cores detected)

Reading alignment file 5933_taper_final_superstrict_excluding_hybrids.fasta ... Fasta format detected
Reading fasta file: done in 0.00119877 secs using 99.94% CPU
Alignment most likely contains DNA/RNA sequences
Constructing alignment: done in 0.00289392 secs using 1384% CPU
Alignment has 118 sequences with 398 columns, 282 distinct patterns
180 parsimony-informative, 45 singleton sites, 173 constant sites
               Gap/Ambiguity  Composition  p-value
Analyzing sequences: done in 0.0127969 secs using 1355% CPU
   1  CRNC             0.00%    passed     33.33%
   2  HYZL             0.00%    passed     26.42%
   3  MYZV             0.00%    passed     20.74%
   4  SRR6441723       0.00%    passed     96.95%
   5  ERR4210213      46.48%    passed     37.61%
   6  ERR2789774       0.00%    passed     93.81%
   7  PAFTOL_019361    3.27%    passed     50.29%
   8  S0055            0.00%    passed     78.73%
   9  S0196sl         45.48%    passed     56.09%
  10  S0278            0.25%    passed     18.08%
  11  S0281            1.01%    passed     95.72%
  12  S0282            0.00%    passed     95.09%
  13  S0289            0.50%    passed     60.13%
  14  S0292            0.00%    passed     80.59%
  15  S0293            0.00%    passed     92.31%
  16  S0294            0.25%    passed     92.08%
  17  S0299           27.89%    passed     35.75%
  18  S0303            0.00%    passed     82.47%
  19  S0308            0.75%    passed     86.74%
  20  S0320           20.10%    passed     67.56%
  21  S0322            0.00%    passed     81.38%
  22  S0327           19.60%    passed     75.41%
  23  S0335            0.00%    passed     90.31%
  24  S0345            3.27%    passed     88.22%
  25  S0376            2.51%    passed     82.73%
  26  S0400            0.00%    passed     94.18%
  27  S0405            0.00%    passed     89.19%
  28  S0407sl         55.78%    passed     10.85%
  29  S0412sl         18.84%    passed     92.88%
  30  S0417            9.05%    passed     16.55%
  31  S0427            0.00%    passed     98.41%
  32  S0428sl         58.79%    failed      2.85%
  33  S0430            0.25%    passed     72.33%
  34  S0478           38.19%    failed      0.80%
  35  S0552sl          0.00%    passed     87.49%
  36  S0558            0.00%    passed     56.59%
  37  S0616            0.00%    passed     47.10%
  38  S0620            0.00%    passed     80.91%
  39  S0624            0.50%    passed     26.06%
  40  S0641            0.00%    passed     94.73%
  41  S0643            0.25%    passed     95.60%
  42  S0645sl          0.00%    passed     35.36%
  43  S0673            0.00%    passed     24.63%
  44  S0690            0.00%    passed     95.09%
  45  S0720            0.00%    passed     95.79%
  46  S0724sl          1.26%    passed     87.39%
  47  S0735            0.00%    passed     82.93%
  48  S0742            0.00%    passed     56.55%
  49  S0748            0.00%    passed     80.91%
  50  S0756            0.00%    passed     91.18%
  51  S0758            0.50%    passed     78.85%
  52  S0760            0.00%    passed     98.22%
  53  S0763            0.00%    passed     88.06%
  54  S0765            0.00%    passed     99.97%
  55  S0770            0.00%    passed     97.12%
  56  S0771            0.00%    passed     96.21%
  57  S0795            0.00%    passed     91.69%
  58  S0827           56.03%    passed     32.62%
  59  S0888            0.50%    passed     86.80%
  60  S0894            0.00%    passed     20.34%
  61  S0899            2.76%    passed     53.02%
  62  S0906            0.00%    passed     82.18%
  63  S0951            1.51%    passed     54.39%
  64  S0952            1.01%    passed     74.67%
  65  S0956            0.25%    passed     88.56%
  66  S0959            0.00%    passed     81.87%
  67  S0960            0.50%    passed     77.18%
  68  S0964            0.00%    passed     72.53%
  69  S1052sl         50.50%    passed     71.05%
  70  S1083            0.00%    passed     93.35%
  71  S1100            0.00%    passed     65.00%
  72  S1102            0.00%    passed     80.94%
  73  S1110            0.25%    passed     83.83%
  74  S1120            7.79%    passed     87.49%
  75  S1128            0.00%    passed     94.75%
  76  S1129sl          1.26%    passed     99.10%
  77  S1148            1.26%    passed     72.70%
  78  S1177            0.25%    passed     98.59%
  79  S1180            0.00%    passed     83.63%
  80  S1189            0.00%    passed     95.61%
  81  S1201sl          0.00%    passed     98.22%
  82  S1210            0.00%    passed     91.42%
  83  S1211            0.00%    passed     56.89%
  84  S1214sl          0.00%    passed     33.81%
  85  S1223            0.50%    passed     84.93%
  86  S1227            0.00%    passed     98.34%
  87  S1235sl          0.00%    passed     62.05%
  88  S1238sl          0.25%    passed     91.86%
  89  S1239            0.00%    passed     55.99%
  90  S1245            0.00%    passed      8.59%
  91  S1246           55.78%    passed      9.06%
  92  S1249            0.00%    passed     75.19%
  93  S1250sl          4.77%    passed     58.32%
  94  S1251            1.51%    passed      5.96%
  95  S1260            3.27%    passed     58.26%
  96  S1266sl          1.76%    passed     91.16%
  97  S1269            2.51%    passed     94.91%
  98  S1278            0.00%    passed     85.24%
  99  S1315            0.50%    passed     68.10%
 100  S1332            0.00%    passed     86.94%
 101  S1366            0.00%    passed     41.24%
 102  S1369            0.00%    passed     95.35%
 103  S1370            0.00%    passed     98.34%
 104  S1375            0.00%    passed     75.11%
 105  S1376            0.00%    passed     75.36%
 106  S1381            0.00%    passed     81.57%
 107  S1405           35.43%    passed     17.18%
 108  S1422            0.00%    passed     46.22%
 109  S1449            0.25%    passed     73.02%
 110  S1451            0.00%    passed     91.07%
 111  S1460            0.00%    passed     88.69%
 112  S1462            0.00%    passed     99.38%
 113  S1475            7.29%    passed     70.16%
 114  S1498            0.00%    passed     85.49%
 115  S1539            0.00%    passed     20.80%
 116  S_670            1.01%    passed     93.04%
 117  SRR11470320      0.00%    passed     75.66%
 118  SRR8528357       0.00%    passed     84.49%
WARNING: 5 sequences contain more than 50% gaps/ambiguity
****  TOTAL            5.03%  2 sequences failed composition chi2 test (p-value<5%; df=3)
NOTE: S0748 is identical to S0620 but kept for subsequent analysis
Checking for duplicate sequences: done in 0.00872922 secs using 1429% CPU

Create initial parsimony tree by phylogenetic likelihood library (PLL)... 0.036 seconds
Generating 1000 samples for ultrafast bootstrap (seed: 729700)...

NOTE: 5 MB RAM (0 GB) is required!
Measuring multi-threading efficiency up to 56 CPU cores
Increase to 10 rounds for branch lengths
417 trees examined
Threads: 1 / Time: 56.056 sec / Speedup: 1.000 / Efficiency: 100% / LogL: -11309
Threads: 2 / Time: 55.696 sec / Speedup: 1.006 / Efficiency: 50% / LogL: -11309
Threads: 3 / Time: 72.774 sec / Speedup: 0.770 / Efficiency: 26% / LogL: -11309
Determining AUTO threadcount: done in 184.527 secs using 168.6% CPU
BEST NUMBER OF THREADS: 1

Estimate model parameters (epsilon = 0.100)
1. Initial log-likelihood: -6989.151
2. Current log-likelihood: -6695.814
3. Current log-likelihood: -6686.748
4. Current log-likelihood: -6681.907
5. Current log-likelihood: -6679.141
6. Current log-likelihood: -6677.546
7. Current log-likelihood: -6676.053
8. Current log-likelihood: -6674.702
9. Current log-likelihood: -6673.613
10. Current log-likelihood: -6672.642
11. Current log-likelihood: -6671.728
12. Current log-likelihood: -6670.865
13. Current log-likelihood: -6670.070
14. Current log-likelihood: -6669.339
15. Current log-likelihood: -6668.675
16. Current log-likelihood: -6668.066
17. Current log-likelihood: -6667.516
18. Current log-likelihood: -6667.005
19. Current log-likelihood: -6666.547
20. Current log-likelihood: -6666.125
21. Current log-likelihood: -6665.740
22. Current log-likelihood: -6665.383
23. Current log-likelihood: -6665.146
24. Current log-likelihood: -6664.826
25. Current log-likelihood: -6664.623
26. Current log-likelihood: -6664.343
27. Current log-likelihood: -6664.168
28. Current log-likelihood: -6663.996
29. Current log-likelihood: -6663.833
30. Current log-likelihood: -6663.678
31. Current log-likelihood: -6663.530
32. Current log-likelihood: -6663.391
33. Current log-likelihood: -6663.259
34. Current log-likelihood: -6663.133
35. Current log-likelihood: -6663.012
36. Current log-likelihood: -6662.897
37. Current log-likelihood: -6662.789
Optimal log-likelihood: -6662.644
Rate parameters:  A-C: 1.36842  A-G: 2.45615  A-T: 1.45137  C-G: 1.69509  C-T: 7.29946  G-T: 1.00000
Base frequencies:  A: 0.325  C: 0.189  G: 0.269  T: 0.217
Site proportion and rates:  (0.504,0.070) (0.199,0.739) (0.238,2.140) (0.060,5.161)
Parameters optimization took 37 rounds (8.204 sec)
Wrote distance file to... 
Computing ML distances based on estimated model parameters...
Calculating distance matrix: done in 0.153012 secs using 99.92% CPU
Computing ML distances took 0.153444 sec (of wall-clock time) 0.153317 sec (of CPU time)
Setting up auxiliary I and S matrices: done in 0.000961065 secs using 99.89% CPU
Constructing RapidNJ tree: done in 0.00184989 secs using 316.2% CPU
Computing RapidNJ tree took 0.002924 sec (of wall-clock time) 0.006923 sec (of CPU time)
Log-likelihood of RapidNJ tree: -6691.416
--------------------------------------------------------------------
|             INITIALIZING CANDIDATE TREE SET                      |
--------------------------------------------------------------------
Generating 98 parsimony trees... 2.134 second
Computing log-likelihood of 98 initial trees ... 2.401 seconds
Current best score: -6639.453

Do NNI search on 20 best initial trees
Optimizing NNI: done in 1.01481 secs using 66.52% CPU
Estimate model parameters (epsilon = 0.100)
BETTER TREE FOUND at iteration 1: -6632.532
Optimizing NNI: done in 0.748295 secs using 77.37% CPU
Estimate model parameters (epsilon = 0.100)
BETTER TREE FOUND at iteration 2: -6629.506
Optimizing NNI: done in 0.598029 secs using 94.82% CPU
Estimate model parameters (epsilon = 0.100)
BETTER TREE FOUND at iteration 3: -6626.831
Optimizing NNI: done in 0.868434 secs using 69.49% CPU
Optimizing NNI: done in 0.705193 secs using 92.16% CPU
Optimizing NNI: done in 0.620344 secs using 100% CPU
Optimizing NNI: done in 0.574725 secs using 99.87% CPU
Optimizing NNI: done in 0.637448 secs using 100% CPU
Optimizing NNI: done in 0.619113 secs using 98.25% CPU
Optimizing NNI: done in 0.469765 secs using 100% CPU
Iteration 10 / LogL: -6630.978 / Time: 0h:3m:26s
Optimizing NNI: done in 0.589906 secs using 100% CPU
Optimizing NNI: done in 0.903888 secs using 68.69% CPU
Optimizing NNI: done in 0.653816 secs using 92.83% CPU
Optimizing NNI: done in 0.51779 secs using 100% CPU
Optimizing NNI: done in 0.806599 secs using 99.96% CPU
Optimizing NNI: done in 0.576371 secs using 99.95% CPU
Optimizing NNI: done in 0.84167 secs using 78.88% CPU
Optimizing NNI: done in 0.760615 secs using 99.96% CPU
Optimizing NNI: done in 0.662283 secs using 97.43% CPU
Optimizing NNI: done in 0.604733 secs using 99.94% CPU
Iteration 20 / LogL: -6637.423 / Time: 0h:3m:33s
Finish initializing candidate tree set (20)
Current best tree score: -6626.831 / CPU time: 20.702
Number of iterations: 20
--------------------------------------------------------------------
|               OPTIMIZING CANDIDATE TREE SET                      |
--------------------------------------------------------------------
Optimizing NNI: done in 0.498849 secs using 99.98% CPU
Optimizing NNI: done in 0.524605 secs using 99.93% CPU
Optimizing NNI: done in 0.583986 secs using 99.99% CPU
Optimizing NNI: done in 0.576145 secs using 99.92% CPU
Optimizing NNI: done in 0.55644 secs using 100% CPU
Estimate model parameters (epsilon = 0.100)
BETTER TREE FOUND at iteration 25: -6625.144
Optimizing NNI: done in 0.694896 secs using 99.93% CPU
Optimizing NNI: done in 0.415698 secs using 99.9% CPU
Optimizing NNI: done in 0.638753 secs using 99.99% CPU
Optimizing NNI: done in 0.5273 secs using 99.87% CPU
Optimizing NNI: done in 0.58511 secs using 100% CPU
Iteration 30 / LogL: -6625.342 / Time: 0h:3m:39s (0h:11m:59s left)
Optimizing NNI: done in 0.633919 secs using 99.44% CPU
Optimizing NNI: done in 0.551231 secs using 99.49% CPU
Optimizing NNI: done in 0.500614 secs using 99.99% CPU
Optimizing NNI: done in 0.511746 secs using 99.94% CPU
Optimizing NNI: done in 0.646759 secs using 99.99% CPU
Estimate model parameters (epsilon = 0.100)
BETTER TREE FOUND at iteration 35: -6622.367
Optimizing NNI: done in 0.72797 secs using 79.43% CPU
Estimate model parameters (epsilon = 0.100)
BETTER TREE FOUND at iteration 36: -6619.880
Optimizing NNI: done in 0.65372 secs using 100% CPU
Optimizing NNI: done in 0.611415 secs using 99.98% CPU
Optimizing NNI: done in 0.431605 secs using 99.98% CPU
Optimizing NNI: done in 0.499604 secs using 100% CPU
Iteration 40 / LogL: -6624.769 / Time: 0h:3m:46s (0h:9m:16s left)
Optimizing NNI: done in 0.466252 secs using 99.99% CPU
Optimizing NNI: done in 0.590613 secs using 100% CPU
Optimizing NNI: done in 0.670377 secs using 99.62% CPU
Optimizing NNI: done in 0.641297 secs using 100% CPU
Optimizing NNI: done in 0.547528 secs using 100% CPU
Estimate model parameters (epsilon = 0.100)
BETTER TREE FOUND at iteration 45: -6619.599
Optimizing NNI: done in 0.474508 secs using 99.97% CPU
Optimizing NNI: done in 0.497336 secs using 99.73% CPU
Optimizing NNI: done in 0.773378 secs using 99.99% CPU
Optimizing NNI: done in 0.686007 secs using 99.42% CPU
Optimizing NNI: done in 0.759161 secs using 100% CPU
Iteration 50 / LogL: -6641.161 / Time: 0h:3m:52s (0h:7m:31s left)
Log-likelihood cutoff on original alignment: -6659.140
Optimizing NNI: done in 0.746122 secs using 96.67% CPU
Optimizing NNI: done in 0.591344 secs using 97.29% CPU
Optimizing NNI: done in 0.691222 secs using 98.21% CPU
Optimizing NNI: done in 0.67899 secs using 99.99% CPU
Optimizing NNI: done in 1.08892 secs using 66.01% CPU
Optimizing NNI: done in 0.918136 secs using 92.64% CPU
Estimate model parameters (epsilon = 0.100)
BETTER TREE FOUND at iteration 56: -6619.470
Optimizing NNI: done in 0.76324 secs using 94.23% CPU
Optimizing NNI: done in 0.5953 secs using 99.99% CPU
Optimizing NNI: done in 0.598514 secs using 89.3% CPU
Optimizing NNI: done in 0.941848 secs using 67.8% CPU
Iteration 60 / LogL: -6621.403 / Time: 0h:4m:1s (0h:6m:32s left)
Optimizing NNI: done in 1.22307 secs using 54.93% CPU
Estimate model parameters (epsilon = 0.100)
BETTER TREE FOUND at iteration 61: -6618.056
Optimizing NNI: done in 1.54268 secs using 58.05% CPU
Optimizing NNI: done in 0.766038 secs using 94.67% CPU
Optimizing NNI: done in 0.913172 secs using 68.11% CPU
Optimizing NNI: done in 0.922056 secs using 72.24% CPU
Optimizing NNI: done in 1.40194 secs using 62.59% CPU
Optimizing NNI: done in 1.23593 secs using 69.52% CPU
Optimizing NNI: done in 0.95805 secs using 79.49% CPU
Optimizing NNI: done in 0.596386 secs using 97.32% CPU
Optimizing NNI: done in 0.721822 secs using 100% CPU
Iteration 70 / LogL: -6619.787 / Time: 0h:4m:12s (0h:5m:32s left)
Optimizing NNI: done in 0.465416 secs using 99.99% CPU
Optimizing NNI: done in 0.601616 secs using 93.64% CPU
Optimizing NNI: done in 1.03 secs using 73.4% CPU
Optimizing NNI: done in 0.950794 secs using 96.62% CPU
Optimizing NNI: done in 0.709896 secs using 100% CPU
Optimizing NNI: done in 0.603969 secs using 99.98% CPU
Optimizing NNI: done in 0.925989 secs using 80.89% CPU
Optimizing NNI: done in 0.879623 secs using 66.22% CPU
Optimizing NNI: done in 0.877435 secs using 71.96% CPU
Optimizing NNI: done in 0.959829 secs using 60.88% CPU
Iteration 80 / LogL: -6626.824 / Time: 0h:4m:20s (0h:4m:27s left)
Optimizing NNI: done in 0.843307 secs using 66.87% CPU
Optimizing NNI: done in 0.733388 secs using 68.11% CPU
Optimizing NNI: done in 0.766754 secs using 65.5% CPU
Optimizing NNI: done in 0.853844 secs using 74.95% CPU
Optimizing NNI: done in 0.849756 secs using 72.17% CPU
Optimizing NNI: done in 1.10998 secs using 69.34% CPU
Optimizing NNI: done in 1.20316 secs using 71.26% CPU
Optimizing NNI: done in 0.724027 secs using 88.99% CPU
Optimizing NNI: done in 0.594382 secs using 100% CPU
Optimizing NNI: done in 0.528401 secs using 99.86% CPU
Iteration 90 / LogL: -6627.658 / Time: 0h:4m:29s (0h:3m:34s left)
Optimizing NNI: done in 0.613749 secs using 100% CPU
Optimizing NNI: done in 0.695029 secs using 90.78% CPU
Estimate model parameters (epsilon = 0.100)
BETTER TREE FOUND at iteration 92: -6617.654
Optimizing NNI: done in 0.904852 secs using 73.82% CPU
Optimizing NNI: done in 0.788864 secs using 87.39% CPU
Optimizing NNI: done in 0.699823 secs using 99.43% CPU
Optimizing NNI: done in 0.783893 secs using 100% CPU
Optimizing NNI: done in 1.10099 secs using 68.78% CPU
Estimate model parameters (epsilon = 0.100)
BETTER TREE FOUND at iteration 97: -6617.487
Optimizing NNI: done in 0.720647 secs using 91.68% CPU
Optimizing NNI: done in 0.666409 secs using 84.07% CPU
Optimizing NNI: done in 0.680947 secs using 88.3% CPU
Iteration 100 / LogL: -6629.546 / Time: 0h:4m:37s (0h:4m:31s left)
Log-likelihood cutoff on original alignment: -6659.140
NOTE: Bootstrap correlation coefficient of split occurrence frequencies: 0.993
Optimizing NNI: done in 0.727627 secs using 99.99% CPU
Optimizing NNI: done in 0.667173 secs using 100% CPU
Optimizing NNI: done in 0.74463 secs using 81.69% CPU
Optimizing NNI: done in 0.801605 secs using 89.52% CPU
Estimate model parameters (epsilon = 0.100)
BETTER TREE FOUND at iteration 104: -6617.091
Optimizing NNI: done in 0.743697 secs using 99.99% CPU
Optimizing NNI: done in 0.682862 secs using 94.29% CPU
Optimizing NNI: done in 0.802658 secs using 82.29% CPU
Optimizing NNI: done in 0.732915 secs using 93.05% CPU
Optimizing NNI: done in 0.758962 secs using 92.08% CPU
Optimizing NNI: done in 0.975504 secs using 81.99% CPU
Iteration 110 / LogL: -6623.917 / Time: 0h:4m:46s (0h:4m:6s left)
Optimizing NNI: done in 0.657362 secs using 100% CPU
Optimizing NNI: done in 0.573041 secs using 98.84% CPU
Optimizing NNI: done in 0.778171 secs using 99.97% CPU
Optimizing NNI: done in 0.831571 secs using 100% CPU
Optimizing NNI: done in 0.7616 secs using 95.69% CPU
Optimizing NNI: done in 0.721886 secs using 100% CPU
Optimizing NNI: done in 1.08567 secs using 83.79% CPU
Optimizing NNI: done in 0.554476 secs using 94.76% CPU
Optimizing NNI: done in 0.567885 secs using 99.99% CPU
Optimizing NNI: done in 0.813441 secs using 82.88% CPU
Iteration 120 / LogL: -6622.958 / Time: 0h:4m:54s (0h:3m:27s left)
Optimizing NNI: done in 0.460838 secs using 79.32% CPU
Optimizing NNI: done in 0.725539 secs using 97.79% CPU
Optimizing NNI: done in 0.71665 secs using 100% CPU
Optimizing NNI: done in 0.915538 secs using 74.12% CPU
Optimizing NNI: done in 1.35917 secs using 59.37% CPU
Optimizing NNI: done in 0.787824 secs using 99.49% CPU
Estimate model parameters (epsilon = 0.100)
BETTER TREE FOUND at iteration 126: -6616.552
Optimizing NNI: done in 0.801332 secs using 99.96% CPU
Optimizing NNI: done in 0.816792 secs using 93.12% CPU
BETTER TREE FOUND at iteration 128: -6616.547
Optimizing NNI: done in 0.713329 secs using 100% CPU
Optimizing NNI: done in 0.668317 secs using 100% CPU
Iteration 130 / LogL: -6617.922 / Time: 0h:5m:2s (0h:3m:49s left)
Optimizing NNI: done in 0.497042 secs using 99.85% CPU
Optimizing NNI: done in 0.875206 secs using 100% CPU
Optimizing NNI: done in 0.70375 secs using 99.47% CPU
Optimizing NNI: done in 0.781377 secs using 99.48% CPU
Optimizing NNI: done in 0.727195 secs using 100% CPU
Optimizing NNI: done in 0.73855 secs using 100% CPU
Optimizing NNI: done in 0.808463 secs using 100% CPU
Optimizing NNI: done in 0.643691 secs using 100% CPU
Optimizing NNI: done in 0.642449 secs using 100% CPU
Optimizing NNI: done in 0.699189 secs using 99.89% CPU
Iteration 140 / LogL: -6616.655 / Time: 0h:5m:10s (0h:3m:16s left)
Optimizing NNI: done in 0.921983 secs using 100% CPU
Optimizing NNI: done in 0.57878 secs using 99.99% CPU
Optimizing NNI: done in 0.779864 secs using 100% CPU
Optimizing NNI: done in 0.512337 secs using 99.99% CPU
Optimizing NNI: done in 0.521656 secs using 99.22% CPU
Optimizing NNI: done in 0.635138 secs using 100% CPU
Optimizing NNI: done in 0.808746 secs using 82.98% CPU
Optimizing NNI: done in 0.986648 secs using 78.37% CPU
Optimizing NNI: done in 0.916947 secs using 99.94% CPU
Optimizing NNI: done in 0.707902 secs using 99.39% CPU
Iteration 150 / LogL: -6622.605 / Time: 0h:5m:17s (0h:2m:46s left)
Log-likelihood cutoff on original alignment: -6659.140
Optimizing NNI: done in 0.588926 secs using 92.22% CPU
Optimizing NNI: done in 1.04353 secs using 76.23% CPU
Optimizing NNI: done in 0.774615 secs using 89.67% CPU
Optimizing NNI: done in 0.515884 secs using 99.26% CPU
Optimizing NNI: done in 1.08537 secs using 73.49% CPU
Optimizing NNI: done in 1.08337 secs using 74.33% CPU
Optimizing NNI: done in 0.637723 secs using 100% CPU
Optimizing NNI: done in 0.677492 secs using 89.37% CPU
Optimizing NNI: done in 0.743949 secs using 74.76% CPU
Optimizing NNI: done in 0.669381 secs using 89.78% CPU
Iteration 160 / LogL: -6616.596 / Time: 0h:5m:26s (0h:2m:19s left)
Optimizing NNI: done in 0.60811 secs using 99.9% CPU
Optimizing NNI: done in 0.617501 secs using 100% CPU
Optimizing NNI: done in 0.593417 secs using 100% CPU
Optimizing NNI: done in 0.842469 secs using 99.75% CPU
Optimizing NNI: done in 0.712069 secs using 100% CPU
Optimizing NNI: done in 0.673071 secs using 100% CPU
Optimizing NNI: done in 0.7525 secs using 99.99% CPU
Optimizing NNI: done in 1.09384 secs using 65.66% CPU
Optimizing NNI: done in 0.762632 secs using 71.27% CPU
Optimizing NNI: done in 0.741216 secs using 99.99% CPU
Iteration 170 / LogL: -6616.622 / Time: 0h:5m:34s (0h:1m:54s left)
Optimizing NNI: done in 0.648879 secs using 89.47% CPU
Optimizing NNI: done in 0.745452 secs using 100% CPU
Optimizing NNI: done in 0.66431 secs using 99.5% CPU
Optimizing NNI: done in 0.603917 secs using 100% CPU
Optimizing NNI: done in 0.609981 secs using 100% CPU
Optimizing NNI: done in 0.589922 secs using 99.99% CPU
Optimizing NNI: done in 0.729871 secs using 99.45% CPU
Optimizing NNI: done in 0.812353 secs using 97.02% CPU
Optimizing NNI: done in 0.801668 secs using 100% CPU
Optimizing NNI: done in 0.612698 secs using 100% CPU
Iteration 180 / LogL: -6616.622 / Time: 0h:5m:41s (0h:1m:31s left)
Optimizing NNI: done in 0.729225 secs using 96.74% CPU
Optimizing NNI: done in 0.985111 secs using 81.24% CPU
Optimizing NNI: done in 0.912588 secs using 71.72% CPU
Optimizing NNI: done in 0.950797 secs using 81.03% CPU
Optimizing NNI: done in 0.758799 secs using 99.59% CPU
Optimizing NNI: done in 0.737113 secs using 74.22% CPU
Optimizing NNI: done in 0.653086 secs using 100% CPU
Optimizing NNI: done in 1.04178 secs using 72.35% CPU
Optimizing NNI: done in 1.03849 secs using 84.96% CPU
Optimizing NNI: done in 0.833331 secs using 95.75% CPU
Iteration 190 / LogL: -6619.036 / Time: 0h:5m:50s (0h:1m:10s left)
Optimizing NNI: done in 1.10838 secs using 65.95% CPU
Optimizing NNI: done in 0.725654 secs using 100% CPU
Optimizing NNI: done in 1.04532 secs using 70.06% CPU
Optimizing NNI: done in 0.726693 secs using 92.83% CPU
Optimizing NNI: done in 0.556478 secs using 99.99% CPU
Optimizing NNI: done in 0.664159 secs using 99.99% CPU
Optimizing NNI: done in 0.637539 secs using 100% CPU
Optimizing NNI: done in 0.689715 secs using 99.99% CPU
Optimizing NNI: done in 1.02794 secs using 78.65% CPU
Optimizing NNI: done in 0.758689 secs using 99.48% CPU
Iteration 200 / LogL: -6618.150 / Time: 0h:5m:59s (0h:0m:50s left)
Log-likelihood cutoff on original alignment: -6659.140
NOTE: Bootstrap correlation coefficient of split occurrence frequencies: 0.997
Optimizing NNI: done in 0.623518 secs using 80.75% CPU
Optimizing NNI: done in 0.5979 secs using 99.33% CPU
Optimizing NNI: done in 0.839142 secs using 99.97% CPU
Optimizing NNI: done in 0.563417 secs using 100% CPU
Optimizing NNI: done in 0.791232 secs using 100% CPU
Optimizing NNI: done in 0.346081 secs using 100% CPU
Optimizing NNI: done in 0.684064 secs using 100% CPU
Optimizing NNI: done in 0.755935 secs using 100% CPU
Optimizing NNI: done in 1.09471 secs using 69.52% CPU
Optimizing NNI: done in 0.803379 secs using 91.09% CPU
Iteration 210 / LogL: -6619.524 / Time: 0h:6m:7s (0h:2m:38s left)
Optimizing NNI: done in 0.594015 secs using 100% CPU
Optimizing NNI: done in 0.755565 secs using 95.23% CPU
Optimizing NNI: done in 0.957214 secs using 76.37% CPU
Optimizing NNI: done in 0.792975 secs using 100% CPU
Optimizing NNI: done in 0.709578 secs using 100% CPU
Optimizing NNI: done in 0.737003 secs using 100% CPU
Optimizing NNI: done in 0.757811 secs using 91.24% CPU
Optimizing NNI: done in 0.595867 secs using 99.93% CPU
Optimizing NNI: done in 0.751859 secs using 99.96% CPU
Optimizing NNI: done in 0.936466 secs using 88.43% CPU
Iteration 220 / LogL: -6616.915 / Time: 0h:6m:15s (0h:2m:17s left)
Optimizing NNI: done in 0.828448 secs using 100% CPU
Optimizing NNI: done in 0.706239 secs using 99.99% CPU
Optimizing NNI: done in 0.800372 secs using 94.47% CPU
Optimizing NNI: done in 0.76301 secs using 98.89% CPU
Optimizing NNI: done in 0.61048 secs using 100% CPU
Optimizing NNI: done in 0.806689 secs using 99.44% CPU
Optimizing NNI: done in 0.920271 secs using 73.54% CPU
Optimizing NNI: done in 0.720097 secs using 90.21% CPU
Optimizing NNI: done in 0.948672 secs using 91.34% CPU
TREE SEARCH COMPLETED AFTER 229 ITERATIONS / Time: 0h:6m:23s

--------------------------------------------------------------------
|                    FINALIZING TREE SEARCH                        |
--------------------------------------------------------------------
Performs final model parameters optimization
Estimate model parameters (epsilon = 0.010)
1. Initial log-likelihood: -6616.547
2. Current log-likelihood: -6616.506
3. Current log-likelihood: -6616.462
4. Current log-likelihood: -6616.420
5. Current log-likelihood: -6616.379
6. Current log-likelihood: -6616.340
7. Current log-likelihood: -6616.303
8. Current log-likelihood: -6616.267
9. Current log-likelihood: -6616.232
10. Current log-likelihood: -6616.200
11. Current log-likelihood: -6616.168
12. Current log-likelihood: -6616.138
13. Current log-likelihood: -6616.109
14. Current log-likelihood: -6616.081
15. Current log-likelihood: -6616.055
16. Current log-likelihood: -6616.038
17. Current log-likelihood: -6616.022
18. Current log-likelihood: -6616.006
19. Current log-likelihood: -6615.990
20. Current log-likelihood: -6615.975
21. Current log-likelihood: -6615.951
22. Current log-likelihood: -6615.938
23. Current log-likelihood: -6615.924
24. Current log-likelihood: -6615.910
25. Current log-likelihood: -6615.896
26. Current log-likelihood: -6615.883
27. Current log-likelihood: -6615.870
28. Current log-likelihood: -6615.857
29. Current log-likelihood: -6615.845
30. Current log-likelihood: -6615.833
31. Current log-likelihood: -6615.821
32. Current log-likelihood: -6615.810
33. Current log-likelihood: -6615.799
34. Current log-likelihood: -6615.788
35. Current log-likelihood: -6615.777
36. Current log-likelihood: -6615.767
37. Current log-likelihood: -6615.757
Optimal log-likelihood: -6615.742
Rate parameters:  A-C: 1.35896  A-G: 2.41833  A-T: 1.37255  C-G: 1.68872  C-T: 7.32317  G-T: 1.00000
Base frequencies:  A: 0.325  C: 0.189  G: 0.269  T: 0.217
Site proportion and rates:  (0.466,0.043) (0.238,0.631) (0.244,2.182) (0.052,5.702)
Parameters optimization took 37 rounds (6.968 sec)
BEST SCORE FOUND : -6615.742
Creating bootstrap support values...
Split supports printed to NEXUS file 5933_iqtree_final_superstrict_excluding_hybrids.splits.nex
Total tree length: 3.804

Total number of iterations: 229
CPU time used for tree search: 169.191 sec (0h:2m:49s)
Wall-clock time used for tree search: 189.960 sec (0h:3m:9s)
Total CPU time used: 495.645 sec (0h:8m:15s)
Total wall-clock time used: 390.650 sec (0h:6m:30s)

Computing bootstrap consensus tree...
Reading input file 5933_iqtree_final_superstrict_excluding_hybrids.splits.nex...
118 taxa and 1265 splits.
Consensus tree written to 5933_iqtree_final_superstrict_excluding_hybrids.contree
Reading input trees file 5933_iqtree_final_superstrict_excluding_hybrids.contree
Log-likelihood of consensus tree: -6622.563

Analysis results written to: 
  IQ-TREE report:                5933_iqtree_final_superstrict_excluding_hybrids.iqtree
  Maximum-likelihood tree:       5933_iqtree_final_superstrict_excluding_hybrids.treefile
  Likelihood distances:          5933_iqtree_final_superstrict_excluding_hybrids.mldist

Ultrafast bootstrap approximation results written to:
  Split support values:          5933_iqtree_final_superstrict_excluding_hybrids.splits.nex
  Consensus tree:                5933_iqtree_final_superstrict_excluding_hybrids.contree
  Screen log file:               5933_iqtree_final_superstrict_excluding_hybrids.log

ALISIM COMMAND
--------------
--alisim simulated_MSA -t 5933_iqtree_final_superstrict_excluding_hybrids.treefile -m "GTR{1.35896,2.41833,1.37255,1.68872,7.32317}+F{0.325254,0.188709,0.269055,0.216982}+R4{0.465602,0.0430175,0.238413,0.630709,0.243778,2.18206,0.0522066,5.70161}" --length 398

Date and Time: Fri Jun  2 09:49:13 2023
