IQ-TREE multicore version 2.2.2 COVID-edition for Linux 64-bit built Sep 20 2022
Developed by Bui Quang Minh, James Barbetti, Nguyen Lam Tung,
Olga Chernomor, Heiko Schmidt, Dominik Schrempf, Michael Woodhams, Ly Trong Nhan.

Host:    netdc-bms-c11f (AVX2, FMA3, 377 GB RAM)
Command: /home/kasper.hendriks/iqtree-2.2.2-Linux/bin/iqtree2 -s 5980_taper_final_superstrict_excluding_hybrids.fasta -B 1000 -nm 1000 -m GTR+F+R -nt AUTO --prefix 5980_iqtree_final_superstrict_excluding_hybrids
Seed:    352638 (Using SPRNG - Scalable Parallel Random Number Generator)
Time:    Fri Jun  2 09:43:18 2023
Kernel:  AVX+FMA - auto-detect threads (56 CPU cores detected)

Reading alignment file 5980_taper_final_superstrict_excluding_hybrids.fasta ... Fasta format detected
Reading fasta file: done in 0.00134516 secs
Alignment most likely contains DNA/RNA sequences
Constructing alignment: done in 0.00327301 secs using 1418% CPU
Alignment has 112 sequences with 480 columns, 364 distinct patterns
206 parsimony-informative, 69 singleton sites, 205 constant sites
               Gap/Ambiguity  Composition  p-value
Analyzing sequences: done in 0.015981 secs using 1178% CPU
   1  CRNC             0.00%    passed     68.65%
   2  HYZL            66.46%    passed     90.66%
   3  MYZV            72.08%    passed     97.31%
   4  SRR6441723       0.00%    passed     99.70%
   5  ERR4210213      78.12%    passed     66.00%
   6  PAFTOL_019361   36.25%    passed     98.06%
   7  S0055            0.21%    passed     97.35%
   8  S0196sl         60.62%    passed     88.36%
   9  S0278            5.83%    passed     99.28%
  10  S0281            0.21%    passed     96.06%
  11  S0282            0.21%    passed     98.89%
  12  S0289            0.00%    passed     95.35%
  13  S0292            0.21%    passed     75.07%
  14  S0293            0.42%    passed     78.47%
  15  S0299            0.00%    passed     95.33%
  16  S0303            0.21%    passed     92.75%
  17  S0308            0.21%    passed     93.62%
  18  S0320            0.00%    passed     99.92%
  19  S0322            0.00%    passed     90.49%
  20  S0327            0.00%    passed     87.41%
  21  S0335            0.00%    passed     92.09%
  22  S0345           33.75%    passed     85.18%
  23  S0376            0.21%    passed     95.29%
  24  S0400            0.42%    passed     98.48%
  25  S0405            1.04%    passed     94.48%
  26  S0412sl          0.21%    passed     94.88%
  27  S0417            0.83%    passed     95.88%
  28  S0419            0.21%    passed     92.43%
  29  S0427            0.00%    passed     98.80%
  30  S0428sl         19.58%    passed     62.23%
  31  S0478            0.00%    passed     95.98%
  32  S0552sl          0.42%    passed     85.71%
  33  S0558            0.00%    passed     76.86%
  34  S0616            0.00%    passed     64.49%
  35  S0624            5.42%    passed     97.47%
  36  S0641            1.04%    passed     97.20%
  37  S0643            0.00%    passed     94.92%
  38  S0645sl          6.25%    passed     94.03%
  39  S0656sl          0.42%    passed     69.09%
  40  S0673            2.71%    passed     91.98%
  41  S0689            0.00%    passed     80.84%
  42  S0690           46.46%    passed     68.61%
  43  S0720            0.00%    passed     81.36%
  44  S0724sl          0.00%    passed     79.88%
  45  S0735            0.00%    passed     98.73%
  46  S0742            0.00%    passed     99.26%
  47  S0748            0.21%    passed     90.31%
  48  S0753            0.00%    passed     96.12%
  49  S0756            0.00%    passed     93.85%
  50  S0758            1.04%    passed     76.89%
  51  S0760            0.00%    passed     93.40%
  52  S0763            0.42%    passed     96.47%
  53  S0765            0.00%    passed     98.73%
  54  S0770            0.00%    passed     97.00%
  55  S0771            0.21%    passed     76.34%
  56  S0795            0.00%    passed     87.56%
  57  S0827            0.21%    passed     80.86%
  58  S0888            0.00%    passed     73.25%
  59  S0894            1.88%    passed     94.30%
  60  S0906            0.00%    passed     96.87%
  61  S0952           13.12%    passed     92.61%
  62  S0956            0.83%    passed     72.66%
  63  S0959            0.00%    passed     99.89%
  64  S0960            0.62%    passed     79.43%
  65  S0964            0.21%    passed     75.61%
  66  S1052sl         36.67%    passed     52.33%
  67  S1083            0.00%    passed     94.54%
  68  S1100            0.21%    passed     81.89%
  69  S1102            0.00%    passed     99.15%
  70  S1110            0.83%    passed     97.37%
  71  S1120            0.00%    passed     88.91%
  72  S1128            2.71%    passed     99.27%
  73  S1129sl          2.29%    passed     99.40%
  74  S1148            4.38%    passed     96.02%
  75  S1177            0.00%    passed     95.92%
  76  S1180            0.42%    passed     98.05%
  77  S1187sl         48.12%    passed     80.79%
  78  S1189            0.21%    passed     97.14%
  79  S1201sl          0.00%    passed     98.01%
  80  S1210            0.00%    passed     91.38%
  81  S1211            0.00%    passed     99.89%
  82  S1214sl          0.00%    passed     96.79%
  83  S1223            0.21%    passed     95.88%
  84  S1227            0.00%    passed     88.88%
  85  S1235sl          0.00%    passed     95.61%
  86  S1239            0.00%    passed     98.95%
  87  S1245            2.29%    passed     97.24%
  88  S1246            2.08%    passed     88.86%
  89  S1250sl          2.50%    passed     87.00%
  90  S1251            8.54%    passed     94.32%
  91  S1266sl          0.21%    passed     95.61%
  92  S1269            0.00%    passed     82.90%
  93  S1278            0.00%    passed     96.30%
  94  S1315            0.42%    passed     72.46%
  95  S1332            0.00%    passed     99.61%
  96  S1366            0.00%    passed     84.97%
  97  S1369            0.00%    passed     89.50%
  98  S1370            0.21%    passed     97.14%
  99  S1375            0.83%    passed     93.75%
 100  S1376            0.00%    passed     87.54%
 101  S1381            0.21%    passed     99.52%
 102  S1422            0.21%    passed     89.32%
 103  S1449            0.00%    passed     87.54%
 104  S1451            0.00%    passed     99.11%
 105  S1460            0.21%    passed     96.65%
 106  S1462            0.21%    passed     96.93%
 107  S1475            6.25%    passed     92.71%
 108  S1498            0.00%    passed     89.57%
 109  S1539            0.00%    passed     90.17%
 110  S_670            0.00%    passed     95.79%
 111  SRR11470320      0.00%    passed     94.53%
 112  SRR8528357       0.00%    passed     93.61%
WARNING: 4 sequences contain more than 50% gaps/ambiguity
****  TOTAL            5.17%  0 sequences failed composition chi2 test (p-value<5%; df=3)
Checking for duplicate sequences: done in 0.00893998 secs using 1083% CPU

Create initial parsimony tree by phylogenetic likelihood library (PLL)... 0.067 seconds
Generating 1000 samples for ultrafast bootstrap (seed: 352638)...

NOTE: 6 MB RAM (0 GB) is required!
Measuring multi-threading efficiency up to 56 CPU cores
Increase to 10 rounds for branch lengths
346 trees examined
Threads: 1 / Time: 56.103 sec / Speedup: 1.000 / Efficiency: 100% / LogL: -11641
Threads: 2 / Time: 62.133 sec / Speedup: 0.903 / Efficiency: 45% / LogL: -11641
Determining AUTO threadcount: done in 118.237 secs using 127.7% CPU
BEST NUMBER OF THREADS: 1

Estimate model parameters (epsilon = 0.100)
1. Initial log-likelihood: -7228.307
2. Current log-likelihood: -6861.514
3. Current log-likelihood: -6847.823
4. Current log-likelihood: -6844.748
5. Current log-likelihood: -6843.330
6. Current log-likelihood: -6842.570
7. Current log-likelihood: -6842.158
8. Current log-likelihood: -6841.798
9. Current log-likelihood: -6841.371
10. Current log-likelihood: -6840.777
11. Current log-likelihood: -6839.915
12. Current log-likelihood: -6838.546
13. Current log-likelihood: -6835.842
14. Current log-likelihood: -6829.814
15. Current log-likelihood: -6825.322
16. Current log-likelihood: -6823.205
17. Current log-likelihood: -6822.095
18. Current log-likelihood: -6821.310
19. Current log-likelihood: -6820.709
20. Current log-likelihood: -6820.221
21. Current log-likelihood: -6819.815
22. Current log-likelihood: -6819.474
23. Current log-likelihood: -6819.185
24. Current log-likelihood: -6818.940
25. Current log-likelihood: -6818.794
26. Current log-likelihood: -6818.658
27. Current log-likelihood: -6818.535
28. Current log-likelihood: -6818.424
Optimal log-likelihood: -6818.264
Rate parameters:  A-C: 2.00509  A-G: 3.54107  A-T: 1.42905  C-G: 1.45915  C-T: 6.27566  G-T: 1.00000
Base frequencies:  A: 0.291  C: 0.188  G: 0.259  T: 0.263
Site proportion and rates:  (0.579,0.125) (0.271,1.153) (0.132,3.282) (0.018,10.128)
Parameters optimization took 28 rounds (6.748 sec)
Wrote distance file to... 
Computing ML distances based on estimated model parameters...
Calculating distance matrix: done in 0.130569 secs using 100% CPU
Computing ML distances took 0.131067 sec (of wall-clock time) 0.131069 sec (of CPU time)
Setting up auxiliary I and S matrices: done in 0.000948191 secs using 99.87% CPU
Constructing RapidNJ tree: done in 0.00186205 secs using 99.94% CPU
Computing RapidNJ tree took 0.002935 sec (of wall-clock time) 0.002934 sec (of CPU time)
Log-likelihood of RapidNJ tree: -6870.490
--------------------------------------------------------------------
|             INITIALIZING CANDIDATE TREE SET                      |
--------------------------------------------------------------------
Generating 98 parsimony trees... 2.223 second
Computing log-likelihood of 98 initial trees ... 2.317 seconds
Current best score: -6802.511

Do NNI search on 20 best initial trees
Optimizing NNI: done in 0.84601 secs using 97.81% CPU
Estimate model parameters (epsilon = 0.100)
BETTER TREE FOUND at iteration 1: -6782.776
Optimizing NNI: done in 0.566459 secs using 99.09% CPU
Optimizing NNI: done in 0.633022 secs using 99.35% CPU
Optimizing NNI: done in 0.661478 secs using 99.92% CPU
Optimizing NNI: done in 0.606858 secs using 88.12% CPU
Optimizing NNI: done in 0.694644 secs using 85.42% CPU
Optimizing NNI: done in 0.66273 secs using 99.84% CPU
Optimizing NNI: done in 0.696087 secs using 99.82% CPU
Estimate model parameters (epsilon = 0.100)
BETTER TREE FOUND at iteration 8: -6779.681
Optimizing NNI: done in 0.612361 secs using 92.04% CPU
Optimizing NNI: done in 0.685514 secs using 99.63% CPU
Iteration 10 / LogL: -6792.091 / Time: 0h:2m:17s
Optimizing NNI: done in 0.744024 secs using 99.89% CPU
Estimate model parameters (epsilon = 0.100)
BETTER TREE FOUND at iteration 11: -6777.872
Optimizing NNI: done in 0.770458 secs using 95.88% CPU
Optimizing NNI: done in 0.642973 secs using 84.18% CPU
Optimizing NNI: done in 1.05342 secs using 63.48% CPU
Optimizing NNI: done in 0.833709 secs using 75.62% CPU
Optimizing NNI: done in 0.607067 secs using 92.75% CPU
Optimizing NNI: done in 0.989944 secs using 75.21% CPU
Optimizing NNI: done in 1.12961 secs using 62.46% CPU
Optimizing NNI: done in 0.732857 secs using 82.9% CPU
Optimizing NNI: done in 0.74225 secs using 88.68% CPU
Iteration 20 / LogL: -6789.747 / Time: 0h:2m:26s
Finish initializing candidate tree set (20)
Current best tree score: -6777.872 / CPU time: 20.763
Number of iterations: 20
--------------------------------------------------------------------
|               OPTIMIZING CANDIDATE TREE SET                      |
--------------------------------------------------------------------
Optimizing NNI: done in 0.951414 secs using 63.85% CPU
Optimizing NNI: done in 0.81759 secs using 68.76% CPU
Optimizing NNI: done in 0.81462 secs using 74.93% CPU
Optimizing NNI: done in 0.587714 secs using 89.14% CPU
Optimizing NNI: done in 0.696594 secs using 86.67% CPU
Optimizing NNI: done in 1.11713 secs using 66.36% CPU
Optimizing NNI: done in 0.808315 secs using 90.1% CPU
Optimizing NNI: done in 0.848715 secs using 99.8% CPU
Optimizing NNI: done in 0.609708 secs using 100% CPU
Optimizing NNI: done in 0.547342 secs using 100% CPU
Iteration 30 / LogL: -6786.894 / Time: 0h:2m:34s (0h:7m:10s left)
Optimizing NNI: done in 0.760578 secs using 73.13% CPU
Optimizing NNI: done in 0.967342 secs using 67.54% CPU
Optimizing NNI: done in 0.61002 secs using 89.5% CPU
Optimizing NNI: done in 0.718015 secs using 97.76% CPU
Optimizing NNI: done in 0.635838 secs using 90.97% CPU
Optimizing NNI: done in 0.866893 secs using 83.84% CPU
Optimizing NNI: done in 0.872388 secs using 60.41% CPU
Estimate model parameters (epsilon = 0.100)
BETTER TREE FOUND at iteration 37: -6777.273
Optimizing NNI: done in 0.607824 secs using 89.47% CPU
Optimizing NNI: done in 0.854718 secs using 75.14% CPU
Optimizing NNI: done in 1.37344 secs using 58.64% CPU
Iteration 40 / LogL: -6778.626 / Time: 0h:2m:43s (0h:6m:45s left)
Optimizing NNI: done in 1.18387 secs using 52.7% CPU
Optimizing NNI: done in 0.448597 secs using 100% CPU
Estimate model parameters (epsilon = 0.100)
BETTER TREE FOUND at iteration 42: -6776.637
Optimizing NNI: done in 0.797586 secs using 77.36% CPU
Optimizing NNI: done in 0.621946 secs using 73.65% CPU
Estimate model parameters (epsilon = 0.100)
BETTER TREE FOUND at iteration 44: -6774.802
Optimizing NNI: done in 0.666665 secs using 87.28% CPU
Optimizing NNI: done in 0.75536 secs using 92.59% CPU
Optimizing NNI: done in 0.744905 secs using 87.12% CPU
Optimizing NNI: done in 0.855748 secs using 75.22% CPU
Optimizing NNI: done in 1.02469 secs using 54.81% CPU
Optimizing NNI: done in 0.818581 secs using 77.55% CPU
Iteration 50 / LogL: -6777.483 / Time: 0h:2m:51s (0h:5m:29s left)
Log-likelihood cutoff on original alignment: -6825.578
Optimizing NNI: done in 0.789203 secs using 95.58% CPU
Optimizing NNI: done in 0.60071 secs using 87.16% CPU
Optimizing NNI: done in 0.780359 secs using 85.02% CPU
Optimizing NNI: done in 0.676176 secs using 99.99% CPU
Estimate model parameters (epsilon = 0.100)
BETTER TREE FOUND at iteration 54: -6774.394
Optimizing NNI: done in 1.05717 secs using 77.06% CPU
Optimizing NNI: done in 1.21293 secs using 68.95% CPU
Optimizing NNI: done in 1.02339 secs using 71.63% CPU
Optimizing NNI: done in 0.888957 secs using 73.36% CPU
Optimizing NNI: done in 0.632611 secs using 93.91% CPU
Optimizing NNI: done in 0.532866 secs using 94.48% CPU
Iteration 60 / LogL: -6778.377 / Time: 0h:3m:1s (0h:4m:48s left)
Optimizing NNI: done in 0.672396 secs using 99.4% CPU
Estimate model parameters (epsilon = 0.100)
BETTER TREE FOUND at iteration 61: -6773.323
Optimizing NNI: done in 0.969402 secs using 91.48% CPU
Optimizing NNI: done in 0.622381 secs using 100% CPU
Optimizing NNI: done in 0.920457 secs using 84.49% CPU
Optimizing NNI: done in 0.91549 secs using 75.27% CPU
Optimizing NNI: done in 1.01179 secs using 69.94% CPU
Optimizing NNI: done in 0.991241 secs using 64.99% CPU
Optimizing NNI: done in 0.875475 secs using 80.55% CPU
Optimizing NNI: done in 0.887876 secs using 99.99% CPU
Optimizing NNI: done in 0.647391 secs using 85.8% CPU
Iteration 70 / LogL: -6799.135 / Time: 0h:3m:10s (0h:4m:10s left)
Optimizing NNI: done in 0.599196 secs using 96.66% CPU
Optimizing NNI: done in 0.808679 secs using 99.85% CPU
Optimizing NNI: done in 0.89641 secs using 87% CPU
Optimizing NNI: done in 0.78852 secs using 100% CPU
Optimizing NNI: done in 0.715723 secs using 100% CPU
Optimizing NNI: done in 0.810487 secs using 93.36% CPU
Optimizing NNI: done in 0.838739 secs using 90.74% CPU
Optimizing NNI: done in 0.977958 secs using 100% CPU
Optimizing NNI: done in 0.683326 secs using 99.5% CPU
Optimizing NNI: done in 0.551033 secs using 99.27% CPU
Iteration 80 / LogL: -6779.203 / Time: 0h:3m:18s (0h:3m:23s left)
Optimizing NNI: done in 0.700557 secs using 100% CPU
Optimizing NNI: done in 0.606817 secs using 99.99% CPU
Optimizing NNI: done in 0.805034 secs using 99.99% CPU
Optimizing NNI: done in 0.834149 secs using 99.99% CPU
Optimizing NNI: done in 0.818982 secs using 100% CPU
Optimizing NNI: done in 0.633178 secs using 100% CPU
Optimizing NNI: done in 0.653927 secs using 99.94% CPU
Optimizing NNI: done in 0.615589 secs using 99.99% CPU
Optimizing NNI: done in 0.700272 secs using 100% CPU
Optimizing NNI: done in 0.719849 secs using 99.99% CPU
Iteration 90 / LogL: -6781.542 / Time: 0h:3m:25s (0h:2m:43s left)
Optimizing NNI: done in 0.60759 secs using 99.99% CPU
Optimizing NNI: done in 0.970396 secs using 90.56% CPU
Optimizing NNI: done in 0.897308 secs using 83.44% CPU
Optimizing NNI: done in 0.767643 secs using 96.35% CPU
Optimizing NNI: done in 1.00415 secs using 64.17% CPU
Optimizing NNI: done in 0.832284 secs using 71.82% CPU
Optimizing NNI: done in 0.781842 secs using 99.87% CPU
Optimizing NNI: done in 0.59481 secs using 100% CPU
Optimizing NNI: done in 1.11235 secs using 70.87% CPU
Optimizing NNI: done in 1.12245 secs using 63.16% CPU
Iteration 100 / LogL: -6780.128 / Time: 0h:3m:34s (0h:2m:12s left)
Log-likelihood cutoff on original alignment: -6818.381
NOTE: Bootstrap correlation coefficient of split occurrence frequencies: 0.991
Optimizing NNI: done in 0.67838 secs using 99.99% CPU
Optimizing NNI: done in 0.682389 secs using 99.99% CPU
Optimizing NNI: done in 0.577131 secs using 100% CPU
Optimizing NNI: done in 1.2477 secs using 69.21% CPU
Optimizing NNI: done in 0.645723 secs using 99.98% CPU
Optimizing NNI: done in 0.544501 secs using 99.96% CPU
Optimizing NNI: done in 1.08849 secs using 71.31% CPU
Optimizing NNI: done in 0.813463 secs using 94.09% CPU
Optimizing NNI: done in 0.606236 secs using 100% CPU
Optimizing NNI: done in 0.614071 secs using 100% CPU
Iteration 110 / LogL: -6774.854 / Time: 0h:3m:43s (0h:3m:4s left)
Optimizing NNI: done in 0.817831 secs using 100% CPU
Optimizing NNI: done in 0.790567 secs using 99.99% CPU
Optimizing NNI: done in 0.648559 secs using 100% CPU
BETTER TREE FOUND at iteration 113: -6773.320
Optimizing NNI: done in 0.412366 secs using 99.99% CPU
Optimizing NNI: done in 0.567099 secs using 100% CPU
Optimizing NNI: done in 0.644128 secs using 99.38% CPU
Optimizing NNI: done in 1.22198 secs using 68.58% CPU
Optimizing NNI: done in 0.883024 secs using 67.84% CPU
Optimizing NNI: done in 0.851833 secs using 65.26% CPU
BETTER TREE FOUND at iteration 119: -6773.320
Optimizing NNI: done in 1.2487 secs using 65.14% CPU
Iteration 120 / LogL: -6777.399 / Time: 0h:3m:51s (0h:3m:12s left)
Optimizing NNI: done in 0.715338 secs using 92.74% CPU
Optimizing NNI: done in 0.645889 secs using 94.73% CPU
Optimizing NNI: done in 0.841411 secs using 99.89% CPU
Optimizing NNI: done in 0.561689 secs using 100% CPU
Optimizing NNI: done in 0.932989 secs using 69.23% CPU
Optimizing NNI: done in 1.19432 secs using 58.54% CPU
Optimizing NNI: done in 0.746472 secs using 98.25% CPU
Optimizing NNI: done in 0.596278 secs using 99.59% CPU
Optimizing NNI: done in 0.520035 secs using 99.88% CPU
Optimizing NNI: done in 0.725304 secs using 97.46% CPU
Iteration 130 / LogL: -6773.394 / Time: 0h:3m:59s (0h:2m:44s left)
Optimizing NNI: done in 0.994908 secs using 95.23% CPU
Optimizing NNI: done in 0.641393 secs using 99.99% CPU
Optimizing NNI: done in 0.705506 secs using 99.99% CPU
Optimizing NNI: done in 0.634426 secs using 100% CPU
Optimizing NNI: done in 0.988676 secs using 78.39% CPU
BETTER TREE FOUND at iteration 135: -6773.320
Optimizing NNI: done in 0.868606 secs using 92.18% CPU
Optimizing NNI: done in 0.672626 secs using 100% CPU
Optimizing NNI: done in 0.640152 secs using 100% CPU
Optimizing NNI: done in 0.753859 secs using 100% CPU
Optimizing NNI: done in 0.800062 secs using 99.99% CPU
Iteration 140 / LogL: -6785.912 / Time: 0h:4m:7s (0h:2m:48s left)
Optimizing NNI: done in 0.887727 secs using 99.99% CPU
Optimizing NNI: done in 0.729548 secs using 100% CPU
Optimizing NNI: done in 0.815634 secs using 100% CPU
Optimizing NNI: done in 0.942393 secs using 98.25% CPU
Optimizing NNI: done in 0.821003 secs using 90.65% CPU
Optimizing NNI: done in 0.782501 secs using 100% CPU
Optimizing NNI: done in 0.708111 secs using 100% CPU
Optimizing NNI: done in 0.776784 secs using 100% CPU
Optimizing NNI: done in 0.753932 secs using 96.03% CPU
Optimizing NNI: done in 0.873042 secs using 80.03% CPU
Iteration 150 / LogL: -6800.695 / Time: 0h:4m:15s (0h:2m:25s left)
Log-likelihood cutoff on original alignment: -6818.381
Optimizing NNI: done in 0.627704 secs using 96.79% CPU
Optimizing NNI: done in 0.671551 secs using 87.52% CPU
Optimizing NNI: done in 0.794979 secs using 89.14% CPU
Optimizing NNI: done in 0.714769 secs using 99.77% CPU
Optimizing NNI: done in 1.13543 secs using 73.29% CPU
Optimizing NNI: done in 0.716281 secs using 93.85% CPU
Optimizing NNI: done in 0.862033 secs using 92.96% CPU
Optimizing NNI: done in 1.05114 secs using 96.9% CPU
Optimizing NNI: done in 0.827871 secs using 91.25% CPU
Optimizing NNI: done in 0.843339 secs using 99.96% CPU
Iteration 160 / LogL: -6781.622 / Time: 0h:4m:24s (0h:2m:4s left)
Optimizing NNI: done in 0.747932 secs using 99.95% CPU
Optimizing NNI: done in 0.893986 secs using 100% CPU
Optimizing NNI: done in 0.760755 secs using 99.96% CPU
Optimizing NNI: done in 0.877347 secs using 83.42% CPU
Optimizing NNI: done in 0.93341 secs using 89.86% CPU
Optimizing NNI: done in 0.6238 secs using 99.99% CPU
Optimizing NNI: done in 0.595374 secs using 100% CPU
Optimizing NNI: done in 0.83551 secs using 99.99% CPU
Optimizing NNI: done in 0.898213 secs using 97.73% CPU
Optimizing NNI: done in 0.819867 secs using 95.79% CPU
Iteration 170 / LogL: -6773.321 / Time: 0h:4m:33s (0h:1m:45s left)
Optimizing NNI: done in 1.03581 secs using 79.92% CPU
Optimizing NNI: done in 0.764525 secs using 91.63% CPU
Optimizing NNI: done in 0.641296 secs using 100% CPU
Optimizing NNI: done in 0.626764 secs using 99.48% CPU
Optimizing NNI: done in 0.631647 secs using 100% CPU
Optimizing NNI: done in 0.626618 secs using 100% CPU
Optimizing NNI: done in 0.559705 secs using 99.29% CPU
Optimizing NNI: done in 0.64615 secs using 89.93% CPU
Optimizing NNI: done in 0.60569 secs using 100% CPU
Optimizing NNI: done in 0.648381 secs using 100% CPU
Iteration 180 / LogL: -6779.319 / Time: 0h:4m:40s (0h:1m:26s left)
Optimizing NNI: done in 0.977528 secs using 67.68% CPU
Optimizing NNI: done in 0.864134 secs using 72.72% CPU
Optimizing NNI: done in 0.844799 secs using 94.31% CPU
Optimizing NNI: done in 1.03384 secs using 74.37% CPU
UPDATE BEST LOG-LIKELIHOOD: -6773.319
Optimizing NNI: done in 0.806865 secs using 99.51% CPU
Optimizing NNI: done in 0.914542 secs using 91.25% CPU
Optimizing NNI: done in 0.858507 secs using 90.21% CPU
Optimizing NNI: done in 0.927204 secs using 70.36% CPU
Optimizing NNI: done in 0.542306 secs using 100% CPU
Optimizing NNI: done in 0.901273 secs using 92.89% CPU
Iteration 190 / LogL: -6773.320 / Time: 0h:4m:49s (0h:1m:8s left)
Optimizing NNI: done in 0.931838 secs using 90.97% CPU
Optimizing NNI: done in 1.10615 secs using 67.69% CPU
Optimizing NNI: done in 0.867388 secs using 84.63% CPU
Optimizing NNI: done in 0.745442 secs using 99.24% CPU
Optimizing NNI: done in 0.683869 secs using 100% CPU
Optimizing NNI: done in 0.566479 secs using 100% CPU
Optimizing NNI: done in 0.661701 secs using 89.03% CPU
Optimizing NNI: done in 0.996254 secs using 71.95% CPU
Optimizing NNI: done in 0.629722 secs using 100% CPU
Optimizing NNI: done in 0.675437 secs using 99.43% CPU
Iteration 200 / LogL: -6774.132 / Time: 0h:4m:57s (0h:0m:52s left)
Log-likelihood cutoff on original alignment: -6818.381
NOTE: Bootstrap correlation coefficient of split occurrence frequencies: 0.998
Optimizing NNI: done in 0.651065 secs using 99.38% CPU
Optimizing NNI: done in 0.617976 secs using 100% CPU
Optimizing NNI: done in 0.734362 secs using 100% CPU
Optimizing NNI: done in 0.573617 secs using 100% CPU
Optimizing NNI: done in 0.738888 secs using 90.41% CPU
Optimizing NNI: done in 0.63771 secs using 100% CPU
Optimizing NNI: done in 0.66759 secs using 89.06% CPU
Optimizing NNI: done in 1.0771 secs using 61.68% CPU
Optimizing NNI: done in 0.970822 secs using 61.16% CPU
Optimizing NNI: done in 1.11927 secs using 63.8% CPU
BETTER TREE FOUND at iteration 210: -6773.319
Iteration 210 / LogL: -6773.319 / Time: 0h:5m:6s (0h:2m:26s left)
Optimizing NNI: done in 0.721408 secs using 82.79% CPU
Optimizing NNI: done in 0.864485 secs using 96.3% CPU
Optimizing NNI: done in 0.653869 secs using 100% CPU
Optimizing NNI: done in 0.671299 secs using 100% CPU
Optimizing NNI: done in 0.60274 secs using 100% CPU
Optimizing NNI: done in 0.688248 secs using 96.22% CPU
Optimizing NNI: done in 0.465606 secs using 100% CPU
Optimizing NNI: done in 0.624574 secs using 100% CPU
Optimizing NNI: done in 0.706569 secs using 97.66% CPU
Optimizing NNI: done in 0.704717 secs using 100% CPU
Iteration 220 / LogL: -6773.915 / Time: 0h:5m:13s (0h:2m:8s left)
Optimizing NNI: done in 0.54496 secs using 99.99% CPU
Optimizing NNI: done in 0.75217 secs using 100% CPU
Optimizing NNI: done in 0.702897 secs using 100% CPU
Optimizing NNI: done in 0.704402 secs using 99.55% CPU
Optimizing NNI: done in 0.860218 secs using 100% CPU
Optimizing NNI: done in 0.71495 secs using 100% CPU
Optimizing NNI: done in 0.850443 secs using 100% CPU
Optimizing NNI: done in 0.895752 secs using 100% CPU
Optimizing NNI: done in 0.705809 secs using 100% CPU
Optimizing NNI: done in 0.633893 secs using 100% CPU
Iteration 230 / LogL: -6795.278 / Time: 0h:5m:21s (0h:1m:52s left)
Optimizing NNI: done in 0.751046 secs using 100% CPU
Optimizing NNI: done in 0.727621 secs using 98.9% CPU
Optimizing NNI: done in 0.942664 secs using 100% CPU
Optimizing NNI: done in 0.976162 secs using 76.23% CPU
Optimizing NNI: done in 0.73601 secs using 100% CPU
Optimizing NNI: done in 0.689476 secs using 100% CPU
Optimizing NNI: done in 0.931575 secs using 69.02% CPU
Optimizing NNI: done in 0.744886 secs using 91.4% CPU
Optimizing NNI: done in 0.592067 secs using 99.99% CPU
Optimizing NNI: done in 0.923854 secs using 83.81% CPU
Iteration 240 / LogL: -6794.509 / Time: 0h:5m:30s (0h:1m:36s left)
Optimizing NNI: done in 0.970818 secs using 76.1% CPU
Optimizing NNI: done in 0.810427 secs using 84.38% CPU
Optimizing NNI: done in 0.758062 secs using 100% CPU
Optimizing NNI: done in 0.707877 secs using 100% CPU
Optimizing NNI: done in 0.741233 secs using 99.96% CPU
Optimizing NNI: done in 0.468916 secs using 95.49% CPU
Optimizing NNI: done in 0.871622 secs using 70.63% CPU
Optimizing NNI: done in 0.693173 secs using 100% CPU
Optimizing NNI: done in 0.827925 secs using 100% CPU
Optimizing NNI: done in 0.772481 secs using 95.84% CPU
Iteration 250 / LogL: -6783.129 / Time: 0h:5m:38s (0h:1m:21s left)
Log-likelihood cutoff on original alignment: -6818.381
Optimizing NNI: done in 0.735117 secs using 99.99% CPU
Estimate model parameters (epsilon = 0.100)
BETTER TREE FOUND at iteration 251: -6773.268
Optimizing NNI: done in 0.761928 secs using 99.99% CPU
Optimizing NNI: done in 0.935237 secs using 100% CPU
Optimizing NNI: done in 0.703894 secs using 99.99% CPU
Optimizing NNI: done in 0.794 secs using 100% CPU
Optimizing NNI: done in 0.73984 secs using 100% CPU
Optimizing NNI: done in 0.87257 secs using 100% CPU
Optimizing NNI: done in 0.671732 secs using 100% CPU
Optimizing NNI: done in 0.686306 secs using 100% CPU
Optimizing NNI: done in 0.713263 secs using 100% CPU
Iteration 260 / LogL: -6781.636 / Time: 0h:5m:47s (0h:2m:1s left)
Optimizing NNI: done in 0.722625 secs using 100% CPU
Optimizing NNI: done in 0.761353 secs using 100% CPU
Optimizing NNI: done in 0.785417 secs using 100% CPU
Optimizing NNI: done in 0.920389 secs using 78.7% CPU
Optimizing NNI: done in 0.575908 secs using 100% CPU
Optimizing NNI: done in 0.82129 secs using 76.13% CPU
Optimizing NNI: done in 0.740458 secs using 100% CPU
Optimizing NNI: done in 0.713021 secs using 100% CPU
Optimizing NNI: done in 0.797702 secs using 91.01% CPU
Optimizing NNI: done in 0.68813 secs using 99.87% CPU
Iteration 270 / LogL: -6779.816 / Time: 0h:5m:55s (0h:1m:46s left)
Optimizing NNI: done in 0.67516 secs using 100% CPU
Optimizing NNI: done in 0.676369 secs using 100% CPU
Optimizing NNI: done in 0.738468 secs using 100% CPU
Optimizing NNI: done in 0.613613 secs using 99.99% CPU
Optimizing NNI: done in 0.814784 secs using 99.5% CPU
Optimizing NNI: done in 0.656291 secs using 100% CPU
Optimizing NNI: done in 0.793459 secs using 99.49% CPU
Optimizing NNI: done in 0.571227 secs using 100% CPU
Optimizing NNI: done in 0.902971 secs using 99.79% CPU
Optimizing NNI: done in 0.65078 secs using 99.99% CPU
Iteration 280 / LogL: -6775.425 / Time: 0h:6m:2s (0h:1m:32s left)
Optimizing NNI: done in 0.973272 secs using 96.94% CPU
Optimizing NNI: done in 0.794148 secs using 100% CPU
Optimizing NNI: done in 0.588617 secs using 99% CPU
Optimizing NNI: done in 0.966658 secs using 100% CPU
Optimizing NNI: done in 0.782451 secs using 87.44% CPU
Optimizing NNI: done in 0.777679 secs using 97.9% CPU
Optimizing NNI: done in 0.754804 secs using 99.97% CPU
Optimizing NNI: done in 0.75014 secs using 99.95% CPU
Optimizing NNI: done in 0.72479 secs using 99.95% CPU
Optimizing NNI: done in 0.624328 secs using 99.97% CPU
Iteration 290 / LogL: -6774.118 / Time: 0h:6m:10s (0h:1m:18s left)
Optimizing NNI: done in 1.02677 secs using 93.7% CPU
Optimizing NNI: done in 0.783235 secs using 97.46% CPU
Optimizing NNI: done in 0.744535 secs using 98.4% CPU
Optimizing NNI: done in 0.854223 secs using 100% CPU
Optimizing NNI: done in 1.15177 secs using 93.93% CPU
Optimizing NNI: done in 0.801564 secs using 100% CPU
Optimizing NNI: done in 0.656743 secs using 99.99% CPU
Optimizing NNI: done in 0.626393 secs using 100% CPU
Optimizing NNI: done in 0.679809 secs using 100% CPU
Optimizing NNI: done in 0.614503 secs using 100% CPU
Iteration 300 / LogL: -6773.988 / Time: 0h:6m:19s (0h:1m:4s left)
Log-likelihood cutoff on original alignment: -6818.381
NOTE: Bootstrap correlation coefficient of split occurrence frequencies: 0.997
Optimizing NNI: done in 0.941734 secs using 80.55% CPU
Optimizing NNI: done in 0.938945 secs using 66.08% CPU
Optimizing NNI: done in 0.746691 secs using 96.09% CPU
Optimizing NNI: done in 0.771971 secs using 99.93% CPU
Optimizing NNI: done in 0.821295 secs using 100% CPU
Optimizing NNI: done in 0.617925 secs using 100% CPU
Optimizing NNI: done in 0.872017 secs using 99.57% CPU
Optimizing NNI: done in 0.763843 secs using 99.99% CPU
Optimizing NNI: done in 0.791253 secs using 97.92% CPU
Optimizing NNI: done in 0.718157 secs using 90.48% CPU
Iteration 310 / LogL: -6796.862 / Time: 0h:6m:28s (0h:1m:53s left)
Optimizing NNI: done in 1.23738 secs using 69.91% CPU
Optimizing NNI: done in 0.914917 secs using 99.53% CPU
Optimizing NNI: done in 0.905321 secs using 97.34% CPU
Optimizing NNI: done in 0.898859 secs using 100% CPU
Optimizing NNI: done in 0.674691 secs using 100% CPU
Optimizing NNI: done in 0.904912 secs using 100% CPU
Optimizing NNI: done in 0.890945 secs using 100% CPU
Optimizing NNI: done in 0.83995 secs using 99.53% CPU
Optimizing NNI: done in 0.642326 secs using 99.88% CPU
Optimizing NNI: done in 0.802462 secs using 100% CPU
Iteration 320 / LogL: -6773.917 / Time: 0h:6m:38s (0h:1m:39s left)
Optimizing NNI: done in 1.0202 secs using 100% CPU
Optimizing NNI: done in 0.939541 secs using 99.85% CPU
Optimizing NNI: done in 0.759982 secs using 100% CPU
Optimizing NNI: done in 0.694567 secs using 100% CPU
Optimizing NNI: done in 0.913064 secs using 99.56% CPU
Optimizing NNI: done in 0.851894 secs using 100% CPU
Optimizing NNI: done in 1.0304 secs using 100% CPU
Optimizing NNI: done in 1.00074 secs using 100% CPU
Optimizing NNI: done in 0.81735 secs using 100% CPU
Optimizing NNI: done in 0.77298 secs using 99.97% CPU
Iteration 330 / LogL: -6793.451 / Time: 0h:6m:47s (0h:1m:26s left)
Optimizing NNI: done in 0.602196 secs using 100% CPU
Optimizing NNI: done in 0.701265 secs using 100% CPU
Optimizing NNI: done in 0.72199 secs using 100% CPU
Optimizing NNI: done in 0.877743 secs using 93.7% CPU
Optimizing NNI: done in 0.818806 secs using 100% CPU
Optimizing NNI: done in 0.706535 secs using 100% CPU
Optimizing NNI: done in 0.667772 secs using 100% CPU
Optimizing NNI: done in 0.655068 secs using 99.1% CPU
Optimizing NNI: done in 0.975999 secs using 73.58% CPU
Optimizing NNI: done in 0.681978 secs using 94.71% CPU
Iteration 340 / LogL: -6773.916 / Time: 0h:6m:55s (0h:1m:13s left)
Optimizing NNI: done in 0.650314 secs using 100% CPU
Optimizing NNI: done in 0.685836 secs using 99.99% CPU
Optimizing NNI: done in 0.686813 secs using 87.64% CPU
Optimizing NNI: done in 0.878452 secs using 91.64% CPU
Optimizing NNI: done in 0.672489 secs using 99.64% CPU
Optimizing NNI: done in 1.0449 secs using 72.79% CPU
Optimizing NNI: done in 1.02003 secs using 62.02% CPU
Optimizing NNI: done in 1.13895 secs using 69.08% CPU
Optimizing NNI: done in 0.763346 secs using 100% CPU
Optimizing NNI: done in 0.788386 secs using 97.97% CPU
BETTER TREE FOUND at iteration 350: -6773.265
Iteration 350 / LogL: -6773.265 / Time: 0h:7m:4s (0h:2m:1s left)
Log-likelihood cutoff on original alignment: -6818.381
Optimizing NNI: done in 0.77055 secs using 99.99% CPU
Optimizing NNI: done in 0.467099 secs using 100% CPU
Optimizing NNI: done in 0.862281 secs using 99.99% CPU
Optimizing NNI: done in 0.655274 secs using 89.14% CPU
Optimizing NNI: done in 1.29377 secs using 58.67% CPU
Optimizing NNI: done in 0.561525 secs using 100% CPU
Optimizing NNI: done in 0.758367 secs using 100% CPU
Optimizing NNI: done in 0.799788 secs using 99.98% CPU
Optimizing NNI: done in 0.72947 secs using 100% CPU
Optimizing NNI: done in 0.695653 secs using 94.57% CPU
Iteration 360 / LogL: -6776.121 / Time: 0h:7m:13s (0h:1m:48s left)
Optimizing NNI: done in 0.757137 secs using 95.42% CPU
Optimizing NNI: done in 0.745296 secs using 100% CPU
Optimizing NNI: done in 1.16267 secs using 72.22% CPU
Optimizing NNI: done in 1.31492 secs using 60.05% CPU
Optimizing NNI: done in 0.770158 secs using 94.51% CPU
Optimizing NNI: done in 0.586272 secs using 100% CPU
Optimizing NNI: done in 1.0432 secs using 77% CPU
Optimizing NNI: done in 1.21256 secs using 63.72% CPU
Optimizing NNI: done in 0.745978 secs using 99.99% CPU
Optimizing NNI: done in 0.783619 secs using 100% CPU
Iteration 370 / LogL: -6777.672 / Time: 0h:7m:23s (0h:1m:36s left)
Optimizing NNI: done in 1.00563 secs using 69.37% CPU
Optimizing NNI: done in 0.651229 secs using 94.62% CPU
Optimizing NNI: done in 0.788259 secs using 100% CPU
Optimizing NNI: done in 0.801586 secs using 95.45% CPU
Optimizing NNI: done in 0.547568 secs using 99.27% CPU
Optimizing NNI: done in 0.858661 secs using 94.41% CPU
Optimizing NNI: done in 0.733121 secs using 100% CPU
Optimizing NNI: done in 0.693727 secs using 93.08% CPU
Optimizing NNI: done in 0.69465 secs using 100% CPU
Optimizing NNI: done in 0.870595 secs using 74.44% CPU
Iteration 380 / LogL: -6776.195 / Time: 0h:7m:31s (0h:1m:23s left)
Optimizing NNI: done in 0.79954 secs using 100% CPU
Optimizing NNI: done in 0.643119 secs using 100% CPU
Optimizing NNI: done in 0.965903 secs using 58% CPU
Optimizing NNI: done in 1.02391 secs using 70% CPU
Optimizing NNI: done in 1.29123 secs using 59.38% CPU
Optimizing NNI: done in 0.891237 secs using 72.31% CPU
Optimizing NNI: done in 1.06895 secs using 74.87% CPU
Optimizing NNI: done in 0.750637 secs using 100% CPU
Optimizing NNI: done in 0.855252 secs using 73.3% CPU
Optimizing NNI: done in 0.874496 secs using 78.81% CPU
Iteration 390 / LogL: -6775.734 / Time: 0h:7m:41s (0h:1m:11s left)
Optimizing NNI: done in 0.988608 secs using 96.76% CPU
Optimizing NNI: done in 0.831525 secs using 89.73% CPU
Optimizing NNI: done in 0.836281 secs using 71.3% CPU
Optimizing NNI: done in 0.940901 secs using 75.24% CPU
Optimizing NNI: done in 0.522544 secs using 97.81% CPU
Optimizing NNI: done in 0.76846 secs using 89.3% CPU
Optimizing NNI: done in 1.07169 secs using 76.05% CPU
Optimizing NNI: done in 0.705616 secs using 100% CPU
Optimizing NNI: done in 0.985583 secs using 84.17% CPU
Optimizing NNI: done in 0.908344 secs using 66.09% CPU
Iteration 400 / LogL: -6795.309 / Time: 0h:7m:50s (0h:0m:58s left)
Log-likelihood cutoff on original alignment: -6818.381
NOTE: Bootstrap correlation coefficient of split occurrence frequencies: 0.998
Optimizing NNI: done in 0.989807 secs using 68.03% CPU
Optimizing NNI: done in 1.17427 secs using 64.1% CPU
Optimizing NNI: done in 1.22046 secs using 63.72% CPU
Optimizing NNI: done in 0.847676 secs using 78.13% CPU
Optimizing NNI: done in 0.822775 secs using 89.29% CPU
Optimizing NNI: done in 0.728691 secs using 99.72% CPU
Optimizing NNI: done in 0.662247 secs using 97.39% CPU
Optimizing NNI: done in 0.789558 secs using 94.83% CPU
Optimizing NNI: done in 1.40341 secs using 65.36% CPU
Optimizing NNI: done in 0.699787 secs using 64.49% CPU
Iteration 410 / LogL: -6775.816 / Time: 0h:8m:2s (0h:1m:46s left)
Optimizing NNI: done in 1.0776 secs using 61.58% CPU
Optimizing NNI: done in 0.686383 secs using 65.26% CPU
Optimizing NNI: done in 1.15087 secs using 72.85% CPU
Optimizing NNI: done in 0.577605 secs using 87.5% CPU
Optimizing NNI: done in 0.776721 secs using 83.37% CPU
Optimizing NNI: done in 0.566637 secs using 100% CPU
Optimizing NNI: done in 0.785195 secs using 72.75% CPU
Optimizing NNI: done in 0.745095 secs using 100% CPU
Optimizing NNI: done in 0.669984 secs using 100% CPU
Optimizing NNI: done in 0.790525 secs using 99.99% CPU
Iteration 420 / LogL: -6773.266 / Time: 0h:8m:10s (0h:1m:33s left)
Optimizing NNI: done in 0.665582 secs using 99.71% CPU
Optimizing NNI: done in 0.755877 secs using 82.62% CPU
Optimizing NNI: done in 1.14131 secs using 62.42% CPU
Optimizing NNI: done in 0.850265 secs using 73.4% CPU
Optimizing NNI: done in 0.93734 secs using 71.71% CPU
Optimizing NNI: done in 0.949182 secs using 72.13% CPU
Optimizing NNI: done in 0.974192 secs using 67.96% CPU
Optimizing NNI: done in 0.905682 secs using 77.62% CPU
Optimizing NNI: done in 1.1693 secs using 65.08% CPU
Optimizing NNI: done in 0.996859 secs using 74.68% CPU
Iteration 430 / LogL: -6773.266 / Time: 0h:8m:21s (0h:1m:21s left)
Optimizing NNI: done in 0.716488 secs using 100% CPU
Optimizing NNI: done in 0.714355 secs using 99.99% CPU
Optimizing NNI: done in 0.762765 secs using 96.73% CPU
Optimizing NNI: done in 1.14373 secs using 74.11% CPU
Optimizing NNI: done in 1.02193 secs using 95.3% CPU
Optimizing NNI: done in 0.885946 secs using 86.84% CPU
Optimizing NNI: done in 1.0472 secs using 62.83% CPU
Optimizing NNI: done in 0.773587 secs using 99.99% CPU
Optimizing NNI: done in 0.778286 secs using 99.99% CPU
Optimizing NNI: done in 0.731548 secs using 93.14% CPU
Iteration 440 / LogL: -6773.266 / Time: 0h:8m:30s (0h:1m:9s left)
Optimizing NNI: done in 0.695012 secs using 77.86% CPU
Optimizing NNI: done in 0.791028 secs using 89.88% CPU
Optimizing NNI: done in 0.727812 secs using 99.99% CPU
Optimizing NNI: done in 0.758209 secs using 99.48% CPU
Optimizing NNI: done in 0.661135 secs using 100% CPU
Optimizing NNI: done in 0.604393 secs using 99.98% CPU
Optimizing NNI: done in 0.682784 secs using 100% CPU
Optimizing NNI: done in 1.13957 secs using 64.66% CPU
Optimizing NNI: done in 0.865401 secs using 66.34% CPU
Optimizing NNI: done in 0.687873 secs using 100% CPU
Iteration 450 / LogL: -6774.793 / Time: 0h:8m:38s (0h:0m:57s left)
Log-likelihood cutoff on original alignment: -6818.381
Optimizing NNI: done in 1.0871 secs using 69.71% CPU
TREE SEARCH COMPLETED AFTER 451 ITERATIONS / Time: 0h:8m:40s

--------------------------------------------------------------------
|                    FINALIZING TREE SEARCH                        |
--------------------------------------------------------------------
Performs final model parameters optimization
Estimate model parameters (epsilon = 0.010)
1. Initial log-likelihood: -6773.265
2. Current log-likelihood: -6773.252
3. Current log-likelihood: -6773.237
4. Current log-likelihood: -6773.224
5. Current log-likelihood: -6773.212
6. Current log-likelihood: -6773.201
Optimal log-likelihood: -6773.186
Rate parameters:  A-C: 2.28508  A-G: 4.03540  A-T: 1.64776  C-G: 1.63876  C-T: 7.24584  G-T: 1.00000
Base frequencies:  A: 0.291  C: 0.188  G: 0.259  T: 0.263
Site proportion and rates:  (0.566,0.108) (0.276,1.061) (0.141,3.241) (0.018,10.795)
Parameters optimization took 6 rounds (1.164 sec)
BEST SCORE FOUND : -6773.186
Creating bootstrap support values...
Split supports printed to NEXUS file 5980_iqtree_final_superstrict_excluding_hybrids.splits.nex
Total tree length: 3.506

Total number of iterations: 451
CPU time used for tree search: 350.628 sec (0h:5m:50s)
Wall-clock time used for tree search: 395.388 sec (0h:6m:35s)
Total CPU time used: 512.220 sec (0h:8m:32s)
Total wall-clock time used: 522.846 sec (0h:8m:42s)

Computing bootstrap consensus tree...
Reading input file 5980_iqtree_final_superstrict_excluding_hybrids.splits.nex...
112 taxa and 1076 splits.
Consensus tree written to 5980_iqtree_final_superstrict_excluding_hybrids.contree
Reading input trees file 5980_iqtree_final_superstrict_excluding_hybrids.contree
Log-likelihood of consensus tree: -6774.085

Analysis results written to: 
  IQ-TREE report:                5980_iqtree_final_superstrict_excluding_hybrids.iqtree
  Maximum-likelihood tree:       5980_iqtree_final_superstrict_excluding_hybrids.treefile
  Likelihood distances:          5980_iqtree_final_superstrict_excluding_hybrids.mldist

Ultrafast bootstrap approximation results written to:
  Split support values:          5980_iqtree_final_superstrict_excluding_hybrids.splits.nex
  Consensus tree:                5980_iqtree_final_superstrict_excluding_hybrids.contree
  Screen log file:               5980_iqtree_final_superstrict_excluding_hybrids.log

ALISIM COMMAND
--------------
--alisim simulated_MSA -t 5980_iqtree_final_superstrict_excluding_hybrids.treefile -m "GTR{2.28508,4.0354,1.64776,1.63876,7.24584}+F{0.290757,0.187617,0.258892,0.262735}+R4{0.565726,0.107517,0.275798,1.06101,0.140871,3.24057,0.0176056,10.7948}" --length 480

Date and Time: Fri Jun  2 09:52:02 2023
