IQ-TREE multicore version 2.2.2 COVID-edition for Linux 64-bit built Sep 20 2022
Developed by Bui Quang Minh, James Barbetti, Nguyen Lam Tung,
Olga Chernomor, Heiko Schmidt, Dominik Schrempf, Michael Woodhams, Ly Trong Nhan.

Host:    netdc-bms-c11f (AVX2, FMA3, 377 GB RAM)
Command: /home/kasper.hendriks/iqtree-2.2.2-Linux/bin/iqtree2 -s 5G20170_taper_final_superstrict_excluding_hybrids.fasta -B 1000 -nm 1000 -m GTR+F+R -nt AUTO --prefix 5G20170_iqtree_final_superstrict_excluding_hybrids
Seed:    668501 (Using SPRNG - Scalable Parallel Random Number Generator)
Time:    Fri Jun  2 09:45:16 2023
Kernel:  AVX+FMA - auto-detect threads (56 CPU cores detected)

Reading alignment file 5G20170_taper_final_superstrict_excluding_hybrids.fasta ... Fasta format detected
Reading fasta file: done in 0.00100207 secs using 99.79% CPU
Alignment most likely contains DNA/RNA sequences
Constructing alignment: done in 0.00241995 secs using 1225% CPU
Alignment has 125 sequences with 303 columns, 219 distinct patterns
145 parsimony-informative, 37 singleton sites, 121 constant sites
               Gap/Ambiguity  Composition  p-value
Analyzing sequences: done in 0.00760913 secs using 1454% CPU
   1  PAFTOL_019361   98.02%    passed     11.03%
   2  S0055            0.00%    passed     97.06%
   3  S0196sl         24.42%    passed     99.91%
   4  S0278            0.00%    passed     95.97%
   5  S0281            4.29%    passed     97.78%
   6  S0282            0.33%    passed     99.52%
   7  S0289            0.00%    passed     86.71%
   8  S0292            0.00%    passed     97.10%
   9  S0293            0.00%    passed     99.72%
  10  S0294            0.66%    passed     93.51%
  11  S0299           13.20%    passed     31.82%
  12  S0303            2.64%    passed     96.33%
  13  S0308            0.00%    passed     76.39%
  14  S0320           18.81%    passed     80.11%
  15  S0327            0.00%    passed     83.35%
  16  S0335            0.00%    passed     99.56%
  17  S0376            0.00%    passed     98.93%
  18  S0400            0.00%    passed     99.38%
  19  S0405            0.66%    passed     97.32%
  20  S0407sl         98.02%    passed     39.07%
  21  S0412sl         13.20%    passed     98.65%
  22  S0417            0.00%    passed     98.58%
  23  S0419            0.00%    passed     95.37%
  24  S0427            0.00%    passed     96.35%
  25  S0552sl          0.33%    passed     90.00%
  26  S0558            0.00%    passed     97.92%
  27  S0616            0.33%    passed     94.72%
  28  S0620            6.93%    passed     90.68%
  29  S0624            2.97%    passed     89.89%
  30  S0641            0.00%    passed     99.84%
  31  S0643            0.00%    passed     99.48%
  32  S0645sl          0.00%    passed     90.72%
  33  S0656sl          0.33%    passed     99.30%
  34  S0673            0.00%    passed     93.69%
  35  S0689            0.33%    passed     96.90%
  36  S0690            0.33%    passed     99.88%
  37  S0720            0.00%    passed     95.53%
  38  S0724sl          2.31%    passed     97.43%
  39  S0735           98.02%    passed     31.21%
  40  S0742            0.00%    passed     96.60%
  41  S0748            1.98%    passed     97.79%
  42  S0753            0.00%    passed     86.48%
  43  S0756            0.00%    passed     99.93%
  44  S0760            0.00%    passed     96.12%
  45  S0763            0.00%    passed     99.56%
  46  S0765            0.00%    passed     78.64%
  47  S0770            0.66%    passed     96.45%
  48  S0771            0.00%    passed     97.54%
  49  S0827            0.66%    passed     98.69%
  50  S0888            0.33%    passed     94.86%
  51  S0894            0.00%    passed     83.75%
  52  S0899            0.00%    passed     91.51%
  53  S0906            0.00%    passed     94.34%
  54  S0951            0.00%    passed     78.03%
  55  S0952            0.00%    passed     89.08%
  56  S0956            4.62%    passed     91.18%
  57  S0959            0.00%    passed     98.06%
  58  S0960            0.33%    passed     96.92%
  59  S0964            0.00%    passed     73.07%
  60  S1052sl         98.02%    passed     87.23%
  61  S1083            0.00%    passed     97.13%
  62  S1100            0.00%    passed     76.88%
  63  S1102            9.90%    passed     62.62%
  64  S1110            0.33%    passed     84.95%
  65  S1120            0.33%    passed     87.95%
  66  S1128            3.30%    passed     89.71%
  67  S1129sl          2.97%    passed     88.84%
  68  S1148            8.25%    passed     78.06%
  69  S1177            0.00%    passed     98.07%
  70  S1180           98.02%    passed     31.21%
  71  S1187sl         47.52%    passed     15.21%
  72  S1189            0.33%    passed     97.00%
  73  S1201sl          0.00%    passed     99.32%
  74  S1210            0.00%    passed     83.77%
  75  S1211            0.00%    passed     91.36%
  76  S1214sl          0.00%    passed     73.20%
  77  S1223           98.02%    passed     31.21%
  78  S1227            0.00%    passed     99.64%
  79  S1235sl          0.00%    passed     99.37%
  80  S1238sl          0.00%    passed     89.70%
  81  S1239            0.00%    passed     91.13%
  82  S1245            0.33%    passed     83.48%
  83  S1246            0.33%    passed     88.85%
  84  S1249            2.31%    passed     98.80%
  85  S1250sl          0.00%    passed     92.55%
  86  S1251            0.00%    passed     52.60%
  87  S1260            0.33%    passed     95.78%
  88  S1266sl          2.97%    passed     98.71%
  89  S1269            2.97%    passed     94.37%
  90  S1278            0.00%    passed     99.64%
  91  S1315            0.00%    passed     97.42%
  92  S1332            0.00%    passed     98.29%
  93  S1366            0.00%    passed     97.98%
  94  S1369            6.93%    passed     98.15%
  95  S1370            0.33%    passed     98.22%
  96  S1375            8.58%    passed     99.55%
  97  S1376            0.00%    passed     98.81%
  98  S1381            0.33%    passed     89.85%
  99  S1405           12.87%    passed     70.08%
 100  S1422            0.00%    passed     93.32%
 101  S1449            0.99%    passed     94.06%
 102  S1451            0.00%    passed     92.11%
 103  S1460            0.33%    passed     99.37%
 104  S1462            0.00%    passed     93.13%
 105  S1475            0.00%    passed     77.11%
 106  S1498            0.00%    passed     94.81%
 107  S1539            0.33%    passed     88.85%
 108  S_670            0.66%    passed     97.65%
 109  SRR11470320      0.00%    passed     91.61%
 110  SRR8528336       0.00%    passed     88.84%
 111  SRR8528341       0.00%    passed     98.55%
 112  SRR8528343       0.00%    passed     99.50%
 113  SRR8528347       0.00%    passed     88.54%
 114  SRR8528350       0.00%    passed     89.71%
 115  SRR8528354       0.00%    passed     95.83%
 116  SRR8528357       0.00%    passed     93.88%
 117  SRR8528359       0.33%    passed     99.22%
 118  SRR8528365       0.00%    passed     90.92%
 119  SRR8528372       0.00%    passed     81.08%
 120  SRR8528379       0.00%    passed     90.75%
 121  SRR8528381       1.98%    passed     49.08%
 122  SRR8528384       0.00%    passed     99.79%
 123  SRR8528389       0.00%    passed     98.53%
 124  SRR8528391       0.00%    passed     98.71%
 125  SRR8528400       0.33%    passed     94.97%
WARNING: 6 sequences contain more than 50% gaps/ambiguity
****  TOTAL            6.44%  0 sequences failed composition chi2 test (p-value<5%; df=3)
NOTE: S1180 is identical to S0735 but kept for subsequent analysis
Checking for duplicate sequences: done in 0.00768995 secs using 1267% CPU
Identifying sites to remove: done in 0.000915051 secs using 1111% CPU
NOTE: 1 identical sequences (see below) will be ignored for subsequent analysis
NOTE: S1223 (identical to S0735) is ignored but added at the end
Alignment was printed to 5G20170_iqtree_final_superstrict_excluding_hybrids.uniqueseq.phy

For your convenience alignment with unique sequences printed to 5G20170_iqtree_final_superstrict_excluding_hybrids.uniqueseq.phy

Create initial parsimony tree by phylogenetic likelihood library (PLL)... 0.036 seconds
Generating 1000 samples for ultrafast bootstrap (seed: 668501)...

NOTE: 4 MB RAM (0 GB) is required!
Measuring multi-threading efficiency up to 56 CPU cores
Increase to 10 rounds for branch lengths
349 trees examined
Threads: 1 / Time: 56.112 sec / Speedup: 1.000 / Efficiency: 100% / LogL: -7497
Threads: 2 / Time: 59.659 sec / Speedup: 0.941 / Efficiency: 47% / LogL: -7497
Determining AUTO threadcount: done in 115.772 secs using 100.3% CPU
BEST NUMBER OF THREADS: 1

Estimate model parameters (epsilon = 0.100)
1. Initial log-likelihood: -4998.055
2. Current log-likelihood: -4847.645
3. Current log-likelihood: -4838.203
4. Current log-likelihood: -4834.781
5. Current log-likelihood: -4833.869
6. Current log-likelihood: -4833.279
7. Current log-likelihood: -4832.857
8. Current log-likelihood: -4832.545
9. Current log-likelihood: -4832.366
10. Current log-likelihood: -4832.218
11. Current log-likelihood: -4832.096
12. Current log-likelihood: -4831.995
Optimal log-likelihood: -4831.872
Rate parameters:  A-C: 1.04648  A-G: 2.97873  A-T: 0.69868  C-G: 1.09452  C-T: 2.50291  G-T: 1.00000
Base frequencies:  A: 0.272  C: 0.230  G: 0.220  T: 0.278
Site proportion and rates:  (0.521,0.132) (0.035,0.292) (0.377,1.572) (0.067,4.889)
Parameters optimization took 12 rounds (2.045 sec)
Wrote distance file to... 
Computing ML distances based on estimated model parameters...
Calculating distance matrix: done in 0.154988 secs using 99.95% CPU
Computing ML distances took 0.155393 sec (of wall-clock time) 0.155311 sec (of CPU time)
WARNING: Some pairwise ML distances are too long (saturated)
Setting up auxiliary I and S matrices: done in 0.00106883 secs using 99.92% CPU
Constructing RapidNJ tree: done in 0.002321 secs using 272.3% CPU
Computing RapidNJ tree took 0.003538 sec (of wall-clock time) 0.007538 sec (of CPU time)
Log-likelihood of RapidNJ tree: -4941.002
--------------------------------------------------------------------
|             INITIALIZING CANDIDATE TREE SET                      |
--------------------------------------------------------------------
Generating 98 parsimony trees... 1.705 second
Computing log-likelihood of 98 initial trees ... 1.752 seconds
Current best score: -4822.820

Do NNI search on 20 best initial trees
Optimizing NNI: done in 1.29018 secs using 71.88% CPU
Estimate model parameters (epsilon = 0.100)
BETTER TREE FOUND at iteration 1: -4809.654
Optimizing NNI: done in 0.935875 secs using 69.2% CPU
Optimizing NNI: done in 0.810557 secs using 85.56% CPU
Optimizing NNI: done in 0.614898 secs using 99.96% CPU
Optimizing NNI: done in 0.66565 secs using 100% CPU
Optimizing NNI: done in 0.668598 secs using 83.43% CPU
Optimizing NNI: done in 1.39701 secs using 68.18% CPU
Estimate model parameters (epsilon = 0.100)
BETTER TREE FOUND at iteration 7: -4806.389
Optimizing NNI: done in 1.08606 secs using 82.25% CPU
Optimizing NNI: done in 0.871104 secs using 98.46% CPU
Optimizing NNI: done in 0.978083 secs using 93.46% CPU
Iteration 10 / LogL: -4813.884 / Time: 0h:2m:11s
Optimizing NNI: done in 1.16402 secs using 71.84% CPU
Optimizing NNI: done in 0.588709 secs using 91.87% CPU
Optimizing NNI: done in 1.66839 secs using 91.6% CPU
Estimate model parameters (epsilon = 0.100)
BETTER TREE FOUND at iteration 13: -4805.504
Optimizing NNI: done in 0.817301 secs using 98.04% CPU
Optimizing NNI: done in 0.616228 secs using 99.99% CPU
Optimizing NNI: done in 0.790372 secs using 100% CPU
Optimizing NNI: done in 0.777032 secs using 100% CPU
Optimizing NNI: done in 1.30241 secs using 68.03% CPU
Optimizing NNI: done in 1.02749 secs using 99.25% CPU
Optimizing NNI: done in 0.989296 secs using 74.93% CPU
Iteration 20 / LogL: -4817.847 / Time: 0h:2m:21s
Finish initializing candidate tree set (20)
Current best tree score: -4805.504 / CPU time: 23.623
Number of iterations: 20
--------------------------------------------------------------------
|               OPTIMIZING CANDIDATE TREE SET                      |
--------------------------------------------------------------------
Optimizing NNI: done in 0.873565 secs using 81.63% CPU
Optimizing NNI: done in 1.10875 secs using 80.17% CPU
Optimizing NNI: done in 1.36358 secs using 55.65% CPU
Optimizing NNI: done in 1.4221 secs using 72.46% CPU
Optimizing NNI: done in 1.00233 secs using 70.35% CPU
Optimizing NNI: done in 0.813439 secs using 76.61% CPU
Optimizing NNI: done in 0.712869 secs using 99.99% CPU
Optimizing NNI: done in 0.761847 secs using 99.87% CPU
Estimate model parameters (epsilon = 0.100)
BETTER TREE FOUND at iteration 28: -4804.163
Optimizing NNI: done in 0.778296 secs using 99.74% CPU
Optimizing NNI: done in 1.37688 secs using 51.57% CPU
Iteration 30 / LogL: -4805.824 / Time: 0h:2m:32s (0h:8m:35s left)
Optimizing NNI: done in 0.995981 secs using 70.35% CPU
Estimate model parameters (epsilon = 0.100)
BETTER TREE FOUND at iteration 31: -4802.991
Optimizing NNI: done in 0.591667 secs using 99.28% CPU
Optimizing NNI: done in 0.615987 secs using 99.99% CPU
Estimate model parameters (epsilon = 0.100)
BETTER TREE FOUND at iteration 33: -4802.870
Optimizing NNI: done in 0.884774 secs using 98.16% CPU
Optimizing NNI: done in 0.837652 secs using 92.66% CPU
Optimizing NNI: done in 1.10852 secs using 66.8% CPU
Optimizing NNI: done in 1.55651 secs using 66.48% CPU
Estimate model parameters (epsilon = 0.100)
BETTER TREE FOUND at iteration 37: -4802.403
Optimizing NNI: done in 1.23891 secs using 68.74% CPU
Estimate model parameters (epsilon = 0.100)
BETTER TREE FOUND at iteration 38: -4802.189
Optimizing NNI: done in 1.47243 secs using 67.11% CPU
Optimizing NNI: done in 1.56874 secs using 58.67% CPU
Iteration 40 / LogL: -4822.242 / Time: 0h:2m:44s (0h:6m:52s left)
Optimizing NNI: done in 0.733332 secs using 100% CPU
Optimizing NNI: done in 0.716759 secs using 99.98% CPU
Optimizing NNI: done in 1.39287 secs using 63.56% CPU
Optimizing NNI: done in 1.10826 secs using 59.94% CPU
Optimizing NNI: done in 1.06526 secs using 68.27% CPU
Optimizing NNI: done in 0.828005 secs using 100% CPU
Estimate model parameters (epsilon = 0.100)
BETTER TREE FOUND at iteration 46: -4801.316
Optimizing NNI: done in 0.678711 secs using 99.99% CPU
Optimizing NNI: done in 1.38282 secs using 58.09% CPU
Optimizing NNI: done in 0.711918 secs using 97.75% CPU
Estimate model parameters (epsilon = 0.100)
BETTER TREE FOUND at iteration 49: -4801.145
Optimizing NNI: done in 1.11804 secs using 75.27% CPU
Iteration 50 / LogL: -4802.789 / Time: 0h:2m:54s (0h:5m:52s left)
Log-likelihood cutoff on original alignment: -4844.522
Optimizing NNI: done in 0.866766 secs using 92.49% CPU
Optimizing NNI: done in 0.90726 secs using 64.3% CPU
Optimizing NNI: done in 1.48055 secs using 67.7% CPU
Optimizing NNI: done in 1.6812 secs using 58.83% CPU
Optimizing NNI: done in 0.890732 secs using 100% CPU
Estimate model parameters (epsilon = 0.100)
BETTER TREE FOUND at iteration 55: -4800.432
Optimizing NNI: done in 1.0821 secs using 84.89% CPU
Optimizing NNI: done in 0.746992 secs using 77.83% CPU
Optimizing NNI: done in 1.25198 secs using 73.65% CPU
Optimizing NNI: done in 0.648882 secs using 89.76% CPU
Optimizing NNI: done in 0.843286 secs using 99.99% CPU
Iteration 60 / LogL: -4802.082 / Time: 0h:3m:6s (0h:5m:0s left)
Optimizing NNI: done in 1.1933 secs using 69.48% CPU
Estimate model parameters (epsilon = 0.100)
BETTER TREE FOUND at iteration 61: -4799.382
Optimizing NNI: done in 0.835285 secs using 99.98% CPU
Optimizing NNI: done in 0.840399 secs using 100% CPU
Optimizing NNI: done in 0.724489 secs using 100% CPU
Optimizing NNI: done in 0.689014 secs using 99.97% CPU
Optimizing NNI: done in 0.997181 secs using 78.97% CPU
Estimate model parameters (epsilon = 0.100)
BETTER TREE FOUND at iteration 66: -4798.935
Optimizing NNI: done in 1.16987 secs using 59.55% CPU
Optimizing NNI: done in 0.874869 secs using 83.92% CPU
Optimizing NNI: done in 0.944946 secs using 88.87% CPU
Optimizing NNI: done in 0.845974 secs using 85.66% CPU
Iteration 70 / LogL: -4799.868 / Time: 0h:3m:16s (0h:4m:33s left)
Optimizing NNI: done in 1.03717 secs using 75.13% CPU
Optimizing NNI: done in 1.48022 secs using 72.23% CPU
Optimizing NNI: done in 1.25929 secs using 80.02% CPU
Optimizing NNI: done in 1.18365 secs using 67.81% CPU
Optimizing NNI: done in 1.08797 secs using 72.07% CPU
Estimate model parameters (epsilon = 0.100)
BETTER TREE FOUND at iteration 75: -4797.178
Optimizing NNI: done in 1.0452 secs using 66.66% CPU
Optimizing NNI: done in 0.611857 secs using 79.73% CPU
Optimizing NNI: done in 0.541912 secs using 88.21% CPU
Optimizing NNI: done in 0.972232 secs using 68.27% CPU
Optimizing NNI: done in 0.958315 secs using 76.67% CPU
Iteration 80 / LogL: -4798.758 / Time: 0h:3m:27s (0h:4m:9s left)
Optimizing NNI: done in 1.088 secs using 60.77% CPU
Optimizing NNI: done in 1.45184 secs using 65.5% CPU
Optimizing NNI: done in 0.878403 secs using 81.5% CPU
Optimizing NNI: done in 0.876195 secs using 85.41% CPU
Optimizing NNI: done in 1.12417 secs using 83.67% CPU
Optimizing NNI: done in 1.12935 secs using 68.46% CPU
Estimate model parameters (epsilon = 0.100)
BETTER TREE FOUND at iteration 86: -4797.084
Optimizing NNI: done in 0.968755 secs using 82.77% CPU
Optimizing NNI: done in 1.29405 secs using 58.71% CPU
BETTER TREE FOUND at iteration 88: -4797.083
Optimizing NNI: done in 0.911586 secs using 82.76% CPU
Optimizing NNI: done in 1.29542 secs using 64.09% CPU
Iteration 90 / LogL: -4817.533 / Time: 0h:3m:39s (0h:4m:1s left)
Optimizing NNI: done in 1.57197 secs using 50.09% CPU
Optimizing NNI: done in 1.59333 secs using 64.05% CPU
Optimizing NNI: done in 1.15428 secs using 68.67% CPU
Optimizing NNI: done in 0.855027 secs using 69.56% CPU
Optimizing NNI: done in 0.950431 secs using 79.35% CPU
Optimizing NNI: done in 0.895518 secs using 100% CPU
Optimizing NNI: done in 0.753612 secs using 100% CPU
Optimizing NNI: done in 0.964959 secs using 82.17% CPU
Optimizing NNI: done in 0.850741 secs using 91.87% CPU
Optimizing NNI: done in 1.20771 secs using 66.87% CPU
Iteration 100 / LogL: -4801.140 / Time: 0h:3m:50s (0h:3m:24s left)
Log-likelihood cutoff on original alignment: -4844.522
NOTE: Bootstrap correlation coefficient of split occurrence frequencies: 0.977
NOTE: UFBoot does not converge, continue at least 100 more iterations
Optimizing NNI: done in 1.16406 secs using 57.79% CPU
Optimizing NNI: done in 1.02849 secs using 82.19% CPU
Optimizing NNI: done in 0.852964 secs using 99.62% CPU
BETTER TREE FOUND at iteration 103: -4797.083
Optimizing NNI: done in 0.698128 secs using 99.94% CPU
Optimizing NNI: done in 0.880191 secs using 67.05% CPU
Optimizing NNI: done in 1.3943 secs using 51.99% CPU
Optimizing NNI: done in 1.16202 secs using 69.63% CPU
Optimizing NNI: done in 1.89161 secs using 44.8% CPU
Optimizing NNI: done in 1.53169 secs using 50.62% CPU
Optimizing NNI: done in 1.31445 secs using 69.56% CPU
Iteration 110 / LogL: -4814.321 / Time: 0h:4m:3s (0h:3m:27s left)
Optimizing NNI: done in 1.40051 secs using 50.39% CPU
Optimizing NNI: done in 1.06453 secs using 49.26% CPU
Optimizing NNI: done in 1.23297 secs using 63.43% CPU
Optimizing NNI: done in 0.851868 secs using 84.93% CPU
Optimizing NNI: done in 0.740215 secs using 95.62% CPU
Optimizing NNI: done in 1.01011 secs using 69.89% CPU
Optimizing NNI: done in 1.63068 secs using 56.52% CPU
Optimizing NNI: done in 1.52678 secs using 60.25% CPU
Optimizing NNI: done in 1.123 secs using 94.64% CPU
Optimizing NNI: done in 1.15508 secs using 78.59% CPU
Iteration 120 / LogL: -4805.095 / Time: 0h:4m:16s (0h:2m:58s left)
Optimizing NNI: done in 1.22687 secs using 74.5% CPU
Optimizing NNI: done in 1.39035 secs using 52.7% CPU
Optimizing NNI: done in 1.32872 secs using 62.1% CPU
Optimizing NNI: done in 1.13789 secs using 65.46% CPU
Optimizing NNI: done in 1.52292 secs using 68.26% CPU
Optimizing NNI: done in 1.01859 secs using 65.74% CPU
Optimizing NNI: done in 1.34704 secs using 52.15% CPU
Optimizing NNI: done in 0.827484 secs using 78.68% CPU
BETTER TREE FOUND at iteration 128: -4797.082
Optimizing NNI: done in 1.49197 secs using 65.9% CPU
Optimizing NNI: done in 0.745817 secs using 83.23% CPU
Iteration 130 / LogL: -4813.489 / Time: 0h:4m:28s (0h:3m:24s left)
Optimizing NNI: done in 0.86262 secs using 71.68% CPU
Optimizing NNI: done in 1.53584 secs using 64.79% CPU
Optimizing NNI: done in 0.979571 secs using 74.67% CPU
Optimizing NNI: done in 1.45434 secs using 56.56% CPU
Optimizing NNI: done in 1.34043 secs using 64.56% CPU
Optimizing NNI: done in 0.978259 secs using 61.7% CPU
Optimizing NNI: done in 0.885767 secs using 82.69% CPU
Optimizing NNI: done in 0.566612 secs using 99.46% CPU
Optimizing NNI: done in 1.24805 secs using 67% CPU
Optimizing NNI: done in 1.16104 secs using 68.99% CPU
Iteration 140 / LogL: -4797.099 / Time: 0h:4m:40s (0h:2m:57s left)
Optimizing NNI: done in 0.881095 secs using 85.87% CPU
Optimizing NNI: done in 0.822378 secs using 93.44% CPU
Optimizing NNI: done in 1.11316 secs using 64.7% CPU
Optimizing NNI: done in 1.36486 secs using 70.08% CPU
Optimizing NNI: done in 1.27607 secs using 72% CPU
Optimizing NNI: done in 0.849755 secs using 78.81% CPU
Optimizing NNI: done in 1.25239 secs using 69.15% CPU
Optimizing NNI: done in 1.26477 secs using 70.82% CPU
Optimizing NNI: done in 0.863829 secs using 100% CPU
Optimizing NNI: done in 1.12019 secs using 79.97% CPU
Iteration 150 / LogL: -4799.562 / Time: 0h:4m:51s (0h:2m:32s left)
Log-likelihood cutoff on original alignment: -4844.522
Optimizing NNI: done in 0.874837 secs using 94.02% CPU
Optimizing NNI: done in 1.2121 secs using 70.33% CPU
Optimizing NNI: done in 0.977577 secs using 72.57% CPU
Optimizing NNI: done in 1.41441 secs using 54.29% CPU
Optimizing NNI: done in 1.06971 secs using 77.4% CPU
Optimizing NNI: done in 0.868657 secs using 92.86% CPU
Optimizing NNI: done in 0.655215 secs using 100% CPU
Optimizing NNI: done in 1.09472 secs using 75.19% CPU
Optimizing NNI: done in 1.45384 secs using 57.07% CPU
Optimizing NNI: done in 1.21736 secs using 53.83% CPU
Iteration 160 / LogL: -4824.910 / Time: 0h:5m:4s (0h:2m:10s left)
Optimizing NNI: done in 1.21181 secs using 56% CPU
Optimizing NNI: done in 1.34885 secs using 65.25% CPU
Optimizing NNI: done in 1.09437 secs using 69.15% CPU
Optimizing NNI: done in 1.33915 secs using 57.56% CPU
Optimizing NNI: done in 1.0699 secs using 69.7% CPU
Optimizing NNI: done in 1.3344 secs using 63.71% CPU
Optimizing NNI: done in 1.46416 secs using 63.26% CPU
Optimizing NNI: done in 1.15306 secs using 58.05% CPU
Optimizing NNI: done in 1.63315 secs using 57.41% CPU
Optimizing NNI: done in 1.03093 secs using 81.38% CPU
Iteration 170 / LogL: -4801.361 / Time: 0h:5m:18s (0h:1m:49s left)
Optimizing NNI: done in 0.576553 secs using 94.45% CPU
Optimizing NNI: done in 1.16625 secs using 75.31% CPU
Optimizing NNI: done in 1.10558 secs using 69.24% CPU
Optimizing NNI: done in 1.22607 secs using 73.86% CPU
Optimizing NNI: done in 1.32966 secs using 63.59% CPU
Optimizing NNI: done in 1.15123 secs using 91.64% CPU
BETTER TREE FOUND at iteration 176: -4797.081
Optimizing NNI: done in 1.16033 secs using 71.03% CPU
Optimizing NNI: done in 0.987437 secs using 75.68% CPU
Optimizing NNI: done in 0.766351 secs using 75.45% CPU
Optimizing NNI: done in 0.941566 secs using 78.31% CPU
Iteration 180 / LogL: -4797.212 / Time: 0h:5m:29s (0h:2m:56s left)
Optimizing NNI: done in 0.614067 secs using 76.53% CPU
Optimizing NNI: done in 1.32263 secs using 75.79% CPU
Optimizing NNI: done in 0.966534 secs using 75.16% CPU
Optimizing NNI: done in 0.949095 secs using 59.95% CPU
Optimizing NNI: done in 0.942284 secs using 99.97% CPU
Optimizing NNI: done in 0.865498 secs using 87.51% CPU
Optimizing NNI: done in 1.14509 secs using 76.8% CPU
Optimizing NNI: done in 1.32407 secs using 74.51% CPU
Optimizing NNI: done in 1.1772 secs using 79.54% CPU
Optimizing NNI: done in 1.43376 secs using 75.61% CPU
Iteration 190 / LogL: -4803.072 / Time: 0h:5m:40s (0h:2m:35s left)
Optimizing NNI: done in 0.899957 secs using 80.31% CPU
Optimizing NNI: done in 1.1299 secs using 80.6% CPU
Optimizing NNI: done in 1.27649 secs using 64.98% CPU
Optimizing NNI: done in 0.88235 secs using 76.47% CPU
Optimizing NNI: done in 1.04126 secs using 69.1% CPU
Optimizing NNI: done in 0.943321 secs using 77.93% CPU
Optimizing NNI: done in 1.0253 secs using 75.7% CPU
Optimizing NNI: done in 1.03035 secs using 67.29% CPU
Optimizing NNI: done in 0.789657 secs using 71.61% CPU
Optimizing NNI: done in 1.42471 secs using 57.67% CPU
Iteration 200 / LogL: -4798.270 / Time: 0h:5m:51s (0h:2m:14s left)
Log-likelihood cutoff on original alignment: -4844.522
NOTE: Bootstrap correlation coefficient of split occurrence frequencies: 0.996
Optimizing NNI: done in 1.24217 secs using 76.46% CPU
Optimizing NNI: done in 1.36804 secs using 72.87% CPU
Optimizing NNI: done in 1.19707 secs using 64.21% CPU
Optimizing NNI: done in 1.66321 secs using 49.97% CPU
Optimizing NNI: done in 1.67569 secs using 50.34% CPU
Optimizing NNI: done in 1.49009 secs using 68.85% CPU
Optimizing NNI: done in 0.924973 secs using 67.55% CPU
Optimizing NNI: done in 1.13749 secs using 75.71% CPU
Optimizing NNI: done in 1.57497 secs using 58.99% CPU
Optimizing NNI: done in 0.914999 secs using 79.92% CPU
Iteration 210 / LogL: -4800.911 / Time: 0h:6m:7s (0h:2m:38s left)
Optimizing NNI: done in 1.2501 secs using 70.52% CPU
Optimizing NNI: done in 0.854493 secs using 71.9% CPU
Optimizing NNI: done in 1.06644 secs using 71.46% CPU
Optimizing NNI: done in 1.66224 secs using 52.57% CPU
Optimizing NNI: done in 1.73112 secs using 53.29% CPU
Optimizing NNI: done in 1.80355 secs using 52.61% CPU
Optimizing NNI: done in 1.28754 secs using 63.71% CPU
Optimizing NNI: done in 1.14559 secs using 64.8% CPU
Optimizing NNI: done in 1.50909 secs using 52.67% CPU
Optimizing NNI: done in 1.66634 secs using 69.03% CPU
Iteration 220 / LogL: -4798.225 / Time: 0h:6m:22s (0h:2m:19s left)
Optimizing NNI: done in 1.4955 secs using 63.05% CPU
Optimizing NNI: done in 1.55209 secs using 63.05% CPU
Optimizing NNI: done in 1.35103 secs using 65.95% CPU
Optimizing NNI: done in 1.43358 secs using 69.01% CPU
Optimizing NNI: done in 1.47083 secs using 64.87% CPU
Optimizing NNI: done in 1.39341 secs using 60.72% CPU
Optimizing NNI: done in 1.06403 secs using 63.85% CPU
Optimizing NNI: done in 1.50528 secs using 61.64% CPU
Optimizing NNI: done in 0.956498 secs using 58.58% CPU
Optimizing NNI: done in 0.811993 secs using 76.61% CPU
Iteration 230 / LogL: -4819.113 / Time: 0h:6m:36s (0h:2m:1s left)
Optimizing NNI: done in 1.53029 secs using 61.21% CPU
Optimizing NNI: done in 1.13086 secs using 61.3% CPU
Optimizing NNI: done in 0.825484 secs using 79.61% CPU
Optimizing NNI: done in 0.974642 secs using 69.46% CPU
Optimizing NNI: done in 1.00845 secs using 68.83% CPU
Optimizing NNI: done in 1.10277 secs using 74.18% CPU
Optimizing NNI: done in 0.792814 secs using 78.98% CPU
Optimizing NNI: done in 1.22524 secs using 52.83% CPU
Optimizing NNI: done in 1.46709 secs using 61.09% CPU
Optimizing NNI: done in 1.71634 secs using 61.19% CPU
Iteration 240 / LogL: -4799.390 / Time: 0h:6m:49s (0h:1m:42s left)
Optimizing NNI: done in 1.18559 secs using 65.66% CPU
Optimizing NNI: done in 1.34615 secs using 67.44% CPU
Optimizing NNI: done in 0.742701 secs using 75.28% CPU
Optimizing NNI: done in 1.45256 secs using 71.66% CPU
Optimizing NNI: done in 1.94991 secs using 48.94% CPU
Optimizing NNI: done in 0.691272 secs using 45.42% CPU
Optimizing NNI: done in 1.18253 secs using 66.88% CPU
Optimizing NNI: done in 1.16504 secs using 79.29% CPU
Optimizing NNI: done in 1.10116 secs using 81.77% CPU
Optimizing NNI: done in 0.64628 secs using 84.78% CPU
Iteration 250 / LogL: -4820.294 / Time: 0h:7m:1s (0h:1m:24s left)
Log-likelihood cutoff on original alignment: -4844.522
Optimizing NNI: done in 1.28877 secs using 56.42% CPU
Optimizing NNI: done in 1.23102 secs using 66.35% CPU
Optimizing NNI: done in 0.951761 secs using 63.14% CPU
Optimizing NNI: done in 1.49677 secs using 51.04% CPU
Optimizing NNI: done in 1.50501 secs using 50.04% CPU
Optimizing NNI: done in 1.18446 secs using 61.46% CPU
Optimizing NNI: done in 0.924139 secs using 69.18% CPU
Optimizing NNI: done in 0.712702 secs using 62.66% CPU
Optimizing NNI: done in 1.05145 secs using 66.26% CPU
Optimizing NNI: done in 1.31449 secs using 66.69% CPU
Iteration 260 / LogL: -4799.730 / Time: 0h:7m:15s (0h:1m:7s left)
Optimizing NNI: done in 1.38942 secs using 61.42% CPU
Optimizing NNI: done in 0.826571 secs using 66.77% CPU
Optimizing NNI: done in 1.26063 secs using 53.04% CPU
Optimizing NNI: done in 1.34748 secs using 74.65% CPU
Optimizing NNI: done in 1.20711 secs using 63.13% CPU
Optimizing NNI: done in 1.3544 secs using 63.8% CPU
Optimizing NNI: done in 1.29266 secs using 65.78% CPU
Optimizing NNI: done in 1.36414 secs using 74.44% CPU
Optimizing NNI: done in 1.00997 secs using 67% CPU
Optimizing NNI: done in 1.03348 secs using 99.57% CPU
Iteration 270 / LogL: -4801.830 / Time: 0h:7m:28s (0h:0m:50s left)
Optimizing NNI: done in 0.587019 secs using 100% CPU
Optimizing NNI: done in 0.889146 secs using 85.2% CPU
Optimizing NNI: done in 1.13047 secs using 56.19% CPU
Optimizing NNI: done in 1.7537 secs using 64.98% CPU
Optimizing NNI: done in 1.77426 secs using 51.61% CPU
Optimizing NNI: done in 1.8455 secs using 47.24% CPU
Optimizing NNI: done in 1.22951 secs using 81.83% CPU
TREE SEARCH COMPLETED AFTER 277 ITERATIONS / Time: 0h:7m:39s

--------------------------------------------------------------------
|                    FINALIZING TREE SEARCH                        |
--------------------------------------------------------------------
Performs final model parameters optimization
Estimate model parameters (epsilon = 0.010)
1. Initial log-likelihood: -4797.081
2. Current log-likelihood: -4797.068
3. Current log-likelihood: -4797.054
4. Current log-likelihood: -4797.039
5. Current log-likelihood: -4797.025
6. Current log-likelihood: -4797.011
7. Current log-likelihood: -4796.998
8. Current log-likelihood: -4796.985
9. Current log-likelihood: -4796.973
10. Current log-likelihood: -4796.962
11. Current log-likelihood: -4796.952
12. Current log-likelihood: -4796.942
13. Current log-likelihood: -4796.932
14. Current log-likelihood: -4796.921
15. Current log-likelihood: -4796.911
16. Current log-likelihood: -4796.901
17. Current log-likelihood: -4796.891
18. Current log-likelihood: -4796.881
19. Current log-likelihood: -4796.871
20. Current log-likelihood: -4796.860
21. Current log-likelihood: -4796.850
22. Current log-likelihood: -4796.840
23. Current log-likelihood: -4796.829
24. Current log-likelihood: -4796.819
25. Current log-likelihood: -4796.808
26. Current log-likelihood: -4796.798
27. Current log-likelihood: -4796.787
28. Current log-likelihood: -4796.777
29. Current log-likelihood: -4796.767
30. Current log-likelihood: -4796.756
31. Current log-likelihood: -4796.746
32. Current log-likelihood: -4796.736
33. Current log-likelihood: -4796.726
Optimal log-likelihood: -4796.714
Rate parameters:  A-C: 1.01340  A-G: 3.21555  A-T: 0.73869  C-G: 1.15017  C-T: 2.56303  G-T: 1.00000
Base frequencies:  A: 0.272  C: 0.230  G: 0.220  T: 0.278
Site proportion and rates:  (0.508,0.104) (0.066,0.691) (0.354,1.543) (0.072,4.914)
Parameters optimization took 33 rounds (5.850 sec)
BEST SCORE FOUND : -4796.714
Creating bootstrap support values...
Split supports printed to NEXUS file 5G20170_iqtree_final_superstrict_excluding_hybrids.splits.nex
Total tree length: 2.917

Total number of iterations: 277
CPU time used for tree search: 241.895 sec (0h:4m:1s)
Wall-clock time used for tree search: 340.818 sec (0h:5m:40s)
Total CPU time used: 368.109 sec (0h:6m:8s)
Total wall-clock time used: 465.596 sec (0h:7m:45s)

Computing bootstrap consensus tree...
Reading input file 5G20170_iqtree_final_superstrict_excluding_hybrids.splits.nex...
124 taxa and 1882 splits.
Consensus tree written to 5G20170_iqtree_final_superstrict_excluding_hybrids.contree
Reading input trees file 5G20170_iqtree_final_superstrict_excluding_hybrids.contree
Log-likelihood of consensus tree: -4796.720

Analysis results written to: 
  IQ-TREE report:                5G20170_iqtree_final_superstrict_excluding_hybrids.iqtree
  Maximum-likelihood tree:       5G20170_iqtree_final_superstrict_excluding_hybrids.treefile
  Likelihood distances:          5G20170_iqtree_final_superstrict_excluding_hybrids.mldist

Ultrafast bootstrap approximation results written to:
  Split support values:          5G20170_iqtree_final_superstrict_excluding_hybrids.splits.nex
  Consensus tree:                5G20170_iqtree_final_superstrict_excluding_hybrids.contree
  Screen log file:               5G20170_iqtree_final_superstrict_excluding_hybrids.log

ALISIM COMMAND
--------------
--alisim simulated_MSA -t 5G20170_iqtree_final_superstrict_excluding_hybrids.treefile -m "GTR{1.0134,3.21555,0.738695,1.15017,2.56303}+F{0.272312,0.23004,0.219914,0.277734}+R4{0.507747,0.103645,0.0655521,0.690635,0.354453,1.54343,0.0722476,4.91403}" --length 303

Date and Time: Fri Jun  2 09:53:02 2023
