IQ-TREE multicore version 2.2.2 COVID-edition for Linux 64-bit built Sep 20 2022
Developed by Bui Quang Minh, James Barbetti, Nguyen Lam Tung,
Olga Chernomor, Heiko Schmidt, Dominik Schrempf, Michael Woodhams, Ly Trong Nhan.

Host:    netdc-bms-c11f (AVX2, FMA3, 377 GB RAM)
Command: /home/kasper.hendriks/iqtree-2.2.2-Linux/bin/iqtree2 -s 5G22750_taper_final_superstrict_excluding_hybrids.fasta -B 1000 -nm 1000 -m GTR+F+R -nt AUTO --prefix 5G22750_iqtree_final_superstrict_excluding_hybrids
Seed:    153609 (Using SPRNG - Scalable Parallel Random Number Generator)
Time:    Fri Jun  2 09:45:45 2023
Kernel:  AVX+FMA - auto-detect threads (56 CPU cores detected)

Reading alignment file 5G22750_taper_final_superstrict_excluding_hybrids.fasta ... Fasta format detected
Reading fasta file: done in 0.00357914 secs using 99.97% CPU
Alignment most likely contains DNA/RNA sequences
Constructing alignment: done in 0.024338 secs using 1293% CPU
Alignment has 136 sequences with 1109 columns, 914 distinct patterns
615 parsimony-informative, 154 singleton sites, 340 constant sites
               Gap/Ambiguity  Composition  p-value
Analyzing sequences: done in 0.0168951 secs using 1238% CPU
   1  PAFTOL_019361   20.29%    passed     63.41%
   2  S0055            0.00%    passed     97.95%
   3  S0196sl         14.97%    passed     94.85%
   4  S0278            0.54%    passed     47.91%
   5  S0281            0.81%    passed     83.20%
   6  S0282            0.00%    passed     93.72%
   7  S0288            2.43%    passed     67.52%
   8  S0289            1.89%    passed     94.40%
   9  S0292            0.00%    passed     64.39%
  10  S0293            9.65%    passed     98.21%
  11  S0294            0.09%    passed     71.45%
  12  S0299            0.36%    passed     62.51%
  13  S0303           17.40%    passed     31.40%
  14  S0308            0.00%    passed     51.82%
  15  S0320           15.33%    passed     66.86%
  16  S0322            1.53%    passed     67.76%
  17  S0327           59.33%    passed     18.60%
  18  S0335            0.63%    passed     88.22%
  19  S0345           46.53%    failed      4.74%
  20  S0355            0.00%    passed     77.61%
  21  S0376            9.56%    passed     92.21%
  22  S0400            0.18%    passed     98.49%
  23  S0405            0.18%    passed     92.77%
  24  S0407sl          0.54%    passed     85.45%
  25  S0412sl          0.09%    passed     78.63%
  26  S0417            4.51%    passed     99.87%
  27  S0419            0.00%    passed     96.33%
  28  S0427            0.09%    passed     47.29%
  29  S0428sl          0.00%    passed     77.99%
  30  S0430            0.81%    passed     80.19%
  31  S0478            1.89%    passed     97.48%
  32  S0552sl          0.27%    passed     77.11%
  33  S0558            1.98%    passed     87.17%
  34  S0616           20.38%    passed     82.29%
  35  S0620           40.22%    failed      0.40%
  36  S0624            0.18%    passed     75.21%
  37  S0641            0.00%    passed     86.87%
  38  S0643           11.72%    passed     59.00%
  39  S0645sl          0.18%    passed     76.72%
  40  S0656sl          4.15%    passed     87.48%
  41  S0673            0.00%    passed     98.64%
  42  S0689            1.44%    passed     86.39%
  43  S0690            0.54%    passed     96.75%
  44  S0720            0.36%    passed     51.04%
  45  S0724sl          1.26%    passed     73.23%
  46  S0735            0.09%    passed     87.37%
  47  S0742            0.09%    passed     99.70%
  48  S0748            0.45%    passed     85.26%
  49  S0753           13.26%    passed     50.21%
  50  S0756            0.00%    passed     89.00%
  51  S0758            0.09%    passed     66.73%
  52  S0760            0.00%    passed     97.58%
  53  S0763            0.00%    passed     99.33%
  54  S0765            0.27%    passed     96.41%
  55  S0770            3.25%    passed     92.22%
  56  S0771            0.00%    passed     97.67%
  57  S0795            0.81%    passed     51.67%
  58  S0827            1.35%    passed     76.65%
  59  S0888            0.63%    passed     78.47%
  60  S0894            0.18%    passed     96.12%
  61  S0899            0.09%    passed     82.81%
  62  S0906            0.36%    passed     94.35%
  63  S0951           34.36%    passed     58.57%
  64  S0952            2.61%    passed     92.33%
  65  S0956            1.35%    passed     44.85%
  66  S0959            0.00%    passed     77.52%
  67  S0960            0.45%    passed     64.38%
  68  S0964            0.27%    passed     70.41%
  69  S1052sl         17.13%    passed     86.98%
  70  S1083            2.34%    passed     30.07%
  71  S1100            0.09%    passed     94.83%
  72  S1102           15.42%    passed     99.62%
  73  S1110            7.75%    passed     65.98%
  74  S1120            0.27%    passed     76.90%
  75  S1128            0.63%    passed     67.54%
  76  S1129sl          0.99%    passed     83.60%
  77  S1148            0.18%    passed     78.32%
  78  S1177            0.99%    passed     98.33%
  79  S1180            0.09%    passed     82.54%
  80  S1187sl         61.05%    passed     87.35%
  81  S1189            0.36%    passed     97.24%
  82  S1201sl          0.00%    passed     93.10%
  83  S1210           17.13%    passed     53.62%
  84  S1211            0.00%    passed     94.23%
  85  S1214sl          0.09%    passed     65.71%
  86  S1223            0.45%    passed     86.13%
  87  S1227            0.00%    passed     91.82%
  88  S1235sl          0.09%    passed     85.01%
  89  S1238sl          0.09%    passed     92.98%
  90  S1239            3.79%    passed     94.76%
  91  S1245            0.18%    passed     97.36%
  92  S1246            1.44%    passed     76.91%
  93  S1249            5.95%    passed     65.28%
  94  S1250sl          2.07%    passed     75.99%
  95  S1251            2.16%    passed     99.70%
  96  S1260            1.98%    passed     63.59%
  97  S1266sl          0.63%    passed     68.34%
  98  S1269            0.90%    passed     72.58%
  99  S1278            0.00%    passed     96.80%
 100  S1315            2.61%    passed     70.10%
 101  S1332            1.44%    passed     98.68%
 102  S1366            0.45%    passed     34.82%
 103  S1369            0.00%    passed     85.11%
 104  S1370            0.36%    passed     97.87%
 105  S1375            0.81%    passed     93.49%
 106  S1376            0.00%    passed     55.13%
 107  S1381            0.45%    passed     96.47%
 108  S1405            0.72%    passed     96.73%
 109  S1422            0.18%    passed     73.81%
 110  S1449            0.18%    passed     72.62%
 111  S1451            0.00%    passed     86.40%
 112  S1460            0.09%    passed     92.74%
 113  S1462            0.00%    passed     99.65%
 114  S1475           16.50%    passed     90.03%
 115  S1498            2.34%    passed     25.57%
 116  S1539            0.00%    passed     93.80%
 117  S_670            0.45%    passed     93.99%
 118  SRR11470320      2.34%    passed     15.64%
 119  SRR8528336       0.18%    passed     79.51%
 120  SRR8528341       0.90%    passed     63.73%
 121  SRR8528343       0.00%    passed     90.20%
 122  SRR8528347       0.09%    passed     77.48%
 123  SRR8528350       0.00%    passed     98.04%
 124  SRR8528354       0.09%    passed     89.65%
 125  SRR8528357       0.09%    passed     75.78%
 126  SRR8528359       0.00%    passed     90.75%
 127  SRR8528361       0.00%    passed     83.26%
 128  SRR8528365       0.54%    passed     61.83%
 129  SRR8528370       0.00%    passed     77.82%
 130  SRR8528372       0.00%    passed     97.55%
 131  SRR8528379       0.00%    passed     99.07%
 132  SRR8528381       1.71%    passed     91.70%
 133  SRR8528384       0.00%    passed     97.60%
 134  SRR8528389       0.00%    passed     71.04%
 135  SRR8528391       0.09%    passed     79.87%
 136  SRR8528400       0.09%    passed     99.31%
WARNING: 2 sequences contain more than 50% gaps/ambiguity
****  TOTAL            3.89%  2 sequences failed composition chi2 test (p-value<5%; df=3)
Checking for duplicate sequences: done in 0.0112159 secs using 1212% CPU

Create initial parsimony tree by phylogenetic likelihood library (PLL)... 0.162 seconds
Generating 1000 samples for ultrafast bootstrap (seed: 153609)...

NOTE: 19 MB RAM (0 GB) is required!
Measuring multi-threading efficiency up to 56 CPU cores
Increase to 10 rounds for branch lengths
83 trees examined
Threads: 1 / Time: 56.299 sec / Speedup: 1.000 / Efficiency: 100% / LogL: -37631
Threads: 2 / Time: 42.062 sec / Speedup: 1.338 / Efficiency: 67% / LogL: -37631
Threads: 3 / Time: 42.594 sec / Speedup: 1.322 / Efficiency: 44% / LogL: -37631
Determining AUTO threadcount: done in 140.958 secs using 129.4% CPU
BEST NUMBER OF THREADS: 2

Estimate model parameters (epsilon = 0.100)
1. Initial log-likelihood: -22734.312
2. Current log-likelihood: -22033.109
3. Current log-likelihood: -22021.579
4. Current log-likelihood: -22016.381
5. Current log-likelihood: -22013.985
6. Current log-likelihood: -22012.872
7. Current log-likelihood: -22012.235
8. Current log-likelihood: -22011.804
9. Current log-likelihood: -22011.480
10. Current log-likelihood: -22011.221
11. Current log-likelihood: -22011.012
12. Current log-likelihood: -22010.844
13. Current log-likelihood: -22010.706
14. Current log-likelihood: -22010.590
Optimal log-likelihood: -22010.455
Rate parameters:  A-C: 1.08420  A-G: 2.75853  A-T: 1.01566  C-G: 1.15379  C-T: 4.00344  G-T: 1.00000
Base frequencies:  A: 0.278  C: 0.187  G: 0.267  T: 0.267
Site proportion and rates:  (0.454,0.134) (0.065,0.631) (0.364,1.382) (0.118,3.357)
Parameters optimization took 14 rounds (9.907 sec)
Wrote distance file to... 
Computing ML distances based on estimated model parameters...
Calculating distance matrix: done in 0.128709 secs using 150.1% CPU
Computing ML distances took 0.129535 sec (of wall-clock time) 0.194794 sec (of CPU time)
Setting up auxiliary I and S matrices: done in 0.000733137 secs using 195.6% CPU
Constructing RapidNJ tree: done in 0.00431299 secs using 288.5% CPU
Computing RapidNJ tree took 0.005191 sec (of wall-clock time) 0.014363 sec (of CPU time)
Log-likelihood of RapidNJ tree: -22133.056
--------------------------------------------------------------------
|             INITIALIZING CANDIDATE TREE SET                      |
--------------------------------------------------------------------
Generating 98 parsimony trees... 5.565 second
Computing log-likelihood of 98 initial trees ... 5.897 seconds
Current best score: -21977.132

Do NNI search on 20 best initial trees
Optimizing NNI: done in 0.92212 secs using 136.5% CPU
Estimate model parameters (epsilon = 0.100)
BETTER TREE FOUND at iteration 1: -21968.873
Optimizing NNI: done in 0.849125 secs using 188% CPU
Optimizing NNI: done in 1.13814 secs using 144.7% CPU
Optimizing NNI: done in 1.22758 secs using 117.7% CPU
Estimate model parameters (epsilon = 0.100)
BETTER TREE FOUND at iteration 4: -21965.893
Optimizing NNI: done in 1.05902 secs using 144.6% CPU
Optimizing NNI: done in 0.99551 secs using 153.1% CPU
Optimizing NNI: done in 1.34226 secs using 135.4% CPU
Optimizing NNI: done in 1.1985 secs using 143.7% CPU
Optimizing NNI: done in 1.00855 secs using 145% CPU
Optimizing NNI: done in 1.20689 secs using 131% CPU
Iteration 10 / LogL: -21969.456 / Time: 0h:2m:57s
Optimizing NNI: done in 1.31658 secs using 130.7% CPU
Optimizing NNI: done in 1.39371 secs using 124.1% CPU
Optimizing NNI: done in 1.32559 secs using 129.3% CPU
Optimizing NNI: done in 1.74063 secs using 117.7% CPU
Estimate model parameters (epsilon = 0.100)
BETTER TREE FOUND at iteration 14: -21964.205
Optimizing NNI: done in 2.07644 secs using 113.6% CPU
Optimizing NNI: done in 1.42936 secs using 105.9% CPU
Optimizing NNI: done in 1.84212 secs using 117% CPU
Optimizing NNI: done in 1.15777 secs using 157.3% CPU
Optimizing NNI: done in 1.0135 secs using 152.9% CPU
Optimizing NNI: done in 1.60542 secs using 117.3% CPU
Iteration 20 / LogL: -21972.968 / Time: 0h:3m:13s
Finish initializing candidate tree set (20)
Current best tree score: -21964.205 / CPU time: 41.617
Number of iterations: 20
--------------------------------------------------------------------
|               OPTIMIZING CANDIDATE TREE SET                      |
--------------------------------------------------------------------
Optimizing NNI: done in 2.16498 secs using 98.16% CPU
Optimizing NNI: done in 1.72082 secs using 97.44% CPU
Optimizing NNI: done in 1.63612 secs using 119.1% CPU
Optimizing NNI: done in 0.965913 secs using 156.2% CPU
Optimizing NNI: done in 0.966658 secs using 158.4% CPU
Optimizing NNI: done in 1.69032 secs using 123.4% CPU
Optimizing NNI: done in 1.65899 secs using 122.6% CPU
Optimizing NNI: done in 1.3166 secs using 140.6% CPU
Optimizing NNI: done in 1.8062 secs using 116.2% CPU
Optimizing NNI: done in 2.30637 secs using 101.8% CPU
Iteration 30 / LogL: -21967.925 / Time: 0h:3m:30s (0h:10m:7s left)
Optimizing NNI: done in 1.5363 secs using 122.4% CPU
Optimizing NNI: done in 1.12563 secs using 103.8% CPU
Optimizing NNI: done in 1.56191 secs using 122.6% CPU
Optimizing NNI: done in 2.00164 secs using 94.48% CPU
Optimizing NNI: done in 1.77019 secs using 99.61% CPU
Optimizing NNI: done in 1.63739 secs using 138.6% CPU
Estimate model parameters (epsilon = 0.100)
BETTER TREE FOUND at iteration 36: -21962.936
Optimizing NNI: done in 1.49267 secs using 130.5% CPU
Estimate model parameters (epsilon = 0.100)
BETTER TREE FOUND at iteration 37: -21962.554
Optimizing NNI: done in 1.6913 secs using 127% CPU
Optimizing NNI: done in 1.30247 secs using 129.4% CPU
Optimizing NNI: done in 1.58685 secs using 129.3% CPU
Iteration 40 / LogL: -21964.039 / Time: 0h:3m:47s (0h:9m:24s left)
Optimizing NNI: done in 1.66072 secs using 132.7% CPU
Optimizing NNI: done in 1.34412 secs using 119.2% CPU
Optimizing NNI: done in 1.53615 secs using 113.4% CPU
Optimizing NNI: done in 1.13291 secs using 132.6% CPU
Optimizing NNI: done in 1.25626 secs using 132.6% CPU
Optimizing NNI: done in 1.24269 secs using 141.5% CPU
Optimizing NNI: done in 1.15672 secs using 129.3% CPU
BETTER TREE FOUND at iteration 47: -21962.548
Optimizing NNI: done in 1.21498 secs using 153.6% CPU
Optimizing NNI: done in 2.23105 secs using 108.8% CPU
Optimizing NNI: done in 2.31626 secs using 105.4% CPU
Iteration 50 / LogL: -21968.765 / Time: 0h:4m:2s (0h:8m:0s left)
Log-likelihood cutoff on original alignment: -22008.208
Optimizing NNI: done in 2.20549 secs using 102.5% CPU
Optimizing NNI: done in 1.25251 secs using 145.9% CPU
Optimizing NNI: done in 1.09167 secs using 138.4% CPU
Optimizing NNI: done in 1.11904 secs using 131.8% CPU
Optimizing NNI: done in 1.35245 secs using 138.2% CPU
Optimizing NNI: done in 1.44672 secs using 134.8% CPU
Optimizing NNI: done in 1.0517 secs using 128% CPU
Optimizing NNI: done in 1.74344 secs using 128.4% CPU
Optimizing NNI: done in 1.56773 secs using 143.7% CPU
Optimizing NNI: done in 1.77214 secs using 130.4% CPU
Iteration 60 / LogL: -21968.424 / Time: 0h:4m:18s (0h:6m:21s left)
Optimizing NNI: done in 2.0616 secs using 130% CPU
Optimizing NNI: done in 2.21944 secs using 122.6% CPU
Optimizing NNI: done in 1.58544 secs using 125.2% CPU
Optimizing NNI: done in 2.38281 secs using 117% CPU
Optimizing NNI: done in 2.49855 secs using 96.75% CPU
Optimizing NNI: done in 1.51104 secs using 114.7% CPU
Optimizing NNI: done in 1.71277 secs using 129.7% CPU
Optimizing NNI: done in 1.71195 secs using 110.3% CPU
Optimizing NNI: done in 2.17731 secs using 93.33% CPU
Optimizing NNI: done in 2.04014 secs using 120.7% CPU
Iteration 70 / LogL: -21964.038 / Time: 0h:4m:39s (0h:5m:11s left)
Optimizing NNI: done in 1.30373 secs using 124.4% CPU
Optimizing NNI: done in 1.45465 secs using 141.2% CPU
Optimizing NNI: done in 1.40404 secs using 150.5% CPU
Optimizing NNI: done in 1.48826 secs using 131.9% CPU
Optimizing NNI: done in 1.6 secs using 154.6% CPU
Optimizing NNI: done in 1.30496 secs using 136.9% CPU
Optimizing NNI: done in 1.82754 secs using 128.8% CPU
Optimizing NNI: done in 2.02639 secs using 138.9% CPU
Optimizing NNI: done in 1.24538 secs using 119.9% CPU
Optimizing NNI: done in 1.46141 secs using 130.6% CPU
Iteration 80 / LogL: -21967.248 / Time: 0h:4m:54s (0h:4m:9s left)
Optimizing NNI: done in 1.60146 secs using 124.3% CPU
Optimizing NNI: done in 1.74686 secs using 127% CPU
Optimizing NNI: done in 1.43555 secs using 121.7% CPU
Optimizing NNI: done in 1.15374 secs using 145.7% CPU
Optimizing NNI: done in 1.27806 secs using 123.1% CPU
Optimizing NNI: done in 1.41584 secs using 130.2% CPU
Optimizing NNI: done in 1.7584 secs using 130.6% CPU
Optimizing NNI: done in 1.70039 secs using 131.1% CPU
Optimizing NNI: done in 1.33206 secs using 126.6% CPU
Optimizing NNI: done in 1.63941 secs using 121.7% CPU
Iteration 90 / LogL: -21970.306 / Time: 0h:5m:10s (0h:3m:18s left)
Optimizing NNI: done in 0.855728 secs using 173.4% CPU
Optimizing NNI: done in 1.37591 secs using 162.7% CPU
Optimizing NNI: done in 0.669029 secs using 175.7% CPU
Optimizing NNI: done in 1.11012 secs using 138.1% CPU
Optimizing NNI: done in 1.01845 secs using 161% CPU
Optimizing NNI: done in 1.11713 secs using 149.2% CPU
Optimizing NNI: done in 1.32392 secs using 125.8% CPU
Optimizing NNI: done in 1.29633 secs using 125.2% CPU
Optimizing NNI: done in 1.47892 secs using 116.2% CPU
Optimizing NNI: done in 1.27167 secs using 135.6% CPU
Iteration 100 / LogL: -21962.686 / Time: 0h:5m:21s (0h:2m:32s left)
Log-likelihood cutoff on original alignment: -22008.208
NOTE: Bootstrap correlation coefficient of split occurrence frequencies: 0.999
Optimizing NNI: done in 1.60345 secs using 145.1% CPU
Optimizing NNI: done in 1.02656 secs using 167.6% CPU
Optimizing NNI: done in 1.26979 secs using 159% CPU
Optimizing NNI: done in 1.57332 secs using 127.4% CPU
Optimizing NNI: done in 1.50581 secs using 127.6% CPU
Optimizing NNI: done in 0.985809 secs using 161.5% CPU
Optimizing NNI: done in 1.0633 secs using 153% CPU
Optimizing NNI: done in 1.09141 secs using 139.7% CPU
Optimizing NNI: done in 1.12731 secs using 143.1% CPU
Optimizing NNI: done in 1.01064 secs using 136.1% CPU
Iteration 110 / LogL: -21966.062 / Time: 0h:5m:35s (0h:4m:37s left)
Optimizing NNI: done in 1.18669 secs using 138.3% CPU
Optimizing NNI: done in 1.48728 secs using 119.9% CPU
UPDATE BEST LOG-LIKELIHOOD: -21962.548
Optimizing NNI: done in 1.35362 secs using 132.5% CPU
Optimizing NNI: done in 1.79186 secs using 116.2% CPU
Optimizing NNI: done in 1.37312 secs using 117.9% CPU
Optimizing NNI: done in 1.62365 secs using 101.1% CPU
Optimizing NNI: done in 1.35802 secs using 126.8% CPU
Optimizing NNI: done in 1.65257 secs using 115.1% CPU
Optimizing NNI: done in 1.40223 secs using 129.2% CPU
Optimizing NNI: done in 1.48164 secs using 123.9% CPU
Iteration 120 / LogL: -21978.747 / Time: 0h:5m:50s (0h:3m:55s left)
Optimizing NNI: done in 1.15866 secs using 137.5% CPU
Optimizing NNI: done in 1.42431 secs using 128.1% CPU
Optimizing NNI: done in 1.64215 secs using 117.5% CPU
Optimizing NNI: done in 2.13305 secs using 101.7% CPU
Optimizing NNI: done in 1.73739 secs using 110.3% CPU
Optimizing NNI: done in 1.48962 secs using 120.1% CPU
Optimizing NNI: done in 0.872263 secs using 126% CPU
Optimizing NNI: done in 1.33905 secs using 133.3% CPU
Optimizing NNI: done in 1.24349 secs using 113.2% CPU
Optimizing NNI: done in 1.26669 secs using 128.9% CPU
Iteration 130 / LogL: -21966.973 / Time: 0h:6m:5s (0h:3m:18s left)
Optimizing NNI: done in 1.4412 secs using 119.4% CPU
UPDATE BEST LOG-LIKELIHOOD: -21962.548
Optimizing NNI: done in 1.5146 secs using 119.3% CPU
Optimizing NNI: done in 1.88392 secs using 95.88% CPU
Optimizing NNI: done in 1.52763 secs using 132.8% CPU
Optimizing NNI: done in 1.22338 secs using 138.1% CPU
Optimizing NNI: done in 1.75247 secs using 128.1% CPU
Optimizing NNI: done in 1.81108 secs using 114.9% CPU
Optimizing NNI: done in 1.0695 secs using 137.3% CPU
UPDATE BEST LOG-LIKELIHOOD: -21962.547
Optimizing NNI: done in 1.43368 secs using 119.6% CPU
Optimizing NNI: done in 1.19374 secs using 137.4% CPU
Iteration 140 / LogL: -21973.689 / Time: 0h:6m:20s (0h:2m:44s left)
Optimizing NNI: done in 1.3848 secs using 106.5% CPU
Optimizing NNI: done in 1.28059 secs using 131.3% CPU
Optimizing NNI: done in 1.33892 secs using 125.3% CPU
Optimizing NNI: done in 1.77754 secs using 116.9% CPU
Optimizing NNI: done in 2.07072 secs using 98.59% CPU
Optimizing NNI: done in 1.88798 secs using 114.7% CPU
Optimizing NNI: done in 1.84991 secs using 122.7% CPU
Optimizing NNI: done in 1.73571 secs using 122.8% CPU
TREE SEARCH COMPLETED AFTER 148 ITERATIONS / Time: 0h:6m:34s

--------------------------------------------------------------------
|                    FINALIZING TREE SEARCH                        |
--------------------------------------------------------------------
Performs final model parameters optimization
Estimate model parameters (epsilon = 0.010)
1. Initial log-likelihood: -21962.547
2. Current log-likelihood: -21962.457
3. Current log-likelihood: -21962.359
4. Current log-likelihood: -21962.259
5. Current log-likelihood: -21962.158
6. Current log-likelihood: -21962.058
7. Current log-likelihood: -21961.956
8. Current log-likelihood: -21961.854
9. Current log-likelihood: -21961.752
10. Current log-likelihood: -21961.651
11. Current log-likelihood: -21961.549
12. Current log-likelihood: -21961.447
13. Current log-likelihood: -21961.345
14. Current log-likelihood: -21961.244
15. Current log-likelihood: -21961.143
16. Current log-likelihood: -21961.042
17. Current log-likelihood: -21960.942
18. Current log-likelihood: -21960.843
19. Current log-likelihood: -21960.744
20. Current log-likelihood: -21960.654
21. Current log-likelihood: -21960.555
22. Current log-likelihood: -21960.467
23. Current log-likelihood: -21960.370
24. Current log-likelihood: -21960.282
25. Current log-likelihood: -21960.187
26. Current log-likelihood: -21960.102
27. Current log-likelihood: -21960.008
28. Current log-likelihood: -21959.925
29. Current log-likelihood: -21959.841
30. Current log-likelihood: -21959.759
31. Current log-likelihood: -21959.678
32. Current log-likelihood: -21959.597
33. Current log-likelihood: -21959.518
34. Current log-likelihood: -21959.440
35. Current log-likelihood: -21959.363
36. Current log-likelihood: -21959.286
37. Current log-likelihood: -21959.211
38. Current log-likelihood: -21959.137
39. Current log-likelihood: -21959.064
40. Current log-likelihood: -21958.992
41. Current log-likelihood: -21958.921
42. Current log-likelihood: -21958.854
43. Current log-likelihood: -21958.785
44. Current log-likelihood: -21958.718
45. Current log-likelihood: -21958.652
46. Current log-likelihood: -21958.587
47. Current log-likelihood: -21958.524
48. Current log-likelihood: -21958.461
49. Current log-likelihood: -21958.401
50. Current log-likelihood: -21958.341
51. Current log-likelihood: -21958.283
52. Current log-likelihood: -21958.225
53. Current log-likelihood: -21958.171
54. Current log-likelihood: -21958.116
55. Current log-likelihood: -21958.063
56. Current log-likelihood: -21958.011
57. Current log-likelihood: -21957.960
58. Current log-likelihood: -21957.910
59. Current log-likelihood: -21957.862
60. Current log-likelihood: -21957.815
61. Current log-likelihood: -21957.769
62. Current log-likelihood: -21957.725
63. Current log-likelihood: -21957.682
64. Current log-likelihood: -21957.640
65. Current log-likelihood: -21957.600
66. Current log-likelihood: -21957.562
67. Current log-likelihood: -21957.524
68. Current log-likelihood: -21957.488
69. Current log-likelihood: -21957.454
70. Current log-likelihood: -21957.421
71. Current log-likelihood: -21957.389
72. Current log-likelihood: -21957.359
73. Current log-likelihood: -21957.330
74. Current log-likelihood: -21957.303
75. Current log-likelihood: -21957.277
76. Current log-likelihood: -21957.252
77. Current log-likelihood: -21957.229
78. Current log-likelihood: -21957.207
79. Current log-likelihood: -21957.187
80. Current log-likelihood: -21957.167
81. Current log-likelihood: -21957.149
82. Current log-likelihood: -21957.133
83. Current log-likelihood: -21957.117
84. Current log-likelihood: -21957.103
85. Current log-likelihood: -21957.090
86. Current log-likelihood: -21957.077
87. Current log-likelihood: -21957.066
Optimal log-likelihood: -21957.055
Rate parameters:  A-C: 1.05511  A-G: 2.74389  A-T: 1.01501  C-G: 1.13409  C-T: 4.00950  G-T: 1.00000
Base frequencies:  A: 0.278  C: 0.187  G: 0.267  T: 0.267
Site proportion and rates:  (0.422,0.105) (0.333,0.957) (0.202,2.250) (0.043,4.281)
Parameters optimization took 87 rounds (44.148 sec)
BEST SCORE FOUND : -21957.055
Creating bootstrap support values...
Split supports printed to NEXUS file 5G22750_iqtree_final_superstrict_excluding_hybrids.splits.nex
Total tree length: 3.735

Total number of iterations: 148
CPU time used for tree search: 302.863 sec (0h:5m:2s)
Wall-clock time used for tree search: 242.925 sec (0h:4m:2s)
Total CPU time used: 564.196 sec (0h:9m:24s)
Total wall-clock time used: 439.553 sec (0h:7m:19s)

Computing bootstrap consensus tree...
Reading input file 5G22750_iqtree_final_superstrict_excluding_hybrids.splits.nex...
136 taxa and 571 splits.
Consensus tree written to 5G22750_iqtree_final_superstrict_excluding_hybrids.contree
Reading input trees file 5G22750_iqtree_final_superstrict_excluding_hybrids.contree
Log-likelihood of consensus tree: -21959.836

Analysis results written to: 
  IQ-TREE report:                5G22750_iqtree_final_superstrict_excluding_hybrids.iqtree
  Maximum-likelihood tree:       5G22750_iqtree_final_superstrict_excluding_hybrids.treefile
  Likelihood distances:          5G22750_iqtree_final_superstrict_excluding_hybrids.mldist

Ultrafast bootstrap approximation results written to:
  Split support values:          5G22750_iqtree_final_superstrict_excluding_hybrids.splits.nex
  Consensus tree:                5G22750_iqtree_final_superstrict_excluding_hybrids.contree
  Screen log file:               5G22750_iqtree_final_superstrict_excluding_hybrids.log

ALISIM COMMAND
--------------
--alisim simulated_MSA -t 5G22750_iqtree_final_superstrict_excluding_hybrids.treefile -m "GTR{1.05511,2.74389,1.01501,1.13409,4.0095}+F{0.278007,0.187188,0.267354,0.267451}+R4{0.422478,0.10525,0.333076,0.957144,0.201695,2.24953,0.0427504,4.28093}" --length 1109

Date and Time: Fri Jun  2 09:53:05 2023
