IQ-TREE multicore version 2.2.2 COVID-edition for Linux 64-bit built Sep 20 2022
Developed by Bui Quang Minh, James Barbetti, Nguyen Lam Tung,
Olga Chernomor, Heiko Schmidt, Dominik Schrempf, Michael Woodhams, Ly Trong Nhan.

Host:    netdc-bms-c11f (AVX2, FMA3, 377 GB RAM)
Command: /home/kasper.hendriks/iqtree-2.2.2-Linux/bin/iqtree2 -s 5G35460_taper_final_superstrict_excluding_hybrids.fasta -B 1000 -nm 1000 -m GTR+F+R -nt AUTO --prefix 5G35460_iqtree_final_superstrict_excluding_hybrids
Seed:    333422 (Using SPRNG - Scalable Parallel Random Number Generator)
Time:    Fri Jun  2 09:46:58 2023
Kernel:  AVX+FMA - auto-detect threads (56 CPU cores detected)

Reading alignment file 5G35460_taper_final_superstrict_excluding_hybrids.fasta ... Fasta format detected
Reading fasta file: done in 0.00122905 secs
Alignment most likely contains DNA/RNA sequences
Constructing alignment: done in 0.00305295 secs using 1485% CPU
Alignment has 110 sequences with 431 columns, 243 distinct patterns
147 parsimony-informative, 38 singleton sites, 245 constant sites
             Gap/Ambiguity  Composition  p-value
Analyzing sequences: done in 0.00798988 secs using 1258% CPU
   1  S0055          0.00%    passed     91.13%
   2  S0196sl        0.00%    passed     91.05%
   3  S0278          0.23%    passed     90.68%
   4  S0281          3.02%    passed     99.84%
   5  S0282          0.00%    passed     98.78%
   6  S0288         68.68%    passed     29.17%
   7  S0289          0.23%    passed     97.09%
   8  S0292          0.00%    passed     98.51%
   9  S0293          3.71%    passed     92.69%
  10  S0294          1.16%    passed     76.52%
  11  S0299          0.23%    passed     90.12%
  12  S0303          0.00%    passed     96.80%
  13  S0308          0.00%    passed     99.84%
  14  S0322          0.00%    passed     86.44%
  15  S0327          0.00%    passed     80.49%
  16  S0335          0.00%    passed     89.75%
  17  S0376          0.70%    passed     76.50%
  18  S0400          0.93%    passed     97.14%
  19  S0405          0.23%    passed     93.66%
  20  S0407sl       12.76%    passed     93.83%
  21  S0417          0.00%    passed     94.76%
  22  S0419          0.00%    passed     99.57%
  23  S0427          0.00%    passed     83.06%
  24  S0428sl       45.94%    passed     94.52%
  25  S0430          0.00%    passed     95.46%
  26  S0478          0.00%    passed     91.32%
  27  S0552sl        0.23%    passed     98.68%
  28  S0616          3.48%    passed     87.59%
  29  S0624          1.39%    passed     97.59%
  30  S0641          0.00%    passed     96.32%
  31  S0645sl        0.00%    passed     89.24%
  32  S0656sl        0.00%    passed     64.93%
  33  S0673          0.00%    passed     70.79%
  34  S0689          0.00%    passed     79.12%
  35  S0690          1.62%    passed     99.38%
  36  S0720          0.00%    passed     99.88%
  37  S0724sl        0.00%    passed     93.76%
  38  S0735         46.40%    passed     53.98%
  39  S0742          0.00%    passed     98.78%
  40  S0748          0.00%    passed     89.76%
  41  S0756          0.00%    passed     98.79%
  42  S0760          0.00%    passed     99.18%
  43  S0763          0.00%    passed     98.94%
  44  S0765          0.70%    passed     98.09%
  45  S0770          0.23%    passed     98.76%
  46  S0795          0.46%    passed     99.81%
  47  S0827          0.00%    passed     74.92%
  48  S0888          0.00%    passed     90.49%
  49  S0899          0.00%    passed     76.11%
  50  S0906          0.00%    passed     95.47%
  51  S0959          0.00%    passed     92.29%
  52  S0960          0.70%    passed     92.70%
  53  S0964          3.71%    passed     89.35%
  54  S1052sl       16.47%    passed     77.88%
  55  S1083          0.00%    passed     97.94%
  56  S1110          2.09%    passed     95.46%
  57  S1120          0.00%    passed     70.18%
  58  S1177         12.76%    passed     84.86%
  59  S1180         70.07%    passed     86.27%
  60  S1189          0.00%    passed     86.83%
  61  S1201sl        0.00%    passed     98.74%
  62  S1210          0.00%    passed     97.75%
  63  S1211          0.23%    passed     80.27%
  64  S1214sl        0.00%    passed     96.32%
  65  S1227          0.23%    passed     97.36%
  66  S1235sl        0.00%    passed     93.92%
  67  S1238sl        0.00%    passed     97.63%
  68  S1239          0.00%    passed     91.64%
  69  S1245          0.00%    passed     72.24%
  70  S1246          0.00%    passed     72.70%
  71  S1249         46.40%    passed     67.01%
  72  S1250sl        0.00%    passed     81.27%
  73  S1251          4.64%    passed     95.92%
  74  S1260          0.93%    passed     83.13%
  75  S1266sl        0.93%    passed     91.89%
  76  S1278          0.00%    passed     98.37%
  77  S1315          0.46%    passed     97.81%
  78  S1332          0.00%    passed     95.66%
  79  S1369          0.00%    passed     94.45%
  80  S1370          0.23%    passed     95.34%
  81  S1375          1.86%    passed     93.33%
  82  S1376          0.00%    passed     76.75%
  83  S1381          1.39%    passed     86.79%
  84  S1405          0.93%    passed     93.17%
  85  S1422          0.00%    passed     98.75%
  86  S1449          0.00%    passed     97.32%
  87  S1460          0.46%    passed     91.92%
  88  S1462          0.00%    passed     98.54%
  89  S1475          3.48%    passed     95.69%
  90  S1498          0.23%    passed     98.28%
  91  S1539          0.00%    passed     67.87%
  92  S_670          0.00%    passed     97.48%
  93  SRR11470320    0.00%    passed     95.38%
  94  SRR8528336     0.00%    passed     98.36%
  95  SRR8528341     0.00%    passed     98.92%
  96  SRR8528343     0.00%    passed     97.62%
  97  SRR8528347     0.00%    passed     70.82%
  98  SRR8528350     0.00%    passed     98.49%
  99  SRR8528354     3.48%    passed     23.49%
 100  SRR8528357     0.00%    passed     91.48%
 101  SRR8528359     1.62%    passed     89.85%
 102  SRR8528361     0.00%    passed     98.68%
 103  SRR8528365     0.00%    passed     89.43%
 104  SRR8528370     0.00%    passed     81.39%
 105  SRR8528372     0.00%    passed     97.49%
 106  SRR8528379     0.23%    passed     96.45%
 107  SRR8528381     0.00%    passed     78.63%
 108  SRR8528384     1.39%    passed     93.96%
 109  SRR8528389     0.00%    passed     98.47%
 110  SRR8528400     0.00%    passed     95.24%
WARNING: 2 sequences contain more than 50% gaps/ambiguity
****  TOTAL          3.34%  0 sequences failed composition chi2 test (p-value<5%; df=3)
Checking for duplicate sequences: done in 0.0218241 secs using 1392% CPU

Create initial parsimony tree by phylogenetic likelihood library (PLL)... 0.070 seconds
Generating 1000 samples for ultrafast bootstrap (seed: 333422)...

NOTE: 4 MB RAM (0 GB) is required!
Measuring multi-threading efficiency up to 56 CPU cores
Increase to 10 rounds for branch lengths
449 trees examined
Threads: 1 / Time: 56.060 sec / Speedup: 1.000 / Efficiency: 100% / LogL: -9221
Threads: 2 / Time: 62.659 sec / Speedup: 0.895 / Efficiency: 45% / LogL: -9221
Determining AUTO threadcount: done in 118.721 secs using 108.9% CPU
BEST NUMBER OF THREADS: 1

Estimate model parameters (epsilon = 0.100)
1. Initial log-likelihood: -5367.793
2. Current log-likelihood: -5109.029
3. Current log-likelihood: -5100.575
4. Current log-likelihood: -5096.270
5. Current log-likelihood: -5093.501
6. Current log-likelihood: -5091.643
7. Current log-likelihood: -5090.328
8. Current log-likelihood: -5089.362
9. Current log-likelihood: -5088.635
10. Current log-likelihood: -5088.062
11. Current log-likelihood: -5087.623
12. Current log-likelihood: -5087.273
13. Current log-likelihood: -5086.992
14. Current log-likelihood: -5086.826
15. Current log-likelihood: -5086.680
16. Current log-likelihood: -5086.552
17. Current log-likelihood: -5086.442
Optimal log-likelihood: -5086.294
Rate parameters:  A-C: 1.63598  A-G: 4.55253  A-T: 1.68324  C-G: 1.27847  C-T: 4.47945  G-T: 1.00000
Base frequencies:  A: 0.244  C: 0.230  G: 0.231  T: 0.295
Site proportion and rates:  (0.639,0.100) (0.042,0.170) (0.221,1.891) (0.098,5.212)
Parameters optimization took 17 rounds (3.993 sec)
Wrote distance file to... 
Computing ML distances based on estimated model parameters...
Calculating distance matrix: done in 0.116311 secs using 75.97% CPU
Computing ML distances took 0.116659 sec (of wall-clock time) 0.088709 sec (of CPU time)
Setting up auxiliary I and S matrices: done in 0.000862122 secs using 563.8% CPU
Constructing RapidNJ tree: done in 0.0015831 secs using 99.99% CPU
Computing RapidNJ tree took 0.002556 sec (of wall-clock time) 0.006555 sec (of CPU time)
Log-likelihood of RapidNJ tree: -5130.303
--------------------------------------------------------------------
|             INITIALIZING CANDIDATE TREE SET                      |
--------------------------------------------------------------------
Generating 98 parsimony trees... 2.099 second
Computing log-likelihood of 98 initial trees ... 2.258 seconds
Current best score: -5073.019

Do NNI search on 20 best initial trees
Optimizing NNI: done in 0.579605 secs using 68.91% CPU
Estimate model parameters (epsilon = 0.100)
BETTER TREE FOUND at iteration 1: -5065.259
Optimizing NNI: done in 0.555992 secs using 81.19% CPU
Optimizing NNI: done in 0.465031 secs using 99.98% CPU
Optimizing NNI: done in 0.480865 secs using 89.78% CPU
Optimizing NNI: done in 0.536728 secs using 99.95% CPU
Optimizing NNI: done in 0.664403 secs using 68.23% CPU
Optimizing NNI: done in 0.697258 secs using 63.01% CPU
Optimizing NNI: done in 0.715148 secs using 67.6% CPU
Optimizing NNI: done in 0.833115 secs using 65.42% CPU
Optimizing NNI: done in 0.694798 secs using 75.65% CPU
Iteration 10 / LogL: -5065.900 / Time: 0h:2m:14s
Optimizing NNI: done in 0.975041 secs using 44.99% CPU
Optimizing NNI: done in 0.615253 secs using 67.07% CPU
Optimizing NNI: done in 0.791608 secs using 67.71% CPU
Optimizing NNI: done in 0.889755 secs using 60.62% CPU
Optimizing NNI: done in 0.459482 secs using 97.75% CPU
Optimizing NNI: done in 0.598954 secs using 69.41% CPU
Optimizing NNI: done in 0.92368 secs using 54.36% CPU
Optimizing NNI: done in 0.522054 secs using 81.72% CPU
Optimizing NNI: done in 0.729194 secs using 67.58% CPU
Optimizing NNI: done in 0.754199 secs using 74.33% CPU
Iteration 20 / LogL: -5067.110 / Time: 0h:2m:21s
Finish initializing candidate tree set (20)
Current best tree score: -5065.259 / CPU time: 18.435
Number of iterations: 20
--------------------------------------------------------------------
|               OPTIMIZING CANDIDATE TREE SET                      |
--------------------------------------------------------------------
Optimizing NNI: done in 0.932629 secs using 56.3% CPU
Optimizing NNI: done in 0.76384 secs using 63.97% CPU
Optimizing NNI: done in 1.14717 secs using 46.23% CPU
Estimate model parameters (epsilon = 0.100)
BETTER TREE FOUND at iteration 23: -5064.472
Optimizing NNI: done in 0.948052 secs using 55.57% CPU
Optimizing NNI: done in 0.672679 secs using 75.61% CPU
Optimizing NNI: done in 0.721102 secs using 65.86% CPU
Optimizing NNI: done in 0.587486 secs using 82.83% CPU
Optimizing NNI: done in 0.952288 secs using 62.95% CPU
Optimizing NNI: done in 0.66594 secs using 67.68% CPU
Optimizing NNI: done in 0.925516 secs using 63.14% CPU
Iteration 30 / LogL: -5066.618 / Time: 0h:2m:30s (0h:8m:2s left)
Optimizing NNI: done in 0.501453 secs using 86.29% CPU
Optimizing NNI: done in 0.501252 secs using 89.51% CPU
Optimizing NNI: done in 0.668153 secs using 75.46% CPU
Optimizing NNI: done in 0.773027 secs using 86.7% CPU
Estimate model parameters (epsilon = 0.100)
BETTER TREE FOUND at iteration 34: -5062.690
Optimizing NNI: done in 0.466617 secs using 99.98% CPU
Optimizing NNI: done in 0.480664 secs using 82.5% CPU
Optimizing NNI: done in 0.631967 secs using 67.98% CPU
Optimizing NNI: done in 0.687681 secs using 55.93% CPU
Optimizing NNI: done in 0.664687 secs using 68.93% CPU
Estimate model parameters (epsilon = 0.100)
BETTER TREE FOUND at iteration 39: -5062.601
Optimizing NNI: done in 0.808413 secs using 51.17% CPU
Iteration 40 / LogL: -5082.746 / Time: 0h:2m:37s (0h:6m:38s left)
Optimizing NNI: done in 0.988027 secs using 54.52% CPU
Optimizing NNI: done in 0.751815 secs using 66.39% CPU
Optimizing NNI: done in 0.658565 secs using 76.27% CPU
Optimizing NNI: done in 0.473229 secs using 83.82% CPU
Optimizing NNI: done in 0.573318 secs using 75.08% CPU
Optimizing NNI: done in 0.407873 secs using 99.78% CPU
Optimizing NNI: done in 0.461713 secs using 100% CPU
Optimizing NNI: done in 0.581911 secs using 99.97% CPU
Optimizing NNI: done in 0.544855 secs using 86.01% CPU
Optimizing NNI: done in 0.889478 secs using 52.11% CPU
Iteration 50 / LogL: -5066.137 / Time: 0h:2m:43s (0h:4m:57s left)
Log-likelihood cutoff on original alignment: -5095.658
Optimizing NNI: done in 1.03396 secs using 53.48% CPU
Optimizing NNI: done in 0.690862 secs using 64.96% CPU
Optimizing NNI: done in 0.684566 secs using 66.27% CPU
Optimizing NNI: done in 0.82394 secs using 61.59% CPU
Optimizing NNI: done in 0.964788 secs using 50.72% CPU
Optimizing NNI: done in 0.830181 secs using 60.26% CPU
Optimizing NNI: done in 0.917771 secs using 64.54% CPU
Optimizing NNI: done in 0.383528 secs using 72.42% CPU
Optimizing NNI: done in 1.14987 secs using 47.18% CPU
Optimizing NNI: done in 0.717314 secs using 70.29% CPU
Iteration 60 / LogL: -5065.687 / Time: 0h:2m:53s (0h:3m:52s left)
Optimizing NNI: done in 0.872335 secs using 75.27% CPU
BETTER TREE FOUND at iteration 61: -5062.596
Optimizing NNI: done in 0.694661 secs using 62.68% CPU
Optimizing NNI: done in 0.848956 secs using 71.24% CPU
Optimizing NNI: done in 0.612966 secs using 79.74% CPU
BETTER TREE FOUND at iteration 64: -5062.595
Optimizing NNI: done in 0.82314 secs using 61.8% CPU
Optimizing NNI: done in 0.581485 secs using 82.64% CPU
Optimizing NNI: done in 0.764072 secs using 72.98% CPU
Estimate model parameters (epsilon = 0.100)
BETTER TREE FOUND at iteration 67: -5062.163
Optimizing NNI: done in 0.766292 secs using 62.99% CPU
Optimizing NNI: done in 0.802522 secs using 77.85% CPU
Optimizing NNI: done in 0.665078 secs using 76.56% CPU
Iteration 70 / LogL: -5068.891 / Time: 0h:3m:1s (0h:4m:14s left)
Optimizing NNI: done in 1.15473 secs using 52.93% CPU
Optimizing NNI: done in 1.00448 secs using 58.9% CPU
Optimizing NNI: done in 0.816736 secs using 60.79% CPU
Estimate model parameters (epsilon = 0.100)
BETTER TREE FOUND at iteration 73: -5062.094
Optimizing NNI: done in 0.59036 secs using 89.14% CPU
Optimizing NNI: done in 0.420872 secs using 61.98% CPU
Optimizing NNI: done in 0.878469 secs using 65.84% CPU
BETTER TREE FOUND at iteration 76: -5062.089
Optimizing NNI: done in 0.56478 secs using 99.97% CPU
Optimizing NNI: done in 0.890648 secs using 62.43% CPU
Optimizing NNI: done in 0.493473 secs using 100% CPU
Optimizing NNI: done in 0.50217 secs using 99.98% CPU
Iteration 80 / LogL: -5066.334 / Time: 0h:3m:9s (0h:3m:49s left)
Optimizing NNI: done in 0.506677 secs using 99.96% CPU
Optimizing NNI: done in 1.05771 secs using 65.23% CPU
Optimizing NNI: done in 0.724247 secs using 68.22% CPU
Optimizing NNI: done in 0.62756 secs using 77.28% CPU
Optimizing NNI: done in 0.626648 secs using 68.94% CPU
Optimizing NNI: done in 0.596783 secs using 81.74% CPU
Optimizing NNI: done in 0.531627 secs using 100% CPU
Optimizing NNI: done in 0.506747 secs using 99.98% CPU
Optimizing NNI: done in 0.315968 secs using 99.98% CPU
Optimizing NNI: done in 0.709777 secs using 67.5% CPU
Iteration 90 / LogL: -5071.770 / Time: 0h:3m:15s (0h:3m:8s left)
Optimizing NNI: done in 1.11536 secs using 60.79% CPU
Optimizing NNI: done in 0.824056 secs using 67.5% CPU
Optimizing NNI: done in 0.909464 secs using 70.47% CPU
Optimizing NNI: done in 0.906908 secs using 66.98% CPU
Optimizing NNI: done in 0.840139 secs using 60.3% CPU
Optimizing NNI: done in 0.769252 secs using 67.35% CPU
Optimizing NNI: done in 0.557767 secs using 63.24% CPU
Optimizing NNI: done in 1.04814 secs using 58.29% CPU
Optimizing NNI: done in 1.04337 secs using 51.12% CPU
Optimizing NNI: done in 0.913848 secs using 68.49% CPU
Iteration 100 / LogL: -5065.872 / Time: 0h:3m:24s (0h:2m:37s left)
Log-likelihood cutoff on original alignment: -5095.658
NOTE: Bootstrap correlation coefficient of split occurrence frequencies: 0.997
Optimizing NNI: done in 0.657863 secs using 68.38% CPU
Optimizing NNI: done in 0.88131 secs using 67.77% CPU
Optimizing NNI: done in 0.646686 secs using 80.83% CPU
Optimizing NNI: done in 0.92411 secs using 65.38% CPU
Optimizing NNI: done in 0.635063 secs using 68.11% CPU
Optimizing NNI: done in 0.869752 secs using 70.05% CPU
Optimizing NNI: done in 1.28364 secs using 56.89% CPU
Optimizing NNI: done in 0.454966 secs using 91.06% CPU
Optimizing NNI: done in 0.392957 secs using 100% CPU
Optimizing NNI: done in 0.465843 secs using 100% CPU
Iteration 110 / LogL: -5065.160 / Time: 0h:3m:33s (0h:2m:55s left)
Optimizing NNI: done in 0.530385 secs using 94.08% CPU
Optimizing NNI: done in 0.785533 secs using 69.1% CPU
Optimizing NNI: done in 0.93497 secs using 69.79% CPU
Optimizing NNI: done in 0.576838 secs using 99.99% CPU
Optimizing NNI: done in 0.747555 secs using 81.2% CPU
Optimizing NNI: done in 0.686045 secs using 74.01% CPU
Optimizing NNI: done in 0.709771 secs using 63.51% CPU
Optimizing NNI: done in 0.948909 secs using 63.29% CPU
Optimizing NNI: done in 0.748092 secs using 83.4% CPU
Optimizing NNI: done in 0.669967 secs using 68.09% CPU
Iteration 120 / LogL: -5062.092 / Time: 0h:3m:40s (0h:2m:28s left)
Optimizing NNI: done in 0.863606 secs using 63.81% CPU
Optimizing NNI: done in 0.745304 secs using 77% CPU
Optimizing NNI: done in 0.630701 secs using 66.89% CPU
Optimizing NNI: done in 0.722812 secs using 71.5% CPU
Optimizing NNI: done in 0.739367 secs using 66.91% CPU
Optimizing NNI: done in 0.581781 secs using 78.2% CPU
Optimizing NNI: done in 0.698532 secs using 70.51% CPU
Optimizing NNI: done in 0.880288 secs using 61.25% CPU
Optimizing NNI: done in 0.929223 secs using 59.48% CPU
Optimizing NNI: done in 0.351638 secs using 98.85% CPU
Iteration 130 / LogL: -5095.808 / Time: 0h:3m:48s (0h:2m:3s left)
Optimizing NNI: done in 0.311592 secs using 100% CPU
Optimizing NNI: done in 0.48673 secs using 85.14% CPU
Optimizing NNI: done in 0.757349 secs using 69.78% CPU
Optimizing NNI: done in 1.02268 secs using 64.41% CPU
Optimizing NNI: done in 0.701402 secs using 74.28% CPU
Optimizing NNI: done in 0.638599 secs using 66.15% CPU
Optimizing NNI: done in 0.530202 secs using 90.95% CPU
Optimizing NNI: done in 0.612778 secs using 100% CPU
Optimizing NNI: done in 0.435638 secs using 99.96% CPU
Optimizing NNI: done in 0.844991 secs using 67.45% CPU
Iteration 140 / LogL: -5070.130 / Time: 0h:3m:55s (0h:1m:41s left)
Optimizing NNI: done in 0.840949 secs using 70.48% CPU
Optimizing NNI: done in 0.363452 secs using 72.42% CPU
Optimizing NNI: done in 0.569112 secs using 100% CPU
Optimizing NNI: done in 0.842809 secs using 75.8% CPU
Optimizing NNI: done in 0.771462 secs using 66.81% CPU
Optimizing NNI: done in 0.675809 secs using 66.83% CPU
Optimizing NNI: done in 1.02202 secs using 61.51% CPU
Optimizing NNI: done in 0.502266 secs using 97.8% CPU
Optimizing NNI: done in 0.51499 secs using 88.34% CPU
Optimizing NNI: done in 0.627387 secs using 73.46% CPU
Iteration 150 / LogL: -5071.400 / Time: 0h:4m:2s (0h:1m:21s left)
Log-likelihood cutoff on original alignment: -5095.658
Optimizing NNI: done in 0.710429 secs using 68.38% CPU
Optimizing NNI: done in 0.805677 secs using 71.1% CPU
Optimizing NNI: done in 1.06712 secs using 60.07% CPU
Optimizing NNI: done in 0.749326 secs using 62.99% CPU
Optimizing NNI: done in 0.563201 secs using 78.28% CPU
Optimizing NNI: done in 0.722293 secs using 71.34% CPU
Optimizing NNI: done in 0.793525 secs using 72.91% CPU
Optimizing NNI: done in 0.613574 secs using 68.96% CPU
Optimizing NNI: done in 0.675998 secs using 69.89% CPU
Optimizing NNI: done in 0.454702 secs using 63.51% CPU
Iteration 160 / LogL: -5075.123 / Time: 0h:4m:10s (0h:1m:3s left)
Optimizing NNI: done in 0.768355 secs using 62.46% CPU
Optimizing NNI: done in 0.540344 secs using 84.24% CPU
Optimizing NNI: done in 0.924016 secs using 64.07% CPU
Optimizing NNI: done in 0.674371 secs using 70.79% CPU
Optimizing NNI: done in 0.511171 secs using 74.04% CPU
Optimizing NNI: done in 0.882097 secs using 67.26% CPU
Optimizing NNI: done in 0.658858 secs using 75.2% CPU
Optimizing NNI: done in 0.537137 secs using 68.36% CPU
Optimizing NNI: done in 0.48513 secs using 66.53% CPU
Optimizing NNI: done in 0.581702 secs using 77.56% CPU
Iteration 170 / LogL: -5062.130 / Time: 0h:4m:17s (0h:0m:45s left)
Optimizing NNI: done in 0.781913 secs using 72.41% CPU
Optimizing NNI: done in 0.740033 secs using 63.75% CPU
Optimizing NNI: done in 0.74787 secs using 62.99% CPU
Optimizing NNI: done in 0.642653 secs using 67.44% CPU
Optimizing NNI: done in 0.640804 secs using 70.63% CPU
Optimizing NNI: done in 0.745143 secs using 67.24% CPU
Optimizing NNI: done in 0.730669 secs using 67.43% CPU
TREE SEARCH COMPLETED AFTER 177 ITERATIONS / Time: 0h:4m:22s

--------------------------------------------------------------------
|                    FINALIZING TREE SEARCH                        |
--------------------------------------------------------------------
Performs final model parameters optimization
Estimate model parameters (epsilon = 0.010)
1. Initial log-likelihood: -5062.089
2. Current log-likelihood: -5062.074
3. Current log-likelihood: -5062.062
4. Current log-likelihood: -5062.051
5. Current log-likelihood: -5062.040
Optimal log-likelihood: -5062.026
Rate parameters:  A-C: 1.55764  A-G: 4.54293  A-T: 1.61264  C-G: 1.19977  C-T: 4.43542  G-T: 1.00000
Base frequencies:  A: 0.244  C: 0.230  G: 0.231  T: 0.295
Site proportion and rates:  (0.645,0.089) (0.030,0.151) (0.224,1.849) (0.101,5.189)
Parameters optimization took 5 rounds (0.873 sec)
BEST SCORE FOUND : -5062.026
Creating bootstrap support values...
Split supports printed to NEXUS file 5G35460_iqtree_final_superstrict_excluding_hybrids.splits.nex
Total tree length: 2.127

Total number of iterations: 177
CPU time used for tree search: 97.950 sec (0h:1m:37s)
Wall-clock time used for tree search: 139.850 sec (0h:2m:19s)
Total CPU time used: 233.263 sec (0h:3m:53s)
Total wall-clock time used: 264.533 sec (0h:4m:24s)

Computing bootstrap consensus tree...
Reading input file 5G35460_iqtree_final_superstrict_excluding_hybrids.splits.nex...
110 taxa and 918 splits.
Consensus tree written to 5G35460_iqtree_final_superstrict_excluding_hybrids.contree
Reading input trees file 5G35460_iqtree_final_superstrict_excluding_hybrids.contree
Log-likelihood of consensus tree: -5062.494

Analysis results written to: 
  IQ-TREE report:                5G35460_iqtree_final_superstrict_excluding_hybrids.iqtree
  Maximum-likelihood tree:       5G35460_iqtree_final_superstrict_excluding_hybrids.treefile
  Likelihood distances:          5G35460_iqtree_final_superstrict_excluding_hybrids.mldist

Ultrafast bootstrap approximation results written to:
  Split support values:          5G35460_iqtree_final_superstrict_excluding_hybrids.splits.nex
  Consensus tree:                5G35460_iqtree_final_superstrict_excluding_hybrids.contree
  Screen log file:               5G35460_iqtree_final_superstrict_excluding_hybrids.log

ALISIM COMMAND
--------------
--alisim simulated_MSA -t 5G35460_iqtree_final_superstrict_excluding_hybrids.treefile -m "GTR{1.55764,4.54293,1.61264,1.19977,4.43542}+F{0.244384,0.229507,0.230856,0.295253}+R4{0.64529,0.0888669,0.0297056,0.151106,0.224031,1.84913,0.100973,5.18854}" --length 431

Date and Time: Fri Jun  2 09:51:23 2023
