IQ-TREE multicore version 2.2.2 COVID-edition for Linux 64-bit built Sep 20 2022
Developed by Bui Quang Minh, James Barbetti, Nguyen Lam Tung,
Olga Chernomor, Heiko Schmidt, Dominik Schrempf, Michael Woodhams, Ly Trong Nhan.

Host:    netdc-bms-c11f (AVX2, FMA3, 377 GB RAM)
Command: /home/kasper.hendriks/iqtree-2.2.2-Linux/bin/iqtree2 -s 5G36890_taper_final_superstrict_excluding_hybrids.fasta -B 1000 -nm 1000 -m GTR+F+R -nt AUTO --prefix 5G36890_iqtree_final_superstrict_excluding_hybrids
Seed:    9370 (Using SPRNG - Scalable Parallel Random Number Generator)
Time:    Fri Jun  2 09:47:36 2023
Kernel:  AVX+FMA - auto-detect threads (56 CPU cores detected)

Reading alignment file 5G36890_taper_final_superstrict_excluding_hybrids.fasta ... Fasta format detected
Reading fasta file: done in 0.00192189 secs
Alignment most likely contains DNA/RNA sequences
Constructing alignment: done in 0.00448298 secs using 1236% CPU
Alignment has 123 sequences with 633 columns, 411 distinct patterns
231 parsimony-informative, 91 singleton sites, 311 constant sites
               Gap/Ambiguity  Composition  p-value
Analyzing sequences: done in 0.00401592 secs using 1246% CPU
   1  PAFTOL_019361   70.62%    passed     10.11%
   2  S0055            0.00%    passed     93.75%
   3  S0196sl         34.12%    passed     96.82%
   4  S0278            0.00%    passed     97.27%
   5  S0281            0.63%    passed     99.52%
   6  S0282            0.16%    passed     98.88%
   7  S0288            5.21%    passed     89.69%
   8  S0289            0.00%    passed     98.68%
   9  S0292            1.90%    passed     98.31%
  10  S0293           14.38%    passed     96.71%
  11  S0294            0.00%    passed     92.80%
  12  S0299            0.32%    passed     99.18%
  13  S0308            0.00%    passed     98.13%
  14  S0320            0.00%    passed     98.17%
  15  S0327            0.00%    passed     99.56%
  16  S0335            0.00%    passed     99.93%
  17  S0355           35.55%    passed     97.56%
  18  S0376           16.43%    passed     93.46%
  19  S0400            0.00%    passed     99.88%
  20  S0405            0.16%    passed     99.78%
  21  S0407sl         33.65%    passed     97.47%
  22  S0412sl         12.80%    passed     97.87%
  23  S0417            0.00%    passed     99.02%
  24  S0419            0.16%    passed     99.24%
  25  S0427            0.00%    passed     94.61%
  26  S0428sl         33.18%    passed     88.49%
  27  S0478            1.58%    passed     95.58%
  28  S0552sl          2.05%    passed     99.39%
  29  S0558            3.95%    passed     88.67%
  30  S0616            3.79%    passed     92.62%
  31  S0624            0.00%    passed     96.02%
  32  S0641            0.00%    passed     97.29%
  33  S0643            0.16%    passed     98.26%
  34  S0645sl          0.00%    passed     98.81%
  35  S0656sl          0.47%    passed     96.67%
  36  S0673            0.16%    passed     99.59%
  37  S0689            1.74%    passed     99.73%
  38  S0720            0.16%    passed     99.85%
  39  S0724sl         35.55%    passed     90.55%
  40  S0735            0.00%    passed     84.10%
  41  S0742            0.00%    passed     91.73%
  42  S0748            0.16%    passed     74.25%
  43  S0753            5.21%    passed     96.74%
  44  S0756            0.00%    passed     99.59%
  45  S0758            1.42%    passed     99.79%
  46  S0760            0.00%    passed    100.00%
  47  S0763            0.00%    passed     96.36%
  48  S0765            0.00%    passed     99.09%
  49  S0770            0.00%    passed     99.48%
  50  S0795            0.00%    passed     99.83%
  51  S0888            0.00%    passed     85.93%
  52  S0894            1.58%    passed     97.29%
  53  S0899            0.00%    passed     99.08%
  54  S0906            0.00%    passed     96.48%
  55  S0952            0.16%    passed     99.82%
  56  S0956            0.00%    passed     88.99%
  57  S0959            2.37%    passed     88.74%
  58  S0960            0.32%    passed     97.18%
  59  S1052sl         30.02%    passed     80.78%
  60  S1083            0.00%    passed     99.78%
  61  S1100            0.00%    passed     90.52%
  62  S1102            0.00%    passed     86.40%
  63  S1110           70.14%    passed     48.60%
  64  S1120            0.00%    passed     98.45%
  65  S1128            0.32%    passed     99.58%
  66  S1129sl          1.11%    passed     98.71%
  67  S1148            0.16%    passed     91.04%
  68  S1177            0.00%    passed     99.28%
  69  S1180            0.00%    passed     90.67%
  70  S1189            0.00%    passed     98.67%
  71  S1201sl          0.00%    passed     90.50%
  72  S1210            0.00%    passed     99.78%
  73  S1211            0.00%    passed     91.95%
  74  S1214sl          0.79%    passed     99.85%
  75  S1223            0.32%    passed     90.17%
  76  S1227            1.26%    passed     99.80%
  77  S1235sl          0.00%    passed     90.39%
  78  S1238sl          0.00%    passed     97.97%
  79  S1239            0.16%    passed     96.88%
  80  S1245            1.26%    passed     99.70%
  81  S1246            1.26%    passed     98.95%
  82  S1250sl          0.63%    passed     98.13%
  83  S1251            0.00%    passed     95.03%
  84  S1260           37.60%    passed     80.05%
  85  S1266sl          0.00%    passed     89.20%
  86  S1278            0.00%    passed     99.42%
  87  S1315            0.16%    passed     85.51%
  88  S1332            0.00%    passed     90.91%
  89  S1366           33.18%    passed     72.50%
  90  S1369            0.32%    passed     99.91%
  91  S1370            2.53%    passed     98.55%
  92  S1375            2.69%    passed     96.90%
  93  S1376            0.00%    passed     95.15%
  94  S1381           34.28%    passed     95.46%
  95  S1405            1.58%    passed     98.81%
  96  S1422            0.00%    passed     73.66%
  97  S1449            0.00%    passed     98.87%
  98  S1451            0.00%    passed     95.57%
  99  S1460            0.00%    passed     99.49%
 100  S1462            0.00%    passed     99.93%
 101  S1475            0.95%    passed     99.52%
 102  S1498            0.00%    passed     99.91%
 103  S1539            0.00%    passed     99.54%
 104  S_670            2.84%    passed     99.44%
 105  SRR11470320      0.00%    passed     99.92%
 106  SRR8528336       0.63%    passed     99.78%
 107  SRR8528341       1.90%    passed     96.89%
 108  SRR8528343       0.00%    passed     96.80%
 109  SRR8528347       0.00%    passed     99.95%
 110  SRR8528350       0.00%    passed     93.30%
 111  SRR8528354       0.00%    passed     98.50%
 112  SRR8528357       0.00%    passed     99.35%
 113  SRR8528359       0.00%    passed     99.90%
 114  SRR8528361       9.32%    passed     95.00%
 115  SRR8528365       0.00%    passed     99.25%
 116  SRR8528370       0.00%    passed     99.58%
 117  SRR8528372       0.00%    passed     98.83%
 118  SRR8528379       0.95%    passed     98.68%
 119  SRR8528381       9.95%    passed     67.58%
 120  SRR8528384       0.00%    passed     99.28%
 121  SRR8528389       0.00%    passed     99.87%
 122  SRR8528391       0.16%    passed     98.64%
 123  SRR8528400       0.16%    passed     89.93%
WARNING: 2 sequences contain more than 50% gaps/ambiguity
****  TOTAL            4.61%  0 sequences failed composition chi2 test (p-value<5%; df=3)
Checking for duplicate sequences: done in 0.00753999 secs using 1349% CPU

Create initial parsimony tree by phylogenetic likelihood library (PLL)... 0.038 seconds
Generating 1000 samples for ultrafast bootstrap (seed: 9370)...

NOTE: 8 MB RAM (0 GB) is required!
Measuring multi-threading efficiency up to 56 CPU cores
Increase to 10 rounds for branch lengths
263 trees examined
Threads: 1 / Time: 56.342 sec / Speedup: 1.000 / Efficiency: 100% / LogL: -13441
Threads: 2 / Time: 71.815 sec / Speedup: 0.785 / Efficiency: 39% / LogL: -13441
Determining AUTO threadcount: done in 128.159 secs using 126.6% CPU
BEST NUMBER OF THREADS: 1

Estimate model parameters (epsilon = 0.100)
1. Initial log-likelihood: -8512.202
2. Current log-likelihood: -8076.552
3. Current log-likelihood: -8061.649
4. Current log-likelihood: -8057.350
5. Current log-likelihood: -8055.185
6. Current log-likelihood: -8053.606
7. Current log-likelihood: -8052.572
8. Current log-likelihood: -8051.773
9. Current log-likelihood: -8051.149
10. Current log-likelihood: -8050.654
11. Current log-likelihood: -8050.256
12. Current log-likelihood: -8049.931
13. Current log-likelihood: -8049.736
14. Current log-likelihood: -8049.559
15. Current log-likelihood: -8049.403
16. Current log-likelihood: -8049.266
17. Current log-likelihood: -8049.145
18. Current log-likelihood: -8049.037
Optimal log-likelihood: -8048.894
Rate parameters:  A-C: 1.80163  A-G: 5.38296  A-T: 1.70129  C-G: 1.23879  C-T: 6.32449  G-T: 1.00000
Base frequencies:  A: 0.297  C: 0.183  G: 0.230  T: 0.290
Site proportion and rates:  (0.579,0.116) (0.028,0.268) (0.305,1.541) (0.087,5.203)
Parameters optimization took 18 rounds (5.857 sec)
Wrote distance file to... 
Computing ML distances based on estimated model parameters...
Calculating distance matrix: done in 0.268021 secs using 49.66% CPU
Computing ML distances took 0.268629 sec (of wall-clock time) 0.133692 sec (of CPU time)
Setting up auxiliary I and S matrices: done in 0.00108695 secs using 100% CPU
Constructing RapidNJ tree: done in 0.00269985 secs using 242.4% CPU
Computing RapidNJ tree took 0.003971 sec (of wall-clock time) 0.007815 sec (of CPU time)
Log-likelihood of RapidNJ tree: -8109.607
--------------------------------------------------------------------
|             INITIALIZING CANDIDATE TREE SET                      |
--------------------------------------------------------------------
Generating 98 parsimony trees... 2.466 second
Computing log-likelihood of 98 initial trees ... 2.845 seconds
Current best score: -7970.803

Do NNI search on 20 best initial trees
Optimizing NNI: done in 1.20761 secs using 100% CPU
Estimate model parameters (epsilon = 0.100)
BETTER TREE FOUND at iteration 1: -7958.991
Optimizing NNI: done in 1.04709 secs using 100% CPU
Optimizing NNI: done in 1.01659 secs using 100% CPU
Optimizing NNI: done in 1.17898 secs using 99.8% CPU
Optimizing NNI: done in 1.01407 secs using 99.61% CPU
Optimizing NNI: done in 0.913994 secs using 85.53% CPU
Optimizing NNI: done in 1.10864 secs using 78.83% CPU
Optimizing NNI: done in 1.09877 secs using 98.38% CPU
Optimizing NNI: done in 0.968427 secs using 99.99% CPU
Optimizing NNI: done in 0.773583 secs using 100% CPU
Iteration 10 / LogL: -7972.456 / Time: 0h:2m:31s
Optimizing NNI: done in 1.04811 secs using 100% CPU
Optimizing NNI: done in 0.982292 secs using 100% CPU
Optimizing NNI: done in 0.899317 secs using 99.99% CPU
Optimizing NNI: done in 0.829213 secs using 100% CPU
Optimizing NNI: done in 1.0291 secs using 100% CPU
Optimizing NNI: done in 0.966503 secs using 100% CPU
Optimizing NNI: done in 0.902453 secs using 99.99% CPU
Optimizing NNI: done in 0.96178 secs using 100% CPU
Optimizing NNI: done in 0.830739 secs using 92.78% CPU
Optimizing NNI: done in 1.21676 secs using 100% CPU
Iteration 20 / LogL: -7969.448 / Time: 0h:2m:40s
Finish initializing candidate tree set (20)
Current best tree score: -7958.991 / CPU time: 26.042
Number of iterations: 20
--------------------------------------------------------------------
|               OPTIMIZING CANDIDATE TREE SET                      |
--------------------------------------------------------------------
Optimizing NNI: done in 1.33095 secs using 99.99% CPU
Estimate model parameters (epsilon = 0.100)
BETTER TREE FOUND at iteration 21: -7957.972
Optimizing NNI: done in 0.826462 secs using 99.99% CPU
Optimizing NNI: done in 1.21056 secs using 100% CPU
Optimizing NNI: done in 0.788746 secs using 100% CPU
Optimizing NNI: done in 1.06235 secs using 92.73% CPU
Optimizing NNI: done in 0.938884 secs using 100% CPU
Optimizing NNI: done in 0.598277 secs using 97.32% CPU
Optimizing NNI: done in 0.882832 secs using 98.14% CPU
Optimizing NNI: done in 1.06725 secs using 88.94% CPU
Estimate model parameters (epsilon = 0.100)
BETTER TREE FOUND at iteration 29: -7957.015
Optimizing NNI: done in 0.877996 secs using 99.73% CPU
Iteration 30 / LogL: -7963.634 / Time: 0h:2m:51s (0h:9m:43s left)
Optimizing NNI: done in 1.11532 secs using 100% CPU
Optimizing NNI: done in 0.881467 secs using 95.46% CPU
Estimate model parameters (epsilon = 0.100)
BETTER TREE FOUND at iteration 32: -7956.845
Optimizing NNI: done in 1.11317 secs using 99.99% CPU
BETTER TREE FOUND at iteration 33: -7956.837
Optimizing NNI: done in 0.937798 secs using 89.79% CPU
Optimizing NNI: done in 1.07465 secs using 99.64% CPU
Estimate model parameters (epsilon = 0.100)
BETTER TREE FOUND at iteration 35: -7956.753
Optimizing NNI: done in 0.808633 secs using 100% CPU
Optimizing NNI: done in 1.32432 secs using 77.32% CPU
Optimizing NNI: done in 1.3817 secs using 74.38% CPU
Optimizing NNI: done in 0.921914 secs using 82.54% CPU
Optimizing NNI: done in 0.958138 secs using 100% CPU
Iteration 40 / LogL: -7973.431 / Time: 0h:3m:2s (0h:7m:23s left)
Optimizing NNI: done in 0.758135 secs using 97.89% CPU
Optimizing NNI: done in 1.22193 secs using 99.02% CPU
Optimizing NNI: done in 0.926841 secs using 100% CPU
Optimizing NNI: done in 1.5775 secs using 64.46% CPU
Optimizing NNI: done in 0.873668 secs using 87.47% CPU
Optimizing NNI: done in 1.02229 secs using 91.78% CPU
Optimizing NNI: done in 0.821084 secs using 99.52% CPU
Optimizing NNI: done in 1.06508 secs using 89.11% CPU
Optimizing NNI: done in 1.2661 secs using 65.86% CPU
Optimizing NNI: done in 1.08786 secs using 87.1% CPU
Estimate model parameters (epsilon = 0.100)
BETTER TREE FOUND at iteration 50: -7956.468
Iteration 50 / LogL: -7956.468 / Time: 0h:3m:13s (0h:6m:34s left)
Log-likelihood cutoff on original alignment: -7993.008
Optimizing NNI: done in 1.27957 secs using 69.48% CPU
Optimizing NNI: done in 0.966493 secs using 80.13% CPU
Optimizing NNI: done in 1.56101 secs using 80.26% CPU
BETTER TREE FOUND at iteration 53: -7956.464
Optimizing NNI: done in 1.23075 secs using 79.01% CPU
Optimizing NNI: done in 1.06964 secs using 76.43% CPU
Optimizing NNI: done in 1.19718 secs using 75.03% CPU
Optimizing NNI: done in 1.02282 secs using 85.31% CPU
Optimizing NNI: done in 1.20724 secs using 85.84% CPU
Optimizing NNI: done in 1.11595 secs using 78.09% CPU
Optimizing NNI: done in 1.16031 secs using 68.57% CPU
Iteration 60 / LogL: -7959.853 / Time: 0h:3m:26s (0h:5m:25s left)
Optimizing NNI: done in 1.38238 secs using 65.85% CPU
Optimizing NNI: done in 1.57518 secs using 63.65% CPU
Optimizing NNI: done in 1.1563 secs using 75.45% CPU
Optimizing NNI: done in 1.61654 secs using 68.04% CPU
Optimizing NNI: done in 1.65497 secs using 62.64% CPU
Optimizing NNI: done in 1.34252 secs using 68.3% CPU
Optimizing NNI: done in 1.58341 secs using 64.91% CPU
Optimizing NNI: done in 1.05049 secs using 72.7% CPU
Optimizing NNI: done in 0.870581 secs using 100% CPU
Optimizing NNI: done in 1.12092 secs using 85.82% CPU
Iteration 70 / LogL: -7958.284 / Time: 0h:3m:40s (0h:4m:25s left)
Optimizing NNI: done in 1.26726 secs using 86.22% CPU
Optimizing NNI: done in 0.89225 secs using 74.26% CPU
Optimizing NNI: done in 0.95763 secs using 83.44% CPU
Optimizing NNI: done in 1.12461 secs using 71.26% CPU
Optimizing NNI: done in 1.22246 secs using 62.06% CPU
Optimizing NNI: done in 1.28222 secs using 67.15% CPU
Optimizing NNI: done in 1.68534 secs using 62.19% CPU
BETTER TREE FOUND at iteration 77: -7956.462
Optimizing NNI: done in 1.22737 secs using 60.09% CPU
Optimizing NNI: done in 0.750854 secs using 100% CPU
Optimizing NNI: done in 1.65677 secs using 78.48% CPU
Iteration 80 / LogL: -7957.216 / Time: 0h:3m:52s (0h:4m:45s left)
Optimizing NNI: done in 0.770577 secs using 89.09% CPU
Optimizing NNI: done in 0.854419 secs using 99.45% CPU
Optimizing NNI: done in 1.14459 secs using 99.97% CPU
Optimizing NNI: done in 1.21908 secs using 69.59% CPU
Optimizing NNI: done in 0.943843 secs using 62.28% CPU
Optimizing NNI: done in 1.3771 secs using 61.58% CPU
Optimizing NNI: done in 0.719978 secs using 98.28% CPU
Optimizing NNI: done in 1.03223 secs using 100% CPU
Optimizing NNI: done in 1.07762 secs using 78.43% CPU
Optimizing NNI: done in 1.37067 secs using 64.61% CPU
Iteration 90 / LogL: -7960.292 / Time: 0h:4m:3s (0h:3m:58s left)
Optimizing NNI: done in 1.27471 secs using 61.08% CPU
Optimizing NNI: done in 1.30016 secs using 69.65% CPU
Optimizing NNI: done in 1.06943 secs using 89.5% CPU
Optimizing NNI: done in 1.38023 secs using 63.17% CPU
Optimizing NNI: done in 1.11682 secs using 91.35% CPU
Optimizing NNI: done in 0.824819 secs using 100% CPU
Optimizing NNI: done in 1.04464 secs using 94.09% CPU
Optimizing NNI: done in 1.12708 secs using 78.82% CPU
Optimizing NNI: done in 0.947752 secs using 99.98% CPU
Optimizing NNI: done in 0.843472 secs using 99.64% CPU
Iteration 100 / LogL: -7961.054 / Time: 0h:4m:14s (0h:3m:18s left)
Log-likelihood cutoff on original alignment: -7991.920
NOTE: Bootstrap correlation coefficient of split occurrence frequencies: 0.995
Optimizing NNI: done in 1.19279 secs using 66.15% CPU
Optimizing NNI: done in 1.08706 secs using 74.43% CPU
Optimizing NNI: done in 0.825989 secs using 88.25% CPU
Optimizing NNI: done in 1.12428 secs using 81.88% CPU
Optimizing NNI: done in 1.13823 secs using 72.45% CPU
Optimizing NNI: done in 0.997822 secs using 97.58% CPU
Optimizing NNI: done in 0.92838 secs using 80.17% CPU
Optimizing NNI: done in 0.98609 secs using 73.26% CPU
Optimizing NNI: done in 1.70723 secs using 64.72% CPU
Optimizing NNI: done in 1.28413 secs using 83.97% CPU
Iteration 110 / LogL: -7957.202 / Time: 0h:4m:27s (0h:3m:40s left)
Optimizing NNI: done in 1.45984 secs using 66.3% CPU
Optimizing NNI: done in 1.18883 secs using 75.77% CPU
Optimizing NNI: done in 0.994921 secs using 99.85% CPU
Optimizing NNI: done in 0.720688 secs using 99.99% CPU
Optimizing NNI: done in 0.876962 secs using 99.99% CPU
Optimizing NNI: done in 0.842914 secs using 87.34% CPU
Optimizing NNI: done in 1.29965 secs using 71.64% CPU
Optimizing NNI: done in 1.07676 secs using 73.25% CPU
Optimizing NNI: done in 0.724439 secs using 100% CPU
Optimizing NNI: done in 0.653715 secs using 99.46% CPU
Iteration 120 / LogL: -7963.456 / Time: 0h:4m:37s (0h:3m:6s left)
Optimizing NNI: done in 0.919543 secs using 92.96% CPU
Optimizing NNI: done in 0.878252 secs using 99.96% CPU
BETTER TREE FOUND at iteration 122: -7956.462
Optimizing NNI: done in 1.58142 secs using 69.26% CPU
Optimizing NNI: done in 0.929255 secs using 100% CPU
Optimizing NNI: done in 0.930707 secs using 100% CPU
Optimizing NNI: done in 0.880367 secs using 99.93% CPU
Optimizing NNI: done in 0.861872 secs using 74.4% CPU
Optimizing NNI: done in 1.11274 secs using 65.84% CPU
Optimizing NNI: done in 0.857757 secs using 99.9% CPU
Optimizing NNI: done in 0.783377 secs using 99.99% CPU
Iteration 130 / LogL: -7960.012 / Time: 0h:4m:47s (0h:3m:25s left)
Optimizing NNI: done in 1.11649 secs using 77.81% CPU
Optimizing NNI: done in 0.962157 secs using 99.91% CPU
Optimizing NNI: done in 0.743023 secs using 99.99% CPU
Optimizing NNI: done in 0.879291 secs using 81.71% CPU
Optimizing NNI: done in 0.770168 secs using 99.99% CPU
Optimizing NNI: done in 0.836818 secs using 100% CPU
Optimizing NNI: done in 0.664627 secs using 99.99% CPU
Optimizing NNI: done in 0.749235 secs using 97.86% CPU
Optimizing NNI: done in 1.76139 secs using 54.38% CPU
Optimizing NNI: done in 1.50827 secs using 55.94% CPU
Iteration 140 / LogL: -7958.892 / Time: 0h:4m:58s (0h:2m:55s left)
Optimizing NNI: done in 1.34837 secs using 69.71% CPU
Optimizing NNI: done in 2.0882 secs using 53.18% CPU
UPDATE BEST LOG-LIKELIHOOD: -7956.461
Optimizing NNI: done in 1.54937 secs using 57.46% CPU
Optimizing NNI: done in 1.89139 secs using 51.82% CPU
Optimizing NNI: done in 1.53029 secs using 68.3% CPU
Optimizing NNI: done in 1.35302 secs using 62.96% CPU
Optimizing NNI: done in 0.938778 secs using 92.62% CPU
Optimizing NNI: done in 0.889935 secs using 99.97% CPU
Optimizing NNI: done in 0.613959 secs using 99.99% CPU
Optimizing NNI: done in 1.05534 secs using 78.85% CPU
Iteration 150 / LogL: -7957.281 / Time: 0h:5m:12s (0h:2m:30s left)
Log-likelihood cutoff on original alignment: -7991.920
Optimizing NNI: done in 1.19585 secs using 83.55% CPU
Optimizing NNI: done in 0.843384 secs using 96.67% CPU
Optimizing NNI: done in 0.802287 secs using 87.29% CPU
Optimizing NNI: done in 2.17785 secs using 61.36% CPU
BETTER TREE FOUND at iteration 154: -7956.461
Optimizing NNI: done in 1.22362 secs using 97.07% CPU
Optimizing NNI: done in 1.17718 secs using 81.52% CPU
Optimizing NNI: done in 1.18358 secs using 62.48% CPU
Optimizing NNI: done in 1.35072 secs using 79.71% CPU
Optimizing NNI: done in 0.757212 secs using 87.6% CPU
Optimizing NNI: done in 0.769702 secs using 100% CPU
Iteration 160 / LogL: -7960.800 / Time: 0h:5m:24s (0h:3m:11s left)
Optimizing NNI: done in 0.620121 secs using 100% CPU
Optimizing NNI: done in 1.32706 secs using 80.44% CPU
Optimizing NNI: done in 0.810829 secs using 99.99% CPU
Estimate model parameters (epsilon = 0.100)
BETTER TREE FOUND at iteration 163: -7956.382
Optimizing NNI: done in 1.18506 secs using 85.28% CPU
Optimizing NNI: done in 1.19809 secs using 78.85% CPU
Optimizing NNI: done in 0.986291 secs using 99.95% CPU
Optimizing NNI: done in 1.14184 secs using 65.21% CPU
Optimizing NNI: done in 1.196 secs using 82.27% CPU
Optimizing NNI: done in 0.704023 secs using 99.99% CPU
Optimizing NNI: done in 1.37062 secs using 76.54% CPU
Iteration 170 / LogL: -7956.407 / Time: 0h:5m:35s (0h:3m:4s left)
Optimizing NNI: done in 0.923289 secs using 99.92% CPU
Optimizing NNI: done in 0.419461 secs using 99.85% CPU
Optimizing NNI: done in 1.21652 secs using 80.89% CPU
Optimizing NNI: done in 0.872112 secs using 90.36% CPU
Optimizing NNI: done in 1.07551 secs using 97.02% CPU
Optimizing NNI: done in 0.923907 secs using 99.99% CPU
Optimizing NNI: done in 1.22516 secs using 85.7% CPU
Optimizing NNI: done in 1.20774 secs using 88.61% CPU
Optimizing NNI: done in 1.43638 secs using 74.64% CPU
Optimizing NNI: done in 1.30381 secs using 69.04% CPU
Iteration 180 / LogL: -7956.746 / Time: 0h:5m:46s (0h:2m:40s left)
Optimizing NNI: done in 1.18761 secs using 65.79% CPU
Optimizing NNI: done in 1.08405 secs using 90.48% CPU
Optimizing NNI: done in 0.978367 secs using 99.99% CPU
Optimizing NNI: done in 0.894399 secs using 99.46% CPU
Optimizing NNI: done in 0.668424 secs using 99.99% CPU
Optimizing NNI: done in 0.721489 secs using 99.96% CPU
Optimizing NNI: done in 1.17009 secs using 84.87% CPU
Optimizing NNI: done in 0.916294 secs using 80.15% CPU
Optimizing NNI: done in 1.24618 secs using 82.9% CPU
Optimizing NNI: done in 0.746452 secs using 88.74% CPU
Iteration 190 / LogL: -7963.175 / Time: 0h:5m:56s (0h:2m:17s left)
Optimizing NNI: done in 0.667836 secs using 97.59% CPU
Optimizing NNI: done in 0.818489 secs using 91.54% CPU
Optimizing NNI: done in 0.873452 secs using 94.5% CPU
Optimizing NNI: done in 0.692152 secs using 99.99% CPU
Optimizing NNI: done in 1.32155 secs using 99.99% CPU
Optimizing NNI: done in 0.984685 secs using 76.28% CPU
Optimizing NNI: done in 1.24568 secs using 68.47% CPU
Optimizing NNI: done in 0.878876 secs using 68.98% CPU
Optimizing NNI: done in 0.869877 secs using 81.11% CPU
Optimizing NNI: done in 0.733495 secs using 95.18% CPU
Iteration 200 / LogL: -7964.529 / Time: 0h:6m:6s (0h:1m:55s left)
Log-likelihood cutoff on original alignment: -7991.920
NOTE: Bootstrap correlation coefficient of split occurrence frequencies: 0.999
Optimizing NNI: done in 0.861099 secs using 75.05% CPU
Optimizing NNI: done in 1.40297 secs using 71.93% CPU
Optimizing NNI: done in 0.987345 secs using 73.14% CPU
Optimizing NNI: done in 0.871531 secs using 78.42% CPU
Optimizing NNI: done in 1.59254 secs using 62.28% CPU
Optimizing NNI: done in 1.12391 secs using 81.07% CPU
Optimizing NNI: done in 0.986861 secs using 74.31% CPU
Optimizing NNI: done in 0.847345 secs using 96.39% CPU
Optimizing NNI: done in 1.27806 secs using 66.63% CPU
Optimizing NNI: done in 1.05096 secs using 66.82% CPU
Iteration 210 / LogL: -7961.801 / Time: 0h:6m:18s (0h:2m:43s left)
Optimizing NNI: done in 1.4772 secs using 65.49% CPU
Optimizing NNI: done in 0.903032 secs using 81.77% CPU
Optimizing NNI: done in 1.19 secs using 76.23% CPU
Optimizing NNI: done in 0.76361 secs using 99.96% CPU
Optimizing NNI: done in 1.29046 secs using 68.55% CPU
Optimizing NNI: done in 1.10003 secs using 72.69% CPU
Optimizing NNI: done in 1.04122 secs using 67.98% CPU
Optimizing NNI: done in 1.23007 secs using 53.44% CPU
Optimizing NNI: done in 0.977801 secs using 76.77% CPU
Optimizing NNI: done in 0.808814 secs using 86.83% CPU
Iteration 220 / LogL: -7956.407 / Time: 0h:6m:30s (0h:2m:22s left)
Optimizing NNI: done in 0.702845 secs using 99.4% CPU
BETTER TREE FOUND at iteration 221: -7956.377
Optimizing NNI: done in 1.26406 secs using 75.93% CPU
Optimizing NNI: done in 0.912612 secs using 100% CPU
Optimizing NNI: done in 0.568709 secs using 93.51% CPU
Optimizing NNI: done in 1.28219 secs using 67.79% CPU
Optimizing NNI: done in 0.876002 secs using 92.68% CPU
Optimizing NNI: done in 0.946053 secs using 99.99% CPU
Optimizing NNI: done in 0.987043 secs using 87.84% CPU
Optimizing NNI: done in 0.988852 secs using 95.9% CPU
Optimizing NNI: done in 0.721891 secs using 99.96% CPU
Iteration 230 / LogL: -7958.090 / Time: 0h:6m:39s (0h:2m:38s left)
Optimizing NNI: done in 0.806328 secs using 84.78% CPU
Estimate model parameters (epsilon = 0.100)
BETTER TREE FOUND at iteration 231: -7956.262
Optimizing NNI: done in 0.796903 secs using 79.02% CPU
Optimizing NNI: done in 1.55059 secs using 70.15% CPU
Optimizing NNI: done in 0.768692 secs using 99.99% CPU
BETTER TREE FOUND at iteration 234: -7956.257
Optimizing NNI: done in 0.911479 secs using 99.98% CPU
Optimizing NNI: done in 0.63856 secs using 99.99% CPU
Optimizing NNI: done in 0.997237 secs using 84.35% CPU
BETTER TREE FOUND at iteration 237: -7956.254
Optimizing NNI: done in 1.00528 secs using 92.2% CPU
Optimizing NNI: done in 0.802767 secs using 98.84% CPU
Optimizing NNI: done in 0.694459 secs using 99.99% CPU
Iteration 240 / LogL: -7959.198 / Time: 0h:6m:49s (0h:2m:46s left)
Optimizing NNI: done in 0.604753 secs using 99.99% CPU
Optimizing NNI: done in 0.641179 secs using 99.99% CPU
Optimizing NNI: done in 1.60916 secs using 73.14% CPU
Optimizing NNI: done in 0.859029 secs using 99.99% CPU
Optimizing NNI: done in 0.960987 secs using 100% CPU
Optimizing NNI: done in 1.05887 secs using 94.29% CPU
Optimizing NNI: done in 0.86719 secs using 99.53% CPU
Optimizing NNI: done in 0.962113 secs using 96.93% CPU
Optimizing NNI: done in 0.997639 secs using 99.99% CPU
Optimizing NNI: done in 0.941884 secs using 88.02% CPU
Iteration 250 / LogL: -7959.903 / Time: 0h:6m:59s (0h:2m:26s left)
Log-likelihood cutoff on original alignment: -7991.920
Optimizing NNI: done in 0.897551 secs using 88.87% CPU
Optimizing NNI: done in 0.745163 secs using 99.93% CPU
Optimizing NNI: done in 1.33607 secs using 73.91% CPU
Optimizing NNI: done in 0.555581 secs using 99.04% CPU
Optimizing NNI: done in 1.03426 secs using 68.48% CPU
Optimizing NNI: done in 1.24506 secs using 75.4% CPU
Optimizing NNI: done in 1.65941 secs using 61.61% CPU
Optimizing NNI: done in 1.03712 secs using 80.63% CPU
Optimizing NNI: done in 0.797889 secs using 100% CPU
Optimizing NNI: done in 0.700311 secs using 85.44% CPU
Iteration 260 / LogL: -7959.325 / Time: 0h:7m:10s (0h:2m:8s left)
Optimizing NNI: done in 0.788272 secs using 92.28% CPU
Optimizing NNI: done in 0.966569 secs using 100% CPU
Optimizing NNI: done in 0.807322 secs using 83.47% CPU
Optimizing NNI: done in 0.955187 secs using 99.93% CPU
Optimizing NNI: done in 0.737339 secs using 100% CPU
Optimizing NNI: done in 0.520938 secs using 100% CPU
Optimizing NNI: done in 1.20564 secs using 77.29% CPU
Optimizing NNI: done in 0.92406 secs using 99.99% CPU
Optimizing NNI: done in 0.765855 secs using 97.9% CPU
Optimizing NNI: done in 1.15548 secs using 92.99% CPU
Iteration 270 / LogL: -7956.747 / Time: 0h:7m:20s (0h:1m:49s left)
Optimizing NNI: done in 0.712964 secs using 99.99% CPU
Optimizing NNI: done in 0.65425 secs using 99.99% CPU
Optimizing NNI: done in 0.866631 secs using 97.69% CPU
Optimizing NNI: done in 0.909966 secs using 99.99% CPU
Optimizing NNI: done in 0.967638 secs using 97.88% CPU
Optimizing NNI: done in 1.04971 secs using 99.56% CPU
Optimizing NNI: done in 1.47786 secs using 69.53% CPU
Optimizing NNI: done in 1.10036 secs using 67.65% CPU
Optimizing NNI: done in 1.11084 secs using 74.73% CPU
Optimizing NNI: done in 0.789833 secs using 98.31% CPU
Iteration 280 / LogL: -7963.074 / Time: 0h:7m:30s (0h:1m:32s left)
Optimizing NNI: done in 0.695304 secs using 97.67% CPU
Optimizing NNI: done in 0.882177 secs using 92.74% CPU
Optimizing NNI: done in 0.884962 secs using 96.38% CPU
Optimizing NNI: done in 0.878184 secs using 96.35% CPU
Optimizing NNI: done in 0.822132 secs using 91.23% CPU
Optimizing NNI: done in 1.14865 secs using 77.89% CPU
Optimizing NNI: done in 0.938879 secs using 95.71% CPU
Optimizing NNI: done in 0.937394 secs using 90.72% CPU
Optimizing NNI: done in 1.20205 secs using 82.51% CPU
Optimizing NNI: done in 1.18802 secs using 70.52% CPU
Iteration 290 / LogL: -7956.480 / Time: 0h:7m:40s (0h:1m:14s left)
Optimizing NNI: done in 1.16647 secs using 76.13% CPU
Optimizing NNI: done in 0.893208 secs using 87.08% CPU
Optimizing NNI: done in 1.24099 secs using 91.61% CPU
Optimizing NNI: done in 0.895692 secs using 86.35% CPU
Optimizing NNI: done in 1.03681 secs using 80.48% CPU
Optimizing NNI: done in 0.836334 secs using 80.45% CPU
Optimizing NNI: done in 1.40601 secs using 70.08% CPU
Optimizing NNI: done in 0.961491 secs using 99.99% CPU
Optimizing NNI: done in 0.704129 secs using 99.57% CPU
Optimizing NNI: done in 0.999771 secs using 84.22% CPU
Iteration 300 / LogL: -7960.604 / Time: 0h:7m:51s (0h:0m:58s left)
Log-likelihood cutoff on original alignment: -7991.920
NOTE: Bootstrap correlation coefficient of split occurrence frequencies: 0.998
Optimizing NNI: done in 1.43914 secs using 74.24% CPU
Optimizing NNI: done in 1.10877 secs using 61.76% CPU
Optimizing NNI: done in 1.24819 secs using 64.46% CPU
Optimizing NNI: done in 1.33779 secs using 73.44% CPU
Optimizing NNI: done in 1.33862 secs using 77.5% CPU
Optimizing NNI: done in 0.672848 secs using 76.07% CPU
Optimizing NNI: done in 0.840768 secs using 85.55% CPU
Optimizing NNI: done in 0.641149 secs using 99.99% CPU
Optimizing NNI: done in 0.865818 secs using 87.15% CPU
Optimizing NNI: done in 1.24637 secs using 60.58% CPU
Iteration 310 / LogL: -7962.491 / Time: 0h:8m:3s (0h:2m:20s left)
Optimizing NNI: done in 1.53796 secs using 64.08% CPU
Optimizing NNI: done in 0.841169 secs using 91.19% CPU
Optimizing NNI: done in 0.948157 secs using 99.56% CPU
Optimizing NNI: done in 0.81587 secs using 75.48% CPU
Optimizing NNI: done in 1.37721 secs using 64.71% CPU
Optimizing NNI: done in 0.893968 secs using 80.31% CPU
Optimizing NNI: done in 0.821546 secs using 99.99% CPU
Optimizing NNI: done in 0.854334 secs using 97.27% CPU
Optimizing NNI: done in 0.624056 secs using 97.4% CPU
Optimizing NNI: done in 0.890518 secs using 99.99% CPU
Iteration 320 / LogL: -7963.390 / Time: 0h:8m:13s (0h:2m:3s left)
Optimizing NNI: done in 0.936441 secs using 86.35% CPU
Optimizing NNI: done in 0.783739 secs using 66.46% CPU
Optimizing NNI: done in 1.14727 secs using 61.92% CPU
Optimizing NNI: done in 1.50439 secs using 68.71% CPU
Optimizing NNI: done in 1.14389 secs using 64.93% CPU
Optimizing NNI: done in 0.936654 secs using 68.8% CPU
Optimizing NNI: done in 1.26905 secs using 70.51% CPU
Optimizing NNI: done in 1.24002 secs using 71.44% CPU
Optimizing NNI: done in 0.980673 secs using 73.36% CPU
Optimizing NNI: done in 0.645864 secs using 100% CPU
Iteration 330 / LogL: -7988.128 / Time: 0h:8m:25s (0h:1m:47s left)
Optimizing NNI: done in 0.698877 secs using 100% CPU
Optimizing NNI: done in 0.673048 secs using 100% CPU
Optimizing NNI: done in 0.764103 secs using 99.49% CPU
Optimizing NNI: done in 1.1099 secs using 99.99% CPU
Optimizing NNI: done in 1.03917 secs using 70.54% CPU
Optimizing NNI: done in 1.21094 secs using 64.71% CPU
Optimizing NNI: done in 1.36258 secs using 78.75% CPU
Optimizing NNI: done in 0.957201 secs using 82.72% CPU
TREE SEARCH COMPLETED AFTER 338 ITERATIONS / Time: 0h:8m:33s

--------------------------------------------------------------------
|                    FINALIZING TREE SEARCH                        |
--------------------------------------------------------------------
Performs final model parameters optimization
Estimate model parameters (epsilon = 0.010)
1. Initial log-likelihood: -7956.254
2. Current log-likelihood: -7956.228
3. Current log-likelihood: -7956.196
4. Current log-likelihood: -7956.167
5. Current log-likelihood: -7956.140
6. Current log-likelihood: -7956.124
7. Current log-likelihood: -7956.108
8. Current log-likelihood: -7956.094
9. Current log-likelihood: -7956.080
10. Current log-likelihood: -7956.067
11. Current log-likelihood: -7956.055
12. Current log-likelihood: -7956.044
13. Current log-likelihood: -7956.033
Optimal log-likelihood: -7956.017
Rate parameters:  A-C: 1.77025  A-G: 5.46285  A-T: 1.71543  C-G: 1.27036  C-T: 6.40186  G-T: 1.00000
Base frequencies:  A: 0.297  C: 0.183  G: 0.230  T: 0.290
Site proportion and rates:  (0.574,0.100) (0.013,0.230) (0.330,1.490) (0.084,5.344)
Parameters optimization took 13 rounds (3.207 sec)
BEST SCORE FOUND : -7956.017
Creating bootstrap support values...
Split supports printed to NEXUS file 5G36890_iqtree_final_superstrict_excluding_hybrids.splits.nex
Total tree length: 2.295

Total number of iterations: 338
CPU time used for tree search: 315.192 sec (0h:5m:15s)
Wall-clock time used for tree search: 378.807 sec (0h:6m:18s)
Total CPU time used: 488.361 sec (0h:8m:8s)
Total wall-clock time used: 517.624 sec (0h:8m:37s)

Computing bootstrap consensus tree...
Reading input file 5G36890_iqtree_final_superstrict_excluding_hybrids.splits.nex...
123 taxa and 1009 splits.
Consensus tree written to 5G36890_iqtree_final_superstrict_excluding_hybrids.contree
Reading input trees file 5G36890_iqtree_final_superstrict_excluding_hybrids.contree
Log-likelihood of consensus tree: -7956.714

Analysis results written to: 
  IQ-TREE report:                5G36890_iqtree_final_superstrict_excluding_hybrids.iqtree
  Maximum-likelihood tree:       5G36890_iqtree_final_superstrict_excluding_hybrids.treefile
  Likelihood distances:          5G36890_iqtree_final_superstrict_excluding_hybrids.mldist

Ultrafast bootstrap approximation results written to:
  Split support values:          5G36890_iqtree_final_superstrict_excluding_hybrids.splits.nex
  Consensus tree:                5G36890_iqtree_final_superstrict_excluding_hybrids.contree
  Screen log file:               5G36890_iqtree_final_superstrict_excluding_hybrids.log

ALISIM COMMAND
--------------
--alisim simulated_MSA -t 5G36890_iqtree_final_superstrict_excluding_hybrids.treefile -m "GTR{1.77025,5.46285,1.71543,1.27036,6.40186}+F{0.297218,0.182949,0.23016,0.289673}+R4{0.573974,0.0998788,0.0125214,0.229908,0.329536,1.49021,0.0839687,5.34383}" --length 633

Date and Time: Fri Jun  2 09:56:14 2023
