IQ-TREE multicore version 2.2.2 COVID-edition for Linux 64-bit built Sep 20 2022
Developed by Bui Quang Minh, James Barbetti, Nguyen Lam Tung,
Olga Chernomor, Heiko Schmidt, Dominik Schrempf, Michael Woodhams, Ly Trong Nhan.

Host:    netdc-bms-c11f (AVX2, FMA3, 377 GB RAM)
Command: /home/kasper.hendriks/iqtree-2.2.2-Linux/bin/iqtree2 -s 5G40480_taper_final_superstrict_excluding_hybrids.fasta -B 1000 -nm 1000 -m GTR+F+R -nt AUTO --prefix 5G40480_iqtree_final_superstrict_excluding_hybrids
Seed:    749917 (Using SPRNG - Scalable Parallel Random Number Generator)
Time:    Fri Jun  2 09:48:29 2023
Kernel:  AVX+FMA - auto-detect threads (56 CPU cores detected)

Reading alignment file 5G40480_taper_final_superstrict_excluding_hybrids.fasta ... Fasta format detected
Reading fasta file: done in 0.00745392 secs using 99.97% CPU
Alignment most likely contains DNA/RNA sequences
Constructing alignment: done in 0.0668409 secs using 1471% CPU
Alignment has 133 sequences with 2448 columns, 1970 distinct patterns
1214 parsimony-informative, 397 singleton sites, 837 constant sites
               Gap/Ambiguity  Composition  p-value
Analyzing sequences: done in 0.008003 secs using 1663% CPU
   1  PAFTOL_019361   30.80%    passed     99.38%
   2  S0055            0.00%    passed     86.37%
   3  S0196sl         18.79%    passed     95.08%
   4  S0278            2.94%    passed     88.82%
   5  S0281            1.18%    passed     85.48%
   6  S0282            0.00%    passed     97.01%
   7  S0288            9.60%    passed     84.41%
   8  S0289            5.43%    passed     98.91%
   9  S0292            0.57%    passed     97.29%
  10  S0293           13.03%    passed     93.95%
  11  S0294            0.04%    passed     80.44%
  12  S0299           17.69%    passed     88.18%
  13  S0303            1.27%    passed     94.80%
  14  S0308            0.78%    passed     93.30%
  15  S0320            5.47%    passed     82.92%
  16  S0322            0.04%    passed     98.54%
  17  S0327            0.20%    passed     93.28%
  18  S0335            0.04%    passed     82.27%
  19  S0355            2.04%    passed     90.93%
  20  S0376            0.49%    passed     99.39%
  21  S0400            0.45%    passed     96.64%
  22  S0405            1.35%    passed     86.46%
  23  S0407sl          3.23%    passed     91.49%
  24  S0412sl          4.98%    passed     93.21%
  25  S0417            0.57%    passed     99.51%
  26  S0419            0.12%    passed     93.13%
  27  S0427            2.94%    passed     99.91%
  28  S0428sl         15.40%    passed     83.24%
  29  S0430            0.00%    passed     99.86%
  30  S0478           20.02%    passed     97.27%
  31  S0552sl          0.29%    passed     97.65%
  32  S0558            0.00%    passed     85.96%
  33  S0616            0.08%    passed     44.84%
  34  S0620           12.46%    passed     95.76%
  35  S0624            0.37%    passed     95.74%
  36  S0641            0.12%    passed     95.42%
  37  S0643            8.86%    passed     62.87%
  38  S0645sl          0.49%    passed     94.14%
  39  S0656sl          1.35%    passed     98.59%
  40  S0673            0.20%    passed     96.53%
  41  S0689            3.47%    passed     98.75%
  42  S0690           12.95%    passed     84.52%
  43  S0720            2.82%    passed     90.25%
  44  S0724sl          1.47%    passed     98.35%
  45  S0735            0.29%    passed     67.06%
  46  S0742            0.61%    passed     88.88%
  47  S0748            0.33%    passed     97.62%
  48  S0756            0.04%    passed     97.27%
  49  S0758            0.94%    passed     98.87%
  50  S0760            0.16%    passed     93.33%
  51  S0763            0.94%    passed     95.76%
  52  S0765            0.16%    passed     85.12%
  53  S0770            0.53%    passed     90.97%
  54  S0771            0.00%    passed     79.59%
  55  S0795            1.51%    passed     94.56%
  56  S0827            0.00%    passed     99.20%
  57  S0888            0.33%    passed     88.82%
  58  S0894            0.78%    passed     85.33%
  59  S0899            1.35%    passed     98.91%
  60  S0906           21.12%    passed     96.63%
  61  S0951           14.79%    passed     98.85%
  62  S0952            0.12%    passed     94.73%
  63  S0956            0.53%    passed     92.92%
  64  S0959            0.04%    passed     89.48%
  65  S0960            0.45%    passed     96.51%
  66  S0964            0.20%    passed     99.45%
  67  S1052sl         25.41%    passed     72.47%
  68  S1083            0.08%    passed     60.96%
  69  S1100            0.45%    passed     45.96%
  70  S1102            0.25%    passed     62.05%
  71  S1110            8.29%    passed     96.53%
  72  S1120            1.59%    passed     83.23%
  73  S1128            3.02%    passed     99.29%
  74  S1129sl          3.23%    passed     99.41%
  75  S1148            0.61%    passed     90.14%
  76  S1177            0.16%    passed     96.91%
  77  S1180            1.35%    passed     86.76%
  78  S1187sl         25.53%    passed     85.03%
  79  S1189            0.04%    passed     97.75%
  80  S1201sl          0.00%    passed     81.19%
  81  S1210            0.12%    passed     99.57%
  82  S1211            0.00%    passed     99.45%
  83  S1214sl          0.08%    passed     52.06%
  84  S1223            1.14%    passed     70.89%
  85  S1227            1.88%    passed     97.16%
  86  S1235sl         17.20%    passed     99.52%
  87  S1238sl          0.65%    passed     98.96%
  88  S1239            8.33%    passed     74.84%
  89  S1245            0.08%    passed     87.96%
  90  S1246            1.96%    passed     93.07%
  91  S1249            7.03%    passed     88.06%
  92  S1250sl          0.08%    passed     97.43%
  93  S1251            4.82%    passed     96.68%
  94  S1260            1.47%    passed     71.47%
  95  S1266sl          0.49%    passed     97.41%
  96  S1269            1.59%    passed     91.12%
  97  S1278            0.49%    passed     99.55%
  98  S1315            0.29%    passed     89.22%
  99  S1332            0.74%    passed     97.56%
 100  S1366            2.08%    passed     93.65%
 101  S1369            2.17%    passed     79.12%
 102  S1370           18.34%    passed     91.83%
 103  S1375            1.31%    passed     98.63%
 104  S1376            0.12%    passed     34.68%
 105  S1381            0.53%    passed     96.10%
 106  S1405            0.90%    passed     99.87%
 107  S1422            0.08%    passed     87.10%
 108  S1449            0.98%    passed     84.02%
 109  S1451            0.29%    passed     96.80%
 110  S1460           17.32%    passed     95.73%
 111  S1462            0.08%    passed     93.72%
 112  S1475           12.25%    passed     88.82%
 113  S1498            0.08%    passed     63.14%
 114  S1539            0.04%    passed     88.27%
 115  S_670            0.94%    passed     96.11%
 116  SRR11470320      0.61%    passed     74.84%
 117  SRR8528336       0.29%    passed     83.57%
 118  SRR8528341       0.04%    passed     95.87%
 119  SRR8528343       0.08%    passed     97.88%
 120  SRR8528347       0.57%    passed     94.70%
 121  SRR8528350       0.08%    passed     93.98%
 122  SRR8528354      20.22%    passed     97.68%
 123  SRR8528357       0.65%    passed     99.92%
 124  SRR8528359       0.04%    passed     91.99%
 125  SRR8528361       0.61%    passed     96.65%
 126  SRR8528365       0.04%    passed     97.83%
 127  SRR8528370       0.25%    passed     91.46%
 128  SRR8528372       0.12%    passed     87.47%
 129  SRR8528381       8.05%    passed     38.75%
 130  SRR8528384       0.04%    passed     89.66%
 131  SRR8528389       0.25%    passed     98.43%
 132  SRR8528391       0.16%    passed     97.61%
 133  SRR8528400      17.03%    passed     90.69%
****  TOTAL            3.57%  0 sequences failed composition chi2 test (p-value<5%; df=3)
Checking for duplicate sequences: done in 0.00760102 secs using 1560% CPU

Create initial parsimony tree by phylogenetic likelihood library (PLL)... 0.177 seconds
Generating 1000 samples for ultrafast bootstrap (seed: 749917)...

NOTE: 41 MB RAM (0 GB) is required!
Measuring multi-threading efficiency up to 56 CPU cores
Increase to 10 rounds for branch lengths
53 trees examined
Threads: 1 / Time: 56.993 sec / Speedup: 1.000 / Efficiency: 100% / LogL: -72463
Threads: 2 / Time: 40.687 sec / Speedup: 1.401 / Efficiency: 70% / LogL: -72463
Threads: 3 / Time: 26.908 sec / Speedup: 2.118 / Efficiency: 71% / LogL: -72463
Threads: 4 / Time: 42.869 sec / Speedup: 1.329 / Efficiency: 33% / LogL: -72463
Determining AUTO threadcount: done in 167.463 secs using 187.1% CPU
BEST NUMBER OF THREADS: 3

Estimate model parameters (epsilon = 0.100)
1. Initial log-likelihood: -41861.593
2. Current log-likelihood: -40479.601
3. Current log-likelihood: -40449.231
4. Current log-likelihood: -40430.692
5. Current log-likelihood: -40420.817
6. Current log-likelihood: -40416.215
7. Current log-likelihood: -40413.980
8. Current log-likelihood: -40412.630
9. Current log-likelihood: -40411.586
10. Current log-likelihood: -40410.693
11. Current log-likelihood: -40409.914
12. Current log-likelihood: -40409.240
13. Current log-likelihood: -40408.642
14. Current log-likelihood: -40408.092
15. Current log-likelihood: -40407.563
16. Current log-likelihood: -40407.036
17. Current log-likelihood: -40406.499
18. Current log-likelihood: -40405.943
19. Current log-likelihood: -40405.365
20. Current log-likelihood: -40404.762
21. Current log-likelihood: -40404.134
22. Current log-likelihood: -40403.478
23. Current log-likelihood: -40402.798
24. Current log-likelihood: -40402.090
25. Current log-likelihood: -40401.359
26. Current log-likelihood: -40400.603
27. Current log-likelihood: -40399.826
28. Current log-likelihood: -40399.027
29. Current log-likelihood: -40398.213
30. Current log-likelihood: -40397.390
31. Current log-likelihood: -40396.560
32. Current log-likelihood: -40395.723
33. Current log-likelihood: -40394.880
34. Current log-likelihood: -40394.043
35. Current log-likelihood: -40393.225
36. Current log-likelihood: -40392.426
37. Current log-likelihood: -40391.657
38. Current log-likelihood: -40390.925
39. Current log-likelihood: -40390.240
40. Current log-likelihood: -40389.604
41. Current log-likelihood: -40389.024
42. Current log-likelihood: -40388.500
43. Current log-likelihood: -40388.033
44. Current log-likelihood: -40387.619
45. Current log-likelihood: -40387.256
46. Current log-likelihood: -40386.939
47. Current log-likelihood: -40386.662
48. Current log-likelihood: -40386.421
49. Current log-likelihood: -40386.210
50. Current log-likelihood: -40386.025
51. Current log-likelihood: -40385.863
52. Current log-likelihood: -40385.719
53. Current log-likelihood: -40385.590
54. Current log-likelihood: -40385.474
55. Current log-likelihood: -40385.370
Optimal log-likelihood: -40385.231
Rate parameters:  A-C: 1.20337  A-G: 3.69285  A-T: 1.14139  C-G: 1.15171  C-T: 4.06041  G-T: 1.00000
Base frequencies:  A: 0.263  C: 0.195  G: 0.237  T: 0.305
Site proportion and rates:  (0.461,0.131) (0.378,1.152) (0.147,2.799) (0.014,6.640)
Parameters optimization took 55 rounds (44.053 sec)
Wrote distance file to... 
Computing ML distances based on estimated model parameters...
Calculating distance matrix: done in 0.114072 secs using 235.8% CPU
Computing ML distances took 0.115877 sec (of wall-clock time) 0.270865 sec (of CPU time)
Setting up auxiliary I and S matrices: done in 0.000571966 secs using 297.6% CPU
Constructing RapidNJ tree: done in 0.0044229 secs using 386.6% CPU
Computing RapidNJ tree took 0.005126 sec (of wall-clock time) 0.019430 sec (of CPU time)
Log-likelihood of RapidNJ tree: -40538.482
--------------------------------------------------------------------
|             INITIALIZING CANDIDATE TREE SET                      |
--------------------------------------------------------------------
Generating 98 parsimony trees... 7.943 second
Computing log-likelihood of 98 initial trees ... 10.359 seconds
Current best score: -40366.539

Do NNI search on 20 best initial trees
Optimizing NNI: done in 1.36141 secs using 259.5% CPU
Estimate model parameters (epsilon = 0.100)
BETTER TREE FOUND at iteration 1: -40340.173
Optimizing NNI: done in 1.95678 secs using 215.9% CPU
Estimate model parameters (epsilon = 0.100)
BETTER TREE FOUND at iteration 2: -40332.292
Optimizing NNI: done in 1.37966 secs using 256.6% CPU
Optimizing NNI: done in 1.61998 secs using 245.7% CPU
Optimizing NNI: done in 1.6386 secs using 230.2% CPU
Optimizing NNI: done in 1.66767 secs using 220% CPU
Optimizing NNI: done in 1.4745 secs using 255.9% CPU
Optimizing NNI: done in 1.45495 secs using 247.1% CPU
Estimate model parameters (epsilon = 0.100)
BETTER TREE FOUND at iteration 8: -40331.197
Optimizing NNI: done in 1.50484 secs using 237.1% CPU
Optimizing NNI: done in 1.49914 secs using 261.4% CPU
Iteration 10 / LogL: -40339.105 / Time: 0h:4m:10s
Optimizing NNI: done in 1.20754 secs using 266.2% CPU
Optimizing NNI: done in 1.20368 secs using 258.9% CPU
Optimizing NNI: done in 1.44679 secs using 228.9% CPU
Optimizing NNI: done in 2.21683 secs using 199.7% CPU
Estimate model parameters (epsilon = 0.100)
BETTER TREE FOUND at iteration 14: -40330.745
Optimizing NNI: done in 2.32641 secs using 196.4% CPU
Optimizing NNI: done in 1.85146 secs using 199.1% CPU
Optimizing NNI: done in 1.62116 secs using 248.7% CPU
Optimizing NNI: done in 1.83094 secs using 236.6% CPU
Optimizing NNI: done in 1.70873 secs using 236.2% CPU
Optimizing NNI: done in 1.35668 secs using 259% CPU
Iteration 20 / LogL: -40343.548 / Time: 0h:4m:28s
Finish initializing candidate tree set (18)
Current best tree score: -40330.745 / CPU time: 56.025
Number of iterations: 20
--------------------------------------------------------------------
|               OPTIMIZING CANDIDATE TREE SET                      |
--------------------------------------------------------------------
Optimizing NNI: done in 1.23974 secs using 275.3% CPU
Optimizing NNI: done in 1.26407 secs using 276.8% CPU
Estimate model parameters (epsilon = 0.100)
BETTER TREE FOUND at iteration 22: -40330.400
Optimizing NNI: done in 1.86105 secs using 239.3% CPU
Optimizing NNI: done in 1.01889 secs using 290.3% CPU
Optimizing NNI: done in 1.32659 secs using 258.5% CPU
Optimizing NNI: done in 1.22283 secs using 279.2% CPU
Optimizing NNI: done in 1.11554 secs using 277% CPU
Optimizing NNI: done in 1.4305 secs using 260.6% CPU
Optimizing NNI: done in 1.03372 secs using 288.2% CPU
Optimizing NNI: done in 1.24639 secs using 279.5% CPU
Iteration 30 / LogL: -40331.894 / Time: 0h:4m:42s (0h:14m:56s left)
Optimizing NNI: done in 1.51228 secs using 255.4% CPU
Optimizing NNI: done in 1.38923 secs using 276.8% CPU
UPDATE BEST LOG-LIKELIHOOD: -40330.395
Optimizing NNI: done in 1.21913 secs using 267.3% CPU
Optimizing NNI: done in 1.2602 secs using 256.4% CPU
Optimizing NNI: done in 1.17439 secs using 289.6% CPU
Optimizing NNI: done in 0.830918 secs using 296.2% CPU
Optimizing NNI: done in 2.21452 secs using 227.7% CPU
Optimizing NNI: done in 1.55969 secs using 231.5% CPU
Optimizing NNI: done in 1.15612 secs using 264.4% CPU
Optimizing NNI: done in 1.20367 secs using 269.3% CPU
Estimate model parameters (epsilon = 0.100)
BETTER TREE FOUND at iteration 40: -40330.047
Iteration 40 / LogL: -40330.047 / Time: 0h:4m:56s (0h:12m:40s left)
Optimizing NNI: done in 1.3843 secs using 269.2% CPU
Optimizing NNI: done in 1.29226 secs using 281% CPU
Optimizing NNI: done in 1.10616 secs using 290.3% CPU
Optimizing NNI: done in 1.01056 secs using 286.4% CPU
Optimizing NNI: done in 1.2464 secs using 266.7% CPU
Optimizing NNI: done in 0.89897 secs using 285.1% CPU
UPDATE BEST LOG-LIKELIHOOD: -40330.042
Optimizing NNI: done in 0.832855 secs using 298.1% CPU
Optimizing NNI: done in 1.05235 secs using 269% CPU
Optimizing NNI: done in 1.04794 secs using 280.6% CPU
Optimizing NNI: done in 1.10526 secs using 268% CPU
Iteration 50 / LogL: -40330.050 / Time: 0h:5m:8s (0h:9m:25s left)
Log-likelihood cutoff on original alignment: -40389.767
Optimizing NNI: done in 3.34524 secs using 178.7% CPU
Optimizing NNI: done in 1.72664 secs using 225.6% CPU
Optimizing NNI: done in 2.07158 secs using 212% CPU
Optimizing NNI: done in 1.6398 secs using 227.2% CPU
Optimizing NNI: done in 1.10393 secs using 286.5% CPU
Optimizing NNI: done in 1.45281 secs using 232.1% CPU
Optimizing NNI: done in 1.53783 secs using 243.8% CPU
Optimizing NNI: done in 1.46886 secs using 228.7% CPU
Optimizing NNI: done in 1.9117 secs using 220.2% CPU
Optimizing NNI: done in 1.95557 secs using 213.3% CPU
Iteration 60 / LogL: -40334.813 / Time: 0h:5m:27s (0h:7m:23s left)
Optimizing NNI: done in 1.89612 secs using 209.1% CPU
UPDATE BEST LOG-LIKELIHOOD: -40330.040
Optimizing NNI: done in 1.97874 secs using 213.7% CPU
Optimizing NNI: done in 1.58999 secs using 244% CPU
Optimizing NNI: done in 1.115 secs using 261.4% CPU
Optimizing NNI: done in 1.96721 secs using 229.2% CPU
Optimizing NNI: done in 1.83009 secs using 239.4% CPU
Optimizing NNI: done in 2.30969 secs using 202.8% CPU
Optimizing NNI: done in 2.99422 secs using 196.4% CPU
Optimizing NNI: done in 2.34072 secs using 208.7% CPU
Optimizing NNI: done in 1.79185 secs using 240.8% CPU
Iteration 70 / LogL: -40331.389 / Time: 0h:5m:47s (0h:5m:52s left)
Optimizing NNI: done in 1.55612 secs using 231.4% CPU
Optimizing NNI: done in 1.2292 secs using 274.4% CPU
Optimizing NNI: done in 0.884685 secs using 288.4% CPU
Optimizing NNI: done in 1.69991 secs using 248.7% CPU
Optimizing NNI: done in 1.54001 secs using 247.3% CPU
Optimizing NNI: done in 1.20811 secs using 266.6% CPU
Optimizing NNI: done in 2.11524 secs using 222.1% CPU
Optimizing NNI: done in 1.29675 secs using 244.4% CPU
Optimizing NNI: done in 1.40089 secs using 249.3% CPU
Optimizing NNI: done in 1.44235 secs using 270% CPU
Iteration 80 / LogL: -40333.601 / Time: 0h:6m:2s (0h:4m:35s left)
Optimizing NNI: done in 2.06625 secs using 220% CPU
Optimizing NNI: done in 1.40769 secs using 254.9% CPU
Optimizing NNI: done in 1.6366 secs using 214.8% CPU
Optimizing NNI: done in 1.59045 secs using 238.6% CPU
Optimizing NNI: done in 1.45915 secs using 253.5% CPU
Optimizing NNI: done in 1.27134 secs using 257.4% CPU
Optimizing NNI: done in 1.71924 secs using 216.7% CPU
Optimizing NNI: done in 1.49615 secs using 245.2% CPU
Optimizing NNI: done in 1.32155 secs using 249.6% CPU
Optimizing NNI: done in 1.45702 secs using 221.4% CPU
Iteration 90 / LogL: -40330.800 / Time: 0h:6m:18s (0h:3m:32s left)
Optimizing NNI: done in 1.4114 secs using 245% CPU
Optimizing NNI: done in 1.28849 secs using 269.9% CPU
Optimizing NNI: done in 1.86398 secs using 204.6% CPU
Optimizing NNI: done in 1.98065 secs using 232.2% CPU
Optimizing NNI: done in 0.753839 secs using 298.4% CPU
Optimizing NNI: done in 0.897265 secs using 295.6% CPU
Optimizing NNI: done in 1.29617 secs using 264% CPU
Optimizing NNI: done in 1.62987 secs using 261.4% CPU
Optimizing NNI: done in 1.58972 secs using 256.7% CPU
Optimizing NNI: done in 1.1802 secs using 264.2% CPU
Iteration 100 / LogL: -40330.042 / Time: 0h:6m:32s (0h:2m:38s left)
Log-likelihood cutoff on original alignment: -40389.767
NOTE: Bootstrap correlation coefficient of split occurrence frequencies: 0.999
Optimizing NNI: done in 1.83061 secs using 248.8% CPU
Optimizing NNI: done in 1.406 secs using 241.9% CPU
Optimizing NNI: done in 1.15601 secs using 266.6% CPU
Optimizing NNI: done in 0.890816 secs using 296.9% CPU
Optimizing NNI: done in 1.21652 secs using 260.9% CPU
Optimizing NNI: done in 0.984718 secs using 290.2% CPU
Optimizing NNI: done in 1.73475 secs using 249.5% CPU
Optimizing NNI: done in 1.82857 secs using 248.2% CPU
UPDATE BEST LOG-LIKELIHOOD: -40330.033
Optimizing NNI: done in 0.941565 secs using 292.8% CPU
Optimizing NNI: done in 1.05597 secs using 295.1% CPU
Iteration 110 / LogL: -40331.083 / Time: 0h:6m:46s (0h:5m:35s left)
Optimizing NNI: done in 1.27233 secs using 268.3% CPU
Optimizing NNI: done in 1.19379 secs using 255% CPU
Optimizing NNI: done in 0.763646 secs using 298.4% CPU
Optimizing NNI: done in 0.808511 secs using 298.6% CPU
Optimizing NNI: done in 1.13932 secs using 289.9% CPU
Optimizing NNI: done in 1.06711 secs using 264.8% CPU
Optimizing NNI: done in 1.03185 secs using 290.9% CPU
Optimizing NNI: done in 1.27156 secs using 253.5% CPU
Optimizing NNI: done in 1.13908 secs using 245.2% CPU
Optimizing NNI: done in 1.67905 secs using 233.6% CPU
Iteration 120 / LogL: -40330.045 / Time: 0h:6m:58s (0h:4m:41s left)
Optimizing NNI: done in 1.51963 secs using 240% CPU
Optimizing NNI: done in 2.07915 secs using 216.9% CPU
Optimizing NNI: done in 1.87754 secs using 242.5% CPU
Optimizing NNI: done in 2.28981 secs using 209.1% CPU
Optimizing NNI: done in 2.32945 secs using 206.7% CPU
Optimizing NNI: done in 1.95109 secs using 221.1% CPU
Optimizing NNI: done in 1.32915 secs using 233.1% CPU
Optimizing NNI: done in 1.37154 secs using 231.3% CPU
Optimizing NNI: done in 1.44568 secs using 236.5% CPU
Optimizing NNI: done in 2.5093 secs using 187.1% CPU
Iteration 130 / LogL: -40352.563 / Time: 0h:7m:17s (0h:3m:57s left)
Optimizing NNI: done in 1.93212 secs using 197.9% CPU
Optimizing NNI: done in 1.72967 secs using 209.7% CPU
Optimizing NNI: done in 1.76079 secs using 213.1% CPU
Optimizing NNI: done in 2.41137 secs using 193.1% CPU
Optimizing NNI: done in 2.64142 secs using 178.1% CPU
Optimizing NNI: done in 2.0078 secs using 208.2% CPU
Optimizing NNI: done in 2.58179 secs using 196.4% CPU
Optimizing NNI: done in 2.2834 secs using 200.4% CPU
Optimizing NNI: done in 1.9566 secs using 207.3% CPU
Optimizing NNI: done in 2.77401 secs using 171.8% CPU
Iteration 140 / LogL: -40350.095 / Time: 0h:7m:40s (0h:3m:18s left)
Optimizing NNI: done in 1.94578 secs using 213.8% CPU
TREE SEARCH COMPLETED AFTER 141 ITERATIONS / Time: 0h:7m:42s

--------------------------------------------------------------------
|                    FINALIZING TREE SEARCH                        |
--------------------------------------------------------------------
Performs final model parameters optimization
Estimate model parameters (epsilon = 0.010)
1. Initial log-likelihood: -40330.033
2. Current log-likelihood: -40329.997
3. Current log-likelihood: -40329.951
4. Current log-likelihood: -40329.909
5. Current log-likelihood: -40329.871
6. Current log-likelihood: -40329.836
7. Current log-likelihood: -40329.800
8. Current log-likelihood: -40329.767
9. Current log-likelihood: -40329.736
10. Current log-likelihood: -40329.716
11. Current log-likelihood: -40329.687
12. Current log-likelihood: -40329.671
13. Current log-likelihood: -40329.644
14. Current log-likelihood: -40329.618
15. Current log-likelihood: -40329.602
16. Current log-likelihood: -40329.588
17. Current log-likelihood: -40329.575
18. Current log-likelihood: -40329.562
19. Current log-likelihood: -40329.550
20. Current log-likelihood: -40329.538
21. Current log-likelihood: -40329.525
22. Current log-likelihood: -40329.514
23. Current log-likelihood: -40329.503
24. Current log-likelihood: -40329.492
25. Current log-likelihood: -40329.482
Optimal log-likelihood: -40329.467
Rate parameters:  A-C: 1.19681  A-G: 3.69140  A-T: 1.13992  C-G: 1.15511  C-T: 4.09725  G-T: 1.00000
Base frequencies:  A: 0.263  C: 0.195  G: 0.237  T: 0.305
Site proportion and rates:  (0.448,0.117) (0.393,1.129) (0.146,2.841) (0.013,6.804)
Parameters optimization took 25 rounds (16.506 sec)
BEST SCORE FOUND : -40329.467
Creating bootstrap support values...
Split supports printed to NEXUS file 5G40480_iqtree_final_superstrict_excluding_hybrids.splits.nex
Total tree length: 2.978

Total number of iterations: 141
CPU time used for tree search: 579.322 sec (0h:9m:39s)
Wall-clock time used for tree search: 249.444 sec (0h:4m:9s)
Total CPU time used: 1044.205 sec (0h:17m:24s)
Total wall-clock time used: 479.249 sec (0h:7m:59s)

Computing bootstrap consensus tree...
Reading input file 5G40480_iqtree_final_superstrict_excluding_hybrids.splits.nex...
133 taxa and 492 splits.
Consensus tree written to 5G40480_iqtree_final_superstrict_excluding_hybrids.contree
Reading input trees file 5G40480_iqtree_final_superstrict_excluding_hybrids.contree
Log-likelihood of consensus tree: -40329.471

Analysis results written to: 
  IQ-TREE report:                5G40480_iqtree_final_superstrict_excluding_hybrids.iqtree
  Maximum-likelihood tree:       5G40480_iqtree_final_superstrict_excluding_hybrids.treefile
  Likelihood distances:          5G40480_iqtree_final_superstrict_excluding_hybrids.mldist

Ultrafast bootstrap approximation results written to:
  Split support values:          5G40480_iqtree_final_superstrict_excluding_hybrids.splits.nex
  Consensus tree:                5G40480_iqtree_final_superstrict_excluding_hybrids.contree
  Screen log file:               5G40480_iqtree_final_superstrict_excluding_hybrids.log

ALISIM COMMAND
--------------
--alisim simulated_MSA -t 5G40480_iqtree_final_superstrict_excluding_hybrids.treefile -m "GTR{1.19681,3.6914,1.13992,1.15511,4.09725}+F{0.263176,0.19452,0.237419,0.304886}+R4{0.447687,0.116951,0.393283,1.12876,0.145934,2.84109,0.0130969,6.80401}" --length 2448

Date and Time: Fri Jun  2 09:56:30 2023
