IQ-TREE multicore version 2.2.2 COVID-edition for Linux 64-bit built Sep 20 2022
Developed by Bui Quang Minh, James Barbetti, Nguyen Lam Tung,
Olga Chernomor, Heiko Schmidt, Dominik Schrempf, Michael Woodhams, Ly Trong Nhan.

Host:    netdc-bms-c11f (AVX2, FMA3, 377 GB RAM)
Command: /home/kasper.hendriks/iqtree-2.2.2-Linux/bin/iqtree2 -s 5G51540_taper_final_superstrict_excluding_hybrids.fasta -B 1000 -nm 1000 -m GTR+F+R -nt AUTO --prefix 5G51540_iqtree_final_superstrict_excluding_hybrids
Seed:    750357 (Using SPRNG - Scalable Parallel Random Number Generator)
Time:    Fri Jun  2 09:50:29 2023
Kernel:  AVX+FMA - auto-detect threads (56 CPU cores detected)

Reading alignment file 5G51540_taper_final_superstrict_excluding_hybrids.fasta ... Fasta format detected
Reading fasta file: done in 0.000577927 secs using 99.67% CPU
Alignment most likely contains DNA/RNA sequences
Constructing alignment: done in 0.00160408 secs using 1514% CPU
Alignment has 98 sequences with 216 columns, 158 distinct patterns
119 parsimony-informative, 23 singleton sites, 74 constant sites
            Gap/Ambiguity  Composition  p-value
Analyzing sequences: done in 0.00654507 secs using 1380% CPU
   1  S0055         8.33%    passed     98.00%
   2  S0278         0.00%    passed     85.96%
   3  S0281         0.46%    passed     90.26%
   4  S0282         0.00%    passed     95.80%
   5  S0289         0.00%    passed     99.68%
   6  S0292         0.00%    passed     99.04%
   7  S0294         0.00%    passed     96.77%
   8  S0299         0.00%    passed     94.03%
   9  S0303         1.39%    passed     81.17%
  10  S0320         4.17%    passed     89.33%
  11  S0322         0.00%    passed     83.95%
  12  S0327         0.00%    passed     64.34%
  13  S0335         0.00%    passed     88.07%
  14  S0400         0.00%    passed     99.79%
  15  S0405         0.46%    passed     97.84%
  16  S0407sl       7.41%    passed     88.66%
  17  S0412sl       0.00%    passed     99.43%
  18  S0430         0.00%    passed     81.56%
  19  S0478         0.46%    passed     97.70%
  20  S0552sl       1.39%    passed     96.55%
  21  S0558         0.00%    passed     98.36%
  22  S0641         0.00%    passed     59.54%
  23  S0643         0.46%    passed     95.26%
  24  S0645sl       0.00%    passed     97.44%
  25  S0656sl       0.00%    passed     98.55%
  26  S0673         1.39%    passed     99.28%
  27  S0689         0.00%    passed     92.44%
  28  S0690         0.00%    passed     98.97%
  29  S0720         0.46%    passed     95.56%
  30  S0724sl       0.00%    passed     74.87%
  31  S0735         0.00%    passed     99.61%
  32  S0756         0.00%    passed     97.61%
  33  S0758         4.17%    passed     91.97%
  34  S0765         0.00%    passed     95.68%
  35  S0770         0.00%    passed     87.78%
  36  S0771         0.00%    passed     96.87%
  37  S0795         0.00%    passed     96.04%
  38  S0888         1.39%    passed     88.75%
  39  S0894         1.39%    passed     96.49%
  40  S0906         5.56%    passed     88.07%
  41  S0959         0.00%    passed     98.73%
  42  S0960         0.93%    passed     97.77%
  43  S0964         0.00%    passed     99.65%
  44  S1052sl       0.00%    passed     96.77%
  45  S1083         0.00%    passed     95.91%
  46  S1120         0.00%    passed     93.75%
  47  S1128         0.93%    passed     96.69%
  48  S1129sl       7.87%    passed     82.62%
  49  S1148         0.46%    passed     99.26%
  50  S1180         0.00%    passed     98.33%
  51  S1189         0.00%    passed     98.60%
  52  S1201sl       0.00%    passed     98.36%
  53  S1210         0.00%    passed     99.90%
  54  S1211         0.00%    passed     93.29%
  55  S1214sl       0.00%    passed     99.43%
  56  S1223         0.00%    passed     97.19%
  57  S1227         0.00%    passed     98.97%
  58  S1235sl       0.00%    passed     78.22%
  59  S1238sl       0.00%    passed     98.16%
  60  S1239         6.94%    passed     94.15%
  61  S1245         1.39%    passed     95.33%
  62  S1246         1.39%    passed     90.31%
  63  S1251         0.00%    passed     87.77%
  64  S1260         0.46%    passed     99.75%
  65  S1266sl       0.46%    passed     69.07%
  66  S1278         0.00%    passed     93.75%
  67  S1315         0.00%    passed     90.51%
  68  S1332         1.39%    passed     89.86%
  69  S1366         0.00%    passed     91.69%
  70  S1369         2.31%    passed     99.12%
  71  S1370         0.00%    passed     98.12%
  72  S1375         0.00%    passed     90.55%
  73  S1381         0.93%    passed     95.07%
  74  S1405         0.00%    passed     95.94%
  75  S1422         0.46%    passed     90.40%
  76  S1449         0.00%    passed     90.99%
  77  S1460         0.00%    passed     66.83%
  78  S1462         0.00%    passed     98.49%
  79  S1475         7.41%    passed     82.34%
  80  S1498         0.00%    passed     95.91%
  81  S1539         1.39%    passed     94.13%
  82  S_670         0.00%    passed     98.16%
  83  SRR8528336    0.00%    passed     96.33%
  84  SRR8528341    0.00%    passed     83.61%
  85  SRR8528343    1.39%    passed     99.53%
  86  SRR8528347    0.00%    passed     63.57%
  87  SRR8528350    0.00%    passed     89.62%
  88  SRR8528354    0.00%    passed     95.53%
  89  SRR8528359    0.00%    passed     98.92%
  90  SRR8528361    4.17%    passed     86.58%
  91  SRR8528365    0.00%    passed     91.08%
  92  SRR8528370    1.39%    passed     90.31%
  93  SRR8528372    0.00%    passed     94.35%
  94  SRR8528379    0.00%    passed     99.34%
  95  SRR8528381    0.00%    passed     89.05%
  96  SRR8528384    0.00%    passed     95.27%
  97  SRR8528389    0.00%    passed     99.18%
  98  SRR8528400    6.02%    passed     88.15%
****  TOTAL         0.88%  0 sequences failed composition chi2 test (p-value<5%; df=3)
NOTE: S1498 is identical to S1083 but kept for subsequent analysis
Checking for duplicate sequences: done in 0.011466 secs using 1364% CPU

Create initial parsimony tree by phylogenetic likelihood library (PLL)... 0.021 seconds
Generating 1000 samples for ultrafast bootstrap (seed: 750357)...

NOTE: 2 MB RAM (0 GB) is required!
Measuring multi-threading efficiency up to 56 CPU cores
Increase to 10 rounds for branch lengths
637 trees examined
Threads: 1 / Time: 56.100 sec / Speedup: 1.000 / Efficiency: 100% / LogL: -5146
Threads: 2 / Time: 78.149 sec / Speedup: 0.718 / Efficiency: 36% / LogL: -5146
Determining AUTO threadcount: done in 134.262 secs using 98.61% CPU
BEST NUMBER OF THREADS: 1

Estimate model parameters (epsilon = 0.100)
1. Initial log-likelihood: -3068.257
2. Current log-likelihood: -2965.865
3. Current log-likelihood: -2965.001
4. Current log-likelihood: -2964.817
Optimal log-likelihood: -2964.722
Rate parameters:  A-C: 1.01721  A-G: 4.11707  A-T: 0.66179  C-G: 1.15590  C-T: 2.51596  G-T: 1.00000
Base frequencies:  A: 0.298  C: 0.250  G: 0.186  T: 0.267
Site proportion and rates:  (0.312,0.127) (0.147,0.290) (0.249,1.226) (0.291,2.103)
Parameters optimization took 4 rounds (0.627 sec)
Wrote distance file to... 
Computing ML distances based on estimated model parameters...
Calculating distance matrix: done in 0.118557 secs using 73% CPU
Computing ML distances took 0.118900 sec (of wall-clock time) 0.086892 sec (of CPU time)
Setting up auxiliary I and S matrices: done in 0.000752926 secs using 100% CPU
Constructing RapidNJ tree: done in 0.00150204 secs using 367.3% CPU
Computing RapidNJ tree took 0.002394 sec (of wall-clock time) 0.006406 sec (of CPU time)
Log-likelihood of RapidNJ tree: -2981.930
--------------------------------------------------------------------
|             INITIALIZING CANDIDATE TREE SET                      |
--------------------------------------------------------------------
Generating 98 parsimony trees... 1.454 second
Computing log-likelihood of 98 initial trees ... 1.001 seconds
Current best score: -2953.233

Do NNI search on 20 best initial trees
Optimizing NNI: done in 0.26803 secs using 98.81% CPU
Estimate model parameters (epsilon = 0.100)
BETTER TREE FOUND at iteration 1: -2951.997
Optimizing NNI: done in 0.394842 secs using 99.97% CPU
Estimate model parameters (epsilon = 0.100)
BETTER TREE FOUND at iteration 2: -2950.838
Optimizing NNI: done in 0.324083 secs using 99.99% CPU
Estimate model parameters (epsilon = 0.100)
BETTER TREE FOUND at iteration 3: -2950.218
Optimizing NNI: done in 0.381265 secs using 100% CPU
Optimizing NNI: done in 0.365376 secs using 99.82% CPU
Optimizing NNI: done in 0.496535 secs using 67.08% CPU
Optimizing NNI: done in 0.576282 secs using 66.01% CPU
Optimizing NNI: done in 0.521476 secs using 53.94% CPU
Optimizing NNI: done in 0.790057 secs using 45.09% CPU
BETTER TREE FOUND at iteration 9: -2950.217
Optimizing NNI: done in 0.990693 secs using 38.62% CPU
Iteration 10 / LogL: -2950.784 / Time: 0h:2m:23s
Optimizing NNI: done in 0.747373 secs using 53.45% CPU
Optimizing NNI: done in 0.608879 secs using 76.07% CPU
Optimizing NNI: done in 0.435835 secs using 77.81% CPU
Optimizing NNI: done in 0.373376 secs using 68.24% CPU
Optimizing NNI: done in 0.480308 secs using 71.67% CPU
Optimizing NNI: done in 0.565478 secs using 67.2% CPU
Optimizing NNI: done in 0.518297 secs using 63.98% CPU
Optimizing NNI: done in 0.607999 secs using 63.8% CPU
Optimizing NNI: done in 0.633278 secs using 55.59% CPU
Optimizing NNI: done in 0.514679 secs using 77.51% CPU
Iteration 20 / LogL: -2952.731 / Time: 0h:2m:28s
Finish initializing candidate tree set (20)
Current best tree score: -2950.217 / CPU time: 13.572
Number of iterations: 20
--------------------------------------------------------------------
|               OPTIMIZING CANDIDATE TREE SET                      |
--------------------------------------------------------------------
Optimizing NNI: done in 0.358562 secs using 75.95% CPU
Optimizing NNI: done in 0.530081 secs using 63.93% CPU
Optimizing NNI: done in 0.475277 secs using 75.14% CPU
Optimizing NNI: done in 0.378055 secs using 86.59% CPU
Optimizing NNI: done in 0.389387 secs using 60.76% CPU
Optimizing NNI: done in 0.520699 secs using 70.02% CPU
Optimizing NNI: done in 0.834114 secs using 56.18% CPU
Optimizing NNI: done in 0.591119 secs using 58.76% CPU
Optimizing NNI: done in 0.471217 secs using 73.61% CPU
Optimizing NNI: done in 0.420363 secs using 86.44% CPU
Iteration 30 / LogL: -2950.221 / Time: 0h:2m:33s (0h:6m:58s left)
Optimizing NNI: done in 0.67622 secs using 60.79% CPU
Optimizing NNI: done in 0.603842 secs using 57.72% CPU
Optimizing NNI: done in 0.256991 secs using 78.1% CPU
Optimizing NNI: done in 0.56367 secs using 66.13% CPU
Optimizing NNI: done in 0.176691 secs using 88.66% CPU
Optimizing NNI: done in 0.648445 secs using 57.97% CPU
Optimizing NNI: done in 0.623364 secs using 74.78% CPU
Optimizing NNI: done in 0.792122 secs using 55.59% CPU
Optimizing NNI: done in 0.33978 secs using 77.91% CPU
Optimizing NNI: done in 0.44073 secs using 92.73% CPU
Iteration 40 / LogL: -2950.220 / Time: 0h:2m:39s (0h:4m:41s left)
Optimizing NNI: done in 0.508378 secs using 88.68% CPU
Optimizing NNI: done in 0.468306 secs using 72.16% CPU
Optimizing NNI: done in 0.728167 secs using 63.95% CPU
Optimizing NNI: done in 0.610816 secs using 78.08% CPU
Optimizing NNI: done in 0.50649 secs using 87.5% CPU
Optimizing NNI: done in 0.491286 secs using 74.91% CPU
Optimizing NNI: done in 0.339128 secs using 81.24% CPU
Optimizing NNI: done in 0.676152 secs using 63.53% CPU
Optimizing NNI: done in 0.385256 secs using 90.87% CPU
Optimizing NNI: done in 0.323009 secs using 96.23% CPU
Iteration 50 / LogL: -2950.222 / Time: 0h:2m:44s (0h:3m:17s left)
Log-likelihood cutoff on original alignment: -2978.218
Optimizing NNI: done in 0.586932 secs using 78.89% CPU
Optimizing NNI: done in 0.553972 secs using 66.57% CPU
Optimizing NNI: done in 0.488542 secs using 80.87% CPU
Optimizing NNI: done in 0.769776 secs using 68.92% CPU
Optimizing NNI: done in 0.677131 secs using 75.06% CPU
Optimizing NNI: done in 0.512993 secs using 77.14% CPU
Optimizing NNI: done in 0.408657 secs using 80.89% CPU
Optimizing NNI: done in 0.485563 secs using 60.92% CPU
Optimizing NNI: done in 1.01273 secs using 65.76% CPU
Optimizing NNI: done in 0.763939 secs using 61.81% CPU
Iteration 60 / LogL: -2950.221 / Time: 0h:2m:51s (0h:2m:22s left)
Optimizing NNI: done in 0.548758 secs using 75.14% CPU
Optimizing NNI: done in 0.608616 secs using 61.39% CPU
Optimizing NNI: done in 0.242385 secs using 66.83% CPU
Optimizing NNI: done in 0.872581 secs using 56.54% CPU
Optimizing NNI: done in 0.624732 secs using 70.58% CPU
Optimizing NNI: done in 0.592208 secs using 69.98% CPU
Optimizing NNI: done in 0.703324 secs using 66.09% CPU
Optimizing NNI: done in 0.512342 secs using 71.42% CPU
Optimizing NNI: done in 0.549224 secs using 70.42% CPU
Optimizing NNI: done in 0.636756 secs using 57.12% CPU
Iteration 70 / LogL: -2950.219 / Time: 0h:2m:57s (0h:1m:40s left)
Optimizing NNI: done in 0.48997 secs using 73.02% CPU
Optimizing NNI: done in 0.732309 secs using 46.52% CPU
Optimizing NNI: done in 0.570639 secs using 72.25% CPU
Optimizing NNI: done in 0.64542 secs using 66.24% CPU
Optimizing NNI: done in 0.33924 secs using 92.51% CPU
Optimizing NNI: done in 0.74368 secs using 67.49% CPU
Optimizing NNI: done in 0.81469 secs using 62.53% CPU
Optimizing NNI: done in 0.722934 secs using 66.3% CPU
Optimizing NNI: done in 0.273967 secs using 99.96% CPU
Optimizing NNI: done in 0.645568 secs using 63.89% CPU
Iteration 80 / LogL: -2954.025 / Time: 0h:3m:4s (0h:1m:7s left)
Optimizing NNI: done in 0.562728 secs using 73.47% CPU
Optimizing NNI: done in 0.481273 secs using 84.95% CPU
Optimizing NNI: done in 0.468934 secs using 77.34% CPU
Optimizing NNI: done in 0.470871 secs using 84.65% CPU
Optimizing NNI: done in 0.700359 secs using 73.93% CPU
Optimizing NNI: done in 0.498965 secs using 49.88% CPU
Optimizing NNI: done in 0.490525 secs using 75.1% CPU
Optimizing NNI: done in 0.582386 secs using 81.66% CPU
Optimizing NNI: done in 0.980863 secs using 47.23% CPU
Optimizing NNI: done in 0.541023 secs using 71.79% CPU
Iteration 90 / LogL: -2953.080 / Time: 0h:3m:10s (0h:0m:40s left)
Optimizing NNI: done in 0.610687 secs using 61.66% CPU
Optimizing NNI: done in 0.941876 secs using 59.81% CPU
Optimizing NNI: done in 0.602632 secs using 63.65% CPU
Optimizing NNI: done in 0.457408 secs using 79% CPU
Optimizing NNI: done in 0.571523 secs using 66.27% CPU
Optimizing NNI: done in 0.445556 secs using 81.51% CPU
Optimizing NNI: done in 0.826578 secs using 55.29% CPU
Optimizing NNI: done in 0.654239 secs using 80.72% CPU
Optimizing NNI: done in 0.294568 secs using 99.95% CPU
Optimizing NNI: done in 0.570904 secs using 83.9% CPU
Iteration 100 / LogL: -2950.219 / Time: 0h:3m:16s (0h:0m:17s left)
Log-likelihood cutoff on original alignment: -2978.218
NOTE: Bootstrap correlation coefficient of split occurrence frequencies: 0.995
Optimizing NNI: done in 0.706464 secs using 63.47% CPU
Optimizing NNI: done in 0.529191 secs using 71.21% CPU
Optimizing NNI: done in 0.876766 secs using 41.82% CPU
Optimizing NNI: done in 0.523025 secs using 76.3% CPU
Optimizing NNI: done in 0.47248 secs using 77.11% CPU
Optimizing NNI: done in 0.614265 secs using 75.6% CPU
Optimizing NNI: done in 0.878434 secs using 70.34% CPU
Optimizing NNI: done in 0.420905 secs using 71.02% CPU
Optimizing NNI: done in 0.437888 secs using 86.29% CPU
Optimizing NNI: done in 0.493028 secs using 70.57% CPU
Iteration 110 / LogL: -2950.220 / Time: 0h:3m:23s (0h:2m:47s left)
TREE SEARCH COMPLETED AFTER 110 ITERATIONS / Time: 0h:3m:23s

--------------------------------------------------------------------
|                    FINALIZING TREE SEARCH                        |
--------------------------------------------------------------------
Performs final model parameters optimization
Estimate model parameters (epsilon = 0.010)
1. Initial log-likelihood: -2950.217
2. Current log-likelihood: -2950.179
3. Current log-likelihood: -2950.142
4. Current log-likelihood: -2950.108
5. Current log-likelihood: -2950.077
6. Current log-likelihood: -2950.048
7. Current log-likelihood: -2950.022
8. Current log-likelihood: -2949.998
9. Current log-likelihood: -2949.976
10. Current log-likelihood: -2949.956
11. Current log-likelihood: -2949.938
12. Current log-likelihood: -2949.920
13. Current log-likelihood: -2949.905
14. Current log-likelihood: -2949.891
15. Current log-likelihood: -2949.878
16. Current log-likelihood: -2949.866
17. Current log-likelihood: -2949.854
18. Current log-likelihood: -2949.844
Optimal log-likelihood: -2949.832
Rate parameters:  A-C: 1.05958  A-G: 4.26577  A-T: 0.66716  C-G: 1.12547  C-T: 2.60446  G-T: 1.00000
Base frequencies:  A: 0.298  C: 0.250  G: 0.186  T: 0.267
Site proportion and rates:  (0.370,0.115) (0.045,0.262) (0.340,1.182) (0.244,2.227)
Parameters optimization took 18 rounds (2.007 sec)
BEST SCORE FOUND : -2949.832
Creating bootstrap support values...
Split supports printed to NEXUS file 5G51540_iqtree_final_superstrict_excluding_hybrids.splits.nex
Total tree length: 2.324

Total number of iterations: 110
CPU time used for tree search: 47.469 sec (0h:0m:47s)
Wall-clock time used for tree search: 68.214 sec (0h:1m:8s)
Total CPU time used: 184.066 sec (0h:3m:4s)
Total wall-clock time used: 205.816 sec (0h:3m:25s)

Computing bootstrap consensus tree...
Reading input file 5G51540_iqtree_final_superstrict_excluding_hybrids.splits.nex...
98 taxa and 731 splits.
Consensus tree written to 5G51540_iqtree_final_superstrict_excluding_hybrids.contree
Reading input trees file 5G51540_iqtree_final_superstrict_excluding_hybrids.contree
Log-likelihood of consensus tree: -2949.841

Analysis results written to: 
  IQ-TREE report:                5G51540_iqtree_final_superstrict_excluding_hybrids.iqtree
  Maximum-likelihood tree:       5G51540_iqtree_final_superstrict_excluding_hybrids.treefile
  Likelihood distances:          5G51540_iqtree_final_superstrict_excluding_hybrids.mldist

Ultrafast bootstrap approximation results written to:
  Split support values:          5G51540_iqtree_final_superstrict_excluding_hybrids.splits.nex
  Consensus tree:                5G51540_iqtree_final_superstrict_excluding_hybrids.contree
  Screen log file:               5G51540_iqtree_final_superstrict_excluding_hybrids.log

ALISIM COMMAND
--------------
--alisim simulated_MSA -t 5G51540_iqtree_final_superstrict_excluding_hybrids.treefile -m "GTR{1.05958,4.26577,0.66716,1.12547,2.60446}+F{0.298181,0.249541,0.185721,0.266556}+R4{0.370343,0.114638,0.0453777,0.26249,0.340185,1.18174,0.244095,2.2271}" --length 216

Date and Time: Fri Jun  2 09:53:55 2023
