IQ-TREE multicore version 2.2.2 COVID-edition for Linux 64-bit built Sep 20 2022
Developed by Bui Quang Minh, James Barbetti, Nguyen Lam Tung,
Olga Chernomor, Heiko Schmidt, Dominik Schrempf, Michael Woodhams, Ly Trong Nhan.

Host:    netdc-bms-c11f (AVX2, FMA3, 377 GB RAM)
Command: /home/kasper.hendriks/iqtree-2.2.2-Linux/bin/iqtree2 -s 5G54080_taper_final_superstrict_excluding_hybrids.fasta -B 1000 -nm 1000 -m GTR+F+R -nt AUTO --prefix 5G54080_iqtree_final_superstrict_excluding_hybrids
Seed:    365517 (Using SPRNG - Scalable Parallel Random Number Generator)
Time:    Fri Jun  2 09:51:55 2023
Kernel:  AVX+FMA - auto-detect threads (56 CPU cores detected)

Reading alignment file 5G54080_taper_final_superstrict_excluding_hybrids.fasta ... Fasta format detected
Reading fasta file: done in 0.000664949 secs using 99.71% CPU
Alignment most likely contains DNA/RNA sequences
Constructing alignment: done in 0.00157809 secs using 1562% CPU
Alignment has 110 sequences with 216 columns, 148 distinct patterns
100 parsimony-informative, 36 singleton sites, 80 constant sites
            Gap/Ambiguity  Composition  p-value
Analyzing sequences: done in 0.00419092 secs using 1510% CPU
   1  S0055         0.00%    passed     96.67%
   2  S0196sl       1.39%    passed     95.33%
   3  S0281         0.00%    passed     98.23%
   4  S0282         0.00%    passed     88.22%
   5  S0292         0.00%    passed     99.61%
   6  S0293         0.46%    passed     88.81%
   7  S0294         4.17%    passed     77.57%
   8  S0299        10.65%    passed     81.83%
   9  S0303         0.00%    passed     55.05%
  10  S0308         0.00%    passed     91.40%
  11  S0322         0.00%    passed     51.48%
  12  S0327         0.00%    passed     95.11%
  13  S0335         0.00%    passed     99.34%
  14  S0355         0.00%    passed     75.69%
  15  S0376         0.00%    passed     92.73%
  16  S0400         0.46%    passed     89.39%
  17  S0405         0.46%    passed     78.78%
  18  S0412sl       0.00%    passed     93.17%
  19  S0427         0.00%    passed     98.58%
  20  S0430         0.00%    passed     73.47%
  21  S0478        20.83%    passed     74.56%
  22  S0552sl       0.46%    passed     97.25%
  23  S0558         0.00%    passed     88.80%
  24  S0616         0.00%    passed     93.39%
  25  S0620         0.00%    passed     62.74%
  26  S0641         0.00%    passed     94.89%
  27  S0643         0.00%    passed     77.33%
  28  S0645sl       1.39%    passed     85.51%
  29  S0673         0.00%    passed     94.72%
  30  S0689         0.00%    passed     79.64%
  31  S0690         0.00%    passed     85.96%
  32  S0720         0.00%    passed     99.76%
  33  S0724sl       0.00%    passed     41.37%
  34  S0735         0.00%    passed     91.60%
  35  S0742         0.00%    passed     91.49%
  36  S0748         0.00%    passed     58.06%
  37  S0756         0.00%    passed     81.71%
  38  S0760         0.00%    passed     99.50%
  39  S0763         0.00%    passed     77.69%
  40  S0765         0.00%    passed     95.25%
  41  S0770         6.02%    passed     98.98%
  42  S0771         0.00%    passed     91.60%
  43  S0795         0.46%    passed     97.85%
  44  S0827         0.00%    passed     93.44%
  45  S0888         0.00%    passed     90.53%
  46  S0894        10.65%    passed     78.46%
  47  S0899         5.56%    passed     98.64%
  48  S0906         0.00%    passed     99.10%
  49  S0952         0.00%    passed     94.26%
  50  S0956         0.46%    passed     98.82%
  51  S0959         0.00%    passed     99.48%
  52  S0960         0.00%    passed     99.90%
  53  S0964         0.00%    passed     98.72%
  54  S1052sl       0.00%    passed     89.37%
  55  S1083         0.00%    passed     94.47%
  56  S1100         0.00%    passed     70.40%
  57  S1110         0.00%    passed     98.71%
  58  S1120         0.00%    passed     98.71%
  59  S1128         0.00%    passed     85.65%
  60  S1129sl       0.93%    passed     85.18%
  61  S1148         0.00%    passed     90.97%
  62  S1180         0.00%    passed     91.60%
  63  S1189         0.00%    passed     97.19%
  64  S1201sl       0.00%    passed     99.34%
  65  S1210         0.00%    passed     93.03%
  66  S1211         0.00%    passed     99.27%
  67  S1214sl       0.00%    passed     98.34%
  68  S1223         0.00%    passed     97.47%
  69  S1227         0.00%    passed     91.05%
  70  S1235sl       0.00%    passed     88.22%
  71  S1238sl       0.00%    passed     99.34%
  72  S1245         0.00%    passed     94.30%
  73  S1246         0.00%    passed     97.26%
  74  S1250sl       0.00%    passed     99.15%
  75  S1251         1.39%    passed     82.67%
  76  S1260         0.46%    passed     95.81%
  77  S1266sl       0.00%    passed     57.80%
  78  S1278         0.00%    passed     89.37%
  79  S1315         0.00%    passed     89.95%
  80  S1332         0.00%    passed     82.82%
  81  S1366         0.93%    passed     99.99%
  82  S1369         0.00%    passed     91.05%
  83  S1370         0.93%    passed     80.27%
  84  S1375         0.00%    passed     99.39%
  85  S1376         0.00%    passed     94.86%
  86  S1381         1.39%    passed     93.84%
  87  S1422         0.00%    passed     98.72%
  88  S1449         0.00%    passed     98.91%
  89  S1451         0.00%    passed     92.39%
  90  S1460         0.46%    passed     90.79%
  91  S1462         0.00%    passed     95.88%
  92  S1475         0.00%    passed     96.43%
  93  S1498         0.00%    passed     94.47%
  94  S1539         0.00%    passed     95.42%
  95  S_670         0.00%    passed     88.29%
  96  SRR8528336    0.00%    passed     96.94%
  97  SRR8528341    0.00%    passed     99.15%
  98  SRR8528350    2.78%    passed     97.46%
  99  SRR8528354    0.00%    passed     93.83%
 100  SRR8528357    0.00%    passed     83.40%
 101  SRR8528361    0.00%    passed     95.09%
 102  SRR8528365    0.00%    passed     97.58%
 103  SRR8528370    0.00%    passed     97.38%
 104  SRR8528372    0.00%    passed     92.68%
 105  SRR8528379    0.00%    passed     96.45%
 106  SRR8528381    1.85%    passed     63.91%
 107  SRR8528384    0.00%    passed     96.43%
 108  SRR8528389    0.00%    passed     99.15%
 109  SRR8528391    0.00%    passed     93.29%
 110  SRR8528400    0.46%    passed     99.86%
****  TOTAL         0.68%  0 sequences failed composition chi2 test (p-value<5%; df=3)
NOTE: S1498 is identical to S1083 but kept for subsequent analysis
NOTE: S1369 is identical to S1227 but kept for subsequent analysis
NOTE: SRR8528389 is identical to SRR8528341 but kept for subsequent analysis
Checking for duplicate sequences: done in 0.0114579 secs using 1331% CPU

Create initial parsimony tree by phylogenetic likelihood library (PLL)... 0.033 seconds
Generating 1000 samples for ultrafast bootstrap (seed: 365517)...

NOTE: 2 MB RAM (0 GB) is required!
Measuring multi-threading efficiency up to 56 CPU cores
Increase to 10 rounds for branch lengths
648 trees examined
Threads: 1 / Time: 56.018 sec / Speedup: 1.000 / Efficiency: 100% / LogL: -5779
Threads: 2 / Time: 91.556 sec / Speedup: 0.612 / Efficiency: 31% / LogL: -5779
Determining AUTO threadcount: done in 147.575 secs using 119.3% CPU
BEST NUMBER OF THREADS: 1

Estimate model parameters (epsilon = 0.100)
1. Initial log-likelihood: -3410.397
2. Current log-likelihood: -3321.930
3. Current log-likelihood: -3321.573
Optimal log-likelihood: -3321.516
Rate parameters:  A-C: 1.40608  A-G: 3.99935  A-T: 1.23408  C-G: 1.17321  C-T: 3.07466  G-T: 1.00000
Base frequencies:  A: 0.270  C: 0.254  G: 0.209  T: 0.267
Site proportion and rates:  (0.380,0.140) (0.205,0.317) (0.157,1.119) (0.259,2.729)
Parameters optimization took 3 rounds (0.414 sec)
Wrote distance file to... 
Computing ML distances based on estimated model parameters...
Calculating distance matrix: done in 0.190025 secs using 62.96% CPU
Computing ML distances took 0.190299 sec (of wall-clock time) 0.119921 sec (of CPU time)
Setting up auxiliary I and S matrices: done in 0.000951052 secs using 519.4% CPU
Constructing RapidNJ tree: done in 0.00199986 secs using 99.96% CPU
Computing RapidNJ tree took 0.003103 sec (of wall-clock time) 0.007091 sec (of CPU time)
Log-likelihood of RapidNJ tree: -3332.267
--------------------------------------------------------------------
|             INITIALIZING CANDIDATE TREE SET                      |
--------------------------------------------------------------------
Generating 98 parsimony trees... 2.038 second
Computing log-likelihood of 98 initial trees ... 1.566 seconds
Current best score: -3295.417

Do NNI search on 20 best initial trees
Optimizing NNI: done in 0.589189 secs using 64.45% CPU
Estimate model parameters (epsilon = 0.100)
BETTER TREE FOUND at iteration 1: -3293.300
Optimizing NNI: done in 0.987104 secs using 59.12% CPU
Optimizing NNI: done in 0.874994 secs using 66.82% CPU
Estimate model parameters (epsilon = 0.100)
BETTER TREE FOUND at iteration 3: -3291.571
Optimizing NNI: done in 0.488904 secs using 100% CPU
Estimate model parameters (epsilon = 0.100)
BETTER TREE FOUND at iteration 4: -3279.917
Optimizing NNI: done in 0.489178 secs using 66.5% CPU
Optimizing NNI: done in 0.644215 secs using 65.55% CPU
Optimizing NNI: done in 0.754053 secs using 79.09% CPU
Optimizing NNI: done in 0.42571 secs using 100% CPU
Optimizing NNI: done in 0.631303 secs using 88.59% CPU
Optimizing NNI: done in 0.635718 secs using 71.72% CPU
Iteration 10 / LogL: -3287.771 / Time: 0h:2m:41s
Optimizing NNI: done in 0.407648 secs using 79.38% CPU
Optimizing NNI: done in 0.580254 secs using 84.46% CPU
Optimizing NNI: done in 0.529505 secs using 100% CPU
Optimizing NNI: done in 0.443253 secs using 78.34% CPU
Optimizing NNI: done in 0.679126 secs using 65.84% CPU
Optimizing NNI: done in 0.735953 secs using 67.93% CPU
Optimizing NNI: done in 0.644865 secs using 67.74% CPU
Optimizing NNI: done in 0.730391 secs using 69.34% CPU
Optimizing NNI: done in 0.756977 secs using 66.18% CPU
Optimizing NNI: done in 0.57268 secs using 83.35% CPU
Iteration 20 / LogL: -3280.725 / Time: 0h:2m:47s
Finish initializing candidate tree set (20)
Current best tree score: -3279.917 / CPU time: 19.034
Number of iterations: 20
--------------------------------------------------------------------
|               OPTIMIZING CANDIDATE TREE SET                      |
--------------------------------------------------------------------
Optimizing NNI: done in 0.393316 secs using 99.99% CPU
Optimizing NNI: done in 0.52005 secs using 90.3% CPU
Estimate model parameters (epsilon = 0.100)
BETTER TREE FOUND at iteration 22: -3279.057
Optimizing NNI: done in 0.218454 secs using 99.98% CPU
Optimizing NNI: done in 0.537477 secs using 100% CPU
Optimizing NNI: done in 0.337745 secs using 100% CPU
BETTER TREE FOUND at iteration 25: -3279.055
Optimizing NNI: done in 0.898312 secs using 64.56% CPU
Optimizing NNI: done in 0.658416 secs using 66.82% CPU
Optimizing NNI: done in 0.497799 secs using 77.08% CPU
Optimizing NNI: done in 0.558548 secs using 85.22% CPU
Optimizing NNI: done in 0.746691 secs using 62.5% CPU
Iteration 30 / LogL: -3283.539 / Time: 0h:2m:53s (0h:9m:26s left)
Optimizing NNI: done in 0.3714 secs using 82.71% CPU
Optimizing NNI: done in 0.513624 secs using 77.06% CPU
Optimizing NNI: done in 0.602853 secs using 91.22% CPU
Optimizing NNI: done in 0.66181 secs using 81.3% CPU
Optimizing NNI: done in 0.731643 secs using 70.23% CPU
Optimizing NNI: done in 0.655766 secs using 68.34% CPU
Optimizing NNI: done in 0.504828 secs using 93.65% CPU
Optimizing NNI: done in 0.47377 secs using 87.32% CPU
Optimizing NNI: done in 0.510019 secs using 83.43% CPU
Optimizing NNI: done in 0.651533 secs using 75.97% CPU
Iteration 40 / LogL: -3279.056 / Time: 0h:2m:59s (0h:6m:30s left)
Optimizing NNI: done in 0.401979 secs using 99.99% CPU
Optimizing NNI: done in 0.315202 secs using 100% CPU
Optimizing NNI: done in 0.434474 secs using 99.99% CPU
Optimizing NNI: done in 0.30148 secs using 100% CPU
Optimizing NNI: done in 0.472192 secs using 100% CPU
Optimizing NNI: done in 0.668989 secs using 67.07% CPU
Optimizing NNI: done in 0.671795 secs using 83.42% CPU
Optimizing NNI: done in 0.579614 secs using 100% CPU
Optimizing NNI: done in 0.545323 secs using 96.87% CPU
Estimate model parameters (epsilon = 0.100)
BETTER TREE FOUND at iteration 49: -3278.955
Optimizing NNI: done in 0.434819 secs using 100% CPU
Iteration 50 / LogL: -3279.071 / Time: 0h:3m:4s (0h:6m:11s left)
Log-likelihood cutoff on original alignment: -3307.531
Optimizing NNI: done in 0.611915 secs using 81.78% CPU
Optimizing NNI: done in 0.800209 secs using 73.6% CPU
Optimizing NNI: done in 0.326759 secs using 100% CPU
Optimizing NNI: done in 0.483382 secs using 100% CPU
Optimizing NNI: done in 0.412535 secs using 100% CPU
Optimizing NNI: done in 0.421335 secs using 79.11% CPU
Optimizing NNI: done in 0.484723 secs using 69.56% CPU
Optimizing NNI: done in 0.711781 secs using 66.85% CPU
Estimate model parameters (epsilon = 0.100)
BETTER TREE FOUND at iteration 58: -3277.813
Optimizing NNI: done in 0.676478 secs using 90.53% CPU
Optimizing NNI: done in 0.392489 secs using 99.97% CPU
Iteration 60 / LogL: -3280.226 / Time: 0h:3m:10s (0h:5m:16s left)
Optimizing NNI: done in 0.361053 secs using 99.99% CPU
Optimizing NNI: done in 0.493909 secs using 99.99% CPU
Optimizing NNI: done in 0.639452 secs using 99.99% CPU
Optimizing NNI: done in 0.683867 secs using 74.83% CPU
Optimizing NNI: done in 0.942643 secs using 57.05% CPU
Optimizing NNI: done in 0.549353 secs using 84.75% CPU
Optimizing NNI: done in 0.38943 secs using 99.12% CPU
Optimizing NNI: done in 0.480127 secs using 99.91% CPU
Optimizing NNI: done in 0.437712 secs using 99.99% CPU
Optimizing NNI: done in 0.46672 secs using 96.57% CPU
Iteration 70 / LogL: -3291.652 / Time: 0h:3m:16s (0h:4m:10s left)
Optimizing NNI: done in 0.483129 secs using 99.99% CPU
Optimizing NNI: done in 0.460914 secs using 99.99% CPU
Optimizing NNI: done in 0.590729 secs using 99.99% CPU
Optimizing NNI: done in 0.439773 secs using 99.99% CPU
Optimizing NNI: done in 0.497899 secs using 99.99% CPU
Optimizing NNI: done in 0.310647 secs using 100% CPU
Optimizing NNI: done in 0.381613 secs using 99.99% CPU
Optimizing NNI: done in 0.400267 secs using 99.99% CPU
Optimizing NNI: done in 0.462484 secs using 99.99% CPU
Optimizing NNI: done in 0.450069 secs using 99.99% CPU
Iteration 80 / LogL: -3278.242 / Time: 0h:3m:20s (0h:3m:18s left)
Optimizing NNI: done in 0.447671 secs using 99.99% CPU
Optimizing NNI: done in 0.448222 secs using 99.97% CPU
Optimizing NNI: done in 0.454967 secs using 99.12% CPU
Optimizing NNI: done in 0.517236 secs using 99.99% CPU
Optimizing NNI: done in 0.5428 secs using 99.86% CPU
Optimizing NNI: done in 0.386117 secs using 100% CPU
Optimizing NNI: done in 0.500701 secs using 100% CPU
Optimizing NNI: done in 0.313094 secs using 99.98% CPU
Optimizing NNI: done in 0.305006 secs using 100% CPU
Optimizing NNI: done in 0.438439 secs using 99.99% CPU
Iteration 90 / LogL: -3277.813 / Time: 0h:3m:25s (0h:2m:36s left)
Optimizing NNI: done in 0.441461 secs using 99.99% CPU
Optimizing NNI: done in 0.485687 secs using 99.99% CPU
Optimizing NNI: done in 0.482507 secs using 97.42% CPU
Optimizing NNI: done in 0.405972 secs using 99.01% CPU
Optimizing NNI: done in 0.427257 secs using 100% CPU
Optimizing NNI: done in 0.49554 secs using 99.99% CPU
Optimizing NNI: done in 0.590124 secs using 99.98% CPU
Optimizing NNI: done in 0.591415 secs using 82.49% CPU
Estimate model parameters (epsilon = 0.100)
BETTER TREE FOUND at iteration 98: -3277.737
Optimizing NNI: done in 0.733903 secs using 72.79% CPU
Optimizing NNI: done in 0.815008 secs using 55.58% CPU
Iteration 100 / LogL: -3277.806 / Time: 0h:3m:31s (0h:3m:29s left)
Log-likelihood cutoff on original alignment: -3307.531
NOTE: Bootstrap correlation coefficient of split occurrence frequencies: 0.995
Optimizing NNI: done in 0.768078 secs using 66.66% CPU
Optimizing NNI: done in 0.645865 secs using 94.42% CPU
Optimizing NNI: done in 0.473976 secs using 99.14% CPU
Optimizing NNI: done in 0.419541 secs using 99.99% CPU
Optimizing NNI: done in 0.567556 secs using 59.12% CPU
Optimizing NNI: done in 1.01944 secs using 49.39% CPU
Optimizing NNI: done in 0.434866 secs using 85.28% CPU
Optimizing NNI: done in 0.563968 secs using 99.99% CPU
Optimizing NNI: done in 0.529807 secs using 99.99% CPU
Optimizing NNI: done in 0.569658 secs using 83.19% CPU
Iteration 110 / LogL: -3280.318 / Time: 0h:3m:38s (0h:3m:0s left)
Optimizing NNI: done in 0.502945 secs using 73.76% CPU
Optimizing NNI: done in 0.793528 secs using 51.04% CPU
Optimizing NNI: done in 0.443629 secs using 98.71% CPU
Optimizing NNI: done in 0.480241 secs using 100% CPU
Optimizing NNI: done in 0.602686 secs using 93.21% CPU
Optimizing NNI: done in 0.252747 secs using 99.9% CPU
Optimizing NNI: done in 0.599952 secs using 99.95% CPU
BETTER TREE FOUND at iteration 117: -3277.737
Optimizing NNI: done in 0.793553 secs using 62.29% CPU
Optimizing NNI: done in 0.397443 secs using 71.64% CPU
Optimizing NNI: done in 0.416991 secs using 95.59% CPU
Iteration 120 / LogL: -3280.319 / Time: 0h:3m:44s (0h:3m:2s left)
Optimizing NNI: done in 0.404898 secs using 100% CPU
Optimizing NNI: done in 0.623012 secs using 67.83% CPU
Optimizing NNI: done in 0.760613 secs using 69.65% CPU
Optimizing NNI: done in 0.519686 secs using 87.46% CPU
Optimizing NNI: done in 0.574598 secs using 100% CPU
Optimizing NNI: done in 0.613768 secs using 70.74% CPU
Optimizing NNI: done in 0.888918 secs using 64.43% CPU
Optimizing NNI: done in 0.630615 secs using 78.72% CPU
Optimizing NNI: done in 0.114954 secs using 98.53% CPU
Optimizing NNI: done in 0.447144 secs using 89.91% CPU
Iteration 130 / LogL: -3286.465 / Time: 0h:3m:49s (0h:2m:35s left)
Optimizing NNI: done in 0.776796 secs using 58.31% CPU
Optimizing NNI: done in 0.68199 secs using 78.51% CPU
Optimizing NNI: done in 0.506091 secs using 80.37% CPU
Optimizing NNI: done in 0.617548 secs using 74.58% CPU
Optimizing NNI: done in 0.355888 secs using 59.81% CPU
Optimizing NNI: done in 0.733636 secs using 74.29% CPU
Optimizing NNI: done in 0.590719 secs using 66.15% CPU
Optimizing NNI: done in 0.538475 secs using 80.74% CPU
Optimizing NNI: done in 0.599638 secs using 77.41% CPU
Optimizing NNI: done in 0.660222 secs using 72.59% CPU
Iteration 140 / LogL: -3287.964 / Time: 0h:3m:56s (0h:2m:10s left)
Optimizing NNI: done in 0.546572 secs using 77.19% CPU
Optimizing NNI: done in 0.43467 secs using 91.8% CPU
Optimizing NNI: done in 0.561646 secs using 99.95% CPU
Optimizing NNI: done in 0.432518 secs using 97.7% CPU
Optimizing NNI: done in 0.363606 secs using 54.82% CPU
Optimizing NNI: done in 0.714397 secs using 62.47% CPU
Optimizing NNI: done in 0.650207 secs using 71.71% CPU
Optimizing NNI: done in 0.532809 secs using 100% CPU
Optimizing NNI: done in 0.365498 secs using 100% CPU
Optimizing NNI: done in 0.30323 secs using 99.98% CPU
Iteration 150 / LogL: -3284.519 / Time: 0h:4m:1s (0h:1m:48s left)
Log-likelihood cutoff on original alignment: -3307.531
Optimizing NNI: done in 0.350358 secs using 91.07% CPU
Optimizing NNI: done in 0.54395 secs using 91.21% CPU
Optimizing NNI: done in 1.05093 secs using 56.94% CPU
Optimizing NNI: done in 0.83078 secs using 64.45% CPU
Optimizing NNI: done in 0.763337 secs using 55.5% CPU
Optimizing NNI: done in 0.721 secs using 68.64% CPU
Optimizing NNI: done in 0.317991 secs using 100% CPU
Optimizing NNI: done in 0.410771 secs using 91.82% CPU
Optimizing NNI: done in 0.727356 secs using 73.67% CPU
Optimizing NNI: done in 0.630029 secs using 71.06% CPU
Iteration 160 / LogL: -3288.627 / Time: 0h:4m:8s (0h:1m:29s left)
Optimizing NNI: done in 0.842717 secs using 65.3% CPU
Optimizing NNI: done in 0.495845 secs using 72.53% CPU
Optimizing NNI: done in 0.463845 secs using 99.99% CPU
Optimizing NNI: done in 0.629906 secs using 77.37% CPU
Optimizing NNI: done in 0.568613 secs using 84.49% CPU
Optimizing NNI: done in 0.45744 secs using 100% CPU
Optimizing NNI: done in 0.46399 secs using 99.39% CPU
Optimizing NNI: done in 0.544377 secs using 90.38% CPU
BETTER TREE FOUND at iteration 168: -3277.736
Optimizing NNI: done in 0.561878 secs using 71.27% CPU
Optimizing NNI: done in 0.4447 secs using 67.61% CPU
Iteration 170 / LogL: -3298.420 / Time: 0h:4m:14s (0h:2m:27s left)
Optimizing NNI: done in 0.703437 secs using 65.31% CPU
Optimizing NNI: done in 0.741838 secs using 62.58% CPU
Optimizing NNI: done in 0.733756 secs using 82.23% CPU
BETTER TREE FOUND at iteration 173: -3277.736
Optimizing NNI: done in 0.45664 secs using 100% CPU
Optimizing NNI: done in 0.25587 secs using 100% CPU
Optimizing NNI: done in 0.65499 secs using 77.33% CPU
Optimizing NNI: done in 0.724122 secs using 83.35% CPU
Optimizing NNI: done in 0.381839 secs using 97.9% CPU
Optimizing NNI: done in 0.464563 secs using 100% CPU
Optimizing NNI: done in 0.531163 secs using 68.15% CPU
Iteration 180 / LogL: -3283.648 / Time: 0h:4m:20s (0h:2m:15s left)
Optimizing NNI: done in 0.36478 secs using 99.99% CPU
Optimizing NNI: done in 0.453444 secs using 99.98% CPU
Optimizing NNI: done in 0.225106 secs using 99.99% CPU
Optimizing NNI: done in 0.624267 secs using 84.85% CPU
Optimizing NNI: done in 0.347605 secs using 99.98% CPU
Optimizing NNI: done in 0.391803 secs using 100% CPU
Optimizing NNI: done in 0.53275 secs using 99.99% CPU
Optimizing NNI: done in 0.361499 secs using 99.99% CPU
Optimizing NNI: done in 0.318468 secs using 100% CPU
Optimizing NNI: done in 0.696673 secs using 71.45% CPU
Iteration 190 / LogL: -3277.805 / Time: 0h:4m:25s (0h:1m:56s left)
Optimizing NNI: done in 0.766806 secs using 79.76% CPU
Optimizing NNI: done in 0.615694 secs using 93.49% CPU
Optimizing NNI: done in 0.440609 secs using 83.51% CPU
Optimizing NNI: done in 0.656962 secs using 72.83% CPU
Optimizing NNI: done in 0.453913 secs using 97.49% CPU
Optimizing NNI: done in 0.628611 secs using 98.79% CPU
Optimizing NNI: done in 0.234905 secs using 99.99% CPU
Optimizing NNI: done in 0.469503 secs using 99.98% CPU
Optimizing NNI: done in 0.659276 secs using 99.98% CPU
Optimizing NNI: done in 0.503842 secs using 99.98% CPU
Iteration 200 / LogL: -3279.277 / Time: 0h:4m:31s (0h:1m:39s left)
Log-likelihood cutoff on original alignment: -3307.531
NOTE: Bootstrap correlation coefficient of split occurrence frequencies: 0.998
Optimizing NNI: done in 0.483868 secs using 99.97% CPU
Optimizing NNI: done in 0.372183 secs using 99.99% CPU
Optimizing NNI: done in 0.604424 secs using 96.67% CPU
Optimizing NNI: done in 0.40361 secs using 99.99% CPU
Optimizing NNI: done in 0.335981 secs using 99.99% CPU
Optimizing NNI: done in 0.520909 secs using 99.99% CPU
Optimizing NNI: done in 0.693797 secs using 78.94% CPU
Optimizing NNI: done in 0.563394 secs using 82.49% CPU
BETTER TREE FOUND at iteration 208: -3277.735
Optimizing NNI: done in 0.460782 secs using 88.82% CPU
Optimizing NNI: done in 0.471398 secs using 99.88% CPU
Iteration 210 / LogL: -3285.731 / Time: 0h:4m:37s (0h:2m:10s left)
Optimizing NNI: done in 0.548503 secs using 86.52% CPU
Optimizing NNI: done in 0.311653 secs using 100% CPU
Optimizing NNI: done in 0.364077 secs using 100% CPU
Optimizing NNI: done in 0.351537 secs using 98.97% CPU
Optimizing NNI: done in 0.228354 secs using 99.99% CPU
Optimizing NNI: done in 0.435056 secs using 99.99% CPU
Optimizing NNI: done in 0.467019 secs using 99.98% CPU
Optimizing NNI: done in 0.362753 secs using 99.99% CPU
Optimizing NNI: done in 0.293843 secs using 99.99% CPU
Optimizing NNI: done in 0.361435 secs using 99.99% CPU
Iteration 220 / LogL: -3278.985 / Time: 0h:4m:41s (0h:1m:53s left)
Optimizing NNI: done in 0.630747 secs using 99.98% CPU
Optimizing NNI: done in 0.365752 secs using 99.96% CPU
Optimizing NNI: done in 0.387925 secs using 99.99% CPU
Optimizing NNI: done in 0.404393 secs using 99.98% CPU
Optimizing NNI: done in 0.375439 secs using 99.99% CPU
Optimizing NNI: done in 0.515291 secs using 99.99% CPU
Optimizing NNI: done in 0.419708 secs using 99.99% CPU
Optimizing NNI: done in 0.441928 secs using 99.99% CPU
Optimizing NNI: done in 0.585281 secs using 99.98% CPU
Optimizing NNI: done in 0.433202 secs using 99.99% CPU
Iteration 230 / LogL: -3286.569 / Time: 0h:4m:46s (0h:1m:37s left)
Optimizing NNI: done in 0.638297 secs using 99.99% CPU
Optimizing NNI: done in 0.317868 secs using 99.99% CPU
Optimizing NNI: done in 0.49767 secs using 100% CPU
Optimizing NNI: done in 0.548489 secs using 99.98% CPU
Optimizing NNI: done in 0.396393 secs using 99.99% CPU
Optimizing NNI: done in 0.560772 secs using 96.45% CPU
Optimizing NNI: done in 0.453027 secs using 100% CPU
Optimizing NNI: done in 0.47571 secs using 99.99% CPU
Optimizing NNI: done in 0.479839 secs using 99.99% CPU
Optimizing NNI: done in 0.622357 secs using 99.99% CPU
Iteration 240 / LogL: -3284.659 / Time: 0h:4m:51s (0h:1m:23s left)
Optimizing NNI: done in 0.533523 secs using 99.98% CPU
Optimizing NNI: done in 0.490591 secs using 99.99% CPU
Optimizing NNI: done in 0.391015 secs using 99.99% CPU
Optimizing NNI: done in 0.505721 secs using 99.65% CPU
Optimizing NNI: done in 0.467838 secs using 99.98% CPU
Optimizing NNI: done in 0.352822 secs using 100% CPU
Optimizing NNI: done in 0.506386 secs using 99.97% CPU
Optimizing NNI: done in 0.421887 secs using 99.81% CPU
Optimizing NNI: done in 0.441762 secs using 92.78% CPU
Optimizing NNI: done in 0.539792 secs using 94.07% CPU
Iteration 250 / LogL: -3282.237 / Time: 0h:4m:56s (0h:1m:9s left)
Log-likelihood cutoff on original alignment: -3307.531
Optimizing NNI: done in 0.625744 secs using 62.1% CPU
Optimizing NNI: done in 0.303234 secs using 99.99% CPU
Optimizing NNI: done in 0.492608 secs using 94.05% CPU
Optimizing NNI: done in 0.73521 secs using 66.15% CPU
Optimizing NNI: done in 0.858477 secs using 69.41% CPU
Optimizing NNI: done in 0.445784 secs using 77.67% CPU
Optimizing NNI: done in 0.377679 secs using 93.64% CPU
Optimizing NNI: done in 0.562755 secs using 99.99% CPU
Optimizing NNI: done in 0.272118 secs using 95.58% CPU
Optimizing NNI: done in 0.383491 secs using 99.99% CPU
Iteration 260 / LogL: -3278.255 / Time: 0h:5m:3s (0h:0m:56s left)
Optimizing NNI: done in 0.597375 secs using 79.3% CPU
Optimizing NNI: done in 0.530687 secs using 95.14% CPU
Optimizing NNI: done in 0.718835 secs using 74.39% CPU
Optimizing NNI: done in 0.806817 secs using 59.42% CPU
Optimizing NNI: done in 0.296631 secs using 100% CPU
Optimizing NNI: done in 0.616629 secs using 100% CPU
Optimizing NNI: done in 0.470469 secs using 99.98% CPU
Optimizing NNI: done in 0.554721 secs using 99.99% CPU
Optimizing NNI: done in 0.471625 secs using 99.99% CPU
Optimizing NNI: done in 0.482059 secs using 99.99% CPU
Iteration 270 / LogL: -3291.258 / Time: 0h:5m:9s (0h:0m:43s left)
Optimizing NNI: done in 0.629131 secs using 99.88% CPU
Optimizing NNI: done in 0.367662 secs using 99.99% CPU
Optimizing NNI: done in 0.245401 secs using 99.96% CPU
Optimizing NNI: done in 0.486974 secs using 99.99% CPU
Optimizing NNI: done in 0.366323 secs using 99.98% CPU
Optimizing NNI: done in 0.477786 secs using 99.99% CPU
Optimizing NNI: done in 0.620804 secs using 99.99% CPU
Optimizing NNI: done in 0.618737 secs using 85.9% CPU
Optimizing NNI: done in 0.645873 secs using 100% CPU
Optimizing NNI: done in 0.402018 secs using 99.97% CPU
Iteration 280 / LogL: -3288.243 / Time: 0h:5m:14s (0h:0m:31s left)
Optimizing NNI: done in 0.529587 secs using 99.24% CPU
Optimizing NNI: done in 0.465471 secs using 99.99% CPU
Optimizing NNI: done in 0.50815 secs using 99.9% CPU
Optimizing NNI: done in 0.325336 secs using 99.99% CPU
Optimizing NNI: done in 0.345573 secs using 91.7% CPU
Optimizing NNI: done in 0.476912 secs using 99.99% CPU
Optimizing NNI: done in 0.47587 secs using 99.99% CPU
Optimizing NNI: done in 0.612235 secs using 99.97% CPU
Optimizing NNI: done in 0.448751 secs using 91.07% CPU
Optimizing NNI: done in 0.728947 secs using 73.92% CPU
Iteration 290 / LogL: -3280.674 / Time: 0h:5m:19s (0h:0m:19s left)
Optimizing NNI: done in 0.506208 secs using 93.68% CPU
Optimizing NNI: done in 0.390329 secs using 100% CPU
Optimizing NNI: done in 0.509049 secs using 82.17% CPU
Optimizing NNI: done in 0.538575 secs using 83.01% CPU
Optimizing NNI: done in 0.373273 secs using 100% CPU
Optimizing NNI: done in 0.476897 secs using 100% CPU
Optimizing NNI: done in 0.340701 secs using 99.99% CPU
Optimizing NNI: done in 0.252324 secs using 98.6% CPU
Optimizing NNI: done in 0.735756 secs using 73.17% CPU
Optimizing NNI: done in 0.60176 secs using 100% CPU
Iteration 300 / LogL: -3278.798 / Time: 0h:5m:25s (0h:0m:8s left)
Log-likelihood cutoff on original alignment: -3307.531
NOTE: Bootstrap correlation coefficient of split occurrence frequencies: 0.999
Optimizing NNI: done in 0.493999 secs using 100% CPU
Optimizing NNI: done in 0.495129 secs using 100% CPU
Optimizing NNI: done in 0.403752 secs using 100% CPU
Optimizing NNI: done in 0.554469 secs using 100% CPU
Optimizing NNI: done in 0.435513 secs using 100% CPU
Optimizing NNI: done in 0.824585 secs using 80.08% CPU
Optimizing NNI: done in 0.629291 secs using 99.98% CPU
Optimizing NNI: done in 0.191059 secs using 100% CPU
Optimizing NNI: done in 0.292239 secs using 100% CPU
TREE SEARCH COMPLETED AFTER 309 ITERATIONS / Time: 0h:5m:30s

--------------------------------------------------------------------
|                    FINALIZING TREE SEARCH                        |
--------------------------------------------------------------------
Performs final model parameters optimization
Estimate model parameters (epsilon = 0.010)
1. Initial log-likelihood: -3277.735
Optimal log-likelihood: -3277.730
Rate parameters:  A-C: 1.39993  A-G: 3.76364  A-T: 1.22209  C-G: 1.07028  C-T: 3.23657  G-T: 1.00000
Base frequencies:  A: 0.270  C: 0.254  G: 0.209  T: 0.267
Site proportion and rates:  (0.491,0.156) (0.186,0.585) (0.318,2.379) (0.005,12.240)
Parameters optimization took 1 rounds (0.103 sec)
BEST SCORE FOUND : -3277.730
Creating bootstrap support values...
Split supports printed to NEXUS file 5G54080_iqtree_final_superstrict_excluding_hybrids.splits.nex
Total tree length: 2.716

Total number of iterations: 309
CPU time used for tree search: 156.950 sec (0h:2m:36s)
Wall-clock time used for tree search: 182.068 sec (0h:3m:2s)
Total CPU time used: 336.353 sec (0h:5m:36s)
Total wall-clock time used: 331.135 sec (0h:5m:31s)

Computing bootstrap consensus tree...
Reading input file 5G54080_iqtree_final_superstrict_excluding_hybrids.splits.nex...
110 taxa and 1102 splits.
Consensus tree written to 5G54080_iqtree_final_superstrict_excluding_hybrids.contree
Reading input trees file 5G54080_iqtree_final_superstrict_excluding_hybrids.contree
Log-likelihood of consensus tree: -3277.804

Analysis results written to: 
  IQ-TREE report:                5G54080_iqtree_final_superstrict_excluding_hybrids.iqtree
  Maximum-likelihood tree:       5G54080_iqtree_final_superstrict_excluding_hybrids.treefile
  Likelihood distances:          5G54080_iqtree_final_superstrict_excluding_hybrids.mldist

Ultrafast bootstrap approximation results written to:
  Split support values:          5G54080_iqtree_final_superstrict_excluding_hybrids.splits.nex
  Consensus tree:                5G54080_iqtree_final_superstrict_excluding_hybrids.contree
  Screen log file:               5G54080_iqtree_final_superstrict_excluding_hybrids.log

ALISIM COMMAND
--------------
--alisim simulated_MSA -t 5G54080_iqtree_final_superstrict_excluding_hybrids.treefile -m "GTR{1.39993,3.76364,1.22209,1.07028,3.23657}+F{0.269826,0.253899,0.20932,0.266956}+R4{0.490546,0.156071,0.186386,0.585148,0.318435,2.37935,0.00463299,12.2403}" --length 216

Date and Time: Fri Jun  2 09:57:26 2023
