IQ-TREE multicore version 2.2.2 COVID-edition for Linux 64-bit built Sep 20 2022
Developed by Bui Quang Minh, James Barbetti, Nguyen Lam Tung,
Olga Chernomor, Heiko Schmidt, Dominik Schrempf, Michael Woodhams, Ly Trong Nhan.

Host:    netdc-bms-c11f (AVX2, FMA3, 377 GB RAM)
Command: /home/kasper.hendriks/iqtree-2.2.2-Linux/bin/iqtree2 -s 6227_taper_final_superstrict_excluding_hybrids.fasta -B 1000 -nm 1000 -m GTR+F+R -nt AUTO --prefix 6227_iqtree_final_superstrict_excluding_hybrids
Seed:    653867 (Using SPRNG - Scalable Parallel Random Number Generator)
Time:    Fri Jun  2 09:56:41 2023
Kernel:  AVX+FMA - auto-detect threads (56 CPU cores detected)

Reading alignment file 6227_taper_final_superstrict_excluding_hybrids.fasta ... Fasta format detected
Reading fasta file: done in 0.001302 secs using 99.85% CPU
Alignment most likely contains DNA/RNA sequences
Constructing alignment: done in 0.00346088 secs using 1617% CPU
Alignment has 113 sequences with 507 columns, 384 distinct patterns
196 parsimony-informative, 71 singleton sites, 240 constant sites
               Gap/Ambiguity  Composition  p-value
Analyzing sequences: done in 0.016227 secs using 1496% CPU
   1  CRNC             0.00%    passed     80.94%
   2  HYZL             0.00%    passed     99.38%
   3  MYZV             0.00%    passed     79.69%
   4  SRR6441723       2.96%    passed     83.84%
   5  ERR4210213      66.86%    passed     93.65%
   6  ERR2789774       0.00%    passed     99.07%
   7  PAFTOL_019361   14.99%    passed     22.13%
   8  S0055            0.00%    passed     95.72%
   9  S0278            0.00%    passed     99.85%
  10  S0281            2.96%    passed     93.84%
  11  S0282            0.00%    passed     98.97%
  12  S0289            0.00%    passed     99.60%
  13  S0292            2.17%    passed     98.40%
  14  S0293            4.54%    passed     89.85%
  15  S0294            0.79%    passed     97.93%
  16  S0299            0.20%    passed     98.66%
  17  S0303            0.20%    passed     97.98%
  18  S0308            0.20%    passed     69.82%
  19  S0320            0.00%    passed     99.88%
  20  S0322            2.56%    passed     97.79%
  21  S0327            0.00%    passed     98.01%
  22  S0335            0.00%    passed     95.72%
  23  S0376           21.10%    passed     98.84%
  24  S0400           20.91%    passed     98.61%
  25  S0405            0.39%    passed     99.60%
  26  S0407sl          0.00%    passed     97.65%
  27  S0412sl         29.59%    passed     95.69%
  28  S0417            3.16%    passed     94.88%
  29  S0419            0.79%    passed     98.59%
  30  S0427            0.00%    passed     99.91%
  31  S0428sl         16.37%    passed     64.93%
  32  S0430            2.96%    passed     87.96%
  33  S0478           31.95%    passed     83.04%
  34  S0552sl          0.39%    passed     77.24%
  35  S0558            0.00%    passed     99.30%
  36  S0616            1.78%    passed     92.55%
  37  S0620            7.30%    passed     81.81%
  38  S0624            4.73%    passed     94.34%
  39  S0641            0.00%    passed     99.43%
  40  S0643            0.20%    passed     99.61%
  41  S0645sl          0.00%    passed     98.76%
  42  S0656sl          0.00%    passed     98.52%
  43  S0690           31.36%    passed     69.30%
  44  S0720            0.00%    passed     99.99%
  45  S0724sl          4.34%    passed     88.87%
  46  S0735            0.20%    passed     29.32%
  47  S0742            0.00%    passed     97.50%
  48  S0748            3.94%    passed     79.49%
  49  S0756            3.55%    passed     97.63%
  50  S0758            0.00%    passed     56.50%
  51  S0760            0.00%    passed     95.96%
  52  S0763            0.00%    passed     98.83%
  53  S0765            0.00%    passed     97.98%
  54  S0770            0.00%    passed     98.65%
  55  S0771            0.00%    passed     79.84%
  56  S0795            0.20%    passed     99.26%
  57  S0827            1.97%    passed     99.32%
  58  S0888            0.20%    passed     97.16%
  59  S0899            0.00%    passed     99.03%
  60  S0906            0.20%    passed     99.68%
  61  S0951            5.92%    passed     85.70%
  62  S0952           15.38%    passed     87.00%
  63  S0956            0.39%    passed     74.98%
  64  S0959            0.20%    passed     62.80%
  65  S0960            0.00%    passed     72.67%
  66  S0964            0.00%    passed     69.65%
  67  S1052sl         59.76%    passed     99.47%
  68  S1083            0.00%    passed     99.25%
  69  S1100            0.00%    passed     17.91%
  70  S1102            0.59%    passed     89.56%
  71  S1110           46.75%    passed     95.07%
  72  S1120           15.19%    passed     97.22%
  73  S1128            0.00%    passed     93.07%
  74  S1129sl          0.20%    passed     85.84%
  75  S1148            0.99%    passed     12.72%
  76  S1177            0.39%    passed     99.54%
  77  S1180            0.00%    passed     14.31%
  78  S1189            0.20%    passed     69.94%
  79  S1201sl          0.20%    passed     92.05%
  80  S1210            4.73%    passed     96.01%
  81  S1211            0.00%    passed     96.47%
  82  S1214sl          0.00%    passed     97.23%
  83  S1223            0.79%    passed     16.71%
  84  S1227            0.39%    passed     99.17%
  85  S1235sl          0.20%    passed     97.94%
  86  S1238sl          0.39%    passed     94.10%
  87  S1239            1.38%    passed     98.78%
  88  S1249            2.96%    passed     95.75%
  89  S1250sl         18.93%    passed     53.08%
  90  S1251            0.00%    passed     99.70%
  91  S1260            3.94%    passed     96.74%
  92  S1266sl          4.73%    passed     93.36%
  93  S1269            2.96%    passed     88.97%
  94  S1278            0.00%    passed     99.98%
  95  S1315            2.17%    passed     90.27%
  96  S1332            0.00%    passed     99.86%
  97  S1366            4.14%    passed     98.34%
  98  S1369            0.00%    passed     99.17%
  99  S1370            0.99%    passed     99.63%
 100  S1375            0.00%    passed     97.73%
 101  S1376            0.00%    passed     93.81%
 102  S1381            0.00%    passed     98.94%
 103  S1405            0.39%    passed     96.56%
 104  S1422            0.00%    passed     99.59%
 105  S1449            0.39%    passed     95.87%
 106  S1451            0.99%    passed     98.70%
 107  S1460            1.38%    passed     98.98%
 108  S1462            0.00%    passed     95.31%
 109  S1475           15.58%    passed     99.71%
 110  S1498            0.00%    passed     99.22%
 111  S_670            0.00%    passed     98.68%
 112  SRR11470320      0.00%    passed     98.07%
 113  SRR8528357       0.00%    passed     99.99%
WARNING: 2 sequences contain more than 50% gaps/ambiguity
****  TOTAL            4.42%  0 sequences failed composition chi2 test (p-value<5%; df=3)
Checking for duplicate sequences: done in 0.0819991 secs using 1671% CPU

Create initial parsimony tree by phylogenetic likelihood library (PLL)... 0.095 seconds
Generating 1000 samples for ultrafast bootstrap (seed: 653867)...

NOTE: 7 MB RAM (0 GB) is required!
Measuring multi-threading efficiency up to 56 CPU cores
Increase to 10 rounds for branch lengths
349 trees examined
Threads: 1 / Time: 56.119 sec / Speedup: 1.000 / Efficiency: 100% / LogL: -11618
Threads: 2 / Time: 46.072 sec / Speedup: 1.218 / Efficiency: 61% / LogL: -11618
Threads: 3 / Time: 41.361 sec / Speedup: 1.357 / Efficiency: 45% / LogL: -11618
Determining AUTO threadcount: done in 143.554 secs using 173.5% CPU
BEST NUMBER OF THREADS: 2

Estimate model parameters (epsilon = 0.100)
1. Initial log-likelihood: -7219.750
2. Current log-likelihood: -6896.335
3. Current log-likelihood: -6876.118
4. Current log-likelihood: -6867.728
5. Current log-likelihood: -6864.267
6. Current log-likelihood: -6862.596
7. Current log-likelihood: -6861.607
8. Current log-likelihood: -6860.945
9. Current log-likelihood: -6860.482
10. Current log-likelihood: -6860.150
11. Current log-likelihood: -6859.970
12. Current log-likelihood: -6859.795
13. Current log-likelihood: -6859.612
14. Current log-likelihood: -6859.411
15. Current log-likelihood: -6859.188
16. Current log-likelihood: -6858.951
17. Current log-likelihood: -6858.720
18. Current log-likelihood: -6858.504
19. Current log-likelihood: -6858.297
20. Current log-likelihood: -6858.095
21. Current log-likelihood: -6857.896
22. Current log-likelihood: -6857.696
23. Current log-likelihood: -6857.495
24. Current log-likelihood: -6857.294
25. Current log-likelihood: -6857.095
26. Current log-likelihood: -6856.897
27. Current log-likelihood: -6856.703
28. Current log-likelihood: -6856.511
29. Current log-likelihood: -6856.323
30. Current log-likelihood: -6856.138
31. Current log-likelihood: -6855.956
32. Current log-likelihood: -6855.777
33. Current log-likelihood: -6855.601
34. Current log-likelihood: -6855.426
35. Current log-likelihood: -6855.253
36. Current log-likelihood: -6855.074
37. Current log-likelihood: -6854.901
38. Current log-likelihood: -6854.727
39. Current log-likelihood: -6854.549
40. Current log-likelihood: -6854.368
41. Current log-likelihood: -6854.180
42. Current log-likelihood: -6853.983
43. Current log-likelihood: -6853.774
44. Current log-likelihood: -6853.542
45. Current log-likelihood: -6853.295
46. Current log-likelihood: -6853.026
47. Current log-likelihood: -6852.732
48. Current log-likelihood: -6852.410
49. Current log-likelihood: -6852.060
50. Current log-likelihood: -6851.685
51. Current log-likelihood: -6851.319
52. Current log-likelihood: -6851.047
53. Current log-likelihood: -6850.905
Optimal log-likelihood: -6850.838
Rate parameters:  A-C: 1.55392  A-G: 3.08649  A-T: 1.59089  C-G: 1.21248  C-T: 6.31723  G-T: 1.00000
Base frequencies:  A: 0.284  C: 0.186  G: 0.283  T: 0.247
Site proportion and rates:  (0.609,0.097) (0.282,1.459) (0.095,3.984) (0.013,11.149)
Parameters optimization took 53 rounds (7.717 sec)
Wrote distance file to... 
Computing ML distances based on estimated model parameters...
Calculating distance matrix: done in 0.072495 secs using 175.5% CPU
Computing ML distances took 0.072940 sec (of wall-clock time) 0.128002 sec (of CPU time)
Setting up auxiliary I and S matrices: done in 0.000530005 secs using 198.5% CPU
Constructing RapidNJ tree: done in 0.00278592 secs using 200.1% CPU
Computing RapidNJ tree took 0.003470 sec (of wall-clock time) 0.006968 sec (of CPU time)
Log-likelihood of RapidNJ tree: -6932.488
--------------------------------------------------------------------
|             INITIALIZING CANDIDATE TREE SET                      |
--------------------------------------------------------------------
Generating 98 parsimony trees... 2.264 second
Computing log-likelihood of 98 initial trees ... 2.146 seconds
Current best score: -6846.794

Do NNI search on 20 best initial trees
Optimizing NNI: done in 0.755447 secs using 194.2% CPU
Estimate model parameters (epsilon = 0.100)
BETTER TREE FOUND at iteration 1: -6839.133
Optimizing NNI: done in 1.1055 secs using 145.4% CPU
Optimizing NNI: done in 0.645648 secs using 161.4% CPU
Optimizing NNI: done in 0.835385 secs using 189.7% CPU
Optimizing NNI: done in 0.819312 secs using 188% CPU
Optimizing NNI: done in 0.657871 secs using 191.9% CPU
Estimate model parameters (epsilon = 0.100)
BETTER TREE FOUND at iteration 6: -6838.710
Optimizing NNI: done in 0.66719 secs using 196.4% CPU
Optimizing NNI: done in 0.709422 secs using 188.7% CPU
Optimizing NNI: done in 1.09253 secs using 141% CPU
Optimizing NNI: done in 0.781352 secs using 153.8% CPU
Estimate model parameters (epsilon = 0.100)
BETTER TREE FOUND at iteration 10: -6836.786
Iteration 10 / LogL: -6836.786 / Time: 0h:2m:45s
Optimizing NNI: done in 0.910878 secs using 157.2% CPU
Optimizing NNI: done in 0.858696 secs using 152.9% CPU
Optimizing NNI: done in 0.693573 secs using 194.2% CPU
Optimizing NNI: done in 1.10055 secs using 143.6% CPU
Optimizing NNI: done in 0.86021 secs using 169.6% CPU
Optimizing NNI: done in 0.59971 secs using 196.7% CPU
Optimizing NNI: done in 0.682743 secs using 183.2% CPU
Optimizing NNI: done in 0.843877 secs using 171.6% CPU
Optimizing NNI: done in 1.21391 secs using 121.2% CPU
Optimizing NNI: done in 1.32192 secs using 126.2% CPU
Iteration 20 / LogL: -6845.808 / Time: 0h:2m:54s
Finish initializing candidate tree set (20)
Current best tree score: -6836.786 / CPU time: 22.255
Number of iterations: 20
--------------------------------------------------------------------
|               OPTIMIZING CANDIDATE TREE SET                      |
--------------------------------------------------------------------
Optimizing NNI: done in 0.670096 secs using 170.3% CPU
Optimizing NNI: done in 0.581737 secs using 175.2% CPU
Optimizing NNI: done in 0.783534 secs using 169.9% CPU
Optimizing NNI: done in 0.853642 secs using 134.1% CPU
Optimizing NNI: done in 1.05618 secs using 139.1% CPU
Optimizing NNI: done in 0.550968 secs using 182.4% CPU
Optimizing NNI: done in 0.663549 secs using 151.7% CPU
Optimizing NNI: done in 1.20795 secs using 127% CPU
Optimizing NNI: done in 1.30148 secs using 125.6% CPU
Optimizing NNI: done in 0.528745 secs using 193% CPU
Iteration 30 / LogL: -6851.158 / Time: 0h:3m:3s (0h:8m:24s left)
Optimizing NNI: done in 0.561801 secs using 199% CPU
Optimizing NNI: done in 0.640336 secs using 195.8% CPU
Optimizing NNI: done in 0.762841 secs using 180.4% CPU
Optimizing NNI: done in 1.02414 secs using 145.5% CPU
Optimizing NNI: done in 0.592704 secs using 188% CPU
Optimizing NNI: done in 0.587025 secs using 169.6% CPU
Optimizing NNI: done in 0.984191 secs using 152.8% CPU
Optimizing NNI: done in 0.666069 secs using 165.8% CPU
Optimizing NNI: done in 0.568723 secs using 178% CPU
Optimizing NNI: done in 0.523506 secs using 196.7% CPU
Iteration 40 / LogL: -6841.898 / Time: 0h:3m:10s (0h:5m:41s left)
Optimizing NNI: done in 0.544813 secs using 188.4% CPU
Optimizing NNI: done in 0.548718 secs using 199.3% CPU
Optimizing NNI: done in 0.524929 secs using 196.3% CPU
Optimizing NNI: done in 0.396684 secs using 198.6% CPU
Optimizing NNI: done in 1.10482 secs using 126.3% CPU
Optimizing NNI: done in 0.716035 secs using 166.2% CPU
Optimizing NNI: done in 0.90503 secs using 160.9% CPU
Optimizing NNI: done in 0.701795 secs using 175.8% CPU
Optimizing NNI: done in 0.360238 secs using 200% CPU
Optimizing NNI: done in 0.530574 secs using 196.2% CPU
Iteration 50 / LogL: -6838.648 / Time: 0h:3m:16s (0h:4m:0s left)
Log-likelihood cutoff on original alignment: -6865.080
Optimizing NNI: done in 0.965733 secs using 162.7% CPU
Optimizing NNI: done in 0.822305 secs using 164.2% CPU
Optimizing NNI: done in 0.697761 secs using 177.5% CPU
Optimizing NNI: done in 0.884885 secs using 167.2% CPU
Optimizing NNI: done in 0.437296 secs using 198.2% CPU
Optimizing NNI: done in 0.614765 secs using 174.8% CPU
Optimizing NNI: done in 0.574125 secs using 197.8% CPU
Optimizing NNI: done in 0.569041 secs using 195.2% CPU
Optimizing NNI: done in 0.477988 secs using 199.2% CPU
Optimizing NNI: done in 0.511635 secs using 194.5% CPU
Iteration 60 / LogL: -6837.783 / Time: 0h:3m:24s (0h:2m:52s left)
Optimizing NNI: done in 0.548771 secs using 174.4% CPU
Optimizing NNI: done in 0.683429 secs using 191.1% CPU
Optimizing NNI: done in 0.513768 secs using 196.1% CPU
Optimizing NNI: done in 0.537259 secs using 191.6% CPU
Optimizing NNI: done in 0.883711 secs using 169.6% CPU
Optimizing NNI: done in 0.705554 secs using 173.1% CPU
Estimate model parameters (epsilon = 0.100)
BETTER TREE FOUND at iteration 66: -6836.764
Optimizing NNI: done in 0.371959 secs using 198.9% CPU
Optimizing NNI: done in 0.882584 secs using 156.6% CPU
Optimizing NNI: done in 0.586208 secs using 197.9% CPU
Estimate model parameters (epsilon = 0.100)
BETTER TREE FOUND at iteration 69: -6836.205
Optimizing NNI: done in 0.530566 secs using 198% CPU
BETTER TREE FOUND at iteration 70: -6836.203
Iteration 70 / LogL: -6836.203 / Time: 0h:3m:30s (0h:5m:5s left)
Optimizing NNI: done in 0.492322 secs using 197.4% CPU
Optimizing NNI: done in 0.710132 secs using 153.2% CPU
Optimizing NNI: done in 0.938618 secs using 134.3% CPU
Optimizing NNI: done in 1.17873 secs using 147.3% CPU
Optimizing NNI: done in 0.584263 secs using 178% CPU
BETTER TREE FOUND at iteration 75: -6836.202
Optimizing NNI: done in 0.605709 secs using 185% CPU
Optimizing NNI: done in 0.557578 secs using 198.9% CPU
Optimizing NNI: done in 0.514655 secs using 198.6% CPU
Optimizing NNI: done in 0.537835 secs using 196.2% CPU
Optimizing NNI: done in 0.314787 secs using 199.9% CPU
Iteration 80 / LogL: -6879.371 / Time: 0h:3m:37s (0h:4m:21s left)
Optimizing NNI: done in 0.850607 secs using 171.8% CPU
Optimizing NNI: done in 0.643426 secs using 168.2% CPU
Optimizing NNI: done in 0.483777 secs using 197.2% CPU
Optimizing NNI: done in 0.833363 secs using 182.1% CPU
Optimizing NNI: done in 0.557824 secs using 196.4% CPU
Optimizing NNI: done in 0.524772 secs using 195.4% CPU
Optimizing NNI: done in 0.435479 secs using 200% CPU
Optimizing NNI: done in 0.690206 secs using 191.2% CPU
Optimizing NNI: done in 0.555478 secs using 197.9% CPU
Optimizing NNI: done in 0.856847 secs using 151.4% CPU
Iteration 90 / LogL: -6839.293 / Time: 0h:3m:44s (0h:3m:33s left)
Optimizing NNI: done in 0.898523 secs using 137.7% CPU
Optimizing NNI: done in 0.665636 secs using 193.9% CPU
Optimizing NNI: done in 0.565838 secs using 195.9% CPU
Optimizing NNI: done in 0.736354 secs using 169.5% CPU
Optimizing NNI: done in 0.592004 secs using 169% CPU
Optimizing NNI: done in 0.734023 secs using 163.1% CPU
Optimizing NNI: done in 0.386139 secs using 165.6% CPU
Optimizing NNI: done in 0.79329 secs using 162.9% CPU
Optimizing NNI: done in 0.50563 secs using 174.5% CPU
Optimizing NNI: done in 0.532439 secs using 171% CPU
Iteration 100 / LogL: -6837.291 / Time: 0h:3m:50s (0h:2m:54s left)
Log-likelihood cutoff on original alignment: -6865.080
NOTE: Bootstrap correlation coefficient of split occurrence frequencies: 0.996
Optimizing NNI: done in 0.602039 secs using 178.5% CPU
Optimizing NNI: done in 0.741173 secs using 166.7% CPU
Optimizing NNI: done in 0.514391 secs using 196.8% CPU
Optimizing NNI: done in 0.459097 secs using 190.7% CPU
Optimizing NNI: done in 0.440857 secs using 197.9% CPU
Optimizing NNI: done in 0.560339 secs using 198.5% CPU
Optimizing NNI: done in 0.571739 secs using 176.2% CPU
Optimizing NNI: done in 0.446369 secs using 163.8% CPU
Optimizing NNI: done in 0.87745 secs using 172.3% CPU
Optimizing NNI: done in 0.498646 secs using 199.1% CPU
Iteration 110 / LogL: -6836.493 / Time: 0h:3m:57s (0h:3m:15s left)
Optimizing NNI: done in 0.631499 secs using 198.1% CPU
Optimizing NNI: done in 0.555456 secs using 196.6% CPU
Optimizing NNI: done in 0.487822 secs using 191.7% CPU
Optimizing NNI: done in 0.453708 secs using 195.6% CPU
Optimizing NNI: done in 0.739563 secs using 170.7% CPU
Optimizing NNI: done in 0.633286 secs using 187.3% CPU
Optimizing NNI: done in 0.574163 secs using 194% CPU
Optimizing NNI: done in 0.817483 secs using 139% CPU
Optimizing NNI: done in 0.545861 secs using 177.2% CPU
Optimizing NNI: done in 0.539601 secs using 192.8% CPU
Iteration 120 / LogL: -6837.548 / Time: 0h:4m:3s (0h:2m:43s left)
Optimizing NNI: done in 0.512301 secs using 198.4% CPU
Optimizing NNI: done in 0.747659 secs using 168.6% CPU
Optimizing NNI: done in 0.544567 secs using 196% CPU
Optimizing NNI: done in 0.522798 secs using 197.5% CPU
Optimizing NNI: done in 0.586183 secs using 195.9% CPU
Optimizing NNI: done in 0.606572 secs using 188.9% CPU
Optimizing NNI: done in 0.763729 secs using 178.8% CPU
Optimizing NNI: done in 0.675215 secs using 196.4% CPU
Optimizing NNI: done in 0.606767 secs using 186.5% CPU
Optimizing NNI: done in 0.491791 secs using 197% CPU
Iteration 130 / LogL: -6838.953 / Time: 0h:4m:9s (0h:2m:15s left)
Optimizing NNI: done in 0.425073 secs using 200% CPU
Optimizing NNI: done in 0.345169 secs using 180.6% CPU
Optimizing NNI: done in 0.713451 secs using 166.8% CPU
Optimizing NNI: done in 0.540837 secs using 198.9% CPU
Optimizing NNI: done in 0.513363 secs using 183.6% CPU
Optimizing NNI: done in 0.677856 secs using 165.2% CPU
Optimizing NNI: done in 0.518419 secs using 182.6% CPU
Optimizing NNI: done in 0.493701 secs using 196% CPU
Optimizing NNI: done in 0.453865 secs using 189.3% CPU
Optimizing NNI: done in 0.44577 secs using 194.6% CPU
Iteration 140 / LogL: -6836.267 / Time: 0h:4m:15s (0h:1m:50s left)
Optimizing NNI: done in 0.457101 secs using 199.1% CPU
Optimizing NNI: done in 0.765364 secs using 161.2% CPU
Optimizing NNI: done in 0.512163 secs using 192.3% CPU
Optimizing NNI: done in 0.498726 secs using 200% CPU
Optimizing NNI: done in 0.492989 secs using 197.6% CPU
Optimizing NNI: done in 0.621503 secs using 182.7% CPU
Optimizing NNI: done in 0.884875 secs using 146.4% CPU
Optimizing NNI: done in 0.510417 secs using 171% CPU
Optimizing NNI: done in 0.605265 secs using 176.9% CPU
Optimizing NNI: done in 0.763268 secs using 156.9% CPU
Iteration 150 / LogL: -6839.533 / Time: 0h:4m:21s (0h:1m:27s left)
Log-likelihood cutoff on original alignment: -6865.080
Optimizing NNI: done in 0.557066 secs using 156.3% CPU
Optimizing NNI: done in 0.801318 secs using 174.1% CPU
Optimizing NNI: done in 0.492053 secs using 180.1% CPU
Optimizing NNI: done in 0.819976 secs using 137.1% CPU
Optimizing NNI: done in 0.67554 secs using 197.6% CPU
Optimizing NNI: done in 0.450397 secs using 197.3% CPU
Optimizing NNI: done in 0.621354 secs using 197.1% CPU
Optimizing NNI: done in 0.473738 secs using 198.9% CPU
Optimizing NNI: done in 0.552784 secs using 194.5% CPU
Optimizing NNI: done in 0.593133 secs using 187.3% CPU
Iteration 160 / LogL: -6836.210 / Time: 0h:4m:28s (0h:1m:7s left)
Optimizing NNI: done in 1.19898 secs using 120.5% CPU
Optimizing NNI: done in 0.471974 secs using 194.9% CPU
Optimizing NNI: done in 0.562914 secs using 199.3% CPU
Optimizing NNI: done in 0.548786 secs using 196.4% CPU
Optimizing NNI: done in 0.54069 secs using 196.3% CPU
Optimizing NNI: done in 0.569767 secs using 198% CPU
Optimizing NNI: done in 0.5247 secs using 199.7% CPU
Optimizing NNI: done in 0.910877 secs using 135.7% CPU
Optimizing NNI: done in 0.663118 secs using 170.7% CPU
Optimizing NNI: done in 0.993941 secs using 159.3% CPU
BETTER TREE FOUND at iteration 170: -6836.199
Iteration 170 / LogL: -6836.199 / Time: 0h:4m:36s (0h:2m:43s left)
Optimizing NNI: done in 0.715149 secs using 175.4% CPU
Optimizing NNI: done in 0.385661 secs using 200% CPU
Optimizing NNI: done in 0.462147 secs using 198.3% CPU
Optimizing NNI: done in 0.499709 secs using 197.6% CPU
Optimizing NNI: done in 0.790224 secs using 166.9% CPU
Optimizing NNI: done in 0.789039 secs using 155.2% CPU
Optimizing NNI: done in 0.33633 secs using 200% CPU
Optimizing NNI: done in 0.426937 secs using 195.3% CPU
Optimizing NNI: done in 0.624806 secs using 186.4% CPU
Optimizing NNI: done in 0.88529 secs using 152.7% CPU
Iteration 180 / LogL: -6837.437 / Time: 0h:4m:42s (0h:2m:21s left)
Optimizing NNI: done in 0.579216 secs using 178.7% CPU
Optimizing NNI: done in 0.433182 secs using 199.9% CPU
Optimizing NNI: done in 0.608587 secs using 184.2% CPU
Optimizing NNI: done in 0.523868 secs using 197.1% CPU
Optimizing NNI: done in 0.568937 secs using 190.9% CPU
Optimizing NNI: done in 0.629006 secs using 179.6% CPU
Optimizing NNI: done in 0.968287 secs using 162.4% CPU
Optimizing NNI: done in 1.03845 secs using 144.5% CPU
Optimizing NNI: done in 0.718609 secs using 165.9% CPU
Optimizing NNI: done in 0.586329 secs using 176.9% CPU
Iteration 190 / LogL: -6838.117 / Time: 0h:4m:49s (0h:2m:2s left)
Optimizing NNI: done in 0.520321 secs using 197.1% CPU
Optimizing NNI: done in 1.08107 secs using 129.8% CPU
Optimizing NNI: done in 1.34067 secs using 124.7% CPU
Optimizing NNI: done in 1.26906 secs using 121.8% CPU
Optimizing NNI: done in 0.739778 secs using 152.7% CPU
Optimizing NNI: done in 0.717765 secs using 169.2% CPU
Optimizing NNI: done in 0.521946 secs using 199.1% CPU
Optimizing NNI: done in 0.786192 secs using 168% CPU
Optimizing NNI: done in 0.875411 secs using 159.5% CPU
Optimizing NNI: done in 0.684557 secs using 176.8% CPU
Iteration 200 / LogL: -6840.808 / Time: 0h:4m:58s (0h:1m:44s left)
Log-likelihood cutoff on original alignment: -6865.080
NOTE: Bootstrap correlation coefficient of split occurrence frequencies: 0.999
Optimizing NNI: done in 0.620167 secs using 177.6% CPU
Optimizing NNI: done in 0.587325 secs using 177% CPU
Optimizing NNI: done in 0.824147 secs using 175.7% CPU
Optimizing NNI: done in 0.560189 secs using 193.7% CPU
Optimizing NNI: done in 0.659519 secs using 191.5% CPU
Optimizing NNI: done in 0.620791 secs using 192.3% CPU
Optimizing NNI: done in 0.638897 secs using 172% CPU
Optimizing NNI: done in 0.430845 secs using 197.2% CPU
Optimizing NNI: done in 0.488344 secs using 197.5% CPU
Optimizing NNI: done in 0.547124 secs using 199.3% CPU
Iteration 210 / LogL: -6837.000 / Time: 0h:5m:5s (0h:2m:11s left)
Optimizing NNI: done in 0.802264 secs using 163.5% CPU
Optimizing NNI: done in 0.511559 secs using 186.8% CPU
Optimizing NNI: done in 0.503716 secs using 199.9% CPU
Optimizing NNI: done in 0.930199 secs using 145.9% CPU
Optimizing NNI: done in 0.570555 secs using 177.8% CPU
Optimizing NNI: done in 0.515541 secs using 199.3% CPU
Optimizing NNI: done in 0.552069 secs using 197.1% CPU
Optimizing NNI: done in 0.514885 secs using 195.3% CPU
Optimizing NNI: done in 0.742416 secs using 180.1% CPU
Optimizing NNI: done in 0.571737 secs using 190.9% CPU
Iteration 220 / LogL: -6836.597 / Time: 0h:5m:11s (0h:1m:53s left)
Optimizing NNI: done in 0.689748 secs using 171% CPU
Optimizing NNI: done in 0.458492 secs using 197.4% CPU
Optimizing NNI: done in 0.580033 secs using 200% CPU
Optimizing NNI: done in 0.93784 secs using 160.4% CPU
Optimizing NNI: done in 0.476161 secs using 192.4% CPU
Optimizing NNI: done in 0.77483 secs using 148.3% CPU
Optimizing NNI: done in 0.475881 secs using 196.7% CPU
Optimizing NNI: done in 0.538899 secs using 197.1% CPU
Optimizing NNI: done in 0.602908 secs using 194.5% CPU
UPDATE BEST LOG-LIKELIHOOD: -6836.195
Optimizing NNI: done in 0.580908 secs using 188.6% CPU
Iteration 230 / LogL: -6837.772 / Time: 0h:5m:18s (0h:1m:37s left)
Optimizing NNI: done in 0.645193 secs using 184.9% CPU
Optimizing NNI: done in 0.490384 secs using 194.6% CPU
Optimizing NNI: done in 0.640882 secs using 178% CPU
Optimizing NNI: done in 0.666541 secs using 173.8% CPU
Optimizing NNI: done in 0.647278 secs using 196.2% CPU
Optimizing NNI: done in 0.889512 secs using 156.4% CPU
Optimizing NNI: done in 0.581468 secs using 184.8% CPU
Optimizing NNI: done in 0.519852 secs using 199.2% CPU
Optimizing NNI: done in 0.450873 secs using 199.1% CPU
Optimizing NNI: done in 0.578471 secs using 195.9% CPU
Iteration 240 / LogL: -6836.794 / Time: 0h:5m:24s (0h:1m:21s left)
Optimizing NNI: done in 0.54881 secs using 185.1% CPU
Optimizing NNI: done in 0.63598 secs using 198.1% CPU
Optimizing NNI: done in 0.700843 secs using 185.2% CPU
Optimizing NNI: done in 0.631821 secs using 187.3% CPU
Optimizing NNI: done in 0.35696 secs using 194.4% CPU
Optimizing NNI: done in 0.617515 secs using 183.4% CPU
Optimizing NNI: done in 0.931924 secs using 136.3% CPU
Optimizing NNI: done in 0.834723 secs using 156% CPU
Optimizing NNI: done in 0.618881 secs using 182.9% CPU
Optimizing NNI: done in 0.779611 secs using 192.8% CPU
Iteration 250 / LogL: -6849.429 / Time: 0h:5m:31s (0h:1m:6s left)
Log-likelihood cutoff on original alignment: -6865.080
Optimizing NNI: done in 0.573082 secs using 163.7% CPU
Optimizing NNI: done in 0.698583 secs using 154% CPU
Optimizing NNI: done in 0.458395 secs using 195.8% CPU
Optimizing NNI: done in 0.767167 secs using 173.9% CPU
Optimizing NNI: done in 0.738654 secs using 154.8% CPU
Optimizing NNI: done in 0.94085 secs using 155.6% CPU
Optimizing NNI: done in 0.725311 secs using 155.6% CPU
Optimizing NNI: done in 0.529216 secs using 180.8% CPU
Optimizing NNI: done in 0.911453 secs using 162.2% CPU
Optimizing NNI: done in 0.649588 secs using 151.7% CPU
Iteration 260 / LogL: -6838.680 / Time: 0h:5m:39s (0h:0m:52s left)
Optimizing NNI: done in 0.66545 secs using 164.5% CPU
Optimizing NNI: done in 0.743206 secs using 154.6% CPU
Optimizing NNI: done in 1.12976 secs using 102.2% CPU
Optimizing NNI: done in 0.709338 secs using 163.4% CPU
Optimizing NNI: done in 0.632927 secs using 144.3% CPU
Optimizing NNI: done in 0.767695 secs using 156.7% CPU
Optimizing NNI: done in 0.890923 secs using 142.6% CPU
Optimizing NNI: done in 0.501899 secs using 173.1% CPU
Optimizing NNI: done in 0.760629 secs using 165.1% CPU
Optimizing NNI: done in 0.448171 secs using 183.4% CPU
Iteration 270 / LogL: -6836.776 / Time: 0h:5m:47s (0h:0m:38s left)
Optimizing NNI: done in 0.587709 secs using 165.4% CPU
TREE SEARCH COMPLETED AFTER 271 ITERATIONS / Time: 0h:5m:48s

--------------------------------------------------------------------
|                    FINALIZING TREE SEARCH                        |
--------------------------------------------------------------------
Performs final model parameters optimization
Estimate model parameters (epsilon = 0.010)
1. Initial log-likelihood: -6836.195
2. Current log-likelihood: -6836.180
Optimal log-likelihood: -6836.172
Rate parameters:  A-C: 1.53433  A-G: 3.05352  A-T: 1.65587  C-G: 1.21986  C-T: 6.53491  G-T: 1.00000
Base frequencies:  A: 0.284  C: 0.186  G: 0.283  T: 0.247
Site proportion and rates:  (0.610,0.095) (0.294,1.517) (0.083,4.207) (0.013,10.985)
Parameters optimization took 2 rounds (0.367 sec)
BEST SCORE FOUND : -6836.172
Creating bootstrap support values...
Split supports printed to NEXUS file 6227_iqtree_final_superstrict_excluding_hybrids.splits.nex
Total tree length: 3.068

Total number of iterations: 271
CPU time used for tree search: 335.009 sec (0h:5m:35s)
Wall-clock time used for tree search: 195.933 sec (0h:3m:15s)
Total CPU time used: 603.700 sec (0h:10m:3s)
Total wall-clock time used: 349.256 sec (0h:5m:49s)

Computing bootstrap consensus tree...
Reading input file 6227_iqtree_final_superstrict_excluding_hybrids.splits.nex...
113 taxa and 963 splits.
Consensus tree written to 6227_iqtree_final_superstrict_excluding_hybrids.contree
Reading input trees file 6227_iqtree_final_superstrict_excluding_hybrids.contree
Log-likelihood of consensus tree: -6837.188

Analysis results written to: 
  IQ-TREE report:                6227_iqtree_final_superstrict_excluding_hybrids.iqtree
  Maximum-likelihood tree:       6227_iqtree_final_superstrict_excluding_hybrids.treefile
  Likelihood distances:          6227_iqtree_final_superstrict_excluding_hybrids.mldist

Ultrafast bootstrap approximation results written to:
  Split support values:          6227_iqtree_final_superstrict_excluding_hybrids.splits.nex
  Consensus tree:                6227_iqtree_final_superstrict_excluding_hybrids.contree
  Screen log file:               6227_iqtree_final_superstrict_excluding_hybrids.log

ALISIM COMMAND
--------------
--alisim simulated_MSA -t 6227_iqtree_final_superstrict_excluding_hybrids.treefile -m "GTR{1.53433,3.05352,1.65587,1.21986,6.53491}+F{0.284315,0.186123,0.282725,0.246837}+R4{0.609515,0.0947961,0.293813,1.51708,0.0834276,4.20726,0.0132436,10.9849}" --length 507

Date and Time: Fri Jun  2 10:02:31 2023
