IQ-TREE multicore version 2.2.2 COVID-edition for Linux 64-bit built Sep 20 2022
Developed by Bui Quang Minh, James Barbetti, Nguyen Lam Tung,
Olga Chernomor, Heiko Schmidt, Dominik Schrempf, Michael Woodhams, Ly Trong Nhan.

Host:    netdc-bms-c11f (AVX2, FMA3, 377 GB RAM)
Command: /home/kasper.hendriks/iqtree-2.2.2-Linux/bin/iqtree2 -s 6299_taper_final_superstrict_excluding_hybrids.fasta -B 1000 -nm 1000 -m GTR+F+R -nt AUTO --prefix 6299_iqtree_final_superstrict_excluding_hybrids
Seed:    558886 (Using SPRNG - Scalable Parallel Random Number Generator)
Time:    Fri Jun  2 09:56:55 2023
Kernel:  AVX+FMA - auto-detect threads (56 CPU cores detected)

Reading alignment file 6299_taper_final_superstrict_excluding_hybrids.fasta ... Fasta format detected
Reading fasta file: done in 0.000912905 secs using 99.9% CPU
Alignment most likely contains DNA/RNA sequences
Constructing alignment: done in 0.00277185 secs using 1341% CPU
Alignment has 93 sequences with 402 columns, 281 distinct patterns
190 parsimony-informative, 47 singleton sites, 165 constant sites
               Gap/Ambiguity  Composition  p-value
Analyzing sequences: done in 0.00445199 secs using 903.3% CPU
   1  CRNC             0.00%    failed      0.96%
   2  HYZL             0.00%    passed     44.67%
   3  MYZV             0.00%    failed      3.40%
   4  SRR6441723       0.00%    passed     92.31%
   5  ERR4210213      55.22%    passed     66.51%
   6  ERR2789774       0.00%    passed     98.17%
   7  PAFTOL_019361   19.65%    passed     10.34%
   8  S0055            0.25%    passed     96.89%
   9  S0196sl          2.24%    passed     80.10%
  10  S0282            0.25%    passed     98.99%
  11  S0289            0.75%    passed     73.60%
  12  S0292            0.25%    passed     72.32%
  13  S0293            2.24%    passed     93.62%
  14  S0294            0.75%    passed     79.74%
  15  S0299            6.72%    passed     52.45%
  16  S0303            0.00%    passed     95.89%
  17  S0335            0.00%    passed     59.76%
  18  S0400            0.00%    passed     99.62%
  19  S0405            0.75%    passed     97.92%
  20  S0407sl          1.74%    passed     43.16%
  21  S0412sl          0.00%    passed     97.71%
  22  S0417            0.25%    passed     60.59%
  23  S0419            0.00%    passed     70.90%
  24  S0427            0.00%    passed     96.44%
  25  S0430            0.75%    passed     95.83%
  26  S0552sl          0.50%    passed     77.04%
  27  S0558            0.00%    passed     51.35%
  28  S0616            0.00%    passed     96.19%
  29  S0624            1.24%    passed     50.16%
  30  S0641            0.50%    passed     96.38%
  31  S0643            3.98%    passed     95.11%
  32  S0673            0.00%    passed     49.91%
  33  S0689            0.75%    passed     99.72%
  34  S0690            0.25%    passed     99.16%
  35  S0720            0.00%    passed     86.37%
  36  S0724sl          0.00%    passed     95.46%
  37  S0735            0.00%    passed     93.42%
  38  S0742            0.25%    passed     85.77%
  39  S0748            0.00%    passed     93.50%
  40  S0756            0.00%    passed     98.69%
  41  S0758            0.00%    passed     53.58%
  42  S0760            0.00%    passed     65.21%
  43  S0763            0.00%    passed     99.52%
  44  S0770            0.75%    passed     72.67%
  45  S0771            0.25%    passed     52.44%
  46  S0795            2.99%    passed     98.08%
  47  S0888            0.00%    passed     89.79%
  48  S0906            0.00%    passed     66.37%
  49  S0951           44.03%    passed     14.45%
  50  S0956           70.90%    passed     78.84%
  51  S0959            0.00%    passed     63.42%
  52  S0960            1.24%    passed     58.27%
  53  S0964            0.00%    passed     54.65%
  54  S1052sl         62.69%    passed     14.97%
  55  S1100            0.00%    passed     99.84%
  56  S1102            0.00%    passed     70.80%
  57  S1120            1.74%    passed     73.80%
  58  S1128            0.00%    passed     69.55%
  59  S1129sl          1.24%    passed     73.13%
  60  S1148            0.50%    passed     95.87%
  61  S1177            0.00%    passed     70.90%
  62  S1180            0.00%    passed     97.02%
  63  S1189            0.00%    passed     57.29%
  64  S1201sl          0.00%    passed     85.45%
  65  S1210            0.00%    passed     58.22%
  66  S1211            0.00%    passed     98.38%
  67  S1214sl          0.00%    passed     90.67%
  68  S1223            0.00%    passed     98.02%
  69  S1227            0.00%    passed     99.78%
  70  S1235sl          1.24%    passed     69.33%
  71  S1239            0.00%    passed     79.91%
  72  S1245            1.00%    passed     53.41%
  73  S1249            0.00%    passed     87.11%
  74  S1251            0.00%    passed     49.91%
  75  S1260            0.00%    passed     98.65%
  76  S1269            0.00%    passed     90.91%
  77  S1278            0.25%    passed     98.76%
  78  S1315            0.25%    passed     85.01%
  79  S1332            0.00%    passed     82.42%
  80  S1366            0.00%    passed     80.13%
  81  S1369            0.25%    passed     99.48%
  82  S1370            0.25%    passed     98.90%
  83  S1375            1.00%    passed     92.81%
  84  S1376            0.00%    passed     83.34%
  85  S1381            0.00%    passed     98.97%
  86  S1422            0.25%    passed     42.98%
  87  S1449            0.75%    passed     51.17%
  88  S1451            0.00%    passed     77.34%
  89  S1460            1.49%    passed     78.73%
  90  S1462            0.00%    passed     72.77%
  91  S1539            0.50%    passed     44.26%
  92  S_670            0.00%    passed     99.82%
  93  SRR8528357       0.00%    passed     86.90%
WARNING: 3 sequences contain more than 50% gaps/ambiguity
****  TOTAL            3.15%  2 sequences failed composition chi2 test (p-value<5%; df=3)
NOTE: S1177 is identical to S0419 but kept for subsequent analysis
Checking for duplicate sequences: done in 0.0194588 secs using 1520% CPU

Create initial parsimony tree by phylogenetic likelihood library (PLL)... 0.035 seconds
Generating 1000 samples for ultrafast bootstrap (seed: 558886)...

NOTE: 4 MB RAM (0 GB) is required!
Measuring multi-threading efficiency up to 56 CPU cores
Increase to 10 rounds for branch lengths
408 trees examined
Threads: 1 / Time: 56.216 sec / Speedup: 1.000 / Efficiency: 100% / LogL: -11084
Threads: 2 / Time: 71.644 sec / Speedup: 0.785 / Efficiency: 39% / LogL: -11084
Determining AUTO threadcount: done in 127.861 secs using 101.3% CPU
BEST NUMBER OF THREADS: 1

Estimate model parameters (epsilon = 0.100)
1. Initial log-likelihood: -6318.142
2. Current log-likelihood: -6125.281
3. Current log-likelihood: -6117.858
4. Current log-likelihood: -6114.849
5. Current log-likelihood: -6113.235
6. Current log-likelihood: -6112.304
7. Current log-likelihood: -6111.695
8. Current log-likelihood: -6111.266
9. Current log-likelihood: -6111.027
10. Current log-likelihood: -6110.834
11. Current log-likelihood: -6110.677
12. Current log-likelihood: -6110.551
13. Current log-likelihood: -6110.447
Optimal log-likelihood: -6110.318
Rate parameters:  A-C: 1.55887  A-G: 2.64839  A-T: 0.98981  C-G: 1.19114  C-T: 3.69980  G-T: 1.00000
Base frequencies:  A: 0.247  C: 0.218  G: 0.291  T: 0.244
Site proportion and rates:  (0.551,0.123) (0.031,0.265) (0.311,1.519) (0.108,4.204)
Parameters optimization took 13 rounds (1.643 sec)
Wrote distance file to... 
Computing ML distances based on estimated model parameters...
Calculating distance matrix: done in 0.168723 secs using 54.37% CPU
Computing ML distances took 0.169069 sec (of wall-clock time) 0.092069 sec (of CPU time)
Setting up auxiliary I and S matrices: done in 0.00068903 secs using 100% CPU
Constructing RapidNJ tree: done in 0.00128913 secs using 99.91% CPU
Computing RapidNJ tree took 0.002102 sec (of wall-clock time) 0.002100 sec (of CPU time)
Log-likelihood of RapidNJ tree: -6121.822
--------------------------------------------------------------------
|             INITIALIZING CANDIDATE TREE SET                      |
--------------------------------------------------------------------
Generating 98 parsimony trees... 1.414 second
Computing log-likelihood of 98 initial trees ... 1.632 seconds
Current best score: -6102.990

Do NNI search on 20 best initial trees
Optimizing NNI: done in 0.545674 secs using 74.29% CPU
Estimate model parameters (epsilon = 0.100)
BETTER TREE FOUND at iteration 1: -6093.454
Optimizing NNI: done in 0.557485 secs using 77.23% CPU
Optimizing NNI: done in 0.585356 secs using 72.79% CPU
Optimizing NNI: done in 0.603481 secs using 68.81% CPU
Optimizing NNI: done in 0.612743 secs using 68.88% CPU
Optimizing NNI: done in 0.53692 secs using 85.61% CPU
Estimate model parameters (epsilon = 0.100)
BETTER TREE FOUND at iteration 6: -6091.636
Optimizing NNI: done in 0.46297 secs using 87.01% CPU
Optimizing NNI: done in 0.698713 secs using 68.73% CPU
Optimizing NNI: done in 0.567316 secs using 89.41% CPU
Estimate model parameters (epsilon = 0.100)
BETTER TREE FOUND at iteration 9: -6089.798
Optimizing NNI: done in 0.639907 secs using 67.25% CPU
Iteration 10 / LogL: -6097.918 / Time: 0h:2m:19s
Optimizing NNI: done in 0.60181 secs using 74.1% CPU
Optimizing NNI: done in 0.502848 secs using 100% CPU
Optimizing NNI: done in 0.389824 secs using 100% CPU
Optimizing NNI: done in 0.505601 secs using 93.7% CPU
Optimizing NNI: done in 0.502394 secs using 80.07% CPU
Optimizing NNI: done in 0.598509 secs using 71.27% CPU
Optimizing NNI: done in 0.619115 secs using 75.42% CPU
Optimizing NNI: done in 0.571641 secs using 70.59% CPU
Optimizing NNI: done in 0.557119 secs using 75.22% CPU
Optimizing NNI: done in 0.537092 secs using 75.06% CPU
Iteration 20 / LogL: -6098.737 / Time: 0h:2m:24s
Finish initializing candidate tree set (20)
Current best tree score: -6089.798 / CPU time: 15.054
Number of iterations: 20
--------------------------------------------------------------------
|               OPTIMIZING CANDIDATE TREE SET                      |
--------------------------------------------------------------------
Optimizing NNI: done in 0.41183 secs using 74.73% CPU
Optimizing NNI: done in 0.606406 secs using 64.99% CPU
Optimizing NNI: done in 0.525086 secs using 76.38% CPU
Estimate model parameters (epsilon = 0.100)
BETTER TREE FOUND at iteration 23: -6089.703
Optimizing NNI: done in 0.819395 secs using 63% CPU
Optimizing NNI: done in 0.515687 secs using 75.76% CPU
Optimizing NNI: done in 0.604762 secs using 81.27% CPU
Optimizing NNI: done in 0.707551 secs using 74.36% CPU
Optimizing NNI: done in 0.478293 secs using 99.94% CPU
Optimizing NNI: done in 0.361732 secs using 100% CPU
Optimizing NNI: done in 0.518034 secs using 82.22% CPU
Iteration 30 / LogL: -6090.210 / Time: 0h:2m:30s (0h:8m:3s left)
Optimizing NNI: done in 0.523291 secs using 87.8% CPU
Optimizing NNI: done in 0.509948 secs using 66.71% CPU
Optimizing NNI: done in 1.20338 secs using 49.65% CPU
Optimizing NNI: done in 0.553981 secs using 61.67% CPU
BETTER TREE FOUND at iteration 34: -6089.702
Optimizing NNI: done in 0.378298 secs using 99.85% CPU
Optimizing NNI: done in 0.532805 secs using 90.91% CPU
Optimizing NNI: done in 0.426425 secs using 93.43% CPU
Optimizing NNI: done in 0.433955 secs using 93.9% CPU
Optimizing NNI: done in 0.840234 secs using 61.54% CPU
Optimizing NNI: done in 0.535269 secs using 85.06% CPU
Iteration 40 / LogL: -6089.702 / Time: 0h:2m:37s (0h:6m:18s left)
Optimizing NNI: done in 0.506625 secs using 84.21% CPU
Optimizing NNI: done in 0.774115 secs using 57.07% CPU
Optimizing NNI: done in 0.770415 secs using 67.17% CPU
Optimizing NNI: done in 0.96157 secs using 51.1% CPU
Optimizing NNI: done in 0.949665 secs using 47.25% CPU
Optimizing NNI: done in 1.06537 secs using 44.79% CPU
Optimizing NNI: done in 0.436984 secs using 100% CPU
Optimizing NNI: done in 0.348934 secs using 99.47% CPU
Optimizing NNI: done in 0.470137 secs using 94.03% CPU
Optimizing NNI: done in 0.595186 secs using 56.98% CPU
Iteration 50 / LogL: -6115.361 / Time: 0h:2m:44s (0h:4m:41s left)
Log-likelihood cutoff on original alignment: -6131.897
Optimizing NNI: done in 0.395493 secs using 90.89% CPU
Optimizing NNI: done in 0.42548 secs using 84.95% CPU
Optimizing NNI: done in 0.946324 secs using 55.94% CPU
Optimizing NNI: done in 0.579884 secs using 76.53% CPU
Optimizing NNI: done in 0.839832 secs using 58.87% CPU
Optimizing NNI: done in 0.815207 secs using 53.28% CPU
Optimizing NNI: done in 0.452193 secs using 89.13% CPU
Optimizing NNI: done in 0.398649 secs using 100% CPU
Optimizing NNI: done in 0.440236 secs using 95.45% CPU
Optimizing NNI: done in 0.558053 secs using 76.34% CPU
Iteration 60 / LogL: -6090.260 / Time: 0h:2m:50s (0h:3m:34s left)
Optimizing NNI: done in 0.686953 secs using 66.59% CPU
Optimizing NNI: done in 0.696282 secs using 64.23% CPU
Optimizing NNI: done in 0.487365 secs using 100% CPU
Optimizing NNI: done in 0.400253 secs using 100% CPU
Optimizing NNI: done in 0.387861 secs using 100% CPU
Optimizing NNI: done in 0.419475 secs using 99.99% CPU
Optimizing NNI: done in 0.426858 secs using 99.98% CPU
Optimizing NNI: done in 0.400137 secs using 96.34% CPU
Optimizing NNI: done in 0.668562 secs using 72.97% CPU
Optimizing NNI: done in 0.60681 secs using 80.67% CPU
Iteration 70 / LogL: -6104.975 / Time: 0h:2m:56s (0h:2m:43s left)
Optimizing NNI: done in 0.486122 secs using 78.69% CPU
Optimizing NNI: done in 0.508255 secs using 84.24% CPU
Optimizing NNI: done in 0.634277 secs using 69.04% CPU
Optimizing NNI: done in 0.316095 secs using 80.61% CPU
Optimizing NNI: done in 0.498519 secs using 77.95% CPU
Optimizing NNI: done in 0.889029 secs using 65.69% CPU
Optimizing NNI: done in 0.564595 secs using 70.65% CPU
Optimizing NNI: done in 0.514832 secs using 81.5% CPU
Optimizing NNI: done in 0.45086 secs using 99.92% CPU
Optimizing NNI: done in 0.345581 secs using 99.98% CPU
Iteration 80 / LogL: -6108.048 / Time: 0h:3m:1s (0h:2m:4s left)
Optimizing NNI: done in 0.47732 secs using 99.83% CPU
Optimizing NNI: done in 0.450989 secs using 99.8% CPU
Optimizing NNI: done in 0.944994 secs using 46.52% CPU
Optimizing NNI: done in 0.583394 secs using 66.51% CPU
Optimizing NNI: done in 0.574118 secs using 82.44% CPU
Optimizing NNI: done in 0.395872 secs using 99.87% CPU
Optimizing NNI: done in 0.416163 secs using 99.93% CPU
Optimizing NNI: done in 0.552929 secs using 96.38% CPU
Optimizing NNI: done in 0.350106 secs using 100% CPU
Optimizing NNI: done in 0.616175 secs using 77.44% CPU
Iteration 90 / LogL: -6089.702 / Time: 0h:3m:7s (0h:1m:32s left)
Optimizing NNI: done in 0.439243 secs using 99.88% CPU
Optimizing NNI: done in 0.44448 secs using 99.78% CPU
Optimizing NNI: done in 0.312843 secs using 99.46% CPU
Optimizing NNI: done in 0.501265 secs using 96.52% CPU
Estimate model parameters (epsilon = 0.100)
BETTER TREE FOUND at iteration 94: -6089.523
Optimizing NNI: done in 0.880512 secs using 51.23% CPU
Optimizing NNI: done in 0.726957 secs using 65.67% CPU
Optimizing NNI: done in 0.763999 secs using 62.46% CPU
Optimizing NNI: done in 0.518901 secs using 87.86% CPU
Optimizing NNI: done in 0.460941 secs using 99.84% CPU
Optimizing NNI: done in 0.441097 secs using 99.84% CPU
Estimate model parameters (epsilon = 0.100)
BETTER TREE FOUND at iteration 100: -6089.144
Iteration 100 / LogL: -6089.144 / Time: 0h:3m:13s (0h:3m:15s left)
Log-likelihood cutoff on original alignment: -6131.897
NOTE: Bootstrap correlation coefficient of split occurrence frequencies: 0.996
Optimizing NNI: done in 0.453399 secs using 77.81% CPU
Optimizing NNI: done in 0.874472 secs using 74.38% CPU
Optimizing NNI: done in 0.458058 secs using 100% CPU
Optimizing NNI: done in 0.455592 secs using 90.34% CPU
Optimizing NNI: done in 0.526428 secs using 75.98% CPU
Optimizing NNI: done in 0.609069 secs using 98.7% CPU
BETTER TREE FOUND at iteration 106: -6089.140
Optimizing NNI: done in 0.442229 secs using 98.97% CPU
BETTER TREE FOUND at iteration 107: -6089.139
Optimizing NNI: done in 0.41491 secs using 99.96% CPU
Optimizing NNI: done in 0.471903 secs using 99.07% CPU
Optimizing NNI: done in 0.404444 secs using 88.13% CPU
Iteration 110 / LogL: -6097.931 / Time: 0h:3m:19s (0h:2m:57s left)
Optimizing NNI: done in 0.663869 secs using 70.47% CPU
Optimizing NNI: done in 0.604618 secs using 64.46% CPU
Optimizing NNI: done in 0.52441 secs using 59.59% CPU
Optimizing NNI: done in 0.600955 secs using 69.42% CPU
Optimizing NNI: done in 0.803203 secs using 54.67% CPU
Optimizing NNI: done in 0.539033 secs using 82% CPU
Optimizing NNI: done in 0.372964 secs using 82.59% CPU
Optimizing NNI: done in 0.841478 secs using 55.68% CPU
Optimizing NNI: done in 0.673458 secs using 59.78% CPU
Optimizing NNI: done in 0.64798 secs using 61.02% CPU
Iteration 120 / LogL: -6089.142 / Time: 0h:3m:25s (0h:2m:30s left)
Optimizing NNI: done in 0.545088 secs using 77.69% CPU
Optimizing NNI: done in 0.594175 secs using 85.13% CPU
Optimizing NNI: done in 0.657072 secs using 68.69% CPU
Optimizing NNI: done in 0.922543 secs using 50.87% CPU
Optimizing NNI: done in 0.524472 secs using 70.88% CPU
Optimizing NNI: done in 0.566194 secs using 68.91% CPU
Optimizing NNI: done in 0.747378 secs using 64.59% CPU
Optimizing NNI: done in 0.452416 secs using 70.79% CPU
Optimizing NNI: done in 1.39392 secs using 43.59% CPU
Optimizing NNI: done in 0.728309 secs using 64.18% CPU
Iteration 130 / LogL: -6089.514 / Time: 0h:3m:33s (0h:2m:7s left)
Optimizing NNI: done in 0.494734 secs using 63.89% CPU
Optimizing NNI: done in 0.793161 secs using 64.57% CPU
Optimizing NNI: done in 0.664556 secs using 59.45% CPU
Optimizing NNI: done in 0.51845 secs using 67.49% CPU
Optimizing NNI: done in 0.665855 secs using 70.21% CPU
Optimizing NNI: done in 0.668393 secs using 57.75% CPU
BETTER TREE FOUND at iteration 136: -6089.139
Optimizing NNI: done in 0.844165 secs using 60.84% CPU
Optimizing NNI: done in 0.671922 secs using 75.66% CPU
Optimizing NNI: done in 0.970964 secs using 62.94% CPU
Optimizing NNI: done in 0.818733 secs using 45.42% CPU
BETTER TREE FOUND at iteration 140: -6089.139
Iteration 140 / LogL: -6089.139 / Time: 0h:3m:40s (0h:2m:38s left)
Optimizing NNI: done in 0.582589 secs using 74.72% CPU
Optimizing NNI: done in 0.761873 secs using 64.18% CPU
Optimizing NNI: done in 0.578228 secs using 71.96% CPU
BETTER TREE FOUND at iteration 143: -6089.139
Optimizing NNI: done in 0.505325 secs using 69.41% CPU
Optimizing NNI: done in 0.74523 secs using 65.95% CPU
Optimizing NNI: done in 0.732373 secs using 69.85% CPU
Optimizing NNI: done in 0.859908 secs using 60.32% CPU
Optimizing NNI: done in 0.563622 secs using 73.16% CPU
Optimizing NNI: done in 0.452904 secs using 96.47% CPU
Optimizing NNI: done in 0.493986 secs using 99.99% CPU
Iteration 150 / LogL: -6090.184 / Time: 0h:3m:47s (0h:2m:21s left)
Log-likelihood cutoff on original alignment: -6131.897
Optimizing NNI: done in 0.365854 secs using 97.99% CPU
Optimizing NNI: done in 0.737022 secs using 61.86% CPU
Optimizing NNI: done in 0.673224 secs using 64.24% CPU
Optimizing NNI: done in 0.513647 secs using 70.13% CPU
Optimizing NNI: done in 0.81764 secs using 59.31% CPU
Optimizing NNI: done in 0.81071 secs using 60.98% CPU
Optimizing NNI: done in 0.919656 secs using 54.24% CPU
Optimizing NNI: done in 0.618137 secs using 63.87% CPU
Optimizing NNI: done in 0.539696 secs using 75.29% CPU
Optimizing NNI: done in 0.456003 secs using 90.26% CPU
Iteration 160 / LogL: -6100.618 / Time: 0h:3m:54s (0h:2m:2s left)
Optimizing NNI: done in 0.391308 secs using 100% CPU
Optimizing NNI: done in 0.697127 secs using 70.62% CPU
Optimizing NNI: done in 0.514337 secs using 75.99% CPU
Optimizing NNI: done in 0.764738 secs using 54.74% CPU
Optimizing NNI: done in 0.57097 secs using 69.92% CPU
Optimizing NNI: done in 0.592823 secs using 73.05% CPU
Optimizing NNI: done in 0.621829 secs using 72.45% CPU
Optimizing NNI: done in 0.459065 secs using 100% CPU
Optimizing NNI: done in 0.513671 secs using 79.66% CPU
Optimizing NNI: done in 0.59789 secs using 74.55% CPU
Iteration 170 / LogL: -6090.363 / Time: 0h:4m:0s (0h:1m:43s left)
Optimizing NNI: done in 0.892691 secs using 55.29% CPU
Optimizing NNI: done in 0.590706 secs using 65.78% CPU
Optimizing NNI: done in 0.783637 secs using 60.6% CPU
Optimizing NNI: done in 0.731126 secs using 68.01% CPU
Optimizing NNI: done in 0.666212 secs using 64.07% CPU
Optimizing NNI: done in 0.740658 secs using 61.08% CPU
Optimizing NNI: done in 0.593309 secs using 68.12% CPU
Optimizing NNI: done in 0.993334 secs using 44.74% CPU
Optimizing NNI: done in 0.529146 secs using 66.41% CPU
Optimizing NNI: done in 0.657084 secs using 73.04% CPU
Iteration 180 / LogL: -6091.503 / Time: 0h:4m:7s (0h:1m:27s left)
Optimizing NNI: done in 0.554919 secs using 65.59% CPU
Optimizing NNI: done in 1.04005 secs using 55.64% CPU
Optimizing NNI: done in 0.796906 secs using 53.07% CPU
Optimizing NNI: done in 0.569719 secs using 76.08% CPU
Optimizing NNI: done in 0.756423 secs using 62.01% CPU
Optimizing NNI: done in 0.539692 secs using 73.41% CPU
Optimizing NNI: done in 0.754272 secs using 71.01% CPU
Optimizing NNI: done in 0.58418 secs using 81.44% CPU
Optimizing NNI: done in 0.512497 secs using 73.89% CPU
Optimizing NNI: done in 1.00083 secs using 52.73% CPU
Iteration 190 / LogL: -6090.942 / Time: 0h:4m:15s (0h:1m:11s left)
Optimizing NNI: done in 0.579577 secs using 66.87% CPU
Optimizing NNI: done in 0.615209 secs using 66.19% CPU
Optimizing NNI: done in 0.661868 secs using 68.57% CPU
Optimizing NNI: done in 0.948823 secs using 47.7% CPU
Optimizing NNI: done in 0.490045 secs using 97.17% CPU
Optimizing NNI: done in 0.455509 secs using 100% CPU
Optimizing NNI: done in 0.55908 secs using 77.11% CPU
Optimizing NNI: done in 0.708013 secs using 52.55% CPU
Optimizing NNI: done in 0.391346 secs using 100% CPU
Optimizing NNI: done in 0.434314 secs using 99.99% CPU
Iteration 200 / LogL: -6089.974 / Time: 0h:4m:21s (0h:0m:56s left)
Log-likelihood cutoff on original alignment: -6131.897
NOTE: Bootstrap correlation coefficient of split occurrence frequencies: 0.997
Optimizing NNI: done in 0.728184 secs using 59.94% CPU
Optimizing NNI: done in 0.426012 secs using 98.12% CPU
Optimizing NNI: done in 0.446908 secs using 96.95% CPU
Optimizing NNI: done in 0.513415 secs using 99.89% CPU
Optimizing NNI: done in 0.333056 secs using 100% CPU
Optimizing NNI: done in 0.55992 secs using 64.89% CPU
Optimizing NNI: done in 0.743555 secs using 69.94% CPU
Optimizing NNI: done in 0.843759 secs using 58.86% CPU
Optimizing NNI: done in 0.462088 secs using 100% CPU
BETTER TREE FOUND at iteration 209: -6089.139
Optimizing NNI: done in 0.539375 secs using 99.96% CPU
Iteration 210 / LogL: -6090.838 / Time: 0h:4m:27s (0h:2m:6s left)
Optimizing NNI: done in 0.562912 secs using 71.88% CPU
Optimizing NNI: done in 0.625488 secs using 60.93% CPU
Optimizing NNI: done in 0.711248 secs using 64.65% CPU
Optimizing NNI: done in 0.709648 secs using 59.33% CPU
Optimizing NNI: done in 0.626226 secs using 80.42% CPU
Optimizing NNI: done in 0.695857 secs using 66.79% CPU
Optimizing NNI: done in 0.587801 secs using 77.91% CPU
Optimizing NNI: done in 0.563298 secs using 73.01% CPU
Optimizing NNI: done in 0.670289 secs using 66.16% CPU
Optimizing NNI: done in 0.782313 secs using 71.35% CPU
Iteration 220 / LogL: -6094.588 / Time: 0h:4m:34s (0h:1m:51s left)
Optimizing NNI: done in 0.738589 secs using 63.83% CPU
Optimizing NNI: done in 0.609259 secs using 62.99% CPU
Optimizing NNI: done in 0.571816 secs using 73.78% CPU
Optimizing NNI: done in 0.516877 secs using 80.05% CPU
Optimizing NNI: done in 0.486678 secs using 69.51% CPU
Optimizing NNI: done in 0.630525 secs using 76.79% CPU
Optimizing NNI: done in 0.619231 secs using 68.98% CPU
Optimizing NNI: done in 0.531875 secs using 77.98% CPU
Optimizing NNI: done in 0.565008 secs using 79.11% CPU
Optimizing NNI: done in 0.507337 secs using 71.71% CPU
Iteration 230 / LogL: -6089.514 / Time: 0h:4m:41s (0h:1m:36s left)
Optimizing NNI: done in 0.551603 secs using 68.67% CPU
Optimizing NNI: done in 0.832544 secs using 43.25% CPU
Optimizing NNI: done in 0.971869 secs using 56.67% CPU
Optimizing NNI: done in 0.770057 secs using 69.06% CPU
Optimizing NNI: done in 0.669759 secs using 76.94% CPU
Optimizing NNI: done in 0.648638 secs using 63.6% CPU
Optimizing NNI: done in 0.556855 secs using 99.63% CPU
Optimizing NNI: done in 0.573387 secs using 99.97% CPU
Optimizing NNI: done in 0.479625 secs using 73.3% CPU
Optimizing NNI: done in 0.584866 secs using 65.12% CPU
Iteration 240 / LogL: -6089.831 / Time: 0h:4m:48s (0h:1m:23s left)
Optimizing NNI: done in 0.711031 secs using 50.48% CPU
Optimizing NNI: done in 1.01072 secs using 52.5% CPU
Optimizing NNI: done in 0.452867 secs using 99.98% CPU
Optimizing NNI: done in 0.69793 secs using 48.05% CPU
Optimizing NNI: done in 0.466209 secs using 95.7% CPU
Optimizing NNI: done in 0.412675 secs using 99.95% CPU
Optimizing NNI: done in 0.497759 secs using 82.96% CPU
Optimizing NNI: done in 0.594702 secs using 75.88% CPU
Optimizing NNI: done in 0.712243 secs using 64.12% CPU
Optimizing NNI: done in 0.788437 secs using 69.01% CPU
Iteration 250 / LogL: -6089.965 / Time: 0h:4m:54s (0h:1m:9s left)
Log-likelihood cutoff on original alignment: -6131.897
Optimizing NNI: done in 0.640047 secs using 67.04% CPU
Optimizing NNI: done in 0.428284 secs using 96.65% CPU
Optimizing NNI: done in 0.734508 secs using 56.18% CPU
Optimizing NNI: done in 0.563264 secs using 55.49% CPU
Optimizing NNI: done in 0.680614 secs using 66.54% CPU
Optimizing NNI: done in 0.69292 secs using 68.57% CPU
Optimizing NNI: done in 0.466424 secs using 86.14% CPU
Optimizing NNI: done in 0.442699 secs using 99.94% CPU
Optimizing NNI: done in 0.704834 secs using 54.92% CPU
Optimizing NNI: done in 0.420399 secs using 100% CPU
Iteration 260 / LogL: -6091.426 / Time: 0h:5m:1s (0h:0m:57s left)
Optimizing NNI: done in 0.503566 secs using 100% CPU
Optimizing NNI: done in 0.617802 secs using 100% CPU
Optimizing NNI: done in 0.585999 secs using 94.54% CPU
Optimizing NNI: done in 0.54576 secs using 89.53% CPU
Optimizing NNI: done in 0.419612 secs using 91.93% CPU
Optimizing NNI: done in 0.424095 secs using 92.52% CPU
Optimizing NNI: done in 0.510186 secs using 90.2% CPU
Optimizing NNI: done in 0.465413 secs using 86.27% CPU
Optimizing NNI: done in 0.599177 secs using 68.7% CPU
Optimizing NNI: done in 0.354551 secs using 90.95% CPU
Iteration 270 / LogL: -6089.252 / Time: 0h:5m:7s (0h:0m:44s left)
Optimizing NNI: done in 0.676288 secs using 64.62% CPU
Optimizing NNI: done in 0.483417 secs using 74.37% CPU
Optimizing NNI: done in 0.651042 secs using 63.3% CPU
Optimizing NNI: done in 0.932291 secs using 61.17% CPU
Optimizing NNI: done in 0.467401 secs using 65.37% CPU
Optimizing NNI: done in 0.778779 secs using 55.79% CPU
Optimizing NNI: done in 0.665293 secs using 69.9% CPU
Optimizing NNI: done in 0.75726 secs using 57.72% CPU
Optimizing NNI: done in 0.893929 secs using 58.82% CPU
Optimizing NNI: done in 0.538082 secs using 64.59% CPU
Iteration 280 / LogL: -6089.139 / Time: 0h:5m:14s (0h:0m:32s left)
Optimizing NNI: done in 0.395059 secs using 73% CPU
Optimizing NNI: done in 0.513648 secs using 71.23% CPU
Optimizing NNI: done in 0.822627 secs using 62.52% CPU
Optimizing NNI: done in 0.752972 secs using 68.51% CPU
Optimizing NNI: done in 0.612265 secs using 68.02% CPU
Optimizing NNI: done in 0.637309 secs using 66.02% CPU
Optimizing NNI: done in 0.856537 secs using 52.58% CPU
Optimizing NNI: done in 0.50676 secs using 75.51% CPU
Optimizing NNI: done in 0.69655 secs using 63.84% CPU
Optimizing NNI: done in 0.752626 secs using 58.52% CPU
Iteration 290 / LogL: -6089.140 / Time: 0h:5m:21s (0h:0m:21s left)
Optimizing NNI: done in 0.941551 secs using 59.07% CPU
Optimizing NNI: done in 0.683631 secs using 68.2% CPU
Optimizing NNI: done in 0.510571 secs using 69.43% CPU
Optimizing NNI: done in 0.763803 secs using 62.33% CPU
Optimizing NNI: done in 0.691826 secs using 65.7% CPU
Optimizing NNI: done in 0.711849 secs using 67.13% CPU
Optimizing NNI: done in 0.883197 secs using 55.65% CPU
Optimizing NNI: done in 0.765349 secs using 66.94% CPU
Optimizing NNI: done in 0.675191 secs using 68.52% CPU
Optimizing NNI: done in 0.556709 secs using 66.27% CPU
Iteration 300 / LogL: -6094.345 / Time: 0h:5m:29s (0h:0m:9s left)
Log-likelihood cutoff on original alignment: -6131.897
NOTE: Bootstrap correlation coefficient of split occurrence frequencies: 0.999
Optimizing NNI: done in 0.515346 secs using 85.58% CPU
Optimizing NNI: done in 0.394914 secs using 99.84% CPU
Optimizing NNI: done in 0.526596 secs using 90.03% CPU
Optimizing NNI: done in 0.595861 secs using 74.18% CPU
Optimizing NNI: done in 0.901022 secs using 66.32% CPU
Optimizing NNI: done in 0.522729 secs using 99.99% CPU
Optimizing NNI: done in 0.410424 secs using 100% CPU
Optimizing NNI: done in 0.810971 secs using 55.37% CPU
Optimizing NNI: done in 0.461979 secs using 100% CPU
Optimizing NNI: done in 0.575785 secs using 99.86% CPU
Iteration 310 / LogL: -6089.162 / Time: 0h:5m:35s (0h:1m:37s left)
TREE SEARCH COMPLETED AFTER 310 ITERATIONS / Time: 0h:5m:35s

--------------------------------------------------------------------
|                    FINALIZING TREE SEARCH                        |
--------------------------------------------------------------------
Performs final model parameters optimization
Estimate model parameters (epsilon = 0.010)
1. Initial log-likelihood: -6089.139
2. Current log-likelihood: -6089.115
3. Current log-likelihood: -6089.092
4. Current log-likelihood: -6089.067
5. Current log-likelihood: -6089.041
6. Current log-likelihood: -6089.014
7. Current log-likelihood: -6088.987
8. Current log-likelihood: -6088.960
9. Current log-likelihood: -6088.934
10. Current log-likelihood: -6088.910
11. Current log-likelihood: -6088.886
12. Current log-likelihood: -6088.862
13. Current log-likelihood: -6088.839
14. Current log-likelihood: -6088.815
15. Current log-likelihood: -6088.792
16. Current log-likelihood: -6088.767
17. Current log-likelihood: -6088.742
18. Current log-likelihood: -6088.717
19. Current log-likelihood: -6088.691
20. Current log-likelihood: -6088.664
21. Current log-likelihood: -6088.636
22. Current log-likelihood: -6088.608
23. Current log-likelihood: -6088.579
24. Current log-likelihood: -6088.549
25. Current log-likelihood: -6088.519
26. Current log-likelihood: -6088.488
27. Current log-likelihood: -6088.456
28. Current log-likelihood: -6088.425
29. Current log-likelihood: -6088.393
30. Current log-likelihood: -6088.361
31. Current log-likelihood: -6088.328
32. Current log-likelihood: -6088.296
33. Current log-likelihood: -6088.263
34. Current log-likelihood: -6088.231
35. Current log-likelihood: -6088.198
36. Current log-likelihood: -6088.165
37. Current log-likelihood: -6088.132
38. Current log-likelihood: -6088.099
39. Current log-likelihood: -6088.066
40. Current log-likelihood: -6088.033
41. Current log-likelihood: -6088.000
42. Current log-likelihood: -6087.967
43. Current log-likelihood: -6087.935
44. Current log-likelihood: -6087.903
45. Current log-likelihood: -6087.871
46. Current log-likelihood: -6087.839
47. Current log-likelihood: -6087.807
48. Current log-likelihood: -6087.775
49. Current log-likelihood: -6087.744
50. Current log-likelihood: -6087.713
51. Current log-likelihood: -6087.682
52. Current log-likelihood: -6087.651
53. Current log-likelihood: -6087.621
54. Current log-likelihood: -6087.591
55. Current log-likelihood: -6087.561
56. Current log-likelihood: -6087.532
57. Current log-likelihood: -6087.502
58. Current log-likelihood: -6087.474
59. Current log-likelihood: -6087.445
60. Current log-likelihood: -6087.417
61. Current log-likelihood: -6087.388
62. Current log-likelihood: -6087.361
63. Current log-likelihood: -6087.333
64. Current log-likelihood: -6087.306
65. Current log-likelihood: -6087.280
66. Current log-likelihood: -6087.253
67. Current log-likelihood: -6087.228
68. Current log-likelihood: -6087.203
69. Current log-likelihood: -6087.178
70. Current log-likelihood: -6087.154
71. Current log-likelihood: -6087.131
72. Current log-likelihood: -6087.108
73. Current log-likelihood: -6087.086
74. Current log-likelihood: -6087.065
75. Current log-likelihood: -6087.044
76. Current log-likelihood: -6087.024
77. Current log-likelihood: -6087.005
78. Current log-likelihood: -6086.988
79. Current log-likelihood: -6086.971
80. Current log-likelihood: -6086.956
81. Current log-likelihood: -6086.941
82. Current log-likelihood: -6086.928
83. Current log-likelihood: -6086.916
84. Current log-likelihood: -6086.904
85. Current log-likelihood: -6086.894
Optimal log-likelihood: -6086.885
Rate parameters:  A-C: 1.61088  A-G: 2.80959  A-T: 1.04679  C-G: 1.23765  C-T: 3.91734  G-T: 1.00000
Base frequencies:  A: 0.247  C: 0.218  G: 0.291  T: 0.244
Site proportion and rates:  (0.544,0.100) (0.266,1.132) (0.144,2.733) (0.046,5.464)
Parameters optimization took 85 rounds (13.194 sec)
BEST SCORE FOUND : -6086.885
Creating bootstrap support values...
Split supports printed to NEXUS file 6299_iqtree_final_superstrict_excluding_hybrids.splits.nex
Total tree length: 3.239

Total number of iterations: 310
CPU time used for tree search: 148.807 sec (0h:2m:28s)
Wall-clock time used for tree search: 206.034 sec (0h:3m:26s)
Total CPU time used: 291.610 sec (0h:4m:51s)
Total wall-clock time used: 349.553 sec (0h:5m:49s)

Computing bootstrap consensus tree...
Reading input file 6299_iqtree_final_superstrict_excluding_hybrids.splits.nex...
93 taxa and 705 splits.
Consensus tree written to 6299_iqtree_final_superstrict_excluding_hybrids.contree
Reading input trees file 6299_iqtree_final_superstrict_excluding_hybrids.contree
Log-likelihood of consensus tree: -6086.890

Analysis results written to: 
  IQ-TREE report:                6299_iqtree_final_superstrict_excluding_hybrids.iqtree
  Maximum-likelihood tree:       6299_iqtree_final_superstrict_excluding_hybrids.treefile
  Likelihood distances:          6299_iqtree_final_superstrict_excluding_hybrids.mldist

Ultrafast bootstrap approximation results written to:
  Split support values:          6299_iqtree_final_superstrict_excluding_hybrids.splits.nex
  Consensus tree:                6299_iqtree_final_superstrict_excluding_hybrids.contree
  Screen log file:               6299_iqtree_final_superstrict_excluding_hybrids.log

ALISIM COMMAND
--------------
--alisim simulated_MSA -t 6299_iqtree_final_superstrict_excluding_hybrids.treefile -m "GTR{1.61088,2.80959,1.04679,1.23765,3.91734}+F{0.246847,0.217706,0.291359,0.244088}+R4{0.544058,0.0995695,0.2658,1.13226,0.144305,2.73332,0.0458371,5.46374}" --length 402

Date and Time: Fri Jun  2 10:02:45 2023
