IQ-TREE multicore version 2.2.2 COVID-edition for Linux 64-bit built Sep 20 2022
Developed by Bui Quang Minh, James Barbetti, Nguyen Lam Tung,
Olga Chernomor, Heiko Schmidt, Dominik Schrempf, Michael Woodhams, Ly Trong Nhan.

Host:    netdc-bms-c11f (AVX2, FMA3, 377 GB RAM)
Command: /home/kasper.hendriks/iqtree-2.2.2-Linux/bin/iqtree2 -s 6457_taper_final_superstrict_excluding_hybrids.fasta -B 1000 -nm 1000 -m GTR+F+R -nt AUTO --prefix 6457_iqtree_final_superstrict_excluding_hybrids
Seed:    280138 (Using SPRNG - Scalable Parallel Random Number Generator)
Time:    Fri Jun  2 09:57:49 2023
Kernel:  AVX+FMA - auto-detect threads (56 CPU cores detected)

Reading alignment file 6457_taper_final_superstrict_excluding_hybrids.fasta ... Fasta format detected
Reading fasta file: done in 0.00049305 secs using 99.79% CPU
Alignment most likely contains DNA/RNA sequences
Constructing alignment: done in 0.00146699 secs using 991% CPU
Alignment has 74 sequences with 228 columns, 163 distinct patterns
104 parsimony-informative, 31 singleton sites, 93 constant sites
               Gap/Ambiguity  Composition  p-value
Analyzing sequences: done in 0.00399303 secs using 487.6% CPU
   1  HYZL             0.00%    passed     93.93%
   2  MYZV             0.00%    passed     77.09%
   3  ERR2789774       0.00%    passed     92.76%
   4  PAFTOL_019361    0.00%    passed     76.31%
   5  S0055            0.44%    passed     99.53%
   6  S0281            0.88%    passed     96.92%
   7  S0282            0.00%    passed     92.22%
   8  S0293           44.74%    passed     99.86%
   9  S0294            0.44%    passed     73.21%
  10  S0303            0.44%    passed     96.09%
  11  S0308            0.00%    passed     86.53%
  12  S0335            0.00%    passed     91.90%
  13  S0376            0.00%    passed     69.35%
  14  S0400            0.00%    passed     98.46%
  15  S0412sl         15.79%    passed     96.01%
  16  S0419            0.00%    passed     98.33%
  17  S0427            0.00%    passed     93.31%
  18  S0430            4.39%    passed     95.91%
  19  S0552sl          0.00%    passed     99.30%
  20  S0616            0.00%    passed     94.71%
  21  S0641            0.00%    passed     99.47%
  22  S0656sl          0.44%    passed     87.74%
  23  S0689            0.00%    passed     90.08%
  24  S0690            1.32%    passed     92.41%
  25  S0720            0.44%    passed     78.25%
  26  S0735           52.63%    passed     86.86%
  27  S0742            0.00%    passed     95.87%
  28  S0748            0.00%    passed     91.81%
  29  S0756            6.14%    passed     97.36%
  30  S0760            0.00%    passed     98.50%
  31  S0763            0.00%    passed     96.65%
  32  S0770            0.00%    passed     92.02%
  33  S0771            0.00%    passed     98.95%
  34  S0795            0.44%    passed     90.10%
  35  S0888            0.00%    passed     78.35%
  36  S0906            0.00%    passed     97.14%
  37  S0956            1.75%    passed     97.82%
  38  S0960            0.00%    passed     95.34%
  39  S0964            0.44%    passed     94.81%
  40  S1083            0.00%    passed     78.21%
  41  S1102            0.00%    passed     98.10%
  42  S1110            0.44%    passed     96.53%
  43  S1120            0.00%    passed     83.89%
  44  S1128            0.44%    passed     99.47%
  45  S1129sl          8.77%    passed     96.42%
  46  S1148           52.63%    passed     86.86%
  47  S1177            0.00%    passed     98.50%
  48  S1180           52.63%    passed     86.86%
  49  S1189            0.00%    passed     99.85%
  50  S1211            0.00%    passed     96.25%
  51  S1214sl          0.44%    passed     99.83%
  52  S1227            0.00%    passed     99.14%
  53  S1235sl          0.00%    passed     98.83%
  54  S1238sl          0.00%    passed     94.12%
  55  S1245            0.00%    passed     96.86%
  56  S1260            0.00%    passed     95.15%
  57  S1269            4.39%    passed     99.67%
  58  S1278            0.00%    passed     98.50%
  59  S1315            0.88%    passed     83.69%
  60  S1366            0.00%    passed     99.40%
  61  S1369            0.00%    passed     98.46%
  62  S1370            0.44%    passed     97.14%
  63  S1375            0.00%    passed     99.71%
  64  S1376            0.00%    passed     92.59%
  65  S1381            0.00%    passed     99.48%
  66  S1422            0.44%    passed     97.18%
  67  S1449            0.00%    passed     99.47%
  68  S1460            1.75%    passed     96.05%
  69  S1462            0.44%    passed     96.22%
  70  S1498            0.00%    passed     85.06%
  71  S1539            1.32%    passed     90.23%
  72  S_670            3.07%    passed     97.18%
  73  SRR11470320      0.00%    passed     95.75%
  74  SRR8528357       0.00%    passed     99.91%
WARNING: 3 sequences contain more than 50% gaps/ambiguity
****  TOTAL            3.50%  0 sequences failed composition chi2 test (p-value<5%; df=3)
NOTE: S1148 is identical to S0735 but kept for subsequent analysis
NOTE: S1177 is identical to S0760 but kept for subsequent analysis
Checking for duplicate sequences: done in 0.011559 secs using 678.2% CPU
Identifying sites to remove: done in 0.000605106 secs using 790.8% CPU
NOTE: 1 identical sequences (see below) will be ignored for subsequent analysis
NOTE: S1180 (identical to S0735) is ignored but added at the end
Alignment was printed to 6457_iqtree_final_superstrict_excluding_hybrids.uniqueseq.phy

For your convenience alignment with unique sequences printed to 6457_iqtree_final_superstrict_excluding_hybrids.uniqueseq.phy

Create initial parsimony tree by phylogenetic likelihood library (PLL)... 0.036 seconds
Generating 1000 samples for ultrafast bootstrap (seed: 280138)...

NOTE: 2 MB RAM (0 GB) is required!
Measuring multi-threading efficiency up to 56 CPU cores
Increase to 10 rounds for branch lengths
1165 trees examined
Threads: 1 / Time: 56.005 sec / Speedup: 1.000 / Efficiency: 100% / LogL: -4568
Threads: 2 / Time: 68.095 sec / Speedup: 0.822 / Efficiency: 41% / LogL: -4568
Determining AUTO threadcount: done in 124.102 secs using 132.4% CPU
BEST NUMBER OF THREADS: 1

Estimate model parameters (epsilon = 0.100)
1. Initial log-likelihood: -2962.450
2. Current log-likelihood: -2821.465
3. Current log-likelihood: -2817.988
4. Current log-likelihood: -2817.534
5. Current log-likelihood: -2817.353
6. Current log-likelihood: -2817.235
Optimal log-likelihood: -2817.110
Rate parameters:  A-C: 2.37067  A-G: 5.81642  A-T: 1.82493  C-G: 3.06351  C-T: 10.62196  G-T: 1.00000
Base frequencies:  A: 0.320  C: 0.176  G: 0.264  T: 0.239
Site proportion and rates:  (0.445,0.151) (0.162,0.348) (0.272,1.280) (0.121,4.354)
Parameters optimization took 6 rounds (0.494 sec)
Wrote distance file to... 
Computing ML distances based on estimated model parameters...
Calculating distance matrix: done in 0.055861 secs using 99.97% CPU
Computing ML distances took 0.056081 sec (of wall-clock time) 0.056061 sec (of CPU time)
Setting up auxiliary I and S matrices: done in 0.000539064 secs using 100.2% CPU
Constructing RapidNJ tree: done in 0.00100398 secs using 105.6% CPU
Computing RapidNJ tree took 0.001658 sec (of wall-clock time) 0.001713 sec (of CPU time)
Log-likelihood of RapidNJ tree: -2853.174
--------------------------------------------------------------------
|             INITIALIZING CANDIDATE TREE SET                      |
--------------------------------------------------------------------
Generating 98 parsimony trees... 0.862 second
Computing log-likelihood of 98 initial trees ... 0.694 seconds
Current best score: -2806.024

Do NNI search on 20 best initial trees
Optimizing NNI: done in 0.294789 secs using 100% CPU
Estimate model parameters (epsilon = 0.100)
BETTER TREE FOUND at iteration 1: -2794.733
Optimizing NNI: done in 0.380361 secs using 57.79% CPU
Optimizing NNI: done in 0.281688 secs using 77.27% CPU
Optimizing NNI: done in 0.26146 secs using 93.88% CPU
Optimizing NNI: done in 0.334756 secs using 100% CPU
Optimizing NNI: done in 0.235121 secs using 99.99% CPU
Optimizing NNI: done in 0.194876 secs using 100% CPU
Optimizing NNI: done in 0.226534 secs using 100% CPU
Optimizing NNI: done in 0.243345 secs using 99.98% CPU
Optimizing NNI: done in 0.263456 secs using 100% CPU
Iteration 10 / LogL: -2797.327 / Time: 0h:2m:9s
Optimizing NNI: done in 0.334697 secs using 99.99% CPU
Optimizing NNI: done in 0.288268 secs using 100% CPU
Optimizing NNI: done in 0.310836 secs using 100% CPU
Optimizing NNI: done in 0.267388 secs using 99.99% CPU
Optimizing NNI: done in 0.25432 secs using 100% CPU
Optimizing NNI: done in 0.251063 secs using 100% CPU
Optimizing NNI: done in 0.275885 secs using 100% CPU
Optimizing NNI: done in 0.261932 secs using 99.99% CPU
Optimizing NNI: done in 0.193764 secs using 100% CPU
Optimizing NNI: done in 0.351556 secs using 100% CPU
Iteration 20 / LogL: -2803.013 / Time: 0h:2m:12s
Finish initializing candidate tree set (20)
Current best tree score: -2794.733 / CPU time: 7.314
Number of iterations: 20
--------------------------------------------------------------------
|               OPTIMIZING CANDIDATE TREE SET                      |
--------------------------------------------------------------------
Optimizing NNI: done in 0.187487 secs using 99.99% CPU
Optimizing NNI: done in 0.262068 secs using 100% CPU
Optimizing NNI: done in 0.260338 secs using 100% CPU
Optimizing NNI: done in 0.211173 secs using 81.06% CPU
Optimizing NNI: done in 0.245773 secs using 95.11% CPU
Optimizing NNI: done in 0.319585 secs using 100% CPU
Optimizing NNI: done in 0.308905 secs using 100% CPU
Optimizing NNI: done in 0.285272 secs using 99.99% CPU
Optimizing NNI: done in 0.228846 secs using 99.98% CPU
Estimate model parameters (epsilon = 0.100)
BETTER TREE FOUND at iteration 29: -2794.201
Optimizing NNI: done in 0.215191 secs using 100% CPU
Iteration 30 / LogL: -2794.713 / Time: 0h:2m:14s (0h:7m:40s left)
Optimizing NNI: done in 0.267149 secs using 99.99% CPU
Optimizing NNI: done in 0.255402 secs using 100% CPU
Optimizing NNI: done in 0.313132 secs using 99.92% CPU
Optimizing NNI: done in 0.239788 secs using 86.64% CPU
Optimizing NNI: done in 0.222656 secs using 100% CPU
Optimizing NNI: done in 0.242703 secs using 100% CPU
Optimizing NNI: done in 0.200723 secs using 100% CPU
Optimizing NNI: done in 0.249528 secs using 100% CPU
Optimizing NNI: done in 0.190652 secs using 100% CPU
Optimizing NNI: done in 0.181265 secs using 99.99% CPU
Iteration 40 / LogL: -2796.475 / Time: 0h:2m:17s (0h:5m:13s left)
Optimizing NNI: done in 0.269163 secs using 100% CPU
Optimizing NNI: done in 0.20478 secs using 100% CPU
Estimate model parameters (epsilon = 0.100)
BETTER TREE FOUND at iteration 42: -2792.700
Optimizing NNI: done in 0.263847 secs using 100% CPU
BETTER TREE FOUND at iteration 43: -2792.699
Optimizing NNI: done in 0.191091 secs using 100% CPU
Optimizing NNI: done in 0.519983 secs using 66.42% CPU
Optimizing NNI: done in 0.417908 secs using 66.62% CPU
Estimate model parameters (epsilon = 0.100)
BETTER TREE FOUND at iteration 46: -2792.495
Optimizing NNI: done in 0.244814 secs using 75.41% CPU
Optimizing NNI: done in 0.594234 secs using 59.69% CPU
Optimizing NNI: done in 0.368731 secs using 71.73% CPU
BETTER TREE FOUND at iteration 49: -2792.491
Optimizing NNI: done in 0.266469 secs using 89.42% CPU
Iteration 50 / LogL: -2792.491 / Time: 0h:2m:21s (0h:4m:44s left)
Log-likelihood cutoff on original alignment: -2824.770
Optimizing NNI: done in 0.23905 secs using 99.97% CPU
BETTER TREE FOUND at iteration 51: -2792.491
Optimizing NNI: done in 0.269618 secs using 92.54% CPU
Optimizing NNI: done in 0.224647 secs using 100% CPU
Optimizing NNI: done in 0.273037 secs using 100% CPU
Optimizing NNI: done in 0.311295 secs using 66.65% CPU
Optimizing NNI: done in 0.35842 secs using 89.73% CPU
Optimizing NNI: done in 0.17521 secs using 100% CPU
Optimizing NNI: done in 0.285304 secs using 99.98% CPU
Optimizing NNI: done in 0.288562 secs using 100% CPU
Optimizing NNI: done in 0.299055 secs using 100% CPU
Iteration 60 / LogL: -2793.042 / Time: 0h:2m:24s (0h:3m:42s left)
Optimizing NNI: done in 0.224259 secs using 99.99% CPU
Optimizing NNI: done in 0.265849 secs using 70.85% CPU
Optimizing NNI: done in 0.433992 secs using 58.39% CPU
Optimizing NNI: done in 0.30248 secs using 89.48% CPU
Optimizing NNI: done in 0.236668 secs using 67.47% CPU
Optimizing NNI: done in 0.461943 secs using 82% CPU
Optimizing NNI: done in 0.281975 secs using 88.72% CPU
Optimizing NNI: done in 0.336674 secs using 74.48% CPU
Optimizing NNI: done in 0.254456 secs using 100% CPU
Optimizing NNI: done in 0.272435 secs using 94.13% CPU
Iteration 70 / LogL: -2792.491 / Time: 0h:2m:27s (0h:2m:53s left)
Optimizing NNI: done in 0.286048 secs using 99.98% CPU
Optimizing NNI: done in 0.339225 secs using 99.86% CPU
Optimizing NNI: done in 0.220959 secs using 99.48% CPU
Optimizing NNI: done in 0.271118 secs using 100% CPU
Optimizing NNI: done in 0.298426 secs using 99.81% CPU
Optimizing NNI: done in 0.303853 secs using 94.65% CPU
Optimizing NNI: done in 0.131225 secs using 100% CPU
Optimizing NNI: done in 0.256217 secs using 100% CPU
Optimizing NNI: done in 0.276708 secs using 99.98% CPU
Optimizing NNI: done in 0.327476 secs using 100% CPU
Iteration 80 / LogL: -2794.915 / Time: 0h:2m:30s (0h:2m:15s left)
Optimizing NNI: done in 0.280993 secs using 100% CPU
Optimizing NNI: done in 0.283432 secs using 100% CPU
Optimizing NNI: done in 0.313109 secs using 100% CPU
Optimizing NNI: done in 0.305058 secs using 100% CPU
Optimizing NNI: done in 0.291965 secs using 100% CPU
Optimizing NNI: done in 0.203465 secs using 100% CPU
Optimizing NNI: done in 0.285445 secs using 100% CPU
Estimate model parameters (epsilon = 0.100)
BETTER TREE FOUND at iteration 87: -2792.160
Optimizing NNI: done in 0.296456 secs using 71.63% CPU
Optimizing NNI: done in 0.349407 secs using 63.37% CPU
Optimizing NNI: done in 0.263179 secs using 81.48% CPU
BETTER TREE FOUND at iteration 90: -2792.158
Iteration 90 / LogL: -2792.158 / Time: 0h:2m:33s (0h:2m:52s left)
Optimizing NNI: done in 0.26292 secs using 98.47% CPU
Optimizing NNI: done in 0.352399 secs using 100% CPU
Optimizing NNI: done in 0.244244 secs using 99.98% CPU
Optimizing NNI: done in 0.27626 secs using 100% CPU
Optimizing NNI: done in 0.261795 secs using 99.99% CPU
Optimizing NNI: done in 0.218044 secs using 100% CPU
Optimizing NNI: done in 0.330001 secs using 91.51% CPU
Optimizing NNI: done in 0.242522 secs using 100% CPU
Optimizing NNI: done in 0.278566 secs using 100% CPU
Optimizing NNI: done in 0.426829 secs using 71.66% CPU
Iteration 100 / LogL: -2793.102 / Time: 0h:2m:36s (0h:2m:22s left)
Log-likelihood cutoff on original alignment: -2825.139
NOTE: Bootstrap correlation coefficient of split occurrence frequencies: 0.989
NOTE: UFBoot does not converge, continue at least 100 more iterations
Optimizing NNI: done in 0.380135 secs using 89.44% CPU
Optimizing NNI: done in 0.276785 secs using 100% CPU
Optimizing NNI: done in 0.22402 secs using 99.98% CPU
Optimizing NNI: done in 0.260515 secs using 100% CPU
Optimizing NNI: done in 0.207934 secs using 99.99% CPU
Optimizing NNI: done in 0.242841 secs using 100% CPU
Optimizing NNI: done in 0.190544 secs using 100% CPU
Optimizing NNI: done in 0.242742 secs using 100% CPU
Optimizing NNI: done in 0.216877 secs using 99.98% CPU
BETTER TREE FOUND at iteration 109: -2792.158
Optimizing NNI: done in 0.463296 secs using 67.14% CPU
Iteration 110 / LogL: -2798.113 / Time: 0h:2m:40s (0h:2m:25s left)
Optimizing NNI: done in 0.410957 secs using 76.38% CPU
BETTER TREE FOUND at iteration 111: -2792.158
Optimizing NNI: done in 0.335818 secs using 72.49% CPU
Optimizing NNI: done in 0.349334 secs using 99.53% CPU
Optimizing NNI: done in 0.306248 secs using 99.55% CPU
Optimizing NNI: done in 0.29017 secs using 99.98% CPU
Optimizing NNI: done in 0.293412 secs using 100% CPU
Optimizing NNI: done in 0.247259 secs using 99.98% CPU
Optimizing NNI: done in 0.306971 secs using 98.71% CPU
Optimizing NNI: done in 0.206446 secs using 100% CPU
Optimizing NNI: done in 0.303159 secs using 100% CPU
Iteration 120 / LogL: -2792.497 / Time: 0h:2m:43s (0h:2m:4s left)
Optimizing NNI: done in 0.279834 secs using 99.99% CPU
Optimizing NNI: done in 0.271148 secs using 100% CPU
Optimizing NNI: done in 0.235771 secs using 100% CPU
Optimizing NNI: done in 0.277207 secs using 91.79% CPU
Optimizing NNI: done in 0.292676 secs using 69.82% CPU
Optimizing NNI: done in 0.311638 secs using 83.24% CPU
Optimizing NNI: done in 0.301263 secs using 90.26% CPU
Optimizing NNI: done in 0.265566 secs using 77.65% CPU
Optimizing NNI: done in 0.430907 secs using 64.92% CPU
Optimizing NNI: done in 0.283829 secs using 99.39% CPU
Iteration 130 / LogL: -2793.560 / Time: 0h:2m:46s (0h:1m:44s left)
Optimizing NNI: done in 0.246646 secs using 99.48% CPU
Optimizing NNI: done in 0.243769 secs using 100% CPU
Optimizing NNI: done in 0.319618 secs using 84.5% CPU
Optimizing NNI: done in 0.370019 secs using 95.67% CPU
Optimizing NNI: done in 0.266704 secs using 100% CPU
Optimizing NNI: done in 0.369123 secs using 76.77% CPU
Optimizing NNI: done in 0.340557 secs using 99.91% CPU
Optimizing NNI: done in 0.247906 secs using 100% CPU
Estimate model parameters (epsilon = 0.100)
BETTER TREE FOUND at iteration 138: -2791.992
Optimizing NNI: done in 0.284333 secs using 99.99% CPU
UPDATE BEST LOG-LIKELIHOOD: -2791.991
Optimizing NNI: done in 0.413763 secs using 99.92% CPU
Iteration 140 / LogL: -2792.160 / Time: 0h:2m:49s (0h:1m:59s left)
Optimizing NNI: done in 0.232682 secs using 100% CPU
Optimizing NNI: done in 0.388358 secs using 80.82% CPU
Optimizing NNI: done in 0.419381 secs using 62.82% CPU
Optimizing NNI: done in 0.343121 secs using 72.18% CPU
Optimizing NNI: done in 0.311416 secs using 94.83% CPU
Optimizing NNI: done in 0.278533 secs using 100% CPU
BETTER TREE FOUND at iteration 146: -2791.990
Optimizing NNI: done in 0.218892 secs using 99.98% CPU
Optimizing NNI: done in 0.239136 secs using 89.96% CPU
Optimizing NNI: done in 0.231089 secs using 100% CPU
Optimizing NNI: done in 0.265229 secs using 100% CPU
Iteration 150 / LogL: -2792.523 / Time: 0h:2m:53s (0h:1m:51s left)
Log-likelihood cutoff on original alignment: -2825.139
Optimizing NNI: done in 0.352787 secs using 52.34% CPU
Optimizing NNI: done in 0.371242 secs using 72.02% CPU
Optimizing NNI: done in 0.36596 secs using 99.72% CPU
Optimizing NNI: done in 0.267945 secs using 99.32% CPU
Optimizing NNI: done in 0.248223 secs using 100% CPU
Optimizing NNI: done in 0.299146 secs using 83.95% CPU
Optimizing NNI: done in 0.239344 secs using 93.32% CPU
Optimizing NNI: done in 0.257386 secs using 99.99% CPU
Optimizing NNI: done in 0.277724 secs using 83.51% CPU
Optimizing NNI: done in 0.363476 secs using 86.64% CPU
Iteration 160 / LogL: -2792.523 / Time: 0h:2m:56s (0h:1m:35s left)
Optimizing NNI: done in 0.26725 secs using 100% CPU
Optimizing NNI: done in 0.33254 secs using 100% CPU
Optimizing NNI: done in 0.527941 secs using 68.14% CPU
Optimizing NNI: done in 0.290322 secs using 75.04% CPU
Optimizing NNI: done in 0.373089 secs using 84.57% CPU
Optimizing NNI: done in 0.237742 secs using 99.79% CPU
Optimizing NNI: done in 0.212062 secs using 99.66% CPU
Optimizing NNI: done in 0.334578 secs using 75.96% CPU
Optimizing NNI: done in 0.330981 secs using 83.11% CPU
Optimizing NNI: done in 0.243494 secs using 100% CPU
Iteration 170 / LogL: -2792.338 / Time: 0h:3m:0s (0h:1m:20s left)
Optimizing NNI: done in 0.29799 secs using 94.63% CPU
Optimizing NNI: done in 0.202202 secs using 100% CPU
Optimizing NNI: done in 0.368905 secs using 100% CPU
Optimizing NNI: done in 0.533581 secs using 71.52% CPU
Optimizing NNI: done in 0.466191 secs using 60.56% CPU
Optimizing NNI: done in 0.206951 secs using 99.98% CPU
Optimizing NNI: done in 0.305438 secs using 100% CPU
UPDATE BEST LOG-LIKELIHOOD: -2791.990
Optimizing NNI: done in 0.237324 secs using 95.18% CPU
Optimizing NNI: done in 0.223919 secs using 100% CPU
Optimizing NNI: done in 0.283481 secs using 99.99% CPU
Iteration 180 / LogL: -2791.993 / Time: 0h:3m:3s (0h:1m:7s left)
Optimizing NNI: done in 0.38156 secs using 99.65% CPU
Optimizing NNI: done in 0.278569 secs using 99.85% CPU
Optimizing NNI: done in 0.369549 secs using 99.99% CPU
Optimizing NNI: done in 0.384212 secs using 70.57% CPU
Optimizing NNI: done in 0.224357 secs using 100% CPU
Optimizing NNI: done in 0.290865 secs using 88.7% CPU
Optimizing NNI: done in 0.4456 secs using 58.61% CPU
Optimizing NNI: done in 0.361918 secs using 82.31% CPU
Optimizing NNI: done in 0.28347 secs using 82.09% CPU
Optimizing NNI: done in 0.241817 secs using 100% CPU
Iteration 190 / LogL: -2792.449 / Time: 0h:3m:7s (0h:0m:55s left)
Optimizing NNI: done in 0.3378 secs using 100% CPU
Optimizing NNI: done in 0.590969 secs using 68.84% CPU
Optimizing NNI: done in 0.580873 secs using 57.74% CPU
Optimizing NNI: done in 0.356672 secs using 71.7% CPU
Optimizing NNI: done in 0.245848 secs using 95.13% CPU
Optimizing NNI: done in 0.264722 secs using 100% CPU
Optimizing NNI: done in 0.225793 secs using 100% CPU
Optimizing NNI: done in 0.298266 secs using 100% CPU
Optimizing NNI: done in 0.336648 secs using 100% CPU
Optimizing NNI: done in 0.284743 secs using 98.91% CPU
Iteration 200 / LogL: -2798.078 / Time: 0h:3m:10s (0h:0m:44s left)
Log-likelihood cutoff on original alignment: -2825.139
NOTE: Bootstrap correlation coefficient of split occurrence frequencies: 0.997
Optimizing NNI: done in 0.274272 secs using 98.47% CPU
Optimizing NNI: done in 0.261191 secs using 100% CPU
Optimizing NNI: done in 0.214618 secs using 100% CPU
Optimizing NNI: done in 0.195529 secs using 100% CPU
Optimizing NNI: done in 0.205333 secs using 100% CPU
Optimizing NNI: done in 0.242474 secs using 99.99% CPU
Optimizing NNI: done in 0.262121 secs using 100% CPU
Optimizing NNI: done in 0.304228 secs using 100% CPU
Optimizing NNI: done in 0.275142 secs using 99.99% CPU
Optimizing NNI: done in 0.288465 secs using 93.31% CPU
Iteration 210 / LogL: -2792.341 / Time: 0h:3m:14s (0h:1m:23s left)
Optimizing NNI: done in 0.305814 secs using 99.98% CPU
Optimizing NNI: done in 0.266108 secs using 100% CPU
Optimizing NNI: done in 0.353692 secs using 90.35% CPU
Optimizing NNI: done in 0.346425 secs using 74.43% CPU
Optimizing NNI: done in 0.320883 secs using 57.59% CPU
Optimizing NNI: done in 0.340439 secs using 88.16% CPU
Optimizing NNI: done in 0.281415 secs using 100% CPU
Optimizing NNI: done in 0.343871 secs using 60.37% CPU
Optimizing NNI: done in 0.237358 secs using 83.13% CPU
Optimizing NNI: done in 0.232184 secs using 100% CPU
Iteration 220 / LogL: -2791.991 / Time: 0h:3m:17s (0h:1m:12s left)
Optimizing NNI: done in 0.233883 secs using 100% CPU
Optimizing NNI: done in 0.266659 secs using 100% CPU
Optimizing NNI: done in 0.379988 secs using 100% CPU
Optimizing NNI: done in 0.198467 secs using 100% CPU
Optimizing NNI: done in 0.362512 secs using 100% CPU
Optimizing NNI: done in 0.299965 secs using 100% CPU
Optimizing NNI: done in 0.299604 secs using 100% CPU
Optimizing NNI: done in 0.321839 secs using 100% CPU
Optimizing NNI: done in 0.334347 secs using 85.64% CPU
Optimizing NNI: done in 0.397933 secs using 74.75% CPU
Iteration 230 / LogL: -2796.518 / Time: 0h:3m:21s (0h:1m:1s left)
Optimizing NNI: done in 0.228884 secs using 99.95% CPU
Optimizing NNI: done in 0.209445 secs using 99.73% CPU
Optimizing NNI: done in 0.399828 secs using 74.96% CPU
Optimizing NNI: done in 0.605382 secs using 49.79% CPU
Optimizing NNI: done in 0.428772 secs using 70.93% CPU
Optimizing NNI: done in 0.364322 secs using 91.19% CPU
Optimizing NNI: done in 0.319337 secs using 71.17% CPU
UPDATE BEST LOG-LIKELIHOOD: -2791.990
Optimizing NNI: done in 0.281871 secs using 99.98% CPU
Optimizing NNI: done in 0.256077 secs using 100% CPU
Optimizing NNI: done in 0.327619 secs using 82.91% CPU
Iteration 240 / LogL: -2792.136 / Time: 0h:3m:24s (0h:0m:51s left)
Optimizing NNI: done in 0.266125 secs using 100% CPU
Optimizing NNI: done in 0.309204 secs using 100% CPU
Optimizing NNI: done in 0.382362 secs using 69.7% CPU
Optimizing NNI: done in 0.342095 secs using 77.75% CPU
Optimizing NNI: done in 0.315365 secs using 99.99% CPU
Optimizing NNI: done in 0.349429 secs using 100% CPU
Optimizing NNI: done in 0.397949 secs using 72.86% CPU
TREE SEARCH COMPLETED AFTER 247 ITERATIONS / Time: 0h:3m:27s

--------------------------------------------------------------------
|                    FINALIZING TREE SEARCH                        |
--------------------------------------------------------------------
Performs final model parameters optimization
Estimate model parameters (epsilon = 0.010)
1. Initial log-likelihood: -2791.990
2. Current log-likelihood: -2791.976
3. Current log-likelihood: -2791.964
4. Current log-likelihood: -2791.951
5. Current log-likelihood: -2791.938
6. Current log-likelihood: -2791.925
7. Current log-likelihood: -2791.913
8. Current log-likelihood: -2791.901
9. Current log-likelihood: -2791.890
10. Current log-likelihood: -2791.879
11. Current log-likelihood: -2791.868
12. Current log-likelihood: -2791.858
Optimal log-likelihood: -2791.845
Rate parameters:  A-C: 2.34331  A-G: 5.91420  A-T: 1.68472  C-G: 3.14854  C-T: 10.92602  G-T: 1.00000
Base frequencies:  A: 0.320  C: 0.176  G: 0.264  T: 0.239
Site proportion and rates:  (0.485,0.134) (0.101,0.436) (0.300,1.212) (0.114,4.640)
Parameters optimization took 12 rounds (0.957 sec)
BEST SCORE FOUND : -2791.845
Creating bootstrap support values...
Split supports printed to NEXUS file 6457_iqtree_final_superstrict_excluding_hybrids.splits.nex
Total tree length: 2.642

Total number of iterations: 247
CPU time used for tree search: 74.270 sec (0h:1m:14s)
Wall-clock time used for tree search: 82.599 sec (0h:1m:22s)
Total CPU time used: 242.076 sec (0h:4m:2s)
Total wall-clock time used: 208.774 sec (0h:3m:28s)

Computing bootstrap consensus tree...
Reading input file 6457_iqtree_final_superstrict_excluding_hybrids.splits.nex...
73 taxa and 827 splits.
Consensus tree written to 6457_iqtree_final_superstrict_excluding_hybrids.contree
Reading input trees file 6457_iqtree_final_superstrict_excluding_hybrids.contree
Log-likelihood of consensus tree: -2792.277

Analysis results written to: 
  IQ-TREE report:                6457_iqtree_final_superstrict_excluding_hybrids.iqtree
  Maximum-likelihood tree:       6457_iqtree_final_superstrict_excluding_hybrids.treefile
  Likelihood distances:          6457_iqtree_final_superstrict_excluding_hybrids.mldist

Ultrafast bootstrap approximation results written to:
  Split support values:          6457_iqtree_final_superstrict_excluding_hybrids.splits.nex
  Consensus tree:                6457_iqtree_final_superstrict_excluding_hybrids.contree
  Screen log file:               6457_iqtree_final_superstrict_excluding_hybrids.log

ALISIM COMMAND
--------------
--alisim simulated_MSA -t 6457_iqtree_final_superstrict_excluding_hybrids.treefile -m "GTR{2.34331,5.9142,1.68472,3.14854,10.926}+F{0.320322,0.176145,0.264038,0.239494}+R4{0.484996,0.133817,0.100958,0.43613,0.300494,1.21205,0.113552,4.63977}" --length 228

Date and Time: Fri Jun  2 10:01:18 2023
