IQ-TREE multicore version 2.2.2 COVID-edition for Linux 64-bit built Sep 20 2022
Developed by Bui Quang Minh, James Barbetti, Nguyen Lam Tung,
Olga Chernomor, Heiko Schmidt, Dominik Schrempf, Michael Woodhams, Ly Trong Nhan.

Host:    netdc-bms-c11f (AVX2, FMA3, 377 GB RAM)
Command: /home/kasper.hendriks/iqtree-2.2.2-Linux/bin/iqtree2 -s 6527_taper_final_superstrict_excluding_hybrids.fasta -B 1000 -nm 1000 -m GTR+F+R -nt AUTO --prefix 6527_iqtree_final_superstrict_excluding_hybrids
Seed:    557251 (Using SPRNG - Scalable Parallel Random Number Generator)
Time:    Fri Jun  2 09:58:34 2023
Kernel:  AVX+FMA - auto-detect threads (56 CPU cores detected)

Reading alignment file 6527_taper_final_superstrict_excluding_hybrids.fasta ... Fasta format detected
Reading fasta file: done in 0.00290322 secs using 40.4% CPU
Alignment most likely contains DNA/RNA sequences
Constructing alignment: done in 0.00689602 secs using 1288% CPU
Alignment has 123 sequences with 1011 columns, 712 distinct patterns
431 parsimony-informative, 145 singleton sites, 435 constant sites
               Gap/Ambiguity  Composition  p-value
Analyzing sequences: done in 0.000371933 secs using 1473% CPU
   1  HYZL            41.35%    passed     20.50%
   2  MYZV            62.81%    passed      9.58%
   3  SRR6441723       0.00%    passed     96.02%
   4  ERR4210213      79.82%    passed     18.80%
   5  ERR2789774      70.33%    passed     83.80%
   6  PAFTOL_019361   16.91%    passed     69.21%
   7  S0055            0.10%    passed     88.88%
   8  S0196sl          0.10%    passed     97.73%
   9  S0278            0.20%    passed     84.23%
  10  S0281            0.00%    passed     76.36%
  11  S0282            0.20%    passed     90.40%
  12  S0289            0.20%    passed     98.87%
  13  S0292            0.40%    passed     78.40%
  14  S0293            9.20%    passed     63.15%
  15  S0294            0.00%    passed     92.34%
  16  S0299            0.20%    passed     93.72%
  17  S0303            1.19%    passed     95.27%
  18  S0308            0.40%    passed     92.65%
  19  S0320            0.20%    passed     93.19%
  20  S0322            0.10%    passed     87.62%
  21  S0327            0.20%    passed     97.53%
  22  S0335            1.68%    passed     94.65%
  23  S0345           34.12%    passed     64.59%
  24  S0376            0.20%    passed     65.55%
  25  S0400            0.20%    passed     87.65%
  26  S0405            0.49%    passed     89.16%
  27  S0407sl          0.10%    passed     87.40%
  28  S0412sl          0.49%    passed     87.75%
  29  S0417            0.10%    passed     99.16%
  30  S0419            0.00%    passed     95.39%
  31  S0427            0.00%    passed     92.16%
  32  S0428sl         17.41%    passed     68.35%
  33  S0430            1.48%    passed     90.52%
  34  S0478            0.20%    passed     91.43%
  35  S0552sl          0.30%    passed     81.70%
  36  S0558            0.00%    passed     85.57%
  37  S0616            0.00%    passed     99.00%
  38  S0620            0.30%    passed     90.52%
  39  S0624            0.59%    passed     89.85%
  40  S0641            0.20%    passed     91.80%
  41  S0643            0.20%    passed     81.68%
  42  S0645sl          0.30%    passed     89.13%
  43  S0656sl          0.40%    passed     99.03%
  44  S0673            0.00%    passed     98.37%
  45  S0689            0.89%    passed     85.82%
  46  S0690            0.20%    passed     78.34%
  47  S0720            2.18%    passed     67.38%
  48  S0724sl          2.27%    passed     92.36%
  49  S0735            0.00%    passed     97.47%
  50  S0742            0.10%    passed     97.65%
  51  S0748            0.79%    passed     89.07%
  52  S0753            0.00%    passed     99.03%
  53  S0756            0.10%    passed     94.37%
  54  S0758            1.58%    passed     87.46%
  55  S0760            0.10%    passed     93.43%
  56  S0763            0.10%    passed     69.72%
  57  S0765            0.00%    passed     94.33%
  58  S0770            0.49%    passed     94.62%
  59  S0771            0.20%    passed     87.23%
  60  S0795            3.17%    passed     64.44%
  61  S0827            0.49%    passed     98.62%
  62  S0888            0.89%    passed     91.65%
  63  S0894            0.10%    passed     99.49%
  64  S0899            2.67%    passed     94.24%
  65  S0906            0.10%    passed     95.59%
  66  S0951           12.17%    passed     86.20%
  67  S0952            0.30%    passed     97.88%
  68  S0956            0.99%    passed     65.89%
  69  S0959            0.10%    passed     73.64%
  70  S0960            0.49%    passed     77.20%
  71  S0964            0.49%    passed     87.77%
  72  S1052sl         44.71%    passed     93.66%
  73  S1083            0.00%    passed     86.18%
  74  S1100            0.10%    passed     94.93%
  75  S1102            0.10%    passed     82.50%
  76  S1110            2.97%    passed     92.91%
  77  S1120            3.36%    passed     93.51%
  78  S1128            1.19%    passed     98.61%
  79  S1129sl          1.78%    passed     99.35%
  80  S1148            0.40%    passed     94.75%
  81  S1177            0.00%    passed     97.57%
  82  S1180            0.10%    passed     94.09%
  83  S1187sl         25.91%    passed     57.72%
  84  S1189            2.47%    passed     94.53%
  85  S1201sl          0.10%    passed     89.25%
  86  S1210            1.09%    passed     84.76%
  87  S1211            0.00%    passed     95.81%
  88  S1214sl          0.00%    passed     90.77%
  89  S1223            0.79%    passed     96.10%
  90  S1227            0.00%    passed     86.32%
  91  S1235sl          0.10%    passed     93.64%
  92  S1238sl          0.10%    passed     99.42%
  93  S1239            0.10%    passed     89.25%
  94  S1245            0.20%    passed     98.94%
  95  S1246            0.00%    passed     99.26%
  96  S1249            0.00%    passed     90.05%
  97  S1250sl          1.48%    passed     91.92%
  98  S1251            0.00%    passed     71.79%
  99  S1260            1.29%    passed     93.30%
 100  S1266sl          1.48%    passed     99.11%
 101  S1269            1.78%    passed     83.19%
 102  S1278            1.29%    passed     84.60%
 103  S1315            1.98%    passed     86.63%
 104  S1332            0.00%    passed     95.21%
 105  S1366            0.00%    passed     56.36%
 106  S1369            1.09%    passed     88.66%
 107  S1370            0.99%    passed     69.64%
 108  S1375            0.40%    passed     95.05%
 109  S1376            1.48%    passed     89.77%
 110  S1381            0.00%    passed     98.94%
 111  S1405            0.40%    passed     97.47%
 112  S1422            0.20%    passed     78.38%
 113  S1449            0.10%    passed     77.92%
 114  S1451            0.00%    passed     93.36%
 115  S1460            0.10%    passed     96.97%
 116  S1462            0.00%    passed     93.38%
 117  S1475            0.40%    passed     91.52%
 118  S1498            0.10%    passed     66.98%
 119  S1539            0.10%    passed     89.96%
 120  S_670            0.30%    passed     95.61%
 121  SRR8528357      37.09%    passed     79.88%
 122  SRR8528379      74.48%    passed     81.81%
 123  SRR8528384      74.48%    passed     76.56%
WARNING: 5 sequences contain more than 50% gaps/ambiguity
****  TOTAL            5.37%  0 sequences failed composition chi2 test (p-value<5%; df=3)
Checking for duplicate sequences: done in 0.00222206 secs using 1066% CPU

Create initial parsimony tree by phylogenetic likelihood library (PLL)... 0.082 seconds
Generating 1000 samples for ultrafast bootstrap (seed: 557251)...

NOTE: 14 MB RAM (0 GB) is required!
Measuring multi-threading efficiency up to 56 CPU cores
Increase to 10 rounds for branch lengths
165 trees examined
Threads: 1 / Time: 56.312 sec / Speedup: 1.000 / Efficiency: 100% / LogL: -24369
Threads: 2 / Time: 47.515 sec / Speedup: 1.185 / Efficiency: 59% / LogL: -24369
Threads: 3 / Time: 33.268 sec / Speedup: 1.693 / Efficiency: 56% / LogL: -24369
Threads: 4 / Time: 39.571 sec / Speedup: 1.423 / Efficiency: 36% / LogL: -24369
Determining AUTO threadcount: done in 176.669 secs using 196.1% CPU
BEST NUMBER OF THREADS: 3

Estimate model parameters (epsilon = 0.100)
1. Initial log-likelihood: -15818.916
2. Current log-likelihood: -15096.057
3. Current log-likelihood: -15083.169
4. Current log-likelihood: -15076.740
5. Current log-likelihood: -15072.483
6. Current log-likelihood: -15069.649
7. Current log-likelihood: -15067.805
8. Current log-likelihood: -15066.586
9. Current log-likelihood: -15065.603
10. Current log-likelihood: -15064.552
11. Current log-likelihood: -15063.275
12. Current log-likelihood: -15061.817
13. Current log-likelihood: -15060.310
14. Current log-likelihood: -15058.848
15. Current log-likelihood: -15057.429
16. Current log-likelihood: -15056.057
17. Current log-likelihood: -15054.743
18. Current log-likelihood: -15053.567
19. Current log-likelihood: -15052.567
20. Current log-likelihood: -15051.740
21. Current log-likelihood: -15051.066
22. Current log-likelihood: -15050.505
23. Current log-likelihood: -15049.939
24. Current log-likelihood: -15049.449
25. Current log-likelihood: -15049.015
26. Current log-likelihood: -15048.628
27. Current log-likelihood: -15048.369
28. Current log-likelihood: -15048.042
29. Current log-likelihood: -15047.835
30. Current log-likelihood: -15047.557
31. Current log-likelihood: -15047.388
32. Current log-likelihood: -15047.223
33. Current log-likelihood: -15047.069
34. Current log-likelihood: -15046.925
35. Current log-likelihood: -15046.789
36. Current log-likelihood: -15046.661
37. Current log-likelihood: -15046.540
38. Current log-likelihood: -15046.426
39. Current log-likelihood: -15046.317
40. Current log-likelihood: -15046.215
Optimal log-likelihood: -15046.053
Rate parameters:  A-C: 1.79928  A-G: 4.08540  A-T: 1.25937  C-G: 1.59724  C-T: 5.78051  G-T: 1.00000
Base frequencies:  A: 0.281  C: 0.177  G: 0.255  T: 0.288
Site proportion and rates:  (0.542,0.114) (0.243,1.031) (0.194,2.800) (0.020,7.151)
Parameters optimization took 40 rounds (13.209 sec)
Wrote distance file to... 
Computing ML distances based on estimated model parameters...
Calculating distance matrix: done in 0.0614421 secs using 280.3% CPU
Computing ML distances took 0.061891 sec (of wall-clock time) 0.173334 sec (of CPU time)
Setting up auxiliary I and S matrices: done in 0.000509024 secs using 290.4% CPU
Constructing RapidNJ tree: done in 0.00394392 secs using 395.7% CPU
Computing RapidNJ tree took 0.004575 sec (of wall-clock time) 0.017703 sec (of CPU time)
Log-likelihood of RapidNJ tree: -15133.727
--------------------------------------------------------------------
|             INITIALIZING CANDIDATE TREE SET                      |
--------------------------------------------------------------------
Generating 98 parsimony trees... 3.515 second
Computing log-likelihood of 98 initial trees ... 3.423 seconds
Current best score: -15044.589

Do NNI search on 20 best initial trees
Optimizing NNI: done in 1.09564 secs using 181.5% CPU
Estimate model parameters (epsilon = 0.100)
BETTER TREE FOUND at iteration 1: -15033.144
Optimizing NNI: done in 0.592406 secs using 241.6% CPU
Optimizing NNI: done in 0.659508 secs using 261.7% CPU
Estimate model parameters (epsilon = 0.100)
BETTER TREE FOUND at iteration 3: -15030.477
Optimizing NNI: done in 0.834395 secs using 249.7% CPU
Estimate model parameters (epsilon = 0.100)
BETTER TREE FOUND at iteration 4: -15027.709
Optimizing NNI: done in 1.19842 secs using 218.2% CPU
Optimizing NNI: done in 0.562309 secs using 283.6% CPU
Optimizing NNI: done in 1.16726 secs using 222.3% CPU
Estimate model parameters (epsilon = 0.100)
UPDATE BEST LOG-LIKELIHOOD: -15027.597
Optimizing NNI: done in 0.472729 secs using 289.1% CPU
Optimizing NNI: done in 0.506184 secs using 291.1% CPU
Optimizing NNI: done in 1.09343 secs using 203.7% CPU
Iteration 10 / LogL: -15035.756 / Time: 0h:3m:27s
Optimizing NNI: done in 1.31253 secs using 210.7% CPU
Optimizing NNI: done in 1.46391 secs using 187.7% CPU
Optimizing NNI: done in 0.798254 secs using 260.5% CPU
Optimizing NNI: done in 0.638958 secs using 263.4% CPU
Optimizing NNI: done in 0.688286 secs using 266.5% CPU
Optimizing NNI: done in 0.682558 secs using 281.9% CPU
Optimizing NNI: done in 0.56952 secs using 258.4% CPU
Optimizing NNI: done in 0.662025 secs using 245.7% CPU
Optimizing NNI: done in 0.567266 secs using 293.7% CPU
Optimizing NNI: done in 0.482784 secs using 295.9% CPU
Iteration 20 / LogL: -15030.993 / Time: 0h:3m:35s
Finish initializing candidate tree set (18)
Current best tree score: -15027.597 / CPU time: 25.494
Number of iterations: 20
--------------------------------------------------------------------
|               OPTIMIZING CANDIDATE TREE SET                      |
--------------------------------------------------------------------
Optimizing NNI: done in 0.795292 secs using 277.1% CPU
Optimizing NNI: done in 0.470584 secs using 295.8% CPU
Estimate model parameters (epsilon = 0.100)
BETTER TREE FOUND at iteration 22: -15025.370
Optimizing NNI: done in 0.961882 secs using 259.2% CPU
Optimizing NNI: done in 0.839973 secs using 249.2% CPU
Optimizing NNI: done in 0.479957 secs using 298.5% CPU
Optimizing NNI: done in 0.581968 secs using 294.6% CPU
Optimizing NNI: done in 1.05424 secs using 198.4% CPU
Optimizing NNI: done in 0.470832 secs using 284.8% CPU
Optimizing NNI: done in 0.416402 secs using 298.1% CPU
Optimizing NNI: done in 0.601179 secs using 282.4% CPU
Iteration 30 / LogL: -15035.534 / Time: 0h:3m:43s (0h:11m:47s left)
Optimizing NNI: done in 0.963426 secs using 219.7% CPU
Optimizing NNI: done in 0.703472 secs using 259.9% CPU
Optimizing NNI: done in 0.992147 secs using 235% CPU
Optimizing NNI: done in 0.862066 secs using 257.8% CPU
Estimate model parameters (epsilon = 0.100)
BETTER TREE FOUND at iteration 34: -15023.193
Optimizing NNI: done in 1.43303 secs using 218.7% CPU
Optimizing NNI: done in 0.761902 secs using 246.5% CPU
Optimizing NNI: done in 0.732589 secs using 242.2% CPU
Optimizing NNI: done in 1.05905 secs using 237.4% CPU
Optimizing NNI: done in 0.647437 secs using 278.7% CPU
Optimizing NNI: done in 0.812275 secs using 266.6% CPU
Iteration 40 / LogL: -15034.222 / Time: 0h:3m:52s (0h:9m:20s left)
Optimizing NNI: done in 0.868665 secs using 229.5% CPU
Optimizing NNI: done in 0.458615 secs using 278.7% CPU
Optimizing NNI: done in 0.5238 secs using 296.9% CPU
Optimizing NNI: done in 0.414386 secs using 295.6% CPU
Optimizing NNI: done in 0.813416 secs using 248.7% CPU
Optimizing NNI: done in 1.06602 secs using 204.4% CPU
Optimizing NNI: done in 0.788591 secs using 223.1% CPU
Optimizing NNI: done in 0.752258 secs using 261.4% CPU
Optimizing NNI: done in 0.460273 secs using 297.4% CPU
Optimizing NNI: done in 0.47118 secs using 298.1% CPU
Iteration 50 / LogL: -15062.805 / Time: 0h:3m:59s (0h:6m:50s left)
Log-likelihood cutoff on original alignment: -15077.388
Optimizing NNI: done in 0.606553 secs using 256.7% CPU
Optimizing NNI: done in 0.640409 secs using 282.3% CPU
Optimizing NNI: done in 0.420283 secs using 297.2% CPU
Optimizing NNI: done in 0.422058 secs using 299% CPU
Optimizing NNI: done in 0.497044 secs using 299.1% CPU
Optimizing NNI: done in 0.606112 secs using 298.7% CPU
Optimizing NNI: done in 0.434839 secs using 278% CPU
Optimizing NNI: done in 0.782878 secs using 259.1% CPU
Optimizing NNI: done in 0.367408 secs using 291.4% CPU
Optimizing NNI: done in 0.507002 secs using 297.7% CPU
Iteration 60 / LogL: -15027.020 / Time: 0h:4m:5s (0h:5m:7s left)
Optimizing NNI: done in 0.501929 secs using 293.1% CPU
Optimizing NNI: done in 0.58305 secs using 293.1% CPU
Optimizing NNI: done in 0.535761 secs using 296.3% CPU
Optimizing NNI: done in 0.408489 secs using 297.1% CPU
Optimizing NNI: done in 0.350246 secs using 292.1% CPU
Optimizing NNI: done in 0.430276 secs using 298.2% CPU
Optimizing NNI: done in 0.46405 secs using 290.2% CPU
Optimizing NNI: done in 0.858441 secs using 238% CPU
Optimizing NNI: done in 0.513905 secs using 282.1% CPU
Optimizing NNI: done in 0.592479 secs using 263.6% CPU
Iteration 70 / LogL: -15023.773 / Time: 0h:4m:11s (0h:3m:52s left)
Optimizing NNI: done in 0.442258 secs using 292.3% CPU
Optimizing NNI: done in 0.445798 secs using 295.3% CPU
Optimizing NNI: done in 0.394726 secs using 298.9% CPU
Optimizing NNI: done in 0.646393 secs using 290.3% CPU
Optimizing NNI: done in 0.358573 secs using 295.6% CPU
Optimizing NNI: done in 0.510084 secs using 299.1% CPU
Optimizing NNI: done in 0.385439 secs using 295.7% CPU
Optimizing NNI: done in 0.706419 secs using 294.7% CPU
Optimizing NNI: done in 0.528621 secs using 296.9% CPU
Optimizing NNI: done in 1.01055 secs using 260% CPU
Iteration 80 / LogL: -15037.706 / Time: 0h:4m:16s (0h:2m:55s left)
Optimizing NNI: done in 0.49471 secs using 299% CPU
Optimizing NNI: done in 0.620874 secs using 287.5% CPU
UPDATE BEST LOG-LIKELIHOOD: -15023.192
Optimizing NNI: done in 0.554369 secs using 261.4% CPU
Optimizing NNI: done in 0.677228 secs using 279.2% CPU
Optimizing NNI: done in 0.693139 secs using 262.6% CPU
Optimizing NNI: done in 0.572769 secs using 265.4% CPU
Optimizing NNI: done in 0.419681 secs using 278.9% CPU
Optimizing NNI: done in 0.743461 secs using 237.1% CPU
Optimizing NNI: done in 0.749855 secs using 251.5% CPU
Estimate model parameters (epsilon = 0.100)
BETTER TREE FOUND at iteration 89: -15022.688
Optimizing NNI: done in 0.674916 secs using 277.8% CPU
Iteration 90 / LogL: -15026.873 / Time: 0h:4m:23s (0h:4m:52s left)
Optimizing NNI: done in 0.462494 secs using 298.3% CPU
Optimizing NNI: done in 0.593468 secs using 289.2% CPU
Optimizing NNI: done in 0.86073 secs using 248.6% CPU
Optimizing NNI: done in 0.689414 secs using 256.1% CPU
Estimate model parameters (epsilon = 0.100)
BETTER TREE FOUND at iteration 94: -15021.680
Optimizing NNI: done in 0.658074 secs using 266.4% CPU
Optimizing NNI: done in 0.848213 secs using 249% CPU
Optimizing NNI: done in 0.601154 secs using 297.3% CPU
Optimizing NNI: done in 0.836774 secs using 254.1% CPU
Optimizing NNI: done in 1.27 secs using 221.5% CPU
Optimizing NNI: done in 0.619753 secs using 274.3% CPU
Iteration 100 / LogL: -15024.260 / Time: 0h:4m:31s (0h:4m:17s left)
Log-likelihood cutoff on original alignment: -15077.388
NOTE: Bootstrap correlation coefficient of split occurrence frequencies: 0.992
Optimizing NNI: done in 0.810399 secs using 248.8% CPU
Optimizing NNI: done in 0.665951 secs using 260.6% CPU
Optimizing NNI: done in 0.852564 secs using 256.2% CPU
Optimizing NNI: done in 0.5088 secs using 280.3% CPU
Optimizing NNI: done in 0.382839 secs using 297% CPU
Optimizing NNI: done in 0.44512 secs using 297.3% CPU
Optimizing NNI: done in 0.592955 secs using 279% CPU
Optimizing NNI: done in 0.786538 secs using 255.6% CPU
Optimizing NNI: done in 0.605262 secs using 269.9% CPU
Optimizing NNI: done in 0.542252 secs using 283.9% CPU
Iteration 110 / LogL: -15043.107 / Time: 0h:4m:38s (0h:3m:49s left)
Optimizing NNI: done in 0.668552 secs using 279.3% CPU
Optimizing NNI: done in 0.400017 secs using 285.1% CPU
Optimizing NNI: done in 0.886987 secs using 243.4% CPU
Optimizing NNI: done in 0.534709 secs using 296.8% CPU
Optimizing NNI: done in 0.352614 secs using 298.6% CPU
Optimizing NNI: done in 0.37855 secs using 293.2% CPU
Optimizing NNI: done in 0.562588 secs using 282.9% CPU
Optimizing NNI: done in 0.486528 secs using 295% CPU
Optimizing NNI: done in 0.321356 secs using 293.5% CPU
Optimizing NNI: done in 0.495317 secs using 295.8% CPU
Iteration 120 / LogL: -15024.312 / Time: 0h:4m:43s (0h:3m:10s left)
Optimizing NNI: done in 0.411318 secs using 292.2% CPU
Optimizing NNI: done in 0.443344 secs using 291.1% CPU
Optimizing NNI: done in 0.422018 secs using 291.1% CPU
Optimizing NNI: done in 0.420895 secs using 293.4% CPU
Optimizing NNI: done in 0.402528 secs using 296% CPU
Optimizing NNI: done in 0.440905 secs using 298.3% CPU
Optimizing NNI: done in 0.77875 secs using 258.7% CPU
Optimizing NNI: done in 0.676984 secs using 268.9% CPU
Optimizing NNI: done in 0.549143 secs using 263.7% CPU
Optimizing NNI: done in 0.653227 secs using 267.4% CPU
Iteration 130 / LogL: -15030.460 / Time: 0h:4m:49s (0h:2m:36s left)
Optimizing NNI: done in 0.571824 secs using 267.1% CPU
Optimizing NNI: done in 0.534203 secs using 267.6% CPU
Optimizing NNI: done in 0.60364 secs using 264.4% CPU
Optimizing NNI: done in 0.404572 secs using 262.9% CPU
Optimizing NNI: done in 0.621156 secs using 279.9% CPU
Optimizing NNI: done in 0.437515 secs using 294.3% CPU
Optimizing NNI: done in 0.442571 secs using 290.1% CPU
Optimizing NNI: done in 0.569066 secs using 273.1% CPU
Optimizing NNI: done in 0.483614 secs using 299% CPU
Optimizing NNI: done in 0.47442 secs using 296% CPU
Iteration 140 / LogL: -15023.027 / Time: 0h:4m:54s (0h:2m:7s left)
Optimizing NNI: done in 0.532168 secs using 291.8% CPU
Optimizing NNI: done in 0.452898 secs using 295.6% CPU
Estimate model parameters (epsilon = 0.100)
UPDATE BEST LOG-LIKELIHOOD: -15021.617
Optimizing NNI: done in 0.596848 secs using 267.2% CPU
Optimizing NNI: done in 0.828778 secs using 242.4% CPU
Optimizing NNI: done in 0.476565 secs using 296.6% CPU
Optimizing NNI: done in 0.480778 secs using 293.4% CPU
Optimizing NNI: done in 0.420589 secs using 296.8% CPU
Optimizing NNI: done in 0.498451 secs using 280.8% CPU
Optimizing NNI: done in 0.801763 secs using 240.4% CPU
Optimizing NNI: done in 0.695665 secs using 263.5% CPU
Iteration 150 / LogL: -15021.909 / Time: 0h:5m:1s (0h:1m:41s left)
Log-likelihood cutoff on original alignment: -15077.388
Optimizing NNI: done in 0.756169 secs using 224.3% CPU
Optimizing NNI: done in 0.558653 secs using 277.2% CPU
Optimizing NNI: done in 0.592404 secs using 271.3% CPU
Optimizing NNI: done in 0.830702 secs using 232.5% CPU
UPDATE BEST LOG-LIKELIHOOD: -15021.616
Optimizing NNI: done in 0.856485 secs using 235.9% CPU
Optimizing NNI: done in 1.07285 secs using 206.3% CPU
Optimizing NNI: done in 0.92071 secs using 216.4% CPU
Optimizing NNI: done in 0.781132 secs using 252.7% CPU
Optimizing NNI: done in 0.582185 secs using 260.9% CPU
Optimizing NNI: done in 0.744316 secs using 277.5% CPU
Iteration 160 / LogL: -15026.201 / Time: 0h:5m:9s (0h:1m:17s left)
Optimizing NNI: done in 0.630663 secs using 269.6% CPU
Optimizing NNI: done in 0.470306 secs using 292.8% CPU
Optimizing NNI: done in 0.770374 secs using 252.2% CPU
Optimizing NNI: done in 0.851339 secs using 253.5% CPU
Optimizing NNI: done in 0.741221 secs using 238.8% CPU
Optimizing NNI: done in 0.798155 secs using 232.7% CPU
Optimizing NNI: done in 0.703421 secs using 272.5% CPU
Optimizing NNI: done in 0.499803 secs using 274.3% CPU
Optimizing NNI: done in 0.442713 secs using 298.6% CPU
Optimizing NNI: done in 0.391375 secs using 277.6% CPU
Iteration 170 / LogL: -15021.975 / Time: 0h:5m:16s (0h:0m:56s left)
Optimizing NNI: done in 0.546841 secs using 295.7% CPU
Optimizing NNI: done in 0.463026 secs using 298.4% CPU
Optimizing NNI: done in 0.42537 secs using 297.1% CPU
Optimizing NNI: done in 0.595156 secs using 291.9% CPU
Optimizing NNI: done in 0.619849 secs using 281.8% CPU
Optimizing NNI: done in 0.445265 secs using 274.3% CPU
Optimizing NNI: done in 0.707666 secs using 246.1% CPU
Optimizing NNI: done in 0.63925 secs using 284.4% CPU
Optimizing NNI: done in 0.489483 secs using 296.8% CPU
Optimizing NNI: done in 0.435626 secs using 294.5% CPU
Iteration 180 / LogL: -15021.707 / Time: 0h:5m:22s (0h:0m:35s left)
Optimizing NNI: done in 0.72513 secs using 279.9% CPU
Optimizing NNI: done in 0.473393 secs using 266.1% CPU
Optimizing NNI: done in 0.721051 secs using 248.8% CPU
Optimizing NNI: done in 0.593322 secs using 284.4% CPU
Optimizing NNI: done in 0.631781 secs using 250.2% CPU
Optimizing NNI: done in 0.692579 secs using 252% CPU
Optimizing NNI: done in 0.66463 secs using 258.3% CPU
Optimizing NNI: done in 0.469058 secs using 276.3% CPU
Optimizing NNI: done in 0.584919 secs using 261.9% CPU
Optimizing NNI: done in 0.646852 secs using 263.8% CPU
Iteration 190 / LogL: -15021.650 / Time: 0h:5m:28s (0h:0m:17s left)
Optimizing NNI: done in 0.532353 secs using 264.1% CPU
Optimizing NNI: done in 0.584259 secs using 267.4% CPU
Optimizing NNI: done in 0.413169 secs using 297% CPU
Optimizing NNI: done in 0.66705 secs using 256.5% CPU
Optimizing NNI: done in 0.866471 secs using 203.2% CPU
WARNING: bootstrap analysis did not converge. You should rerun with higher number of iterations (-nm option)
TREE SEARCH COMPLETED AFTER 195 ITERATIONS / Time: 0h:5m:31s

--------------------------------------------------------------------
|                    FINALIZING TREE SEARCH                        |
--------------------------------------------------------------------
Performs final model parameters optimization
Estimate model parameters (epsilon = 0.010)
1. Initial log-likelihood: -15021.616
2. Current log-likelihood: -15021.586
3. Current log-likelihood: -15021.546
4. Current log-likelihood: -15021.507
5. Current log-likelihood: -15021.469
6. Current log-likelihood: -15021.434
7. Current log-likelihood: -15021.399
8. Current log-likelihood: -15021.368
9. Current log-likelihood: -15021.337
10. Current log-likelihood: -15021.308
11. Current log-likelihood: -15021.280
12. Current log-likelihood: -15021.253
13. Current log-likelihood: -15021.227
14. Current log-likelihood: -15021.211
15. Current log-likelihood: -15021.196
16. Current log-likelihood: -15021.181
17. Current log-likelihood: -15021.167
18. Current log-likelihood: -15021.152
19. Current log-likelihood: -15021.138
20. Current log-likelihood: -15021.124
21. Current log-likelihood: -15021.112
22. Current log-likelihood: -15021.098
23. Current log-likelihood: -15021.085
24. Current log-likelihood: -15021.073
25. Current log-likelihood: -15021.062
26. Current log-likelihood: -15021.051
27. Current log-likelihood: -15021.040
28. Current log-likelihood: -15021.029
29. Current log-likelihood: -15021.018
30. Current log-likelihood: -15021.008
31. Current log-likelihood: -15020.998
Optimal log-likelihood: -15020.981
Rate parameters:  A-C: 1.82251  A-G: 4.14533  A-T: 1.29289  C-G: 1.58773  C-T: 5.98125  G-T: 1.00000
Base frequencies:  A: 0.281  C: 0.177  G: 0.255  T: 0.288
Site proportion and rates:  (0.510,0.088) (0.270,0.932) (0.199,2.767) (0.021,7.210)
Parameters optimization took 31 rounds (6.506 sec)
BEST SCORE FOUND : -15020.981
Creating bootstrap support values...
Split supports printed to NEXUS file 6527_iqtree_final_superstrict_excluding_hybrids.splits.nex
Total tree length: 3.094

Total number of iterations: 195
CPU time used for tree search: 363.791 sec (0h:6m:3s)
Wall-clock time used for tree search: 141.559 sec (0h:2m:21s)
Total CPU time used: 763.050 sec (0h:12m:43s)
Total wall-clock time used: 338.968 sec (0h:5m:38s)

Computing bootstrap consensus tree...
Reading input file 6527_iqtree_final_superstrict_excluding_hybrids.splits.nex...
123 taxa and 726 splits.
Consensus tree written to 6527_iqtree_final_superstrict_excluding_hybrids.contree
Reading input trees file 6527_iqtree_final_superstrict_excluding_hybrids.contree
Log-likelihood of consensus tree: -15022.411

Analysis results written to: 
  IQ-TREE report:                6527_iqtree_final_superstrict_excluding_hybrids.iqtree
  Maximum-likelihood tree:       6527_iqtree_final_superstrict_excluding_hybrids.treefile
  Likelihood distances:          6527_iqtree_final_superstrict_excluding_hybrids.mldist

Ultrafast bootstrap approximation results written to:
  Split support values:          6527_iqtree_final_superstrict_excluding_hybrids.splits.nex
  Consensus tree:                6527_iqtree_final_superstrict_excluding_hybrids.contree
  Screen log file:               6527_iqtree_final_superstrict_excluding_hybrids.log

ALISIM COMMAND
--------------
--alisim simulated_MSA -t 6527_iqtree_final_superstrict_excluding_hybrids.treefile -m "GTR{1.82251,4.14533,1.29289,1.58773,5.98125}+F{0.280532,0.177206,0.25472,0.287542}+R4{0.509898,0.0883915,0.270229,0.932034,0.198574,2.76718,0.0212995,7.21038}" --length 1011

Date and Time: Fri Jun  2 10:04:14 2023
