IQ-TREE multicore version 2.2.2 COVID-edition for Linux 64-bit built Sep 20 2022
Developed by Bui Quang Minh, James Barbetti, Nguyen Lam Tung,
Olga Chernomor, Heiko Schmidt, Dominik Schrempf, Michael Woodhams, Ly Trong Nhan.

Host:    netdc-bms-c11f (AVX2, FMA3, 377 GB RAM)
Command: /home/kasper.hendriks/iqtree-2.2.2-Linux/bin/iqtree2 -s 6552_taper_final_superstrict_excluding_hybrids.fasta -B 1000 -nm 1000 -m GTR+F+R -nt AUTO --prefix 6552_iqtree_final_superstrict_excluding_hybrids
Seed:    792677 (Using SPRNG - Scalable Parallel Random Number Generator)
Time:    Fri Jun  2 09:59:01 2023
Kernel:  AVX+FMA - auto-detect threads (56 CPU cores detected)

Reading alignment file 6552_taper_final_superstrict_excluding_hybrids.fasta ... Fasta format detected
Reading fasta file: done in 0.00126886 secs
Alignment most likely contains DNA/RNA sequences
Constructing alignment: done in 0.0030241 secs using 1069% CPU
Alignment has 119 sequences with 423 columns, 322 distinct patterns
176 parsimony-informative, 54 singleton sites, 193 constant sites
               Gap/Ambiguity  Composition  p-value
Analyzing sequences: done in 0.00183821 secs using 1257% CPU
   1  CRNC             0.00%    passed     57.97%
   2  HYZL             0.00%    passed     59.37%
   3  MYZV             0.00%    passed     76.42%
   4  SRR6441723       0.00%    passed     99.42%
   5  ERR4210213      80.14%    passed     26.71%
   6  ERR2789774       0.71%    passed     96.30%
   7  PAFTOL_019361    8.04%    passed     92.10%
   8  S0055            1.89%    passed     98.20%
   9  S0196sl         36.88%    passed     86.98%
  10  S0278            0.24%    passed     98.26%
  11  S0281            2.60%    passed     97.97%
  12  S0282            0.24%    passed     94.89%
  13  S0289            0.95%    passed     99.69%
  14  S0292            0.71%    passed     82.73%
  15  S0293           20.80%    passed     98.22%
  16  S0294            1.42%    passed     90.49%
  17  S0299            0.00%    passed     99.03%
  18  S0308            4.96%    passed     89.56%
  19  S0320            0.47%    passed     99.98%
  20  S0327            0.00%    passed     98.21%
  21  S0335            0.00%    passed     99.69%
  22  S0345           55.32%    passed     80.43%
  23  S0376            7.33%    passed     88.75%
  24  S0400            0.24%    passed     85.55%
  25  S0405            0.71%    passed     95.05%
  26  S0407sl          0.00%    passed     97.82%
  27  S0412sl         22.22%    passed     98.63%
  28  S0417            0.95%    passed     99.98%
  29  S0419            0.00%    passed     98.84%
  30  S0427            0.24%    passed     99.77%
  31  S0428sl         13.24%    passed     99.92%
  32  S0430            0.24%    passed     95.64%
  33  S0478            0.24%    passed     95.78%
  34  S0552sl          0.24%    passed     84.97%
  35  S0558            0.00%    passed     99.17%
  36  S0616            6.15%    passed     85.39%
  37  S0620            9.93%    passed     98.69%
  38  S0624            1.18%    passed     99.19%
  39  S0641            0.24%    passed     99.82%
  40  S0643            0.00%    passed     96.17%
  41  S0645sl          0.00%    passed     93.73%
  42  S0656sl          4.49%    passed     98.76%
  43  S0673            0.00%    passed     99.93%
  44  S0690           26.95%    passed     78.83%
  45  S0720            3.07%    passed     93.96%
  46  S0724sl          0.24%    passed     95.03%
  47  S0735            0.24%    passed     96.15%
  48  S0742            0.24%    passed     96.01%
  49  S0748            0.24%    passed     98.33%
  50  S0756            0.00%    passed     96.50%
  51  S0758            0.47%    passed     87.51%
  52  S0760            0.00%    passed     97.55%
  53  S0763            0.00%    passed     98.47%
  54  S0765            0.00%    passed     98.34%
  55  S0770            0.24%    passed     98.52%
  56  S0771            0.00%    passed     94.19%
  57  S0795            0.47%    passed     94.22%
  58  S0827            0.24%    passed     99.83%
  59  S0888            0.00%    passed     90.81%
  60  S0894            4.73%    passed     99.23%
  61  S0899            0.24%    passed     99.73%
  62  S0906            1.42%    passed     98.39%
  63  S0951           29.79%    passed     88.96%
  64  S0952            0.24%    passed     99.37%
  65  S0956            1.42%    passed     88.28%
  66  S0959            0.47%    passed     95.96%
  67  S0960            0.47%    passed     94.12%
  68  S0964            0.47%    passed     96.14%
  69  S1052sl          2.13%    passed     96.44%
  70  S1083            0.24%    passed     99.99%
  71  S1100            0.24%    passed     80.66%
  72  S1102            0.00%    passed     99.41%
  73  S1110            0.00%    passed     99.92%
  74  S1120            5.67%    passed     84.16%
  75  S1128            0.47%    passed     96.91%
  76  S1129sl          0.00%    passed     95.16%
  77  S1148            0.00%    passed     89.96%
  78  S1177            0.00%    passed     98.34%
  79  S1180            0.24%    passed     89.05%
  80  S1187sl         34.28%    passed     89.53%
  81  S1189            0.24%    passed     99.88%
  82  S1201sl          0.00%    passed     96.96%
  83  S1210            2.84%    passed     99.96%
  84  S1211            0.00%    passed     94.52%
  85  S1214sl          0.24%    passed     93.43%
  86  S1223            0.95%    passed     92.78%
  87  S1227            0.00%    passed     99.51%
  88  S1235sl          0.24%    passed     97.67%
  89  S1238sl          0.24%    passed     99.24%
  90  S1239            0.00%    passed     97.67%
  91  S1245            3.78%    passed     99.67%
  92  S1246            4.96%    passed     99.95%
  93  S1249            0.00%    passed     90.65%
  94  S1250sl          0.24%    passed     96.80%
  95  S1251            0.24%    passed     98.79%
  96  S1260            1.18%    passed     87.41%
  97  S1266sl          0.95%    passed     96.88%
  98  S1269            0.00%    passed     95.41%
  99  S1278            0.00%    passed     93.03%
 100  S1315            2.60%    passed     96.80%
 101  S1332            2.36%    passed     99.20%
 102  S1366            0.00%    passed     95.16%
 103  S1369            0.47%    passed     98.86%
 104  S1370            1.65%    passed     98.16%
 105  S1375            0.95%    passed     99.66%
 106  S1376            0.00%    passed     94.84%
 107  S1381            4.02%    passed     96.08%
 108  S1405            0.00%    passed     98.25%
 109  S1422            0.24%    passed     98.95%
 110  S1449            1.89%    passed     99.66%
 111  S1451            8.27%    passed     95.89%
 112  S1460            0.47%    passed     95.04%
 113  S1462            0.00%    passed     96.92%
 114  S1475           21.99%    passed     67.95%
 115  S1498            0.24%    passed     99.90%
 116  S1539            0.47%    passed     98.91%
 117  S_670            0.00%    passed     97.66%
 118  SRR11470320      0.00%    passed     99.64%
 119  SRR8528357       0.00%    passed     98.54%
WARNING: 2 sequences contain more than 50% gaps/ambiguity
****  TOTAL            3.86%  0 sequences failed composition chi2 test (p-value<5%; df=3)
Checking for duplicate sequences: done in 0.00141191 secs using 1369% CPU

Create initial parsimony tree by phylogenetic likelihood library (PLL)... 0.074 seconds
Generating 1000 samples for ultrafast bootstrap (seed: 792677)...

NOTE: 6 MB RAM (0 GB) is required!
Measuring multi-threading efficiency up to 56 CPU cores
Increase to 10 rounds for branch lengths
324 trees examined
Threads: 1 / Time: 56.004 sec / Speedup: 1.000 / Efficiency: 100% / LogL: -9370
Threads: 2 / Time: 55.813 sec / Speedup: 1.003 / Efficiency: 50% / LogL: -9370
Threads: 3 / Time: 62.272 sec / Speedup: 0.899 / Efficiency: 30% / LogL: -9370
Determining AUTO threadcount: done in 174.091 secs using 140.6% CPU
BEST NUMBER OF THREADS: 1

Estimate model parameters (epsilon = 0.100)
1. Initial log-likelihood: -5790.330
2. Current log-likelihood: -5496.909
3. Current log-likelihood: -5492.435
4. Current log-likelihood: -5490.391
5. Current log-likelihood: -5489.030
6. Current log-likelihood: -5488.043
7. Current log-likelihood: -5487.430
8. Current log-likelihood: -5486.919
9. Current log-likelihood: -5486.601
10. Current log-likelihood: -5486.342
11. Current log-likelihood: -5486.135
12. Current log-likelihood: -5485.964
13. Current log-likelihood: -5485.818
14. Current log-likelihood: -5485.694
15. Current log-likelihood: -5485.586
Optimal log-likelihood: -5485.448
Rate parameters:  A-C: 1.81986  A-G: 6.09371  A-T: 2.11583  C-G: 1.62341  C-T: 8.04138  G-T: 1.00000
Base frequencies:  A: 0.267  C: 0.183  G: 0.255  T: 0.295
Site proportion and rates:  (0.549,0.118) (0.036,0.266) (0.287,1.448) (0.128,3.988)
Parameters optimization took 15 rounds (3.764 sec)
Wrote distance file to... 
Computing ML distances based on estimated model parameters...
Calculating distance matrix: done in 0.197256 secs using 67.48% CPU
Computing ML distances took 0.197696 sec (of wall-clock time) 0.133453 sec (of CPU time)
Setting up auxiliary I and S matrices: done in 0.000993967 secs using 105.1% CPU
Constructing RapidNJ tree: done in 0.002285 secs using 96.98% CPU
Computing RapidNJ tree took 0.003392 sec (of wall-clock time) 0.003370 sec (of CPU time)
Log-likelihood of RapidNJ tree: -5517.178
--------------------------------------------------------------------
|             INITIALIZING CANDIDATE TREE SET                      |
--------------------------------------------------------------------
Generating 98 parsimony trees... 2.811 second
Computing log-likelihood of 98 initial trees ... 2.821 seconds
Current best score: -5476.454

Do NNI search on 20 best initial trees
Optimizing NNI: done in 0.623026 secs using 99.2% CPU
Estimate model parameters (epsilon = 0.100)
BETTER TREE FOUND at iteration 1: -5473.621
Optimizing NNI: done in 0.916786 secs using 68.71% CPU
Optimizing NNI: done in 0.75371 secs using 98.39% CPU
Estimate model parameters (epsilon = 0.100)
BETTER TREE FOUND at iteration 3: -5465.141
Optimizing NNI: done in 0.577513 secs using 100% CPU
Optimizing NNI: done in 0.671807 secs using 80.38% CPU
Optimizing NNI: done in 1.31914 secs using 50.18% CPU
Optimizing NNI: done in 0.878861 secs using 69.38% CPU
Optimizing NNI: done in 1.15594 secs using 70.01% CPU
Optimizing NNI: done in 0.803581 secs using 78.89% CPU
Optimizing NNI: done in 1.30924 secs using 49.4% CPU
Iteration 10 / LogL: -5473.005 / Time: 0h:3m:13s
Optimizing NNI: done in 0.857669 secs using 73.85% CPU
Optimizing NNI: done in 0.857949 secs using 67.8% CPU
Optimizing NNI: done in 1.05242 secs using 62.4% CPU
Optimizing NNI: done in 0.911017 secs using 69.91% CPU
Optimizing NNI: done in 1.13184 secs using 56.72% CPU
Optimizing NNI: done in 1.15073 secs using 60.3% CPU
Optimizing NNI: done in 0.653908 secs using 94.8% CPU
Optimizing NNI: done in 0.82176 secs using 100% CPU
Optimizing NNI: done in 0.851839 secs using 74.17% CPU
Optimizing NNI: done in 0.804221 secs using 90.05% CPU
Iteration 20 / LogL: -5471.106 / Time: 0h:3m:23s
Finish initializing candidate tree set (20)
Current best tree score: -5465.141 / CPU time: 24.683
Number of iterations: 20
--------------------------------------------------------------------
|               OPTIMIZING CANDIDATE TREE SET                      |
--------------------------------------------------------------------
Optimizing NNI: done in 0.606917 secs using 99.97% CPU
Optimizing NNI: done in 0.792642 secs using 88.05% CPU
Optimizing NNI: done in 0.883134 secs using 88.93% CPU
Optimizing NNI: done in 1.1063 secs using 63.95% CPU
Estimate model parameters (epsilon = 0.100)
BETTER TREE FOUND at iteration 24: -5463.620
Optimizing NNI: done in 0.565728 secs using 89.39% CPU
Optimizing NNI: done in 1.31168 secs using 57.73% CPU
Optimizing NNI: done in 0.797773 secs using 66.41% CPU
Optimizing NNI: done in 0.826439 secs using 75.26% CPU
Optimizing NNI: done in 1.08243 secs using 66.69% CPU
Optimizing NNI: done in 0.900804 secs using 99.68% CPU
Iteration 30 / LogL: -5471.926 / Time: 0h:3m:32s (0h:11m:28s left)
Optimizing NNI: done in 0.38816 secs using 98.32% CPU
Optimizing NNI: done in 0.746789 secs using 90.9% CPU
Optimizing NNI: done in 0.628103 secs using 97.89% CPU
Optimizing NNI: done in 0.990214 secs using 88.65% CPU
Optimizing NNI: done in 0.97151 secs using 82.99% CPU
Optimizing NNI: done in 1.21117 secs using 60.04% CPU
Optimizing NNI: done in 1.22149 secs using 62.33% CPU
Optimizing NNI: done in 1.02648 secs using 70.76% CPU
Optimizing NNI: done in 1.36565 secs using 61.82% CPU
Optimizing NNI: done in 1.08692 secs using 58.78% CPU
Iteration 40 / LogL: -5476.795 / Time: 0h:3m:42s (0h:7m:58s left)
Optimizing NNI: done in 1.34863 secs using 60.84% CPU
BETTER TREE FOUND at iteration 41: -5463.613
Optimizing NNI: done in 0.801184 secs using 99.95% CPU
Optimizing NNI: done in 0.776774 secs using 97.94% CPU
Optimizing NNI: done in 1.19158 secs using 65.09% CPU
Optimizing NNI: done in 0.686785 secs using 100% CPU
Optimizing NNI: done in 0.699538 secs using 100% CPU
Optimizing NNI: done in 1.09513 secs using 76.51% CPU
Optimizing NNI: done in 0.76674 secs using 98.48% CPU
Optimizing NNI: done in 0.733929 secs using 98.52% CPU
Optimizing NNI: done in 0.691933 secs using 99.84% CPU
Iteration 50 / LogL: -5464.373 / Time: 0h:3m:51s (0h:7m:9s left)
Log-likelihood cutoff on original alignment: -5501.329
Optimizing NNI: done in 0.78143 secs using 94.19% CPU
Optimizing NNI: done in 0.930377 secs using 96.24% CPU
Optimizing NNI: done in 1.13571 secs using 76.17% CPU
Optimizing NNI: done in 0.652517 secs using 99.49% CPU
Optimizing NNI: done in 0.715894 secs using 99.99% CPU
Optimizing NNI: done in 0.487717 secs using 99.88% CPU
Optimizing NNI: done in 0.809207 secs using 69.61% CPU
Optimizing NNI: done in 1.02526 secs using 69.02% CPU
Optimizing NNI: done in 0.919124 secs using 71.16% CPU
Optimizing NNI: done in 2.01246 secs using 49.28% CPU
Iteration 60 / LogL: -5463.617 / Time: 0h:4m:1s (0h:5m:31s left)
Optimizing NNI: done in 0.931342 secs using 78.07% CPU
Optimizing NNI: done in 1.15967 secs using 45.71% CPU
Optimizing NNI: done in 1.03195 secs using 74.49% CPU
Optimizing NNI: done in 0.775556 secs using 72.23% CPU
Optimizing NNI: done in 1.62205 secs using 46.32% CPU
Optimizing NNI: done in 1.02613 secs using 53.15% CPU
Optimizing NNI: done in 1.12076 secs using 72.37% CPU
Optimizing NNI: done in 0.9946 secs using 64.2% CPU
Optimizing NNI: done in 1.52495 secs using 58.81% CPU
Optimizing NNI: done in 0.90014 secs using 70.96% CPU
Iteration 70 / LogL: -5463.777 / Time: 0h:4m:13s (0h:4m:20s left)
Optimizing NNI: done in 1.50642 secs using 51.18% CPU
Optimizing NNI: done in 0.925998 secs using 78.41% CPU
Optimizing NNI: done in 1.25134 secs using 52.69% CPU
Optimizing NNI: done in 1.20124 secs using 62.37% CPU
Optimizing NNI: done in 0.92366 secs using 86.15% CPU
Optimizing NNI: done in 1.24648 secs using 63.36% CPU
Optimizing NNI: done in 1.174 secs using 60.13% CPU
Optimizing NNI: done in 0.724257 secs using 56.54% CPU
Optimizing NNI: done in 1.14047 secs using 55.88% CPU
Optimizing NNI: done in 0.707602 secs using 99.95% CPU
Iteration 80 / LogL: -5477.664 / Time: 0h:4m:24s (0h:3m:24s left)
Optimizing NNI: done in 1.26099 secs using 70.28% CPU
Optimizing NNI: done in 0.589865 secs using 99.14% CPU
Optimizing NNI: done in 0.677451 secs using 93.4% CPU
Optimizing NNI: done in 0.717726 secs using 100% CPU
Optimizing NNI: done in 0.84804 secs using 72.22% CPU
Optimizing NNI: done in 0.660994 secs using 100% CPU
Optimizing NNI: done in 0.695921 secs using 100% CPU
Optimizing NNI: done in 0.691576 secs using 99.99% CPU
Optimizing NNI: done in 0.718338 secs using 100% CPU
Optimizing NNI: done in 0.84391 secs using 86.28% CPU
Iteration 90 / LogL: -5464.991 / Time: 0h:4m:32s (0h:2m:36s left)
Optimizing NNI: done in 1.0798 secs using 69.66% CPU
Optimizing NNI: done in 0.679565 secs using 100% CPU
Optimizing NNI: done in 0.656074 secs using 100% CPU
Optimizing NNI: done in 0.566257 secs using 99.95% CPU
Optimizing NNI: done in 1.10975 secs using 59.58% CPU
Optimizing NNI: done in 1.63664 secs using 51.49% CPU
Optimizing NNI: done in 1.08113 secs using 75.21% CPU
Optimizing NNI: done in 1.01158 secs using 66.41% CPU
Optimizing NNI: done in 0.640955 secs using 95.32% CPU
Optimizing NNI: done in 0.94921 secs using 92.61% CPU
Iteration 100 / LogL: -5467.159 / Time: 0h:4m:42s (0h:1m:56s left)
Log-likelihood cutoff on original alignment: -5500.530
NOTE: Bootstrap correlation coefficient of split occurrence frequencies: 0.996
Optimizing NNI: done in 1.17634 secs using 57.47% CPU
Optimizing NNI: done in 1.26025 secs using 65.15% CPU
Optimizing NNI: done in 0.701385 secs using 66.96% CPU
Optimizing NNI: done in 1.60929 secs using 52.78% CPU
Optimizing NNI: done in 1.11147 secs using 80.21% CPU
Optimizing NNI: done in 0.863022 secs using 83.32% CPU
Optimizing NNI: done in 0.884842 secs using 85.53% CPU
Optimizing NNI: done in 0.718711 secs using 91.1% CPU
Optimizing NNI: done in 0.771558 secs using 66.17% CPU
Optimizing NNI: done in 1.36055 secs using 63.39% CPU
Iteration 110 / LogL: -5464.376 / Time: 0h:4m:53s (0h:4m:2s left)
Optimizing NNI: done in 0.49105 secs using 100% CPU
Optimizing NNI: done in 1.10608 secs using 60.89% CPU
Optimizing NNI: done in 1.43174 secs using 61.46% CPU
Optimizing NNI: done in 1.24432 secs using 64.61% CPU
Optimizing NNI: done in 0.940572 secs using 73.93% CPU
Optimizing NNI: done in 1.07326 secs using 72.31% CPU
Optimizing NNI: done in 1.01469 secs using 59.22% CPU
Optimizing NNI: done in 1.05582 secs using 72.97% CPU
Optimizing NNI: done in 0.716032 secs using 100% CPU
Optimizing NNI: done in 0.575865 secs using 95.77% CPU
Iteration 120 / LogL: -5463.778 / Time: 0h:5m:3s (0h:3m:24s left)
Optimizing NNI: done in 0.915201 secs using 66.76% CPU
Optimizing NNI: done in 0.904751 secs using 65.06% CPU
Optimizing NNI: done in 0.852228 secs using 78.75% CPU
Optimizing NNI: done in 1.32662 secs using 65.63% CPU
Optimizing NNI: done in 1.31193 secs using 69.14% CPU
Optimizing NNI: done in 1.35382 secs using 61.97% CPU
Optimizing NNI: done in 0.920876 secs using 83.06% CPU
Optimizing NNI: done in 0.940458 secs using 70.66% CPU
Optimizing NNI: done in 1.07607 secs using 82.72% CPU
Optimizing NNI: done in 0.641993 secs using 94.99% CPU
Iteration 130 / LogL: -5463.619 / Time: 0h:5m:14s (0h:2m:50s left)
Optimizing NNI: done in 0.985545 secs using 77.64% CPU
Optimizing NNI: done in 0.851019 secs using 75.08% CPU
Optimizing NNI: done in 0.733209 secs using 91.8% CPU
Optimizing NNI: done in 0.765761 secs using 92.16% CPU
Optimizing NNI: done in 0.96166 secs using 54.04% CPU
Optimizing NNI: done in 0.485706 secs using 90.96% CPU
Optimizing NNI: done in 1.12217 secs using 86.1% CPU
Optimizing NNI: done in 0.816815 secs using 91.88% CPU
Optimizing NNI: done in 0.891752 secs using 85.68% CPU
Optimizing NNI: done in 1.01533 secs using 77.78% CPU
Iteration 140 / LogL: -5475.411 / Time: 0h:5m:23s (0h:2m:19s left)
Optimizing NNI: done in 0.63758 secs using 87.61% CPU
Optimizing NNI: done in 0.870653 secs using 88.78% CPU
TREE SEARCH COMPLETED AFTER 142 ITERATIONS / Time: 0h:5m:24s

--------------------------------------------------------------------
|                    FINALIZING TREE SEARCH                        |
--------------------------------------------------------------------
Performs final model parameters optimization
Estimate model parameters (epsilon = 0.010)
1. Initial log-likelihood: -5463.613
2. Current log-likelihood: -5463.580
3. Current log-likelihood: -5463.540
4. Current log-likelihood: -5463.504
5. Current log-likelihood: -5463.473
6. Current log-likelihood: -5463.453
7. Current log-likelihood: -5463.427
8. Current log-likelihood: -5463.411
9. Current log-likelihood: -5463.395
10. Current log-likelihood: -5463.382
11. Current log-likelihood: -5463.369
12. Current log-likelihood: -5463.358
13. Current log-likelihood: -5463.347
Optimal log-likelihood: -5463.332
Rate parameters:  A-C: 1.80573  A-G: 6.08781  A-T: 2.14211  C-G: 1.57184  C-T: 8.12378  G-T: 1.00000
Base frequencies:  A: 0.267  C: 0.183  G: 0.255  T: 0.295
Site proportion and rates:  (0.550,0.102) (0.015,0.229) (0.292,1.303) (0.144,3.904)
Parameters optimization took 13 rounds (2.427 sec)
BEST SCORE FOUND : -5463.332
Creating bootstrap support values...
Split supports printed to NEXUS file 6552_iqtree_final_superstrict_excluding_hybrids.splits.nex
Total tree length: 2.501

Total number of iterations: 142
CPU time used for tree search: 108.577 sec (0h:1m:48s)
Wall-clock time used for tree search: 146.276 sec (0h:2m:26s)
Total CPU time used: 361.280 sec (0h:6m:1s)
Total wall-clock time used: 327.853 sec (0h:5m:27s)

Computing bootstrap consensus tree...
Reading input file 6552_iqtree_final_superstrict_excluding_hybrids.splits.nex...
119 taxa and 1013 splits.
Consensus tree written to 6552_iqtree_final_superstrict_excluding_hybrids.contree
Reading input trees file 6552_iqtree_final_superstrict_excluding_hybrids.contree
Log-likelihood of consensus tree: -5463.525

Analysis results written to: 
  IQ-TREE report:                6552_iqtree_final_superstrict_excluding_hybrids.iqtree
  Maximum-likelihood tree:       6552_iqtree_final_superstrict_excluding_hybrids.treefile
  Likelihood distances:          6552_iqtree_final_superstrict_excluding_hybrids.mldist

Ultrafast bootstrap approximation results written to:
  Split support values:          6552_iqtree_final_superstrict_excluding_hybrids.splits.nex
  Consensus tree:                6552_iqtree_final_superstrict_excluding_hybrids.contree
  Screen log file:               6552_iqtree_final_superstrict_excluding_hybrids.log

ALISIM COMMAND
--------------
--alisim simulated_MSA -t 6552_iqtree_final_superstrict_excluding_hybrids.treefile -m "GTR{1.80573,6.08781,2.14211,1.57184,8.12378}+F{0.266965,0.183314,0.254847,0.294873}+R4{0.549666,0.101517,0.0149513,0.229066,0.291759,1.30251,0.143623,3.90434}" --length 423

Date and Time: Fri Jun  2 10:04:30 2023
