IQ-TREE multicore version 2.2.2 COVID-edition for Linux 64-bit built Sep 20 2022
Developed by Bui Quang Minh, James Barbetti, Nguyen Lam Tung,
Olga Chernomor, Heiko Schmidt, Dominik Schrempf, Michael Woodhams, Ly Trong Nhan.

Host:    netdc-bms-c11f (AVX2, FMA3, 377 GB RAM)
Command: /home/kasper.hendriks/iqtree-2.2.2-Linux/bin/iqtree2 -s 6705_taper_final_superstrict_excluding_hybrids.fasta -B 1000 -nm 1000 -m GTR+F+R -nt AUTO --prefix 6705_iqtree_final_superstrict_excluding_hybrids
Seed:    893592 (Using SPRNG - Scalable Parallel Random Number Generator)
Time:    Fri Jun  2 10:00:23 2023
Kernel:  AVX+FMA - auto-detect threads (56 CPU cores detected)

Reading alignment file 6705_taper_final_superstrict_excluding_hybrids.fasta ... Fasta format detected
Reading fasta file: done in 0.000279903 secs using 99.32% CPU
Alignment most likely contains DNA/RNA sequences
Constructing alignment: done in 0.00131106 secs using 1415% CPU
Alignment has 39 sequences with 224 columns, 147 distinct patterns
86 parsimony-informative, 29 singleton sites, 109 constant sites
             Gap/Ambiguity  Composition  p-value
Analyzing sequences: done in 0.00799608 secs using 1251% CPU
   1  CRNC           0.00%    passed     68.40%
   2  HYZL           6.70%    passed     74.43%
   3  MYZV           4.91%    passed     94.20%
   4  SRR6441723     0.00%    passed     91.86%
   5  ERR4210213    58.04%    passed     75.84%
   6  S0282          0.00%    passed     95.78%
   7  S0335          0.00%    passed     93.79%
   8  S0405          0.00%    passed     92.86%
   9  S0552sl        0.00%    passed     92.87%
  10  S0558          0.00%    passed     89.17%
  11  S0689          0.45%    passed     96.92%
  12  S0720          1.34%    passed     61.67%
  13  S0742          0.00%    passed     98.42%
  14  S0756          0.00%    passed     95.83%
  15  S0760          2.68%    passed     96.83%
  16  S0763          0.00%    passed     95.17%
  17  S0771          0.00%    passed     57.26%
  18  S0959          0.00%    passed     97.05%
  19  S0960          0.45%    passed     94.62%
  20  S1052sl        0.89%    passed     45.46%
  21  S1083          0.00%    passed     21.67%
  22  S1128          0.00%    passed     78.87%
  23  S1129sl        0.89%    passed     75.91%
  24  S1201sl        0.00%    passed     94.18%
  25  S1227          0.00%    passed     78.96%
  26  S1332          0.00%    passed     91.13%
  27  S1369          8.48%    passed     99.27%
  28  S1370          3.12%    passed     83.20%
  29  S1375          0.00%    passed     97.81%
  30  S1381          3.12%    passed     93.39%
  31  S1449          0.00%    passed     90.32%
  32  S1460          0.00%    passed     94.88%
  33  S1462          3.57%    passed     89.91%
  34  S1498          8.04%    passed     26.46%
  35  S_670          0.89%    passed     94.22%
  36  SRR11470320    0.00%    passed     28.42%
  37  SRR8528357     0.00%    passed     77.98%
  38  SRR8528359     0.89%    passed     97.59%
  39  SRR8528361     0.00%    passed     96.09%
WARNING: 1 sequences contain more than 50% gaps/ambiguity
****  TOTAL          2.68%  0 sequences failed composition chi2 test (p-value<5%; df=3)
Checking for duplicate sequences: done in 0.00430799 secs using 1481% CPU

Create initial parsimony tree by phylogenetic likelihood library (PLL)... 0.015 seconds
Generating 1000 samples for ultrafast bootstrap (seed: 893592)...

NOTE: 1 MB RAM (0 GB) is required!
Measuring multi-threading efficiency up to 56 CPU cores
Increase to 10 rounds for branch lengths
2455 trees examined
Threads: 1 / Time: 56.033 sec / Speedup: 1.000 / Efficiency: 100% / LogL: -2488
Threads: 2 / Time: 58.384 sec / Speedup: 0.960 / Efficiency: 48% / LogL: -2488
Determining AUTO threadcount: done in 114.417 secs using 108.8% CPU
BEST NUMBER OF THREADS: 1

Estimate model parameters (epsilon = 0.100)
1. Initial log-likelihood: -1884.761
2. Current log-likelihood: -1831.924
3. Current log-likelihood: -1829.694
4. Current log-likelihood: -1829.003
5. Current log-likelihood: -1828.488
6. Current log-likelihood: -1827.987
7. Current log-likelihood: -1827.461
8. Current log-likelihood: -1826.926
9. Current log-likelihood: -1826.426
10. Current log-likelihood: -1825.996
11. Current log-likelihood: -1825.663
12. Current log-likelihood: -1825.419
13. Current log-likelihood: -1825.250
14. Current log-likelihood: -1825.136
Optimal log-likelihood: -1825.048
Rate parameters:  A-C: 0.97466  A-G: 2.39738  A-T: 0.87482  C-G: 0.82764  C-T: 2.90637  G-T: 1.00000
Base frequencies:  A: 0.265  C: 0.272  G: 0.268  T: 0.195
Site proportion and rates:  (0.505,0.119) (0.095,0.258) (0.351,1.795) (0.049,5.867)
Parameters optimization took 14 rounds (0.514 sec)
Wrote distance file to... 
Computing ML distances based on estimated model parameters...
Calculating distance matrix: done in 0.012655 secs using 99.69% CPU
Computing ML distances took 0.012813 sec (of wall-clock time) 0.012775 sec (of CPU time)
Setting up auxiliary I and S matrices: done in 0.000239134 secs using 99.94% CPU
Constructing RapidNJ tree: done in 0.000437021 secs using 99.77% CPU
Computing RapidNJ tree took 0.000768 sec (of wall-clock time) 0.000766 sec (of CPU time)
Log-likelihood of RapidNJ tree: -1844.046
--------------------------------------------------------------------
|             INITIALIZING CANDIDATE TREE SET                      |
--------------------------------------------------------------------
Generating 98 parsimony trees... 0.328 second
Computing log-likelihood of 98 initial trees ... 0.546 seconds
Current best score: -1825.048

Do NNI search on 20 best initial trees
Optimizing NNI: done in 0.0699992 secs using 54.29% CPU
Estimate model parameters (epsilon = 0.100)
BETTER TREE FOUND at iteration 1: -1824.986
Optimizing NNI: done in 0.11931 secs using 73.17% CPU
Estimate model parameters (epsilon = 0.100)
BETTER TREE FOUND at iteration 2: -1824.605
Optimizing NNI: done in 0.093461 secs using 100% CPU
Optimizing NNI: done in 0.17038 secs using 53.04% CPU
Optimizing NNI: done in 0.0893528 secs using 99.98% CPU
Optimizing NNI: done in 0.0840838 secs using 100% CPU
Optimizing NNI: done in 0.0928538 secs using 100% CPU
Optimizing NNI: done in 0.0935209 secs using 100% CPU
BETTER TREE FOUND at iteration 8: -1824.602
Optimizing NNI: done in 0.091759 secs using 100% CPU
Optimizing NNI: done in 0.0839 secs using 100% CPU
Iteration 10 / LogL: -1825.019 / Time: 0h:1m:57s
Optimizing NNI: done in 0.092766 secs using 95.72% CPU
Optimizing NNI: done in 0.088268 secs using 99.98% CPU
Optimizing NNI: done in 0.115408 secs using 100% CPU
Optimizing NNI: done in 0.116197 secs using 100% CPU
Optimizing NNI: done in 0.09653 secs using 99.99% CPU
Optimizing NNI: done in 0.0800781 secs using 99.99% CPU
Optimizing NNI: done in 0.0898612 secs using 99.96% CPU
Optimizing NNI: done in 0.082669 secs using 100% CPU
Optimizing NNI: done in 0.086267 secs using 100% CPU
Optimizing NNI: done in 0.104282 secs using 100% CPU
Iteration 20 / LogL: -1829.272 / Time: 0h:1m:58s
Finish initializing candidate tree set (17)
Current best tree score: -1824.602 / CPU time: 3.008
Number of iterations: 20
--------------------------------------------------------------------
|               OPTIMIZING CANDIDATE TREE SET                      |
--------------------------------------------------------------------
Optimizing NNI: done in 0.125072 secs using 74.42% CPU
Optimizing NNI: done in 0.086786 secs using 100% CPU
Optimizing NNI: done in 0.0938909 secs using 100% CPU
UPDATE BEST LOG-LIKELIHOOD: -1824.601
Optimizing NNI: done in 0.079211 secs using 99.93% CPU
Optimizing NNI: done in 0.0888739 secs using 100% CPU
Estimate model parameters (epsilon = 0.100)
BETTER TREE FOUND at iteration 25: -1824.363
Optimizing NNI: done in 0.0590329 secs using 99.83% CPU
Optimizing NNI: done in 0.0632818 secs using 99.98% CPU
Optimizing NNI: done in 0.070467 secs using 99.93% CPU
Optimizing NNI: done in 0.0756741 secs using 100% CPU
Optimizing NNI: done in 0.112859 secs using 99.99% CPU
Iteration 30 / LogL: -1833.335 / Time: 0h:1m:59s (0h:6m:29s left)
Optimizing NNI: done in 0.091609 secs using 100% CPU
Optimizing NNI: done in 0.083766 secs using 100% CPU
Optimizing NNI: done in 0.0580881 secs using 100% CPU
Optimizing NNI: done in 0.083806 secs using 100% CPU
Estimate model parameters (epsilon = 0.100)
BETTER TREE FOUND at iteration 34: -1823.392
Optimizing NNI: done in 0.0909419 secs using 99.87% CPU
Optimizing NNI: done in 0.0815399 secs using 100% CPU
Optimizing NNI: done in 0.0964789 secs using 100% CPU
Optimizing NNI: done in 0.0831971 secs using 99.95% CPU
Optimizing NNI: done in 0.0917451 secs using 100% CPU
Optimizing NNI: done in 0.123449 secs using 100% CPU
Iteration 40 / LogL: -1824.564 / Time: 0h:2m:0s (0h:4m:49s left)
Optimizing NNI: done in 0.121421 secs using 99.43% CPU
Optimizing NNI: done in 0.081105 secs using 98.27% CPU
Optimizing NNI: done in 0.102536 secs using 99.9% CPU
Optimizing NNI: done in 0.084285 secs using 100% CPU
Optimizing NNI: done in 0.090179 secs using 100% CPU
Optimizing NNI: done in 0.0876091 secs using 99.98% CPU
Optimizing NNI: done in 0.091948 secs using 100% CPU
BETTER TREE FOUND at iteration 47: -1823.391
Optimizing NNI: done in 0.16444 secs using 70.81% CPU
Optimizing NNI: done in 0.120831 secs using 60.28% CPU
Optimizing NNI: done in 0.136042 secs using 82.17% CPU
Iteration 50 / LogL: -1824.011 / Time: 0h:2m:1s (0h:3m:59s left)
Log-likelihood cutoff on original alignment: -1845.656
Optimizing NNI: done in 0.180576 secs using 53.56% CPU
Optimizing NNI: done in 0.189697 secs using 49.39% CPU
UPDATE BEST LOG-LIKELIHOOD: -1823.391
Optimizing NNI: done in 0.169614 secs using 71.62% CPU
Optimizing NNI: done in 0.244591 secs using 64.93% CPU
Optimizing NNI: done in 0.142818 secs using 66.38% CPU
Optimizing NNI: done in 0.0505409 secs using 100% CPU
Optimizing NNI: done in 0.179899 secs using 60.76% CPU
Optimizing NNI: done in 0.121852 secs using 73.74% CPU
Optimizing NNI: done in 0.095772 secs using 83.29% CPU
Optimizing NNI: done in 0.217954 secs using 51.58% CPU
Iteration 60 / LogL: -1824.016 / Time: 0h:2m:3s (0h:3m:1s left)
Optimizing NNI: done in 0.0971661 secs using 83.54% CPU
Optimizing NNI: done in 0.136947 secs using 64.95% CPU
Optimizing NNI: done in 0.132431 secs using 63.76% CPU
Optimizing NNI: done in 0.128943 secs using 69.35% CPU
Optimizing NNI: done in 0.312674 secs using 33.93% CPU
Optimizing NNI: done in 0.154649 secs using 43.4% CPU
Optimizing NNI: done in 0.204323 secs using 49.39% CPU
Optimizing NNI: done in 0.121786 secs using 91.62% CPU
Optimizing NNI: done in 0.126091 secs using 49.94% CPU
BETTER TREE FOUND at iteration 69: -1823.390
Optimizing NNI: done in 0.120926 secs using 73.53% CPU
Iteration 70 / LogL: -1823.391 / Time: 0h:2m:4s (0h:2m:59s left)
Optimizing NNI: done in 0.162138 secs using 50.66% CPU
Optimizing NNI: done in 0.229764 secs using 49.51% CPU
Optimizing NNI: done in 0.206084 secs using 47.07% CPU
Optimizing NNI: done in 0.147773 secs using 56.69% CPU
Optimizing NNI: done in 0.115902 secs using 100% CPU
Optimizing NNI: done in 0.0780659 secs using 99.95% CPU
Optimizing NNI: done in 0.252383 secs using 28.31% CPU
Optimizing NNI: done in 0.204933 secs using 38.87% CPU
Optimizing NNI: done in 0.106792 secs using 88.67% CPU
Optimizing NNI: done in 0.13428 secs using 64.25% CPU
Iteration 80 / LogL: -1824.018 / Time: 0h:2m:6s (0h:2m:22s left)
Optimizing NNI: done in 0.0607929 secs using 100% CPU
Optimizing NNI: done in 0.121743 secs using 60.57% CPU
Optimizing NNI: done in 0.0595961 secs using 100% CPU
Optimizing NNI: done in 0.182561 secs using 49.85% CPU
Optimizing NNI: done in 0.0850689 secs using 100% CPU
Optimizing NNI: done in 0.119536 secs using 59.74% CPU
UPDATE BEST LOG-LIKELIHOOD: -1823.389
Optimizing NNI: done in 0.113198 secs using 75.25% CPU
Optimizing NNI: done in 0.201824 secs using 50.38% CPU
Optimizing NNI: done in 0.133273 secs using 77.83% CPU
Optimizing NNI: done in 0.175181 secs using 61.16% CPU
Iteration 90 / LogL: -1824.015 / Time: 0h:2m:8s (0h:1m:53s left)
Optimizing NNI: done in 0.103309 secs using 99.98% CPU
Optimizing NNI: done in 0.212139 secs using 55.99% CPU
Optimizing NNI: done in 0.096015 secs using 99.96% CPU
Optimizing NNI: done in 0.12027 secs using 60.07% CPU
Optimizing NNI: done in 0.113431 secs using 84.11% CPU
Optimizing NNI: done in 0.141781 secs using 68.48% CPU
Optimizing NNI: done in 0.114426 secs using 58.05% CPU
Optimizing NNI: done in 0.222699 secs using 63.6% CPU
Optimizing NNI: done in 0.174751 secs using 63.21% CPU
Optimizing NNI: done in 0.128655 secs using 62.69% CPU
Iteration 100 / LogL: -1823.391 / Time: 0h:2m:9s (0h:1m:30s left)
Log-likelihood cutoff on original alignment: -1845.656
NOTE: Bootstrap correlation coefficient of split occurrence frequencies: 0.988
NOTE: UFBoot does not converge, continue at least 100 more iterations
Optimizing NNI: done in 0.114895 secs using 62.6% CPU
Optimizing NNI: done in 0.139954 secs using 53.73% CPU
Optimizing NNI: done in 0.125401 secs using 61.2% CPU
Optimizing NNI: done in 0.148714 secs using 89.2% CPU
UPDATE BEST LOG-LIKELIHOOD: -1823.389
Optimizing NNI: done in 0.116082 secs using 57.31% CPU
Optimizing NNI: done in 0.0761151 secs using 99.39% CPU
Optimizing NNI: done in 0.229168 secs using 57.4% CPU
Optimizing NNI: done in 0.133913 secs using 69.71% CPU
Optimizing NNI: done in 0.095361 secs using 98.59% CPU
Optimizing NNI: done in 0.163364 secs using 60.19% CPU
Iteration 110 / LogL: -1823.392 / Time: 0h:2m:11s (0h:1m:48s left)
Optimizing NNI: done in 0.0956271 secs using 45.8% CPU
Optimizing NNI: done in 0.102659 secs using 99.99% CPU
Optimizing NNI: done in 0.171724 secs using 53.34% CPU
Optimizing NNI: done in 0.181193 secs using 60.4% CPU
Optimizing NNI: done in 0.232611 secs using 51.95% CPU
Optimizing NNI: done in 0.244392 secs using 51.36% CPU
Optimizing NNI: done in 0.139264 secs using 47.58% CPU
Optimizing NNI: done in 0.188118 secs using 51.6% CPU
Estimate model parameters (epsilon = 0.100)
BETTER TREE FOUND at iteration 118: -1823.351
Optimizing NNI: done in 0.140711 secs using 50.55% CPU
Optimizing NNI: done in 0.192171 secs using 46.47% CPU
Iteration 120 / LogL: -1823.995 / Time: 0h:2m:13s (0h:1m:50s left)
Optimizing NNI: done in 0.173373 secs using 50% CPU
Optimizing NNI: done in 0.125341 secs using 48.94% CPU
Optimizing NNI: done in 0.136876 secs using 68.75% CPU
BETTER TREE FOUND at iteration 123: -1823.348
Optimizing NNI: done in 0.140064 secs using 77.15% CPU
Optimizing NNI: done in 0.134694 secs using 61.84% CPU
Optimizing NNI: done in 0.0803671 secs using 100% CPU
Optimizing NNI: done in 0.0704989 secs using 100% CPU
Optimizing NNI: done in 0.159459 secs using 69.14% CPU
Optimizing NNI: done in 0.0627432 secs using 100% CPU
Optimizing NNI: done in 0.090338 secs using 100% CPU
Iteration 130 / LogL: -1823.363 / Time: 0h:2m:15s (0h:1m:37s left)
Optimizing NNI: done in 0.0911222 secs using 100% CPU
Optimizing NNI: done in 0.0818622 secs using 100% CPU
Optimizing NNI: done in 0.109753 secs using 99.96% CPU
Optimizing NNI: done in 0.0801499 secs using 100% CPU
Optimizing NNI: done in 0.0784149 secs using 100% CPU
Optimizing NNI: done in 0.0933192 secs using 100% CPU
Optimizing NNI: done in 0.0650039 secs using 99.97% CPU
Optimizing NNI: done in 0.113951 secs using 100% CPU
Optimizing NNI: done in 0.061856 secs using 100% CPU
Optimizing NNI: done in 0.110373 secs using 71.01% CPU
Iteration 140 / LogL: -1823.363 / Time: 0h:2m:16s (0h:1m:21s left)
Optimizing NNI: done in 0.151177 secs using 52.38% CPU
Optimizing NNI: done in 0.141057 secs using 77.31% CPU
Optimizing NNI: done in 0.141798 secs using 57.67% CPU
UPDATE BEST LOG-LIKELIHOOD: -1823.348
Optimizing NNI: done in 0.082803 secs using 99.96% CPU
Optimizing NNI: done in 0.177161 secs using 63.85% CPU
Optimizing NNI: done in 0.149916 secs using 66.72% CPU
Optimizing NNI: done in 0.16737 secs using 52.3% CPU
Optimizing NNI: done in 0.113335 secs using 99.98% CPU
Optimizing NNI: done in 0.271731 secs using 51.41% CPU
Optimizing NNI: done in 0.130953 secs using 48.13% CPU
Iteration 150 / LogL: -1832.815 / Time: 0h:2m:17s (0h:1m:7s left)
Log-likelihood cutoff on original alignment: -1846.250
Optimizing NNI: done in 0.137121 secs using 88.31% CPU
Optimizing NNI: done in 0.114839 secs using 58.2% CPU
Optimizing NNI: done in 0.132013 secs using 72.73% CPU
Optimizing NNI: done in 0.103783 secs using 98.41% CPU
Optimizing NNI: done in 0.0972991 secs using 100% CPU
Optimizing NNI: done in 0.104196 secs using 100% CPU
Optimizing NNI: done in 0.050791 secs using 100% CPU
Optimizing NNI: done in 0.0540969 secs using 100% CPU
Optimizing NNI: done in 0.120141 secs using 75.46% CPU
Optimizing NNI: done in 0.065654 secs using 100% CPU
Iteration 160 / LogL: -1823.361 / Time: 0h:2m:19s (0h:0m:55s left)
Optimizing NNI: done in 0.0779459 secs using 100% CPU
Optimizing NNI: done in 0.197991 secs using 59.03% CPU
Optimizing NNI: done in 0.0746021 secs using 100% CPU
Optimizing NNI: done in 0.127557 secs using 100% CPU
Optimizing NNI: done in 0.053777 secs using 100% CPU
Optimizing NNI: done in 0.063283 secs using 100% CPU
Optimizing NNI: done in 0.0807321 secs using 100% CPU
Optimizing NNI: done in 0.0790401 secs using 100% CPU
Optimizing NNI: done in 0.0844359 secs using 100% CPU
Optimizing NNI: done in 0.0989599 secs using 100% CPU
Iteration 170 / LogL: -1823.349 / Time: 0h:2m:20s (0h:0m:44s left)
Optimizing NNI: done in 0.0650952 secs using 100% CPU
Optimizing NNI: done in 0.072963 secs using 100% CPU
Optimizing NNI: done in 0.0993152 secs using 100% CPU
Optimizing NNI: done in 0.113745 secs using 100% CPU
Optimizing NNI: done in 0.0827279 secs using 100% CPU
Optimizing NNI: done in 0.129895 secs using 99.99% CPU
Optimizing NNI: done in 0.117141 secs using 79.55% CPU
Optimizing NNI: done in 0.223997 secs using 58.88% CPU
Optimizing NNI: done in 0.118681 secs using 80.03% CPU
Optimizing NNI: done in 0.0780721 secs using 98.46% CPU
Iteration 180 / LogL: -1823.395 / Time: 0h:2m:21s (0h:0m:34s left)
Optimizing NNI: done in 0.0931871 secs using 100% CPU
Optimizing NNI: done in 0.106601 secs using 100% CPU
Optimizing NNI: done in 0.08971 secs using 100% CPU
Optimizing NNI: done in 0.0629439 secs using 100% CPU
Optimizing NNI: done in 0.0698869 secs using 100% CPU
Optimizing NNI: done in 0.106354 secs using 99.93% CPU
Optimizing NNI: done in 0.116409 secs using 100% CPU
Optimizing NNI: done in 0.0830431 secs using 100% CPU
Optimizing NNI: done in 0.121048 secs using 99.99% CPU
Optimizing NNI: done in 0.08745 secs using 100% CPU
Iteration 190 / LogL: -1823.349 / Time: 0h:2m:22s (0h:0m:24s left)
Optimizing NNI: done in 0.0923841 secs using 100% CPU
Optimizing NNI: done in 0.123471 secs using 100% CPU
Optimizing NNI: done in 0.083683 secs using 100% CPU
Optimizing NNI: done in 0.0931211 secs using 100% CPU
Optimizing NNI: done in 0.0972049 secs using 100% CPU
Optimizing NNI: done in 0.064342 secs using 100% CPU
Optimizing NNI: done in 0.082577 secs using 100% CPU
Optimizing NNI: done in 0.0655689 secs using 100% CPU
Optimizing NNI: done in 0.0728729 secs using 100% CPU
Optimizing NNI: done in 0.0802338 secs using 100% CPU
Iteration 200 / LogL: -1823.362 / Time: 0h:2m:23s (0h:0m:16s left)
Log-likelihood cutoff on original alignment: -1846.718
NOTE: Bootstrap correlation coefficient of split occurrence frequencies: 0.994
Optimizing NNI: done in 0.0676541 secs using 100% CPU
Optimizing NNI: done in 0.0966952 secs using 100% CPU
Optimizing NNI: done in 0.118007 secs using 99.97% CPU
Optimizing NNI: done in 0.0861309 secs using 100% CPU
Optimizing NNI: done in 0.0791991 secs using 100% CPU
Optimizing NNI: done in 0.0754619 secs using 100% CPU
Optimizing NNI: done in 0.0808361 secs using 100% CPU
Optimizing NNI: done in 0.070333 secs using 100% CPU
Optimizing NNI: done in 0.082762 secs using 100% CPU
Optimizing NNI: done in 0.062948 secs using 100% CPU
Iteration 210 / LogL: -1823.350 / Time: 0h:2m:25s (0h:1m:2s left)
Optimizing NNI: done in 0.0887251 secs using 100% CPU
Optimizing NNI: done in 0.0676811 secs using 100% CPU
Optimizing NNI: done in 0.0654359 secs using 100% CPU
Optimizing NNI: done in 0.081666 secs using 100% CPU
Optimizing NNI: done in 0.091182 secs using 100% CPU
Optimizing NNI: done in 0.0601211 secs using 100% CPU
Optimizing NNI: done in 0.0865889 secs using 100% CPU
Optimizing NNI: done in 0.0859911 secs using 95.44% CPU
Optimizing NNI: done in 0.091723 secs using 99.99% CPU
Optimizing NNI: done in 0.104275 secs using 99.99% CPU
Iteration 220 / LogL: -1823.981 / Time: 0h:2m:26s (0h:0m:53s left)
Optimizing NNI: done in 0.0696459 secs using 100% CPU
Optimizing NNI: done in 0.14579 secs using 99.97% CPU
Optimizing NNI: done in 0.089112 secs using 100% CPU
Optimizing NNI: done in 0.0685089 secs using 100% CPU
TREE SEARCH COMPLETED AFTER 224 ITERATIONS / Time: 0h:2m:26s

--------------------------------------------------------------------
|                    FINALIZING TREE SEARCH                        |
--------------------------------------------------------------------
Performs final model parameters optimization
Estimate model parameters (epsilon = 0.010)
1. Initial log-likelihood: -1823.348
2. Current log-likelihood: -1823.336
3. Current log-likelihood: -1823.325
4. Current log-likelihood: -1823.315
Optimal log-likelihood: -1823.301
Rate parameters:  A-C: 1.07336  A-G: 2.63545  A-T: 0.98495  C-G: 0.88227  C-T: 3.23014  G-T: 1.00000
Base frequencies:  A: 0.265  C: 0.272  G: 0.268  T: 0.195
Site proportion and rates:  (0.515,0.103) (0.065,0.223) (0.362,1.640) (0.058,5.811)
Parameters optimization took 4 rounds (0.110 sec)
BEST SCORE FOUND : -1823.301
Creating bootstrap support values...
Split supports printed to NEXUS file 6705_iqtree_final_superstrict_excluding_hybrids.splits.nex
Total tree length: 1.951

Total number of iterations: 224
CPU time used for tree search: 24.607 sec (0h:0m:24s)
Wall-clock time used for tree search: 31.532 sec (0h:0m:31s)
Total CPU time used: 151.277 sec (0h:2m:31s)
Total wall-clock time used: 146.884 sec (0h:2m:26s)

Computing bootstrap consensus tree...
Reading input file 6705_iqtree_final_superstrict_excluding_hybrids.splits.nex...
39 taxa and 548 splits.
Consensus tree written to 6705_iqtree_final_superstrict_excluding_hybrids.contree
Reading input trees file 6705_iqtree_final_superstrict_excluding_hybrids.contree
Log-likelihood of consensus tree: -1823.315

Analysis results written to: 
  IQ-TREE report:                6705_iqtree_final_superstrict_excluding_hybrids.iqtree
  Maximum-likelihood tree:       6705_iqtree_final_superstrict_excluding_hybrids.treefile
  Likelihood distances:          6705_iqtree_final_superstrict_excluding_hybrids.mldist

Ultrafast bootstrap approximation results written to:
  Split support values:          6705_iqtree_final_superstrict_excluding_hybrids.splits.nex
  Consensus tree:                6705_iqtree_final_superstrict_excluding_hybrids.contree
  Screen log file:               6705_iqtree_final_superstrict_excluding_hybrids.log

ALISIM COMMAND
--------------
--alisim simulated_MSA -t 6705_iqtree_final_superstrict_excluding_hybrids.treefile -m "GTR{1.07336,2.63545,0.984947,0.882269,3.23014}+F{0.264886,0.272308,0.268187,0.194619}+R4{0.514631,0.103145,0.0647922,0.223324,0.362402,1.64009,0.0581753,5.81137}" --length 224

Date and Time: Fri Jun  2 10:02:51 2023
