IQ-TREE multicore version 2.2.2 COVID-edition for Linux 64-bit built Sep 20 2022
Developed by Bui Quang Minh, James Barbetti, Nguyen Lam Tung,
Olga Chernomor, Heiko Schmidt, Dominik Schrempf, Michael Woodhams, Ly Trong Nhan.

Host:    netdc-bms-c11f (AVX2, FMA3, 377 GB RAM)
Command: /home/kasper.hendriks/iqtree-2.2.2-Linux/bin/iqtree2 -s 6864_taper_final_superstrict_excluding_hybrids.fasta -B 1000 -nm 1000 -m GTR+F+R -nt AUTO --prefix 6864_iqtree_final_superstrict_excluding_hybrids
Seed:    820840 (Using SPRNG - Scalable Parallel Random Number Generator)
Time:    Fri Jun  2 10:01:37 2023
Kernel:  AVX+FMA - auto-detect threads (56 CPU cores detected)

Reading alignment file 6864_taper_final_superstrict_excluding_hybrids.fasta ... Fasta format detected
Reading fasta file: done in 0.000880003 secs using 49.89% CPU
Alignment most likely contains DNA/RNA sequences
Constructing alignment: done in 0.00220394 secs using 1388% CPU
Alignment has 110 sequences with 309 columns, 238 distinct patterns
145 parsimony-informative, 41 singleton sites, 123 constant sites
               Gap/Ambiguity  Composition  p-value
Analyzing sequences: done in 0.000316143 secs using 1632% CPU
   1  CRNC             0.00%    passed     51.38%
   2  HYZL             0.00%    passed     60.34%
   3  MYZV             0.97%    passed     32.65%
   4  SRR6441723       0.00%    passed     96.65%
   5  ERR4210213      75.73%    passed     45.95%
   6  ERR2789774       0.00%    passed     96.47%
   7  PAFTOL_019361   68.93%    passed     31.80%
   8  S0055            0.00%    passed     98.33%
   9  S0278            0.00%    passed     97.75%
  10  S0281            0.00%    passed     96.06%
  11  S0282            0.00%    passed     99.39%
  12  S0289            0.00%    passed     97.14%
  13  S0292            0.00%    passed     75.35%
  14  S0293           53.72%    passed     66.50%
  15  S0294            0.00%    passed     99.69%
  16  S0299            2.27%    passed     86.23%
  17  S0303            0.32%    passed     94.91%
  18  S0308            2.91%    passed     91.63%
  19  S0322            0.32%    passed     93.03%
  20  S0327            0.97%    passed     98.71%
  21  S0335            0.32%    passed     94.75%
  22  S0376            5.50%    passed     91.79%
  23  S0400            0.32%    passed     99.94%
  24  S0405            0.00%    passed     99.77%
  25  S0407sl          0.00%    passed     97.14%
  26  S0412sl          2.91%    passed     98.69%
  27  S0417            0.00%    passed     94.41%
  28  S0419            0.00%    passed     99.63%
  29  S0427            0.00%    passed     95.55%
  30  S0430            0.32%    passed     97.24%
  31  S0478            0.00%    passed     98.71%
  32  S0552sl          0.97%    passed     99.03%
  33  S0558            0.32%    passed     97.08%
  34  S0616            0.97%    passed     96.74%
  35  S0624            0.00%    passed     84.88%
  36  S0641            0.00%    passed     99.17%
  37  S0643            2.91%    passed     94.81%
  38  S0645sl          0.00%    passed     99.82%
  39  S0656sl          0.00%    passed     98.12%
  40  S0673            0.00%    passed     96.38%
  41  S0689            0.00%    passed     97.49%
  42  S0690            8.41%    passed     92.64%
  43  S0720            0.32%    passed     93.76%
  44  S0724sl         13.59%    passed     86.28%
  45  S0735            0.32%    passed     92.40%
  46  S0742            0.32%    passed     98.08%
  47  S0748            0.00%    passed     94.35%
  48  S0753           13.59%    passed     91.53%
  49  S0756            0.65%    passed     99.52%
  50  S0758            0.00%    passed     97.08%
  51  S0760            0.00%    passed     99.63%
  52  S0763            0.00%    passed     98.74%
  53  S0770            0.00%    passed     99.63%
  54  S0771            0.32%    passed     99.92%
  55  S0795            0.00%    passed     94.75%
  56  S0827            0.32%    passed     98.45%
  57  S0888            0.00%    passed     97.72%
  58  S0894            0.32%    passed     99.76%
  59  S0899            0.97%    passed     97.13%
  60  S0906            0.32%    passed     89.86%
  61  S0952            1.94%    passed     99.45%
  62  S0956            0.65%    passed     99.91%
  63  S0959            0.65%    passed     98.56%
  64  S0960            0.00%    passed     98.43%
  65  S0964            0.32%    passed     98.90%
  66  S1083            0.00%    passed     96.89%
  67  S1100            0.32%    passed     92.34%
  68  S1110            8.41%    passed     89.87%
  69  S1120            5.50%    passed     90.05%
  70  S1128            1.29%    passed     99.07%
  71  S1129sl          0.97%    passed     99.24%
  72  S1148            0.65%    passed     96.72%
  73  S1177            0.00%    passed     98.96%
  74  S1180            2.91%    passed     97.54%
  75  S1189            0.00%    passed     99.50%
  76  S1201sl          0.65%    passed     98.29%
  77  S1210            0.00%    passed     98.63%
  78  S1211            0.00%    passed     99.95%
  79  S1214sl          0.32%    passed     98.61%
  80  S1223            0.97%    passed     91.11%
  81  S1227            0.32%    passed     98.74%
  82  S1235sl          0.65%    passed     99.95%
  83  S1239            0.00%    passed     91.95%
  84  S1245            0.00%    passed     99.97%
  85  S1246            1.94%    passed     99.20%
  86  S1249            0.32%    passed     93.03%
  87  S1250sl          0.65%    passed     98.90%
  88  S1260            3.56%    passed     99.28%
  89  S1266sl          0.00%    passed     98.63%
  90  S1269            0.32%    passed     97.83%
  91  S1278            0.00%    passed     98.96%
  92  S1315            0.65%    passed     95.11%
  93  S1332            0.65%    passed     96.68%
  94  S1366            0.32%    passed     94.16%
  95  S1369            0.00%    passed     98.23%
  96  S1370            1.62%    passed     99.97%
  97  S1375            0.65%    passed     94.50%
  98  S1376            0.00%    passed     96.06%
  99  S1381            0.65%    passed     96.87%
 100  S1405            0.00%    passed     96.70%
 101  S1422            1.29%    passed     94.72%
 102  S1449            0.00%    passed     97.81%
 103  S1451           16.83%    passed     73.36%
 104  S1460            1.62%    passed     99.88%
 105  S1462            0.00%    passed     99.82%
 106  S1498            0.00%    passed     99.82%
 107  S1539            0.32%    passed     97.17%
 108  S_670            0.32%    passed     99.44%
 109  SRR11470320      0.00%    passed     99.92%
 110  SRR8528357       0.00%    passed     99.57%
WARNING: 3 sequences contain more than 50% gaps/ambiguity
****  TOTAL            2.89%  0 sequences failed composition chi2 test (p-value<5%; df=3)
Checking for duplicate sequences: done in 0.00114703 secs using 1377% CPU

Create initial parsimony tree by phylogenetic likelihood library (PLL)... 0.033 seconds
Generating 1000 samples for ultrafast bootstrap (seed: 820840)...

NOTE: 4 MB RAM (0 GB) is required!
Measuring multi-threading efficiency up to 56 CPU cores
Increase to 10 rounds for branch lengths
422 trees examined
Threads: 1 / Time: 56.100 sec / Speedup: 1.000 / Efficiency: 100% / LogL: -6955
Threads: 2 / Time: 66.496 sec / Speedup: 0.844 / Efficiency: 42% / LogL: -6955
Determining AUTO threadcount: done in 122.597 secs using 105.1% CPU
BEST NUMBER OF THREADS: 1

Estimate model parameters (epsilon = 0.100)
1. Initial log-likelihood: -4303.975
2. Current log-likelihood: -4144.636
3. Current log-likelihood: -4141.297
4. Current log-likelihood: -4139.854
5. Current log-likelihood: -4138.472
6. Current log-likelihood: -4137.221
7. Current log-likelihood: -4136.246
8. Current log-likelihood: -4135.598
9. Current log-likelihood: -4135.204
10. Current log-likelihood: -4134.964
11. Current log-likelihood: -4134.809
12. Current log-likelihood: -4134.700
Optimal log-likelihood: -4134.596
Rate parameters:  A-C: 2.16838  A-G: 8.67230  A-T: 2.70774  C-G: 3.34149  C-T: 6.56897  G-T: 1.00000
Base frequencies:  A: 0.271  C: 0.210  G: 0.209  T: 0.311
Site proportion and rates:  (0.490,0.126) (0.039,0.287) (0.399,1.604) (0.072,4.009)
Parameters optimization took 12 rounds (2.135 sec)
Wrote distance file to... 
Computing ML distances based on estimated model parameters...
Calculating distance matrix: done in 0.123149 secs using 96.6% CPU
Computing ML distances took 0.123470 sec (of wall-clock time) 0.119279 sec (of CPU time)
Setting up auxiliary I and S matrices: done in 0.000813007 secs using 97.79% CPU
Constructing RapidNJ tree: done in 0.00172997 secs using 101% CPU
Computing RapidNJ tree took 0.002651 sec (of wall-clock time) 0.002646 sec (of CPU time)
Log-likelihood of RapidNJ tree: -4147.620
--------------------------------------------------------------------
|             INITIALIZING CANDIDATE TREE SET                      |
--------------------------------------------------------------------
Generating 98 parsimony trees... 1.548 second
Computing log-likelihood of 98 initial trees ... 1.602 seconds
Current best score: -4103.829

Do NNI search on 20 best initial trees
Optimizing NNI: done in 0.469605 secs using 99.52% CPU
Estimate model parameters (epsilon = 0.100)
BETTER TREE FOUND at iteration 1: -4098.631
Optimizing NNI: done in 0.744742 secs using 75.83% CPU
Optimizing NNI: done in 0.821711 secs using 74.68% CPU
Estimate model parameters (epsilon = 0.100)
BETTER TREE FOUND at iteration 3: -4095.558
Optimizing NNI: done in 0.598596 secs using 80.92% CPU
Optimizing NNI: done in 0.815355 secs using 68.6% CPU
Optimizing NNI: done in 0.976962 secs using 67.25% CPU
Optimizing NNI: done in 0.83925 secs using 67.59% CPU
Optimizing NNI: done in 0.798348 secs using 69.94% CPU
Optimizing NNI: done in 0.598423 secs using 100% CPU
Optimizing NNI: done in 0.362479 secs using 77.93% CPU
Iteration 10 / LogL: -4114.489 / Time: 0h:2m:16s
Optimizing NNI: done in 0.923196 secs using 67.07% CPU
Optimizing NNI: done in 0.949958 secs using 63.11% CPU
Optimizing NNI: done in 1.03309 secs using 65.99% CPU
Optimizing NNI: done in 0.650424 secs using 71.76% CPU
Optimizing NNI: done in 0.57004 secs using 99.98% CPU
Optimizing NNI: done in 0.650882 secs using 89.57% CPU
Optimizing NNI: done in 1.46763 secs using 59.83% CPU
Optimizing NNI: done in 1.17359 secs using 69.81% CPU
Optimizing NNI: done in 0.654502 secs using 94.69% CPU
Optimizing NNI: done in 0.581621 secs using 100% CPU
Iteration 20 / LogL: -4106.929 / Time: 0h:2m:24s
Finish initializing candidate tree set (20)
Current best tree score: -4095.558 / CPU time: 19.574
Number of iterations: 20
--------------------------------------------------------------------
|               OPTIMIZING CANDIDATE TREE SET                      |
--------------------------------------------------------------------
Optimizing NNI: done in 0.524716 secs using 99.98% CPU
Optimizing NNI: done in 0.898204 secs using 70.14% CPU
Estimate model parameters (epsilon = 0.100)
BETTER TREE FOUND at iteration 22: -4093.594
Optimizing NNI: done in 0.770047 secs using 71.17% CPU
Optimizing NNI: done in 0.946257 secs using 64% CPU
Optimizing NNI: done in 0.736217 secs using 79.75% CPU
Estimate model parameters (epsilon = 0.100)
BETTER TREE FOUND at iteration 25: -4090.367
Optimizing NNI: done in 0.577112 secs using 99.97% CPU
Optimizing NNI: done in 0.761354 secs using 88.88% CPU
Optimizing NNI: done in 1.07931 secs using 68.85% CPU
Optimizing NNI: done in 0.94662 secs using 64.46% CPU
Optimizing NNI: done in 1.21281 secs using 57.19% CPU
Iteration 30 / LogL: -4092.191 / Time: 0h:2m:33s (0h:8m:23s left)
Optimizing NNI: done in 1.11103 secs using 55.74% CPU
BETTER TREE FOUND at iteration 31: -4090.365
Optimizing NNI: done in 1.0066 secs using 79.22% CPU
Optimizing NNI: done in 1.36448 secs using 60.32% CPU
Estimate model parameters (epsilon = 0.100)
BETTER TREE FOUND at iteration 33: -4087.998
Optimizing NNI: done in 0.785079 secs using 66.1% CPU
Optimizing NNI: done in 0.73884 secs using 69.46% CPU
Optimizing NNI: done in 0.798002 secs using 67.97% CPU
Optimizing NNI: done in 0.627868 secs using 81.19% CPU
BETTER TREE FOUND at iteration 37: -4087.988
Optimizing NNI: done in 0.772769 secs using 74.84% CPU
Optimizing NNI: done in 0.845538 secs using 65.84% CPU
Optimizing NNI: done in 0.7002 secs using 74.33% CPU
Iteration 40 / LogL: -4104.223 / Time: 0h:2m:42s (0h:6m:45s left)
Optimizing NNI: done in 1.11632 secs using 63.96% CPU
Optimizing NNI: done in 0.753172 secs using 72.21% CPU
Optimizing NNI: done in 0.943191 secs using 71.97% CPU
Optimizing NNI: done in 0.951423 secs using 70.77% CPU
Optimizing NNI: done in 0.915925 secs using 60.03% CPU
BETTER TREE FOUND at iteration 45: -4087.985
Optimizing NNI: done in 0.966687 secs using 71.9% CPU
Optimizing NNI: done in 0.713452 secs using 73.49% CPU
Optimizing NNI: done in 0.88529 secs using 68.23% CPU
Optimizing NNI: done in 0.749786 secs using 66.59% CPU
Optimizing NNI: done in 0.949835 secs using 74.73% CPU
Iteration 50 / LogL: -4093.295 / Time: 0h:2m:52s (0h:5m:33s left)
Log-likelihood cutoff on original alignment: -4130.658
Optimizing NNI: done in 0.977949 secs using 71.23% CPU
Optimizing NNI: done in 0.889113 secs using 73.01% CPU
Optimizing NNI: done in 0.808133 secs using 74.26% CPU
Optimizing NNI: done in 0.847102 secs using 73.55% CPU
BETTER TREE FOUND at iteration 54: -4087.982
Optimizing NNI: done in 1.34027 secs using 47.71% CPU
Optimizing NNI: done in 1.15367 secs using 71.37% CPU
Optimizing NNI: done in 0.559721 secs using 77.28% CPU
BETTER TREE FOUND at iteration 57: -4087.979
Optimizing NNI: done in 0.692329 secs using 74.66% CPU
Optimizing NNI: done in 0.857155 secs using 70.08% CPU
Optimizing NNI: done in 0.918017 secs using 66.58% CPU
Iteration 60 / LogL: -4087.997 / Time: 0h:3m:2s (0h:4m:59s left)
Optimizing NNI: done in 0.559824 secs using 72.8% CPU
Optimizing NNI: done in 0.787631 secs using 69.83% CPU
Optimizing NNI: done in 0.654811 secs using 93.37% CPU
Optimizing NNI: done in 0.772781 secs using 85.24% CPU
Optimizing NNI: done in 0.60559 secs using 100% CPU
Optimizing NNI: done in 0.695666 secs using 86.24% CPU
Optimizing NNI: done in 0.726574 secs using 69.13% CPU
Optimizing NNI: done in 0.747523 secs using 75.9% CPU
Optimizing NNI: done in 0.83259 secs using 72.3% CPU
Optimizing NNI: done in 0.620325 secs using 77.38% CPU
Iteration 70 / LogL: -4087.999 / Time: 0h:3m:9s (0h:3m:58s left)
Optimizing NNI: done in 1.02348 secs using 66.92% CPU
Optimizing NNI: done in 0.941852 secs using 69.82% CPU
Optimizing NNI: done in 1.44241 secs using 40.62% CPU
Optimizing NNI: done in 0.614626 secs using 71.09% CPU
Optimizing NNI: done in 1.19097 secs using 50.14% CPU
Optimizing NNI: done in 0.550927 secs using 88.12% CPU
Optimizing NNI: done in 0.66767 secs using 69.48% CPU
Optimizing NNI: done in 1.09949 secs using 56.35% CPU
Optimizing NNI: done in 1.19899 secs using 48.47% CPU
Optimizing NNI: done in 0.578519 secs using 100% CPU
Iteration 80 / LogL: -4087.981 / Time: 0h:3m:19s (0h:3m:14s left)
Optimizing NNI: done in 0.786794 secs using 67.16% CPU
Optimizing NNI: done in 1.36825 secs using 50.16% CPU
BETTER TREE FOUND at iteration 82: -4087.976
Optimizing NNI: done in 0.988254 secs using 49.62% CPU
Optimizing NNI: done in 1.04186 secs using 59.73% CPU
Optimizing NNI: done in 0.81635 secs using 65.75% CPU
Optimizing NNI: done in 1.37643 secs using 43.03% CPU
Optimizing NNI: done in 1.02211 secs using 50.23% CPU
Optimizing NNI: done in 0.891081 secs using 76.23% CPU
BETTER TREE FOUND at iteration 88: -4087.972
Optimizing NNI: done in 0.66458 secs using 98.89% CPU
BETTER TREE FOUND at iteration 89: -4087.965
Optimizing NNI: done in 0.496235 secs using 97.79% CPU
Iteration 90 / LogL: -4113.864 / Time: 0h:3m:28s (0h:3m:52s left)
Optimizing NNI: done in 0.698271 secs using 100% CPU
Optimizing NNI: done in 0.646961 secs using 98.76% CPU
Optimizing NNI: done in 1.04507 secs using 59.04% CPU
Optimizing NNI: done in 0.871565 secs using 59.58% CPU
Optimizing NNI: done in 0.785235 secs using 74% CPU
Optimizing NNI: done in 0.557776 secs using 82.79% CPU
Optimizing NNI: done in 0.98926 secs using 61.16% CPU
Optimizing NNI: done in 0.558647 secs using 94.26% CPU
Optimizing NNI: done in 1.13633 secs using 54.57% CPU
Optimizing NNI: done in 1.09946 secs using 55.57% CPU
Iteration 100 / LogL: -4087.971 / Time: 0h:3m:37s (0h:3m:15s left)
Log-likelihood cutoff on original alignment: -4130.658
NOTE: Bootstrap correlation coefficient of split occurrence frequencies: 0.997
Optimizing NNI: done in 0.682305 secs using 74.63% CPU
Optimizing NNI: done in 0.781897 secs using 75.42% CPU
Optimizing NNI: done in 1.02755 secs using 51.07% CPU
Optimizing NNI: done in 0.620278 secs using 100% CPU
Optimizing NNI: done in 0.745784 secs using 59.08% CPU
Optimizing NNI: done in 0.985666 secs using 61.33% CPU
Optimizing NNI: done in 0.791527 secs using 79.85% CPU
Optimizing NNI: done in 0.875617 secs using 68.82% CPU
Optimizing NNI: done in 1.01626 secs using 72.31% CPU
BETTER TREE FOUND at iteration 109: -4087.961
Optimizing NNI: done in 0.594191 secs using 92.56% CPU
Iteration 110 / LogL: -4091.719 / Time: 0h:3m:47s (0h:3m:26s left)
Optimizing NNI: done in 0.748419 secs using 84.48% CPU
Optimizing NNI: done in 0.860726 secs using 73.93% CPU
Optimizing NNI: done in 0.98364 secs using 71.21% CPU
Optimizing NNI: done in 0.936352 secs using 69.8% CPU
BETTER TREE FOUND at iteration 114: -4087.960
Optimizing NNI: done in 0.890428 secs using 77.55% CPU
Optimizing NNI: done in 0.616276 secs using 100% CPU
Optimizing NNI: done in 0.611417 secs using 82.96% CPU
Optimizing NNI: done in 0.846268 secs using 66.61% CPU
Optimizing NNI: done in 1.19101 secs using 60.01% CPU
Optimizing NNI: done in 1.0719 secs using 65.42% CPU
Iteration 120 / LogL: -4089.870 / Time: 0h:3m:56s (0h:3m:6s left)
Optimizing NNI: done in 1.07753 secs using 70.96% CPU
Optimizing NNI: done in 0.737366 secs using 48.59% CPU
Optimizing NNI: done in 0.94921 secs using 67.17% CPU
Optimizing NNI: done in 0.771323 secs using 65.76% CPU
Optimizing NNI: done in 0.502506 secs using 84.61% CPU
Optimizing NNI: done in 0.682163 secs using 99.99% CPU
Optimizing NNI: done in 0.657824 secs using 100% CPU
Optimizing NNI: done in 0.537254 secs using 100% CPU
Optimizing NNI: done in 0.702735 secs using 90.32% CPU
Optimizing NNI: done in 0.824262 secs using 94.58% CPU
Iteration 130 / LogL: -4087.961 / Time: 0h:4m:4s (0h:2m:39s left)
Optimizing NNI: done in 0.934902 secs using 70.64% CPU
Optimizing NNI: done in 0.812584 secs using 69.85% CPU
Optimizing NNI: done in 0.856339 secs using 70.85% CPU
Optimizing NNI: done in 0.710925 secs using 75.4% CPU
Optimizing NNI: done in 1.02397 secs using 63.83% CPU
Optimizing NNI: done in 0.569348 secs using 100% CPU
Optimizing NNI: done in 0.562945 secs using 100% CPU
Optimizing NNI: done in 0.906083 secs using 63.9% CPU
Optimizing NNI: done in 0.571659 secs using 90.66% CPU
Optimizing NNI: done in 0.705953 secs using 99.03% CPU
Iteration 140 / LogL: -4087.999 / Time: 0h:4m:12s (0h:2m:14s left)
Optimizing NNI: done in 0.507332 secs using 100% CPU
Optimizing NNI: done in 0.665939 secs using 72.3% CPU
Estimate model parameters (epsilon = 0.100)
BETTER TREE FOUND at iteration 142: -4087.507
Optimizing NNI: done in 1.09894 secs using 60.79% CPU
Optimizing NNI: done in 0.854993 secs using 70.99% CPU
Optimizing NNI: done in 0.663044 secs using 100% CPU
Optimizing NNI: done in 0.633598 secs using 100% CPU
Optimizing NNI: done in 0.690477 secs using 78.57% CPU
Optimizing NNI: done in 0.811239 secs using 88.16% CPU
Optimizing NNI: done in 0.427963 secs using 100% CPU
Optimizing NNI: done in 0.581098 secs using 100% CPU
Iteration 150 / LogL: -4093.452 / Time: 0h:4m:19s (0h:2m:40s left)
Log-likelihood cutoff on original alignment: -4130.658
Optimizing NNI: done in 0.785938 secs using 90.83% CPU
Optimizing NNI: done in 1.3993 secs using 48.26% CPU
Optimizing NNI: done in 0.872544 secs using 64.58% CPU
Optimizing NNI: done in 1.12607 secs using 49.56% CPU
Optimizing NNI: done in 1.11498 secs using 59.15% CPU
Optimizing NNI: done in 0.894681 secs using 61.98% CPU
Optimizing NNI: done in 0.969948 secs using 61.18% CPU
Optimizing NNI: done in 0.619016 secs using 74.22% CPU
Optimizing NNI: done in 0.846814 secs using 65.05% CPU
Optimizing NNI: done in 1.07883 secs using 64.69% CPU
Iteration 160 / LogL: -4089.715 / Time: 0h:4m:30s (0h:2m:19s left)
Optimizing NNI: done in 0.952045 secs using 59.41% CPU
Optimizing NNI: done in 1.08428 secs using 65.6% CPU
Optimizing NNI: done in 0.58253 secs using 100% CPU
Optimizing NNI: done in 0.666579 secs using 100% CPU
Optimizing NNI: done in 0.818047 secs using 88.26% CPU
BETTER TREE FOUND at iteration 165: -4087.507
Optimizing NNI: done in 0.84825 secs using 76.36% CPU
Optimizing NNI: done in 0.826259 secs using 64.62% CPU
Optimizing NNI: done in 0.586895 secs using 100% CPU
Optimizing NNI: done in 0.606857 secs using 100% CPU
Optimizing NNI: done in 0.785179 secs using 100% CPU
Iteration 170 / LogL: -4087.523 / Time: 0h:4m:38s (0h:2m:36s left)
Optimizing NNI: done in 0.681507 secs using 100% CPU
Optimizing NNI: done in 0.862385 secs using 70.59% CPU
Optimizing NNI: done in 0.850241 secs using 84.84% CPU
Optimizing NNI: done in 0.500221 secs using 99.99% CPU
Optimizing NNI: done in 0.692147 secs using 85.18% CPU
Optimizing NNI: done in 0.939632 secs using 59.34% CPU
Optimizing NNI: done in 0.973389 secs using 69.35% CPU
Optimizing NNI: done in 0.73818 secs using 95.66% CPU
Optimizing NNI: done in 1.07767 secs using 65.85% CPU
Optimizing NNI: done in 0.720744 secs using 99.99% CPU
Iteration 180 / LogL: -4087.508 / Time: 0h:4m:47s (0h:2m:16s left)
Optimizing NNI: done in 0.500159 secs using 99.98% CPU
Optimizing NNI: done in 0.917419 secs using 62.79% CPU
Optimizing NNI: done in 1.10029 secs using 57.73% CPU
Optimizing NNI: done in 0.683051 secs using 100% CPU
Optimizing NNI: done in 0.488844 secs using 99.98% CPU
Optimizing NNI: done in 0.818124 secs using 98.49% CPU
Optimizing NNI: done in 1.05889 secs using 57.49% CPU
Optimizing NNI: done in 0.912384 secs using 64.1% CPU
Optimizing NNI: done in 1.00751 secs using 65.96% CPU
Optimizing NNI: done in 0.890499 secs using 72.77% CPU
Iteration 190 / LogL: -4087.507 / Time: 0h:4m:56s (0h:1m:57s left)
Optimizing NNI: done in 0.631009 secs using 100% CPU
Optimizing NNI: done in 0.660174 secs using 100% CPU
Optimizing NNI: done in 0.755812 secs using 80.5% CPU
Optimizing NNI: done in 1.52531 secs using 54.82% CPU
Optimizing NNI: done in 0.7956 secs using 84.22% CPU
Optimizing NNI: done in 0.765397 secs using 100% CPU
Optimizing NNI: done in 0.652603 secs using 97.58% CPU
Optimizing NNI: done in 0.699305 secs using 100% CPU
Optimizing NNI: done in 0.528554 secs using 100% CPU
Optimizing NNI: done in 0.530806 secs using 100% CPU
Iteration 200 / LogL: -4087.545 / Time: 0h:5m:4s (0h:1m:39s left)
Log-likelihood cutoff on original alignment: -4130.658
NOTE: Bootstrap correlation coefficient of split occurrence frequencies: 0.993
Optimizing NNI: done in 0.586348 secs using 99.99% CPU
Optimizing NNI: done in 0.484749 secs using 99.99% CPU
Optimizing NNI: done in 0.638395 secs using 99.98% CPU
Optimizing NNI: done in 0.645493 secs using 99.98% CPU
Optimizing NNI: done in 0.786089 secs using 98.43% CPU
Optimizing NNI: done in 0.811026 secs using 99.99% CPU
Optimizing NNI: done in 0.581201 secs using 99.99% CPU
Optimizing NNI: done in 0.491489 secs using 99.99% CPU
Optimizing NNI: done in 0.605896 secs using 99.99% CPU
Optimizing NNI: done in 0.937781 secs using 75.46% CPU
Iteration 210 / LogL: -4087.545 / Time: 0h:5m:11s (0h:2m:14s left)
Optimizing NNI: done in 0.769457 secs using 63.27% CPU
Optimizing NNI: done in 0.952167 secs using 67.88% CPU
Optimizing NNI: done in 0.925868 secs using 62.42% CPU
Optimizing NNI: done in 0.838982 secs using 62.23% CPU
Optimizing NNI: done in 0.831765 secs using 88.45% CPU
Optimizing NNI: done in 0.411504 secs using 99.99% CPU
Optimizing NNI: done in 0.584084 secs using 99.99% CPU
Optimizing NNI: done in 0.786684 secs using 99.98% CPU
Optimizing NNI: done in 0.745608 secs using 99.99% CPU
Optimizing NNI: done in 0.926512 secs using 71.85% CPU
Iteration 220 / LogL: -4092.289 / Time: 0h:5m:20s (0h:1m:57s left)
Optimizing NNI: done in 0.82957 secs using 84.1% CPU
Optimizing NNI: done in 0.526279 secs using 100% CPU
Optimizing NNI: done in 0.662001 secs using 81.35% CPU
Optimizing NNI: done in 0.644961 secs using 67.9% CPU
Optimizing NNI: done in 0.716576 secs using 78.07% CPU
Optimizing NNI: done in 0.567841 secs using 99.29% CPU
Optimizing NNI: done in 0.529493 secs using 99.99% CPU
Optimizing NNI: done in 0.642467 secs using 99.99% CPU
Optimizing NNI: done in 0.599164 secs using 99.99% CPU
Optimizing NNI: done in 0.558217 secs using 97.54% CPU
Iteration 230 / LogL: -4089.719 / Time: 0h:5m:27s (0h:1m:39s left)
Optimizing NNI: done in 0.509651 secs using 99.98% CPU
Optimizing NNI: done in 0.480848 secs using 99.99% CPU
Optimizing NNI: done in 0.582813 secs using 99.98% CPU
Optimizing NNI: done in 0.56145 secs using 99.99% CPU
Optimizing NNI: done in 0.712881 secs using 65.19% CPU
Optimizing NNI: done in 0.667248 secs using 80.81% CPU
Optimizing NNI: done in 0.573651 secs using 100% CPU
Optimizing NNI: done in 0.631612 secs using 100% CPU
Optimizing NNI: done in 0.482382 secs using 99.99% CPU
Optimizing NNI: done in 0.856503 secs using 71.15% CPU
Iteration 240 / LogL: -4087.508 / Time: 0h:5m:33s (0h:1m:23s left)
Optimizing NNI: done in 0.828977 secs using 66.51% CPU
Optimizing NNI: done in 1.16681 secs using 70.86% CPU
Optimizing NNI: done in 0.880586 secs using 62.9% CPU
Optimizing NNI: done in 0.880391 secs using 75.25% CPU
Optimizing NNI: done in 0.823277 secs using 63.49% CPU
Optimizing NNI: done in 0.743201 secs using 66.17% CPU
Optimizing NNI: done in 0.89663 secs using 77.22% CPU
Optimizing NNI: done in 0.644129 secs using 99.99% CPU
Optimizing NNI: done in 0.545393 secs using 99.99% CPU
Optimizing NNI: done in 0.946655 secs using 66.61% CPU
Iteration 250 / LogL: -4087.508 / Time: 0h:5m:42s (0h:1m:8s left)
Log-likelihood cutoff on original alignment: -4130.658
Optimizing NNI: done in 0.870682 secs using 67.83% CPU
Optimizing NNI: done in 0.5927 secs using 83.79% CPU
Optimizing NNI: done in 0.530663 secs using 99.25% CPU
Optimizing NNI: done in 0.709454 secs using 92.1% CPU
Optimizing NNI: done in 0.577775 secs using 75.07% CPU
Optimizing NNI: done in 0.80833 secs using 73.26% CPU
Optimizing NNI: done in 0.606803 secs using 74.93% CPU
BETTER TREE FOUND at iteration 257: -4087.507
Optimizing NNI: done in 1.06934 secs using 70.46% CPU
Optimizing NNI: done in 0.697803 secs using 90.83% CPU
Optimizing NNI: done in 0.764634 secs using 65.01% CPU
Iteration 260 / LogL: -4089.762 / Time: 0h:5m:51s (0h:2m:11s left)
Optimizing NNI: done in 0.620579 secs using 86.4% CPU
Optimizing NNI: done in 0.607485 secs using 80.7% CPU
Optimizing NNI: done in 0.565366 secs using 100% CPU
Optimizing NNI: done in 0.609629 secs using 100% CPU
Optimizing NNI: done in 0.571331 secs using 100% CPU
Optimizing NNI: done in 0.578466 secs using 80.78% CPU
Optimizing NNI: done in 0.600603 secs using 100% CPU
Optimizing NNI: done in 0.56926 secs using 93.92% CPU
Optimizing NNI: done in 1.1111 secs using 59.83% CPU
Optimizing NNI: done in 0.835187 secs using 68.1% CPU
Estimate model parameters (epsilon = 0.100)
BETTER TREE FOUND at iteration 270: -4087.202
Iteration 270 / LogL: -4087.202 / Time: 0h:5m:58s (0h:2m:13s left)
Optimizing NNI: done in 0.463338 secs using 98.18% CPU
Optimizing NNI: done in 0.719511 secs using 99.99% CPU
Optimizing NNI: done in 0.588798 secs using 89.12% CPU
Optimizing NNI: done in 1.08799 secs using 75.51% CPU
Optimizing NNI: done in 0.674162 secs using 70.84% CPU
Optimizing NNI: done in 0.70196 secs using 78.99% CPU
Optimizing NNI: done in 0.689547 secs using 99.99% CPU
Optimizing NNI: done in 0.503583 secs using 99.99% CPU
Optimizing NNI: done in 0.4828 secs using 99.84% CPU
Optimizing NNI: done in 0.715839 secs using 89.63% CPU
Iteration 280 / LogL: -4092.221 / Time: 0h:6m:6s (0h:1m:58s left)
Optimizing NNI: done in 1.01702 secs using 68.46% CPU
Optimizing NNI: done in 0.70952 secs using 100% CPU
Optimizing NNI: done in 0.704151 secs using 78.19% CPU
Optimizing NNI: done in 0.748051 secs using 69.77% CPU
Optimizing NNI: done in 0.772564 secs using 99.98% CPU
Optimizing NNI: done in 0.633987 secs using 87.28% CPU
Optimizing NNI: done in 0.759648 secs using 72.24% CPU
Optimizing NNI: done in 0.616651 secs using 93.52% CPU
Optimizing NNI: done in 0.771109 secs using 99.39% CPU
Optimizing NNI: done in 0.549937 secs using 99.82% CPU
Iteration 290 / LogL: -4089.430 / Time: 0h:6m:14s (0h:1m:43s left)
Optimizing NNI: done in 0.584014 secs using 99.83% CPU
Optimizing NNI: done in 0.613539 secs using 99.84% CPU
Optimizing NNI: done in 0.823302 secs using 85.08% CPU
Optimizing NNI: done in 0.575328 secs using 99.99% CPU
Optimizing NNI: done in 0.698043 secs using 95.24% CPU
Optimizing NNI: done in 0.715588 secs using 77.36% CPU
Optimizing NNI: done in 0.638194 secs using 100% CPU
Optimizing NNI: done in 0.678303 secs using 77.17% CPU
Optimizing NNI: done in 0.78345 secs using 94.82% CPU
Optimizing NNI: done in 0.732196 secs using 90.25% CPU
Iteration 300 / LogL: -4090.264 / Time: 0h:6m:21s (0h:1m:29s left)
Log-likelihood cutoff on original alignment: -4130.658
NOTE: Bootstrap correlation coefficient of split occurrence frequencies: 0.995
Optimizing NNI: done in 0.740364 secs using 79.67% CPU
Optimizing NNI: done in 0.769404 secs using 90.65% CPU
Optimizing NNI: done in 1.10293 secs using 84.04% CPU
Optimizing NNI: done in 0.805315 secs using 99.5% CPU
Optimizing NNI: done in 0.543911 secs using 99.96% CPU
Optimizing NNI: done in 0.820302 secs using 99.5% CPU
BETTER TREE FOUND at iteration 306: -4087.202
Optimizing NNI: done in 0.58149 secs using 99.99% CPU
Optimizing NNI: done in 0.523268 secs using 99.97% CPU
BETTER TREE FOUND at iteration 308: -4087.202
Optimizing NNI: done in 0.720909 secs using 99.99% CPU
Optimizing NNI: done in 0.475438 secs using 99.99% CPU
BETTER TREE FOUND at iteration 310: -4087.202
Iteration 310 / LogL: -4087.202 / Time: 0h:6m:30s (0h:2m:6s left)
Optimizing NNI: done in 0.575935 secs using 99.99% CPU
Optimizing NNI: done in 0.776317 secs using 85.53% CPU
Optimizing NNI: done in 0.730953 secs using 99.96% CPU
BETTER TREE FOUND at iteration 313: -4087.200
Optimizing NNI: done in 0.559965 secs using 99.96% CPU
Optimizing NNI: done in 0.517266 secs using 99.99% CPU
Optimizing NNI: done in 0.632239 secs using 99.99% CPU
Optimizing NNI: done in 0.479553 secs using 99.99% CPU
Optimizing NNI: done in 0.761203 secs using 99.47% CPU
Optimizing NNI: done in 0.701794 secs using 99.99% CPU
Optimizing NNI: done in 0.62813 secs using 99.99% CPU
Iteration 320 / LogL: -4100.791 / Time: 0h:6m:37s (0h:1m:55s left)
Optimizing NNI: done in 0.665852 secs using 99.99% CPU
Optimizing NNI: done in 0.566456 secs using 99.99% CPU
Optimizing NNI: done in 0.752606 secs using 99.99% CPU
Optimizing NNI: done in 0.614608 secs using 99.99% CPU
Optimizing NNI: done in 0.66523 secs using 99.99% CPU
BETTER TREE FOUND at iteration 325: -4087.194
Optimizing NNI: done in 0.63587 secs using 99.99% CPU
Optimizing NNI: done in 0.729372 secs using 99.99% CPU
Optimizing NNI: done in 0.869262 secs using 99.99% CPU
Optimizing NNI: done in 0.624551 secs using 99.99% CPU
BETTER TREE FOUND at iteration 329: -4087.192
Optimizing NNI: done in 0.739165 secs using 99.99% CPU
Iteration 330 / LogL: -4091.649 / Time: 0h:6m:44s (0h:2m:1s left)
Optimizing NNI: done in 0.513229 secs using 99.99% CPU
Optimizing NNI: done in 0.635677 secs using 99.99% CPU
Optimizing NNI: done in 0.728908 secs using 99.99% CPU
Optimizing NNI: done in 0.756144 secs using 99.99% CPU
Optimizing NNI: done in 0.676446 secs using 99.99% CPU
Optimizing NNI: done in 0.723077 secs using 99.99% CPU
Optimizing NNI: done in 0.561461 secs using 99.99% CPU
Optimizing NNI: done in 0.708233 secs using 99.99% CPU
Optimizing NNI: done in 0.572071 secs using 99.3% CPU
Optimizing NNI: done in 0.727921 secs using 99.99% CPU
Iteration 340 / LogL: -4089.170 / Time: 0h:6m:51s (0h:1m:48s left)
Optimizing NNI: done in 0.460133 secs using 99.99% CPU
Optimizing NNI: done in 0.580817 secs using 99.99% CPU
Optimizing NNI: done in 0.612696 secs using 99.99% CPU
Optimizing NNI: done in 0.647789 secs using 99.99% CPU
Optimizing NNI: done in 0.820705 secs using 99.99% CPU
Optimizing NNI: done in 0.619451 secs using 99.99% CPU
Optimizing NNI: done in 0.583815 secs using 99.99% CPU
Optimizing NNI: done in 0.542762 secs using 99.99% CPU
Optimizing NNI: done in 0.632337 secs using 99.99% CPU
Optimizing NNI: done in 0.821604 secs using 99.99% CPU
Iteration 350 / LogL: -4087.396 / Time: 0h:6m:58s (0h:1m:34s left)
Log-likelihood cutoff on original alignment: -4130.658
Optimizing NNI: done in 0.709564 secs using 99.99% CPU
Optimizing NNI: done in 0.597663 secs using 99.32% CPU
Optimizing NNI: done in 0.537479 secs using 99.99% CPU
Optimizing NNI: done in 0.650365 secs using 99.99% CPU
Optimizing NNI: done in 0.735079 secs using 99.99% CPU
Optimizing NNI: done in 0.547482 secs using 99.99% CPU
Optimizing NNI: done in 0.621153 secs using 99.99% CPU
Optimizing NNI: done in 0.763834 secs using 99.47% CPU
Optimizing NNI: done in 0.616068 secs using 99.99% CPU
Optimizing NNI: done in 0.521253 secs using 99.99% CPU
Iteration 360 / LogL: -4093.200 / Time: 0h:7m:6s (0h:1m:21s left)
Optimizing NNI: done in 0.650498 secs using 99.99% CPU
Optimizing NNI: done in 0.466295 secs using 99.14% CPU
Optimizing NNI: done in 0.67253 secs using 99.99% CPU
Optimizing NNI: done in 0.624857 secs using 99.99% CPU
Optimizing NNI: done in 0.640726 secs using 99.99% CPU
Optimizing NNI: done in 0.57032 secs using 99.99% CPU
BETTER TREE FOUND at iteration 366: -4087.188
Optimizing NNI: done in 0.662263 secs using 99.99% CPU
Optimizing NNI: done in 0.62317 secs using 99.99% CPU
Optimizing NNI: done in 0.811108 secs using 99.99% CPU
Optimizing NNI: done in 0.702415 secs using 99.99% CPU
Iteration 370 / LogL: -4087.201 / Time: 0h:7m:13s (0h:1m:52s left)
Optimizing NNI: done in 0.462867 secs using 99.99% CPU
Optimizing NNI: done in 0.483348 secs using 99.99% CPU
Optimizing NNI: done in 0.598605 secs using 99.99% CPU
BETTER TREE FOUND at iteration 373: -4087.185
Optimizing NNI: done in 0.572289 secs using 99.99% CPU
Optimizing NNI: done in 0.557746 secs using 99.99% CPU
Optimizing NNI: done in 0.604428 secs using 99.99% CPU
Optimizing NNI: done in 0.713119 secs using 99.99% CPU
Optimizing NNI: done in 0.643127 secs using 99.99% CPU
Optimizing NNI: done in 0.539333 secs using 99.99% CPU
BETTER TREE FOUND at iteration 379: -4087.182
Optimizing NNI: done in 0.699969 secs using 99.98% CPU
BETTER TREE FOUND at iteration 380: -4087.181
Iteration 380 / LogL: -4087.181 / Time: 0h:7m:19s (0h:1m:56s left)
Optimizing NNI: done in 0.660313 secs using 99.98% CPU
Optimizing NNI: done in 0.688817 secs using 99.99% CPU
Optimizing NNI: done in 0.735765 secs using 98.92% CPU
Optimizing NNI: done in 0.785649 secs using 99.99% CPU
Optimizing NNI: done in 0.556324 secs using 99.99% CPU
BETTER TREE FOUND at iteration 385: -4087.180
Optimizing NNI: done in 0.568666 secs using 99.99% CPU
Optimizing NNI: done in 0.65024 secs using 99.38% CPU
Optimizing NNI: done in 0.508788 secs using 99.21% CPU
Optimizing NNI: done in 0.585771 secs using 99.99% CPU
Optimizing NNI: done in 0.61579 secs using 99.99% CPU
Iteration 390 / LogL: -4097.618 / Time: 0h:7m:27s (0h:1m:49s left)
Optimizing NNI: done in 0.622507 secs using 99.99% CPU
BETTER TREE FOUND at iteration 391: -4087.174
Optimizing NNI: done in 0.714559 secs using 99.99% CPU
Optimizing NNI: done in 0.648773 secs using 99.99% CPU
BETTER TREE FOUND at iteration 393: -4087.169
Optimizing NNI: done in 0.504848 secs using 99.99% CPU
Optimizing NNI: done in 0.414997 secs using 99.99% CPU
Optimizing NNI: done in 0.638118 secs using 99.37% CPU
Optimizing NNI: done in 0.439633 secs using 99.99% CPU
Optimizing NNI: done in 0.664037 secs using 99.99% CPU
Optimizing NNI: done in 0.636313 secs using 99.99% CPU
BETTER TREE FOUND at iteration 399: -4087.169
Optimizing NNI: done in 0.352159 secs using 99.99% CPU
Iteration 400 / LogL: -4142.636 / Time: 0h:7m:33s (0h:1m:52s left)
Log-likelihood cutoff on original alignment: -4130.658
NOTE: Bootstrap correlation coefficient of split occurrence frequencies: 0.995
Optimizing NNI: done in 0.702825 secs using 99.99% CPU
Optimizing NNI: done in 0.615409 secs using 99.99% CPU
Optimizing NNI: done in 0.567386 secs using 99.99% CPU
Optimizing NNI: done in 0.608529 secs using 99.99% CPU
Optimizing NNI: done in 0.543828 secs using 99.99% CPU
Optimizing NNI: done in 0.706 secs using 99.99% CPU
BETTER TREE FOUND at iteration 406: -4087.168
Optimizing NNI: done in 0.731916 secs using 99.99% CPU
Optimizing NNI: done in 0.676802 secs using 99.99% CPU
Optimizing NNI: done in 0.556089 secs using 99.99% CPU
BETTER TREE FOUND at iteration 409: -4087.168
Optimizing NNI: done in 0.641929 secs using 99.38% CPU
BETTER TREE FOUND at iteration 410: -4087.167
Iteration 410 / LogL: -4087.167 / Time: 0h:7m:41s (0h:1m:52s left)
Optimizing NNI: done in 0.846295 secs using 99.99% CPU
Optimizing NNI: done in 0.610764 secs using 99.99% CPU
Optimizing NNI: done in 0.622383 secs using 99.99% CPU
Optimizing NNI: done in 0.611892 secs using 99.99% CPU
Optimizing NNI: done in 0.580666 secs using 99.97% CPU
Optimizing NNI: done in 0.606804 secs using 99.99% CPU
Optimizing NNI: done in 0.611726 secs using 99.99% CPU
Optimizing NNI: done in 0.684562 secs using 99.99% CPU
Optimizing NNI: done in 0.611638 secs using 99.99% CPU
Optimizing NNI: done in 0.644847 secs using 99.99% CPU
Iteration 420 / LogL: -4087.205 / Time: 0h:7m:48s (0h:1m:40s left)
Optimizing NNI: done in 0.634859 secs using 99.99% CPU
Optimizing NNI: done in 0.69143 secs using 99.99% CPU
Optimizing NNI: done in 0.58179 secs using 99.99% CPU
Optimizing NNI: done in 0.687634 secs using 99.99% CPU
Optimizing NNI: done in 0.580577 secs using 99.99% CPU
Optimizing NNI: done in 0.53949 secs using 99.99% CPU
Optimizing NNI: done in 0.522891 secs using 99.99% CPU
Optimizing NNI: done in 0.733696 secs using 99.99% CPU
Optimizing NNI: done in 0.726559 secs using 99.99% CPU
Optimizing NNI: done in 0.763619 secs using 99.47% CPU
Iteration 430 / LogL: -4087.168 / Time: 0h:7m:55s (0h:1m:28s left)
Optimizing NNI: done in 0.818729 secs using 99.98% CPU
Optimizing NNI: done in 0.674078 secs using 99.99% CPU
Optimizing NNI: done in 0.666829 secs using 99.4% CPU
Optimizing NNI: done in 0.567389 secs using 99.99% CPU
Optimizing NNI: done in 0.739961 secs using 99.99% CPU
Optimizing NNI: done in 0.551226 secs using 99.99% CPU
Optimizing NNI: done in 0.788509 secs using 99.99% CPU
Optimizing NNI: done in 0.311489 secs using 99.99% CPU
Optimizing NNI: done in 0.398192 secs using 99.99% CPU
Optimizing NNI: done in 0.403674 secs using 99.99% CPU
Iteration 440 / LogL: -4092.692 / Time: 0h:8m:2s (0h:1m:16s left)
Optimizing NNI: done in 0.384947 secs using 98.96% CPU
Optimizing NNI: done in 0.340146 secs using 100% CPU
Optimizing NNI: done in 0.376004 secs using 99.99% CPU
Optimizing NNI: done in 0.365269 secs using 99.99% CPU
Optimizing NNI: done in 0.409566 secs using 99.99% CPU
Optimizing NNI: done in 0.409876 secs using 99.99% CPU
Optimizing NNI: done in 0.41558 secs using 99.99% CPU
Optimizing NNI: done in 0.331666 secs using 99.99% CPU
Optimizing NNI: done in 0.194382 secs using 99.99% CPU
Optimizing NNI: done in 0.394837 secs using 99.99% CPU
Iteration 450 / LogL: -4088.867 / Time: 0h:8m:6s (0h:1m:4s left)
Log-likelihood cutoff on original alignment: -4130.658
Optimizing NNI: done in 0.347834 secs using 99.99% CPU
Optimizing NNI: done in 0.312344 secs using 99.99% CPU
Optimizing NNI: done in 0.393114 secs using 99.99% CPU
BETTER TREE FOUND at iteration 453: -4087.167
Optimizing NNI: done in 0.360225 secs using 99.99% CPU
Optimizing NNI: done in 0.385965 secs using 99.99% CPU
Optimizing NNI: done in 0.258698 secs using 100% CPU
Optimizing NNI: done in 0.340185 secs using 99.99% CPU
Optimizing NNI: done in 0.297892 secs using 99.99% CPU
Optimizing NNI: done in 0.329999 secs using 98.79% CPU
Optimizing NNI: done in 0.37824 secs using 99.99% CPU
Iteration 460 / LogL: -4090.672 / Time: 0h:8m:10s (0h:1m:39s left)
Optimizing NNI: done in 0.295114 secs using 99.99% CPU
Optimizing NNI: done in 0.272083 secs using 99.99% CPU
Optimizing NNI: done in 0.34683 secs using 100% CPU
Optimizing NNI: done in 0.490975 secs using 99.99% CPU
Optimizing NNI: done in 0.377101 secs using 99.99% CPU
Optimizing NNI: done in 0.331419 secs using 99.99% CPU
Optimizing NNI: done in 0.337239 secs using 99.99% CPU
Optimizing NNI: done in 0.402207 secs using 99.99% CPU
Optimizing NNI: done in 0.309922 secs using 100% CPU
Optimizing NNI: done in 0.310028 secs using 99.99% CPU
Iteration 470 / LogL: -4087.167 / Time: 0h:8m:14s (0h:1m:27s left)
Optimizing NNI: done in 0.268309 secs using 99.99% CPU
Optimizing NNI: done in 0.419747 secs using 99.99% CPU
Optimizing NNI: done in 0.237891 secs using 99.99% CPU
Optimizing NNI: done in 0.301818 secs using 99.99% CPU
Optimizing NNI: done in 0.4319 secs using 99.99% CPU
Optimizing NNI: done in 0.33486 secs using 99.99% CPU
Optimizing NNI: done in 0.350938 secs using 99.99% CPU
Optimizing NNI: done in 0.368651 secs using 99.99% CPU
Optimizing NNI: done in 0.318398 secs using 100% CPU
Optimizing NNI: done in 0.382089 secs using 98.96% CPU
Iteration 480 / LogL: -4093.336 / Time: 0h:8m:18s (0h:1m:15s left)
Optimizing NNI: done in 0.362706 secs using 100% CPU
Optimizing NNI: done in 0.415206 secs using 99.99% CPU
Optimizing NNI: done in 0.342331 secs using 100% CPU
Optimizing NNI: done in 0.509061 secs using 99.99% CPU
Optimizing NNI: done in 0.3831 secs using 100% CPU
Optimizing NNI: done in 0.377862 secs using 99.99% CPU
Optimizing NNI: done in 0.348613 secs using 99.99% CPU
Optimizing NNI: done in 0.313607 secs using 99.99% CPU
Optimizing NNI: done in 0.222574 secs using 100% CPU
Optimizing NNI: done in 0.391249 secs using 99.99% CPU
Iteration 490 / LogL: -4087.168 / Time: 0h:8m:22s (0h:1m:4s left)
Optimizing NNI: done in 0.327901 secs using 99.99% CPU
Optimizing NNI: done in 0.395394 secs using 99.99% CPU
Optimizing NNI: done in 0.262572 secs using 99.99% CPU
Optimizing NNI: done in 0.376357 secs using 99.99% CPU
Optimizing NNI: done in 0.403077 secs using 100% CPU
Optimizing NNI: done in 0.584692 secs using 99.99% CPU
Optimizing NNI: done in 0.611247 secs using 99.99% CPU
Optimizing NNI: done in 0.66115 secs using 100% CPU
Optimizing NNI: done in 0.645238 secs using 99.99% CPU
Optimizing NNI: done in 0.493344 secs using 98.38% CPU
Iteration 500 / LogL: -4087.168 / Time: 0h:8m:27s (0h:0m:53s left)
Log-likelihood cutoff on original alignment: -4130.658
NOTE: Bootstrap correlation coefficient of split occurrence frequencies: 0.992
Optimizing NNI: done in 0.5848 secs using 99.99% CPU
Optimizing NNI: done in 0.551869 secs using 99.99% CPU
Optimizing NNI: done in 0.476086 secs using 99.99% CPU
Optimizing NNI: done in 0.578834 secs using 99.99% CPU
Optimizing NNI: done in 0.624845 secs using 99.99% CPU
Optimizing NNI: done in 0.564831 secs using 99.99% CPU
Optimizing NNI: done in 0.631847 secs using 99.99% CPU
Optimizing NNI: done in 0.688489 secs using 100% CPU
Optimizing NNI: done in 0.577423 secs using 99.99% CPU
Optimizing NNI: done in 0.720535 secs using 99.99% CPU
Iteration 510 / LogL: -4092.843 / Time: 0h:8m:35s (0h:1m:31s left)
Optimizing NNI: done in 0.482738 secs using 99.99% CPU
Optimizing NNI: done in 0.60362 secs using 99.34% CPU
Optimizing NNI: done in 0.333952 secs using 99.99% CPU
Optimizing NNI: done in 0.359144 secs using 99.99% CPU
Optimizing NNI: done in 0.296079 secs using 99.99% CPU
Optimizing NNI: done in 0.409109 secs using 99.99% CPU
Optimizing NNI: done in 0.381599 secs using 99.99% CPU
Optimizing NNI: done in 0.469167 secs using 99.99% CPU
Optimizing NNI: done in 0.31046 secs using 99.99% CPU
Optimizing NNI: done in 0.362473 secs using 100% CPU
Iteration 520 / LogL: -4087.168 / Time: 0h:8m:39s (0h:1m:20s left)
Optimizing NNI: done in 0.338022 secs using 100% CPU
Optimizing NNI: done in 0.377385 secs using 99.99% CPU
Optimizing NNI: done in 0.366703 secs using 99.99% CPU
Optimizing NNI: done in 0.514 secs using 99.99% CPU
Optimizing NNI: done in 0.425657 secs using 100% CPU
Optimizing NNI: done in 0.34534 secs using 99.99% CPU
BETTER TREE FOUND at iteration 526: -4087.167
Optimizing NNI: done in 0.389156 secs using 100% CPU
Optimizing NNI: done in 0.292067 secs using 99.99% CPU
Optimizing NNI: done in 0.33836 secs using 99.99% CPU
Optimizing NNI: done in 0.250617 secs using 99.99% CPU
Iteration 530 / LogL: -4087.167 / Time: 0h:8m:43s (0h:1m:35s left)
Optimizing NNI: done in 0.32671 secs using 100% CPU
Optimizing NNI: done in 0.437068 secs using 99.99% CPU
Optimizing NNI: done in 0.426785 secs using 99.99% CPU
Optimizing NNI: done in 0.234974 secs using 99.99% CPU
Optimizing NNI: done in 0.418894 secs using 99.99% CPU
Optimizing NNI: done in 0.355615 secs using 99.99% CPU
Optimizing NNI: done in 0.355872 secs using 99.99% CPU
Optimizing NNI: done in 0.343793 secs using 99.99% CPU
Optimizing NNI: done in 0.420655 secs using 99.99% CPU
Optimizing NNI: done in 0.346793 secs using 99.99% CPU
Iteration 540 / LogL: -4087.167 / Time: 0h:8m:48s (0h:1m:24s left)
Optimizing NNI: done in 0.30776 secs using 99.99% CPU
Optimizing NNI: done in 0.366873 secs using 98.91% CPU
Optimizing NNI: done in 0.374302 secs using 99.99% CPU
Optimizing NNI: done in 0.446777 secs using 99.99% CPU
Optimizing NNI: done in 0.390062 secs using 99.99% CPU
Optimizing NNI: done in 0.397066 secs using 99.99% CPU
Optimizing NNI: done in 0.414476 secs using 99.99% CPU
Optimizing NNI: done in 0.347551 secs using 99.99% CPU
Optimizing NNI: done in 0.294949 secs using 99.99% CPU
Optimizing NNI: done in 0.197211 secs using 99.99% CPU
Iteration 550 / LogL: -4145.289 / Time: 0h:8m:52s (0h:1m:13s left)
Log-likelihood cutoff on original alignment: -4130.658
Optimizing NNI: done in 0.465872 secs using 100% CPU
Optimizing NNI: done in 0.310053 secs using 100% CPU
Optimizing NNI: done in 0.31821 secs using 100% CPU
Optimizing NNI: done in 0.304087 secs using 99.99% CPU
Optimizing NNI: done in 0.296561 secs using 99.99% CPU
Optimizing NNI: done in 0.347269 secs using 98.85% CPU
Optimizing NNI: done in 0.322972 secs using 99.99% CPU
Optimizing NNI: done in 0.340156 secs using 98.83% CPU
Optimizing NNI: done in 0.308418 secs using 100% CPU
Optimizing NNI: done in 0.451462 secs using 99.99% CPU
Iteration 560 / LogL: -4087.168 / Time: 0h:8m:56s (0h:1m:3s left)
Optimizing NNI: done in 0.328333 secs using 99.99% CPU
Optimizing NNI: done in 0.309615 secs using 99.99% CPU
Optimizing NNI: done in 0.323179 secs using 100% CPU
Optimizing NNI: done in 0.366134 secs using 99.99% CPU
Optimizing NNI: done in 0.36706 secs using 100% CPU
Optimizing NNI: done in 0.437828 secs using 99.99% CPU
Optimizing NNI: done in 0.357624 secs using 99.99% CPU
Optimizing NNI: done in 0.442579 secs using 99.99% CPU
Optimizing NNI: done in 0.420658 secs using 99.99% CPU
Optimizing NNI: done in 0.372479 secs using 99.99% CPU
Iteration 570 / LogL: -4087.205 / Time: 0h:9m:0s (0h:0m:53s left)
Optimizing NNI: done in 0.411119 secs using 99.99% CPU
Optimizing NNI: done in 0.383 secs using 100% CPU
Optimizing NNI: done in 0.360953 secs using 100% CPU
Optimizing NNI: done in 0.452442 secs using 99.99% CPU
Optimizing NNI: done in 0.366214 secs using 99.99% CPU
Optimizing NNI: done in 0.315736 secs using 99.99% CPU
Optimizing NNI: done in 0.287692 secs using 98.61% CPU
Optimizing NNI: done in 0.370872 secs using 99.99% CPU
Optimizing NNI: done in 0.390554 secs using 100% CPU
Optimizing NNI: done in 0.392684 secs using 99.99% CPU
Iteration 580 / LogL: -4087.167 / Time: 0h:9m:4s (0h:0m:43s left)
Optimizing NNI: done in 0.391428 secs using 99.99% CPU
Optimizing NNI: done in 0.372419 secs using 99.99% CPU
Optimizing NNI: done in 0.345528 secs using 99.99% CPU
Optimizing NNI: done in 0.359632 secs using 99.99% CPU
Optimizing NNI: done in 0.495759 secs using 99.99% CPU
Optimizing NNI: done in 0.309045 secs using 99.99% CPU
Optimizing NNI: done in 0.321933 secs using 99.99% CPU
Optimizing NNI: done in 0.348275 secs using 99.99% CPU
Optimizing NNI: done in 0.393653 secs using 99.99% CPU
Optimizing NNI: done in 0.341438 secs using 99.99% CPU
Iteration 590 / LogL: -4087.167 / Time: 0h:9m:9s (0h:0m:33s left)
Optimizing NNI: done in 0.342961 secs using 99.99% CPU
Optimizing NNI: done in 0.395244 secs using 99.99% CPU
Optimizing NNI: done in 0.424987 secs using 99.99% CPU
Optimizing NNI: done in 0.25067 secs using 100% CPU
Optimizing NNI: done in 0.366246 secs using 100% CPU
Optimizing NNI: done in 0.349016 secs using 99.99% CPU
Optimizing NNI: done in 0.439449 secs using 99.99% CPU
Optimizing NNI: done in 0.397487 secs using 99.99% CPU
Optimizing NNI: done in 0.351355 secs using 100% CPU
Optimizing NNI: done in 0.331634 secs using 99.99% CPU
Iteration 600 / LogL: -4091.619 / Time: 0h:9m:13s (0h:0m:24s left)
Log-likelihood cutoff on original alignment: -4130.658
NOTE: Bootstrap correlation coefficient of split occurrence frequencies: 0.994
Optimizing NNI: done in 0.377183 secs using 99.99% CPU
Optimizing NNI: done in 0.298259 secs using 100% CPU
Optimizing NNI: done in 0.384116 secs using 99.99% CPU
Optimizing NNI: done in 0.32722 secs using 99.99% CPU
Optimizing NNI: done in 0.323709 secs using 99.99% CPU
Optimizing NNI: done in 0.400216 secs using 99.99% CPU
Optimizing NNI: done in 0.405553 secs using 99.99% CPU
Optimizing NNI: done in 0.431913 secs using 99.99% CPU
Optimizing NNI: done in 0.423182 secs using 99.99% CPU
Optimizing NNI: done in 0.352252 secs using 99.99% CPU
Iteration 610 / LogL: -4087.203 / Time: 0h:9m:18s (0h:1m:22s left)
Optimizing NNI: done in 0.422701 secs using 99.99% CPU
Optimizing NNI: done in 0.430053 secs using 100% CPU
Optimizing NNI: done in 0.347007 secs using 100% CPU
Optimizing NNI: done in 0.321388 secs using 99.99% CPU
Optimizing NNI: done in 0.345683 secs using 99.99% CPU
Optimizing NNI: done in 0.420221 secs using 99.99% CPU
Optimizing NNI: done in 0.437201 secs using 100% CPU
Optimizing NNI: done in 0.346845 secs using 99.99% CPU
Optimizing NNI: done in 0.402072 secs using 99.99% CPU
Optimizing NNI: done in 0.419589 secs using 99.99% CPU
Iteration 620 / LogL: -4091.810 / Time: 0h:9m:22s (0h:1m:12s left)
Optimizing NNI: done in 0.393932 secs using 100% CPU
Optimizing NNI: done in 0.380809 secs using 99.99% CPU
Optimizing NNI: done in 0.378814 secs using 99.99% CPU
Optimizing NNI: done in 0.36698 secs using 98.91% CPU
Optimizing NNI: done in 0.429074 secs using 99.99% CPU
Optimizing NNI: done in 0.347844 secs using 98.85% CPU
Optimizing NNI: done in 0.37819 secs using 100% CPU
TREE SEARCH COMPLETED AFTER 627 ITERATIONS / Time: 0h:9m:25s

--------------------------------------------------------------------
|                    FINALIZING TREE SEARCH                        |
--------------------------------------------------------------------
Performs final model parameters optimization
Estimate model parameters (epsilon = 0.010)
1. Initial log-likelihood: -4087.167
Optimal log-likelihood: -4087.164
Rate parameters:  A-C: 2.35049  A-G: 10.37542  A-T: 3.35815  C-G: 3.78392  C-T: 8.13661  G-T: 1.00000
Base frequencies:  A: 0.271  C: 0.210  G: 0.209  T: 0.311
Site proportion and rates:  (0.496,0.117) (0.026,0.268) (0.395,1.499) (0.084,4.099)
Parameters optimization took 1 rounds (0.073 sec)
BEST SCORE FOUND : -4087.164
Creating bootstrap support values...
Split supports printed to NEXUS file 6864_iqtree_final_superstrict_excluding_hybrids.splits.nex
Total tree length: 2.623

Total number of iterations: 627
CPU time used for tree search: 379.989 sec (0h:6m:19s)
Wall-clock time used for tree search: 440.415 sec (0h:7m:20s)
Total CPU time used: 512.755 sec (0h:8m:32s)
Total wall-clock time used: 566.033 sec (0h:9m:26s)

Computing bootstrap consensus tree...
Reading input file 6864_iqtree_final_superstrict_excluding_hybrids.splits.nex...
110 taxa and 1266 splits.
Consensus tree written to 6864_iqtree_final_superstrict_excluding_hybrids.contree
Reading input trees file 6864_iqtree_final_superstrict_excluding_hybrids.contree
Log-likelihood of consensus tree: -4087.560

Analysis results written to: 
  IQ-TREE report:                6864_iqtree_final_superstrict_excluding_hybrids.iqtree
  Maximum-likelihood tree:       6864_iqtree_final_superstrict_excluding_hybrids.treefile
  Likelihood distances:          6864_iqtree_final_superstrict_excluding_hybrids.mldist

Ultrafast bootstrap approximation results written to:
  Split support values:          6864_iqtree_final_superstrict_excluding_hybrids.splits.nex
  Consensus tree:                6864_iqtree_final_superstrict_excluding_hybrids.contree
  Screen log file:               6864_iqtree_final_superstrict_excluding_hybrids.log

ALISIM COMMAND
--------------
--alisim simulated_MSA -t 6864_iqtree_final_superstrict_excluding_hybrids.treefile -m "GTR{2.35049,10.3754,3.35815,3.78392,8.13661}+F{0.270546,0.209515,0.208607,0.311333}+R4{0.495615,0.117327,0.0255806,0.267546,0.395212,1.49878,0.0835921,4.09933}" --length 309

Date and Time: Fri Jun  2 10:11:04 2023
