IQ-TREE multicore version 2.2.2 COVID-edition for Linux 64-bit built Sep 20 2022
Developed by Bui Quang Minh, James Barbetti, Nguyen Lam Tung,
Olga Chernomor, Heiko Schmidt, Dominik Schrempf, Michael Woodhams, Ly Trong Nhan.

Host:    netdc-bms-c11f (AVX2, FMA3, 377 GB RAM)
Command: /home/kasper.hendriks/iqtree-2.2.2-Linux/bin/iqtree2 -s 6977_taper_final_superstrict_excluding_hybrids.fasta -B 1000 -nm 1000 -m GTR+F+R -nt AUTO --prefix 6977_iqtree_final_superstrict_excluding_hybrids
Seed:    773738 (Using SPRNG - Scalable Parallel Random Number Generator)
Time:    Fri Jun  2 10:03:04 2023
Kernel:  AVX+FMA - auto-detect threads (56 CPU cores detected)

Reading alignment file 6977_taper_final_superstrict_excluding_hybrids.fasta ... Fasta format detected
Reading fasta file: done in 0.000983 secs
Alignment most likely contains DNA/RNA sequences
Constructing alignment: done in 0.00247288 secs using 1668% CPU
Alignment has 110 sequences with 336 columns, 257 distinct patterns
158 parsimony-informative, 55 singleton sites, 122 constant sites
               Gap/Ambiguity  Composition  p-value
Analyzing sequences: done in 0.015944 secs using 1376% CPU
   1  CRNC             0.00%    passed     56.05%
   2  HYZL             6.85%    passed     40.99%
   3  MYZV             0.00%    passed     58.13%
   4  SRR6441723       0.00%    passed     73.53%
   5  PAFTOL_019361    0.30%    passed     93.73%
   6  S0055            0.00%    passed     92.92%
   7  S0196sl         21.73%    passed     81.27%
   8  S0278            0.00%    passed     93.06%
   9  S0281            0.00%    passed     97.43%
  10  S0282            0.00%    passed     91.74%
  11  S0289            0.00%    passed     95.52%
  12  S0292            0.30%    passed     94.26%
  13  S0293            0.30%    passed     94.78%
  14  S0294            6.25%    passed     84.45%
  15  S0299            0.00%    passed     95.90%
  16  S0303           20.54%    passed     94.45%
  17  S0308            0.00%    passed     94.55%
  18  S0320            1.19%    passed     87.08%
  19  S0322            0.60%    passed     98.46%
  20  S0327            2.38%    passed     96.33%
  21  S0335            0.30%    passed     92.03%
  22  S0376            0.30%    passed     88.58%
  23  S0400            0.30%    passed     88.63%
  24  S0405            0.60%    passed     99.03%
  25  S0407sl          2.98%    passed     90.08%
  26  S0412sl          0.60%    passed     98.47%
  27  S0417            0.00%    passed     95.42%
  28  S0419            0.30%    passed     76.57%
  29  S0427            1.19%    passed     81.89%
  30  S0428sl         21.73%    passed     78.80%
  31  S0430            0.30%    passed     97.58%
  32  S0478            0.30%    passed     83.40%
  33  S0552sl          0.00%    passed     92.71%
  34  S0558            0.00%    passed     99.88%
  35  S0624            0.30%    passed     78.28%
  36  S0641            0.00%    passed     98.49%
  37  S0643            0.30%    passed     88.45%
  38  S0645sl          0.60%    passed     93.99%
  39  S0656sl          0.00%    passed     97.79%
  40  S0673            0.00%    passed     87.49%
  41  S0689            0.30%    passed     94.44%
  42  S0690           19.35%    passed     99.02%
  43  S0720            0.30%    passed     99.11%
  44  S0724sl          2.68%    passed     77.39%
  45  S0735            0.00%    passed     88.69%
  46  S0742            0.89%    passed     97.94%
  47  S0748            0.60%    passed     99.14%
  48  S0753           11.90%    passed     86.06%
  49  S0756            0.00%    passed     96.93%
  50  S0760            0.30%    passed     98.01%
  51  S0763            0.00%    passed     94.67%
  52  S0765            0.00%    passed     98.21%
  53  S0770            9.52%    passed     85.07%
  54  S0771            0.00%    passed     99.87%
  55  S0795            0.00%    passed     99.76%
  56  S0888            0.00%    passed     99.99%
  57  S0894            0.30%    passed     99.89%
  58  S0899            0.00%    passed     98.39%
  59  S0906            0.30%    passed     98.85%
  60  S0952            0.00%    passed     98.54%
  61  S0956            9.82%    passed     84.94%
  62  S0959            0.00%    passed     93.37%
  63  S0960           41.37%    passed     77.80%
  64  S0964           39.58%    passed     68.25%
  65  S1052sl          0.00%    passed     97.92%
  66  S1083            0.00%    passed     98.37%
  67  S1100           41.37%    passed     25.92%
  68  S1102            0.00%    passed     93.75%
  69  S1110            0.30%    passed     99.65%
  70  S1120           31.55%    passed     45.94%
  71  S1128            0.30%    passed     95.32%
  72  S1129sl          0.00%    passed     99.73%
  73  S1148            0.30%    passed     92.58%
  74  S1177            0.00%    passed     96.49%
  75  S1180            0.89%    passed     92.12%
  76  S1189            0.60%    passed     99.37%
  77  S1201sl          0.00%    passed     99.68%
  78  S1210            0.30%    passed     99.35%
  79  S1211            0.00%    passed     94.42%
  80  S1214sl          0.00%    passed     73.78%
  81  S1223            0.00%    passed     90.59%
  82  S1227            0.00%    passed     98.58%
  83  S1235sl          0.00%    passed     91.60%
  84  S1238sl         21.43%    passed     85.45%
  85  S1239            0.30%    passed     98.48%
  86  S1245            0.00%    passed     98.59%
  87  S1246            0.30%    passed     97.85%
  88  S1249            0.89%    passed     99.40%
  89  S1250sl          0.60%    passed     97.33%
  90  S1251            0.00%    passed     93.42%
  91  S1266sl          0.30%    passed     97.84%
  92  S1269            1.19%    passed     98.38%
  93  S1278            0.00%    passed     96.93%
  94  S1315            1.19%    passed     92.32%
  95  S1332            0.00%    passed     87.87%
  96  S1366            0.30%    passed     81.99%
  97  S1369            0.00%    passed     99.46%
  98  S1370            0.60%    passed     90.96%
  99  S1375            0.30%    passed     86.63%
 100  S1376            0.00%    passed     99.22%
 101  S1381            0.30%    passed     97.08%
 102  S1422            0.30%    passed     91.55%
 103  S1449            0.60%    passed     86.60%
 104  S1460            0.60%    passed     71.92%
 105  S1462            0.00%    passed     91.52%
 106  S1498           19.94%    passed     97.53%
 107  S1539            0.00%    passed     99.30%
 108  S_670            2.08%    passed     98.34%
 109  SRR11470320      0.00%    passed     99.39%
 110  SRR8528357       0.00%    passed     95.67%
****  TOTAL            3.22%  0 sequences failed composition chi2 test (p-value<5%; df=3)
NOTE: S1278 is identical to S0756 but kept for subsequent analysis
Checking for duplicate sequences: done in 0.0194108 secs using 1587% CPU

Create initial parsimony tree by phylogenetic likelihood library (PLL)... 0.035 seconds
Generating 1000 samples for ultrafast bootstrap (seed: 773738)...

NOTE: 4 MB RAM (0 GB) is required!
Measuring multi-threading efficiency up to 56 CPU cores
Increase to 10 rounds for branch lengths
428 trees examined
Threads: 1 / Time: 56.043 sec / Speedup: 1.000 / Efficiency: 100% / LogL: -9082
Threads: 2 / Time: 79.442 sec / Speedup: 0.705 / Efficiency: 35% / LogL: -9082
Determining AUTO threadcount: done in 135.486 secs using 123.9% CPU
BEST NUMBER OF THREADS: 1

Estimate model parameters (epsilon = 0.100)
1. Initial log-likelihood: -4963.610
2. Current log-likelihood: -4783.602
3. Current log-likelihood: -4780.411
4. Current log-likelihood: -4779.109
5. Current log-likelihood: -4778.191
6. Current log-likelihood: -4777.522
7. Current log-likelihood: -4777.027
8. Current log-likelihood: -4776.659
9. Current log-likelihood: -4776.373
10. Current log-likelihood: -4776.180
11. Current log-likelihood: -4776.019
12. Current log-likelihood: -4775.904
13. Current log-likelihood: -4775.802
14. Current log-likelihood: -4775.689
15. Current log-likelihood: -4775.572
16. Current log-likelihood: -4775.446
17. Current log-likelihood: -4775.317
18. Current log-likelihood: -4775.193
19. Current log-likelihood: -4775.076
20. Current log-likelihood: -4774.968
21. Current log-likelihood: -4774.867
Optimal log-likelihood: -4774.768
Rate parameters:  A-C: 1.00065  A-G: 4.13774  A-T: 0.95047  C-G: 1.95587  C-T: 4.18260  G-T: 1.00000
Base frequencies:  A: 0.298  C: 0.174  G: 0.243  T: 0.286
Site proportion and rates:  (0.491,0.137) (0.127,0.716) (0.327,1.749) (0.056,4.846)
Parameters optimization took 21 rounds (3.053 sec)
Wrote distance file to... 
Computing ML distances based on estimated model parameters...
Calculating distance matrix: done in 0.117861 secs using 99.99% CPU
Computing ML distances took 0.118188 sec (of wall-clock time) 0.118179 sec (of CPU time)
Setting up auxiliary I and S matrices: done in 0.000859976 secs using 100% CPU
Constructing RapidNJ tree: done in 0.00192404 secs using 308.6% CPU
Computing RapidNJ tree took 0.002924 sec (of wall-clock time) 0.006936 sec (of CPU time)
Log-likelihood of RapidNJ tree: -4800.646
--------------------------------------------------------------------
|             INITIALIZING CANDIDATE TREE SET                      |
--------------------------------------------------------------------
Generating 98 parsimony trees... 1.342 second
Computing log-likelihood of 98 initial trees ... 2.310 seconds
Current best score: -4753.124

Do NNI search on 20 best initial trees
Optimizing NNI: done in 0.552576 secs using 84.8% CPU
Estimate model parameters (epsilon = 0.100)
BETTER TREE FOUND at iteration 1: -4751.613
Optimizing NNI: done in 0.490235 secs using 100% CPU
Optimizing NNI: done in 0.504195 secs using 100% CPU
Optimizing NNI: done in 0.612193 secs using 100% CPU
Optimizing NNI: done in 0.919921 secs using 71.82% CPU
Optimizing NNI: done in 0.587455 secs using 88.91% CPU
Optimizing NNI: done in 0.682203 secs using 97.44% CPU
Optimizing NNI: done in 0.636161 secs using 91.85% CPU
Optimizing NNI: done in 0.5612 secs using 100% CPU
Optimizing NNI: done in 0.604415 secs using 100% CPU
Iteration 10 / LogL: -4755.031 / Time: 0h:2m:29s
Optimizing NNI: done in 0.645456 secs using 95.04% CPU
Optimizing NNI: done in 0.674442 secs using 100% CPU
Optimizing NNI: done in 0.674247 secs using 99.99% CPU
Optimizing NNI: done in 0.57746 secs using 100% CPU
Optimizing NNI: done in 0.765943 secs using 79.98% CPU
Optimizing NNI: done in 0.608569 secs using 100% CPU
Optimizing NNI: done in 0.649728 secs using 100% CPU
Optimizing NNI: done in 0.946483 secs using 67.88% CPU
Optimizing NNI: done in 1.01577 secs using 58.26% CPU
Optimizing NNI: done in 0.603229 secs using 68.18% CPU
Iteration 20 / LogL: -4755.168 / Time: 0h:2m:36s
Finish initializing candidate tree set (20)
Current best tree score: -4751.613 / CPU time: 17.589
Number of iterations: 20
--------------------------------------------------------------------
|               OPTIMIZING CANDIDATE TREE SET                      |
--------------------------------------------------------------------
Optimizing NNI: done in 0.587261 secs using 77.5% CPU
Optimizing NNI: done in 0.608921 secs using 88.56% CPU
Optimizing NNI: done in 0.515305 secs using 100% CPU
Optimizing NNI: done in 0.56741 secs using 99.69% CPU
Optimizing NNI: done in 0.606173 secs using 100% CPU
Optimizing NNI: done in 0.511713 secs using 100% CPU
Optimizing NNI: done in 0.576419 secs using 87.93% CPU
Optimizing NNI: done in 0.63652 secs using 99.99% CPU
Optimizing NNI: done in 0.693381 secs using 100% CPU
Optimizing NNI: done in 0.617821 secs using 100% CPU
Iteration 30 / LogL: -4755.431 / Time: 0h:2m:42s (0h:6m:37s left)
Optimizing NNI: done in 0.512826 secs using 99.99% CPU
Optimizing NNI: done in 0.59914 secs using 100% CPU
Optimizing NNI: done in 0.498427 secs using 100% CPU
Optimizing NNI: done in 0.639187 secs using 91.32% CPU
Optimizing NNI: done in 0.907364 secs using 84.11% CPU
Estimate model parameters (epsilon = 0.100)
BETTER TREE FOUND at iteration 35: -4749.948
Optimizing NNI: done in 0.598468 secs using 99.35% CPU
Estimate model parameters (epsilon = 0.100)
BETTER TREE FOUND at iteration 36: -4749.241
Optimizing NNI: done in 0.360468 secs using 100% CPU
Optimizing NNI: done in 0.638352 secs using 99.18% CPU
Optimizing NNI: done in 0.589959 secs using 100% CPU
Optimizing NNI: done in 0.535573 secs using 100% CPU
Iteration 40 / LogL: -4756.390 / Time: 0h:2m:50s (0h:6m:58s left)
Optimizing NNI: done in 0.73399 secs using 99.99% CPU
Optimizing NNI: done in 0.408748 secs using 99.99% CPU
Optimizing NNI: done in 0.577919 secs using 100% CPU
Optimizing NNI: done in 0.512152 secs using 100% CPU
Optimizing NNI: done in 0.359841 secs using 100% CPU
Optimizing NNI: done in 0.567277 secs using 76.75% CPU
Optimizing NNI: done in 0.785211 secs using 81.7% CPU
Optimizing NNI: done in 0.557255 secs using 99.67% CPU
Optimizing NNI: done in 0.572517 secs using 99.99% CPU
Optimizing NNI: done in 0.816874 secs using 75.02% CPU
Iteration 50 / LogL: -4749.427 / Time: 0h:2m:56s (0h:5m:8s left)
Log-likelihood cutoff on original alignment: -4781.467
Optimizing NNI: done in 0.713113 secs using 95.74% CPU
Optimizing NNI: done in 0.609547 secs using 68.22% CPU
Optimizing NNI: done in 0.940324 secs using 65.12% CPU
Optimizing NNI: done in 0.480486 secs using 99.65% CPU
Optimizing NNI: done in 0.515416 secs using 99.22% CPU
Optimizing NNI: done in 0.339149 secs using 100% CPU
Optimizing NNI: done in 0.541052 secs using 100% CPU
Optimizing NNI: done in 0.469827 secs using 100% CPU
Optimizing NNI: done in 0.501502 secs using 99.99% CPU
Optimizing NNI: done in 0.510015 secs using 100% CPU
Iteration 60 / LogL: -4749.626 / Time: 0h:3m:2s (0h:3m:55s left)
Optimizing NNI: done in 0.580393 secs using 94.48% CPU
Optimizing NNI: done in 0.840993 secs using 76.69% CPU
Optimizing NNI: done in 0.431412 secs using 100% CPU
Optimizing NNI: done in 0.680912 secs using 99.99% CPU
Optimizing NNI: done in 0.489454 secs using 82.82% CPU
Optimizing NNI: done in 0.559892 secs using 100% CPU
Optimizing NNI: done in 0.681879 secs using 88.26% CPU
Optimizing NNI: done in 0.573637 secs using 100% CPU
Optimizing NNI: done in 0.539077 secs using 96.38% CPU
Optimizing NNI: done in 0.619464 secs using 61.34% CPU
Iteration 70 / LogL: -4785.599 / Time: 0h:3m:8s (0h:3m:0s left)
Optimizing NNI: done in 0.430105 secs using 89.77% CPU
Optimizing NNI: done in 0.838937 secs using 77.35% CPU
Optimizing NNI: done in 0.683312 secs using 86.54% CPU
Optimizing NNI: done in 0.404629 secs using 99.99% CPU
Optimizing NNI: done in 0.549669 secs using 100% CPU
Optimizing NNI: done in 0.624092 secs using 100% CPU
Optimizing NNI: done in 0.571013 secs using 97.2% CPU
Optimizing NNI: done in 0.622185 secs using 99.99% CPU
Optimizing NNI: done in 0.340028 secs using 96.45% CPU
Optimizing NNI: done in 0.569086 secs using 100% CPU
Iteration 80 / LogL: -4756.564 / Time: 0h:3m:14s (0h:2m:17s left)
Optimizing NNI: done in 0.475973 secs using 100% CPU
Optimizing NNI: done in 0.686836 secs using 99.98% CPU
Optimizing NNI: done in 0.709167 secs using 99.48% CPU
Optimizing NNI: done in 0.659094 secs using 99.99% CPU
Optimizing NNI: done in 0.429071 secs using 100% CPU
Optimizing NNI: done in 0.506317 secs using 100% CPU
Optimizing NNI: done in 0.574102 secs using 100% CPU
Optimizing NNI: done in 0.630025 secs using 99.98% CPU
Optimizing NNI: done in 0.442997 secs using 99.99% CPU
Optimizing NNI: done in 0.413451 secs using 100% CPU
Iteration 90 / LogL: -4758.743 / Time: 0h:3m:20s (0h:1m:43s left)
Optimizing NNI: done in 0.312063 secs using 100% CPU
Optimizing NNI: done in 0.443156 secs using 96.39% CPU
Optimizing NNI: done in 0.725613 secs using 100% CPU
Optimizing NNI: done in 0.552466 secs using 100% CPU
Optimizing NNI: done in 0.810874 secs using 98.02% CPU
Optimizing NNI: done in 0.656348 secs using 98.24% CPU
Optimizing NNI: done in 0.553938 secs using 100% CPU
Optimizing NNI: done in 0.563311 secs using 97.88% CPU
Estimate model parameters (epsilon = 0.100)
BETTER TREE FOUND at iteration 98: -4749.138
Optimizing NNI: done in 0.56575 secs using 99.99% CPU
Optimizing NNI: done in 0.464361 secs using 100% CPU
Iteration 100 / LogL: -4760.215 / Time: 0h:3m:26s (0h:3m:24s left)
Log-likelihood cutoff on original alignment: -4781.467
NOTE: Bootstrap correlation coefficient of split occurrence frequencies: 0.995
Optimizing NNI: done in 0.556041 secs using 99.99% CPU
Optimizing NNI: done in 0.576606 secs using 99.4% CPU
Optimizing NNI: done in 0.51941 secs using 100% CPU
Optimizing NNI: done in 0.546668 secs using 97.84% CPU
Optimizing NNI: done in 0.567052 secs using 100% CPU
Optimizing NNI: done in 0.360476 secs using 100% CPU
Optimizing NNI: done in 0.37799 secs using 100% CPU
Optimizing NNI: done in 0.614339 secs using 100% CPU
Optimizing NNI: done in 0.679524 secs using 94.7% CPU
Optimizing NNI: done in 0.481049 secs using 100% CPU
Iteration 110 / LogL: -4749.448 / Time: 0h:3m:32s (0h:2m:55s left)
Optimizing NNI: done in 0.515405 secs using 100% CPU
Optimizing NNI: done in 0.467738 secs using 100% CPU
Optimizing NNI: done in 0.593696 secs using 100% CPU
Optimizing NNI: done in 0.504925 secs using 100% CPU
Optimizing NNI: done in 0.257975 secs using 100% CPU
Optimizing NNI: done in 0.48443 secs using 97.53% CPU
Optimizing NNI: done in 0.520651 secs using 100% CPU
Optimizing NNI: done in 0.453207 secs using 96.84% CPU
Optimizing NNI: done in 0.634823 secs using 77.38% CPU
Optimizing NNI: done in 0.499366 secs using 99.41% CPU
Iteration 120 / LogL: -4749.244 / Time: 0h:3m:37s (0h:2m:26s left)
Optimizing NNI: done in 0.675578 secs using 100% CPU
Optimizing NNI: done in 0.597579 secs using 100% CPU
Optimizing NNI: done in 0.629773 secs using 100% CPU
Optimizing NNI: done in 0.748003 secs using 82.9% CPU
Optimizing NNI: done in 0.606602 secs using 99.99% CPU
Optimizing NNI: done in 0.661008 secs using 100% CPU
Optimizing NNI: done in 0.594406 secs using 91.19% CPU
Optimizing NNI: done in 0.699845 secs using 100% CPU
Optimizing NNI: done in 0.583262 secs using 100% CPU
Optimizing NNI: done in 0.545506 secs using 100% CPU
Iteration 130 / LogL: -4751.868 / Time: 0h:3m:44s (0h:2m:1s left)
Optimizing NNI: done in 0.686119 secs using 99.99% CPU
Optimizing NNI: done in 0.654567 secs using 100% CPU
Optimizing NNI: done in 0.493936 secs using 100% CPU
Optimizing NNI: done in 0.463682 secs using 100% CPU
Optimizing NNI: done in 0.589074 secs using 100% CPU
BETTER TREE FOUND at iteration 135: -4749.137
Optimizing NNI: done in 0.566402 secs using 99.3% CPU
Optimizing NNI: done in 0.608439 secs using 99.61% CPU
Optimizing NNI: done in 0.591429 secs using 100% CPU
Optimizing NNI: done in 0.531134 secs using 100% CPU
Optimizing NNI: done in 0.513567 secs using 100% CPU
Iteration 140 / LogL: -4752.410 / Time: 0h:3m:50s (0h:2m:37s left)
Optimizing NNI: done in 0.489524 secs using 100% CPU
BETTER TREE FOUND at iteration 141: -4749.137
Optimizing NNI: done in 1.14762 secs using 64.48% CPU
Optimizing NNI: done in 0.807573 secs using 70.85% CPU
Estimate model parameters (epsilon = 0.100)
BETTER TREE FOUND at iteration 143: -4748.069
Optimizing NNI: done in 0.8367 secs using 99.57% CPU
Optimizing NNI: done in 0.463621 secs using 100% CPU
Optimizing NNI: done in 0.421273 secs using 100% CPU
Optimizing NNI: done in 0.550187 secs using 99.28% CPU
Optimizing NNI: done in 0.541438 secs using 99.99% CPU
Optimizing NNI: done in 0.538991 secs using 100% CPU
Estimate model parameters (epsilon = 0.100)
BETTER TREE FOUND at iteration 149: -4747.761
Optimizing NNI: done in 0.515158 secs using 99.87% CPU
Iteration 150 / LogL: -4770.327 / Time: 0h:3m:57s (0h:2m:37s left)
Log-likelihood cutoff on original alignment: -4781.467
Optimizing NNI: done in 0.573307 secs using 100% CPU
Optimizing NNI: done in 0.571652 secs using 100% CPU
Optimizing NNI: done in 0.565073 secs using 100% CPU
Optimizing NNI: done in 0.521396 secs using 100% CPU
Optimizing NNI: done in 0.514464 secs using 100% CPU
Optimizing NNI: done in 0.604532 secs using 100% CPU
Optimizing NNI: done in 0.600782 secs using 100% CPU
Optimizing NNI: done in 0.556284 secs using 99.91% CPU
Optimizing NNI: done in 0.460156 secs using 100% CPU
Optimizing NNI: done in 0.277069 secs using 100% CPU
Iteration 160 / LogL: -4801.769 / Time: 0h:4m:3s (0h:2m:16s left)
Optimizing NNI: done in 0.496824 secs using 100% CPU
Optimizing NNI: done in 0.547229 secs using 100% CPU
Optimizing NNI: done in 0.765194 secs using 100% CPU
Optimizing NNI: done in 0.58925 secs using 100% CPU
Optimizing NNI: done in 0.742752 secs using 100% CPU
Optimizing NNI: done in 0.80284 secs using 68.67% CPU
Optimizing NNI: done in 0.663956 secs using 90.36% CPU
Optimizing NNI: done in 0.721813 secs using 100% CPU
Optimizing NNI: done in 0.456228 secs using 100% CPU
Optimizing NNI: done in 0.614975 secs using 100% CPU
Iteration 170 / LogL: -4750.147 / Time: 0h:4m:9s (0h:1m:56s left)
Optimizing NNI: done in 0.521924 secs using 100% CPU
Optimizing NNI: done in 0.675899 secs using 100% CPU
Optimizing NNI: done in 0.789702 secs using 86.26% CPU
Optimizing NNI: done in 0.57739 secs using 99.92% CPU
Optimizing NNI: done in 0.380029 secs using 100% CPU
Optimizing NNI: done in 0.483788 secs using 100% CPU
Optimizing NNI: done in 0.672996 secs using 100% CPU
Optimizing NNI: done in 0.65133 secs using 99.99% CPU
Optimizing NNI: done in 0.65276 secs using 100% CPU
Optimizing NNI: done in 0.709542 secs using 82.64% CPU
BETTER TREE FOUND at iteration 180: -4747.759
Iteration 180 / LogL: -4747.759 / Time: 0h:4m:16s (0h:2m:23s left)
Optimizing NNI: done in 0.742185 secs using 78.9% CPU
Optimizing NNI: done in 1.06202 secs using 55.55% CPU
Optimizing NNI: done in 0.733152 secs using 62.88% CPU
Optimizing NNI: done in 0.675882 secs using 89.95% CPU
Optimizing NNI: done in 0.452224 secs using 100% CPU
Optimizing NNI: done in 0.566682 secs using 100% CPU
Optimizing NNI: done in 0.679899 secs using 85.89% CPU
Optimizing NNI: done in 0.895962 secs using 63.9% CPU
Optimizing NNI: done in 0.692114 secs using 93.6% CPU
Optimizing NNI: done in 0.70947 secs using 62.34% CPU
Iteration 190 / LogL: -4770.565 / Time: 0h:4m:24s (0h:2m:5s left)
Optimizing NNI: done in 0.764672 secs using 79.14% CPU
Optimizing NNI: done in 0.743011 secs using 70.93% CPU
Optimizing NNI: done in 0.621586 secs using 75.93% CPU
Optimizing NNI: done in 0.653017 secs using 78.89% CPU
Optimizing NNI: done in 0.703129 secs using 77.41% CPU
Optimizing NNI: done in 0.680181 secs using 82.38% CPU
Optimizing NNI: done in 0.602078 secs using 76.74% CPU
Optimizing NNI: done in 0.58452 secs using 82.88% CPU
Optimizing NNI: done in 0.573669 secs using 81.16% CPU
Optimizing NNI: done in 0.694635 secs using 100% CPU
Iteration 200 / LogL: -4775.105 / Time: 0h:4m:31s (0h:1m:48s left)
Log-likelihood cutoff on original alignment: -4781.467
NOTE: Bootstrap correlation coefficient of split occurrence frequencies: 0.996
Optimizing NNI: done in 0.754197 secs using 82.06% CPU
Optimizing NNI: done in 0.781729 secs using 71.3% CPU
Optimizing NNI: done in 0.395145 secs using 81.81% CPU
Optimizing NNI: done in 0.76613 secs using 70.75% CPU
Optimizing NNI: done in 0.759355 secs using 74.64% CPU
Optimizing NNI: done in 0.878314 secs using 73.57% CPU
Optimizing NNI: done in 0.399704 secs using 76.04% CPU
Optimizing NNI: done in 0.475535 secs using 99.94% CPU
Estimate model parameters (epsilon = 0.100)
BETTER TREE FOUND at iteration 208: -4747.461
Optimizing NNI: done in 0.553321 secs using 82.64% CPU
Optimizing NNI: done in 0.604676 secs using 97.99% CPU
Iteration 210 / LogL: -4747.739 / Time: 0h:4m:38s (0h:2m:10s left)
Optimizing NNI: done in 0.369073 secs using 78.29% CPU
Optimizing NNI: done in 0.769781 secs using 72.45% CPU
Optimizing NNI: done in 0.623189 secs using 99.99% CPU
Optimizing NNI: done in 0.321971 secs using 100% CPU
Optimizing NNI: done in 0.404158 secs using 100% CPU
Optimizing NNI: done in 0.421056 secs using 100% CPU
Optimizing NNI: done in 0.503187 secs using 100% CPU
Optimizing NNI: done in 0.706505 secs using 91.01% CPU
Optimizing NNI: done in 0.638702 secs using 100% CPU
Optimizing NNI: done in 0.348449 secs using 100% CPU
Iteration 220 / LogL: -4796.467 / Time: 0h:4m:44s (0h:1m:54s left)
Optimizing NNI: done in 0.762362 secs using 100% CPU
BETTER TREE FOUND at iteration 221: -4747.458
Optimizing NNI: done in 0.924497 secs using 70.92% CPU
Optimizing NNI: done in 0.54557 secs using 100% CPU
Optimizing NNI: done in 0.459902 secs using 93.65% CPU
Optimizing NNI: done in 0.587965 secs using 99.97% CPU
Optimizing NNI: done in 0.481006 secs using 99.95% CPU
Optimizing NNI: done in 0.669118 secs using 91.59% CPU
Optimizing NNI: done in 0.735326 secs using 78.06% CPU
Optimizing NNI: done in 0.650699 secs using 99.93% CPU
Optimizing NNI: done in 0.446399 secs using 99.97% CPU
Iteration 230 / LogL: -4751.397 / Time: 0h:4m:50s (0h:1m:55s left)
Optimizing NNI: done in 0.546543 secs using 99.97% CPU
Optimizing NNI: done in 1.02024 secs using 77.75% CPU
Optimizing NNI: done in 0.548445 secs using 99.97% CPU
Optimizing NNI: done in 0.493069 secs using 99.98% CPU
Optimizing NNI: done in 0.722678 secs using 93.89% CPU
Optimizing NNI: done in 0.317122 secs using 99.97% CPU
Optimizing NNI: done in 0.563537 secs using 81.71% CPU
Optimizing NNI: done in 0.516989 secs using 99.35% CPU
Optimizing NNI: done in 0.527579 secs using 100% CPU
Optimizing NNI: done in 0.415295 secs using 100% CPU
Iteration 240 / LogL: -4756.954 / Time: 0h:4m:56s (0h:1m:40s left)
Optimizing NNI: done in 0.477628 secs using 100% CPU
Optimizing NNI: done in 0.48881 secs using 100% CPU
Optimizing NNI: done in 0.70447 secs using 100% CPU
Optimizing NNI: done in 0.551212 secs using 100% CPU
Optimizing NNI: done in 0.584201 secs using 83.2% CPU
Optimizing NNI: done in 0.569816 secs using 100% CPU
Optimizing NNI: done in 0.68396 secs using 100% CPU
Optimizing NNI: done in 0.310831 secs using 100% CPU
Optimizing NNI: done in 0.550709 secs using 100% CPU
Optimizing NNI: done in 0.602361 secs using 100% CPU
Iteration 250 / LogL: -4767.112 / Time: 0h:5m:2s (0h:1m:26s left)
Log-likelihood cutoff on original alignment: -4781.467
Optimizing NNI: done in 0.659974 secs using 100% CPU
Optimizing NNI: done in 0.523425 secs using 100% CPU
Optimizing NNI: done in 0.562286 secs using 99.99% CPU
Optimizing NNI: done in 0.578072 secs using 100% CPU
Optimizing NNI: done in 0.52832 secs using 100% CPU
Optimizing NNI: done in 0.71598 secs using 100% CPU
Optimizing NNI: done in 0.617068 secs using 100% CPU
Optimizing NNI: done in 0.562763 secs using 100% CPU
Optimizing NNI: done in 0.475414 secs using 100% CPU
Optimizing NNI: done in 0.580043 secs using 100% CPU
Iteration 260 / LogL: -4747.739 / Time: 0h:5m:9s (0h:1m:12s left)
Optimizing NNI: done in 0.450203 secs using 100% CPU
Optimizing NNI: done in 0.729993 secs using 99.45% CPU
Optimizing NNI: done in 0.546313 secs using 100% CPU
Optimizing NNI: done in 0.63213 secs using 100% CPU
Optimizing NNI: done in 0.574818 secs using 100% CPU
Optimizing NNI: done in 0.5844 secs using 100% CPU
Optimizing NNI: done in 0.565547 secs using 100% CPU
Optimizing NNI: done in 0.551479 secs using 99.28% CPU
Optimizing NNI: done in 0.587982 secs using 100% CPU
Optimizing NNI: done in 0.670963 secs using 100% CPU
Iteration 270 / LogL: -4747.459 / Time: 0h:5m:15s (0h:0m:59s left)
Optimizing NNI: done in 0.644897 secs using 100% CPU
Optimizing NNI: done in 0.720636 secs using 100% CPU
Optimizing NNI: done in 0.557771 secs using 100% CPU
Optimizing NNI: done in 0.605046 secs using 100% CPU
Optimizing NNI: done in 0.708799 secs using 99.44% CPU
Optimizing NNI: done in 0.505198 secs using 100% CPU
Optimizing NNI: done in 0.574959 secs using 100% CPU
Optimizing NNI: done in 0.490785 secs using 100% CPU
Optimizing NNI: done in 0.595868 secs using 100% CPU
Optimizing NNI: done in 0.588803 secs using 100% CPU
Iteration 280 / LogL: -4753.975 / Time: 0h:5m:22s (0h:0m:47s left)
Optimizing NNI: done in 0.562995 secs using 100% CPU
Optimizing NNI: done in 0.544354 secs using 100% CPU
Optimizing NNI: done in 0.515097 secs using 100% CPU
Optimizing NNI: done in 0.493026 secs using 100% CPU
Optimizing NNI: done in 0.675242 secs using 100% CPU
Optimizing NNI: done in 0.46138 secs using 100% CPU
Optimizing NNI: done in 0.52657 secs using 100% CPU
Optimizing NNI: done in 0.597225 secs using 100% CPU
Optimizing NNI: done in 0.351566 secs using 100% CPU
Optimizing NNI: done in 0.621428 secs using 100% CPU
Iteration 290 / LogL: -4751.130 / Time: 0h:5m:28s (0h:0m:35s left)
Optimizing NNI: done in 0.584673 secs using 100% CPU
Optimizing NNI: done in 0.73073 secs using 100% CPU
Optimizing NNI: done in 0.464035 secs using 100% CPU
Optimizing NNI: done in 0.645544 secs using 100% CPU
Optimizing NNI: done in 0.623768 secs using 100% CPU
Optimizing NNI: done in 0.508811 secs using 100% CPU
Optimizing NNI: done in 0.653505 secs using 100% CPU
Optimizing NNI: done in 0.536095 secs using 100% CPU
Optimizing NNI: done in 0.407363 secs using 100% CPU
Optimizing NNI: done in 0.551734 secs using 100% CPU
Iteration 300 / LogL: -4756.034 / Time: 0h:5m:34s (0h:0m:23s left)
Log-likelihood cutoff on original alignment: -4781.467
NOTE: Bootstrap correlation coefficient of split occurrence frequencies: 0.995
Optimizing NNI: done in 0.3521 secs using 99.99% CPU
Optimizing NNI: done in 0.66554 secs using 100% CPU
Optimizing NNI: done in 0.519801 secs using 98.46% CPU
Optimizing NNI: done in 0.716233 secs using 100% CPU
Optimizing NNI: done in 0.400612 secs using 100% CPU
Optimizing NNI: done in 0.293142 secs using 98.64% CPU
Optimizing NNI: done in 0.577884 secs using 100% CPU
Optimizing NNI: done in 0.615195 secs using 100% CPU
Optimizing NNI: done in 0.541823 secs using 100% CPU
Optimizing NNI: done in 0.421669 secs using 100% CPU
Iteration 310 / LogL: -4774.854 / Time: 0h:5m:40s (0h:1m:39s left)
Optimizing NNI: done in 0.587972 secs using 100% CPU
Optimizing NNI: done in 0.475068 secs using 100% CPU
Optimizing NNI: done in 0.734782 secs using 100% CPU
Optimizing NNI: done in 0.659011 secs using 100% CPU
Optimizing NNI: done in 0.581889 secs using 100% CPU
Optimizing NNI: done in 0.629506 secs using 100% CPU
BETTER TREE FOUND at iteration 316: -4747.458
Optimizing NNI: done in 0.511496 secs using 100% CPU
Optimizing NNI: done in 0.616075 secs using 100% CPU
Optimizing NNI: done in 0.64019 secs using 100% CPU
Optimizing NNI: done in 0.468051 secs using 100% CPU
Iteration 320 / LogL: -4753.888 / Time: 0h:5m:46s (0h:1m:44s left)
Optimizing NNI: done in 0.325817 secs using 100% CPU
Optimizing NNI: done in 0.531705 secs using 100% CPU
Optimizing NNI: done in 0.560449 secs using 100% CPU
Optimizing NNI: done in 0.641108 secs using 100% CPU
Optimizing NNI: done in 0.508754 secs using 100% CPU
Optimizing NNI: done in 0.619275 secs using 100% CPU
Optimizing NNI: done in 0.431054 secs using 100% CPU
Optimizing NNI: done in 0.571325 secs using 98.6% CPU
Optimizing NNI: done in 0.670777 secs using 100% CPU
Optimizing NNI: done in 0.654015 secs using 100% CPU
Iteration 330 / LogL: -4749.712 / Time: 0h:5m:52s (0h:1m:32s left)
Optimizing NNI: done in 0.601277 secs using 100% CPU
Optimizing NNI: done in 0.587281 secs using 100% CPU
Optimizing NNI: done in 0.673386 secs using 100% CPU
Optimizing NNI: done in 0.489076 secs using 99.19% CPU
Optimizing NNI: done in 0.547096 secs using 99.99% CPU
Optimizing NNI: done in 0.614541 secs using 100% CPU
Optimizing NNI: done in 0.477471 secs using 100% CPU
Optimizing NNI: done in 0.564983 secs using 100% CPU
Optimizing NNI: done in 0.636641 secs using 100% CPU
Optimizing NNI: done in 0.46309 secs using 100% CPU
Iteration 340 / LogL: -4755.227 / Time: 0h:5m:59s (0h:1m:20s left)
Optimizing NNI: done in 0.4831 secs using 100% CPU
Optimizing NNI: done in 0.686517 secs using 100% CPU
Optimizing NNI: done in 0.774676 secs using 100% CPU
Optimizing NNI: done in 0.579109 secs using 100% CPU
Optimizing NNI: done in 0.470954 secs using 100% CPU
Optimizing NNI: done in 0.503161 secs using 100% CPU
Optimizing NNI: done in 0.731035 secs using 100% CPU
Optimizing NNI: done in 0.498256 secs using 100% CPU
Optimizing NNI: done in 0.49464 secs using 99.19% CPU
Optimizing NNI: done in 0.467058 secs using 100% CPU
Iteration 350 / LogL: -4748.424 / Time: 0h:6m:5s (0h:1m:9s left)
Log-likelihood cutoff on original alignment: -4781.467
Optimizing NNI: done in 0.451742 secs using 100% CPU
Optimizing NNI: done in 0.734905 secs using 100% CPU
Optimizing NNI: done in 0.673065 secs using 100% CPU
Optimizing NNI: done in 0.58437 secs using 100% CPU
Optimizing NNI: done in 0.494163 secs using 100% CPU
Optimizing NNI: done in 0.704029 secs using 98.86% CPU
Optimizing NNI: done in 0.556216 secs using 100% CPU
Optimizing NNI: done in 0.687253 secs using 100% CPU
Optimizing NNI: done in 0.551983 secs using 99.27% CPU
Optimizing NNI: done in 0.594607 secs using 100% CPU
Iteration 360 / LogL: -4747.460 / Time: 0h:6m:12s (0h:0m:58s left)
Optimizing NNI: done in 0.71184 secs using 100% CPU
Optimizing NNI: done in 0.629804 secs using 100% CPU
Optimizing NNI: done in 0.473059 secs using 100% CPU
Optimizing NNI: done in 0.482114 secs using 100% CPU
Optimizing NNI: done in 0.423846 secs using 100% CPU
Optimizing NNI: done in 0.516904 secs using 100% CPU
Optimizing NNI: done in 0.589323 secs using 100% CPU
Optimizing NNI: done in 0.647139 secs using 99.38% CPU
Optimizing NNI: done in 0.674023 secs using 99.41% CPU
Optimizing NNI: done in 0.564973 secs using 100% CPU
Iteration 370 / LogL: -4763.736 / Time: 0h:6m:18s (0h:0m:47s left)
Optimizing NNI: done in 0.639637 secs using 100% CPU
Optimizing NNI: done in 0.725674 secs using 100% CPU
Optimizing NNI: done in 0.641972 secs using 100% CPU
Optimizing NNI: done in 0.419119 secs using 100% CPU
Optimizing NNI: done in 0.470096 secs using 100% CPU
Optimizing NNI: done in 0.752238 secs using 100% CPU
Optimizing NNI: done in 0.697614 secs using 100% CPU
Optimizing NNI: done in 0.545676 secs using 100% CPU
Optimizing NNI: done in 0.567847 secs using 100% CPU
Optimizing NNI: done in 0.506181 secs using 100% CPU
Iteration 380 / LogL: -4747.922 / Time: 0h:6m:25s (0h:0m:36s left)
Optimizing NNI: done in 0.616165 secs using 100% CPU
Optimizing NNI: done in 0.548361 secs using 99.27% CPU
Optimizing NNI: done in 0.481546 secs using 100% CPU
Optimizing NNI: done in 0.519051 secs using 100% CPU
Optimizing NNI: done in 0.817246 secs using 99.51% CPU
Optimizing NNI: done in 0.75917 secs using 100% CPU
Optimizing NNI: done in 0.559934 secs using 99.29% CPU
Optimizing NNI: done in 0.529142 secs using 100% CPU
Optimizing NNI: done in 0.517093 secs using 100% CPU
Optimizing NNI: done in 0.669568 secs using 100% CPU
Iteration 390 / LogL: -4753.048 / Time: 0h:6m:31s (0h:0m:26s left)
Optimizing NNI: done in 0.56508 secs using 100% CPU
Optimizing NNI: done in 0.504062 secs using 100% CPU
Optimizing NNI: done in 0.61213 secs using 100% CPU
Optimizing NNI: done in 0.520498 secs using 98.46% CPU
Optimizing NNI: done in 0.660716 secs using 100% CPU
Optimizing NNI: done in 0.551341 secs using 100% CPU
Optimizing NNI: done in 0.532912 secs using 100% CPU
Optimizing NNI: done in 0.499151 secs using 100% CPU
Optimizing NNI: done in 0.659301 secs using 100% CPU
Optimizing NNI: done in 0.61645 secs using 100% CPU
Iteration 400 / LogL: -4747.648 / Time: 0h:6m:38s (0h:0m:15s left)
Log-likelihood cutoff on original alignment: -4781.667
NOTE: Bootstrap correlation coefficient of split occurrence frequencies: 0.995
Optimizing NNI: done in 0.56677 secs using 100% CPU
Optimizing NNI: done in 0.452596 secs using 100% CPU
Optimizing NNI: done in 0.463493 secs using 99.99% CPU
Optimizing NNI: done in 0.586543 secs using 100% CPU
Optimizing NNI: done in 0.629905 secs using 99.99% CPU
Optimizing NNI: done in 0.57721 secs using 100% CPU
Optimizing NNI: done in 0.62142 secs using 100% CPU
Optimizing NNI: done in 0.589254 secs using 99.99% CPU
Optimizing NNI: done in 0.492657 secs using 100% CPU
Optimizing NNI: done in 0.523318 secs using 100% CPU
Iteration 410 / LogL: -4769.753 / Time: 0h:6m:44s (0h:1m:29s left)
Optimizing NNI: done in 0.559258 secs using 100% CPU
Optimizing NNI: done in 0.572888 secs using 99.92% CPU
Optimizing NNI: done in 0.531251 secs using 100% CPU
Optimizing NNI: done in 0.728172 secs using 99.99% CPU
Optimizing NNI: done in 0.43983 secs using 99.89% CPU
Optimizing NNI: done in 0.555217 secs using 99.92% CPU
BETTER TREE FOUND at iteration 416: -4747.458
Optimizing NNI: done in 0.542557 secs using 99.99% CPU
Optimizing NNI: done in 0.492671 secs using 99.91% CPU
BETTER TREE FOUND at iteration 418: -4747.458
Optimizing NNI: done in 0.57936 secs using 99.93% CPU
Optimizing NNI: done in 0.441202 secs using 99.99% CPU
Iteration 420 / LogL: -4750.130 / Time: 0h:6m:51s (0h:1m:36s left)
Optimizing NNI: done in 0.556007 secs using 99.21% CPU
Optimizing NNI: done in 0.404012 secs using 99% CPU
Optimizing NNI: done in 0.624264 secs using 99.93% CPU
Optimizing NNI: done in 0.587853 secs using 99.92% CPU
Optimizing NNI: done in 0.414424 secs using 99.98% CPU
Optimizing NNI: done in 0.275981 secs using 100% CPU
Optimizing NNI: done in 0.237096 secs using 100% CPU
Optimizing NNI: done in 0.33223 secs using 100% CPU
Optimizing NNI: done in 0.596351 secs using 100% CPU
Optimizing NNI: done in 0.545682 secs using 100% CPU
Iteration 430 / LogL: -4751.422 / Time: 0h:6m:56s (0h:1m:25s left)
Optimizing NNI: done in 0.450908 secs using 100% CPU
Optimizing NNI: done in 0.498635 secs using 99.99% CPU
Optimizing NNI: done in 0.334623 secs using 99.99% CPU
Optimizing NNI: done in 0.36121 secs using 99.98% CPU
Optimizing NNI: done in 0.415658 secs using 99.99% CPU
Optimizing NNI: done in 0.374209 secs using 100% CPU
Optimizing NNI: done in 0.320543 secs using 99.99% CPU
Optimizing NNI: done in 0.306782 secs using 100% CPU
Optimizing NNI: done in 0.284685 secs using 100% CPU
Optimizing NNI: done in 0.395419 secs using 99.99% CPU
Iteration 440 / LogL: -4747.693 / Time: 0h:7m:0s (0h:1m:14s left)
Optimizing NNI: done in 0.292473 secs using 100% CPU
Optimizing NNI: done in 0.418575 secs using 100% CPU
Optimizing NNI: done in 0.271354 secs using 100% CPU
Optimizing NNI: done in 0.38082 secs using 100% CPU
Optimizing NNI: done in 0.309851 secs using 99.99% CPU
Optimizing NNI: done in 0.367373 secs using 100% CPU
Optimizing NNI: done in 0.316482 secs using 100% CPU
Optimizing NNI: done in 0.342887 secs using 100% CPU
Optimizing NNI: done in 0.28377 secs using 98.59% CPU
Optimizing NNI: done in 0.298984 secs using 99.99% CPU
Iteration 450 / LogL: -4760.241 / Time: 0h:7m:3s (0h:1m:4s left)
Log-likelihood cutoff on original alignment: -4781.667
Optimizing NNI: done in 0.336713 secs using 99.99% CPU
Optimizing NNI: done in 0.318777 secs using 99.99% CPU
Optimizing NNI: done in 0.354031 secs using 100% CPU
Optimizing NNI: done in 0.255085 secs using 100% CPU
Optimizing NNI: done in 0.350695 secs using 100% CPU
Optimizing NNI: done in 0.357515 secs using 100% CPU
Optimizing NNI: done in 0.283103 secs using 100% CPU
Optimizing NNI: done in 0.357289 secs using 100% CPU
Optimizing NNI: done in 0.387953 secs using 100% CPU
Optimizing NNI: done in 0.34178 secs using 100% CPU
Iteration 460 / LogL: -4753.803 / Time: 0h:7m:8s (0h:0m:54s left)
Optimizing NNI: done in 0.352557 secs using 99.99% CPU
Optimizing NNI: done in 0.308587 secs using 100% CPU
Optimizing NNI: done in 0.316212 secs using 99.99% CPU
Optimizing NNI: done in 0.313765 secs using 97.45% CPU
Optimizing NNI: done in 0.351832 secs using 100% CPU
Optimizing NNI: done in 0.397684 secs using 100% CPU
Optimizing NNI: done in 0.289135 secs using 100% CPU
Optimizing NNI: done in 0.325344 secs using 100% CPU
Optimizing NNI: done in 0.393885 secs using 100% CPU
Optimizing NNI: done in 0.28615 secs using 100% CPU
Iteration 470 / LogL: -4748.154 / Time: 0h:7m:11s (0h:0m:44s left)
Optimizing NNI: done in 0.36 secs using 100% CPU
Optimizing NNI: done in 0.385381 secs using 99.99% CPU
Optimizing NNI: done in 0.41085 secs using 99.99% CPU
Optimizing NNI: done in 0.361698 secs using 100% CPU
Optimizing NNI: done in 0.319819 secs using 100% CPU
Optimizing NNI: done in 0.383221 secs using 100% CPU
Optimizing NNI: done in 0.345337 secs using 100% CPU
Optimizing NNI: done in 0.487806 secs using 100% CPU
Optimizing NNI: done in 0.258891 secs using 100% CPU
Optimizing NNI: done in 0.361355 secs using 100% CPU
Iteration 480 / LogL: -4753.850 / Time: 0h:7m:15s (0h:0m:34s left)
Optimizing NNI: done in 0.352812 secs using 100% CPU
Optimizing NNI: done in 0.40497 secs using 99.99% CPU
Optimizing NNI: done in 0.334911 secs using 99.99% CPU
Optimizing NNI: done in 0.252691 secs using 100% CPU
Optimizing NNI: done in 0.40865 secs using 100% CPU
Optimizing NNI: done in 0.327196 secs using 99.99% CPU
Optimizing NNI: done in 0.314607 secs using 100% CPU
Optimizing NNI: done in 0.311006 secs using 100% CPU
Optimizing NNI: done in 0.323692 secs using 100% CPU
Optimizing NNI: done in 0.359537 secs using 100% CPU
Iteration 490 / LogL: -4751.421 / Time: 0h:7m:19s (0h:0m:25s left)
Optimizing NNI: done in 0.318125 secs using 100% CPU
Optimizing NNI: done in 0.261976 secs using 100% CPU
Optimizing NNI: done in 0.279966 secs using 99.99% CPU
Optimizing NNI: done in 0.31036 secs using 100% CPU
Optimizing NNI: done in 0.355215 secs using 99.99% CPU
Optimizing NNI: done in 0.235746 secs using 100% CPU
Optimizing NNI: done in 0.388773 secs using 100% CPU
Optimizing NNI: done in 0.267063 secs using 100% CPU
Optimizing NNI: done in 0.351783 secs using 100% CPU
Optimizing NNI: done in 0.368398 secs using 100% CPU
Iteration 500 / LogL: -4753.818 / Time: 0h:7m:23s (0h:0m:15s left)
Log-likelihood cutoff on original alignment: -4781.667
NOTE: Bootstrap correlation coefficient of split occurrence frequencies: 0.996
Optimizing NNI: done in 0.361177 secs using 100% CPU
Optimizing NNI: done in 0.285189 secs using 100% CPU
Optimizing NNI: done in 0.279499 secs using 99.99% CPU
Optimizing NNI: done in 0.215291 secs using 100% CPU
Optimizing NNI: done in 0.444862 secs using 99.99% CPU
Optimizing NNI: done in 0.373367 secs using 100% CPU
Optimizing NNI: done in 0.290729 secs using 100% CPU
Optimizing NNI: done in 0.335144 secs using 100% CPU
Optimizing NNI: done in 0.305671 secs using 100% CPU
Optimizing NNI: done in 0.324432 secs using 100% CPU
Iteration 510 / LogL: -4750.080 / Time: 0h:7m:27s (0h:1m:19s left)
Optimizing NNI: done in 0.410514 secs using 98.05% CPU
Optimizing NNI: done in 0.298299 secs using 98.67% CPU
Optimizing NNI: done in 0.325874 secs using 100% CPU
Optimizing NNI: done in 0.360332 secs using 100% CPU
Optimizing NNI: done in 0.383713 secs using 99.99% CPU
Optimizing NNI: done in 0.39067 secs using 100% CPU
Optimizing NNI: done in 0.395005 secs using 99.99% CPU
Optimizing NNI: done in 0.308364 secs using 100% CPU
Optimizing NNI: done in 0.513235 secs using 100% CPU
TREE SEARCH COMPLETED AFTER 519 ITERATIONS / Time: 0h:7m:30s

--------------------------------------------------------------------
|                    FINALIZING TREE SEARCH                        |
--------------------------------------------------------------------
Performs final model parameters optimization
Estimate model parameters (epsilon = 0.010)
1. Initial log-likelihood: -4747.458
2. Current log-likelihood: -4747.402
3. Current log-likelihood: -4747.357
4. Current log-likelihood: -4747.315
5. Current log-likelihood: -4747.278
6. Current log-likelihood: -4747.244
7. Current log-likelihood: -4747.212
8. Current log-likelihood: -4747.183
9. Current log-likelihood: -4747.156
10. Current log-likelihood: -4747.131
11. Current log-likelihood: -4747.108
12. Current log-likelihood: -4747.086
13. Current log-likelihood: -4747.066
14. Current log-likelihood: -4747.046
15. Current log-likelihood: -4747.028
16. Current log-likelihood: -4747.011
17. Current log-likelihood: -4746.995
18. Current log-likelihood: -4746.979
19. Current log-likelihood: -4746.964
20. Current log-likelihood: -4746.949
21. Current log-likelihood: -4746.936
22. Current log-likelihood: -4746.922
23. Current log-likelihood: -4746.909
24. Current log-likelihood: -4746.895
25. Current log-likelihood: -4746.881
26. Current log-likelihood: -4746.867
27. Current log-likelihood: -4746.853
28. Current log-likelihood: -4746.837
29. Current log-likelihood: -4746.818
30. Current log-likelihood: -4746.793
31. Current log-likelihood: -4746.764
32. Current log-likelihood: -4746.710
33. Current log-likelihood: -4746.630
34. Current log-likelihood: -4746.455
35. Current log-likelihood: -4746.033
36. Current log-likelihood: -4745.745
37. Current log-likelihood: -4745.667
Optimal log-likelihood: -4745.657
Rate parameters:  A-C: 0.92501  A-G: 3.85994  A-T: 0.99638  C-G: 1.86303  C-T: 4.40327  G-T: 1.00000
Base frequencies:  A: 0.298  C: 0.174  G: 0.243  T: 0.286
Site proportion and rates:  (0.483,0.121) (0.348,1.095) (0.167,3.125) (0.003,13.023)
Parameters optimization took 37 rounds (2.766 sec)
BEST SCORE FOUND : -4745.657
Creating bootstrap support values...
Split supports printed to NEXUS file 6977_iqtree_final_superstrict_excluding_hybrids.splits.nex
Total tree length: 2.936

Total number of iterations: 519
CPU time used for tree search: 298.738 sec (0h:4m:58s)
Wall-clock time used for tree search: 312.067 sec (0h:5m:12s)
Total CPU time used: 474.514 sec (0h:7m:54s)
Total wall-clock time used: 454.034 sec (0h:7m:34s)

Computing bootstrap consensus tree...
Reading input file 6977_iqtree_final_superstrict_excluding_hybrids.splits.nex...
110 taxa and 1167 splits.
Consensus tree written to 6977_iqtree_final_superstrict_excluding_hybrids.contree
Reading input trees file 6977_iqtree_final_superstrict_excluding_hybrids.contree
Log-likelihood of consensus tree: -4746.161

Analysis results written to: 
  IQ-TREE report:                6977_iqtree_final_superstrict_excluding_hybrids.iqtree
  Maximum-likelihood tree:       6977_iqtree_final_superstrict_excluding_hybrids.treefile
  Likelihood distances:          6977_iqtree_final_superstrict_excluding_hybrids.mldist

Ultrafast bootstrap approximation results written to:
  Split support values:          6977_iqtree_final_superstrict_excluding_hybrids.splits.nex
  Consensus tree:                6977_iqtree_final_superstrict_excluding_hybrids.contree
  Screen log file:               6977_iqtree_final_superstrict_excluding_hybrids.log

ALISIM COMMAND
--------------
--alisim simulated_MSA -t 6977_iqtree_final_superstrict_excluding_hybrids.treefile -m "GTR{0.925009,3.85994,0.996384,1.86303,4.40327}+F{0.297849,0.173798,0.242733,0.285621}+R4{0.482564,0.121243,0.347701,1.09478,0.166666,3.12521,0.00306893,13.0233}" --length 336

Date and Time: Fri Jun  2 10:10:39 2023
