IQ-TREE multicore version 2.2.2 COVID-edition for Linux 64-bit built Sep 20 2022
Developed by Bui Quang Minh, James Barbetti, Nguyen Lam Tung,
Olga Chernomor, Heiko Schmidt, Dominik Schrempf, Michael Woodhams, Ly Trong Nhan.

Host:    netdc-bms-c11f (AVX2, FMA3, 377 GB RAM)
Command: /home/kasper.hendriks/iqtree-2.2.2-Linux/bin/iqtree2 -s 7021_taper_final_superstrict_excluding_hybrids.fasta -B 1000 -nm 1000 -m GTR+F+R -nt AUTO --prefix 7021_iqtree_final_superstrict_excluding_hybrids
Seed:    269842 (Using SPRNG - Scalable Parallel Random Number Generator)
Time:    Fri Jun  2 10:03:26 2023
Kernel:  AVX+FMA - auto-detect threads (56 CPU cores detected)

Reading alignment file 7021_taper_final_superstrict_excluding_hybrids.fasta ... Fasta format detected
Reading fasta file: done in 0.000952005 secs using 99.89% CPU
Alignment most likely contains DNA/RNA sequences
Constructing alignment: done in 0.00214314 secs using 1735% CPU
Alignment has 117 sequences with 303 columns, 233 distinct patterns
131 parsimony-informative, 49 singleton sites, 123 constant sites
               Gap/Ambiguity  Composition  p-value
Analyzing sequences: done in 0.00801992 secs using 1509% CPU
   1  CRNC             0.00%    passed     94.20%
   2  HYZL             0.00%    passed     85.42%
   3  MYZV             0.00%    passed     54.18%
   4  SRR6441723       3.30%    passed     99.89%
   5  ERR2789774       0.00%    passed     96.23%
   6  PAFTOL_019361    0.33%    passed     80.96%
   7  S0055            0.00%    passed     95.04%
   8  S0196sl          0.00%    passed     98.96%
   9  S0278           51.49%    passed     80.13%
  10  S0281            7.26%    passed     94.21%
  11  S0282            0.66%    passed     98.53%
  12  S0289            0.66%    passed     97.02%
  13  S0292           13.86%    passed     81.54%
  14  S0293            0.66%    passed     98.53%
  15  S0299            0.00%    passed     99.66%
  16  S0303            0.99%    passed     97.46%
  17  S0308            0.00%    passed     99.06%
  18  S0320           51.49%    passed     97.66%
  19  S0322            3.30%    passed     97.89%
  20  S0327            0.33%    passed     97.60%
  21  S0335            0.33%    passed     99.83%
  22  S0345            1.32%    passed     98.25%
  23  S0376            0.99%    passed     97.28%
  24  S0400           52.81%    passed     67.89%
  25  S0405            1.98%    passed     99.68%
  26  S0407sl          0.99%    passed     96.29%
  27  S0412sl         10.56%    passed     98.10%
  28  S0417            0.66%    passed     99.50%
  29  S0419            0.66%    passed     94.70%
  30  S0427            0.00%    passed     99.55%
  31  S0428sl         48.84%    passed     56.45%
  32  S0430            2.97%    passed     98.41%
  33  S0478            0.00%    passed     95.82%
  34  S0552sl          0.00%    passed     96.98%
  35  S0558            0.00%    passed     99.67%
  36  S0616            0.00%    passed     99.15%
  37  S0624            0.00%    passed     99.87%
  38  S0641            0.00%    passed     98.48%
  39  S0643            2.64%    passed     91.15%
  40  S0645sl          3.63%    passed     99.17%
  41  S0656sl          0.00%    passed     97.98%
  42  S0673            0.00%    passed     99.06%
  43  S0689            0.99%    passed     99.48%
  44  S0690           13.86%    passed     75.60%
  45  S0720            0.00%    passed     90.68%
  46  S0724sl          1.32%    passed     94.24%
  47  S0735            2.31%    passed     71.24%
  48  S0742            0.00%    passed     98.48%
  49  S0748            0.66%    passed     98.02%
  50  S0753           29.70%    passed     88.86%
  51  S0756            0.33%    passed     99.83%
  52  S0758            1.32%    passed     99.94%
  53  S0760            0.00%    passed     99.23%
  54  S0763            2.31%    passed     99.68%
  55  S0765            0.00%    passed     97.92%
  56  S0770            0.33%    passed     96.68%
  57  S0771            0.00%    passed     99.95%
  58  S0795            0.99%    passed     95.85%
  59  S0827            0.00%    passed     95.64%
  60  S0888            7.26%    passed     98.08%
  61  S0894            0.00%    passed     99.80%
  62  S0899           47.52%    passed     93.61%
  63  S0906           48.51%    passed     70.74%
  64  S0951            0.00%    passed     99.54%
  65  S0959            0.33%    passed     98.08%
  66  S0960            0.00%    passed     97.58%
  67  S0964            0.66%    passed     97.86%
  68  S1083            1.65%    passed     96.26%
  69  S1100            0.00%    passed     83.45%
  70  S1102            3.30%    passed     99.08%
  71  S1110           51.49%    passed     76.47%
  72  S1120           46.86%    passed     88.97%
  73  S1128            0.00%    passed     96.28%
  74  S1129sl          1.98%    passed     99.70%
  75  S1148            0.33%    passed     79.88%
  76  S1177            0.33%    passed     96.68%
  77  S1180            1.32%    passed     80.56%
  78  S1187sl         15.51%    passed     80.17%
  79  S1189            0.33%    passed     93.84%
  80  S1201sl          0.00%    passed     99.94%
  81  S1210           51.49%    passed     76.47%
  82  S1211            0.00%    passed     98.73%
  83  S1214sl          0.00%    passed     99.89%
  84  S1223            4.62%    passed     88.42%
  85  S1227            0.00%    passed     99.54%
  86  S1235sl          0.00%    passed     93.45%
  87  S1238sl          0.33%    passed     95.99%
  88  S1239            0.00%    passed     97.10%
  89  S1245            0.00%    passed     94.81%
  90  S1246            0.00%    passed     99.03%
  91  S1249            0.33%    passed     99.63%
  92  S1250sl          0.66%    passed     99.96%
  93  S1251            0.00%    passed     99.15%
  94  S1260            1.98%    passed     88.08%
  95  S1266sl          2.64%    passed     98.85%
  96  S1269            1.65%    passed     97.01%
  97  S1278            0.99%    passed     97.46%
  98  S1315            2.31%    passed     90.55%
  99  S1332            0.00%    passed     98.22%
 100  S1366            0.33%    passed     94.00%
 101  S1369            0.00%    passed     99.54%
 102  S1370            3.30%    passed     99.65%
 103  S1375            0.00%    passed     96.56%
 104  S1376            0.33%    passed     99.93%
 105  S1381            0.00%    passed     99.80%
 106  S1405           47.19%    passed     77.68%
 107  S1422            1.32%    passed     98.99%
 108  S1449            1.65%    passed     97.14%
 109  S1451            0.00%    passed     99.54%
 110  S1460            0.00%    passed     99.32%
 111  S1462            0.00%    passed     98.12%
 112  S1475            2.97%    passed     95.34%
 113  S1498            2.64%    passed     98.42%
 114  S1539            0.00%    passed     99.36%
 115  S_670            0.66%    passed     99.74%
 116  SRR11470320      0.00%    passed     99.70%
 117  SRR8528357       0.00%    passed     98.07%
WARNING: 5 sequences contain more than 50% gaps/ambiguity
****  TOTAL            5.74%  0 sequences failed composition chi2 test (p-value<5%; df=3)
NOTE: S1210 is identical to S1110 but kept for subsequent analysis
Checking for duplicate sequences: done in 0.007447 secs using 1399% CPU

Create initial parsimony tree by phylogenetic likelihood library (PLL)... 0.060 seconds
Generating 1000 samples for ultrafast bootstrap (seed: 269842)...

NOTE: 4 MB RAM (0 GB) is required!
Measuring multi-threading efficiency up to 56 CPU cores
Increase to 10 rounds for branch lengths
412 trees examined
Threads: 1 / Time: 56.039 sec / Speedup: 1.000 / Efficiency: 100% / LogL: -7014
Threads: 2 / Time: 69.509 sec / Speedup: 0.806 / Efficiency: 40% / LogL: -7014
Determining AUTO threadcount: done in 125.549 secs using 104.2% CPU
BEST NUMBER OF THREADS: 1

Estimate model parameters (epsilon = 0.100)
1. Initial log-likelihood: -4062.007
2. Current log-likelihood: -3917.716
3. Current log-likelihood: -3916.138
4. Current log-likelihood: -3915.657
5. Current log-likelihood: -3915.303
6. Current log-likelihood: -3914.973
7. Current log-likelihood: -3914.646
8. Current log-likelihood: -3914.313
9. Current log-likelihood: -3913.970
10. Current log-likelihood: -3913.613
11. Current log-likelihood: -3913.239
12. Current log-likelihood: -3912.848
13. Current log-likelihood: -3912.444
14. Current log-likelihood: -3912.039
15. Current log-likelihood: -3911.665
16. Current log-likelihood: -3911.358
17. Current log-likelihood: -3911.152
18. Current log-likelihood: -3911.028
Optimal log-likelihood: -3910.977
Rate parameters:  A-C: 2.74148  A-G: 5.40925  A-T: 2.09451  C-G: 1.51975  C-T: 6.67958  G-T: 1.00000
Base frequencies:  A: 0.278  C: 0.177  G: 0.264  T: 0.281
Site proportion and rates:  (0.495,0.133) (0.063,0.297) (0.399,1.796) (0.043,4.626)
Parameters optimization took 18 rounds (3.118 sec)
Wrote distance file to... 
Computing ML distances based on estimated model parameters...
Calculating distance matrix: done in 0.129608 secs using 99.9% CPU
Computing ML distances took 0.129935 sec (of wall-clock time) 0.129797 sec (of CPU time)
WARNING: Some pairwise ML distances are too long (saturated)
Setting up auxiliary I and S matrices: done in 0.000926971 secs using 100% CPU
Constructing RapidNJ tree: done in 0.00185704 secs using 100% CPU
Computing RapidNJ tree took 0.002890 sec (of wall-clock time) 0.002901 sec (of CPU time)
Log-likelihood of RapidNJ tree: -4051.204
--------------------------------------------------------------------
|             INITIALIZING CANDIDATE TREE SET                      |
--------------------------------------------------------------------
Generating 98 parsimony trees... 1.883 second
Computing log-likelihood of 98 initial trees ... 2.154 seconds
Current best score: -3905.756

Do NNI search on 20 best initial trees
Optimizing NNI: done in 0.886561 secs using 71.72% CPU
Estimate model parameters (epsilon = 0.100)
BETTER TREE FOUND at iteration 1: -3901.183
Optimizing NNI: done in 0.68308 secs using 77.15% CPU
Optimizing NNI: done in 0.913764 secs using 76.68% CPU
Optimizing NNI: done in 0.636914 secs using 100% CPU
Optimizing NNI: done in 0.580382 secs using 99.98% CPU
Optimizing NNI: done in 0.80594 secs using 84.48% CPU
Estimate model parameters (epsilon = 0.100)
BETTER TREE FOUND at iteration 6: -3900.415
Optimizing NNI: done in 0.63226 secs using 95.69% CPU
Optimizing NNI: done in 0.634735 secs using 99.67% CPU
Estimate model parameters (epsilon = 0.100)
BETTER TREE FOUND at iteration 8: -3900.036
Optimizing NNI: done in 0.65222 secs using 75.52% CPU
Optimizing NNI: done in 0.900894 secs using 74.97% CPU
Iteration 10 / LogL: -3902.133 / Time: 0h:2m:21s
Optimizing NNI: done in 0.649899 secs using 100% CPU
Optimizing NNI: done in 0.566448 secs using 99.99% CPU
Optimizing NNI: done in 0.84535 secs using 69.24% CPU
Optimizing NNI: done in 1.07277 secs using 68.23% CPU
Optimizing NNI: done in 0.680025 secs using 92.52% CPU
Optimizing NNI: done in 1.16956 secs using 67.5% CPU
Optimizing NNI: done in 0.996587 secs using 63.78% CPU
Optimizing NNI: done in 0.713446 secs using 69.11% CPU
Optimizing NNI: done in 1.07596 secs using 65.15% CPU
Optimizing NNI: done in 0.592527 secs using 81.34% CPU
Iteration 20 / LogL: -3904.866 / Time: 0h:2m:29s
Finish initializing candidate tree set (20)
Current best tree score: -3900.036 / CPU time: 20.724
Number of iterations: 20
--------------------------------------------------------------------
|               OPTIMIZING CANDIDATE TREE SET                      |
--------------------------------------------------------------------
Optimizing NNI: done in 0.829764 secs using 95.17% CPU
Estimate model parameters (epsilon = 0.100)
BETTER TREE FOUND at iteration 21: -3899.294
Optimizing NNI: done in 0.778183 secs using 83.99% CPU
Estimate model parameters (epsilon = 0.100)
BETTER TREE FOUND at iteration 22: -3898.748
Optimizing NNI: done in 0.992452 secs using 73.79% CPU
Optimizing NNI: done in 1.18939 secs using 69.81% CPU
Optimizing NNI: done in 0.957872 secs using 62.57% CPU
Optimizing NNI: done in 0.841895 secs using 65.57% CPU
Optimizing NNI: done in 1.1302 secs using 64.25% CPU
Optimizing NNI: done in 0.991652 secs using 64.41% CPU
Estimate model parameters (epsilon = 0.100)
BETTER TREE FOUND at iteration 28: -3898.427
Optimizing NNI: done in 0.872314 secs using 79.83% CPU
Estimate model parameters (epsilon = 0.100)
BETTER TREE FOUND at iteration 29: -3898.255
Optimizing NNI: done in 0.802363 secs using 81.96% CPU
Iteration 30 / LogL: -3904.010 / Time: 0h:2m:40s (0h:9m:6s left)
Optimizing NNI: done in 1.19361 secs using 66.86% CPU
Estimate model parameters (epsilon = 0.100)
BETTER TREE FOUND at iteration 31: -3896.755
Optimizing NNI: done in 0.762103 secs using 83.77% CPU
Optimizing NNI: done in 1.16882 secs using 72.93% CPU
Optimizing NNI: done in 0.623775 secs using 99.35% CPU
Optimizing NNI: done in 0.678702 secs using 99.99% CPU
Optimizing NNI: done in 0.680629 secs using 98.77% CPU
Optimizing NNI: done in 0.704828 secs using 91.48% CPU
BETTER TREE FOUND at iteration 37: -3896.755
Optimizing NNI: done in 1.17474 secs using 69.78% CPU
Optimizing NNI: done in 1.37877 secs using 49.39% CPU
Optimizing NNI: done in 1.04515 secs using 60.91% CPU
Iteration 40 / LogL: -3898.752 / Time: 0h:2m:50s (0h:7m:2s left)
Optimizing NNI: done in 1.05441 secs using 60.93% CPU
Optimizing NNI: done in 1.1641 secs using 62.35% CPU
Optimizing NNI: done in 0.635529 secs using 95.4% CPU
Optimizing NNI: done in 0.705887 secs using 100% CPU
Optimizing NNI: done in 0.734206 secs using 60.57% CPU
Optimizing NNI: done in 0.933068 secs using 71.72% CPU
Optimizing NNI: done in 1.00877 secs using 57.06% CPU
Optimizing NNI: done in 1.19947 secs using 60.51% CPU
Optimizing NNI: done in 0.582159 secs using 99.78% CPU
Optimizing NNI: done in 0.565054 secs using 99.98% CPU
Iteration 50 / LogL: -3903.063 / Time: 0h:2m:58s (0h:5m:17s left)
Log-likelihood cutoff on original alignment: -3934.500
Optimizing NNI: done in 0.717903 secs using 95.53% CPU
Optimizing NNI: done in 0.60215 secs using 99.99% CPU
Optimizing NNI: done in 0.775528 secs using 97.92% CPU
Optimizing NNI: done in 0.560477 secs using 62.22% CPU
Optimizing NNI: done in 1.43601 secs using 63.54% CPU
Optimizing NNI: done in 0.680214 secs using 78.25% CPU
Optimizing NNI: done in 0.51258 secs using 100% CPU
Optimizing NNI: done in 1.03339 secs using 66.33% CPU
Optimizing NNI: done in 1.03201 secs using 63.76% CPU
Estimate model parameters (epsilon = 0.100)
BETTER TREE FOUND at iteration 59: -3896.160
Optimizing NNI: done in 0.924584 secs using 78.76% CPU
Iteration 60 / LogL: -3897.848 / Time: 0h:3m:8s (0h:5m:16s left)
Optimizing NNI: done in 0.745668 secs using 79.64% CPU
Optimizing NNI: done in 0.878647 secs using 73.56% CPU
Optimizing NNI: done in 0.798954 secs using 72.97% CPU
Optimizing NNI: done in 0.861294 secs using 65.13% CPU
Optimizing NNI: done in 0.601423 secs using 82.01% CPU
Optimizing NNI: done in 0.916954 secs using 79.88% CPU
Optimizing NNI: done in 0.850636 secs using 77.39% CPU
Optimizing NNI: done in 0.894761 secs using 100% CPU
Optimizing NNI: done in 0.755078 secs using 100% CPU
Optimizing NNI: done in 0.802663 secs using 100% CPU
Iteration 70 / LogL: -3899.368 / Time: 0h:3m:16s (0h:4m:13s left)
Optimizing NNI: done in 0.679716 secs using 100% CPU
Optimizing NNI: done in 0.622839 secs using 100% CPU
Optimizing NNI: done in 0.672846 secs using 80.97% CPU
Optimizing NNI: done in 0.759904 secs using 95.78% CPU
Optimizing NNI: done in 0.630835 secs using 100% CPU
Optimizing NNI: done in 0.755336 secs using 86.23% CPU
Optimizing NNI: done in 0.355677 secs using 100% CPU
Optimizing NNI: done in 0.776469 secs using 99.71% CPU
Optimizing NNI: done in 0.822634 secs using 99.98% CPU
Optimizing NNI: done in 0.963986 secs using 87.98% CPU
Iteration 80 / LogL: -3896.379 / Time: 0h:3m:24s (0h:3m:24s left)
Optimizing NNI: done in 0.727378 secs using 79.37% CPU
Optimizing NNI: done in 0.727393 secs using 73.75% CPU
Optimizing NNI: done in 1.1301 secs using 69.75% CPU
Optimizing NNI: done in 0.766744 secs using 72.75% CPU
Optimizing NNI: done in 0.814602 secs using 59.31% CPU
Optimizing NNI: done in 0.936602 secs using 74.37% CPU
Optimizing NNI: done in 0.973396 secs using 69.17% CPU
Optimizing NNI: done in 0.627147 secs using 90.5% CPU
Optimizing NNI: done in 0.707755 secs using 99.99% CPU
Optimizing NNI: done in 0.776308 secs using 72.21% CPU
Iteration 90 / LogL: -3898.732 / Time: 0h:3m:32s (0h:2m:44s left)
Optimizing NNI: done in 1.13852 secs using 59.45% CPU
Optimizing NNI: done in 0.984332 secs using 61.52% CPU
Optimizing NNI: done in 0.649649 secs using 77.22% CPU
Optimizing NNI: done in 1.08607 secs using 62.76% CPU
Optimizing NNI: done in 1.21081 secs using 54.38% CPU
Optimizing NNI: done in 0.978212 secs using 64.91% CPU
Optimizing NNI: done in 0.733306 secs using 81.48% CPU
Optimizing NNI: done in 0.877231 secs using 75.94% CPU
Optimizing NNI: done in 0.880647 secs using 76.05% CPU
Optimizing NNI: done in 0.895806 secs using 68.47% CPU
Iteration 100 / LogL: -3899.049 / Time: 0h:3m:42s (0h:2m:12s left)
Log-likelihood cutoff on original alignment: -3929.535
NOTE: Bootstrap correlation coefficient of split occurrence frequencies: 0.994
Optimizing NNI: done in 0.603202 secs using 99.98% CPU
Optimizing NNI: done in 0.590858 secs using 94.57% CPU
Optimizing NNI: done in 0.313816 secs using 91.05% CPU
Optimizing NNI: done in 0.553566 secs using 99.99% CPU
Optimizing NNI: done in 0.536443 secs using 99.99% CPU
Optimizing NNI: done in 0.829045 secs using 83.11% CPU
Optimizing NNI: done in 0.677246 secs using 100% CPU
Optimizing NNI: done in 0.706822 secs using 88.65% CPU
Optimizing NNI: done in 0.826952 secs using 69.68% CPU
Optimizing NNI: done in 0.835121 secs using 69.89% CPU
Iteration 110 / LogL: -3911.842 / Time: 0h:3m:49s (0h:3m:9s left)
Optimizing NNI: done in 0.864399 secs using 71.24% CPU
Optimizing NNI: done in 1.02193 secs using 73.19% CPU
Optimizing NNI: done in 0.359009 secs using 100% CPU
Optimizing NNI: done in 0.676653 secs using 99.56% CPU
Optimizing NNI: done in 0.526609 secs using 99.98% CPU
Optimizing NNI: done in 1.05156 secs using 57.48% CPU
Optimizing NNI: done in 0.790945 secs using 83.58% CPU
Optimizing NNI: done in 0.457153 secs using 100% CPU
Optimizing NNI: done in 0.860972 secs using 66.01% CPU
Optimizing NNI: done in 1.16823 secs using 71.96% CPU
Iteration 120 / LogL: -3897.606 / Time: 0h:3m:58s (0h:2m:40s left)
Optimizing NNI: done in 0.965754 secs using 60.63% CPU
Optimizing NNI: done in 1.09123 secs using 71.94% CPU
Optimizing NNI: done in 0.887693 secs using 71.57% CPU
Optimizing NNI: done in 0.635595 secs using 98.77% CPU
Optimizing NNI: done in 0.499911 secs using 99.87% CPU
Optimizing NNI: done in 0.634322 secs using 96.46% CPU
Optimizing NNI: done in 0.728822 secs using 99.82% CPU
Optimizing NNI: done in 0.933774 secs using 63.73% CPU
Optimizing NNI: done in 1.09689 secs using 64.08% CPU
Optimizing NNI: done in 0.71887 secs using 71.45% CPU
Iteration 130 / LogL: -3910.778 / Time: 0h:4m:6s (0h:2m:13s left)
Optimizing NNI: done in 0.828023 secs using 72.52% CPU
Optimizing NNI: done in 0.574899 secs using 100% CPU
Optimizing NNI: done in 0.740974 secs using 100% CPU
Optimizing NNI: done in 0.759613 secs using 99.99% CPU
Optimizing NNI: done in 0.712565 secs using 89.13% CPU
Optimizing NNI: done in 0.712677 secs using 100% CPU
Optimizing NNI: done in 0.933871 secs using 85.01% CPU
Optimizing NNI: done in 0.816097 secs using 79.85% CPU
Optimizing NNI: done in 0.845092 secs using 80.03% CPU
Optimizing NNI: done in 0.858309 secs using 75.09% CPU
Iteration 140 / LogL: -3897.630 / Time: 0h:4m:14s (0h:1m:49s left)
Optimizing NNI: done in 0.7248 secs using 81.01% CPU
Optimizing NNI: done in 0.652667 secs using 100% CPU
Optimizing NNI: done in 0.66083 secs using 99.41% CPU
Optimizing NNI: done in 0.837885 secs using 95.02% CPU
Optimizing NNI: done in 0.69524 secs using 85.47% CPU
Optimizing NNI: done in 1.00614 secs using 73.17% CPU
Optimizing NNI: done in 0.909131 secs using 76.23% CPU
Optimizing NNI: done in 0.673176 secs using 100% CPU
Optimizing NNI: done in 0.531683 secs using 99.95% CPU
Optimizing NNI: done in 0.681437 secs using 95.3% CPU
Iteration 150 / LogL: -3906.661 / Time: 0h:4m:22s (0h:1m:28s left)
Log-likelihood cutoff on original alignment: -3929.535
Optimizing NNI: done in 0.717569 secs using 91.07% CPU
Optimizing NNI: done in 0.723554 secs using 99.99% CPU
Optimizing NNI: done in 0.667167 secs using 99.98% CPU
Optimizing NNI: done in 1.05039 secs using 66.01% CPU
Optimizing NNI: done in 0.869659 secs using 99.93% CPU
Optimizing NNI: done in 0.680713 secs using 100% CPU
Optimizing NNI: done in 0.934133 secs using 100% CPU
Optimizing NNI: done in 0.726215 secs using 99.99% CPU
Optimizing NNI: done in 0.631225 secs using 99.98% CPU
Optimizing NNI: done in 0.785873 secs using 76.15% CPU
Iteration 160 / LogL: -3899.996 / Time: 0h:4m:31s (0h:1m:8s left)
TREE SEARCH COMPLETED AFTER 160 ITERATIONS / Time: 0h:4m:31s

--------------------------------------------------------------------
|                    FINALIZING TREE SEARCH                        |
--------------------------------------------------------------------
Performs final model parameters optimization
Estimate model parameters (epsilon = 0.010)
1. Initial log-likelihood: -3896.160
Optimal log-likelihood: -3896.157
Rate parameters:  A-C: 2.69326  A-G: 5.41142  A-T: 2.25644  C-G: 1.43633  C-T: 6.93116  G-T: 1.00000
Base frequencies:  A: 0.278  C: 0.177  G: 0.264  T: 0.281
Site proportion and rates:  (0.502,0.131) (0.047,0.288) (0.402,1.745) (0.048,4.527)
Parameters optimization took 1 rounds (0.280 sec)
BEST SCORE FOUND : -3896.157
Creating bootstrap support values...
Split supports printed to NEXUS file 7021_iqtree_final_superstrict_excluding_hybrids.splits.nex
Total tree length: 2.438

Total number of iterations: 160
CPU time used for tree search: 113.748 sec (0h:1m:53s)
Wall-clock time used for tree search: 142.465 sec (0h:2m:22s)
Total CPU time used: 250.703 sec (0h:4m:10s)
Total wall-clock time used: 272.599 sec (0h:4m:32s)

Computing bootstrap consensus tree...
Reading input file 7021_iqtree_final_superstrict_excluding_hybrids.splits.nex...
117 taxa and 1291 splits.
Consensus tree written to 7021_iqtree_final_superstrict_excluding_hybrids.contree
Reading input trees file 7021_iqtree_final_superstrict_excluding_hybrids.contree
Log-likelihood of consensus tree: -3896.169

Analysis results written to: 
  IQ-TREE report:                7021_iqtree_final_superstrict_excluding_hybrids.iqtree
  Maximum-likelihood tree:       7021_iqtree_final_superstrict_excluding_hybrids.treefile
  Likelihood distances:          7021_iqtree_final_superstrict_excluding_hybrids.mldist

Ultrafast bootstrap approximation results written to:
  Split support values:          7021_iqtree_final_superstrict_excluding_hybrids.splits.nex
  Consensus tree:                7021_iqtree_final_superstrict_excluding_hybrids.contree
  Screen log file:               7021_iqtree_final_superstrict_excluding_hybrids.log

ALISIM COMMAND
--------------
--alisim simulated_MSA -t 7021_iqtree_final_superstrict_excluding_hybrids.treefile -m "GTR{2.69326,5.41142,2.25644,1.43633,6.93116}+F{0.277965,0.177054,0.263513,0.281467}+R4{0.502304,0.130587,0.0473534,0.288273,0.401903,1.74531,0.0484401,4.52749}" --length 303

Date and Time: Fri Jun  2 10:07:59 2023
