IQ-TREE multicore version 2.2.2 COVID-edition for Linux 64-bit built Sep 20 2022
Developed by Bui Quang Minh, James Barbetti, Nguyen Lam Tung,
Olga Chernomor, Heiko Schmidt, Dominik Schrempf, Michael Woodhams, Ly Trong Nhan.

Host:    netdc-bms-c11f (AVX2, FMA3, 377 GB RAM)
Command: /home/kasper.hendriks/iqtree-2.2.2-Linux/bin/iqtree2 -s 7024_taper_final_superstrict_excluding_hybrids.fasta -B 1000 -nm 1000 -m GTR+F+R -nt AUTO --prefix 7024_iqtree_final_superstrict_excluding_hybrids
Seed:    911617 (Using SPRNG - Scalable Parallel Random Number Generator)
Time:    Fri Jun  2 10:03:29 2023
Kernel:  AVX+FMA - auto-detect threads (56 CPU cores detected)

Reading alignment file 7024_taper_final_superstrict_excluding_hybrids.fasta ... Fasta format detected
Reading fasta file: done in 0.000227928 secs using 99.15% CPU
Alignment most likely contains DNA/RNA sequences
Constructing alignment: done in 0.000671864 secs using 1497% CPU
Alignment has 62 sequences with 96 columns, 77 distinct patterns
50 parsimony-informative, 8 singleton sites, 38 constant sites
               Gap/Ambiguity  Composition  p-value
Analyzing sequences: done in 0.00125408 secs using 1699% CPU
   1  CRNC            32.29%    passed     62.79%
   2  HYZL             0.00%    passed     52.40%
   3  MYZV             0.00%    passed     42.59%
   4  SRR6441723       0.00%    passed     95.87%
   5  ERR2789774       0.00%    passed     75.09%
   6  PAFTOL_019361    0.00%    passed     86.03%
   7  S0055            0.00%    passed     70.85%
   8  S0278            0.00%    passed     88.82%
   9  S0282            0.00%    passed     95.26%
  10  S0292            0.00%    passed     71.02%
  11  S0299            0.00%    passed     84.70%
  12  S0376            1.04%    passed     98.87%
  13  S0400            3.12%    passed     95.87%
  14  S0405            0.00%    passed     99.39%
  15  S0412sl         96.88%    passed     51.50%
  16  S0427            0.00%    passed     99.99%
  17  S0558            0.00%    passed     89.83%
  18  S0616            0.00%    passed     98.75%
  19  S0641            0.00%    passed     78.50%
  20  S0643            0.00%    passed     95.26%
  21  S0645sl          1.04%    passed     93.44%
  22  S0656sl          2.08%    passed     99.42%
  23  S0673            0.00%    passed     94.38%
  24  S0689            3.12%    passed     97.59%
  25  S0720            0.00%    passed     73.43%
  26  S0742            4.17%    passed     88.77%
  27  S0756            0.00%    passed     84.70%
  28  S0763            3.12%    passed     95.87%
  29  S0765           96.88%    passed     51.50%
  30  S0771            3.12%    passed     95.50%
  31  S0888            0.00%    passed     92.59%
  32  S0906            0.00%    passed     94.38%
  33  S0959            0.00%    passed     91.80%
  34  S1083            0.00%    passed     96.94%
  35  S1120            0.00%    passed     99.51%
  36  S1128            9.38%    passed     80.27%
  37  S1129sl          4.17%    passed     78.51%
  38  S1189            1.04%    passed     88.23%
  39  S1211            0.00%    passed     99.21%
  40  S1214sl          0.00%    passed     80.23%
  41  S1227            0.00%    passed     95.26%
  42  S1235sl          0.00%    passed     94.18%
  43  S1239            0.00%    passed     93.38%
  44  S1245            0.00%    passed     84.02%
  45  S1246            0.00%    passed     85.37%
  46  S1250sl          0.00%    passed     97.88%
  47  S1278            0.00%    passed     95.26%
  48  S1315            2.08%    passed     59.20%
  49  S1332            1.04%    passed     95.07%
  50  S1369            3.12%    passed     87.32%
  51  S1370            0.00%    passed     97.20%
  52  S1375            6.25%    passed     99.34%
  53  S1381           96.88%    passed     51.50%
  54  S1405            5.21%    passed     95.12%
  55  S1422            0.00%    passed     71.02%
  56  S1449            0.00%    passed     86.69%
  57  S1460            0.00%    passed     92.59%
  58  S1462            0.00%    passed     98.58%
  59  S1498           96.88%    passed     51.50%
  60  S_670            6.25%    passed     99.40%
  61  SRR11470320      0.00%    passed     97.91%
  62  SRR8528357       0.00%    passed     98.18%
WARNING: 4 sequences contain more than 50% gaps/ambiguity
****  TOTAL            7.73%  0 sequences failed composition chi2 test (p-value<5%; df=3)
NOTE: S0643 is identical to S0282 but kept for subsequent analysis
NOTE: S0765 is identical to S0412sl but kept for subsequent analysis
Checking for duplicate sequences: done in 0.00762296 secs using 1114% CPU
Identifying sites to remove: done in 0.000232935 secs using 1649% CPU
NOTE: 4 identical sequences (see below) will be ignored for subsequent analysis
NOTE: S1227 (identical to S0282) is ignored but added at the end
NOTE: S1278 (identical to S0282) is ignored but added at the end
NOTE: S1381 (identical to S0412sl) is ignored but added at the end
NOTE: S1498 (identical to S0412sl) is ignored but added at the end
Alignment was printed to 7024_iqtree_final_superstrict_excluding_hybrids.uniqueseq.phy

For your convenience alignment with unique sequences printed to 7024_iqtree_final_superstrict_excluding_hybrids.uniqueseq.phy

Create initial parsimony tree by phylogenetic likelihood library (PLL)... 0.016 seconds
Generating 1000 samples for ultrafast bootstrap (seed: 911617)...

NOTE: 0 MB RAM (0 GB) is required!
Measuring multi-threading efficiency up to 56 CPU cores
Increase to 10 rounds for branch lengths
2459 trees examined
Threads: 1 / Time: 56.017 sec / Speedup: 1.000 / Efficiency: 100% / LogL: -1708
Threads: 2 / Time: 104.101 sec / Speedup: 0.538 / Efficiency: 27% / LogL: -1708
Determining AUTO threadcount: done in 160.118 secs using 138% CPU
BEST NUMBER OF THREADS: 1

Estimate model parameters (epsilon = 0.100)
1. Initial log-likelihood: -1102.593
2. Current log-likelihood: -1051.424
3. Current log-likelihood: -1050.155
4. Current log-likelihood: -1050.050
Optimal log-likelihood: -1049.993
Rate parameters:  A-C: 2.32342  A-G: 4.73465  A-T: 0.93868  C-G: 1.05641  C-T: 5.30131  G-T: 1.00000
Base frequencies:  A: 0.341  C: 0.179  G: 0.241  T: 0.239
Site proportion and rates:  (0.389,0.128) (0.171,0.285) (0.178,1.297) (0.262,2.561)
Parameters optimization took 4 rounds (0.196 sec)
Wrote distance file to... 
Computing ML distances based on estimated model parameters...
Calculating distance matrix: done in 0.030319 secs using 100% CPU
Computing ML distances took 0.030487 sec (of wall-clock time) 0.030489 sec (of CPU time)
Setting up auxiliary I and S matrices: done in 0.000381947 secs using 100% CPU
Constructing RapidNJ tree: done in 0.000701904 secs using 100% CPU
Computing RapidNJ tree took 0.001180 sec (of wall-clock time) 0.001179 sec (of CPU time)
Log-likelihood of RapidNJ tree: -1058.876
--------------------------------------------------------------------
|             INITIALIZING CANDIDATE TREE SET                      |
--------------------------------------------------------------------
Generating 98 parsimony trees... 0.429 second
Computing log-likelihood of 98 initial trees ... 0.543 seconds
Current best score: -1044.248

Do NNI search on 20 best initial trees
Optimizing NNI: done in 0.170612 secs using 83.57% CPU
Estimate model parameters (epsilon = 0.100)
BETTER TREE FOUND at iteration 1: -1040.847
Optimizing NNI: done in 0.201695 secs using 99.98% CPU
Estimate model parameters (epsilon = 0.100)
BETTER TREE FOUND at iteration 2: -1034.596
Optimizing NNI: done in 0.201738 secs using 99.9% CPU
Optimizing NNI: done in 0.1341 secs using 99.99% CPU
Optimizing NNI: done in 0.212114 secs using 99.97% CPU
Optimizing NNI: done in 0.16948 secs using 99.96% CPU
Optimizing NNI: done in 0.192135 secs using 99.98% CPU
Optimizing NNI: done in 0.162076 secs using 99.96% CPU
Optimizing NNI: done in 0.243678 secs using 99.98% CPU
Optimizing NNI: done in 0.215885 secs using 99.98% CPU
Iteration 10 / LogL: -1036.270 / Time: 0h:2m:43s
Optimizing NNI: done in 0.279125 secs using 99.92% CPU
Optimizing NNI: done in 0.183563 secs using 99.94% CPU
Optimizing NNI: done in 0.184457 secs using 99.9% CPU
Optimizing NNI: done in 0.22475 secs using 99.98% CPU
Optimizing NNI: done in 0.173813 secs using 99.99% CPU
Optimizing NNI: done in 0.27373 secs using 99.95% CPU
Estimate model parameters (epsilon = 0.100)
BETTER TREE FOUND at iteration 16: -1033.859
Optimizing NNI: done in 0.21522 secs using 99.98% CPU
Optimizing NNI: done in 0.198494 secs using 99.97% CPU
Optimizing NNI: done in 0.150102 secs using 99.99% CPU
Optimizing NNI: done in 0.141053 secs using 98.66% CPU
Iteration 20 / LogL: -1046.621 / Time: 0h:2m:45s
Finish initializing candidate tree set (20)
Current best tree score: -1033.859 / CPU time: 5.433
Number of iterations: 20
--------------------------------------------------------------------
|               OPTIMIZING CANDIDATE TREE SET                      |
--------------------------------------------------------------------
Optimizing NNI: done in 0.219535 secs using 90.76% CPU
Estimate model parameters (epsilon = 0.100)
BETTER TREE FOUND at iteration 21: -1032.820
Optimizing NNI: done in 0.202678 secs using 99.94% CPU
Optimizing NNI: done in 0.283375 secs using 100% CPU
Estimate model parameters (epsilon = 0.100)
BETTER TREE FOUND at iteration 23: -1032.669
Optimizing NNI: done in 0.219389 secs using 96.29% CPU
Optimizing NNI: done in 0.269498 secs using 58.43% CPU
Optimizing NNI: done in 0.270809 secs using 64.54% CPU
Optimizing NNI: done in 0.180573 secs using 73.45% CPU
Optimizing NNI: done in 0.233572 secs using 86.3% CPU
Optimizing NNI: done in 0.224296 secs using 99.94% CPU
Optimizing NNI: done in 0.160307 secs using 100% CPU
Iteration 30 / LogL: -1034.651 / Time: 0h:2m:48s (0h:8m:59s left)
Optimizing NNI: done in 0.129228 secs using 100% CPU
Optimizing NNI: done in 0.161612 secs using 100% CPU
Optimizing NNI: done in 0.181591 secs using 100% CPU
Optimizing NNI: done in 0.127316 secs using 99.97% CPU
Optimizing NNI: done in 0.214997 secs using 70.39% CPU
BETTER TREE FOUND at iteration 35: -1032.669
Optimizing NNI: done in 0.218937 secs using 65.19% CPU
Optimizing NNI: done in 0.29792 secs using 53% CPU
Optimizing NNI: done in 0.267315 secs using 70.07% CPU
Optimizing NNI: done in 0.212455 secs using 69.88% CPU
Optimizing NNI: done in 0.279416 secs using 99.91% CPU
Iteration 40 / LogL: -1032.954 / Time: 0h:2m:50s (0h:6m:55s left)
Optimizing NNI: done in 0.159935 secs using 99.99% CPU
Optimizing NNI: done in 0.265648 secs using 99.99% CPU
Optimizing NNI: done in 0.134595 secs using 100% CPU
Optimizing NNI: done in 0.201223 secs using 100% CPU
Optimizing NNI: done in 0.213565 secs using 99.98% CPU
Optimizing NNI: done in 0.136345 secs using 99.93% CPU
Optimizing NNI: done in 0.178016 secs using 99.98% CPU
Optimizing NNI: done in 0.16589 secs using 100% CPU
Optimizing NNI: done in 0.117524 secs using 100% CPU
Optimizing NNI: done in 0.21811 secs using 98.29% CPU
Iteration 50 / LogL: -1032.954 / Time: 0h:2m:52s (0h:4m:59s left)
Log-likelihood cutoff on original alignment: -1058.470
Optimizing NNI: done in 0.279401 secs using 99.99% CPU
Optimizing NNI: done in 0.152838 secs using 100% CPU
Optimizing NNI: done in 0.197046 secs using 100% CPU
Optimizing NNI: done in 0.139219 secs using 100% CPU
Optimizing NNI: done in 0.267635 secs using 68.65% CPU
Optimizing NNI: done in 0.224652 secs using 89.34% CPU
Optimizing NNI: done in 0.105338 secs using 96.33% CPU
Optimizing NNI: done in 0.126525 secs using 100% CPU
Optimizing NNI: done in 0.192811 secs using 100% CPU
Optimizing NNI: done in 0.320744 secs using 71.72% CPU
Iteration 60 / LogL: -1032.670 / Time: 0h:2m:54s (0h:3m:42s left)
Optimizing NNI: done in 0.201851 secs using 82.16% CPU
Optimizing NNI: done in 0.143435 secs using 100% CPU
Optimizing NNI: done in 0.162486 secs using 99.99% CPU
Optimizing NNI: done in 0.20543 secs using 100% CPU
Optimizing NNI: done in 0.18779 secs using 100% CPU
Optimizing NNI: done in 0.108878 secs using 100% CPU
Optimizing NNI: done in 0.196571 secs using 100% CPU
Optimizing NNI: done in 0.261547 secs using 100% CPU
Optimizing NNI: done in 0.191399 secs using 98.19% CPU
Optimizing NNI: done in 0.195775 secs using 100% CPU
Iteration 70 / LogL: -1034.633 / Time: 0h:2m:56s (0h:2m:46s left)
Optimizing NNI: done in 0.226591 secs using 99.97% CPU
Optimizing NNI: done in 0.19401 secs using 69.06% CPU
Optimizing NNI: done in 0.263098 secs using 69.11% CPU
Optimizing NNI: done in 0.324455 secs using 77.77% CPU
Optimizing NNI: done in 0.186998 secs using 98.14% CPU
Optimizing NNI: done in 0.180557 secs using 100% CPU
Optimizing NNI: done in 0.17648 secs using 100% CPU
Optimizing NNI: done in 0.300152 secs using 63.84% CPU
Optimizing NNI: done in 0.138589 secs using 100% CPU
Optimizing NNI: done in 0.328253 secs using 100% CPU
Iteration 80 / LogL: -1032.954 / Time: 0h:2m:59s (0h:2m:4s left)
Optimizing NNI: done in 0.287695 secs using 100% CPU
Optimizing NNI: done in 0.190516 secs using 100% CPU
Optimizing NNI: done in 0.157876 secs using 100% CPU
Optimizing NNI: done in 0.161119 secs using 100% CPU
Optimizing NNI: done in 0.170834 secs using 100% CPU
Optimizing NNI: done in 0.152544 secs using 100% CPU
Optimizing NNI: done in 0.160906 secs using 99.98% CPU
Optimizing NNI: done in 0.207328 secs using 100% CPU
Optimizing NNI: done in 0.186165 secs using 100% CPU
Optimizing NNI: done in 0.139692 secs using 100% CPU
Iteration 90 / LogL: -1034.280 / Time: 0h:3m:1s (0h:1m:31s left)
Optimizing NNI: done in 0.111899 secs using 100% CPU
Optimizing NNI: done in 0.1822 secs using 100% CPU
Optimizing NNI: done in 0.354665 secs using 100% CPU
Optimizing NNI: done in 0.185675 secs using 100% CPU
Optimizing NNI: done in 0.142034 secs using 100% CPU
Optimizing NNI: done in 0.160573 secs using 97.65% CPU
Optimizing NNI: done in 0.19104 secs using 99.98% CPU
Optimizing NNI: done in 0.16852 secs using 100% CPU
Optimizing NNI: done in 0.184835 secs using 97.84% CPU
Optimizing NNI: done in 0.155689 secs using 100% CPU
Iteration 100 / LogL: -1032.670 / Time: 0h:3m:3s (0h:1m:4s left)
Log-likelihood cutoff on original alignment: -1058.095
NOTE: Bootstrap correlation coefficient of split occurrence frequencies: 0.983
NOTE: UFBoot does not converge, continue at least 100 more iterations
Optimizing NNI: done in 0.176129 secs using 100% CPU
Optimizing NNI: done in 0.243 secs using 100% CPU
Optimizing NNI: done in 0.243348 secs using 100% CPU
Optimizing NNI: done in 0.238556 secs using 100% CPU
Optimizing NNI: done in 0.186809 secs using 99.99% CPU
Optimizing NNI: done in 0.242714 secs using 100% CPU
Optimizing NNI: done in 0.23492 secs using 100% CPU
Optimizing NNI: done in 0.202459 secs using 100% CPU
Optimizing NNI: done in 0.194077 secs using 98.05% CPU
Optimizing NNI: done in 0.180266 secs using 93.36% CPU
Iteration 110 / LogL: -1033.513 / Time: 0h:3m:6s (0h:2m:33s left)
Optimizing NNI: done in 0.289903 secs using 53.37% CPU
Optimizing NNI: done in 0.2694 secs using 52.56% CPU
Optimizing NNI: done in 0.289696 secs using 99.96% CPU
Optimizing NNI: done in 0.174366 secs using 99.97% CPU
Optimizing NNI: done in 0.0855298 secs using 99.97% CPU
Optimizing NNI: done in 0.242404 secs using 99.97% CPU
Optimizing NNI: done in 0.312981 secs using 99.97% CPU
Optimizing NNI: done in 0.102304 secs using 99.97% CPU
Optimizing NNI: done in 0.13965 secs using 99.88% CPU
Optimizing NNI: done in 0.212484 secs using 99.97% CPU
Iteration 120 / LogL: -1034.317 / Time: 0h:3m:8s (0h:2m:6s left)
Optimizing NNI: done in 0.241904 secs using 99.92% CPU
Optimizing NNI: done in 0.202109 secs using 99.97% CPU
Optimizing NNI: done in 0.142438 secs using 99.95% CPU
Optimizing NNI: done in 0.139272 secs using 99.98% CPU
Optimizing NNI: done in 0.134674 secs using 99.97% CPU
Optimizing NNI: done in 0.159041 secs using 99.96% CPU
Optimizing NNI: done in 0.173827 secs using 99.97% CPU
Optimizing NNI: done in 0.170254 secs using 99.98% CPU
Optimizing NNI: done in 0.129611 secs using 99.98% CPU
Optimizing NNI: done in 0.198369 secs using 99.9% CPU
Iteration 130 / LogL: -1032.669 / Time: 0h:3m:10s (0h:1m:43s left)
Optimizing NNI: done in 0.13557 secs using 99.98% CPU
Optimizing NNI: done in 0.214791 secs using 99.9% CPU
Optimizing NNI: done in 0.193949 secs using 99.96% CPU
Optimizing NNI: done in 0.183601 secs using 76.05% CPU
Optimizing NNI: done in 0.215174 secs using 92.55% CPU
Optimizing NNI: done in 0.184636 secs using 99.98% CPU
Optimizing NNI: done in 0.198582 secs using 100% CPU
Optimizing NNI: done in 0.159276 secs using 99.98% CPU
Optimizing NNI: done in 0.193363 secs using 100% CPU
Optimizing NNI: done in 0.185462 secs using 100% CPU
Iteration 140 / LogL: -1033.642 / Time: 0h:3m:12s (0h:1m:23s left)
Optimizing NNI: done in 0.129628 secs using 100% CPU
Optimizing NNI: done in 0.143893 secs using 99.99% CPU
Optimizing NNI: done in 0.192803 secs using 100% CPU
Optimizing NNI: done in 0.201809 secs using 100% CPU
Optimizing NNI: done in 0.16503 secs using 99.95% CPU
Optimizing NNI: done in 0.150808 secs using 99.94% CPU
Optimizing NNI: done in 0.183526 secs using 100% CPU
Optimizing NNI: done in 0.128915 secs using 85.82% CPU
Optimizing NNI: done in 0.23412 secs using 86.6% CPU
Optimizing NNI: done in 0.221472 secs using 85.55% CPU
Iteration 150 / LogL: -1035.809 / Time: 0h:3m:14s (0h:1m:5s left)
Log-likelihood cutoff on original alignment: -1058.095
Optimizing NNI: done in 0.236774 secs using 51.19% CPU
Optimizing NNI: done in 0.214745 secs using 70.2% CPU
Optimizing NNI: done in 0.254352 secs using 62.25% CPU
Optimizing NNI: done in 0.232276 secs using 100% CPU
Optimizing NNI: done in 0.231827 secs using 100% CPU
Optimizing NNI: done in 0.258102 secs using 77.41% CPU
Optimizing NNI: done in 0.134919 secs using 100% CPU
Optimizing NNI: done in 0.101761 secs using 100% CPU
Optimizing NNI: done in 0.155816 secs using 99.98% CPU
Optimizing NNI: done in 0.233524 secs using 100% CPU
Iteration 160 / LogL: -1032.669 / Time: 0h:3m:17s (0h:0m:49s left)
Optimizing NNI: done in 0.242648 secs using 100% CPU
Optimizing NNI: done in 0.20884 secs using 100% CPU
Optimizing NNI: done in 0.178054 secs using 100% CPU
Optimizing NNI: done in 0.158635 secs using 100% CPU
Optimizing NNI: done in 0.255993 secs using 94.21% CPU
Optimizing NNI: done in 0.358851 secs using 56.35% CPU
Optimizing NNI: done in 0.321248 secs using 62.8% CPU
Optimizing NNI: done in 0.161035 secs using 97.9% CPU
Optimizing NNI: done in 0.175623 secs using 100% CPU
Optimizing NNI: done in 0.126964 secs using 100% CPU
Iteration 170 / LogL: -1032.669 / Time: 0h:3m:19s (0h:0m:35s left)
Optimizing NNI: done in 0.123445 secs using 99.97% CPU
Optimizing NNI: done in 0.179283 secs using 100% CPU
Optimizing NNI: done in 0.0644851 secs using 100% CPU
Optimizing NNI: done in 0.17067 secs using 100% CPU
Optimizing NNI: done in 0.195363 secs using 100% CPU
Optimizing NNI: done in 0.186217 secs using 99.98% CPU
Optimizing NNI: done in 0.210864 secs using 100% CPU
Optimizing NNI: done in 0.15807 secs using 100% CPU
Optimizing NNI: done in 0.15954 secs using 100% CPU
Optimizing NNI: done in 0.296748 secs using 56.87% CPU
Iteration 180 / LogL: -1032.670 / Time: 0h:3m:21s (0h:0m:22s left)
Optimizing NNI: done in 0.187354 secs using 100% CPU
Optimizing NNI: done in 0.145301 secs using 100% CPU
Optimizing NNI: done in 0.255173 secs using 95.3% CPU
Optimizing NNI: done in 0.249105 secs using 100% CPU
Optimizing NNI: done in 0.281112 secs using 99.99% CPU
Optimizing NNI: done in 0.155899 secs using 100% CPU
Optimizing NNI: done in 0.279485 secs using 56.68% CPU
Optimizing NNI: done in 0.396613 secs using 64.54% CPU
Optimizing NNI: done in 0.194648 secs using 100% CPU
Optimizing NNI: done in 0.201268 secs using 100% CPU
Iteration 190 / LogL: -1032.669 / Time: 0h:3m:24s (0h:0m:10s left)
Optimizing NNI: done in 0.170826 secs using 100% CPU
Optimizing NNI: done in 0.233611 secs using 100% CPU
Optimizing NNI: done in 0.161552 secs using 100% CPU
Optimizing NNI: done in 0.283825 secs using 100% CPU
Optimizing NNI: done in 0.251945 secs using 100% CPU
Optimizing NNI: done in 0.157089 secs using 100% CPU
Optimizing NNI: done in 0.247672 secs using 100% CPU
Optimizing NNI: done in 0.15417 secs using 100% CPU
Optimizing NNI: done in 0.17121 secs using 100% CPU
Optimizing NNI: done in 0.157352 secs using 100% CPU
Iteration 200 / LogL: -1034.986 / Time: 0h:3m:26s (0h:0m:0s left)
Log-likelihood cutoff on original alignment: -1058.095
NOTE: Bootstrap correlation coefficient of split occurrence frequencies: 0.994
TREE SEARCH COMPLETED AFTER 200 ITERATIONS / Time: 0h:3m:26s

--------------------------------------------------------------------
|                    FINALIZING TREE SEARCH                        |
--------------------------------------------------------------------
Performs final model parameters optimization
Estimate model parameters (epsilon = 0.010)
1. Initial log-likelihood: -1032.669
Optimal log-likelihood: -1032.667
Rate parameters:  A-C: 2.73191  A-G: 5.09001  A-T: 0.96300  C-G: 0.86751  C-T: 6.83110  G-T: 1.00000
Base frequencies:  A: 0.341  C: 0.179  G: 0.241  T: 0.239
Site proportion and rates:  (0.510,0.138) (0.099,0.309) (0.351,1.847) (0.040,6.257)
Parameters optimization took 1 rounds (0.068 sec)
BEST SCORE FOUND : -1032.667
Creating bootstrap support values...
Split supports printed to NEXUS file 7024_iqtree_final_superstrict_excluding_hybrids.splits.nex
Total tree length: 2.669

Total number of iterations: 200
CPU time used for tree search: 43.212 sec (0h:0m:43s)
Wall-clock time used for tree search: 46.476 sec (0h:0m:46s)
Total CPU time used: 265.614 sec (0h:4m:25s)
Total wall-clock time used: 207.342 sec (0h:3m:27s)

Computing bootstrap consensus tree...
Reading input file 7024_iqtree_final_superstrict_excluding_hybrids.splits.nex...
58 taxa and 1113 splits.
Consensus tree written to 7024_iqtree_final_superstrict_excluding_hybrids.contree
Reading input trees file 7024_iqtree_final_superstrict_excluding_hybrids.contree
Log-likelihood of consensus tree: -1032.671

Analysis results written to: 
  IQ-TREE report:                7024_iqtree_final_superstrict_excluding_hybrids.iqtree
  Maximum-likelihood tree:       7024_iqtree_final_superstrict_excluding_hybrids.treefile
  Likelihood distances:          7024_iqtree_final_superstrict_excluding_hybrids.mldist

Ultrafast bootstrap approximation results written to:
  Split support values:          7024_iqtree_final_superstrict_excluding_hybrids.splits.nex
  Consensus tree:                7024_iqtree_final_superstrict_excluding_hybrids.contree
  Screen log file:               7024_iqtree_final_superstrict_excluding_hybrids.log

ALISIM COMMAND
--------------
--alisim simulated_MSA -t 7024_iqtree_final_superstrict_excluding_hybrids.treefile -m "GTR{2.73191,5.09001,0.963002,0.867508,6.8311}+F{0.340876,0.178802,0.241344,0.238978}+R4{0.509876,0.138244,0.0989904,0.308501,0.351062,1.84656,0.0400708,6.25684}" --length 96

Date and Time: Fri Jun  2 10:06:57 2023
