IQ-TREE multicore version 2.1.3 COVID-edition for Linux 64-bit built Apr 21 2021
Developed by Bui Quang Minh, James Barbetti, Nguyen Lam Tung,
Olga Chernomor, Heiko Schmidt, Dominik Schrempf, Michael Woodhams.

Host:    hpc-high-memory-multi-user (AVX2, FMA3, 1007 GB RAM)
Command: /home/kasper.hendriks/iqtree-2.1.3-Linux/bin/iqtree2 -s results_assessment_saturation_and_clocklikeliness/input_gene_alignments_cleaned/5G62310_cleaned.fasta -B 1000 -nm 1000 -m GTR+F+R -nt AUTO --prefix results_assessment_saturation_and_clocklikeliness/results_iqtree_gene_trees/result_5G62310_iqtree
Seed:    833203 (Using SPRNG - Scalable Parallel Random Number Generator)
Time:    Wed Mar 30 10:16:52 2022
Kernel:  AVX+FMA - auto-detect threads (48 CPU cores detected)

Reading alignment file results_assessment_saturation_and_clocklikeliness/input_gene_alignments_cleaned/5G62310_cleaned.fasta ... Fasta format detected
Alignment most likely contains DNA/RNA sequences
Alignment has 331 sequences with 1380 columns, 1223 distinct patterns
792 parsimony-informative, 129 singleton sites, 459 constant sites
            Gap/Ambiguity  Composition  p-value
   1  S0941         8.19%    passed     87.72%
   2  S0946         6.30%    passed     82.23%
   3  S0949         1.59%    passed     46.75%
   4  S1114-2      17.90%    passed     51.41%
   5  S0732         0.72%    passed     99.11%
   6  S0735         0.00%    passed     87.44%
   7  S0403sl       0.14%    passed     95.61%
   8  S0739         1.01%    passed     97.37%
   9  S1328sl       0.87%    passed     88.01%
  10  S0385         1.45%    passed     66.01%
  11  S0384         1.59%    passed     78.40%
  12  S0381         0.65%    passed     55.08%
  13  S0380         8.12%    passed     93.01%
  14  S0383         1.09%    passed     82.20%
  15  S1541sl      23.62%    passed     81.96%
  16  S1519         6.67%    passed     35.34%
  17  S0745         1.01%    passed     48.23%
  18  S0746         0.00%    passed     79.16%
  19  S0741         6.67%    passed     58.43%
  20  S0740         2.03%    passed     97.30%
  21  S0743         0.00%    passed     36.10%
  22  S0742         0.07%    passed     75.67%
  23  S0748         0.00%    passed     64.01%
  24  S1462         0.00%    passed     90.84%
  25  S1460         0.36%    passed     71.15%
  26  S1464         5.36%    passed     98.82%
  27  S1341        19.86%    passed     61.84%
  28  S1188         3.41%    passed     87.64%
  29  S0688        20.58%    passed     78.61%
  30  S0689         0.22%    passed     91.62%
  31  S0562        14.64%    passed     16.97%
  32  S0335         0.00%    passed     83.10%
  33  S0331         0.22%    passed     57.73%
  34  S1204         2.46%    passed     93.71%
  35  S0762-2       2.03%    passed     94.05%
  36  S0724sl       0.00%    passed     61.61%
  37  S1050         6.30%    passed     93.14%
  38  S1119        23.70%    passed     96.24%
  39  S1118         4.35%    passed     94.04%
  40  S1113         2.61%    passed     90.15%
  41  S1111         6.88%    passed     87.24%
  42  S1110         3.91%    passed     57.71%
  43  S1117         5.80%    passed     98.36%
  44  S1116         5.80%    passed     34.51%
  45  S0834         8.91%    passed     88.69%
  46  S0512sl       1.16%    passed     92.87%
  47  S1258-2       6.16%    passed     99.41%
  48  S1498         0.87%    passed     94.85%
  49  SRR8528365    0.00%    passed     70.52%
  50  SRR8528364    1.30%    passed     93.27%
  51  SRR8528361    0.29%    passed     99.85%
  52  S0667         4.93%    passed     23.22%
  53  S0664         2.61%    passed     54.09%
  54  SRR8528400    1.38%    passed     94.51%
  55  S0669         0.00%    passed     90.23%
  56  S0906         1.30%    passed     91.00%
  57  S0903         1.16%    passed     67.59%
  58  S1189         0.00%    passed     54.71%
  59  S1184         2.54%    passed     82.18%
  60  S1180         0.07%    passed     81.44%
  61  S1182         0.51%    passed     86.05%
  62  S0420sl      11.30%    passed     90.86%
  63  S1201sl       0.00%    passed     94.72%
  64  S0645sl       0.29%    passed     60.04%
  65  S1424         5.43%    passed     64.73%
  66  S1422         0.00%    passed     32.33%
  67  S1421         0.00%    failed      0.76%
  68  S1381         0.00%    passed     96.37%
  69  S1428         0.14%    passed     94.23%
  70  S0400        17.10%    passed     97.78%
  71  S0731sl       0.51%    passed     90.21%
  72  S0405         0.00%    passed     98.12%
  73  S0275         0.22%    passed     85.13%
  74  S0277         1.52%    passed     96.84%
  75  S0279         2.61%    passed     95.70%
  76  S0278         7.03%    passed     81.45%
  77  S0373         7.54%    passed     99.43%
  78  S0376        11.74%    passed     58.72%
  79  S0377         0.14%    failed      1.86%
  80  S1332         0.36%    passed     92.58%
  81  S1331        25.14%    passed     39.49%
  82  S1336         6.52%    passed     99.57%
  83  S1339         0.94%    passed     90.97%
  84  S0509         1.01%    passed     85.85%
  85  S0656sl       0.80%    passed     99.33%
  86  S1251         0.14%    passed     89.79%
  87  S0428sl       8.48%    passed     74.41%
  88  S0308         1.23%    passed     49.71%
  89  S0305         2.46%    passed     34.12%
  90  S0306         5.94%    passed     97.04%
  91  S0301         0.51%    passed     98.91%
  92  S0300         2.39%    passed     81.48%
  93  S0303         0.00%    passed     51.86%
  94  S0407sl       0.00%    passed     74.58%
  95  S0895         5.94%    passed     75.71%
  96  S0894         0.22%    passed     86.18%
  97  S0897         5.29%    passed     81.70%
  98  S0896         5.43%    passed     29.66%
  99  S0890         6.67%    passed     97.37%
 100  S0954         0.65%    passed     98.23%
 101  S1043sl       2.32%    passed     95.24%
 102  S0956         0.00%    passed     33.58%
 103  S0957         0.58%    passed     97.55%
 104  S0899         0.80%    passed     95.22%
 105  S0952         0.14%    passed     92.20%
 106  S1235sl       0.00%    passed     74.42%
 107  S0655sl       3.41%    passed     88.93%
 108  S0583         3.33%    failed      0.38%
 109  S0620         0.65%    passed     57.61%
 110  S0624         0.72%    passed     87.63%
 111  S1250sl       1.45%    passed     89.48%
 112  S1506        15.94%    passed     70.89%
 113  S1509        19.57%    failed      3.73%
 114  S0756         0.00%    passed     90.60%
 115  S0757        20.22%    passed     53.81%
 116  S0754         4.78%    passed     95.79%
 117  S0752         0.51%    passed      6.31%
 118  SRR8528350    0.00%    passed     82.25%
 119  S0751         8.62%    passed     82.39%
 120  S0055         0.00%    passed     89.13%
 121  S0758         0.51%    passed     44.18%
 122  SRR8528359    0.00%    passed     64.43%
 123  S1187sl      11.16%    passed     86.40%
 124  S1053sl      20.80%    passed     91.97%
 125  S1106sl       4.57%    passed     97.62%
 126  S1232sl       0.51%    passed     92.74%
 127  S1376         0.07%    passed     59.10%
 128  S1375         0.80%    passed     96.00%
 129  S1374         3.77%    passed     98.70%
 130  S1371         2.54%    passed     85.71%
 131  S1370         0.80%    passed     94.97%
 132  S1378         7.39%    passed     30.11%
 133  SRR8528381    4.64%    passed     16.94%
 134  SRR8528380    0.80%    passed     83.11%
 135  S1474         1.38%    passed     96.25%
 136  S1475         0.51%    passed     93.65%
 137  S0613sl       1.09%    passed     55.02%
 138  S1579         0.94%    passed     99.39%
 139  S0947sl       5.94%    passed     81.83%
 140  SRR8528384    0.00%    passed     78.79%
 141  S1093sl       1.59%    passed     84.86%
 142  S0577         9.28%    passed     76.12%
 143  S0478         0.51%    passed     98.67%
 144  S0346         4.78%    passed     94.83%
 145  S1210         0.14%    passed     71.82%
 146  S1211         0.00%    passed     94.55%
 147  S1213         8.48%    passed     50.70%
 148  S0721sl       1.52%    passed     97.28%
 149  S0733sl       0.94%    passed     91.14%
 150  S1100         1.67%    passed     83.45%
 151  S1102         0.22%    passed     86.59%
 152  S1103         1.30%    passed     59.32%
 153  S0827         0.00%    passed     94.35%
 154  S1269         0.00%    passed     59.90%
 155  S1261         9.28%    passed     72.63%
 156  S1260         0.00%    passed     99.33%
 157  S1262         1.74%    passed     90.41%
 158  S0293        16.52%    passed     98.64%
 159  S0292         0.07%    passed     26.98%
 160  S0297         0.43%    passed     97.10%
 161  S0294         1.30%    passed     43.73%
 162  S0299         9.93%    passed     17.06%
 163  S0298         3.04%    passed     82.42%
 164  S0964         0.22%    passed     28.28%
 165  S1214sl       0.00%    passed     27.49%
 166  S0960         1.52%    passed     23.48%
 167  S0963         3.77%    passed     94.10%
 168  S1238sl       0.07%    passed     85.99%
 169  SRR8528391    0.00%    passed     71.66%
 170  SRR8528397    0.00%    passed     98.27%
 171  SRR8528394    0.22%    passed     97.15%
 172  SRR8528398    1.01%    passed     94.44%
 173  SRR8528399    0.00%    passed     57.34%
 174  S0718         4.20%    passed     60.29%
 175  S0657         1.38%    passed     99.39%
 176  S0654         2.25%    passed     84.34%
 177  S0717         6.38%    passed     89.83%
 178  S0552sl       0.00%    passed     39.86%
 179  S0647-2       7.32%    passed     98.17%
 180  S1539         0.22%    passed     89.64%
 181  S1083         0.87%    passed     86.36%
 182  S1129sl       4.28%    passed     12.15%
 183  S1089         0.00%    passed     99.57%
 184  S1069         8.77%    passed     65.88%
 185  S0436         1.16%    passed     87.10%
 186  S0435         6.59%    passed     76.74%
 187  S0430         0.22%    passed     73.41%
 188  S0268         0.65%    passed     98.46%
 189  S1442         0.00%    passed     70.62%
 190  S1449         0.36%    passed     17.69%
 191  S1148         0.07%    passed     82.00%
 192  S1220         2.46%    passed     52.03%
 193  S1223         0.14%    passed     82.60%
 194  S1227         0.00%    passed     98.76%
 195  S0317         2.54%    passed      5.28%
 196  S0315         1.81%    passed     53.30%
 197  S0312        19.35%    passed     72.61%
 198  S0560         0.00%    passed     90.37%
 199  S0888         0.29%    passed     84.65%
 200  S0617         5.72%    passed     36.07%
 201  S0616         0.29%    passed     98.65%
 202  S0612         1.52%    passed     77.67%
 203  S1038         1.74%    passed     86.14%
 204  S1039         5.07%    passed     98.61%
 205  S0591         1.52%    passed     86.67%
 206  S0593         0.00%    passed     72.85%
 207  SRR8528339    2.75%    passed     85.50%
 208  S0763         0.00%    passed     99.87%
 209  SRR8528347    2.25%    passed     52.60%
 210  S0760         0.00%    passed     97.07%
 211  SRR8528341    0.07%    passed     84.25%
 212  S0766        18.99%    passed     38.47%
 213  SRR8528343    0.00%    passed     89.28%
 214  S0764         0.43%    passed     72.58%
 215  S1266sl       0.36%    passed     74.63%
 216  S1077         5.07%    passed     52.93%
 217  S1365        14.57%    passed     91.05%
 218  S1366         1.38%    passed     31.20%
 219  S1368         5.36%    passed     93.44%
 220  S1369         0.00%    passed     98.13%
 221  S1409         0.29%    passed     76.56%
 222  S1408        20.07%    failed      0.20%
 223  S1561        21.81%    passed     95.65%
 224  S1401         3.33%    passed     16.68%
 225  S1400         6.45%    passed     72.63%
 226  S1405         1.09%    passed     90.06%
 227  S1407        19.28%    passed     95.63%
 228  S0464         0.65%    passed     97.06%
 229  S0547         5.36%    passed     87.22%
 230  S1318-2       0.58%    passed     94.43%
 231  S0355         0.29%    passed     41.30%
 232  S1181-2      18.99%    passed     82.89%
 233  S1315         1.52%    passed     45.38%
 234  S1314         2.54%    passed     43.59%
 235  S0765         0.87%    passed     94.10%
 236  SRR8528342    2.39%    passed     52.59%
 237  S1319         4.57%    passed     94.52%
 238  S0791         0.87%    passed     93.19%
 239  S0795         0.43%    passed     65.16%
 240  S1177         0.00%    passed     97.15%
 241  S1176         1.09%    passed     97.52%
 242  S1072         6.23%    passed     94.95%
 243  S1074         0.87%    passed     83.50%
 244  S0959         0.00%    passed     70.34%
 245  S0851        10.14%    passed     43.98%
 246  S1278         0.00%    passed     98.85%
 247  S1279         0.87%    passed     98.38%
 248  S1276         4.57%    passed     32.06%
 249  S0288         7.61%    passed     76.28%
 250  S0289        14.64%    passed     20.07%
 251  S0285         1.96%    passed     80.16%
 252  S0286         4.78%    passed     96.67%
 253  S0280         0.14%    passed     82.95%
 254  S0281         1.09%    passed     87.57%
 255  S0282         0.43%    passed     97.27%
 256  S0283         1.30%    passed     79.44%
 257  S_670         0.87%    passed     99.72%
 258  S0727         6.23%    passed     99.38%
 259  S0726         0.80%    passed     50.00%
 260  SRR8528382    0.07%    passed     83.74%
 261  SRR8528385    0.58%    passed     97.14%
 262  S0722         4.71%    passed     96.53%
 263  S0720         0.22%    passed     70.53%
 264  SRR8528389    0.00%    passed     93.01%
 265  SRR8528388    5.07%    passed     94.55%
 266  S1229-2       0.22%    passed     98.21%
 267  S0641         0.07%    passed     98.12%
 268  S0642         1.45%    passed     37.47%
 269  SRR8528338    0.14%    passed     99.37%
 270  S0196sl       1.59%    passed     81.24%
 271  SRR8528336    0.00%    passed     37.78%
 272  S1096         4.93%    passed     96.73%
 273  S1097         4.35%    passed     89.72%
 274  S1095         0.51%    passed     99.95%
 275  S1098         5.00%    passed     98.42%
 276  S0421         6.45%    passed     83.82%
 277  S0424         0.00%    passed     99.06%
 278  S0427         0.14%    passed     80.17%
 279  S0156         0.14%    passed     87.11%
 280  S1451         0.22%    passed     84.01%
 281  S1354         0.29%    passed     72.50%
 282  S1459         3.41%    passed     91.68%
 283  S1021         3.26%    passed     23.91%
 284  S0691         1.81%    passed     96.99%
 285  S0690         0.65%    passed     94.81%
 286  S1230         2.39%    passed     90.35%
 287  S1234         1.59%    passed     99.41%
 288  S1239         0.00%    passed     96.78%
 289  S0450         0.80%    passed     92.69%
 290  S0329         0.00%    passed     96.42%
 291  S0323         1.09%    passed     13.47%
 292  S0322         0.00%    passed     43.21%
 293  S0320         0.58%    passed     60.56%
 294  S0327         0.14%    passed     95.76%
 295  SRR8528358    0.51%    passed     99.23%
 296  S1040         6.01%    passed     92.62%
 297  S1045         0.00%    passed     97.00%
 298  S1044         5.72%    passed     97.92%
 299  S1120         0.72%    passed     97.93%
 300  S0809         3.26%    passed     61.59%
 301  S0412sl       1.16%    passed     55.74%
 302  SRR8528379    1.38%    passed     91.42%
 303  SRR8528370    0.00%    passed     98.47%
 304  SRR8528372    0.00%    passed     23.46%
 305  SRR8528373    2.32%    passed     61.21%
 306  SRR8528376    0.14%    passed     94.79%
 307  S0677         2.90%    passed      9.73%
 308  S0671         1.88%    passed     85.01%
 309  S0670         6.96%    passed     88.25%
 310  S0673         0.00%    passed     94.04%
 311  S0672         4.86%    passed     68.43%
 312  S0770         0.36%    passed     98.47%
 313  S0771         1.09%    passed     19.78%
 314  S0772         1.81%    passed     72.86%
 315  S1419         1.09%    passed     33.75%
 316  S0747sl       0.36%    passed     59.52%
 317  S0558         0.00%    passed     42.59%
 318  S0417         0.07%    passed     77.05%
 319  S0416         0.29%    passed     95.34%
 320  S0419         0.00%    passed     98.04%
 321  S0555         1.52%    passed     29.29%
 322  S1221sl       4.28%    passed     34.31%
 323  SRR8528356    5.87%    passed     96.62%
 324  SRR8528354    0.00%    passed     98.09%
 325  S1208sl       3.62%    passed     66.84%
 326  S1168         0.65%    passed     94.91%
 327  S0521         6.23%    passed     96.21%
 328  S1249         0.72%    passed     52.48%
 329  S1241         2.97%    passed     86.33%
 330  S1246         0.22%    passed     92.30%
 331  S1245         0.07%    passed     94.49%
****  TOTAL         3.21%  5 sequences failed composition chi2 test (p-value<5%; df=3)

Create initial parsimony tree by phylogenetic likelihood library (PLL)... 0.311 seconds
Generating 1000 samples for ultrafast bootstrap (seed: 833203)...

NOTE: 57 MB RAM (0 GB) is required!
Measuring multi-threading efficiency up to 48 CPU cores
Increase to 10 rounds for branch lengths
23 trees examined
Threads: 1 / Time: 48.445 sec / Speedup: 1.000 / Efficiency: 100% / LogL: -93545
Threads: 2 / Time: 46.116 sec / Speedup: 1.051 / Efficiency: 53% / LogL: -93545
Threads: 3 / Time: 45.542 sec / Speedup: 1.064 / Efficiency: 35% / LogL: -93545
BEST NUMBER OF THREADS: 1

Estimate model parameters (epsilon = 0.100)
1. Initial log-likelihood: -51965.008
2. Current log-likelihood: -49804.502
3. Current log-likelihood: -49757.047
4. Current log-likelihood: -49721.205
5. Current log-likelihood: -49690.943
6. Current log-likelihood: -49667.098
7. Current log-likelihood: -49648.314
8. Current log-likelihood: -49633.105
9. Current log-likelihood: -49620.514
10. Current log-likelihood: -49610.161
11. Current log-likelihood: -49601.401
12. Current log-likelihood: -49594.124
13. Current log-likelihood: -49587.939
14. Current log-likelihood: -49582.681
15. Current log-likelihood: -49578.184
16. Current log-likelihood: -49574.315
17. Current log-likelihood: -49570.983
18. Current log-likelihood: -49568.085
19. Current log-likelihood: -49565.576
20. Current log-likelihood: -49563.369
21. Current log-likelihood: -49561.456
22. Current log-likelihood: -49559.767
23. Current log-likelihood: -49558.286
24. Current log-likelihood: -49556.975
25. Current log-likelihood: -49555.814
26. Current log-likelihood: -49554.784
27. Current log-likelihood: -49553.864
28. Current log-likelihood: -49553.050
29. Current log-likelihood: -49552.434
30. Current log-likelihood: -49551.874
31. Current log-likelihood: -49551.364
32. Current log-likelihood: -49550.902
33. Current log-likelihood: -49550.639
Optimal log-likelihood: -49550.492
Rate parameters:  A-C: 1.26290  A-G: 3.01073  A-T: 1.08156  C-G: 1.13221  C-T: 4.79989  G-T: 1.00000
Base frequencies:  A: 0.320  C: 0.183  G: 0.250  T: 0.247
Site proportion and rates:  (0.474,0.066) (0.274,0.870) (0.207,2.341) (0.045,5.458)
Parameters optimization took 33 rounds (226.080 sec)
Computing ML distances based on estimated model parameters...
Computing ML distances took 3.599139 sec (of wall-clock time) 3.200000 sec(of CPU time)
Computing RapidNJ tree took 0.017811 sec (of wall-clock time) 0.024000 sec (of CPU time)
Log-likelihood of RapidNJ tree: -49937.229
--------------------------------------------------------------------
|             INITIALIZING CANDIDATE TREE SET                      |
--------------------------------------------------------------------
Generating 98 parsimony trees... 17.590 second
Computing log-likelihood of 98 initial trees ... 33.711 seconds
Current best score: -49477.313

Do NNI search on 20 best initial trees
Estimate model parameters (epsilon = 0.100)
BETTER TREE FOUND at iteration 1: -49424.696
Estimate model parameters (epsilon = 0.100)
BETTER TREE FOUND at iteration 4: -49423.557
Estimate model parameters (epsilon = 0.100)
BETTER TREE FOUND at iteration 6: -49420.071
Iteration 10 / LogL: -49425.914 / Time: 0h:10m:45s
Iteration 20 / LogL: -49422.177 / Time: 0h:12m:56s
Finish initializing candidate tree set (20)
Current best tree score: -49420.071 / CPU time: 400.647
Number of iterations: 20
--------------------------------------------------------------------
|               OPTIMIZING CANDIDATE TREE SET                      |
--------------------------------------------------------------------
Estimate model parameters (epsilon = 0.100)
BETTER TREE FOUND at iteration 21: -49413.537
Estimate model parameters (epsilon = 0.100)
BETTER TREE FOUND at iteration 22: -49407.431
Estimate model parameters (epsilon = 0.100)
BETTER TREE FOUND at iteration 23: -49395.983
Estimate model parameters (epsilon = 0.100)
BETTER TREE FOUND at iteration 30: -49395.700
Iteration 30 / LogL: -49395.700 / Time: 0h:15m:16s (0h:52m:39s left)
Estimate model parameters (epsilon = 0.100)
BETTER TREE FOUND at iteration 31: -49393.296
Estimate model parameters (epsilon = 0.100)
BETTER TREE FOUND at iteration 33: -49387.173
Estimate model parameters (epsilon = 0.100)
BETTER TREE FOUND at iteration 38: -49384.805
Estimate model parameters (epsilon = 0.100)
BETTER TREE FOUND at iteration 40: -49384.448
Iteration 40 / LogL: -49384.448 / Time: 0h:17m:23s (0h:44m:34s left)
Estimate model parameters (epsilon = 0.100)
BETTER TREE FOUND at iteration 44: -49382.017
Estimate model parameters (epsilon = 0.100)
BETTER TREE FOUND at iteration 50: -49379.084
Iteration 50 / LogL: -49379.084 / Time: 0h:19m:9s (0h:39m:5s left)
Log-likelihood cutoff on original alignment: -49485.835
Estimate model parameters (epsilon = 0.100)
BETTER TREE FOUND at iteration 52: -49371.927
Iteration 60 / LogL: -49386.880 / Time: 0h:20m:55s (0h:32m:37s left)
Iteration 70 / LogL: -49378.546 / Time: 0h:22m:24s (0h:26m:36s left)
Iteration 80 / LogL: -49406.452 / Time: 0h:23m:59s (0h:21m:51s left)
Estimate model parameters (epsilon = 0.100)
BETTER TREE FOUND at iteration 85: -49370.920
Estimate model parameters (epsilon = 0.100)
BETTER TREE FOUND at iteration 86: -49370.807
Iteration 90 / LogL: -49392.810 / Time: 0h:25m:41s (0h:27m:42s left)
Estimate model parameters (epsilon = 0.100)
BETTER TREE FOUND at iteration 92: -49370.726
Iteration 100 / LogL: -49388.830 / Time: 0h:27m:30s (0h:25m:33s left)
Log-likelihood cutoff on original alignment: -49480.495
NOTE: Bootstrap correlation coefficient of split occurrence frequencies: 0.983
NOTE: UFBoot does not converge, continue at least 100 more iterations
Estimate model parameters (epsilon = 0.100)
BETTER TREE FOUND at iteration 101: -49370.473
Iteration 110 / LogL: -49378.452 / Time: 0h:29m:32s (0h:24m:39s left)
Estimate model parameters (epsilon = 0.100)
BETTER TREE FOUND at iteration 117: -49369.136
Iteration 120 / LogL: -49373.181 / Time: 0h:31m:34s (0h:25m:44s left)
Iteration 130 / LogL: -49398.498 / Time: 0h:33m:2s (0h:22m:16s left)
Estimate model parameters (epsilon = 0.100)
BETTER TREE FOUND at iteration 140: -49368.425
Iteration 140 / LogL: -49368.425 / Time: 0h:34m:51s (0h:25m:4s left)
Estimate model parameters (epsilon = 0.100)
BETTER TREE FOUND at iteration 146: -49367.529
Iteration 150 / LogL: -49370.840 / Time: 0h:36m:26s (0h:23m:28s left)
Log-likelihood cutoff on original alignment: -49480.495
Iteration 160 / LogL: -49376.155 / Time: 0h:38m:9s (0h:20m:38s left)
Estimate model parameters (epsilon = 0.100)
BETTER TREE FOUND at iteration 167: -49367.147
Iteration 170 / LogL: -49376.329 / Time: 0h:39m:50s (0h:22m:51s left)
Estimate model parameters (epsilon = 0.100)
BETTER TREE FOUND at iteration 175: -49366.867
Iteration 180 / LogL: -49373.740 / Time: 0h:41m:23s (0h:21m:58s left)
Iteration 190 / LogL: -49379.274 / Time: 0h:43m:22s (0h:19m:30s left)
Iteration 200 / LogL: -49386.987 / Time: 0h:45m:13s (0h:17m:2s left)
Log-likelihood cutoff on original alignment: -49480.495
NOTE: Bootstrap correlation coefficient of split occurrence frequencies: 0.996
Iteration 210 / LogL: -49369.125 / Time: 0h:46m:57s (0h:20m:13s left)
Iteration 220 / LogL: -49372.595 / Time: 0h:48m:35s (0h:17m:44s left)
Estimate model parameters (epsilon = 0.100)
BETTER TREE FOUND at iteration 228: -49366.593
Iteration 230 / LogL: -49382.876 / Time: 0h:50m:29s (0h:21m:36s left)
Iteration 240 / LogL: -49396.641 / Time: 0h:52m:6s (0h:19m:10s left)
Iteration 250 / LogL: -49372.127 / Time: 0h:53m:43s (0h:16m:49s left)
Log-likelihood cutoff on original alignment: -49480.495
Iteration 260 / LogL: -49372.108 / Time: 0h:55m:35s (0h:14m:35s left)
Iteration 270 / LogL: -49372.707 / Time: 0h:57m:15s (0h:12m:20s left)
Iteration 280 / LogL: -49377.484 / Time: 0h:58m:57s (0h:10m:8s left)
Iteration 290 / LogL: -49369.795 / Time: 1h:0m:42s (0h:7m:58s left)
Iteration 300 / LogL: -49370.486 / Time: 1h:2m:8s (0h:5m:49s left)
Log-likelihood cutoff on original alignment: -49480.495
NOTE: Bootstrap correlation coefficient of split occurrence frequencies: 0.999
Estimate model parameters (epsilon = 0.100)
BETTER TREE FOUND at iteration 306: -49366.145
Iteration 310 / LogL: -49482.432 / Time: 1h:4m:0s (0h:19m:52s left)
Iteration 320 / LogL: -49372.005 / Time: 1h:5m:33s (0h:17m:40s left)
Iteration 330 / LogL: -49370.631 / Time: 1h:7m:5s (0h:15m:29s left)
Iteration 340 / LogL: -49370.350 / Time: 1h:8m:48s (0h:13m:23s left)
Iteration 350 / LogL: -49366.313 / Time: 1h:10m:20s (0h:11m:17s left)
Log-likelihood cutoff on original alignment: -49480.495
Iteration 360 / LogL: -49387.678 / Time: 1h:11m:59s (0h:9m:13s left)
Iteration 370 / LogL: -49387.793 / Time: 1h:13m:33s (0h:7m:10s left)
Iteration 380 / LogL: -49375.213 / Time: 1h:15m:13s (0h:5m:9s left)
Iteration 390 / LogL: -49370.926 / Time: 1h:17m:7s (0h:3m:10s left)
Iteration 400 / LogL: -49366.452 / Time: 1h:19m:6s (0h:1m:11s left)
Log-likelihood cutoff on original alignment: -49480.495
NOTE: Bootstrap correlation coefficient of split occurrence frequencies: 0.999
TREE SEARCH COMPLETED AFTER 407 ITERATIONS / Time: 1h:20m:11s

--------------------------------------------------------------------
|                    FINALIZING TREE SEARCH                        |
--------------------------------------------------------------------
Performs final model parameters optimization
Estimate model parameters (epsilon = 0.010)
1. Initial log-likelihood: -49366.145
Optimal log-likelihood: -49366.141
Rate parameters:  A-C: 1.26834  A-G: 3.07732  A-T: 1.07732  C-G: 1.14456  C-T: 4.87619  G-T: 1.00000
Base frequencies:  A: 0.320  C: 0.183  G: 0.250  T: 0.247
Site proportion and rates:  (0.469,0.055) (0.287,0.873) (0.204,2.421) (0.041,5.699)
Parameters optimization took 1 rounds (4.028 sec)
BEST SCORE FOUND : -49366.141
Creating bootstrap support values...
Split supports printed to NEXUS file results_assessment_saturation_and_clocklikeliness/results_iqtree_gene_trees/result_5G62310_iqtree.splits.nex
Total tree length: 7.227

Total number of iterations: 407
CPU time used for tree search: 3367.944 sec (0h:56m:7s)
Wall-clock time used for tree search: 4436.222 sec (1h:13m:56s)
Total CPU time used: 3750.928 sec (1h:2m:30s)
Total wall-clock time used: 4818.964 sec (1h:20m:18s)

Computing bootstrap consensus tree...
Reading input file results_assessment_saturation_and_clocklikeliness/results_iqtree_gene_trees/result_5G62310_iqtree.splits.nex...
331 taxa and 2146 splits.
Consensus tree written to results_assessment_saturation_and_clocklikeliness/results_iqtree_gene_trees/result_5G62310_iqtree.contree
Reading input trees file results_assessment_saturation_and_clocklikeliness/results_iqtree_gene_trees/result_5G62310_iqtree.contree
Log-likelihood of consensus tree: -49366.119

Analysis results written to: 
  IQ-TREE report:                results_assessment_saturation_and_clocklikeliness/results_iqtree_gene_trees/result_5G62310_iqtree.iqtree
  Maximum-likelihood tree:       results_assessment_saturation_and_clocklikeliness/results_iqtree_gene_trees/result_5G62310_iqtree.treefile
  Likelihood distances:          results_assessment_saturation_and_clocklikeliness/results_iqtree_gene_trees/result_5G62310_iqtree.mldist

Ultrafast bootstrap approximation results written to:
  Split support values:          results_assessment_saturation_and_clocklikeliness/results_iqtree_gene_trees/result_5G62310_iqtree.splits.nex
  Consensus tree:                results_assessment_saturation_and_clocklikeliness/results_iqtree_gene_trees/result_5G62310_iqtree.contree
  Screen log file:               results_assessment_saturation_and_clocklikeliness/results_iqtree_gene_trees/result_5G62310_iqtree.log

Date and Time: Wed Mar 30 11:37:17 2022
