IQ-TREE multicore version 2.1.3 COVID-edition for Linux 64-bit built Apr 21 2021
Developed by Bui Quang Minh, James Barbetti, Nguyen Lam Tung,
Olga Chernomor, Heiko Schmidt, Dominik Schrempf, Michael Woodhams.

Host:    hpc-high-memory-multi-user (AVX2, FMA3, 1007 GB RAM)
Command: /home/kasper.hendriks/iqtree-2.1.3-Linux/bin/iqtree2 -s results_assessment_saturation_and_clocklikeliness/input_gene_alignments_cleaned/5958_cleaned.fasta -B 1000 -nm 1000 -m GTR+F+R -nt AUTO --prefix results_assessment_saturation_and_clocklikeliness/results_iqtree_gene_trees/result_5958_iqtree
Seed:    900449 (Using SPRNG - Scalable Parallel Random Number Generator)
Time:    Wed Mar 30 04:20:39 2022
Kernel:  AVX+FMA - auto-detect threads (48 CPU cores detected)

Reading alignment file results_assessment_saturation_and_clocklikeliness/input_gene_alignments_cleaned/5958_cleaned.fasta ... Fasta format detected
Alignment most likely contains DNA/RNA sequences
Alignment has 318 sequences with 288 columns, 207 distinct patterns
119 parsimony-informative, 16 singleton sites, 153 constant sites
             Gap/Ambiguity  Composition  p-value
   1  S0941         12.15%    passed     91.11%
   2  S1107-2        9.38%    passed     54.56%
   3  S0946          9.38%    passed     95.32%
   4  S1341          8.33%    passed     67.32%
   5  S0436          7.29%    passed     66.41%
   6  S0435          5.56%    passed     92.35%
   7  S1114-2        0.35%    passed     44.12%
   8  S1201sl        0.00%    passed     78.13%
   9  S0430          0.00%    passed     36.40%
  10  S0656sl        0.35%    passed      7.50%
  11  S0735          0.35%    passed     23.93%
  12  S0403sl        0.00%    passed     49.26%
  13  S0739          2.43%    passed     89.67%
  14  S0268          0.69%    passed     97.45%
  15  S1328sl        0.00%    passed     91.79%
  16  S0428sl        6.25%    passed     91.30%
  17  S0196sl       10.42%    passed     89.49%
  18  S1421         17.36%    passed     90.91%
  19  S1442          0.00%    passed     79.92%
  20  S0305          7.29%    passed     80.04%
  21  S0301          0.35%    passed     95.42%
  22  S0300         13.89%    passed     40.42%
  23  S0303          0.00%    passed     43.10%
  24  S0385         10.42%    passed     94.41%
  25  S0384          1.04%    passed     82.96%
  26  S1095          4.86%    passed     93.80%
  27  S0381          0.69%    passed     43.41%
  28  S0380         11.11%    passed     44.19%
  29  S0383         13.54%    passed      7.78%
  30  S0748          0.35%    passed     33.61%
  31  S0949         11.11%    passed     85.84%
  32  S1098          8.68%    passed     89.05%
  33  S0895         10.76%    passed     89.95%
  34  S0583         13.19%    passed     87.64%
  35  S0897         12.50%    passed     74.85%
  36  S0893         10.07%    passed     13.36%
  37  S0892          7.64%    passed     90.30%
  38  S0954         10.42%    passed     98.98%
  39  S0421          1.39%    passed     99.94%
  40  S0956          0.35%    passed     94.32%
  41  S0957         11.11%    passed     73.25%
  42  S0899          0.69%    passed     10.04%
  43  S0951          0.00%    passed     97.98%
  44  S0952          0.00%    passed     89.62%
  45  S0427          0.00%    passed     96.39%
  46  S1148          1.74%    passed     25.22%
  47  S1220          2.78%    passed     50.92%
  48  S0156          9.72%    passed     64.38%
  49  S1419          1.74%    passed     10.37%
  50  S1227          0.00%    passed     80.06%
  51  S0741         13.19%    passed     66.71%
  52  S1376          0.00%    passed     14.91%
  53  S1519         18.06%    passed     81.92%
  54  S0740          3.47%    passed     28.37%
  55  S1506          9.38%    passed     96.75%
  56  S0746         13.19%    passed     21.97%
  57  S0655sl        5.21%    passed     64.84%
  58  S0743         13.19%    passed     85.03%
  59  S0742          0.00%    passed     74.83%
  60  S0620         12.50%    passed     62.11%
  61  S0315         12.85%    passed     65.88%
  62  S0312          1.39%    passed     15.59%
  63  S0732          2.43%    passed     89.91%
  64  S0624          0.00%    passed     98.21%
  65  S1459          7.29%    passed     85.04%
  66  S1541sl        0.35%    passed     59.70%
  67  S1210          0.35%    passed     95.88%
  68  S1021         13.54%    passed     98.67%
  69  S1251          0.00%    passed     91.41%
  70  S1250sl        0.00%    passed     22.89%
  71  S1177          0.00%    passed     78.25%
  72  S1319          7.99%    passed     87.24%
  73  S1011sl       13.89%    passed     90.84%
  74  S1561          6.60%    passed     45.48%
  75  S0691         11.11%    passed     69.24%
  76  S0690          0.00%    passed     95.99%
  77  S0617         11.81%    passed     83.80%
  78  S0616          0.00%    passed     91.93%
  79  S1230          0.35%    passed     94.50%
  80  S0612          5.56%    passed     94.90%
  81  S1234          9.38%    passed     62.45%
  82  S1369          0.00%    passed     80.97%
  83  S1509          6.25%    passed     83.45%
  84  S1239          0.00%    passed     96.76%
  85  S1038          0.00%    passed     85.50%
  86  S0450          0.00%    passed     88.57%
  87  S1229-2        2.78%    passed     97.76%
  88  S0756          0.00%    passed     97.05%
  89  S0757          4.51%    passed     46.16%
  90  S0329          0.00%    passed     96.43%
  91  S1460          0.35%    passed     90.20%
  92  S0752         12.50%    passed     65.72%
  93  S0753          2.43%    passed     95.39%
  94  S0751          5.21%    passed     89.23%
  95  S0323         12.85%    passed     62.15%
  96  S0322          0.00%    passed     23.04%
  97  S0320          0.00%    passed     91.34%
  98  S0055          0.69%    passed     98.21%
  99  S0591          0.69%    passed     35.44%
 100  S0758          0.00%    passed     81.82%
 101  S0593          5.90%    passed     54.32%
 102  S1187sl        0.00%    passed     93.08%
 103  S1381          1.39%    passed     85.27%
 104  S0903          0.35%    passed     44.40%
 105  S1040          9.38%    passed     94.47%
 106  S1214sl        0.00%    passed     19.02%
 107  S1235sl        0.00%    passed     99.70%
 108  S1368          7.29%    passed     99.54%
 109  S1189          0.00%    passed     68.11%
 110  S0688         10.07%    passed     84.30%
 111  S0689          0.69%    passed     97.39%
 112  S0562          7.29%    passed     82.28%
 113  S1498          0.00%    passed     75.49%
 114  S1053sl        8.33%    passed     93.75%
 115  S0738sl        0.00%    passed     21.22%
 116  S1106sl        7.64%    passed     88.21%
 117  S1119          2.43%    passed     86.23%
 118  S0906          0.00%    passed     80.37%
 119  S1232sl        0.35%    passed     98.96%
 120  S0335          0.00%    passed     40.13%
 121  S1375          1.04%    passed     93.22%
 122  S1208sl        2.08%    passed     82.76%
 123  S1045          1.04%    passed     76.73%
 124  S0331         10.42%    passed     77.95%
 125  S1371         12.15%    passed     69.76%
 126  S1370          8.33%    passed     95.64%
 127  S0671          5.90%    passed     88.85%
 128  SRR8528357     0.00%    passed     97.71%
 129  S1204          4.51%    passed     86.20%
 130  S0728sl       14.24%    passed     98.51%
 131  S0308          0.00%    passed     44.91%
 132  S0763          0.00%    passed     91.03%
 133  S0760          0.00%    passed     83.92%
 134  S0766          6.94%    passed     56.75%
 135  S0765          0.00%    passed     88.81%
 136  S0764          3.47%    passed     39.23%
 137  S1474          2.78%    passed     76.84%
 138  S0613sl        0.69%    passed     61.44%
 139  S1579          0.00%    passed     58.31%
 140  S0660sl       10.76%    passed     76.09%
 141  S1120          0.69%    passed     23.00%
 142  S1121          1.04%    passed     82.37%
 143  S1401          7.64%    passed     97.19%
 144  S1374          3.47%    passed     76.49%
 145  S1102          0.00%    passed     83.32%
 146  S0762-2        0.35%    passed     85.33%
 147  S0809          2.78%    passed     98.55%
 148  S0724sl        0.00%    passed     23.04%
 149  S0947sl        5.90%    passed     97.99%
 150  S1044         13.19%    passed     88.93%
 151  S1266sl        0.00%    passed     28.48%
 152  S1093sl        5.21%    passed     93.99%
 153  S1110          0.00%    passed     95.87%
 154  S0577         17.01%    passed     46.45%
 155  S0894          0.00%    passed     93.22%
 156  S0412sl        2.43%    passed     92.33%
 157  S0745          1.74%    passed     19.67%
 158  S1449          1.04%    passed     35.95%
 159  S1408         14.58%    passed     79.43%
 160  ERR2789774     0.00%    passed     99.57%
 161  S1050          9.38%    passed     93.29%
 162  S0478          0.00%    passed     88.86%
 163  S0345          3.12%    passed     65.91%
 164  S1365          1.04%    passed     99.44%
 165  S1366          0.35%    passed      9.95%
 166  S0346          8.33%    passed     89.99%
 167  SRR6441723     2.08%    passed     92.93%
 168  S1211          0.00%    passed     94.38%
 169  S1213         12.15%    passed     57.22%
 170  S1458         15.97%    passed     83.85%
 171  S1409          0.69%    passed     27.59%
 172  S1096          9.38%    passed     91.30%
 173  S0677          0.00%    passed     73.60%
 174  S1118          7.29%    passed     94.22%
 175  ERR4210213     6.25%    passed     49.17%
 176  S0670          3.82%    passed     94.09%
 177  S0673          0.00%    passed     82.02%
 178  S0672          3.82%    passed     73.96%
 179  S1113          1.04%    passed     75.98%
 180  S1400          5.90%    passed     91.59%
 181  S1111          7.29%    passed     98.51%
 182  S0795          0.00%    passed     81.56%
 183  S0770          0.00%    passed     92.50%
 184  S0407sl        0.00%    passed     85.43%
 185  S0772         12.15%    passed     96.58%
 186  SRR11470309    0.00%    passed     92.48%
 187  S1428         12.15%    passed     88.60%
 188  S0721sl        1.74%    passed     82.62%
 189  S0733sl        2.43%    passed     63.91%
 190  S0771          0.00%    passed     74.90%
 191  S1378          0.00%    passed     42.44%
 192  S0836          6.60%    passed     76.57%
 193  S0834          6.60%    passed     94.14%
 194  S0464         11.46%    passed     99.70%
 195  S1223          0.00%    passed     22.20%
 196  S0512sl       23.26%    passed     81.84%
 197  S1258-2       10.42%    passed     81.95%
 198  S0547          3.82%    passed     45.68%
 199  S1129sl        0.00%    passed     89.85%
 200  S1318-2        5.90%    passed     77.82%
 201  S1246          0.35%    passed     92.44%
 202  S1331         11.11%    passed     96.28%
 203  S1052sl        4.86%    passed     62.33%
 204  S1238sl        0.00%    passed     63.64%
 205  S1405          0.35%    passed     90.84%
 206  S1100          0.00%    passed     37.84%
 207  S0888          0.00%    passed     98.07%
 208  S1069         17.36%    passed     85.20%
 209  S1103          0.69%    passed     82.66%
 210  S1221sl        7.99%    passed     68.21%
 211  S1181-2        3.82%    passed     59.81%
 212  S1336          0.69%    passed     85.99%
 213  S1315          0.00%    passed     98.78%
 214  S0667         14.24%    passed     81.39%
 215  S0664         16.67%    passed     92.41%
 216  S0827          0.00%    passed     24.67%
 217  S0662         12.85%    passed     76.15%
 218  S1128          0.00%    passed     68.66%
 219  S0989          5.90%    passed     78.37%
 220  S1261          0.35%    passed     97.23%
 221  S1260          1.74%    passed     96.40%
 222  S0669         12.50%    passed     94.54%
 223  S0293          0.00%    passed     88.31%
 224  S0292          0.00%    passed     16.86%
 225  S1424          6.60%    passed     98.87%
 226  S0297         11.11%    passed     98.47%
 227  S0902          0.69%    passed     90.40%
 228  S0901          3.82%    passed     86.93%
 229  S0294         10.42%    passed     73.73%
 230  S1184          5.56%    passed     31.94%
 231  S0747sl       12.85%    passed     95.18%
 232  S0299          0.00%    passed     90.34%
 233  S0298          5.90%    passed     97.22%
 234  S1180          0.69%    passed     19.77%
 235  S1339          9.38%    passed     90.69%
 236  S1182         10.76%    passed     89.91%
 237  S1422          0.00%    passed     16.16%
 238  S0558          0.00%    passed     60.35%
 239  S0964          0.00%    passed     94.26%
 240  S0768          0.00%    passed     85.18%
 241  S0960          0.35%    passed     75.42%
 242  S0417          1.04%    passed     97.66%
 243  S0416          0.00%    passed     89.02%
 244  S0419          0.00%    passed     91.52%
 245  S1354          6.25%    passed     81.18%
 246  S1176          2.78%    passed     91.31%
 247  S1269          0.00%    passed     36.40%
 248  S0555          0.00%    passed     96.91%
 249  S0645sl        0.00%    passed     92.01%
 250  S0641          0.00%    passed     97.20%
 251  S0590         13.54%    passed     92.17%
 252  S1245          0.00%    passed     94.31%
 253  S0963          1.39%    passed     84.90%
 254  S0420sl        6.25%    passed     55.74%
 255  S1072          9.38%    passed     86.67%
 256  S1116          0.35%    passed     90.89%
 257  S1074         13.19%    passed      6.98%
 258  S0959          0.00%    passed     77.02%
 259  S0851          9.72%    passed     62.54%
 260  S0718          2.78%    passed     97.89%
 261  S0657          0.35%    passed     12.72%
 262  S1278          0.00%    passed     95.11%
 263  S0654         12.15%    passed     28.86%
 264  S1276         11.11%    passed     21.20%
 265  S0717          2.08%    passed     20.40%
 266  S1270          5.21%    passed     96.60%
 267  S1039          9.72%    passed     89.10%
 268  S0552sl        0.35%    passed     89.04%
 269  S0289          1.04%    passed     91.06%
 270  S1043sl        5.21%    passed     87.66%
 271  S0284          0.00%    passed     34.57%
 272  S0285          7.99%    passed     95.75%
 273  S0286          9.03%    passed     98.19%
 274  S1077         10.76%    passed      7.67%
 275  S0280          0.35%    passed     47.89%
 276  S0281          0.00%    passed     51.28%
 277  S0282          0.00%    passed     96.86%
 278  S0283          2.43%    passed     96.83%
 279  S0647-2       11.46%    passed     91.55%
 280  S0400          0.00%    passed     91.33%
 281  S_670          0.69%    passed     81.82%
 282  S0731sl       12.15%    passed     89.45%
 283  S0405          0.35%    passed     97.77%
 284  SRR11470320    0.00%    passed     68.13%
 285  S1451          0.00%    passed     98.28%
 286  S1097          7.64%    passed     88.21%
 287  S0754          8.33%    passed     88.35%
 288  S0727         11.46%    passed     88.99%
 289  S0726         11.11%    passed     93.32%
 290  S1314         14.58%    passed     89.47%
 291  S1407          3.12%    passed     96.98%
 292  S0275         10.07%    passed     11.59%
 293  S0722         12.50%    passed     65.67%
 294  S0277          4.51%    passed     94.34%
 295  S0720          0.00%    passed     87.33%
 296  S0279          5.56%    passed     86.54%
 297  S0278          0.00%    passed     92.93%
 298  S1168         11.46%    passed     99.31%
 299  S0373          7.99%    passed     81.77%
 300  S0521          9.38%    passed     94.47%
 301  S1464          8.68%    passed     84.10%
 302  S0377         10.42%    passed     31.86%
 303  S1539          0.35%    passed     73.88%
 304  S1332          0.00%    passed     88.27%
 305  S1249          0.00%    passed     36.40%
 306  S0327          0.00%    passed     92.16%
 307  S1262          0.00%    passed     37.60%
 308  S1188          1.04%    passed     88.62%
 309  S1241          0.00%    passed     76.79%
 310  S1279          2.78%    passed     88.59%
 311  S0509         10.42%    passed     90.20%
 312  S0642          4.51%    passed     24.53%
 313  S0643          0.35%    passed     95.42%
 314  S1462          0.00%    passed     85.77%
 315  S1342          5.90%    passed     53.50%
 316  S1083          0.00%    passed     68.90%
 317  S1117          9.03%    passed     92.03%
 318  S1089          7.64%    passed     46.33%
****  TOTAL          4.60%  0 sequences failed composition chi2 test (p-value<5%; df=3)
NOTE: S1269 is identical to S0430 but kept for subsequent analysis
NOTE: S0724sl is identical to S0322 but kept for subsequent analysis
NOTE: 1 identical sequences (see below) will be ignored for subsequent analysis
NOTE: S1249 (identical to S0430) is ignored but added at the end
Alignment was printed to results_assessment_saturation_and_clocklikeliness/results_iqtree_gene_trees/result_5958_iqtree.uniqueseq.phy

For your convenience alignment with unique sequences printed to results_assessment_saturation_and_clocklikeliness/results_iqtree_gene_trees/result_5958_iqtree.uniqueseq.phy

Create initial parsimony tree by phylogenetic likelihood library (PLL)... 0.154 seconds
Generating 1000 samples for ultrafast bootstrap (seed: 900449)...

NOTE: 9 MB RAM (0 GB) is required!
Measuring multi-threading efficiency up to 48 CPU cores
Increase to 10 rounds for branch lengths
140 trees examined
Threads: 1 / Time: 48.269 sec / Speedup: 1.000 / Efficiency: 100% / LogL: -18768
Threads: 2 / Time: 60.765 sec / Speedup: 0.794 / Efficiency: 40% / LogL: -18768
BEST NUMBER OF THREADS: 1

Estimate model parameters (epsilon = 0.100)
1. Initial log-likelihood: -10347.567
2. Current log-likelihood: -9756.947
3. Current log-likelihood: -9707.043
4. Current log-likelihood: -9678.829
5. Current log-likelihood: -9660.159
6. Current log-likelihood: -9645.834
7. Current log-likelihood: -9634.333
8. Current log-likelihood: -9625.162
9. Current log-likelihood: -9617.708
10. Current log-likelihood: -9611.993
11. Current log-likelihood: -9609.571
12. Current log-likelihood: -9609.185
Optimal log-likelihood: -9609.079
Rate parameters:  A-C: 0.67010  A-G: 1.98008  A-T: 1.03756  C-G: 1.08430  C-T: 4.69575  G-T: 1.00000
Base frequencies:  A: 0.278  C: 0.205  G: 0.305  T: 0.212
Site proportion and rates:  (0.618,0.065) (0.155,0.946) (0.135,2.364) (0.092,5.396)
Parameters optimization took 12 rounds (11.621 sec)
Computing ML distances based on estimated model parameters...
Computing ML distances took 5.081642 sec (of wall-clock time) 2.732000 sec(of CPU time)
Computing RapidNJ tree took 0.012507 sec (of wall-clock time) 0.008000 sec (of CPU time)
Log-likelihood of RapidNJ tree: -10021.270
--------------------------------------------------------------------
|             INITIALIZING CANDIDATE TREE SET                      |
--------------------------------------------------------------------
Generating 98 parsimony trees... 6.849 second
Computing log-likelihood of 98 initial trees ... 5.338 seconds
Current best score: -9523.865

Do NNI search on 20 best initial trees
Estimate model parameters (epsilon = 0.100)
BETTER TREE FOUND at iteration 1: -9449.401
Estimate model parameters (epsilon = 0.100)
BETTER TREE FOUND at iteration 3: -9439.059
Iteration 10 / LogL: -9459.402 / Time: 0h:3m:51s
Iteration 20 / LogL: -9489.518 / Time: 0h:4m:37s
Finish initializing candidate tree set (20)
Current best tree score: -9439.059 / CPU time: 150.713
Number of iterations: 20
--------------------------------------------------------------------
|               OPTIMIZING CANDIDATE TREE SET                      |
--------------------------------------------------------------------
Estimate model parameters (epsilon = 0.100)
BETTER TREE FOUND at iteration 21: -9435.184
Estimate model parameters (epsilon = 0.100)
BETTER TREE FOUND at iteration 25: -9432.352
Estimate model parameters (epsilon = 0.100)
BETTER TREE FOUND at iteration 30: -9424.336
Iteration 30 / LogL: -9424.336 / Time: 0h:5m:21s (0h:18m:29s left)
Estimate model parameters (epsilon = 0.100)
BETTER TREE FOUND at iteration 31: -9422.410
Estimate model parameters (epsilon = 0.100)
BETTER TREE FOUND at iteration 32: -9410.989
Estimate model parameters (epsilon = 0.100)
BETTER TREE FOUND at iteration 36: -9404.379
Iteration 40 / LogL: -9428.032 / Time: 0h:6m:12s (0h:15m:16s left)
Estimate model parameters (epsilon = 0.100)
BETTER TREE FOUND at iteration 45: -9403.424
Estimate model parameters (epsilon = 0.100)
BETTER TREE FOUND at iteration 50: -9394.315
Iteration 50 / LogL: -9394.315 / Time: 0h:6m:49s (0h:13m:54s left)
Log-likelihood cutoff on original alignment: -9508.830
Estimate model parameters (epsilon = 0.100)
BETTER TREE FOUND at iteration 51: -9392.928
Estimate model parameters (epsilon = 0.100)
BETTER TREE FOUND at iteration 60: -9391.182
Iteration 60 / LogL: -9391.182 / Time: 0h:7m:38s (0h:12m:57s left)
Estimate model parameters (epsilon = 0.100)
BETTER TREE FOUND at iteration 63: -9388.338
Iteration 70 / LogL: -9395.072 / Time: 0h:8m:19s (0h:11m:12s left)
Estimate model parameters (epsilon = 0.100)
BETTER TREE FOUND at iteration 75: -9385.868
Estimate model parameters (epsilon = 0.100)
BETTER TREE FOUND at iteration 79: -9384.819
Iteration 80 / LogL: -9430.559 / Time: 0h:9m:7s (0h:11m:26s left)
Estimate model parameters (epsilon = 0.100)
BETTER TREE FOUND at iteration 88: -9378.947
Iteration 90 / LogL: -9402.239 / Time: 0h:9m:54s (0h:10m:54s left)
Estimate model parameters (epsilon = 0.100)
BETTER TREE FOUND at iteration 94: -9378.178
Estimate model parameters (epsilon = 0.100)
BETTER TREE FOUND at iteration 96: -9376.332
Iteration 100 / LogL: -9382.680 / Time: 0h:10m:38s (0h:10m:19s left)
Log-likelihood cutoff on original alignment: -9504.560
NOTE: Bootstrap correlation coefficient of split occurrence frequencies: 0.891
NOTE: UFBoot does not converge, continue at least 100 more iterations
Estimate model parameters (epsilon = 0.100)
BETTER TREE FOUND at iteration 106: -9375.314
Iteration 110 / LogL: -9383.843 / Time: 0h:11m:27s (0h:10m:5s left)
Iteration 120 / LogL: -9378.377 / Time: 0h:12m:14s (0h:8m:50s left)
Iteration 130 / LogL: -9387.407 / Time: 0h:12m:56s (0h:7m:37s left)
Estimate model parameters (epsilon = 0.100)
BETTER TREE FOUND at iteration 140: -9371.144
Iteration 140 / LogL: -9371.144 / Time: 0h:13m:36s (0h:9m:47s left)
Iteration 150 / LogL: -9382.589 / Time: 0h:14m:20s (0h:8m:39s left)
Log-likelihood cutoff on original alignment: -9495.683
Iteration 160 / LogL: -9385.218 / Time: 0h:15m:1s (0h:7m:33s left)
Estimate model parameters (epsilon = 0.100)
BETTER TREE FOUND at iteration 163: -9366.049
Iteration 170 / LogL: -9403.041 / Time: 0h:15m:42s (0h:8m:38s left)
Iteration 180 / LogL: -9368.998 / Time: 0h:16m:32s (0h:7m:40s left)
Iteration 190 / LogL: -9373.226 / Time: 0h:17m:16s (0h:6m:40s left)
Iteration 200 / LogL: -9368.699 / Time: 0h:18m:7s (0h:5m:44s left)
Log-likelihood cutoff on original alignment: -9495.683
NOTE: Bootstrap correlation coefficient of split occurrence frequencies: 0.980
NOTE: UFBoot does not converge, continue at least 100 more iterations
Estimate model parameters (epsilon = 0.100)
BETTER TREE FOUND at iteration 210: -9365.359
Iteration 210 / LogL: -9365.359 / Time: 0h:18m:56s (0h:9m:3s left)
Iteration 220 / LogL: -9393.588 / Time: 0h:19m:48s (0h:8m:8s left)
Iteration 230 / LogL: -9374.916 / Time: 0h:20m:36s (0h:7m:12s left)
Estimate model parameters (epsilon = 0.100)
BETTER TREE FOUND at iteration 237: -9364.820
Estimate model parameters (epsilon = 0.100)
BETTER TREE FOUND at iteration 238: -9363.748
Iteration 240 / LogL: -9371.798 / Time: 0h:21m:28s (0h:8m:48s left)
Iteration 250 / LogL: -9371.345 / Time: 0h:22m:12s (0h:7m:50s left)
Log-likelihood cutoff on original alignment: -9494.345
Iteration 260 / LogL: -9377.700 / Time: 0h:23m:3s (0h:6m:56s left)
Estimate model parameters (epsilon = 0.100)
BETTER TREE FOUND at iteration 264: -9363.531
Estimate model parameters (epsilon = 0.100)
BETTER TREE FOUND at iteration 268: -9363.307
Iteration 270 / LogL: -9368.996 / Time: 0h:23m:55s (0h:8m:42s left)
Iteration 280 / LogL: -9364.469 / Time: 0h:24m:44s (0h:7m:48s left)
Iteration 290 / LogL: -9373.368 / Time: 0h:25m:32s (0h:6m:53s left)
Iteration 300 / LogL: -9376.093 / Time: 0h:26m:24s (0h:6m:0s left)
Log-likelihood cutoff on original alignment: -9494.345
NOTE: Bootstrap correlation coefficient of split occurrence frequencies: 0.974
NOTE: UFBoot does not converge, continue at least 100 more iterations
Iteration 310 / LogL: -9384.050 / Time: 0h:27m:18s (0h:7m:57s left)
Iteration 320 / LogL: -9370.140 / Time: 0h:28m:8s (0h:7m:3s left)
Iteration 330 / LogL: -9369.676 / Time: 0h:28m:55s (0h:6m:9s left)
Estimate model parameters (epsilon = 0.100)
BETTER TREE FOUND at iteration 336: -9362.882
Iteration 340 / LogL: -9373.974 / Time: 0h:29m:44s (0h:8m:25s left)
Iteration 350 / LogL: -9405.332 / Time: 0h:30m:29s (0h:7m:30s left)
Log-likelihood cutoff on original alignment: -9494.345
Iteration 360 / LogL: -9379.294 / Time: 0h:31m:22s (0h:6m:38s left)
Iteration 370 / LogL: -9378.367 / Time: 0h:32m:7s (0h:5m:44s left)
Iteration 380 / LogL: -9369.935 / Time: 0h:32m:56s (0h:4m:51s left)
Iteration 390 / LogL: -9376.698 / Time: 0h:33m:41s (0h:3m:58s left)
Iteration 400 / LogL: -9366.118 / Time: 0h:34m:32s (0h:3m:6s left)
Log-likelihood cutoff on original alignment: -9494.345
NOTE: Bootstrap correlation coefficient of split occurrence frequencies: 0.984
NOTE: UFBoot does not converge, continue at least 100 more iterations
Iteration 410 / LogL: -9376.739 / Time: 0h:35m:23s (0h:7m:47s left)
Iteration 420 / LogL: -9366.591 / Time: 0h:36m:13s (0h:6m:55s left)
Estimate model parameters (epsilon = 0.100)
BETTER TREE FOUND at iteration 429: -9362.300
Iteration 430 / LogL: -9380.600 / Time: 0h:37m:8s (0h:8m:34s left)
Estimate model parameters (epsilon = 0.100)
BETTER TREE FOUND at iteration 431: -9362.059
Iteration 440 / LogL: -9362.640 / Time: 0h:37m:51s (0h:7m:50s left)
Iteration 450 / LogL: -9377.892 / Time: 0h:38m:43s (0h:6m:59s left)
Log-likelihood cutoff on original alignment: -9494.345
Iteration 460 / LogL: -9372.905 / Time: 0h:39m:39s (0h:6m:7s left)
Estimate model parameters (epsilon = 0.100)
BETTER TREE FOUND at iteration 467: -9361.753
Iteration 470 / LogL: -9382.584 / Time: 0h:40m:36s (0h:8m:23s left)
Iteration 480 / LogL: -9369.407 / Time: 0h:41m:25s (0h:7m:31s left)
Iteration 490 / LogL: -9362.568 / Time: 0h:42m:19s (0h:6m:39s left)
Iteration 500 / LogL: -9383.192 / Time: 0h:43m:15s (0h:5m:48s left)
Log-likelihood cutoff on original alignment: -9494.345
NOTE: Bootstrap correlation coefficient of split occurrence frequencies: 0.992
Iteration 510 / LogL: -9375.373 / Time: 0h:44m:14s (0h:7m:49s left)
Iteration 520 / LogL: -9373.834 / Time: 0h:45m:14s (0h:6m:58s left)
Iteration 530 / LogL: -9369.036 / Time: 0h:46m:7s (0h:6m:6s left)
Iteration 540 / LogL: -9374.847 / Time: 0h:47m:8s (0h:5m:14s left)
Iteration 550 / LogL: -9365.110 / Time: 0h:48m:5s (0h:4m:22s left)
Log-likelihood cutoff on original alignment: -9494.345
Iteration 560 / LogL: -9364.504 / Time: 0h:48m:55s (0h:3m:30s left)
TREE SEARCH COMPLETED AFTER 568 ITERATIONS / Time: 0h:49m:45s

--------------------------------------------------------------------
|                    FINALIZING TREE SEARCH                        |
--------------------------------------------------------------------
Performs final model parameters optimization
Estimate model parameters (epsilon = 0.010)
1. Initial log-likelihood: -9361.753
Optimal log-likelihood: -9361.738
Rate parameters:  A-C: 0.69918  A-G: 2.11165  A-T: 1.15928  C-G: 1.11861  C-T: 5.44681  G-T: 1.00000
Base frequencies:  A: 0.278  C: 0.205  G: 0.305  T: 0.212
Site proportion and rates:  (0.600,0.018) (0.163,0.791) (0.155,2.307) (0.082,6.128)
Parameters optimization took 1 rounds (1.443 sec)
BEST SCORE FOUND : -9361.738
Creating bootstrap support values...
Split supports printed to NEXUS file results_assessment_saturation_and_clocklikeliness/results_iqtree_gene_trees/result_5958_iqtree.splits.nex
Total tree length: 8.227

Total number of iterations: 568
CPU time used for tree search: 2362.496 sec (0h:39m:22s)
Wall-clock time used for tree search: 2858.036 sec (0h:47m:38s)
Total CPU time used: 2515.908 sec (0h:41m:55s)
Total wall-clock time used: 2989.351 sec (0h:49m:49s)

Computing bootstrap consensus tree...
Reading input file results_assessment_saturation_and_clocklikeliness/results_iqtree_gene_trees/result_5958_iqtree.splits.nex...
317 taxa and 5129 splits.
Consensus tree written to results_assessment_saturation_and_clocklikeliness/results_iqtree_gene_trees/result_5958_iqtree.contree
Reading input trees file results_assessment_saturation_and_clocklikeliness/results_iqtree_gene_trees/result_5958_iqtree.contree
Log-likelihood of consensus tree: -9364.219

Analysis results written to: 
  IQ-TREE report:                results_assessment_saturation_and_clocklikeliness/results_iqtree_gene_trees/result_5958_iqtree.iqtree
  Maximum-likelihood tree:       results_assessment_saturation_and_clocklikeliness/results_iqtree_gene_trees/result_5958_iqtree.treefile
  Likelihood distances:          results_assessment_saturation_and_clocklikeliness/results_iqtree_gene_trees/result_5958_iqtree.mldist

Ultrafast bootstrap approximation results written to:
  Split support values:          results_assessment_saturation_and_clocklikeliness/results_iqtree_gene_trees/result_5958_iqtree.splits.nex
  Consensus tree:                results_assessment_saturation_and_clocklikeliness/results_iqtree_gene_trees/result_5958_iqtree.contree
  Screen log file:               results_assessment_saturation_and_clocklikeliness/results_iqtree_gene_trees/result_5958_iqtree.log

Date and Time: Wed Mar 30 05:10:31 2022
