IQ-TREE multicore version 2.1.3 COVID-edition for Linux 64-bit built Apr 21 2021
Developed by Bui Quang Minh, James Barbetti, Nguyen Lam Tung,
Olga Chernomor, Heiko Schmidt, Dominik Schrempf, Michael Woodhams.

Host:    hpc-high-memory-multi-user (AVX2, FMA3, 1007 GB RAM)
Command: /home/kasper.hendriks/iqtree-2.1.3-Linux/bin/iqtree2 -s results_assessment_saturation_and_clocklikeliness/input_gene_alignments_cleaned/3G48425_cleaned.fasta -B 1000 -nm 1000 -m GTR+F+R -nt AUTO --prefix results_assessment_saturation_and_clocklikeliness/results_iqtree_gene_trees/result_3G48425_iqtree
Seed:    959202 (Using SPRNG - Scalable Parallel Random Number Generator)
Time:    Tue Mar 29 21:26:04 2022
Kernel:  AVX+FMA - auto-detect threads (48 CPU cores detected)

Reading alignment file results_assessment_saturation_and_clocklikeliness/input_gene_alignments_cleaned/3G48425_cleaned.fasta ... Fasta format detected
Alignment most likely contains DNA/RNA sequences
Alignment has 239 sequences with 204 columns, 179 distinct patterns
89 parsimony-informative, 22 singleton sites, 93 constant sites
             Gap/Ambiguity  Composition  p-value
   1  S0941          0.98%    passed     95.74%
   2  SRR8528389     0.00%    passed     92.27%
   3  S1102          0.00%    passed     81.72%
   4  S0436          9.31%    passed     96.51%
   5  S0435          9.31%    passed     91.05%
   6  SRR8528391     0.00%    passed     97.34%
   7  S0656sl        0.00%    passed     94.80%
   8  S1251         10.78%    passed     86.79%
   9  S0403sl        0.00%    passed     93.47%
  10  SRR8528397     0.00%    passed     98.00%
  11  S0739          1.96%    passed     98.17%
  12  S0268          0.49%    passed     94.50%
  13  SRR8528359     0.00%    passed     99.76%
  14  SRR8528388     0.49%    passed     96.32%
  15  SRR8528364     0.00%    passed     95.31%
  16  SRR8528338     0.00%    passed     92.06%
  17  S0196sl       13.24%    passed     98.11%
  18  S1442          1.47%    passed     88.22%
  19  SRR8528336     0.00%    passed     93.38%
  20  S0301          1.47%    passed     91.84%
  21  S0385          1.96%    passed     98.71%
  22  S0384          0.00%    passed     98.21%
  23  S0380          0.49%    passed     98.99%
  24  S0383          0.98%    passed     99.20%
  25  S1181-2        4.41%    passed     92.02%
  26  S0949          2.45%    passed     91.67%
  27  S1098          7.84%    passed     90.17%
  28  S0895          0.49%    passed     96.66%
  29  S0745          5.39%    passed     94.34%
  30  S0896          1.96%    passed     99.25%
  31  S0959          0.49%    passed     91.50%
  32  S0892          0.00%    passed     86.93%
  33  S0421          2.94%    passed     99.99%
  34  S0899          0.00%    passed     99.69%
  35  S0952          3.92%    passed     98.66%
  36  S0427          0.49%    passed     97.87%
  37  S0156          0.00%    passed     99.69%
  38  S1227          0.00%    passed     94.95%
  39  S1235sl        0.00%    passed     99.17%
  40  S1376          0.49%    passed     93.41%
  41  S1519          7.84%    passed     99.27%
  42  S0655sl        8.82%    passed     94.33%
  43  S0583          0.00%    passed     38.87%
  44  S0741          0.00%    passed     92.73%
  45  S0740          2.94%    passed     93.54%
  46  S0743          7.35%    passed     90.57%
  47  S0742          0.00%    passed     95.94%
  48  S0317          0.00%    passed     93.47%
  49  S1021          1.47%    passed     91.58%
  50  S0315          3.43%    passed     88.00%
  51  S0312          0.00%    passed     84.16%
  52  S0732          0.98%    passed     99.47%
  53  S0624          0.00%    passed     82.14%
  54  S1459          5.39%    passed     98.36%
  55  S1354          0.49%    passed     97.86%
  56  S0560          0.00%    passed     81.50%
  57  S0691          2.94%    passed     98.99%
  58  S0748          0.98%    passed     98.12%
  59  S0616          0.00%    passed     96.51%
  60  S1230          2.94%    passed     97.48%
  61  S1234          5.88%    passed     99.85%
  62  S1369          0.00%    passed     86.80%
  63  S1509          0.00%    passed     48.08%
  64  S1239          0.00%    passed     85.00%
  65  S1039          3.92%    passed     98.40%
  66  S0756          0.00%    passed     94.97%
  67  S0754          5.39%    passed     98.36%
  68  S1460          0.49%    passed     94.16%
  69  S0752          0.00%    passed     95.31%
  70  SRR8528350     0.00%    passed     85.00%
  71  S0751          8.33%    passed     99.88%
  72  S1342          4.41%    passed     76.36%
  73  S1341          2.94%    passed     87.73%
  74  S0055          0.98%    passed     91.17%
  75  S0591          0.00%    passed     80.08%
  76  SRR8528358     0.00%    passed     99.36%
  77  S1040          4.41%    passed     81.71%
  78  S1189          0.00%    passed     78.12%
  79  S0688          0.00%    passed     99.34%
  80  S0689          0.49%    passed     99.31%
  81  S0562          3.92%    passed     78.55%
  82  S1498          0.00%    passed     98.87%
  83  S1408          3.43%    passed     66.11%
  84  S1106sl        0.49%    passed     99.39%
  85  S0335          0.00%    passed     99.43%
  86  S1375          0.98%    passed     96.34%
  87  S1374          3.43%    passed     99.86%
  88  S1045          0.00%    passed     80.14%
  89  S1044          6.86%    passed     99.31%
  90  S1371          4.90%    passed     97.49%
  91  S1370          3.92%    passed     95.07%
  92  S0728sl        0.00%    passed     93.69%
  93  S0308          0.49%    passed     98.27%
  94  SRR8528381     0.49%    passed     80.50%
  95  SRR8528347     0.00%    passed     99.88%
  96  S0760          0.00%    passed     97.70%
  97  SRR8528341     0.00%    passed     90.67%
  98  S1128          0.00%    passed     81.86%
  99  S0764          0.49%    passed     93.13%
 100  S1475          5.88%    passed     84.99%
 101  S0613sl        2.45%    passed     90.40%
 102  S1579          0.00%    passed     98.64%
 103  S1506          0.00%    passed     99.15%
 104  S1121          3.43%    passed     98.64%
 105  S1401          2.94%    passed     92.14%
 106  S0762-2        0.00%    passed     98.86%
 107  S0809          1.47%    passed     97.69%
 108  S0724sl        0.00%    passed     99.15%
 109  SRR8528385     1.47%    passed     85.51%
 110  S1266sl        2.94%    passed     89.48%
 111  S1093sl        0.98%    passed     96.83%
 112  S0412sl        0.00%    passed     96.93%
 113  S1117          8.33%    passed     94.80%
 114  S1449          0.00%    passed     86.89%
 115  S1116          0.00%    passed     99.75%
 116  SRR8528379     0.00%    passed     99.12%
 117  S1050          0.00%    passed     99.17%
 118  S1214sl        0.00%    passed     98.87%
 119  S1366          0.00%    passed     88.85%
 120  S0346          4.90%    passed     94.20%
 121  S1210          0.00%    passed     97.52%
 122  S1211          0.00%    passed     92.46%
 123  SRR8528372     0.49%    passed     90.75%
 124  S1213          0.00%    passed     93.54%
 125  SRR8528376     1.47%    passed     99.43%
 126  S1409          4.41%    passed     95.54%
 127  S1096          5.39%    passed     96.69%
 128  S1229-2        0.00%    passed     99.21%
 129  S0670          1.47%    passed     91.06%
 130  S0672          1.96%    passed     99.46%
 131  S1113          3.43%    passed     98.64%
 132  S1400          7.35%    passed     71.08%
 133  S1111          5.39%    passed     88.85%
 134  S0770          0.49%    passed     99.72%
 135  S0771          0.00%    passed     73.48%
 136  S1407          2.45%    passed     97.80%
 137  S0721sl        0.00%    passed     88.74%
 138  S0733sl        0.00%    passed     98.14%
 139  SRR8528357     0.00%    passed     99.69%
 140  S0836          6.37%    passed     98.75%
 141  S0512sl        5.39%    passed     85.24%
 142  S1258-2       10.78%    passed     95.45%
 143  S0547          4.90%    passed     84.22%
 144  S1318-2        0.00%    passed     96.47%
 145  S1246          0.00%    passed     99.79%
 146  S1331          5.88%    passed     84.67%
 147  SRR8528370     0.00%    passed     96.09%
 148  S1201sl        0.49%    passed     85.03%
 149  S1405          0.00%    passed     99.79%
 150  SRR8528339     2.45%    passed     98.46%
 151  S1129sl        0.00%    passed     80.04%
 152  S0888          0.00%    passed     94.20%
 153  S1069          0.00%    passed     92.60%
 154  S1103          1.96%    passed     71.66%
 155  SRR8528365     0.00%    passed     98.87%
 156  SRR8528361     0.00%    passed     99.43%
 157  S1315          0.49%    passed     97.20%
 158  S1314          1.47%    passed     97.19%
 159  S0664          1.47%    passed     98.57%
 160  S1419          4.90%    passed     94.26%
 161  S0662          0.00%    passed     86.40%
 162  SRR8528343     0.00%    passed     94.99%
 163  SRR8528400     0.00%    passed     98.92%
 164  SRR8528342     0.00%    passed     98.54%
 165  S1260          0.00%    passed     98.99%
 166  S0293          0.98%    passed     95.09%
 167  S0292          0.00%    passed     98.60%
 168  S0904          4.41%    passed     91.46%
 169  S0903          0.49%    passed     92.15%
 170  S0902          0.00%    passed     99.30%
 171  S0901          3.43%    passed     99.08%
 172  S0294          0.00%    passed     89.53%
 173  S0299          0.00%    passed     96.09%
 174  S1422          0.49%    passed     97.33%
 175  S0558          0.00%    passed     93.14%
 176  S0964          0.00%    passed     89.97%
 177  S0791          0.49%    passed     92.96%
 178  S0509          0.98%    passed     90.72%
 179  S0960          0.00%    passed     81.86%
 180  S0417          0.00%    passed     97.64%
 181  S0894          0.00%    passed     99.79%
 182  S1176          3.92%    passed     97.20%
 183  S0555          3.43%    passed     81.54%
 184  S0645sl        0.49%    passed     78.55%
 185  S0906          0.00%    passed     97.17%
 186  S1424          0.00%    passed     96.93%
 187  S1245          0.00%    passed     99.74%
 188  SRR8528394     0.00%    passed     84.62%
 189  S0420sl        1.47%    passed     78.26%
 190  SRR8528398     0.00%    passed     99.43%
 191  SRR8528399     0.49%    passed     94.29%
 192  S1077          0.00%    passed     99.83%
 193  S0851          0.00%    passed     81.97%
 194  S1278          0.00%    passed     97.26%
 195  S1279          1.47%    passed     94.20%
 196  SRR8528373     0.49%    passed     96.08%
 197  S0717          0.00%    passed     90.03%
 198  S1270          0.49%    passed     99.72%
 199  S0552sl        0.49%    passed     95.34%
 200  S0288          4.90%    passed     83.65%
 201  S1043sl        0.00%    passed     83.94%
 202  S0284          0.00%    passed     96.79%
 203  S0286          8.82%    passed     91.48%
 204  S1381          0.00%    passed     99.75%
 205  S0280          0.98%    passed     95.23%
 206  S0281          0.49%    passed     98.59%
 207  S0282          0.00%    passed     94.97%
 208  S0283          3.43%    passed     98.96%
 209  S0647-2        1.96%    passed     99.71%
 210  SRR8528356     3.43%    passed     93.44%
 211  S0400          0.00%    passed     98.87%
 212  S_670          0.00%    passed     97.95%
 213  S0731sl        0.00%    passed     93.40%
 214  S0405          0.98%    passed     81.42%
 215  SRR11470320    0.49%    passed     99.61%
 216  S1269          3.43%    passed     96.87%
 217  SRR8528354     0.00%    passed     97.52%
 218  S0727          6.86%    passed     99.52%
 219  SRR8528380     0.49%    passed     98.54%
 220  S1541sl        9.31%    passed     97.75%
 221  SRR8528382     5.39%    passed     91.39%
 222  S0275          1.47%    passed     95.97%
 223  S0277          7.35%    passed     99.22%
 224  S0278          0.00%    passed     98.87%
 225  S1168          0.00%    passed     99.36%
 226  S0373          0.00%    passed    100.00%
 227  S0521          9.31%    passed     79.76%
 228  S0377          0.00%    passed     74.53%
 229  S1539          0.49%    passed     99.90%
 230  S1332          0.49%    passed     94.14%
 231  S1249          1.96%    passed     96.97%
 232  S1336          0.00%    passed    100.00%
 233  S1464          0.00%    passed     93.40%
 234  S0641          0.00%    passed     92.74%
 235  S0642          0.00%    passed     96.59%
 236  S0643          7.35%    passed     81.27%
 237  S1462          0.00%    passed     99.34%
 238  S1083          0.00%    passed     99.72%
 239  S1089          0.00%    passed     95.05%
****  TOTAL          1.74%  0 sequences failed composition chi2 test (p-value<5%; df=3)
NOTE: S0282 is identical to S0756 but kept for subsequent analysis
NOTE: S0894 is identical to S1246 but kept for subsequent analysis

Create initial parsimony tree by phylogenetic likelihood library (PLL)... 0.055 seconds
Generating 1000 samples for ultrafast bootstrap (seed: 959202)...

NOTE: 6 MB RAM (0 GB) is required!
Measuring multi-threading efficiency up to 48 CPU cores
Increase to 10 rounds for branch lengths
217 trees examined
Threads: 1 / Time: 48.939 sec / Speedup: 1.000 / Efficiency: 100% / LogL: -8381
Threads: 2 / Time: 80.965 sec / Speedup: 0.604 / Efficiency: 30% / LogL: -8381
BEST NUMBER OF THREADS: 1

Estimate model parameters (epsilon = 0.100)
1. Initial log-likelihood: -4988.509
2. Current log-likelihood: -4683.762
3. Current log-likelihood: -4670.876
4. Current log-likelihood: -4666.347
5. Current log-likelihood: -4663.362
6. Current log-likelihood: -4661.242
7. Current log-likelihood: -4659.606
8. Current log-likelihood: -4658.309
9. Current log-likelihood: -4657.264
10. Current log-likelihood: -4656.416
11. Current log-likelihood: -4655.711
12. Current log-likelihood: -4655.125
13. Current log-likelihood: -4654.645
14. Current log-likelihood: -4654.436
Optimal log-likelihood: -4654.435
Rate parameters:  A-C: 1.79116  A-G: 4.48616  A-T: 0.88313  C-G: 1.29061  C-T: 5.09864  G-T: 1.00000
Base frequencies:  A: 0.318  C: 0.162  G: 0.241  T: 0.280
Site proportion and rates:  (0.594,0.099) (0.000,0.223) (0.354,1.694) (0.052,6.612)
Parameters optimization took 14 rounds (8.766 sec)
Computing ML distances based on estimated model parameters...
Computing ML distances took 1.312029 sec (of wall-clock time) 1.312000 sec(of CPU time)
Computing RapidNJ tree took 0.009983 sec (of wall-clock time) 0.020000 sec (of CPU time)
Log-likelihood of RapidNJ tree: -4612.615
--------------------------------------------------------------------
|             INITIALIZING CANDIDATE TREE SET                      |
--------------------------------------------------------------------
Generating 98 parsimony trees... 3.131 second
Computing log-likelihood of 98 initial trees ... 2.694 seconds
Current best score: -4588.765

Do NNI search on 20 best initial trees
Estimate model parameters (epsilon = 0.100)
BETTER TREE FOUND at iteration 1: -4552.938
Estimate model parameters (epsilon = 0.100)
BETTER TREE FOUND at iteration 8: -4549.936
Iteration 10 / LogL: -4575.867 / Time: 0h:2m:54s
Iteration 20 / LogL: -4600.758 / Time: 0h:3m:21s
Finish initializing candidate tree set (20)
Current best tree score: -4549.936 / CPU time: 61.224
Number of iterations: 20
--------------------------------------------------------------------
|               OPTIMIZING CANDIDATE TREE SET                      |
--------------------------------------------------------------------
Estimate model parameters (epsilon = 0.100)
BETTER TREE FOUND at iteration 27: -4547.621
Estimate model parameters (epsilon = 0.100)
BETTER TREE FOUND at iteration 28: -4543.929
Iteration 30 / LogL: -4552.125 / Time: 0h:3m:47s (0h:12m:48s left)
Estimate model parameters (epsilon = 0.100)
BETTER TREE FOUND at iteration 38: -4541.243
Iteration 40 / LogL: -4545.679 / Time: 0h:4m:13s (0h:10m:37s left)
Estimate model parameters (epsilon = 0.100)
BETTER TREE FOUND at iteration 41: -4536.807
Iteration 50 / LogL: -4553.362 / Time: 0h:4m:46s (0h:8m:50s left)
Log-likelihood cutoff on original alignment: -4622.564
Estimate model parameters (epsilon = 0.100)
BETTER TREE FOUND at iteration 54: -4536.277
Iteration 60 / LogL: -4537.697 / Time: 0h:5m:18s (0h:8m:27s left)
Estimate model parameters (epsilon = 0.100)
BETTER TREE FOUND at iteration 62: -4535.996
Iteration 70 / LogL: -4548.983 / Time: 0h:5m:50s (0h:7m:47s left)
Iteration 80 / LogL: -4548.834 / Time: 0h:6m:15s (0h:6m:30s left)
Estimate model parameters (epsilon = 0.100)
BETTER TREE FOUND at iteration 83: -4535.912
Iteration 90 / LogL: -4542.979 / Time: 0h:6m:42s (0h:7m:0s left)
Estimate model parameters (epsilon = 0.100)
BETTER TREE FOUND at iteration 93: -4535.816
Estimate model parameters (epsilon = 0.100)
BETTER TREE FOUND at iteration 98: -4533.006
Iteration 100 / LogL: -4539.534 / Time: 0h:7m:12s (0h:7m:8s left)
Log-likelihood cutoff on original alignment: -4622.564
NOTE: Bootstrap correlation coefficient of split occurrence frequencies: 0.982
NOTE: UFBoot does not converge, continue at least 100 more iterations
Iteration 110 / LogL: -4542.691 / Time: 0h:7m:46s (0h:6m:24s left)
Iteration 120 / LogL: -4541.604 / Time: 0h:8m:18s (0h:5m:35s left)
Iteration 130 / LogL: -4539.422 / Time: 0h:8m:40s (0h:4m:42s left)
Estimate model parameters (epsilon = 0.100)
BETTER TREE FOUND at iteration 140: -4532.067
Iteration 140 / LogL: -4532.067 / Time: 0h:9m:8s (0h:6m:34s left)
Estimate model parameters (epsilon = 0.100)
BETTER TREE FOUND at iteration 141: -4530.901
Estimate model parameters (epsilon = 0.100)
BETTER TREE FOUND at iteration 143: -4530.604
Iteration 150 / LogL: -4576.510 / Time: 0h:9m:45s (0h:6m:5s left)
Log-likelihood cutoff on original alignment: -4622.564
Iteration 160 / LogL: -4536.401 / Time: 0h:10m:18s (0h:5m:22s left)
Iteration 170 / LogL: -4535.069 / Time: 0h:10m:46s (0h:4m:39s left)
Estimate model parameters (epsilon = 0.100)
BETTER TREE FOUND at iteration 173: -4530.219
Iteration 180 / LogL: -4534.053 / Time: 0h:11m:12s (0h:5m:49s left)
Estimate model parameters (epsilon = 0.100)
BETTER TREE FOUND at iteration 184: -4529.099
Estimate model parameters (epsilon = 0.100)
BETTER TREE FOUND at iteration 189: -4528.243
Iteration 190 / LogL: -4544.411 / Time: 0h:11m:40s (0h:6m:6s left)
Iteration 200 / LogL: -4538.468 / Time: 0h:12m:3s (0h:5m:23s left)
Log-likelihood cutoff on original alignment: -4622.564
NOTE: Bootstrap correlation coefficient of split occurrence frequencies: 0.979
NOTE: UFBoot does not converge, continue at least 100 more iterations
Estimate model parameters (epsilon = 0.100)
BETTER TREE FOUND at iteration 204: -4527.469
Iteration 210 / LogL: -4530.048 / Time: 0h:12m:32s (0h:5m:38s left)
Estimate model parameters (epsilon = 0.100)
BETTER TREE FOUND at iteration 216: -4525.707
Iteration 220 / LogL: -4543.924 / Time: 0h:13m:7s (0h:5m:45s left)
Estimate model parameters (epsilon = 0.100)
BETTER TREE FOUND at iteration 230: -4525.376
Iteration 230 / LogL: -4525.376 / Time: 0h:13m:39s (0h:5m:57s left)
Iteration 240 / LogL: -4531.575 / Time: 0h:14m:13s (0h:5m:21s left)
Iteration 250 / LogL: -4533.452 / Time: 0h:14m:45s (0h:4m:44s left)
Log-likelihood cutoff on original alignment: -4622.564
Iteration 260 / LogL: -4528.447 / Time: 0h:15m:13s (0h:4m:6s left)
Estimate model parameters (epsilon = 0.100)
BETTER TREE FOUND at iteration 270: -4523.450
Iteration 270 / LogL: -4523.450 / Time: 0h:15m:44s (0h:5m:50s left)
Iteration 280 / LogL: -4531.354 / Time: 0h:16m:15s (0h:5m:14s left)
Iteration 290 / LogL: -4526.278 / Time: 0h:16m:45s (0h:4m:38s left)
Iteration 300 / LogL: -4534.462 / Time: 0h:17m:18s (0h:4m:3s left)
Log-likelihood cutoff on original alignment: -4622.564
NOTE: Bootstrap correlation coefficient of split occurrence frequencies: 0.973
NOTE: UFBoot does not converge, continue at least 100 more iterations
Iteration 310 / LogL: -4550.164 / Time: 0h:17m:49s (0h:5m:11s left)
Iteration 320 / LogL: -4539.745 / Time: 0h:18m:21s (0h:4m:36s left)
Iteration 330 / LogL: -4524.341 / Time: 0h:18m:53s (0h:4m:1s left)
Estimate model parameters (epsilon = 0.100)
BETTER TREE FOUND at iteration 336: -4523.145
Iteration 340 / LogL: -4524.862 / Time: 0h:19m:23s (0h:5m:29s left)
Iteration 350 / LogL: -4526.414 / Time: 0h:19m:53s (0h:4m:54s left)
Log-likelihood cutoff on original alignment: -4622.564
Iteration 360 / LogL: -4539.715 / Time: 0h:20m:25s (0h:4m:19s left)
Iteration 370 / LogL: -4528.166 / Time: 0h:20m:57s (0h:3m:44s left)
Estimate model parameters (epsilon = 0.100)
BETTER TREE FOUND at iteration 372: -4523.124
Estimate model parameters (epsilon = 0.100)
BETTER TREE FOUND at iteration 375: -4520.722
Iteration 380 / LogL: -4529.054 / Time: 0h:21m:34s (0h:5m:24s left)
Iteration 390 / LogL: -4523.486 / Time: 0h:22m:10s (0h:4m:50s left)
Iteration 400 / LogL: -4538.627 / Time: 0h:22m:39s (0h:4m:15s left)
Log-likelihood cutoff on original alignment: -4622.564
NOTE: Bootstrap correlation coefficient of split occurrence frequencies: 0.975
NOTE: UFBoot does not converge, continue at least 100 more iterations
Estimate model parameters (epsilon = 0.100)
BETTER TREE FOUND at iteration 404: -4519.985
Iteration 410 / LogL: -4574.719 / Time: 0h:23m:13s (0h:5m:20s left)
Iteration 420 / LogL: -4524.737 / Time: 0h:23m:52s (0h:4m:47s left)
Iteration 430 / LogL: -4527.335 / Time: 0h:24m:22s (0h:4m:12s left)
Estimate model parameters (epsilon = 0.100)
BETTER TREE FOUND at iteration 438: -4518.870
Iteration 440 / LogL: -4536.638 / Time: 0h:24m:56s (0h:5m:34s left)
Iteration 450 / LogL: -4524.287 / Time: 0h:25m:31s (0h:5m:0s left)
Log-likelihood cutoff on original alignment: -4613.628
Iteration 460 / LogL: -4573.327 / Time: 0h:26m:8s (0h:4m:26s left)
Estimate model parameters (epsilon = 0.100)
BETTER TREE FOUND at iteration 467: -4516.732
Iteration 470 / LogL: -4520.614 / Time: 0h:26m:45s (0h:5m:31s left)
Iteration 480 / LogL: -4521.581 / Time: 0h:27m:20s (0h:4m:58s left)
Iteration 490 / LogL: -4522.319 / Time: 0h:27m:58s (0h:4m:24s left)
Iteration 500 / LogL: -4583.254 / Time: 0h:28m:26s (0h:3m:49s left)
Log-likelihood cutoff on original alignment: -4613.628
NOTE: Bootstrap correlation coefficient of split occurrence frequencies: 0.955
NOTE: UFBoot does not converge, continue at least 100 more iterations
Iteration 510 / LogL: -4522.556 / Time: 0h:29m:5s (0h:5m:8s left)
Iteration 520 / LogL: -4522.047 / Time: 0h:29m:41s (0h:4m:34s left)
Iteration 530 / LogL: -4519.030 / Time: 0h:30m:9s (0h:3m:59s left)
Iteration 540 / LogL: -4517.486 / Time: 0h:30m:40s (0h:3m:24s left)
Iteration 550 / LogL: -4524.107 / Time: 0h:31m:11s (0h:2m:50s left)
Log-likelihood cutoff on original alignment: -4613.628
Iteration 560 / LogL: -4536.139 / Time: 0h:31m:50s (0h:2m:16s left)
Iteration 570 / LogL: -4523.525 / Time: 0h:32m:24s (0h:1m:42s left)
Estimate model parameters (epsilon = 0.100)
BETTER TREE FOUND at iteration 576: -4516.566
Iteration 580 / LogL: -4519.210 / Time: 0h:32m:59s (0h:5m:28s left)
Estimate model parameters (epsilon = 0.100)
BETTER TREE FOUND at iteration 583: -4516.093
Estimate model parameters (epsilon = 0.100)
BETTER TREE FOUND at iteration 588: -4515.992
Iteration 590 / LogL: -4533.458 / Time: 0h:33m:36s (0h:5m:35s left)
Iteration 600 / LogL: -4519.966 / Time: 0h:33m:59s (0h:4m:59s left)
Log-likelihood cutoff on original alignment: -4613.628
NOTE: Bootstrap correlation coefficient of split occurrence frequencies: 0.949
NOTE: UFBoot does not converge, continue at least 100 more iterations
Iteration 610 / LogL: -4516.634 / Time: 0h:34m:34s (0h:5m:6s left)
Estimate model parameters (epsilon = 0.100)
BETTER TREE FOUND at iteration 618: -4514.877
Iteration 620 / LogL: -4516.431 / Time: 0h:35m:15s (0h:5m:34s left)
Iteration 630 / LogL: -4523.512 / Time: 0h:35m:55s (0h:5m:1s left)
Iteration 640 / LogL: -4518.262 / Time: 0h:36m:34s (0h:4m:27s left)
Iteration 650 / LogL: -4554.585 / Time: 0h:37m:9s (0h:3m:53s left)
Log-likelihood cutoff on original alignment: -4613.628
Iteration 660 / LogL: -4517.312 / Time: 0h:37m:43s (0h:3m:19s left)
Iteration 670 / LogL: -4535.639 / Time: 0h:38m:23s (0h:2m:45s left)
Iteration 680 / LogL: -4525.676 / Time: 0h:39m:2s (0h:2m:11s left)
Estimate model parameters (epsilon = 0.100)
BETTER TREE FOUND at iteration 687: -4514.672
Iteration 690 / LogL: -4526.027 / Time: 0h:39m:42s (0h:5m:35s left)
Iteration 700 / LogL: -4517.856 / Time: 0h:40m:13s (0h:5m:0s left)
Log-likelihood cutoff on original alignment: -4613.628
NOTE: Bootstrap correlation coefficient of split occurrence frequencies: 0.948
NOTE: UFBoot does not converge, continue at least 100 more iterations
Iteration 710 / LogL: -4519.911 / Time: 0h:40m:59s (0h:5m:12s left)
Iteration 720 / LogL: -4539.284 / Time: 0h:41m:32s (0h:4m:37s left)
Iteration 730 / LogL: -4516.053 / Time: 0h:42m:7s (0h:4m:2s left)
Estimate model parameters (epsilon = 0.100)
BETTER TREE FOUND at iteration 737: -4513.910
Iteration 740 / LogL: -4517.557 / Time: 0h:42m:45s (0h:5m:36s left)
Iteration 750 / LogL: -4515.801 / Time: 0h:43m:15s (0h:5m:1s left)
Log-likelihood cutoff on original alignment: -4613.628
Iteration 760 / LogL: -4522.146 / Time: 0h:43m:55s (0h:4m:27s left)
Iteration 770 / LogL: -4528.002 / Time: 0h:44m:44s (0h:3m:53s left)
Iteration 780 / LogL: -4520.442 / Time: 0h:45m:21s (0h:3m:19s left)
Iteration 790 / LogL: -4549.100 / Time: 0h:46m:3s (0h:2m:44s left)
Iteration 800 / LogL: -4525.542 / Time: 0h:46m:48s (0h:2m:10s left)
Log-likelihood cutoff on original alignment: -4613.628
NOTE: Bootstrap correlation coefficient of split occurrence frequencies: 0.952
NOTE: UFBoot does not converge, continue at least 100 more iterations
Iteration 810 / LogL: -4543.055 / Time: 0h:47m:27s (0h:5m:16s left)
Iteration 820 / LogL: -4515.623 / Time: 0h:48m:1s (0h:4m:41s left)
Iteration 830 / LogL: -4524.287 / Time: 0h:48m:34s (0h:4m:6s left)
Iteration 840 / LogL: -4515.562 / Time: 0h:49m:14s (0h:3m:31s left)
Iteration 850 / LogL: -4531.612 / Time: 0h:49m:53s (0h:2m:56s left)
Log-likelihood cutoff on original alignment: -4613.628
Iteration 860 / LogL: -4519.836 / Time: 0h:50m:34s (0h:2m:21s left)
Iteration 870 / LogL: -4519.548 / Time: 0h:51m:26s (0h:1m:46s left)
Iteration 880 / LogL: -4515.915 / Time: 0h:52m:9s (0h:1m:11s left)
Iteration 890 / LogL: -4522.383 / Time: 0h:52m:40s (0h:0m:35s left)
Iteration 900 / LogL: -4527.539 / Time: 0h:53m:18s (0h:0m:0s left)
Log-likelihood cutoff on original alignment: -4613.628
NOTE: Bootstrap correlation coefficient of split occurrence frequencies: 0.964
NOTE: UFBoot does not converge, continue at least 100 more iterations
Iteration 910 / LogL: -4518.443 / Time: 0h:53m:58s (0h:5m:20s left)
Iteration 920 / LogL: -4529.055 / Time: 0h:54m:42s (0h:4m:45s left)
Iteration 930 / LogL: -4526.140 / Time: 0h:55m:18s (0h:4m:10s left)
Iteration 940 / LogL: -4541.558 / Time: 0h:55m:59s (0h:3m:34s left)
Iteration 950 / LogL: -4514.470 / Time: 0h:56m:43s (0h:2m:59s left)
Log-likelihood cutoff on original alignment: -4613.628
Iteration 960 / LogL: -4517.843 / Time: 0h:57m:25s (0h:2m:23s left)
Iteration 970 / LogL: -4535.248 / Time: 0h:58m:11s (0h:1m:48s left)
Iteration 980 / LogL: -4514.714 / Time: 0h:58m:45s (0h:1m:12s left)
Iteration 990 / LogL: -4515.904 / Time: 0h:59m:24s (0h:0m:36s left)
Estimate model parameters (epsilon = 0.100)
BETTER TREE FOUND at iteration 994: -4513.570
Iteration 1000 / LogL: -4519.916 / Time: 1h:0m:14s (0h:5m:40s left)
Log-likelihood cutoff on original alignment: -4613.628
NOTE: Bootstrap correlation coefficient of split occurrence frequencies: 0.979
NOTE: UFBoot does not converge, continue at least 100 more iterations
WARNING: bootstrap analysis did not converge. You should rerun with higher number of iterations (-nm option)
TREE SEARCH COMPLETED AFTER 1001 ITERATIONS / Time: 1h:0m:20s

--------------------------------------------------------------------
|                    FINALIZING TREE SEARCH                        |
--------------------------------------------------------------------
Performs final model parameters optimization
Estimate model parameters (epsilon = 0.010)
1. Initial log-likelihood: -4513.570
Optimal log-likelihood: -4513.568
Rate parameters:  A-C: 1.44826  A-G: 4.47215  A-T: 0.73075  C-G: 1.24023  C-T: 5.17272  G-T: 1.00000
Base frequencies:  A: 0.318  C: 0.162  G: 0.241  T: 0.280
Site proportion and rates:  (0.594,0.099) (0.000,0.223) (0.354,1.694) (0.052,6.612)
Parameters optimization took 1 rounds (0.287 sec)
BEST SCORE FOUND : -4513.568
Creating bootstrap support values...
Split supports printed to NEXUS file results_assessment_saturation_and_clocklikeliness/results_iqtree_gene_trees/result_3G48425_iqtree.splits.nex
Total tree length: 4.536

Total number of iterations: 1001
CPU time used for tree search: 2688.044 sec (0h:44m:48s)
Wall-clock time used for tree search: 3479.941 sec (0h:57m:59s)
Total CPU time used: 2839.920 sec (0h:47m:19s)
Total wall-clock time used: 3622.826 sec (1h:0m:22s)

Computing bootstrap consensus tree...
Reading input file results_assessment_saturation_and_clocklikeliness/results_iqtree_gene_trees/result_3G48425_iqtree.splits.nex...
239 taxa and 4705 splits.
Consensus tree written to results_assessment_saturation_and_clocklikeliness/results_iqtree_gene_trees/result_3G48425_iqtree.contree
Reading input trees file results_assessment_saturation_and_clocklikeliness/results_iqtree_gene_trees/result_3G48425_iqtree.contree
Log-likelihood of consensus tree: -4515.723

Analysis results written to: 
  IQ-TREE report:                results_assessment_saturation_and_clocklikeliness/results_iqtree_gene_trees/result_3G48425_iqtree.iqtree
  Maximum-likelihood tree:       results_assessment_saturation_and_clocklikeliness/results_iqtree_gene_trees/result_3G48425_iqtree.treefile
  Likelihood distances:          results_assessment_saturation_and_clocklikeliness/results_iqtree_gene_trees/result_3G48425_iqtree.mldist

Ultrafast bootstrap approximation results written to:
  Split support values:          results_assessment_saturation_and_clocklikeliness/results_iqtree_gene_trees/result_3G48425_iqtree.splits.nex
  Consensus tree:                results_assessment_saturation_and_clocklikeliness/results_iqtree_gene_trees/result_3G48425_iqtree.contree
  Screen log file:               results_assessment_saturation_and_clocklikeliness/results_iqtree_gene_trees/result_3G48425_iqtree.log

Date and Time: Tue Mar 29 22:26:31 2022
