IQ-TREE multicore version 2.1.3 COVID-edition for Linux 64-bit built Apr 21 2021
Developed by Bui Quang Minh, James Barbetti, Nguyen Lam Tung,
Olga Chernomor, Heiko Schmidt, Dominik Schrempf, Michael Woodhams.

Host:    hpc-high-memory-multi-user (AVX2, FMA3, 1007 GB RAM)
Command: /home/kasper.hendriks/iqtree-2.1.3-Linux/bin/iqtree2 -s results_assessment_saturation_and_clocklikeliness/input_gene_alignments_cleaned/6110_cleaned.fasta -B 1000 -nm 1000 -m GTR+F+R -nt AUTO --prefix results_assessment_saturation_and_clocklikeliness/results_iqtree_gene_trees/result_6110_iqtree
Seed:    91244 (Using SPRNG - Scalable Parallel Random Number Generator)
Time:    Wed Mar 30 11:28:15 2022
Kernel:  AVX+FMA - auto-detect threads (48 CPU cores detected)

Reading alignment file results_assessment_saturation_and_clocklikeliness/input_gene_alignments_cleaned/6110_cleaned.fasta ... Fasta format detected
Alignment most likely contains DNA/RNA sequences
Alignment has 330 sequences with 336 columns, 290 distinct patterns
184 parsimony-informative, 22 singleton sites, 130 constant sites
               Gap/Ambiguity  Composition  p-value
   1  S0941           11.01%    passed     88.01%
   2  S0946            5.65%    passed     75.98%
   3  S1341            8.93%    passed     72.26%
   4  S0436           10.42%    passed     68.30%
   5  S0435            1.79%    passed     68.49%
   6  S1114-2         10.42%    passed     80.30%
   7  S1201sl          0.00%    passed     73.46%
   8  S0430            0.30%    passed     29.01%
   9  S0656sl          0.00%    passed     71.67%
  10  S0735            0.00%    failed      1.10%
  11  S0403sl          0.00%    passed     29.70%
  12  S0739            0.60%    passed     86.37%
  13  S0268            1.19%    passed     48.09%
  14  S1328sl          2.38%    passed     33.54%
  15  S0428sl          0.30%    passed     33.76%
  16  S0196sl          0.00%    passed     97.78%
  17  S1421           10.12%    passed     23.52%
  18  S1442            0.89%    passed     93.27%
  19  S0301            0.00%    passed     52.47%
  20  S0300           11.01%    passed     76.16%
  21  S0303            0.00%    passed     49.36%
  22  S0385           16.67%    passed     71.12%
  23  S0384            0.60%    passed     72.17%
  24  MYZV             0.00%    passed     13.13%
  25  S1095            5.65%    passed     99.75%
  26  S0381            1.19%    passed     70.91%
  27  S0380           11.31%    passed     81.93%
  28  S0383           13.69%    passed     29.02%
  29  PAFTOL_019361    0.00%    failed      1.42%
  30  S0949            1.19%    passed     74.82%
  31  S1098            6.85%    passed     72.98%
  32  S0895            1.49%    passed     58.18%
  33  S0745            2.08%    passed     57.52%
  34  S0897            8.63%    passed     42.62%
  35  S0896            2.08%    passed     71.88%
  36  S0890           11.01%    passed     95.64%
  37  S0892            7.14%    passed     49.40%
  38  S0954            8.93%    passed     81.93%
  39  S0421            1.19%    passed     62.77%
  40  S0956            0.60%    passed     90.93%
  41  S0957            0.89%    passed     87.57%
  42  S0899            0.00%    passed     79.79%
  43  S1408           11.01%    passed     30.47%
  44  S0427            0.00%    passed     61.72%
  45  S1148            0.89%    failed      1.00%
  46  S1220            9.82%    passed     22.87%
  47  S0156            9.23%    passed     63.15%
  48  S1419            1.79%    passed     70.32%
  49  S1321            0.30%    passed     19.92%
  50  S1227            0.00%    passed     54.97%
  51  S0741            0.00%    passed     77.31%
  52  S1376            0.00%    passed     52.66%
  53  S1519            0.00%    passed     58.61%
  54  S0740            4.17%    passed      9.87%
  55  S0583           10.12%    passed     37.85%
  56  S1506           13.99%    passed     56.91%
  57  PAFTOL_023513   12.80%    failed      0.02%
  58  S0746            8.93%    passed     83.27%
  59  PAFTOL_023515    5.65%    failed      0.01%
  60  S0655sl          8.33%    passed     50.85%
  61  S0743            8.63%    passed     51.51%
  62  S0742            0.00%    passed     79.27%
  63  PAFTOL_023519    1.19%    passed     13.29%
  64  S0317           12.80%    passed     26.39%
  65  S0620            0.89%    passed     25.14%
  66  S0315           11.01%    passed     58.09%
  67  S0312            3.27%    passed     50.48%
  68  S0732            1.49%    passed     77.25%
  69  S0624           13.10%    passed     10.56%
  70  S1459           16.96%    passed     74.14%
  71  S1541sl          6.85%    passed     49.89%
  72  S1464            7.14%    passed     70.30%
  73  S1210            0.00%    passed     44.35%
  74  SRR8528379       0.00%    passed     94.47%
  75  S1021           11.31%    passed     68.09%
  76  S1251            0.00%    passed     13.05%
  77  S1177            0.00%    passed     89.76%
  78  S0689            0.60%    passed     75.61%
  79  S1319            6.25%    passed     66.47%
  80  S1011sl         12.80%    passed     47.37%
  81  S1561            4.46%    passed     21.95%
  82  S0691            6.55%    passed     70.55%
  83  S0690            0.00%    passed     56.30%
  84  S0617           19.35%    passed     76.58%
  85  S0616            1.49%    passed     65.10%
  86  S1230            1.19%    passed     61.57%
  87  S0612            1.19%    passed     65.58%
  88  S1234            2.08%    passed     73.98%
  89  S1369            0.00%    passed     51.62%
  90  S1509            8.33%    passed     18.03%
  91  S1239            2.68%    passed     47.96%
  92  S1038           11.31%    passed     98.90%
  93  S0450            0.00%    passed     82.23%
  94  S1229-2          0.30%    passed     89.75%
  95  S0756            0.00%    passed     54.96%
  96  S0757            4.76%    passed     49.28%
  97  S0329            0.00%    passed     99.58%
  98  S1460            0.30%    passed     86.94%
  99  S0752           11.31%    passed     18.70%
 100  S0751            6.25%    passed     81.26%
 101  S0323            5.06%    passed      6.75%
 102  S0322            0.00%    passed     52.10%
 103  S0320            2.68%    passed     26.83%
 104  S0055            0.00%    passed     62.32%
 105  S0591            1.79%    passed     19.75%
 106  S0758            8.63%    passed     96.12%
 107  S0593            4.17%    passed     62.26%
 108  S1187sl          1.19%    passed      8.19%
 109  S1381            2.08%    passed     57.43%
 110  S0903           11.31%    passed     52.96%
 111  S1040            8.63%    passed     81.04%
 112  S1214sl          0.00%    passed     77.26%
 113  S1235sl          0.00%    passed     81.50%
 114  S1368            1.19%    passed     32.26%
 115  S1189            0.00%    passed     64.46%
 116  S0688            0.00%    passed     99.55%
 117  S0560            0.00%    passed     47.35%
 118  S0562            3.87%    passed     43.99%
 119  S1498            0.00%    failed      0.87%
 120  S1053sl          5.36%    passed     67.86%
 121  S1238sl          0.00%    passed     77.47%
 122  S1106sl          7.14%    passed     69.75%
 123  S1119            3.57%    passed     98.89%
 124  S0906            0.00%    passed     93.64%
 125  S1232sl          2.38%    passed     21.81%
 126  S0335            0.00%    passed     71.57%
 127  S1375            0.00%    passed     38.47%
 128  S1208sl          5.36%    passed     31.31%
 129  S1045            6.25%    passed     96.82%
 130  S0331            8.33%    failed      2.17%
 131  S1371           14.29%    passed     95.57%
 132  S1370            0.00%    passed     50.20%
 133  SRR8528357       0.00%    passed     68.02%
 134  S1204            3.57%    passed     48.34%
 135  S0728sl          7.14%    passed     91.31%
 136  S0308            0.60%    failed      1.40%
 137  S0763            0.00%    passed     74.03%
 138  S0760            0.00%    passed     94.11%
 139  S0766            0.30%    passed     78.09%
 140  S1128            0.00%    passed     59.04%
 141  S0764           13.10%    passed     32.12%
 142  S1474            1.79%    passed     69.68%
 143  S1475            6.25%    passed     40.27%
 144  S0613sl          1.79%    passed     74.66%
 145  S1579            2.98%    passed     87.03%
 146  S0660sl         11.01%    passed     19.58%
 147  S1120            1.79%    passed     13.07%
 148  S1121            2.98%    passed     44.12%
 149  S1401            6.25%    passed     51.70%
 150  S1374            5.36%    passed     79.97%
 151  S1102            0.00%    passed     96.60%
 152  S0762-2          8.04%    passed     65.40%
 153  S0809            1.79%    passed     74.99%
 154  S0724sl          1.19%    passed     72.77%
 155  S0947sl          7.14%    passed     80.82%
 156  S0748            0.30%    passed     59.56%
 157  S1044            7.74%    passed     62.72%
 158  S1266sl          4.76%    passed     21.00%
 159  S1093sl          4.46%    passed     97.46%
 160  S0577            4.17%    passed     59.68%
 161  S0894            2.68%    passed     38.20%
 162  S0412sl          0.00%    passed     79.33%
 163  S1117            9.52%    passed     57.22%
 164  S1449            0.60%    passed     42.24%
 165  ERR2789774       0.00%    passed     79.48%
 166  PAFTOL_005410    0.30%    passed      8.74%
 167  S1050           11.61%    passed     88.31%
 168  S0478            1.79%    passed     12.30%
 169  S0345            3.57%    passed     61.16%
 170  S1365            1.49%    passed     40.68%
 171  S1366            0.00%    passed     73.59%
 172  S0346            6.25%    passed     66.47%
 173  SRR6441723       0.00%    passed     93.97%
 174  S1211            0.00%    passed     27.23%
 175  S1213            7.44%    passed     49.92%
 176  S1168            9.52%    passed     71.88%
 177  SRR8528376       0.30%    passed     44.80%
 178  S1409            3.27%    passed     39.54%
 179  S1096            6.55%    passed     62.89%
 180  S0677            2.08%    passed     97.91%
 181  S1118            6.85%    passed     67.07%
 182  S0671            3.57%    passed     76.00%
 183  S0670            1.19%    passed     47.63%
 184  S0673            6.25%    passed     26.02%
 185  S0672            0.89%    passed     68.40%
 186  S1113            2.38%    passed     49.74%
 187  S1400            7.44%    passed     82.30%
 188  S1111            6.85%    passed     49.45%
 189  S0795            2.08%    passed     79.24%
 190  S0770            0.60%    passed     95.39%
 191  S0407sl          0.60%    passed     56.66%
 192  S0772            7.74%    passed     86.45%
 193  S0564sl          0.60%    failed      0.44%
 194  SRR11470309      0.00%    passed     38.44%
 195  S1428            0.00%    passed     46.10%
 196  S0721sl          0.89%    passed     75.96%
 197  S0733sl          0.00%    passed     81.32%
 198  S0771            0.00%    passed     79.01%
 199  S1378           10.71%    passed     29.60%
 200  S0836            7.44%    passed     82.04%
 201  S0834            6.85%    passed     80.77%
 202  S0464           10.42%    passed     74.62%
 203  HYZL             0.00%    failed      0.84%
 204  S1223            0.30%    failed      1.19%
 205  S0512sl         11.90%    passed     78.12%
 206  S1258-2         12.20%    passed     99.88%
 207  S0547            5.36%    passed     18.31%
 208  S1318-2          0.60%    passed     67.05%
 209  S1246            2.68%    passed     34.20%
 210  S1331            0.60%    passed     98.54%
 211  S1052sl         13.99%    passed     39.33%
 212  S1100            0.00%    failed      0.27%
 213  S0888            0.00%    passed     53.12%
 214  S1069            4.76%    passed     81.93%
 215  S1103            2.68%    passed     99.09%
 216  S1221sl          2.38%    passed     46.12%
 217  S1181-2          4.46%    passed     33.71%
 218  S1336            4.17%    passed     92.37%
 219  S1315            4.46%    passed     52.83%
 220  S0667           14.29%    passed     16.57%
 221  S0664           11.31%    passed     54.58%
 222  S0827            0.00%    passed     54.69%
 223  S0662            7.74%    passed     29.09%
 224  S0989            5.95%    passed     95.87%
 225  S1261           15.48%    passed     90.76%
 226  S1260            1.49%    passed     85.77%
 227  S0669           10.71%    passed     44.35%
 228  S0293            0.60%    passed     45.54%
 229  S0292            0.89%    passed     58.45%
 230  S1424            1.49%    passed     51.79%
 231  S0297            9.52%    passed     66.45%
 232  S0902            4.46%    passed     88.75%
 233  S0901            4.17%    passed     28.59%
 234  S0294            5.65%    passed     24.77%
 235  S1184            1.79%    failed      0.19%
 236  S0747sl          8.63%    passed     44.75%
 237  S0299            4.76%    passed     61.19%
 238  S0298            2.68%    passed     80.32%
 239  S1180            0.30%    failed      1.07%
 240  S1339            0.00%    passed     77.15%
 241  S1182           13.39%    passed     98.13%
 242  S1422            0.00%    passed     39.81%
 243  S0558            0.00%    passed     25.36%
 244  S0964            0.89%    passed     74.89%
 245  S0768            0.00%    passed     89.48%
 246  S0960            0.89%    passed     66.49%
 247  S0417            0.00%    passed     59.95%
 248  S0416            0.60%    passed     91.64%
 249  S0419            0.30%    passed     93.97%
 250  S1354            2.68%    failed      1.68%
 251  S1176            5.06%    passed     71.71%
 252  S1269            4.17%    passed     39.54%
 253  S0555            0.00%    passed     29.10%
 254  S0645sl          0.00%    passed     39.80%
 255  S0641            0.00%    passed     58.53%
 256  S0590           11.01%    passed     13.88%
 257  S1245            3.57%    passed     34.22%
 258  S0963            3.87%    passed     43.81%
 259  S0420sl          4.76%    passed     45.32%
 260  S1387            0.00%    failed      3.63%
 261  S1072            7.44%    passed     73.69%
 262  S1116            4.76%    passed     62.10%
 263  S1074            7.74%    passed     87.28%
 264  S1384            3.57%    failed      4.31%
 265  S0959            0.00%    passed     55.98%
 266  S0851           14.29%    passed     16.99%
 267  S0657            4.46%    passed     57.56%
 268  S1278            0.00%    passed     54.97%
 269  S0654           10.42%    passed     95.21%
 270  S1276           10.12%    passed      9.07%
 271  S0717           11.90%    passed     25.78%
 272  S1270            3.27%    passed     86.66%
 273  S1039            6.55%    passed     63.03%
 274  PAFTOL_008053    0.30%    failed      0.11%
 275  S0552sl          1.49%    passed     81.55%
 276  S0289            0.00%    passed     31.58%
 277  S1405            1.79%    passed     39.40%
 278  S0284            0.00%    passed     77.31%
 279  S0285            5.95%    passed     69.18%
 280  S1077            9.52%    passed     51.68%
 281  S0280            1.19%    passed     58.82%
 282  S0281            1.19%    passed     56.89%
 283  S0282            0.00%    passed     67.80%
 284  S0283            1.49%    passed     93.28%
 285  S0647-2          8.93%    passed     91.03%
 286  S0400            0.00%    passed     54.96%
 287  S1389            8.04%    passed      8.60%
 288  S0731sl          5.95%    passed     47.05%
 289  S0405            7.44%    passed     53.95%
 290  S1458           17.56%    passed     60.18%
 291  S1451            0.00%    passed     37.75%
 292  S1097            3.87%    passed     69.46%
 293  S0754            5.95%    passed     63.14%
 294  S0727            9.52%    passed     87.64%
 295  S0726           11.90%    passed     44.20%
 296  S1314            1.79%    passed     66.71%
 297  S1407            3.87%    passed     78.59%
 298  S0275            9.82%    passed     39.18%
 299  S0722           10.71%    passed     59.98%
 300  S0277            8.63%    passed     95.07%
 301  S0720            0.60%    passed     91.93%
 302  S0279            6.55%    passed     85.30%
 303  S0278            0.00%    passed     36.75%
 304  CRNC             4.76%    passed     22.68%
 305  S0373            7.44%    passed     77.21%
 306  S0521            8.33%    passed     90.13%
 307  S1250sl          0.89%    passed     51.07%
 308  S0376            0.00%    passed     66.17%
 309  S0377            6.55%    passed     18.02%
 310  S1539            2.68%    passed     20.68%
 311  S1332            1.79%    passed     25.86%
 312  S1249            0.00%    passed     52.10%
 313  S0327            4.76%    failed      4.06%
 314  S1262            1.49%    passed      5.88%
 315  PAFTOL_023477    0.00%    failed      0.79%
 316  S1188            3.27%    passed     14.27%
 317  S1241            0.00%    passed     36.65%
 318  S1279            1.49%    passed     65.31%
 319  S0509            8.93%    passed     75.24%
 320  S0642            0.00%    passed     43.27%
 321  S0643            0.30%    passed     53.03%
 322  S1462            0.00%    passed     93.24%
 323  S1342            0.00%    passed     61.82%
 324  S_670            0.30%    passed     63.17%
 325  S1083            0.00%    failed      2.45%
 326  PAFTOL_019459    0.00%    failed      1.76%
 327  S1129sl          0.00%    passed     82.27%
 328  SRR11470320      0.00%    failed      0.46%
 329  S1089            8.93%    passed     98.99%
 330  S1398            0.00%    failed      1.35%
****  TOTAL            4.09%  24 sequences failed composition chi2 test (p-value<5%; df=3)

Create initial parsimony tree by phylogenetic likelihood library (PLL)... 0.191 seconds
Generating 1000 samples for ultrafast bootstrap (seed: 91244)...

NOTE: 13 MB RAM (0 GB) is required!
Measuring multi-threading efficiency up to 48 CPU cores
Increase to 10 rounds for branch lengths
83 trees examined
Threads: 1 / Time: 48.162 sec / Speedup: 1.000 / Efficiency: 100% / LogL: -30504
Threads: 2 / Time: 47.766 sec / Speedup: 1.008 / Efficiency: 50% / LogL: -30504
Threads: 3 / Time: 65.374 sec / Speedup: 0.737 / Efficiency: 25% / LogL: -30504
BEST NUMBER OF THREADS: 1

Estimate model parameters (epsilon = 0.100)
1. Initial log-likelihood: -13683.252
2. Current log-likelihood: -13187.993
3. Current log-likelihood: -13166.910
4. Current log-likelihood: -13152.352
5. Current log-likelihood: -13140.858
6. Current log-likelihood: -13131.667
7. Current log-likelihood: -13124.251
8. Current log-likelihood: -13118.221
9. Current log-likelihood: -13113.260
10. Current log-likelihood: -13109.133
11. Current log-likelihood: -13105.668
12. Current log-likelihood: -13102.736
13. Current log-likelihood: -13100.233
14. Current log-likelihood: -13098.083
15. Current log-likelihood: -13096.224
16. Current log-likelihood: -13094.604
17. Current log-likelihood: -13093.181
18. Current log-likelihood: -13092.210
19. Current log-likelihood: -13091.946
Optimal log-likelihood: -13091.803
Rate parameters:  A-C: 1.34438  A-G: 2.65583  A-T: 1.13915  C-G: 1.42095  C-T: 3.92006  G-T: 1.00000
Base frequencies:  A: 0.307  C: 0.190  G: 0.267  T: 0.236
Site proportion and rates:  (0.521,0.062) (0.181,0.697) (0.214,2.122) (0.084,4.587)
Parameters optimization took 19 rounds (26.356 sec)
Computing ML distances based on estimated model parameters...
Computing ML distances took 5.027690 sec (of wall-clock time) 2.944000 sec(of CPU time)
Computing RapidNJ tree took 0.012965 sec (of wall-clock time) 0.012000 sec (of CPU time)
Log-likelihood of RapidNJ tree: -13461.126
--------------------------------------------------------------------
|             INITIALIZING CANDIDATE TREE SET                      |
--------------------------------------------------------------------
Generating 98 parsimony trees... 9.442 second
Computing log-likelihood of 98 initial trees ... 8.503 seconds
Current best score: -12995.043

Do NNI search on 20 best initial trees
Estimate model parameters (epsilon = 0.100)
BETTER TREE FOUND at iteration 1: -12922.563
Iteration 10 / LogL: -12949.492 / Time: 0h:4m:45s
Iteration 20 / LogL: -12966.365 / Time: 0h:5m:49s
Finish initializing candidate tree set (20)
Current best tree score: -12922.563 / CPU time: 155.576
Number of iterations: 20
--------------------------------------------------------------------
|               OPTIMIZING CANDIDATE TREE SET                      |
--------------------------------------------------------------------
Estimate model parameters (epsilon = 0.100)
BETTER TREE FOUND at iteration 21: -12915.199
Estimate model parameters (epsilon = 0.100)
BETTER TREE FOUND at iteration 28: -12907.948
Iteration 30 / LogL: -12935.691 / Time: 0h:6m:46s (0h:22m:51s left)
Estimate model parameters (epsilon = 0.100)
BETTER TREE FOUND at iteration 39: -12907.171
Iteration 40 / LogL: -12915.394 / Time: 0h:7m:24s (0h:18m:46s left)
Iteration 50 / LogL: -12911.941 / Time: 0h:8m:9s (0h:14m:48s left)
Log-likelihood cutoff on original alignment: -13007.619
Estimate model parameters (epsilon = 0.100)
BETTER TREE FOUND at iteration 53: -12902.235
Estimate model parameters (epsilon = 0.100)
BETTER TREE FOUND at iteration 56: -12897.452
Iteration 60 / LogL: -12904.988 / Time: 0h:9m:9s (0h:14m:52s left)
Iteration 70 / LogL: -12911.546 / Time: 0h:9m:55s (0h:12m:21s left)
Estimate model parameters (epsilon = 0.100)
BETTER TREE FOUND at iteration 74: -12892.802
Iteration 80 / LogL: -12908.758 / Time: 0h:10m:42s (0h:12m:43s left)
Iteration 90 / LogL: -12912.270 / Time: 0h:11m:35s (0h:10m:55s left)
Estimate model parameters (epsilon = 0.100)
BETTER TREE FOUND at iteration 93: -12888.596
Iteration 100 / LogL: -12892.554 / Time: 0h:12m:28s (0h:11m:42s left)
Log-likelihood cutoff on original alignment: -13000.148
NOTE: Bootstrap correlation coefficient of split occurrence frequencies: 0.960
NOTE: UFBoot does not converge, continue at least 100 more iterations
Iteration 110 / LogL: -12915.791 / Time: 0h:13m:17s (0h:10m:57s left)
Iteration 120 / LogL: -12949.935 / Time: 0h:14m:3s (0h:9m:26s left)
Iteration 130 / LogL: -12918.304 / Time: 0h:14m:49s (0h:8m:2s left)
Estimate model parameters (epsilon = 0.100)
BETTER TREE FOUND at iteration 135: -12886.162
Iteration 140 / LogL: -12900.621 / Time: 0h:15m:40s (0h:10m:42s left)
Iteration 150 / LogL: -12895.980 / Time: 0h:16m:38s (0h:9m:29s left)
Log-likelihood cutoff on original alignment: -12995.698
Iteration 160 / LogL: -12897.003 / Time: 0h:17m:31s (0h:8m:15s left)
Estimate model parameters (epsilon = 0.100)
BETTER TREE FOUND at iteration 168: -12885.274
Iteration 170 / LogL: -12889.065 / Time: 0h:18m:24s (0h:10m:40s left)
Iteration 180 / LogL: -12915.213 / Time: 0h:19m:11s (0h:9m:25s left)
Estimate model parameters (epsilon = 0.100)
BETTER TREE FOUND at iteration 189: -12884.853
Iteration 190 / LogL: -12893.533 / Time: 0h:19m:57s (0h:10m:27s left)
Estimate model parameters (epsilon = 0.100)
BETTER TREE FOUND at iteration 193: -12884.551
Estimate model parameters (epsilon = 0.100)
BETTER TREE FOUND at iteration 195: -12878.894
Iteration 200 / LogL: -12882.777 / Time: 0h:20m:57s (0h:9m:59s left)
Log-likelihood cutoff on original alignment: -12995.698
NOTE: Bootstrap correlation coefficient of split occurrence frequencies: 0.981
NOTE: UFBoot does not converge, continue at least 100 more iterations
Estimate model parameters (epsilon = 0.100)
BETTER TREE FOUND at iteration 203: -12877.316
Iteration 210 / LogL: -12899.954 / Time: 0h:21m:49s (0h:9m:42s left)
Estimate model parameters (epsilon = 0.100)
BETTER TREE FOUND at iteration 217: -12875.200
Iteration 220 / LogL: -12885.234 / Time: 0h:22m:42s (0h:10m:3s left)
Iteration 230 / LogL: -12917.889 / Time: 0h:23m:32s (0h:8m:56s left)
Estimate model parameters (epsilon = 0.100)
BETTER TREE FOUND at iteration 234: -12874.495
Iteration 240 / LogL: -12886.027 / Time: 0h:24m:29s (0h:9m:37s left)
Iteration 250 / LogL: -12877.317 / Time: 0h:25m:29s (0h:8m:35s left)
Log-likelihood cutoff on original alignment: -12995.698
Iteration 260 / LogL: -12921.139 / Time: 0h:26m:28s (0h:7m:33s left)
Iteration 270 / LogL: -12902.136 / Time: 0h:27m:27s (0h:6m:31s left)
Iteration 280 / LogL: -12888.963 / Time: 0h:28m:24s (0h:5m:29s left)
Iteration 290 / LogL: -12889.909 / Time: 0h:29m:25s (0h:4m:28s left)
Estimate model parameters (epsilon = 0.100)
BETTER TREE FOUND at iteration 293: -12874.288
Iteration 300 / LogL: -12880.468 / Time: 0h:30m:25s (0h:9m:27s left)
Log-likelihood cutoff on original alignment: -12995.698
NOTE: Bootstrap correlation coefficient of split occurrence frequencies: 0.969
NOTE: UFBoot does not converge, continue at least 100 more iterations
Iteration 310 / LogL: -12897.121 / Time: 0h:31m:30s (0h:9m:10s left)
Iteration 320 / LogL: -12885.095 / Time: 0h:32m:31s (0h:8m:9s left)
Estimate model parameters (epsilon = 0.100)
BETTER TREE FOUND at iteration 326: -12873.941
Iteration 330 / LogL: -12893.117 / Time: 0h:33m:28s (0h:9m:45s left)
Estimate model parameters (epsilon = 0.100)
BETTER TREE FOUND at iteration 338: -12872.941
Iteration 340 / LogL: -12915.635 / Time: 0h:34m:34s (0h:9m:59s left)
Iteration 350 / LogL: -12885.296 / Time: 0h:35m:24s (0h:8m:55s left)
Log-likelihood cutoff on original alignment: -12995.698
Estimate model parameters (epsilon = 0.100)
BETTER TREE FOUND at iteration 351: -12865.655
Estimate model parameters (epsilon = 0.100)
BETTER TREE FOUND at iteration 358: -12865.187
Iteration 360 / LogL: -12906.165 / Time: 0h:36m:43s (0h:10m:1s left)
Iteration 370 / LogL: -12866.205 / Time: 0h:37m:45s (0h:9m:0s left)
Iteration 380 / LogL: -12877.879 / Time: 0h:38m:54s (0h:8m:0s left)
Estimate model parameters (epsilon = 0.100)
BETTER TREE FOUND at iteration 385: -12863.997
Iteration 390 / LogL: -12874.756 / Time: 0h:40m:3s (0h:9m:46s left)
Estimate model parameters (epsilon = 0.100)
BETTER TREE FOUND at iteration 393: -12863.338
Iteration 400 / LogL: -12896.330 / Time: 0h:41m:12s (0h:9m:36s left)
Log-likelihood cutoff on original alignment: -12995.698
NOTE: Bootstrap correlation coefficient of split occurrence frequencies: 0.935
NOTE: UFBoot does not converge, continue at least 100 more iterations
Estimate model parameters (epsilon = 0.100)
BETTER TREE FOUND at iteration 407: -12857.838
Iteration 410 / LogL: -12897.530 / Time: 0h:42m:31s (0h:10m:5s left)
Iteration 420 / LogL: -12874.211 / Time: 0h:43m:36s (0h:9m:3s left)
Iteration 430 / LogL: -12869.422 / Time: 0h:44m:36s (0h:8m:0s left)
Estimate model parameters (epsilon = 0.100)
BETTER TREE FOUND at iteration 432: -12857.007
Iteration 440 / LogL: -12872.959 / Time: 0h:45m:52s (0h:9m:36s left)
Iteration 450 / LogL: -12863.620 / Time: 0h:46m:59s (0h:8m:34s left)
Log-likelihood cutoff on original alignment: -12995.698
Iteration 460 / LogL: -12878.916 / Time: 0h:48m:6s (0h:7m:32s left)
Iteration 470 / LogL: -12872.529 / Time: 0h:49m:13s (0h:6m:30s left)
Iteration 480 / LogL: -12857.173 / Time: 0h:50m:16s (0h:5m:27s left)
Iteration 490 / LogL: -12873.063 / Time: 0h:51m:23s (0h:4m:24s left)
Estimate model parameters (epsilon = 0.100)
BETTER TREE FOUND at iteration 494: -12856.435
Iteration 500 / LogL: -12867.011 / Time: 0h:52m:30s (0h:9m:53s left)
Log-likelihood cutoff on original alignment: -12983.455
NOTE: Bootstrap correlation coefficient of split occurrence frequencies: 0.935
NOTE: UFBoot does not converge, continue at least 100 more iterations
Iteration 510 / LogL: -12863.788 / Time: 0h:53m:31s (0h:9m:27s left)
Iteration 520 / LogL: -12860.348 / Time: 0h:54m:26s (0h:8m:23s left)
Iteration 530 / LogL: -12873.815 / Time: 0h:55m:44s (0h:7m:22s left)
Iteration 540 / LogL: -12861.750 / Time: 0h:56m:45s (0h:6m:19s left)
Iteration 550 / LogL: -12861.485 / Time: 0h:57m:52s (0h:5m:16s left)
Log-likelihood cutoff on original alignment: -12983.455
Iteration 560 / LogL: -12865.118 / Time: 0h:59m:7s (0h:4m:13s left)
Iteration 570 / LogL: -12860.851 / Time: 1h:0m:16s (0h:3m:10s left)
Iteration 580 / LogL: -12857.512 / Time: 1h:1m:17s (0h:2m:7s left)
Iteration 590 / LogL: -12866.119 / Time: 1h:2m:13s (0h:1m:3s left)
Iteration 600 / LogL: -12864.608 / Time: 1h:3m:26s (0h:0m:0s left)
Log-likelihood cutoff on original alignment: -12983.455
NOTE: Bootstrap correlation coefficient of split occurrence frequencies: 0.931
NOTE: UFBoot does not converge, continue at least 100 more iterations
Iteration 610 / LogL: -12873.791 / Time: 1h:4m:40s (0h:9m:33s left)
Iteration 620 / LogL: -12856.756 / Time: 1h:5m:57s (0h:8m:31s left)
Iteration 630 / LogL: -12864.709 / Time: 1h:7m:0s (0h:7m:27s left)
Iteration 640 / LogL: -12883.854 / Time: 1h:8m:20s (0h:6m:24s left)
Iteration 650 / LogL: -12861.000 / Time: 1h:9m:23s (0h:5m:20s left)
Log-likelihood cutoff on original alignment: -12983.455
Iteration 660 / LogL: -12870.536 / Time: 1h:10m:35s (0h:4m:17s left)
Iteration 670 / LogL: -12857.424 / Time: 1h:11m:33s (0h:3m:12s left)
Iteration 680 / LogL: -12878.231 / Time: 1h:12m:32s (0h:2m:8s left)
Estimate model parameters (epsilon = 0.100)
BETTER TREE FOUND at iteration 689: -12854.790
Iteration 690 / LogL: -12866.841 / Time: 1h:13m:51s (0h:10m:36s left)
Iteration 700 / LogL: -12865.470 / Time: 1h:15m:3s (0h:9m:33s left)
Log-likelihood cutoff on original alignment: -12983.455
NOTE: Bootstrap correlation coefficient of split occurrence frequencies: 0.934
NOTE: UFBoot does not converge, continue at least 100 more iterations
Iteration 710 / LogL: -12865.181 / Time: 1h:16m:11s (0h:9m:40s left)
Iteration 720 / LogL: -12877.863 / Time: 1h:17m:27s (0h:8m:37s left)
Iteration 730 / LogL: -12888.675 / Time: 1h:18m:34s (0h:7m:32s left)
Iteration 740 / LogL: -12857.994 / Time: 1h:19m:53s (0h:6m:29s left)
Iteration 750 / LogL: -12868.558 / Time: 1h:20m:56s (0h:5m:24s left)
Log-likelihood cutoff on original alignment: -12983.455
Iteration 760 / LogL: -12879.962 / Time: 1h:22m:8s (0h:4m:19s left)
Iteration 770 / LogL: -12859.104 / Time: 1h:23m:13s (0h:3m:14s left)
Estimate model parameters (epsilon = 0.100)
BETTER TREE FOUND at iteration 775: -12854.324
Estimate model parameters (epsilon = 0.100)
BETTER TREE FOUND at iteration 776: -12853.512
Estimate model parameters (epsilon = 0.100)
BETTER TREE FOUND at iteration 779: -12852.544
Iteration 780 / LogL: -12873.871 / Time: 1h:24m:22s (0h:10m:43s left)
Iteration 790 / LogL: -12861.271 / Time: 1h:25m:38s (0h:9m:39s left)
Iteration 800 / LogL: -12860.502 / Time: 1h:26m:51s (0h:8m:35s left)
Log-likelihood cutoff on original alignment: -12983.455
NOTE: Bootstrap correlation coefficient of split occurrence frequencies: 0.966
NOTE: UFBoot does not converge, continue at least 100 more iterations
Iteration 810 / LogL: -12887.339 / Time: 1h:28m:20s (0h:9m:49s left)
Iteration 820 / LogL: -12861.735 / Time: 1h:29m:31s (0h:8m:44s left)
Iteration 830 / LogL: -12861.132 / Time: 1h:30m:43s (0h:7m:39s left)
Iteration 840 / LogL: -12863.261 / Time: 1h:31m:53s (0h:6m:34s left)
Iteration 850 / LogL: -12855.672 / Time: 1h:33m:2s (0h:5m:28s left)
Log-likelihood cutoff on original alignment: -12983.455
Iteration 860 / LogL: -12855.923 / Time: 1h:34m:17s (0h:4m:23s left)
Iteration 870 / LogL: -12880.699 / Time: 1h:35m:25s (0h:3m:17s left)
Iteration 880 / LogL: -12875.900 / Time: 1h:36m:35s (0h:2m:11s left)
Iteration 890 / LogL: -12869.091 / Time: 1h:37m:51s (0h:1m:6s left)
Iteration 900 / LogL: -12862.607 / Time: 1h:39m:2s (0h:0m:0s left)
Log-likelihood cutoff on original alignment: -12983.455
NOTE: Bootstrap correlation coefficient of split occurrence frequencies: 0.979
NOTE: UFBoot does not converge, continue at least 100 more iterations
Iteration 910 / LogL: -12857.365 / Time: 1h:40m:2s (0h:9m:54s left)
Iteration 920 / LogL: -12866.105 / Time: 1h:41m:19s (0h:8m:49s left)
Iteration 930 / LogL: -12856.892 / Time: 1h:42m:35s (0h:7m:43s left)
Iteration 940 / LogL: -12862.448 / Time: 1h:43m:44s (0h:6m:37s left)
Iteration 950 / LogL: -12861.494 / Time: 1h:44m:49s (0h:5m:31s left)
Log-likelihood cutoff on original alignment: -12983.455
Estimate model parameters (epsilon = 0.100)
BETTER TREE FOUND at iteration 954: -12851.555
Iteration 960 / LogL: -12862.427 / Time: 1h:46m:17s (0h:10m:25s left)
Iteration 970 / LogL: -12870.986 / Time: 1h:47m:42s (0h:9m:20s left)
Iteration 980 / LogL: -12996.012 / Time: 1h:48m:57s (0h:8m:14s left)
Iteration 990 / LogL: -12874.374 / Time: 1h:50m:1s (0h:7m:7s left)
Iteration 1000 / LogL: -12862.030 / Time: 1h:51m:16s (0h:6m:0s left)
Log-likelihood cutoff on original alignment: -12983.455
NOTE: Bootstrap correlation coefficient of split occurrence frequencies: 0.980
NOTE: UFBoot does not converge, continue at least 100 more iterations
WARNING: bootstrap analysis did not converge. You should rerun with higher number of iterations (-nm option)
TREE SEARCH COMPLETED AFTER 1001 ITERATIONS / Time: 1h:51m:25s

--------------------------------------------------------------------
|                    FINALIZING TREE SEARCH                        |
--------------------------------------------------------------------
Performs final model parameters optimization
Estimate model parameters (epsilon = 0.010)
1. Initial log-likelihood: -12851.555
Optimal log-likelihood: -12851.547
Rate parameters:  A-C: 1.41893  A-G: 2.82222  A-T: 1.15074  C-G: 1.40129  C-T: 4.08074  G-T: 1.00000
Base frequencies:  A: 0.307  C: 0.190  G: 0.267  T: 0.236
Site proportion and rates:  (0.499,0.033) (0.196,0.612) (0.206,1.978) (0.099,4.632)
Parameters optimization took 1 rounds (0.962 sec)
BEST SCORE FOUND : -12851.547
Creating bootstrap support values...
Split supports printed to NEXUS file results_assessment_saturation_and_clocklikeliness/results_iqtree_gene_trees/result_6110_iqtree.splits.nex
Total tree length: 9.167

Total number of iterations: 1001
CPU time used for tree search: 5295.364 sec (1h:28m:15s)
Wall-clock time used for tree search: 6491.456 sec (1h:48m:11s)
Total CPU time used: 5587.576 sec (1h:33m:7s)
Total wall-clock time used: 6689.136 sec (1h:51m:29s)

Computing bootstrap consensus tree...
Reading input file results_assessment_saturation_and_clocklikeliness/results_iqtree_gene_trees/result_6110_iqtree.splits.nex...
330 taxa and 5035 splits.
Consensus tree written to results_assessment_saturation_and_clocklikeliness/results_iqtree_gene_trees/result_6110_iqtree.contree
Reading input trees file results_assessment_saturation_and_clocklikeliness/results_iqtree_gene_trees/result_6110_iqtree.contree
Log-likelihood of consensus tree: -12852.997

Analysis results written to: 
  IQ-TREE report:                results_assessment_saturation_and_clocklikeliness/results_iqtree_gene_trees/result_6110_iqtree.iqtree
  Maximum-likelihood tree:       results_assessment_saturation_and_clocklikeliness/results_iqtree_gene_trees/result_6110_iqtree.treefile
  Likelihood distances:          results_assessment_saturation_and_clocklikeliness/results_iqtree_gene_trees/result_6110_iqtree.mldist

Ultrafast bootstrap approximation results written to:
  Split support values:          results_assessment_saturation_and_clocklikeliness/results_iqtree_gene_trees/result_6110_iqtree.splits.nex
  Consensus tree:                results_assessment_saturation_and_clocklikeliness/results_iqtree_gene_trees/result_6110_iqtree.contree
  Screen log file:               results_assessment_saturation_and_clocklikeliness/results_iqtree_gene_trees/result_6110_iqtree.log

Date and Time: Wed Mar 30 13:19:47 2022
