IQ-TREE multicore version 2.1.3 COVID-edition for Linux 64-bit built Apr 21 2021
Developed by Bui Quang Minh, James Barbetti, Nguyen Lam Tung,
Olga Chernomor, Heiko Schmidt, Dominik Schrempf, Michael Woodhams.

Host:    hpc-high-memory-multi-user (AVX2, FMA3, 1007 GB RAM)
Command: /home/kasper.hendriks/iqtree-2.1.3-Linux/bin/iqtree2 -s results_assessment_saturation_and_clocklikeliness/input_gene_alignments_cleaned/5G03430_cleaned.fasta -B 1000 -nm 1000 -m GTR+F+R -nt AUTO --prefix results_assessment_saturation_and_clocklikeliness/results_iqtree_gene_trees/result_5G03430_iqtree
Seed:    659814 (Using SPRNG - Scalable Parallel Random Number Generator)
Time:    Wed Mar 30 04:37:41 2022
Kernel:  AVX+FMA - auto-detect threads (48 CPU cores detected)

Reading alignment file results_assessment_saturation_and_clocklikeliness/input_gene_alignments_cleaned/5G03430_cleaned.fasta ... Fasta format detected
Alignment most likely contains DNA/RNA sequences
Alignment has 279 sequences with 225 columns, 203 distinct patterns
110 parsimony-informative, 27 singleton sites, 88 constant sites
             Gap/Ambiguity  Composition  p-value
   1  S0941         10.67%    passed     94.11%
   2  SRR8528389     0.00%    passed     99.49%
   3  S0946          9.33%    passed     90.81%
   4  S0590          9.33%    passed     94.86%
   5  S0435          6.67%    passed     98.32%
   6  S1103          1.33%    passed     85.55%
   7  SRR8528391     0.00%    passed     98.51%
   8  S0656sl        7.11%    passed     94.64%
   9  SRR8528358     2.67%    passed     89.03%
  10  S0403sl        0.00%    passed     51.79%
  11  SRR8528397     0.00%    passed     87.75%
  12  S0739          0.00%    passed     93.51%
  13  S0268          0.44%    passed     92.17%
  14  SRR8528359     0.00%    passed     90.25%
  15  SRR8528373     1.78%    passed     98.62%
  16  SRR8528388    13.33%    passed     98.65%
  17  SRR8528364     5.78%    passed     97.59%
  18  SRR8528338     0.00%    passed     97.00%
  19  S0308          4.44%    passed     99.38%
  20  S1421          5.78%    passed     92.26%
  21  S0305         12.44%    passed     90.88%
  22  SRR8528336    13.33%    passed     99.46%
  23  S0301          0.44%    passed     91.37%
  24  S0300         11.56%    passed     85.28%
  25  S0385          9.33%    passed     96.42%
  26  S1097          2.67%    passed     99.71%
  27  S1095          5.78%    passed     99.91%
  28  S0380         10.67%    passed     87.44%
  29  S0383          8.89%    passed     84.03%
  30  S0436          0.44%    passed     99.14%
  31  S0748          0.00%    passed     97.73%
  32  S0949          9.78%    passed     93.16%
  33  S1098          3.11%    passed     99.94%
  34  S0895          8.89%    passed     98.06%
  35  S0745          1.78%    passed     99.05%
  36  S0896          8.00%    passed     97.89%
  37  S0890          2.22%    passed     89.65%
  38  S0893          4.89%    passed     95.00%
  39  S0892          0.00%    passed     86.20%
  40  S0954          4.89%    passed     98.65%
  41  S1043sl       12.00%    passed     92.49%
  42  S0957          5.33%    passed     97.96%
  43  S0899          4.44%    passed     60.80%
  44  S0427          0.00%    passed     99.29%
  45  S0156          2.67%    passed     99.03%
  46  S1419          1.78%    passed     89.44%
  47  S1227          0.00%    passed     96.27%
  48  S1235sl        0.00%    passed     94.81%
  49  S1376          0.00%    passed     99.49%
  50  S1519          4.44%    passed     87.07%
  51  S0740          5.33%    passed     85.47%
  52  S0583         10.22%    passed     84.96%
  53  S0746          7.56%    passed     78.65%
  54  S0741         13.33%    passed     99.53%
  55  S0655sl        1.78%    passed     79.71%
  56  S0743          8.00%    passed     96.76%
  57  S0742          0.00%    passed     91.41%
  58  S0317          8.44%    passed     98.71%
  59  S0620          4.44%    passed     94.65%
  60  S0315         11.11%    passed     84.93%
  61  S0312          0.00%    passed     75.66%
  62  S0732          0.44%    passed     99.08%
  63  S1458          4.44%    passed     99.97%
  64  S1459          2.67%    passed     99.91%
  65  S1021          8.44%    passed     81.20%
  66  S1354         22.67%    passed     41.70%
  67  S1250sl        9.33%    passed     81.46%
  68  S0560          9.78%    passed     91.92%
  69  S0326-2        0.00%    passed     96.88%
  70  S1011sl       11.56%    passed     96.32%
  71  S1561          4.00%    passed     96.23%
  72  S0691          2.22%    passed     86.00%
  73  S0690          5.33%    passed     97.78%
  74  S0617         11.11%    passed     93.74%
  75  S1506         10.67%    passed     83.39%
  76  S0612          1.78%    passed     86.86%
  77  S1234          8.00%    passed     95.32%
  78  S1369          0.00%    passed     93.03%
  79  S1509          8.00%    passed     93.99%
  80  S1262          0.00%    passed     93.75%
  81  S1038          1.33%    passed     88.36%
  82  S0450          0.00%    passed     93.39%
  83  S1229-2        4.89%    passed     97.67%
  84  S0756          0.00%    passed     93.24%
  85  S0757          1.78%    passed     97.18%
  86  SRR8528354     2.67%    passed     63.70%
  87  S1460          0.44%    passed     97.72%
  88  S0752          8.89%    passed     81.71%
  89  SRR8528350     0.00%    passed     80.46%
  90  S0751          8.44%    passed     92.92%
  91  S0323          8.89%    passed     97.54%
  92  S0322          0.00%    passed     97.39%
  93  S0055          0.00%    passed     83.25%
  94  S0591          1.33%    passed     93.49%
  95  S0758          0.00%    passed     75.50%
  96  S0593          2.22%    passed     86.63%
  97  S1187sl        4.44%    passed     52.57%
  98  S1381          0.44%    passed     92.32%
  99  S0903          0.44%    passed     96.86%
 100  S1040          2.22%    passed     99.77%
 101  S0689          0.44%    passed     99.40%
 102  S0562          2.22%    passed     64.98%
 103  S1053sl        1.78%    passed     99.88%
 104  S1408          8.89%    passed     95.42%
 105  S1106sl        2.22%    passed     99.87%
 106  S1314         10.67%    passed     97.33%
 107  S0335          0.00%    passed     89.03%
 108  S1375          0.00%    passed     76.33%
 109  S1208sl       19.11%    passed     82.09%
 110  S1045          8.44%    passed     83.09%
 111  S1044          2.67%    passed     99.95%
 112  S1371         11.56%    passed     86.97%
 113  S1370          1.78%    passed     93.11%
 114  S1204          2.22%    passed     84.47%
 115  S0728sl        6.67%    passed     98.24%
 116  S0660sl       12.00%    passed     95.68%
 117  S0763          0.00%    passed     93.03%
 118  S0760          0.00%    passed     98.59%
 119  SRR8528341     0.00%    passed     99.33%
 120  S0766          0.44%    passed     96.08%
 121  S0765          0.00%    passed     97.67%
 122  S0764          0.89%    passed     94.43%
 123  SRR8528343     0.00%    passed     78.74%
 124  S0613sl        0.00%    passed     82.49%
 125  S1579          2.67%    passed     98.61%
 126  S1120          0.44%    passed     90.80%
 127  S1121          1.33%    passed     99.76%
 128  S1401          8.89%    passed     97.63%
 129  S1374          1.78%    passed     94.90%
 130  S1102          8.44%    passed     92.13%
 131  S0762-2        1.33%    passed     95.61%
 132  S0809          0.89%    passed     98.69%
 133  SRR8528385     3.56%    passed     98.79%
 134  S0947sl        8.44%    passed     90.77%
 135  SRR8528384     0.00%    passed     98.95%
 136  S1266sl        0.00%    passed     95.07%
 137  S1093sl        3.56%    passed     99.85%
 138  SRR8528400     0.89%    passed     96.98%
 139  S0412sl        0.00%    passed     97.99%
 140  S1117          3.56%    passed     99.60%
 141  S1449          0.89%    passed     72.91%
 142  SRR8528379     0.00%    passed     99.33%
 143  S1050          3.11%    passed     99.87%
 144  S0791          8.44%    passed     96.55%
 145  S1407          2.67%    passed     97.94%
 146  S1366          3.11%    passed     92.50%
 147  S0346          3.56%    passed     99.92%
 148  S1210          0.00%    passed     98.61%
 149  S1211          0.00%    passed     94.18%
 150  SRR8528372     0.00%    passed     90.57%
 151  S1213         12.00%    passed     83.44%
 152  SRR8528376     5.33%    passed     84.08%
 153  S1409          2.22%    passed     86.95%
 154  S1096          3.56%    passed     97.51%
 155  S1119          7.56%    passed     94.17%
 156  S1118          3.11%    passed     99.39%
 157  S0671          6.22%    passed     96.33%
 158  S0670          0.44%    passed     75.94%
 159  S0672          4.89%    passed     92.43%
 160  S1113          0.89%    passed     99.96%
 161  S1400          7.11%    passed     98.57%
 162  S1111          8.44%    passed     90.09%
 163  S0795         16.00%    passed     92.80%
 164  S0770          0.00%    passed     99.96%
 165  S1116         11.11%    passed     95.08%
 166  S0772          4.00%    passed     94.51%
 167  SRR8528380     0.89%    passed     95.87%
 168  S0721sl        0.00%    passed     92.03%
 169  S0733sl        0.44%    passed     96.89%
 170  SRR8528357     0.00%    passed     94.22%
 171  S1378          0.00%    passed     95.50%
 172  S0836          1.78%    passed     98.15%
 173  S0834          2.67%    passed     99.77%
 174  S0464          4.89%    passed     97.17%
 175  SRR8528394     5.33%    passed     69.43%
 176  S1258-2        8.44%    passed     96.72%
 177  S1318-2        1.33%    passed     97.27%
 178  S1331          5.33%    passed     98.42%
 179  SRR8528370     1.78%    passed     89.86%
 180  SRR8528339     3.11%    passed     55.56%
 181  S1100          0.00%    passed     92.94%
 182  S0888          0.00%    passed     97.39%
 183  S1069          0.00%    passed     87.17%
 184  S0355          0.00%    passed     89.15%
 185  SRR8528365     0.00%    passed     99.49%
 186  S1221sl       10.67%    passed     83.91%
 187  S1181-2        5.78%    passed     95.88%
 188  SRR8528361     0.44%    passed     99.90%
 189  S1315          0.89%    passed     93.91%
 190  S0667          5.33%    passed     99.54%
 191  S0664         10.22%    passed     95.54%
 192  S0827          2.67%    passed     92.40%
 193  S0662          8.89%    passed     94.64%
 194  S1128          0.00%    passed     64.16%
 195  S0989          5.78%    passed     95.21%
 196  SRR8528342     8.89%    passed     95.63%
 197  S1319          2.22%    passed     99.92%
 198  S1260          5.33%    passed     99.23%
 199  S0669          6.67%    passed     99.23%
 200  S0293          1.33%    passed     97.32%
 201  S0292          1.78%    passed     88.65%
 202  S0904          2.22%    passed     96.61%
 203  S0297          8.44%    passed     96.72%
 204  S1189          0.00%    passed     82.49%
 205  S0901          3.56%    passed     99.69%
 206  S1184          1.33%    passed     93.88%
 207  S0747sl        7.56%    passed     99.39%
 208  S0298          1.78%    passed     98.16%
 209  S1422          0.00%    passed     90.59%
 210  S0558          0.00%    passed     96.45%
 211  S0964          0.44%    passed     69.31%
 212  S0768          8.44%    passed     95.84%
 213  S0960          0.44%    passed     84.69%
 214  S0416          4.89%    passed     98.07%
 215  S1201sl        0.00%    passed     98.25%
 216  S0641          0.00%    passed     92.03%
 217  S1424          7.11%    passed     99.41%
 218  S1245          2.67%    passed     94.72%
 219  S1177          0.00%    passed     99.86%
 220  S1176          5.78%    passed     96.82%
 221  S1072          3.11%    passed     99.39%
 222  SRR8528399     4.00%    passed     99.33%
 223  S1074         10.22%    passed     74.69%
 224  S0959          0.00%    passed     93.45%
 225  S0851          8.44%    passed     94.36%
 226  S0718          0.44%    passed     87.76%
 227  S1278          0.00%    passed     93.03%
 228  S0654          0.00%    passed     97.57%
 229  S1276          6.22%    passed     98.69%
 230  S0717          7.56%    passed     89.89%
 231  S1270          8.89%    passed     96.11%
 232  S1039          0.44%    passed     99.17%
 233  S0552sl        0.00%    passed     80.23%
 234  S0288          0.00%    passed     97.39%
 235  S0286          1.78%    passed     99.97%
 236  S1077          7.11%    passed     82.52%
 237  S0280          0.00%    passed     88.91%
 238  S1498         12.89%    passed     99.21%
 239  S0282          0.00%    passed     92.03%
 240  S0283          0.89%    passed     98.00%
 241  S0647-2        4.44%    passed     99.99%
 242  SRR8528356     4.89%    passed     99.68%
 243  S0400          0.00%    passed     87.92%
 244  S_670          0.00%    passed     97.93%
 245  S0731sl        6.67%    passed     94.70%
 246  S0405          0.00%    passed     92.02%
 247  SRR11470320    0.00%    passed     96.45%
 248  S1269          0.44%    passed     96.86%
 249  S0727          5.33%    passed     98.42%
 250  S0726         10.22%    passed     98.83%
 251  S1541sl        5.78%    passed     85.16%
 252  SRR8528382     5.78%    passed     97.51%
 253  S0275          8.44%    passed     92.81%
 254  S0722          7.11%    passed     88.50%
 255  S0277         11.11%    passed     98.81%
 256  S0720          0.44%    passed     84.69%
 257  S0279          2.67%    passed     98.61%
 258  S0371          8.00%    passed     97.01%
 259  S1168          5.78%    passed     99.88%
 260  S0373          7.11%    passed     94.18%
 261  S0521         13.33%    passed     93.66%
 262  S1464          2.22%    passed     99.92%
 263  S0376          0.00%    passed     99.29%
 264  S0377          9.33%    passed     99.78%
 265  S1539          1.78%    passed     98.25%
 266  S1332          0.44%    passed     95.68%
 267  S1249          0.89%    passed     96.31%
 268  S0894          1.78%    passed     96.28%
 269  S1336          3.56%    passed     99.92%
 270  S1339          7.56%    passed     99.39%
 271  S1279          1.33%    passed     92.78%
 272  S0509          5.33%    passed     96.92%
 273  S0642          0.00%    passed     97.83%
 274  S0643          0.00%    passed     93.24%
 275  S1462          0.00%    passed     98.44%
 276  S1342          4.44%    passed     98.14%
 277  S1083          7.56%    passed     95.28%
 278  S1129sl        0.44%    passed     53.49%
 279  S1089          4.44%    passed     91.31%
****  TOTAL          4.01%  0 sequences failed composition chi2 test (p-value<5%; df=3)

Create initial parsimony tree by phylogenetic likelihood library (PLL)... 0.082 seconds
Generating 1000 samples for ultrafast bootstrap (seed: 659814)...

NOTE: 8 MB RAM (0 GB) is required!
Measuring multi-threading efficiency up to 48 CPU cores
Increase to 10 rounds for branch lengths
157 trees examined
Threads: 1 / Time: 48.164 sec / Speedup: 1.000 / Efficiency: 100% / LogL: -9231
Threads: 2 / Time: 66.093 sec / Speedup: 0.729 / Efficiency: 36% / LogL: -9231
BEST NUMBER OF THREADS: 1

Estimate model parameters (epsilon = 0.100)
1. Initial log-likelihood: -4592.760
2. Current log-likelihood: -4388.181
3. Current log-likelihood: -4384.462
4. Current log-likelihood: -4383.337
5. Current log-likelihood: -4382.657
6. Current log-likelihood: -4382.173
7. Current log-likelihood: -4381.803
8. Current log-likelihood: -4381.496
9. Current log-likelihood: -4381.316
10. Current log-likelihood: -4381.145
11. Current log-likelihood: -4380.988
12. Current log-likelihood: -4380.838
13. Current log-likelihood: -4380.695
14. Current log-likelihood: -4380.568
15. Current log-likelihood: -4380.459
Optimal log-likelihood: -4380.319
Rate parameters:  A-C: 1.31210  A-G: 3.10007  A-T: 1.02882  C-G: 1.06208  C-T: 5.48653  G-T: 1.00000
Base frequencies:  A: 0.314  C: 0.168  G: 0.237  T: 0.281
Site proportion and rates:  (0.526,0.114) (0.025,0.562) (0.278,1.253) (0.171,3.380)
Parameters optimization took 15 rounds (8.442 sec)
Computing ML distances based on estimated model parameters...
Computing ML distances took 2.762193 sec (of wall-clock time) 2.028000 sec(of CPU time)
Computing RapidNJ tree took 0.036023 sec (of wall-clock time) 0.044000 sec (of CPU time)
Log-likelihood of RapidNJ tree: -4502.357
--------------------------------------------------------------------
|             INITIALIZING CANDIDATE TREE SET                      |
--------------------------------------------------------------------
Generating 98 parsimony trees... 4.104 second
Computing log-likelihood of 98 initial trees ... 3.229 seconds
Current best score: -4350.613

Do NNI search on 20 best initial trees
Estimate model parameters (epsilon = 0.100)
BETTER TREE FOUND at iteration 1: -4334.904
Estimate model parameters (epsilon = 0.100)
BETTER TREE FOUND at iteration 2: -4333.772
Estimate model parameters (epsilon = 0.100)
BETTER TREE FOUND at iteration 3: -4317.309
Iteration 10 / LogL: -4328.621 / Time: 0h:2m:58s
Iteration 20 / LogL: -4326.789 / Time: 0h:3m:48s
Finish initializing candidate tree set (20)
Current best tree score: -4317.309 / CPU time: 102.149
Number of iterations: 20
--------------------------------------------------------------------
|               OPTIMIZING CANDIDATE TREE SET                      |
--------------------------------------------------------------------
Estimate model parameters (epsilon = 0.100)
BETTER TREE FOUND at iteration 21: -4306.426
Estimate model parameters (epsilon = 0.100)
BETTER TREE FOUND at iteration 26: -4302.310
Estimate model parameters (epsilon = 0.100)
BETTER TREE FOUND at iteration 29: -4300.668
Iteration 30 / LogL: -4315.744 / Time: 0h:4m:28s (0h:15m:16s left)
Estimate model parameters (epsilon = 0.100)
BETTER TREE FOUND at iteration 32: -4299.817
Estimate model parameters (epsilon = 0.100)
BETTER TREE FOUND at iteration 33: -4291.175
Estimate model parameters (epsilon = 0.100)
BETTER TREE FOUND at iteration 35: -4286.989
Estimate model parameters (epsilon = 0.100)
BETTER TREE FOUND at iteration 39: -4285.675
Iteration 40 / LogL: -4288.712 / Time: 0h:5m:6s (0h:12m:57s left)
Estimate model parameters (epsilon = 0.100)
BETTER TREE FOUND at iteration 41: -4284.937
Estimate model parameters (epsilon = 0.100)
BETTER TREE FOUND at iteration 45: -4281.654
Estimate model parameters (epsilon = 0.100)
BETTER TREE FOUND at iteration 50: -4277.185
Iteration 50 / LogL: -4277.185 / Time: 0h:5m:48s (0h:11m:51s left)
Log-likelihood cutoff on original alignment: -4362.795
Estimate model parameters (epsilon = 0.100)
BETTER TREE FOUND at iteration 59: -4275.907
Iteration 60 / LogL: -4276.474 / Time: 0h:6m:34s (0h:11m:1s left)
Estimate model parameters (epsilon = 0.100)
BETTER TREE FOUND at iteration 62: -4275.262
Iteration 70 / LogL: -4279.244 / Time: 0h:7m:16s (0h:9m:41s left)
Iteration 80 / LogL: -4278.543 / Time: 0h:7m:54s (0h:8m:12s left)
BETTER TREE FOUND at iteration 82: -4275.253
Iteration 90 / LogL: -4297.155 / Time: 0h:8m:31s (0h:8m:48s left)
Iteration 100 / LogL: -4276.615 / Time: 0h:9m:18s (0h:7m:42s left)
Log-likelihood cutoff on original alignment: -4362.795
NOTE: Bootstrap correlation coefficient of split occurrence frequencies: 0.932
NOTE: UFBoot does not converge, continue at least 100 more iterations
Estimate model parameters (epsilon = 0.100)
BETTER TREE FOUND at iteration 103: -4273.365
Estimate model parameters (epsilon = 0.100)
BETTER TREE FOUND at iteration 107: -4272.771
Iteration 110 / LogL: -4273.534 / Time: 0h:10m:5s (0h:8m:58s left)
Iteration 120 / LogL: -4285.079 / Time: 0h:10m:46s (0h:7m:52s left)
Iteration 130 / LogL: -4281.127 / Time: 0h:11m:23s (0h:6m:47s left)
Iteration 140 / LogL: -4276.855 / Time: 0h:12m:12s (0h:5m:53s left)
Estimate model parameters (epsilon = 0.100)
BETTER TREE FOUND at iteration 145: -4272.711
Iteration 150 / LogL: -4291.041 / Time: 0h:12m:57s (0h:8m:15s left)
Log-likelihood cutoff on original alignment: -4362.795
Iteration 160 / LogL: -4275.443 / Time: 0h:13m:47s (0h:7m:22s left)
Iteration 170 / LogL: -4280.494 / Time: 0h:14m:42s (0h:6m:31s left)
BETTER TREE FOUND at iteration 175: -4272.704
Iteration 180 / LogL: -4278.266 / Time: 0h:15m:27s (0h:8m:12s left)
Iteration 190 / LogL: -4273.786 / Time: 0h:16m:9s (0h:7m:16s left)
Iteration 200 / LogL: -4273.297 / Time: 0h:16m:55s (0h:6m:22s left)
Log-likelihood cutoff on original alignment: -4362.795
NOTE: Bootstrap correlation coefficient of split occurrence frequencies: 0.966
NOTE: UFBoot does not converge, continue at least 100 more iterations
BETTER TREE FOUND at iteration 207: -4272.697
Estimate model parameters (epsilon = 0.100)
BETTER TREE FOUND at iteration 209: -4272.655
Iteration 210 / LogL: -4275.431 / Time: 0h:18m:0s (0h:8m:31s left)
Estimate model parameters (epsilon = 0.100)
BETTER TREE FOUND at iteration 215: -4271.274
Iteration 220 / LogL: -4276.684 / Time: 0h:18m:47s (0h:8m:8s left)
Iteration 230 / LogL: -4279.813 / Time: 0h:19m:32s (0h:7m:15s left)
Iteration 240 / LogL: -4275.534 / Time: 0h:20m:32s (0h:6m:26s left)
Iteration 250 / LogL: -4274.344 / Time: 0h:21m:17s (0h:5m:33s left)
Log-likelihood cutoff on original alignment: -4362.795
Iteration 260 / LogL: -4275.599 / Time: 0h:22m:14s (0h:4m:43s left)
Iteration 270 / LogL: -4276.390 / Time: 0h:23m:0s (0h:3m:50s left)
Iteration 280 / LogL: -4280.425 / Time: 0h:23m:59s (0h:3m:0s left)
Estimate model parameters (epsilon = 0.100)
BETTER TREE FOUND at iteration 284: -4271.241
Iteration 290 / LogL: -4288.186 / Time: 0h:24m:52s (0h:8m:5s left)
Iteration 300 / LogL: -4271.270 / Time: 0h:25m:44s (0h:7m:13s left)
Log-likelihood cutoff on original alignment: -4362.795
NOTE: Bootstrap correlation coefficient of split occurrence frequencies: 0.965
NOTE: UFBoot does not converge, continue at least 100 more iterations
Iteration 310 / LogL: -4273.903 / Time: 0h:26m:27s (0h:7m:42s left)
Iteration 320 / LogL: -4272.357 / Time: 0h:27m:27s (0h:6m:53s left)
Iteration 330 / LogL: -4279.122 / Time: 0h:28m:19s (0h:6m:1s left)
Iteration 340 / LogL: -4278.090 / Time: 0h:29m:19s (0h:5m:11s left)
Iteration 350 / LogL: -4293.958 / Time: 0h:30m:9s (0h:4m:19s left)
Log-likelihood cutoff on original alignment: -4362.795
Iteration 360 / LogL: -4272.421 / Time: 0h:31m:7s (0h:3m:28s left)
Iteration 370 / LogL: -4271.264 / Time: 0h:32m:1s (0h:2m:36s left)
Iteration 380 / LogL: -4273.221 / Time: 0h:32m:47s (0h:1m:43s left)
Iteration 390 / LogL: -4280.450 / Time: 0h:33m:48s (0h:0m:52s left)
BETTER TREE FOUND at iteration 398: -4271.235
Iteration 400 / LogL: -4271.852 / Time: 0h:34m:45s (0h:8m:32s left)
Log-likelihood cutoff on original alignment: -4362.795
NOTE: Bootstrap correlation coefficient of split occurrence frequencies: 0.975
NOTE: UFBoot does not converge, continue at least 100 more iterations
Iteration 410 / LogL: -4271.258 / Time: 0h:35m:40s (0h:7m:50s left)
Iteration 420 / LogL: -4277.126 / Time: 0h:36m:43s (0h:7m:0s left)
Iteration 430 / LogL: -4274.936 / Time: 0h:37m:53s (0h:6m:10s left)
Iteration 440 / LogL: -4274.951 / Time: 0h:38m:50s (0h:5m:18s left)
Iteration 450 / LogL: -4349.428 / Time: 0h:39m:48s (0h:4m:25s left)
Log-likelihood cutoff on original alignment: -4362.795
Iteration 460 / LogL: -4275.201 / Time: 0h:40m:56s (0h:3m:34s left)
Estimate model parameters (epsilon = 0.100)
BETTER TREE FOUND at iteration 469: -4270.884
Iteration 470 / LogL: -4273.558 / Time: 0h:42m:2s (0h:8m:52s left)
Iteration 480 / LogL: -4280.099 / Time: 0h:43m:14s (0h:8m:1s left)
Iteration 490 / LogL: -4283.036 / Time: 0h:44m:8s (0h:7m:7s left)
Iteration 500 / LogL: -4285.289 / Time: 0h:45m:19s (0h:6m:16s left)
Log-likelihood cutoff on original alignment: -4362.795
NOTE: Bootstrap correlation coefficient of split occurrence frequencies: 0.983
NOTE: UFBoot does not converge, continue at least 100 more iterations
Estimate model parameters (epsilon = 0.100)
BETTER TREE FOUND at iteration 510: -4270.743
Iteration 510 / LogL: -4270.743 / Time: 0h:46m:42s (0h:9m:10s left)
Iteration 520 / LogL: -4273.498 / Time: 0h:47m:44s (0h:8m:16s left)
Iteration 530 / LogL: -4276.321 / Time: 0h:48m:45s (0h:7m:22s left)
Estimate model parameters (epsilon = 0.100)
BETTER TREE FOUND at iteration 535: -4270.591
Iteration 540 / LogL: -4270.901 / Time: 0h:49m:57s (0h:8m:48s left)
Iteration 550 / LogL: -4287.769 / Time: 0h:50m:57s (0h:7m:53s left)
Log-likelihood cutoff on original alignment: -4362.795
Iteration 560 / LogL: -4284.059 / Time: 0h:52m:8s (0h:6m:59s left)
Iteration 570 / LogL: -4279.111 / Time: 0h:53m:29s (0h:6m:6s left)
Iteration 580 / LogL: -4288.016 / Time: 0h:54m:36s (0h:5m:11s left)
Estimate model parameters (epsilon = 0.100)
BETTER TREE FOUND at iteration 581: -4267.608
Iteration 590 / LogL: -4271.676 / Time: 0h:55m:58s (0h:8m:38s left)
Iteration 600 / LogL: -4335.495 / Time: 0h:57m:8s (0h:7m:43s left)
Log-likelihood cutoff on original alignment: -4362.795
NOTE: Bootstrap correlation coefficient of split occurrence frequencies: 0.974
NOTE: UFBoot does not converge, continue at least 100 more iterations
Iteration 610 / LogL: -4271.893 / Time: 0h:58m:32s (0h:8m:39s left)
BETTER TREE FOUND at iteration 614: -4267.607
Iteration 620 / LogL: -4279.116 / Time: 0h:59m:44s (0h:9m:4s left)
BETTER TREE FOUND at iteration 629: -4267.600
Iteration 630 / LogL: -4336.315 / Time: 1h:1m:0s (0h:9m:36s left)
Iteration 640 / LogL: -4325.747 / Time: 1h:2m:23s (0h:8m:41s left)
Iteration 650 / LogL: -4267.612 / Time: 1h:3m:42s (0h:7m:45s left)
Log-likelihood cutoff on original alignment: -4362.795
Estimate model parameters (epsilon = 0.100)
BETTER TREE FOUND at iteration 651: -4267.571
BETTER TREE FOUND at iteration 654: -4267.570
Iteration 660 / LogL: -4271.527 / Time: 1h:5m:23s (0h:9m:19s left)
Iteration 670 / LogL: -4282.527 / Time: 1h:6m:46s (0h:8m:23s left)
Estimate model parameters (epsilon = 0.100)
BETTER TREE FOUND at iteration 672: -4267.438
Iteration 680 / LogL: -4284.775 / Time: 1h:7m:57s (0h:9m:12s left)
Iteration 690 / LogL: -4279.840 / Time: 1h:9m:17s (0h:8m:14s left)
Iteration 700 / LogL: -4277.773 / Time: 1h:10m:45s (0h:7m:17s left)
Log-likelihood cutoff on original alignment: -4362.795
NOTE: Bootstrap correlation coefficient of split occurrence frequencies: 0.960
NOTE: UFBoot does not converge, continue at least 100 more iterations
Iteration 710 / LogL: -4274.964 / Time: 1h:12m:0s (0h:9m:8s left)
Iteration 720 / LogL: -4270.889 / Time: 1h:13m:15s (0h:8m:9s left)
Iteration 730 / LogL: -4280.251 / Time: 1h:14m:31s (0h:7m:9s left)
Estimate model parameters (epsilon = 0.100)
BETTER TREE FOUND at iteration 731: -4267.390
BETTER TREE FOUND at iteration 739: -4267.384
Iteration 740 / LogL: -4267.667 / Time: 1h:15m:48s (0h:10m:9s left)
Estimate model parameters (epsilon = 0.100)
BETTER TREE FOUND at iteration 747: -4267.354
Iteration 750 / LogL: -4268.159 / Time: 1h:17m:13s (0h:10m:0s left)
Log-likelihood cutoff on original alignment: -4362.795
Iteration 760 / LogL: -4273.791 / Time: 1h:18m:51s (0h:9m:2s left)
Iteration 770 / LogL: -4269.223 / Time: 1h:20m:11s (0h:8m:1s left)
Iteration 780 / LogL: -4274.619 / Time: 1h:21m:26s (0h:7m:0s left)
Iteration 790 / LogL: -4267.375 / Time: 1h:22m:53s (0h:5m:59s left)
Iteration 800 / LogL: -4276.575 / Time: 1h:24m:10s (0h:4m:57s left)
Log-likelihood cutoff on original alignment: -4362.795
NOTE: Bootstrap correlation coefficient of split occurrence frequencies: 0.957
NOTE: UFBoot does not converge, continue at least 100 more iterations
Iteration 810 / LogL: -4273.370 / Time: 1h:25m:28s (0h:9m:30s left)
Iteration 820 / LogL: -4271.768 / Time: 1h:26m:45s (0h:8m:28s left)
Iteration 830 / LogL: -4267.786 / Time: 1h:28m:19s (0h:7m:27s left)
Iteration 840 / LogL: -4281.448 / Time: 1h:29m:45s (0h:6m:25s left)
Iteration 850 / LogL: -4267.360 / Time: 1h:31m:2s (0h:5m:21s left)
Log-likelihood cutoff on original alignment: -4362.795
Iteration 860 / LogL: -4280.331 / Time: 1h:32m:26s (0h:4m:18s left)
Iteration 870 / LogL: -4272.334 / Time: 1h:33m:48s (0h:3m:14s left)
Iteration 880 / LogL: -4273.955 / Time: 1h:35m:4s (0h:2m:9s left)
Iteration 890 / LogL: -4271.272 / Time: 1h:36m:30s (0h:1m:5s left)
Iteration 900 / LogL: -4267.836 / Time: 1h:37m:57s (0h:0m:0s left)
Log-likelihood cutoff on original alignment: -4362.795
NOTE: Bootstrap correlation coefficient of split occurrence frequencies: 0.958
NOTE: UFBoot does not converge, continue at least 100 more iterations
Iteration 910 / LogL: -4267.363 / Time: 1h:39m:23s (0h:9m:50s left)
BETTER TREE FOUND at iteration 918: -4267.352
Iteration 920 / LogL: -4275.207 / Time: 1h:40m:52s (0h:10m:45s left)
Iteration 930 / LogL: -4283.391 / Time: 1h:42m:26s (0h:9m:42s left)
Iteration 940 / LogL: -4286.805 / Time: 1h:43m:19s (0h:8m:34s left)
Iteration 950 / LogL: -4284.155 / Time: 1h:44m:37s (0h:7m:29s left)
Log-likelihood cutoff on original alignment: -4362.795
Iteration 960 / LogL: -4274.598 / Time: 1h:46m:12s (0h:6m:25s left)
Iteration 970 / LogL: -4293.203 / Time: 1h:47m:32s (0h:5m:19s left)
Iteration 980 / LogL: -4273.961 / Time: 1h:48m:57s (0h:4m:13s left)
Iteration 990 / LogL: -4268.372 / Time: 1h:50m:18s (0h:3m:7s left)
Iteration 1000 / LogL: -4275.368 / Time: 1h:51m:19s (0h:2m:0s left)
Log-likelihood cutoff on original alignment: -4362.795
NOTE: Bootstrap correlation coefficient of split occurrence frequencies: 0.951
NOTE: UFBoot does not converge, continue at least 100 more iterations
WARNING: bootstrap analysis did not converge. You should rerun with higher number of iterations (-nm option)
TREE SEARCH COMPLETED AFTER 1001 ITERATIONS / Time: 1h:51m:28s

--------------------------------------------------------------------
|                    FINALIZING TREE SEARCH                        |
--------------------------------------------------------------------
Performs final model parameters optimization
Estimate model parameters (epsilon = 0.010)
1. Initial log-likelihood: -4267.352
Optimal log-likelihood: -4267.340
Rate parameters:  A-C: 1.53806  A-G: 4.05703  A-T: 1.19340  C-G: 1.23489  C-T: 6.17485  G-T: 1.00000
Base frequencies:  A: 0.314  C: 0.168  G: 0.237  T: 0.281
Site proportion and rates:  (0.474,0.076) (0.269,0.831) (0.236,2.597) (0.021,6.051)
Parameters optimization took 1 rounds (0.705 sec)
BEST SCORE FOUND : -4267.340
Creating bootstrap support values...
Split supports printed to NEXUS file results_assessment_saturation_and_clocklikeliness/results_iqtree_gene_trees/result_5G03430_iqtree.splits.nex
Total tree length: 3.509

Total number of iterations: 1001
CPU time used for tree search: 5120.660 sec (1h:25m:20s)
Wall-clock time used for tree search: 6561.770 sec (1h:49m:21s)
Total CPU time used: 5270.356 sec (1h:27m:50s)
Total wall-clock time used: 6692.242 sec (1h:51m:32s)

Computing bootstrap consensus tree...
Reading input file results_assessment_saturation_and_clocklikeliness/results_iqtree_gene_trees/result_5G03430_iqtree.splits.nex...
279 taxa and 9710 splits.
Consensus tree written to results_assessment_saturation_and_clocklikeliness/results_iqtree_gene_trees/result_5G03430_iqtree.contree
Reading input trees file results_assessment_saturation_and_clocklikeliness/results_iqtree_gene_trees/result_5G03430_iqtree.contree
Log-likelihood of consensus tree: -4267.407

Analysis results written to: 
  IQ-TREE report:                results_assessment_saturation_and_clocklikeliness/results_iqtree_gene_trees/result_5G03430_iqtree.iqtree
  Maximum-likelihood tree:       results_assessment_saturation_and_clocklikeliness/results_iqtree_gene_trees/result_5G03430_iqtree.treefile
  Likelihood distances:          results_assessment_saturation_and_clocklikeliness/results_iqtree_gene_trees/result_5G03430_iqtree.mldist

Ultrafast bootstrap approximation results written to:
  Split support values:          results_assessment_saturation_and_clocklikeliness/results_iqtree_gene_trees/result_5G03430_iqtree.splits.nex
  Consensus tree:                results_assessment_saturation_and_clocklikeliness/results_iqtree_gene_trees/result_5G03430_iqtree.contree
  Screen log file:               results_assessment_saturation_and_clocklikeliness/results_iqtree_gene_trees/result_5G03430_iqtree.log

Date and Time: Wed Mar 30 06:29:16 2022
