IQ-TREE multicore version 2.1.3 COVID-edition for Linux 64-bit built Apr 21 2021
Developed by Bui Quang Minh, James Barbetti, Nguyen Lam Tung,
Olga Chernomor, Heiko Schmidt, Dominik Schrempf, Michael Woodhams.

Host:    hpc-high-memory-multi-user (AVX2, FMA3, 1007 GB RAM)
Command: /home/kasper.hendriks/iqtree-2.1.3-Linux/bin/iqtree2 -s results_assessment_saturation_and_clocklikeliness/input_gene_alignments_cleaned/5G60450_cleaned.fasta -B 1000 -nm 1000 -m GTR+F+R -nt AUTO --prefix results_assessment_saturation_and_clocklikeliness/results_iqtree_gene_trees/result_5G60450_iqtree
Seed:    10344 (Using SPRNG - Scalable Parallel Random Number Generator)
Time:    Wed Mar 30 10:02:11 2022
Kernel:  AVX+FMA - auto-detect threads (48 CPU cores detected)

Reading alignment file results_assessment_saturation_and_clocklikeliness/input_gene_alignments_cleaned/5G60450_cleaned.fasta ... Fasta format detected
Alignment most likely contains DNA/RNA sequences
Alignment has 317 sequences with 283 columns, 267 distinct patterns
180 parsimony-informative, 35 singleton sites, 68 constant sites
               Gap/Ambiguity  Composition  p-value
   1  S0278            0.71%    passed     78.12%
   2  SRR8528389       0.00%    passed     97.28%
   3  S0946            2.12%    passed     99.68%
   4  S0436            3.89%    passed     90.78%
   5  S0435            5.30%    passed     98.27%
   6  S1103            0.35%    passed     99.60%
   7  S1114-2          5.30%    passed     97.47%
   8  S0941            4.95%    passed     77.97%
   9  S0430            3.18%    passed     65.30%
  10  SRR8528391       0.00%    passed     99.43%
  11  S0732            2.47%    passed     95.14%
  12  S0735            0.00%    passed     46.50%
  13  S0403sl         13.07%    passed     30.36%
  14  SRR8528397       0.00%    passed     99.65%
  15  S0739            0.71%    passed     96.77%
  16  S0268            0.71%    passed     87.73%
  17  S1328sl          1.06%    passed     87.06%
  18  SRR8528373       2.12%    passed     17.75%
  19  SRR8528388       5.65%    passed     72.72%
  20  SRR8528364       8.13%    passed     88.41%
  21  SRR8528338       0.00%    passed     97.46%
  22  S0196sl          0.00%    passed     95.47%
  23  S1442           10.25%    passed     73.86%
  24  S0305            0.71%    passed     70.42%
  25  SRR8528336       0.00%    passed     96.23%
  26  S0301            0.00%    passed     86.12%
  27  S0300            2.83%    passed     99.01%
  28  S0303            3.18%    passed     91.63%
  29  S0385            0.35%    passed     97.56%
  30  S0384            2.47%    passed     98.76%
  31  S1095           12.01%    passed     74.74%
  32  S0380            8.48%    passed     91.60%
  33  S0383            1.06%    passed     98.07%
  34  PAFTOL_019361    6.01%    passed     52.33%
  35  S0949            1.06%    passed     97.24%
  36  S1098           10.60%    passed     94.68%
  37  S0895            0.35%    passed     99.35%
  38  S0745            1.06%    passed     73.00%
  39  S0896            1.06%    passed     97.75%
  40  S0959            0.00%    passed     99.70%
  41  S0893            6.36%    passed     66.42%
  42  S0892            6.71%    passed     48.96%
  43  S0954            2.83%    passed     29.43%
  44  S0421            0.71%    passed     74.83%
  45  S1262            9.19%    passed     97.31%
  46  S0424            0.35%    passed     91.21%
  47  S1408            2.47%    passed     88.50%
  48  S0427            0.00%    passed     95.09%
  49  S1148            2.12%    passed     53.69%
  50  S1220            6.71%    passed     57.06%
  51  S0509            0.71%    passed     88.73%
  52  S1227            0.00%    passed     92.90%
  53  S0741            0.00%    passed     97.69%
  54  S1376            0.00%    passed     95.02%
  55  S1519            7.07%    passed     93.66%
  56  S0740            9.19%    passed     87.03%
  57  S0583            4.59%    passed     94.16%
  58  S1506           16.25%    passed     24.27%
  59  PAFTOL_023513   16.25%    passed     97.63%
  60  S0746            1.41%    passed     91.71%
  61  PAFTOL_023515    0.00%    passed     91.66%
  62  S0655sl          1.06%    passed     76.85%
  63  S0742            0.00%    passed     99.53%
  64  PAFTOL_023519    9.54%    passed     23.95%
  65  S0317            7.42%    passed     91.86%
  66  S0620            8.48%    passed     50.00%
  67  S0315            3.89%    passed     93.36%
  68  S0312            2.47%    passed     91.66%
  69  S0748            3.53%    passed     85.71%
  70  S1458           22.61%    passed     44.16%
  71  S1459            4.95%    passed     98.66%
  72  S1541sl          7.77%    passed     91.97%
  73  SRR8528400       0.00%    passed     97.46%
  74  S1021            1.06%    passed     46.41%
  75  SRR8528343       2.12%    passed     98.29%
  76  S1251            0.35%    passed     88.16%
  77  S1250sl          1.77%    passed     76.95%
  78  S0689            0.00%    passed     95.98%
  79  S1319            0.35%    passed     82.39%
  80  S1011sl          5.30%    passed     66.26%
  81  S1561            4.24%    passed     89.80%
  82  S0691            1.77%    passed     81.83%
  83  S0690            0.35%    passed     92.40%
  84  S0617           10.95%    passed     67.91%
  85  S0616            0.35%    passed     92.92%
  86  S1230            0.35%    passed     75.28%
  87  S0612            1.77%    passed     91.19%
  88  S1234            0.71%    passed     54.58%
  89  S1369            0.71%    passed     95.76%
  90  S1509            7.07%    passed     84.80%
  91  S1239            0.00%    passed     84.52%
  92  S1038            0.00%    passed     97.25%
  93  S0450            3.18%    passed     90.36%
  94  S1229-2          0.71%    passed     98.85%
  95  S0756            0.00%    passed     99.97%
  96  S0757            4.95%    passed     96.50%
  97  S0329            0.00%    passed     97.69%
  98  S1460            1.06%    passed     99.54%
  99  S0752           20.14%    passed     69.93%
 100  SRR8528350       0.00%    passed     87.76%
 101  S0751            3.89%    passed     99.64%
 102  S0323            8.13%    passed     91.72%
 103  S1341            8.13%    passed     22.50%
 104  S0055            0.35%    passed     96.95%
 105  S0591            1.06%    passed     89.71%
 106  S1210            0.00%    passed     79.30%
 107  S0593            0.00%    passed     86.18%
 108  S1188            1.77%    passed     69.90%
 109  S1214sl          0.00%    passed     95.79%
 110  S1235sl          1.06%    passed     96.58%
 111  S1189            0.00%    passed     94.22%
 112  S0688            0.00%    passed     92.58%
 113  S0560            7.07%    passed     93.55%
 114  S0562            3.89%    passed     87.72%
 115  S1498            0.00%    passed     51.60%
 116  S1053sl          4.95%    passed     97.50%
 117  S1238sl          0.35%    passed     99.43%
 118  S1106sl          8.83%    passed     97.79%
 119  S1119            3.89%    passed     92.81%
 120  S1232sl          1.06%    passed     52.43%
 121  S1040            8.13%    passed     97.34%
 122  S1375            2.12%    passed     97.72%
 123  S1374            2.12%    passed     64.51%
 124  S1045            8.83%    passed     94.71%
 125  S1044            8.83%    passed     90.57%
 126  S1371            5.65%    passed     98.86%
 127  S1370            0.00%    passed     92.06%
 128  S1204            2.12%    passed     94.60%
 129  S0728sl         24.38%    passed     99.61%
 130  SRR8528359       1.06%    passed     94.26%
 131  S0308            0.00%    passed     81.61%
 132  S0763            0.00%    passed     92.90%
 133  SRR8528381       7.42%    passed     12.82%
 134  SRR8528347       0.00%    passed     85.22%
 135  S0760            0.00%    passed     98.37%
 136  SRR8528341       0.00%    passed     93.77%
 137  S0766            0.35%    passed     85.20%
 138  S0765            0.35%    passed     87.77%
 139  S0764            0.35%    passed     95.42%
 140  S1474            1.41%    passed     74.58%
 141  S0613sl          0.00%    passed     98.67%
 142  S1579            2.83%    passed     93.86%
 143  S0660sl         12.72%    passed     45.82%
 144  S1120            7.77%    passed     79.22%
 145  S1121            4.95%    passed     79.93%
 146  S1401            3.89%    passed     74.17%
 147  SRR8528382       6.01%    passed     99.70%
 148  S1102            4.24%    passed     65.53%
 149  S0762-2          3.89%    passed     99.26%
 150  S0724sl          3.53%    passed     77.25%
 151  SRR8528385       7.77%    passed     96.43%
 152  S0947sl          5.65%    passed     94.48%
 153  SRR8528384       0.00%    passed     86.51%
 154  S1266sl          3.53%    passed     80.37%
 155  S1093sl          3.18%    passed     99.61%
 156  S1110            0.35%    passed     69.70%
 157  S0412sl          0.00%    passed     87.16%
 158  S1117            8.48%    passed     96.13%
 159  S1449            0.00%    passed     97.14%
 160  S1116            0.00%    passed     88.87%
 161  SRR8528379       0.00%    passed     97.90%
 162  S1050            5.30%    passed     99.14%
 163  S0791            0.71%    passed     98.19%
 164  S0345           19.43%    passed     97.73%
 165  S1365            7.07%    passed     93.47%
 166  S1366            0.71%    passed     92.29%
 167  S0346           10.25%    passed     99.45%
 168  S1201sl          0.00%    passed     96.17%
 169  S1211            0.00%    passed     99.65%
 170  SRR8528372       0.00%    passed     99.14%
 171  S1213            0.71%    passed     54.52%
 172  SRR8528376       2.47%    passed     97.03%
 173  S1096            8.83%    passed     96.24%
 174  S0677            0.71%    passed     83.59%
 175  S1118            9.54%    passed     92.49%
 176  S0671            4.24%    passed     99.93%
 177  S0670            3.18%    passed     90.95%
 178  S0673            0.00%    passed     92.71%
 179  S0672            1.77%    passed     97.70%
 180  S1113            4.59%    passed     84.56%
 181  S1400            5.30%    passed     99.48%
 182  S1111            7.77%    passed     91.67%
 183  S0795            0.00%    passed     98.99%
 184  S0770            0.00%    passed     96.59%
 185  S0771            0.00%    passed     98.25%
 186  S0772            8.83%    passed     54.71%
 187  SRR8528354       0.35%    passed     55.89%
 188  S1428            4.24%    passed     29.27%
 189  S0721sl          0.35%    passed     99.64%
 190  S0733sl          2.47%    passed     40.91%
 191  SRR8528357       0.00%    passed     96.68%
 192  S0836            6.01%    passed     98.32%
 193  S0834            2.83%    passed     95.46%
 194  S0464            6.01%    passed     85.05%
 195  SRR8528394       0.00%    passed     96.49%
 196  S1223            0.71%    passed     57.21%
 197  S1258-2          0.35%    passed     98.74%
 198  S0547            2.83%    passed     99.92%
 199  S1318-2          3.53%    passed     98.23%
 200  S1246            0.00%    passed     78.31%
 201  SRR8528370       0.00%    passed     84.22%
 202  S1052sl         19.43%    passed     73.69%
 203  SRR8528339       1.41%    passed     84.38%
 204  S1100            0.35%    passed     56.68%
 205  S0888            0.00%    passed     87.79%
 206  S1069            0.00%    passed     58.52%
 207  S0355            3.18%    passed     89.83%
 208  SRR8528365       0.00%    passed     89.91%
 209  S1221sl          8.83%    passed     93.34%
 210  S1181-2          5.65%    passed     92.91%
 211  SRR8528361       0.00%    passed     77.49%
 212  S1315            0.00%    passed     80.69%
 213  S0667            5.30%    passed     65.66%
 214  S0664           20.14%    passed     95.46%
 215  S1419            3.18%    passed     96.15%
 216  S0662            3.53%    passed     65.34%
 217  S1128            0.35%    passed     78.28%
 218  S0989            0.71%    passed     93.75%
 219  SRR8528342       0.00%    passed     95.02%
 220  S1261            0.00%    passed     46.50%
 221  S1260            0.00%    passed     94.67%
 222  S0669            3.89%    passed     50.07%
 223  S0293            0.00%    passed     87.09%
 224  S0292            0.71%    passed     95.73%
 225  S0904            4.59%    passed     98.17%
 226  S0903            0.35%    passed     97.91%
 227  S0902           13.78%    passed     83.39%
 228  S0901            2.12%    passed     64.70%
 229  S0294            0.71%    passed     86.30%
 230  S1184            1.06%    passed     67.82%
 231  S0747sl          2.47%    passed     85.67%
 232  S0299            0.00%    passed     84.69%
 233  S0298            6.36%    passed     98.57%
 234  S1180            0.00%    passed     49.80%
 235  S1339            3.53%    passed     36.12%
 236  S1182            0.35%    passed     14.35%
 237  S1422            0.00%    passed     89.72%
 238  S0558            0.00%    passed     95.47%
 239  S0964            0.71%    passed     92.54%
 240  SRR8528358       0.35%    passed     72.79%
 241  S0768            7.07%    passed     99.74%
 242  S0960            0.00%    passed     86.42%
 243  S0417            0.71%    passed     97.38%
 244  S0416            1.06%    passed     99.15%
 245  S0419            0.00%    passed     98.37%
 246  S1354            4.24%    passed     59.20%
 247  S1176            2.12%    passed     98.24%
 248  S1269            3.18%    passed     74.77%
 249  S0555           10.95%    passed     34.66%
 250  S0645sl          1.06%    passed     33.11%
 251  S0906            0.35%    passed     99.05%
 252  S1424            4.95%    passed     97.19%
 253  S1245            0.00%    passed     86.42%
 254  S1177            0.00%    passed     98.37%
 255  S0420sl          5.65%    passed     12.89%
 256  S1072            9.54%    passed     97.35%
 257  SRR8528399       0.35%    passed     99.04%
 258  S1074            0.00%    passed     99.41%
 259  SRR8528398       0.00%    passed     80.41%
 260  S1388           12.37%    passed     61.55%
 261  S1077            0.35%    passed     61.75%
 262  S0851            6.36%    passed     58.87%
 263  S0718            2.83%    passed     99.90%
 264  S0657            0.35%    passed     63.69%
 265  S1278            0.00%    passed     97.46%
 266  S1279            2.12%    passed     95.26%
 267  S1276            3.18%    passed     80.88%
 268  S0717            8.48%    passed     78.62%
 269  S1270            9.19%    passed     99.90%
 270  S1039            9.19%    passed     98.01%
 271  S0552sl          0.71%    passed     93.73%
 272  S0289            0.35%    passed     91.74%
 273  S0285            2.47%    passed     95.39%
 274  S1381            0.00%    passed     98.89%
 275  S0280            0.00%    passed     97.90%
 276  S0281            0.00%    passed     95.79%
 277  S0282            0.71%    passed     93.20%
 278  S0283            3.89%    passed     99.39%
 279  S0647-2          8.13%    passed     99.44%
 280  SRR8528356       8.13%    passed     31.06%
 281  S0400            0.71%    passed     93.20%
 282  S_670            1.77%    passed     96.50%
 283  S0405            0.35%    passed     93.32%
 284  SRR11470320      0.00%    passed     35.81%
 285  S0899            0.35%    passed     58.93%
 286  S1097            9.19%    passed     94.99%
 287  S0754            8.83%    passed     95.43%
 288  S0727            9.89%    passed     97.86%
 289  SRR8528380       0.71%    passed     93.36%
 290  S1314            3.89%    passed     72.66%
 291  S1407            5.30%    passed     97.52%
 292  S0275            1.41%    passed     98.30%
 293  S0722            7.07%    passed     99.48%
 294  S0277            3.18%    passed     93.70%
 295  S0720            0.00%    passed     99.93%
 296  S0279            4.24%    passed     95.49%
 297  S0371            8.83%    passed     96.54%
 298  S1168            7.42%    passed     84.39%
 299  S0373            8.48%    passed     96.07%
 300  S0521            6.71%    passed     97.52%
 301  S0376            0.35%    passed     96.18%
 302  S0377            3.18%    passed     51.88%
 303  S1539            0.00%    passed     92.07%
 304  S1332            0.00%    passed     88.87%
 305  S1331            4.95%    passed     77.87%
 306  S0894            0.35%    passed     92.53%
 307  S1336            1.77%    passed     99.13%
 308  S1241            9.19%    passed     97.04%
 309  S1464            9.19%    passed     94.36%
 310  S0641            0.00%    passed     99.65%
 311  S0642            4.95%    passed     93.00%
 312  S0643            0.35%    passed     94.26%
 313  S1462            0.00%    passed     98.37%
 314  S1342            5.65%    passed     12.89%
 315  S1083            0.00%    passed     51.60%
 316  S1129sl          2.47%    passed     94.21%
 317  S1089            0.35%    passed     98.43%
****  TOTAL            3.37%  0 sequences failed composition chi2 test (p-value<5%; df=3)
NOTE: S1261 is identical to S0735 but kept for subsequent analysis
NOTE: S0763 is identical to S1227 but kept for subsequent analysis
NOTE: S1083 is identical to S1498 but kept for subsequent analysis
NOTE: S1462 is identical to S0760 but kept for subsequent analysis
NOTE: S1342 is identical to S0420sl but kept for subsequent analysis

Create initial parsimony tree by phylogenetic likelihood library (PLL)... 0.071 seconds
Generating 1000 samples for ultrafast bootstrap (seed: 10344)...

NOTE: 12 MB RAM (0 GB) is required!
Measuring multi-threading efficiency up to 48 CPU cores
Increase to 10 rounds for branch lengths
109 trees examined
Threads: 1 / Time: 48.436 sec / Speedup: 1.000 / Efficiency: 100% / LogL: -20596
Threads: 2 / Time: 61.840 sec / Speedup: 0.783 / Efficiency: 39% / LogL: -20596
BEST NUMBER OF THREADS: 1

Estimate model parameters (epsilon = 0.100)
1. Initial log-likelihood: -11060.828
2. Current log-likelihood: -10753.488
3. Current log-likelihood: -10748.107
4. Current log-likelihood: -10745.966
5. Current log-likelihood: -10743.984
6. Current log-likelihood: -10742.225
7. Current log-likelihood: -10740.525
8. Current log-likelihood: -10739.003
9. Current log-likelihood: -10737.654
10. Current log-likelihood: -10736.461
11. Current log-likelihood: -10735.468
12. Current log-likelihood: -10734.509
13. Current log-likelihood: -10733.532
14. Current log-likelihood: -10732.494
15. Current log-likelihood: -10731.418
16. Current log-likelihood: -10730.378
17. Current log-likelihood: -10729.477
18. Current log-likelihood: -10728.861
19. Current log-likelihood: -10728.470
20. Current log-likelihood: -10728.099
21. Current log-likelihood: -10727.787
22. Current log-likelihood: -10727.609
23. Current log-likelihood: -10727.349
24. Current log-likelihood: -10727.210
25. Current log-likelihood: -10727.077
26. Current log-likelihood: -10726.954
27. Current log-likelihood: -10726.842
28. Current log-likelihood: -10726.739
Optimal log-likelihood: -10726.585
Rate parameters:  A-C: 1.15759  A-G: 4.15548  A-T: 1.74608  C-G: 1.55006  C-T: 3.13579  G-T: 1.00000
Base frequencies:  A: 0.214  C: 0.251  G: 0.186  T: 0.349
Site proportion and rates:  (0.443,0.106) (0.334,0.922) (0.193,2.545) (0.030,5.167)
Parameters optimization took 28 rounds (27.587 sec)
Computing ML distances based on estimated model parameters...
Computing ML distances took 2.912753 sec (of wall-clock time) 1.800000 sec(of CPU time)
Computing RapidNJ tree took 0.018018 sec (of wall-clock time) 0.036000 sec (of CPU time)
Log-likelihood of RapidNJ tree: -10928.517
--------------------------------------------------------------------
|             INITIALIZING CANDIDATE TREE SET                      |
--------------------------------------------------------------------
Generating 98 parsimony trees... 6.492 second
Computing log-likelihood of 98 initial trees ... 7.903 seconds
Current best score: -10694.475

Do NNI search on 20 best initial trees
Estimate model parameters (epsilon = 0.100)
BETTER TREE FOUND at iteration 1: -10678.087
Estimate model parameters (epsilon = 0.100)
BETTER TREE FOUND at iteration 2: -10657.923
Estimate model parameters (epsilon = 0.100)
BETTER TREE FOUND at iteration 4: -10654.420
Estimate model parameters (epsilon = 0.100)
BETTER TREE FOUND at iteration 7: -10647.960
Iteration 10 / LogL: -10659.505 / Time: 0h:3m:36s
Iteration 20 / LogL: -10677.887 / Time: 0h:4m:39s
Finish initializing candidate tree set (20)
Current best tree score: -10647.960 / CPU time: 137.988
Number of iterations: 20
--------------------------------------------------------------------
|               OPTIMIZING CANDIDATE TREE SET                      |
--------------------------------------------------------------------
Estimate model parameters (epsilon = 0.100)
BETTER TREE FOUND at iteration 21: -10645.115
Estimate model parameters (epsilon = 0.100)
BETTER TREE FOUND at iteration 27: -10640.800
Iteration 30 / LogL: -10648.429 / Time: 0h:5m:23s (0h:18m:2s left)
Estimate model parameters (epsilon = 0.100)
BETTER TREE FOUND at iteration 40: -10632.347
Iteration 40 / LogL: -10632.347 / Time: 0h:6m:15s (0h:16m:3s left)
Estimate model parameters (epsilon = 0.100)
BETTER TREE FOUND at iteration 47: -10625.800
Iteration 50 / LogL: -10659.263 / Time: 0h:7m:13s (0h:14m:18s left)
Log-likelihood cutoff on original alignment: -10715.036
Estimate model parameters (epsilon = 0.100)
BETTER TREE FOUND at iteration 52: -10624.296
Iteration 60 / LogL: -10637.556 / Time: 0h:8m:6s (0h:12m:37s left)
Estimate model parameters (epsilon = 0.100)
BETTER TREE FOUND at iteration 68: -10623.122
Iteration 70 / LogL: -10635.979 / Time: 0h:9m:0s (0h:12m:48s left)
Estimate model parameters (epsilon = 0.100)
BETTER TREE FOUND at iteration 71: -10621.404
Iteration 80 / LogL: -10625.727 / Time: 0h:9m:48s (0h:11m:17s left)
Iteration 90 / LogL: -10636.805 / Time: 0h:10m:31s (0h:9m:35s left)
Estimate model parameters (epsilon = 0.100)
BETTER TREE FOUND at iteration 100: -10618.578
Iteration 100 / LogL: -10618.578 / Time: 0h:11m:23s (0h:11m:30s left)
Log-likelihood cutoff on original alignment: -10715.036
NOTE: Bootstrap correlation coefficient of split occurrence frequencies: 0.983
NOTE: UFBoot does not converge, continue at least 100 more iterations
Estimate model parameters (epsilon = 0.100)
BETTER TREE FOUND at iteration 104: -10613.150
Estimate model parameters (epsilon = 0.100)
BETTER TREE FOUND at iteration 106: -10612.356
Estimate model parameters (epsilon = 0.100)
BETTER TREE FOUND at iteration 107: -10611.061
Iteration 110 / LogL: -10622.632 / Time: 0h:12m:35s (0h:11m:12s left)
Iteration 120 / LogL: -10611.121 / Time: 0h:13m:29s (0h:9m:51s left)
Iteration 130 / LogL: -10632.692 / Time: 0h:14m:19s (0h:8m:32s left)
Iteration 140 / LogL: -10622.319 / Time: 0h:15m:8s (0h:7m:17s left)
Iteration 150 / LogL: -10618.089 / Time: 0h:16m:0s (0h:6m:7s left)
Log-likelihood cutoff on original alignment: -10715.036
Iteration 160 / LogL: -10612.543 / Time: 0h:17m:12s (0h:5m:5s left)
Estimate model parameters (epsilon = 0.100)
BETTER TREE FOUND at iteration 169: -10610.303
Iteration 170 / LogL: -10612.554 / Time: 0h:18m:21s (0h:10m:45s left)
Iteration 180 / LogL: -10615.266 / Time: 0h:19m:19s (0h:9m:36s left)
Estimate model parameters (epsilon = 0.100)
BETTER TREE FOUND at iteration 185: -10609.226
Iteration 190 / LogL: -10622.777 / Time: 0h:20m:19s (0h:10m:12s left)
Estimate model parameters (epsilon = 0.100)
BETTER TREE FOUND at iteration 191: -10606.348
Iteration 200 / LogL: -10607.701 / Time: 0h:21m:19s (0h:9m:45s left)
Log-likelihood cutoff on original alignment: -10715.036
NOTE: Bootstrap correlation coefficient of split occurrence frequencies: 0.942
NOTE: UFBoot does not converge, continue at least 100 more iterations
Iteration 210 / LogL: -10610.939 / Time: 0h:22m:20s (0h:9m:37s left)
Iteration 220 / LogL: -10613.833 / Time: 0h:23m:25s (0h:8m:33s left)
Iteration 230 / LogL: -10624.950 / Time: 0h:24m:25s (0h:7m:27s left)
Iteration 240 / LogL: -10617.839 / Time: 0h:25m:22s (0h:6m:22s left)
Iteration 250 / LogL: -10618.275 / Time: 0h:26m:30s (0h:5m:19s left)
Log-likelihood cutoff on original alignment: -10715.036
Iteration 260 / LogL: -10629.809 / Time: 0h:27m:32s (0h:4m:15s left)
Estimate model parameters (epsilon = 0.100)
BETTER TREE FOUND at iteration 270: -10606.251
Iteration 270 / LogL: -10606.251 / Time: 0h:28m:31s (0h:10m:36s left)
Estimate model parameters (epsilon = 0.100)
BETTER TREE FOUND at iteration 276: -10604.376
Iteration 280 / LogL: -10611.133 / Time: 0h:29m:35s (0h:10m:10s left)
Iteration 290 / LogL: -10643.431 / Time: 0h:30m:45s (0h:9m:9s left)
Estimate model parameters (epsilon = 0.100)
BETTER TREE FOUND at iteration 300: -10603.599
Iteration 300 / LogL: -10603.599 / Time: 0h:31m:55s (0h:10m:40s left)
Log-likelihood cutoff on original alignment: -10715.036
NOTE: Bootstrap correlation coefficient of split occurrence frequencies: 0.975
NOTE: UFBoot does not converge, continue at least 100 more iterations
Estimate model parameters (epsilon = 0.100)
BETTER TREE FOUND at iteration 306: -10602.377
Iteration 310 / LogL: -10625.077 / Time: 0h:32m:59s (0h:10m:14s left)
Iteration 320 / LogL: -10610.246 / Time: 0h:34m:7s (0h:9m:11s left)
Estimate model parameters (epsilon = 0.100)
BETTER TREE FOUND at iteration 330: -10602.175
Iteration 330 / LogL: -10602.175 / Time: 0h:35m:12s (0h:10m:42s left)
Estimate model parameters (epsilon = 0.100)
BETTER TREE FOUND at iteration 332: -10602.094
Iteration 340 / LogL: -10613.368 / Time: 0h:36m:25s (0h:9m:53s left)
Iteration 350 / LogL: -10665.622 / Time: 0h:37m:22s (0h:8m:46s left)
Log-likelihood cutoff on original alignment: -10715.036
Iteration 360 / LogL: -10604.449 / Time: 0h:38m:43s (0h:7m:45s left)
Iteration 370 / LogL: -10615.062 / Time: 0h:39m:48s (0h:6m:41s left)
Iteration 380 / LogL: -10607.410 / Time: 0h:40m:59s (0h:5m:37s left)
Iteration 390 / LogL: -10607.278 / Time: 0h:42m:6s (0h:4m:32s left)
Iteration 400 / LogL: -10611.520 / Time: 0h:43m:2s (0h:3m:27s left)
Log-likelihood cutoff on original alignment: -10715.036
NOTE: Bootstrap correlation coefficient of split occurrence frequencies: 0.973
NOTE: UFBoot does not converge, continue at least 100 more iterations
Iteration 410 / LogL: -10624.276 / Time: 0h:44m:11s (0h:9m:43s left)
Iteration 420 / LogL: -10615.387 / Time: 0h:45m:4s (0h:8m:36s left)
Iteration 430 / LogL: -10629.783 / Time: 0h:46m:19s (0h:7m:33s left)
Iteration 440 / LogL: -10646.594 / Time: 0h:47m:23s (0h:6m:28s left)
Iteration 450 / LogL: -10614.910 / Time: 0h:48m:29s (0h:5m:23s left)
Log-likelihood cutoff on original alignment: -10715.036
Iteration 460 / LogL: -10628.300 / Time: 0h:49m:47s (0h:4m:20s left)
Estimate model parameters (epsilon = 0.100)
BETTER TREE FOUND at iteration 461: -10602.008
Iteration 470 / LogL: -10610.274 / Time: 0h:51m:15s (0h:9m:56s left)
Iteration 480 / LogL: -10631.056 / Time: 0h:52m:28s (0h:8m:52s left)
Iteration 490 / LogL: -10605.001 / Time: 0h:53m:49s (0h:7m:48s left)
Iteration 500 / LogL: -10609.852 / Time: 0h:54m:49s (0h:6m:42s left)
Log-likelihood cutoff on original alignment: -10715.036
NOTE: Bootstrap correlation coefficient of split occurrence frequencies: 0.978
NOTE: UFBoot does not converge, continue at least 100 more iterations
Iteration 510 / LogL: -10617.511 / Time: 0h:56m:2s (0h:9m:54s left)
Iteration 520 / LogL: -10605.170 / Time: 0h:57m:10s (0h:8m:48s left)
Iteration 530 / LogL: -10616.942 / Time: 0h:58m:23s (0h:7m:43s left)
Iteration 540 / LogL: -10607.274 / Time: 0h:59m:33s (0h:6m:37s left)
Estimate model parameters (epsilon = 0.100)
BETTER TREE FOUND at iteration 548: -10600.783
Iteration 550 / LogL: -10611.517 / Time: 1h:0m:50s (0h:10m:51s left)
Log-likelihood cutoff on original alignment: -10715.036
Iteration 560 / LogL: -10616.984 / Time: 1h:2m:22s (0h:9m:49s left)
Iteration 570 / LogL: -10610.844 / Time: 1h:3m:29s (0h:8m:42s left)
Iteration 580 / LogL: -10615.103 / Time: 1h:4m:32s (0h:7m:34s left)
Iteration 590 / LogL: -10609.232 / Time: 1h:5m:48s (0h:6m:28s left)
Iteration 600 / LogL: -10626.887 / Time: 1h:7m:0s (0h:5m:22s left)
Log-likelihood cutoff on original alignment: -10715.036
NOTE: Bootstrap correlation coefficient of split occurrence frequencies: 0.988
NOTE: UFBoot does not converge, continue at least 100 more iterations
Iteration 610 / LogL: -10606.445 / Time: 1h:8m:18s (0h:10m:5s left)
Iteration 620 / LogL: -10607.100 / Time: 1h:9m:33s (0h:8m:59s left)
Iteration 630 / LogL: -10608.260 / Time: 1h:10m:47s (0h:7m:52s left)
Iteration 640 / LogL: -10601.652 / Time: 1h:11m:55s (0h:6m:45s left)
Iteration 650 / LogL: -10604.387 / Time: 1h:13m:11s (0h:5m:38s left)
Log-likelihood cutoff on original alignment: -10715.036
Estimate model parameters (epsilon = 0.100)
BETTER TREE FOUND at iteration 655: -10600.393
Iteration 660 / LogL: -10609.439 / Time: 1h:14m:27s (0h:10m:44s left)
Iteration 670 / LogL: -10604.134 / Time: 1h:15m:40s (0h:9m:36s left)
Iteration 680 / LogL: -10611.594 / Time: 1h:16m:52s (0h:8m:29s left)
Iteration 690 / LogL: -10613.701 / Time: 1h:18m:2s (0h:7m:21s left)
Iteration 700 / LogL: -10614.194 / Time: 1h:19m:21s (0h:6m:14s left)
Log-likelihood cutoff on original alignment: -10715.036
NOTE: Bootstrap correlation coefficient of split occurrence frequencies: 0.992
Iteration 710 / LogL: -10616.428 / Time: 1h:20m:42s (0h:10m:14s left)
Iteration 720 / LogL: -10626.595 / Time: 1h:21m:58s (0h:9m:7s left)
Iteration 730 / LogL: -10610.609 / Time: 1h:23m:23s (0h:8m:0s left)
Iteration 740 / LogL: -10604.326 / Time: 1h:24m:32s (0h:6m:51s left)
Iteration 750 / LogL: -10602.067 / Time: 1h:25m:44s (0h:5m:43s left)
Log-likelihood cutoff on original alignment: -10715.036
TREE SEARCH COMPLETED AFTER 756 ITERATIONS / Time: 1h:26m:42s

--------------------------------------------------------------------
|                    FINALIZING TREE SEARCH                        |
--------------------------------------------------------------------
Performs final model parameters optimization
Estimate model parameters (epsilon = 0.010)
1. Initial log-likelihood: -10600.393
Optimal log-likelihood: -10600.392
Rate parameters:  A-C: 1.10228  A-G: 4.24643  A-T: 1.75380  C-G: 1.64963  C-T: 3.32742  G-T: 1.00000
Base frequencies:  A: 0.214  C: 0.251  G: 0.186  T: 0.349
Site proportion and rates:  (0.419,0.081) (0.348,0.834) (0.192,2.450) (0.042,4.925)
Parameters optimization took 1 rounds (1.160 sec)
BEST SCORE FOUND : -10600.392
Creating bootstrap support values...
Split supports printed to NEXUS file results_assessment_saturation_and_clocklikeliness/results_iqtree_gene_trees/result_5G60450_iqtree.splits.nex
Total tree length: 7.794

Total number of iterations: 756
CPU time used for tree search: 3802.540 sec (1h:3m:22s)
Wall-clock time used for tree search: 5061.495 sec (1h:24m:21s)
Total CPU time used: 3960.460 sec (1h:6m:0s)
Total wall-clock time used: 5207.937 sec (1h:26m:47s)

Computing bootstrap consensus tree...
Reading input file results_assessment_saturation_and_clocklikeliness/results_iqtree_gene_trees/result_5G60450_iqtree.splits.nex...
317 taxa and 5142 splits.
Consensus tree written to results_assessment_saturation_and_clocklikeliness/results_iqtree_gene_trees/result_5G60450_iqtree.contree
Reading input trees file results_assessment_saturation_and_clocklikeliness/results_iqtree_gene_trees/result_5G60450_iqtree.contree
Log-likelihood of consensus tree: -10602.500

Analysis results written to: 
  IQ-TREE report:                results_assessment_saturation_and_clocklikeliness/results_iqtree_gene_trees/result_5G60450_iqtree.iqtree
  Maximum-likelihood tree:       results_assessment_saturation_and_clocklikeliness/results_iqtree_gene_trees/result_5G60450_iqtree.treefile
  Likelihood distances:          results_assessment_saturation_and_clocklikeliness/results_iqtree_gene_trees/result_5G60450_iqtree.mldist

Ultrafast bootstrap approximation results written to:
  Split support values:          results_assessment_saturation_and_clocklikeliness/results_iqtree_gene_trees/result_5G60450_iqtree.splits.nex
  Consensus tree:                results_assessment_saturation_and_clocklikeliness/results_iqtree_gene_trees/result_5G60450_iqtree.contree
  Screen log file:               results_assessment_saturation_and_clocklikeliness/results_iqtree_gene_trees/result_5G60450_iqtree.log

Date and Time: Wed Mar 30 11:29:03 2022
