IQ-TREE multicore version 2.1.3 COVID-edition for Linux 64-bit built Apr 21 2021
Developed by Bui Quang Minh, James Barbetti, Nguyen Lam Tung,
Olga Chernomor, Heiko Schmidt, Dominik Schrempf, Michael Woodhams.

Host:    hpc-high-memory-multi-user (AVX2, FMA3, 1007 GB RAM)
Command: /home/kasper.hendriks/iqtree-2.1.3-Linux/bin/iqtree2 -s results_assessment_saturation_and_clocklikeliness/input_gene_alignments_cleaned/5G63920_cleaned.fasta -B 1000 -nm 1000 -m GTR+F+R -nt AUTO --prefix results_assessment_saturation_and_clocklikeliness/results_iqtree_gene_trees/result_5G63920_iqtree
Seed:    977860 (Using SPRNG - Scalable Parallel Random Number Generator)
Time:    Wed Mar 30 10:34:43 2022
Kernel:  AVX+FMA - auto-detect threads (48 CPU cores detected)

Reading alignment file results_assessment_saturation_and_clocklikeliness/input_gene_alignments_cleaned/5G63920_cleaned.fasta ... Fasta format detected
Alignment most likely contains DNA/RNA sequences
Alignment has 255 sequences with 294 columns, 212 distinct patterns
132 parsimony-informative, 30 singleton sites, 132 constant sites
            Gap/Ambiguity  Composition  p-value
   1  SRR8528389    0.00%    passed     98.18%
   2  S0327         0.00%    passed     99.82%
   3  S0435         0.00%    passed     99.95%
   4  S1103         0.68%    passed     97.61%
   5  S0430         2.04%    passed     99.81%
   6  SRR8528391    0.00%    passed     99.69%
   7  S0732         0.34%    passed     99.81%
   8  S0735         0.00%    passed     95.25%
   9  S0739         1.02%    passed     98.99%
  10  S0268         1.70%    passed     96.32%
  11  SRR8528359    0.00%    passed     95.09%
  12  SRR8528373    0.00%    passed     98.59%
  13  SRR8528388    0.00%    passed     99.78%
  14  SRR8528364    0.00%    passed     96.72%
  15  SRR8528338    0.00%    passed     97.25%
  16  S0196sl       0.34%    passed     98.79%
  17  S0305         0.34%    passed     94.17%
  18  SRR8528336    0.00%    passed     97.44%
  19  S0306         0.00%    passed     99.45%
  20  S0301         0.34%    passed     99.64%
  21  S0300         1.70%    passed     96.15%
  22  S0385        11.56%    passed     77.76%
  23  S0384         0.68%    passed     97.25%
  24  S1095         0.00%    passed     99.83%
  25  S0380         0.34%    passed     92.52%
  26  SRR8528394    0.68%    passed     99.77%
  27  S0949         0.00%    passed     87.26%
  28  S1098         1.36%    passed     97.94%
  29  S0745         2.38%    passed     96.61%
  30  S0897         0.00%    passed     95.96%
  31  S0896         1.70%    passed     97.06%
  32  S0959         0.00%    passed     97.83%
  33  S0954         0.68%    passed     96.38%
  34  S0421         0.34%    passed     93.51%
  35  S0957         0.00%    passed     98.91%
  36  S0424         2.72%    passed     91.13%
  37  S1408         0.34%    passed     98.74%
  38  S0952         0.00%    passed     89.68%
  39  S0427         0.00%    passed     99.77%
  40  S1148         0.00%    passed     93.54%
  41  S1220         3.06%    passed     82.66%
  42  S0509         0.00%    passed     98.69%
  43  S1419         0.00%    passed     99.18%
  44  S1227         0.00%    passed     99.63%
  45  S0741         0.68%    passed     98.48%
  46  S1376         0.00%    passed     95.74%
  47  S1519         2.72%    passed     98.50%
  48  S0740         0.34%    passed     86.31%
  49  S0583         0.00%    passed     98.73%
  50  S0746         0.00%    passed     94.35%
  51  S0655sl       0.00%    passed     99.78%
  52  S0742         0.00%    passed     99.78%
  53  S0317         0.34%    passed     92.52%
  54  S1021         0.00%    passed     91.67%
  55  S0315         0.00%    passed     98.18%
  56  S0312         1.70%    passed     98.48%
  57  S0748         1.70%    passed     99.59%
  58  S1459         1.36%    passed     98.89%
  59  S1251         0.00%    passed     96.42%
  60  S1250sl       0.00%    passed     97.97%
  61  SRR8528339    2.72%    passed     98.72%
  62  S0691         1.36%    passed     99.67%
  63  S1354         0.68%    passed     98.33%
  64  S0617         0.34%    passed     91.96%
  65  S0616         0.00%    passed     95.45%
  66  S1230         1.02%    passed     98.83%
  67  S0612         0.34%    passed     99.28%
  68  S1234         0.00%    passed     98.05%
  69  S1369         0.00%    passed     99.77%
  70  S1509         0.00%    passed     94.24%
  71  S1239         0.00%    passed     99.99%
  72  S0450         0.00%    passed     98.14%
  73  S0756         0.68%    passed     99.75%
  74  S0757         1.02%    passed     98.74%
  75  S0329         0.34%    passed     97.59%
  76  S1460         0.68%    passed     99.96%
  77  S0752         0.00%    passed     99.67%
  78  SRR8528350    0.00%    passed     98.14%
  79  S0751         0.00%    passed     97.92%
  80  S1342         2.04%    passed     99.97%
  81  S0322         0.00%    passed     99.83%
  82  S1341        12.93%    passed     94.68%
  83  S0055         0.34%    passed     99.20%
  84  SRR8528358    1.36%    passed     98.84%
  85  S0593         0.00%    passed     96.92%
  86  S0903         0.34%    passed     97.93%
  87  S1040        16.33%    passed     78.68%
  88  S1214sl       0.00%    passed     98.95%
  89  S1235sl       0.00%    passed     98.34%
  90  S1368         0.68%    passed     99.68%
  91  S0689         3.74%    passed     96.70%
  92  S0562         1.02%    passed     99.84%
  93  S1498         0.68%    passed     95.11%
  94  S1232sl       0.34%    passed     96.82%
  95  S0335         0.00%    passed     97.11%
  96  S1375         0.00%    passed     99.69%
  97  S1374         5.44%    passed     98.27%
  98  S1045         0.00%    passed     95.64%
  99  S1044         0.00%    passed     97.70%
 100  S1370         0.00%    passed     99.77%
 101  S1204         1.02%    passed     97.98%
 102  S0308         0.00%    passed     99.12%
 103  S0763         0.00%    passed     99.21%
 104  SRR8528381    0.00%    passed     97.92%
 105  SRR8528347    0.00%    passed     90.64%
 106  S0760         0.00%    passed     99.77%
 107  SRR8528341    0.00%    passed     93.58%
 108  S0766         1.70%    passed     98.73%
 109  SRR8528343    0.00%    passed     98.91%
 110  S0764         0.00%    passed     98.37%
 111  S1561         4.08%    passed     94.89%
 112  S1120         0.00%    passed     88.07%
 113  S1121         3.40%    passed     95.21%
 114  S1401         2.38%    passed     94.68%
 115  SRR8528382    1.70%    passed     98.13%
 116  S0762-2       1.36%    passed     99.42%
 117  S0809         0.00%    passed     99.78%
 118  S0724sl       0.00%    passed     98.91%
 119  SRR8528385    1.02%    passed     98.83%
 120  S0947sl       0.00%    passed     98.76%
 121  SRR8528384    0.00%    passed     98.22%
 122  S1266sl       0.34%    passed     99.81%
 123  S1093sl       0.00%    passed     99.78%
 124  S0412sl       5.78%    passed     97.30%
 125  S1405         0.00%    passed     93.25%
 126  SRR8528386    0.00%    passed     89.55%
 127  S1449         1.02%    passed     98.41%
 128  SRR8528379    0.00%    passed     97.97%
 129  S1050         0.00%    passed     98.69%
 130  S0478         0.00%    passed     95.07%
 131  S0346         0.00%    passed     97.70%
 132  S1210         0.00%    passed     99.40%
 133  S1211         0.00%    passed     99.19%
 134  SRR8528372    0.00%    passed     98.13%
 135  S1213         1.02%    passed     98.08%
 136  SRR8528376    0.34%    passed     98.78%
 137  S1096         1.36%    passed     99.02%
 138  S1119         3.40%    passed     91.55%
 139  S1229-2       0.00%    passed     99.77%
 140  S0671         0.34%    passed     87.85%
 141  S0670         2.04%    passed     97.50%
 142  S0673         0.00%    passed     93.25%
 143  S1113         2.38%    passed     97.98%
 144  S1400         0.00%    passed     99.21%
 145  S0795         0.34%    passed     97.43%
 146  S1117         1.36%    passed     96.02%
 147  S1116         0.00%    passed     93.74%
 148  S0772         1.70%    passed     99.48%
 149  S1428         0.00%    passed     99.63%
 150  S0721sl       0.00%    passed     98.34%
 151  S0733sl      20.75%    passed     95.26%
 152  S0836         0.00%    passed     99.42%
 153  S0464         2.04%    passed     95.13%
 154  S1258-2       0.00%    passed     95.88%
 155  S1318-2       1.70%    passed     97.92%
 156  S1246         0.34%    passed     90.90%
 157  SRR8528370    0.00%    passed     93.89%
 158  S1201sl       0.00%    passed     99.78%
 159  S1100         0.00%    passed     95.25%
 160  S0888         6.80%    passed     98.24%
 161  S1069         0.34%    passed     96.96%
 162  S0355         0.00%    passed     98.34%
 163  SRR8528365    0.00%    passed     99.34%
 164  S1221sl       1.02%    passed     93.50%
 165  S1181-2       2.04%    passed     96.38%
 166  SRR8528361    0.00%    passed     91.46%
 167  S1315         1.70%    passed     99.48%
 168  S0667         0.68%    passed     97.52%
 169  S0664         1.02%    passed     99.48%
 170  S0827         0.34%    passed     90.52%
 171  S0662         0.68%    passed     99.84%
 172  SRR8528400    0.00%    passed     99.19%
 173  SRR8528380    1.02%    passed     98.81%
 174  SRR8528342    0.00%    passed     87.26%
 175  S1319         0.00%    passed     98.84%
 176  S1260         0.34%    passed     99.09%
 177  S0669         0.00%    passed     95.96%
 178  S0292         0.00%    passed     99.22%
 179  S0904         0.34%    passed     99.02%
 180  S0297         0.00%    passed     98.14%
 181  S1189         0.00%    passed     99.34%
 182  S0901         4.08%    passed     99.84%
 183  S0294         2.38%    passed     98.03%
 184  S0747sl       0.00%    passed     95.53%
 185  S0299         0.00%    passed     98.34%
 186  S0298         1.70%    passed     99.43%
 187  S1182         0.00%    passed     99.61%
 188  SRR8528397    0.00%    passed     99.19%
 189  S0558         0.00%    passed     99.89%
 190  S0791         0.34%    passed     99.50%
 191  S0960         0.34%    passed     99.50%
 192  S0417         0.00%    passed     99.35%
 193  S0416         0.34%    passed     99.92%
 194  S1176         0.34%    passed     99.09%
 195  S0555         0.00%    passed     99.18%
 196  S0645sl       0.34%    passed     99.25%
 197  S0906         0.00%    passed     98.22%
 198  S1424         0.00%    passed     98.14%
 199  S1422         0.00%    passed     99.18%
 200  S1177         0.00%    passed     99.43%
 201  S0420sl       2.38%    passed     99.96%
 202  SRR8528399    0.00%    passed     98.05%
 203  S1074         1.02%    passed     93.85%
 204  SRR8528398    1.02%    passed     96.41%
 205  S1077         0.34%    passed     94.90%
 206  S0718         0.00%    passed     99.20%
 207  S1278         0.00%    passed     98.76%
 208  S1279         1.02%    passed     98.79%
 209  S1276         1.02%    passed     93.12%
 210  S0717         0.34%    passed     93.49%
 211  S1039         2.04%    passed     98.35%
 212  S0552sl       0.34%    passed     97.82%
 213  S0289         0.34%    passed     94.86%
 214  S0284         1.02%    passed     84.51%
 215  S0286         0.00%    passed     94.31%
 216  S1381         3.40%    passed     96.59%
 217  S0280         2.04%    passed     99.03%
 218  S0281         0.00%    passed     98.63%
 219  S0282         0.00%    passed     99.11%
 220  S0283         0.34%    passed     99.49%
 221  S0647-2       0.68%    passed     96.42%
 222  SRR8528356    2.04%    passed     97.98%
 223  S0400         0.34%    passed     99.81%
 224  S_670         0.68%    passed     99.25%
 225  S0731sl       0.00%    passed     94.02%
 226  S0405         0.68%    passed     97.98%
 227  S1269         0.00%    passed     99.77%
 228  SRR8528354    0.00%    passed     93.89%
 229  S0727         0.00%    passed     83.57%
 230  S0726         2.04%    passed     89.94%
 231  S1541sl       2.04%    passed     96.78%
 232  S1407         2.72%    passed     99.72%
 233  S0275         0.00%    passed     94.42%
 234  S0722         0.34%    passed     86.42%
 235  S0277         0.00%    passed     98.91%
 236  S0720         0.34%    passed     97.62%
 237  S0279         5.44%    passed     98.94%
 238  S0278         0.00%    passed     95.07%
 239  S1168         0.34%    passed     96.76%
 240  S0373         0.00%    passed     96.40%
 241  S0521         0.34%    passed     98.92%
 242  S0377         0.00%    passed     88.54%
 243  S1539         0.00%    passed     93.31%
 244  S1332         0.00%    passed     97.21%
 245  S1331         0.00%    passed     98.70%
 246  S1336         0.00%    passed     99.00%
 247  S1188         0.34%    passed     96.54%
 248  S1241         3.40%    passed     94.21%
 249  S1464         0.00%    passed     98.84%
 250  S0641         0.34%    passed     97.67%
 251  S1245         0.34%    passed     90.93%
 252  S1462         0.00%    passed     98.91%
 253  S1083         0.00%    passed     97.21%
 254  S1129sl       0.00%    passed     99.65%
 255  S1089         0.00%    passed     98.91%
****  TOTAL         0.89%  0 sequences failed composition chi2 test (p-value<5%; df=3)
NOTE: SRR8528342 is identical to S0949 but kept for subsequent analysis
NOTE: S1422 is identical to S1419 but kept for subsequent analysis
NOTE: S0346 is identical to S1044 but kept for subsequent analysis

Create initial parsimony tree by phylogenetic likelihood library (PLL)... 0.066 seconds
Generating 1000 samples for ultrafast bootstrap (seed: 977860)...

NOTE: 7 MB RAM (0 GB) is required!
Measuring multi-threading efficiency up to 48 CPU cores
Increase to 10 rounds for branch lengths
155 trees examined
Threads: 1 / Time: 48.242 sec / Speedup: 1.000 / Efficiency: 100% / LogL: -10868
Threads: 2 / Time: 51.691 sec / Speedup: 0.933 / Efficiency: 47% / LogL: -10868
BEST NUMBER OF THREADS: 1

Estimate model parameters (epsilon = 0.100)
1. Initial log-likelihood: -5988.997
2. Current log-likelihood: -5725.432
3. Current log-likelihood: -5711.217
4. Current log-likelihood: -5708.214
5. Current log-likelihood: -5706.318
6. Current log-likelihood: -5704.977
7. Current log-likelihood: -5703.997
8. Current log-likelihood: -5703.331
9. Current log-likelihood: -5702.742
10. Current log-likelihood: -5702.160
11. Current log-likelihood: -5701.598
12. Current log-likelihood: -5701.116
13. Current log-likelihood: -5700.738
14. Current log-likelihood: -5700.318
15. Current log-likelihood: -5699.837
16. Current log-likelihood: -5699.274
17. Current log-likelihood: -5698.641
18. Current log-likelihood: -5697.936
19. Current log-likelihood: -5697.166
20. Current log-likelihood: -5696.351
21. Current log-likelihood: -5695.529
22. Current log-likelihood: -5694.754
23. Current log-likelihood: -5694.063
24. Current log-likelihood: -5693.451
25. Current log-likelihood: -5692.917
26. Current log-likelihood: -5692.423
27. Current log-likelihood: -5692.007
28. Current log-likelihood: -5691.610
29. Current log-likelihood: -5691.250
30. Current log-likelihood: -5690.912
31. Current log-likelihood: -5690.582
32. Current log-likelihood: -5690.239
33. Current log-likelihood: -5689.868
34. Current log-likelihood: -5689.518
35. Current log-likelihood: -5689.295
36. Current log-likelihood: -5689.163
Optimal log-likelihood: -5689.023
Rate parameters:  A-C: 1.02207  A-G: 3.12433  A-T: 1.31701  C-G: 0.81053  C-T: 4.44581  G-T: 1.00000
Base frequencies:  A: 0.274  C: 0.232  G: 0.246  T: 0.249
Site proportion and rates:  (0.563,0.092) (0.325,1.392) (0.099,3.724) (0.014,9.363)
Parameters optimization took 36 rounds (20.827 sec)
Computing ML distances based on estimated model parameters...
Computing ML distances took 1.675025 sec (of wall-clock time) 1.672000 sec(of CPU time)
Computing RapidNJ tree took 0.010960 sec (of wall-clock time) 0.016000 sec (of CPU time)
Log-likelihood of RapidNJ tree: -5712.338
--------------------------------------------------------------------
|             INITIALIZING CANDIDATE TREE SET                      |
--------------------------------------------------------------------
Generating 98 parsimony trees... 3.429 second
Computing log-likelihood of 98 initial trees ... 3.157 seconds
Current best score: -5664.090

Do NNI search on 20 best initial trees
Estimate model parameters (epsilon = 0.100)
BETTER TREE FOUND at iteration 1: -5637.160
Estimate model parameters (epsilon = 0.100)
BETTER TREE FOUND at iteration 5: -5632.292
Iteration 10 / LogL: -5655.864 / Time: 0h:2m:52s
Iteration 20 / LogL: -5657.294 / Time: 0h:3m:24s
Finish initializing candidate tree set (20)
Current best tree score: -5632.292 / CPU time: 81.000
Number of iterations: 20
--------------------------------------------------------------------
|               OPTIMIZING CANDIDATE TREE SET                      |
--------------------------------------------------------------------
Estimate model parameters (epsilon = 0.100)
BETTER TREE FOUND at iteration 27: -5628.624
Estimate model parameters (epsilon = 0.100)
BETTER TREE FOUND at iteration 28: -5624.858
Iteration 30 / LogL: -5644.804 / Time: 0h:3m:54s (0h:13m:11s left)
Estimate model parameters (epsilon = 0.100)
BETTER TREE FOUND at iteration 31: -5621.232
Estimate model parameters (epsilon = 0.100)
BETTER TREE FOUND at iteration 32: -5618.547
Iteration 40 / LogL: -5630.473 / Time: 0h:4m:29s (0h:10m:35s left)
Iteration 50 / LogL: -5625.048 / Time: 0h:4m:55s (0h:8m:14s left)
Log-likelihood cutoff on original alignment: -5686.215
Estimate model parameters (epsilon = 0.100)
BETTER TREE FOUND at iteration 52: -5614.896
Estimate model parameters (epsilon = 0.100)
BETTER TREE FOUND at iteration 53: -5614.602
Estimate model parameters (epsilon = 0.100)
BETTER TREE FOUND at iteration 56: -5612.406
Estimate model parameters (epsilon = 0.100)
BETTER TREE FOUND at iteration 59: -5609.832
Iteration 60 / LogL: -5631.885 / Time: 0h:5m:30s (0h:9m:14s left)
Iteration 70 / LogL: -5622.508 / Time: 0h:6m:3s (0h:7m:48s left)
Iteration 80 / LogL: -5630.143 / Time: 0h:6m:32s (0h:6m:32s left)
Estimate model parameters (epsilon = 0.100)
BETTER TREE FOUND at iteration 86: -5607.994
Estimate model parameters (epsilon = 0.100)
BETTER TREE FOUND at iteration 89: -5607.530
Iteration 90 / LogL: -5612.090 / Time: 0h:7m:7s (0h:7m:55s left)
Iteration 100 / LogL: -5618.723 / Time: 0h:7m:40s (0h:6m:54s left)
Log-likelihood cutoff on original alignment: -5683.773
NOTE: Bootstrap correlation coefficient of split occurrence frequencies: 0.958
NOTE: UFBoot does not converge, continue at least 100 more iterations
Iteration 110 / LogL: -5609.216 / Time: 0h:8m:13s (0h:6m:47s left)
Iteration 120 / LogL: -5628.537 / Time: 0h:8m:48s (0h:5m:55s left)
Iteration 130 / LogL: -5609.243 / Time: 0h:9m:19s (0h:5m:3s left)
Iteration 140 / LogL: -5613.815 / Time: 0h:10m:2s (0h:4m:20s left)
Iteration 150 / LogL: -5607.531 / Time: 0h:10m:38s (0h:3m:34s left)
Log-likelihood cutoff on original alignment: -5683.773
Iteration 160 / LogL: -5619.038 / Time: 0h:11m:12s (0h:2m:49s left)
Estimate model parameters (epsilon = 0.100)
BETTER TREE FOUND at iteration 161: -5607.313
Estimate model parameters (epsilon = 0.100)
BETTER TREE FOUND at iteration 170: -5606.833
Iteration 170 / LogL: -5606.833 / Time: 0h:11m:44s (0h:6m:56s left)
Iteration 180 / LogL: -5619.753 / Time: 0h:12m:18s (0h:6m:11s left)
Iteration 190 / LogL: -5612.886 / Time: 0h:12m:49s (0h:5m:25s left)
Iteration 200 / LogL: -5614.735 / Time: 0h:13m:21s (0h:4m:41s left)
Log-likelihood cutoff on original alignment: -5683.773
NOTE: Bootstrap correlation coefficient of split occurrence frequencies: 0.991
Iteration 210 / LogL: -5607.335 / Time: 0h:14m:4s (0h:6m:3s left)
Iteration 220 / LogL: -5607.739 / Time: 0h:14m:37s (0h:5m:20s left)
Iteration 230 / LogL: -5614.268 / Time: 0h:15m:15s (0h:4m:39s left)
Iteration 240 / LogL: -5607.301 / Time: 0h:15m:59s (0h:4m:0s left)
Iteration 250 / LogL: -5631.493 / Time: 0h:16m:39s (0h:3m:20s left)
Log-likelihood cutoff on original alignment: -5683.773
Iteration 260 / LogL: -5609.642 / Time: 0h:17m:20s (0h:2m:40s left)
Iteration 270 / LogL: -5609.896 / Time: 0h:17m:59s (0h:2m:0s left)
TREE SEARCH COMPLETED AFTER 271 ITERATIONS / Time: 0h:18m:2s

--------------------------------------------------------------------
|                    FINALIZING TREE SEARCH                        |
--------------------------------------------------------------------
Performs final model parameters optimization
Estimate model parameters (epsilon = 0.010)
1. Initial log-likelihood: -5606.833
2. Current log-likelihood: -5606.819
3. Current log-likelihood: -5606.806
4. Current log-likelihood: -5606.792
5. Current log-likelihood: -5606.779
6. Current log-likelihood: -5606.767
7. Current log-likelihood: -5606.756
8. Current log-likelihood: -5606.745
9. Current log-likelihood: -5606.735
Optimal log-likelihood: -5606.719
Rate parameters:  A-C: 1.00807  A-G: 3.32100  A-T: 1.52300  C-G: 0.86580  C-T: 5.21868  G-T: 1.00000
Base frequencies:  A: 0.274  C: 0.232  G: 0.246  T: 0.249
Site proportion and rates:  (0.545,0.072) (0.337,1.327) (0.108,3.685) (0.010,11.305)
Parameters optimization took 9 rounds (5.193 sec)
BEST SCORE FOUND : -5606.719
Creating bootstrap support values...
Split supports printed to NEXUS file results_assessment_saturation_and_clocklikeliness/results_iqtree_gene_trees/result_5G63920_iqtree.splits.nex
Total tree length: 3.290

Total number of iterations: 271
CPU time used for tree search: 719.624 sec (0h:11m:59s)
Wall-clock time used for tree search: 958.943 sec (0h:15m:58s)
Total CPU time used: 860.140 sec (0h:14m:20s)
Total wall-clock time used: 1090.458 sec (0h:18m:10s)

Computing bootstrap consensus tree...
Reading input file results_assessment_saturation_and_clocklikeliness/results_iqtree_gene_trees/result_5G63920_iqtree.splits.nex...
255 taxa and 4958 splits.
Consensus tree written to results_assessment_saturation_and_clocklikeliness/results_iqtree_gene_trees/result_5G63920_iqtree.contree
Reading input trees file results_assessment_saturation_and_clocklikeliness/results_iqtree_gene_trees/result_5G63920_iqtree.contree
Log-likelihood of consensus tree: -5607.252

Analysis results written to: 
  IQ-TREE report:                results_assessment_saturation_and_clocklikeliness/results_iqtree_gene_trees/result_5G63920_iqtree.iqtree
  Maximum-likelihood tree:       results_assessment_saturation_and_clocklikeliness/results_iqtree_gene_trees/result_5G63920_iqtree.treefile
  Likelihood distances:          results_assessment_saturation_and_clocklikeliness/results_iqtree_gene_trees/result_5G63920_iqtree.mldist

Ultrafast bootstrap approximation results written to:
  Split support values:          results_assessment_saturation_and_clocklikeliness/results_iqtree_gene_trees/result_5G63920_iqtree.splits.nex
  Consensus tree:                results_assessment_saturation_and_clocklikeliness/results_iqtree_gene_trees/result_5G63920_iqtree.contree
  Screen log file:               results_assessment_saturation_and_clocklikeliness/results_iqtree_gene_trees/result_5G63920_iqtree.log

Date and Time: Wed Mar 30 10:52:55 2022
