IQ-TREE multicore version 2.1.3 COVID-edition for Linux 64-bit built Apr 21 2021
Developed by Bui Quang Minh, James Barbetti, Nguyen Lam Tung,
Olga Chernomor, Heiko Schmidt, Dominik Schrempf, Michael Woodhams.

Host:    hpc-high-memory-multi-user (AVX2, FMA3, 1007 GB RAM)
Command: /home/kasper.hendriks/iqtree-2.1.3-Linux/bin/iqtree2 -s results_assessment_saturation_and_clocklikeliness/input_gene_alignments_cleaned/5899_cleaned.fasta -B 1000 -nm 1000 -m GTR+F+R -nt AUTO --prefix results_assessment_saturation_and_clocklikeliness/results_iqtree_gene_trees/result_5899_iqtree
Seed:    998860 (Using SPRNG - Scalable Parallel Random Number Generator)
Time:    Wed Mar 30 03:53:28 2022
Kernel:  AVX+FMA - auto-detect threads (48 CPU cores detected)

Reading alignment file results_assessment_saturation_and_clocklikeliness/input_gene_alignments_cleaned/5899_cleaned.fasta ... Fasta format detected
Alignment most likely contains DNA/RNA sequences
Alignment has 300 sequences with 506 columns, 491 distinct patterns
312 parsimony-informative, 61 singleton sites, 133 constant sites
               Gap/Ambiguity  Composition  p-value
   1  S0946            4.55%    passed     95.67%
   2  S0949            0.00%    passed     99.28%
   3  S1114-2          6.72%    passed     80.62%
   4  S0732            1.58%    passed     86.43%
   5  S0735            0.00%    passed     92.55%
   6  S0403sl          6.13%    passed     64.00%
   7  S0739            0.79%    passed     87.78%
   8  S1328sl          5.93%    passed     90.70%
   9  S0385           12.65%    passed     93.30%
  10  S0384            6.92%    passed     81.21%
  11  S0381            0.79%    passed     99.84%
  12  S0380           12.06%    passed     98.26%
  13  S0383            2.17%    passed     98.65%
  14  S1541sl          3.36%    passed     96.54%
  15  SRR11470320      0.00%    passed     74.46%
  16  S1519           16.80%    passed     91.38%
  17  S0745            4.94%    passed     96.12%
  18  S0746            5.53%    passed     95.06%
  19  S0741            0.00%    passed     97.85%
  20  S0740            0.00%    passed     97.37%
  21  S0743           10.28%    passed     98.34%
  22  S0742            9.09%    passed     99.64%
  23  S0748            9.49%    passed    100.00%
  24  S1462            0.20%    passed     90.99%
  25  S1460            5.73%    passed     93.14%
  26  S1464            6.52%    passed     98.81%
  27  S1342            7.71%    passed     61.54%
  28  S1341            5.34%    passed     48.23%
  29  S1188            0.59%    passed     98.23%
  30  S0902           10.28%    passed     74.71%
  31  S0688            5.53%    passed     94.98%
  32  S0689            0.99%    passed     91.32%
  33  S0335            0.20%    passed     61.10%
  34  S0331            7.11%    passed     98.00%
  35  S1204            8.50%    passed     97.40%
  36  S0762-2          4.55%    passed     71.36%
  37  S0724sl         11.07%    passed     99.07%
  38  S1050            6.13%    passed     88.58%
  39  S1119            6.13%    passed     97.52%
  40  S1118           10.28%    passed     97.81%
  41  S1113            4.55%    passed     97.12%
  42  S1111            3.16%    passed     99.07%
  43  S1110            0.40%    passed     78.71%
  44  S1117            8.70%    passed     98.37%
  45  S1116            1.98%    passed     91.11%
  46  S0564sl          0.99%    passed     75.23%
  47  S0836            6.32%    passed     99.28%
  48  S1498            0.00%    passed     61.66%
  49  S1052sl         12.45%    passed     89.70%
  50  S0667           11.66%    passed     98.47%
  51  S0664           12.65%    passed     98.22%
  52  S0669           11.66%    passed     99.99%
  53  S0906            3.56%    passed     98.40%
  54  S0903            0.79%    passed     95.87%
  55  S1189            0.20%    passed     97.10%
  56  S0901            3.16%    passed     95.34%
  57  S1184            0.99%    passed     95.71%
  58  S1180            0.20%    passed     94.56%
  59  S1182            8.30%    passed     92.48%
  60  S0420sl          3.16%    passed     67.51%
  61  S1201sl          6.32%    passed     95.68%
  62  S0645sl          0.40%    passed     99.18%
  63  S1424            0.00%    passed     98.34%
  64  S1422            4.74%    passed     96.24%
  65  S1421           14.23%    passed     95.23%
  66  S1386            7.11%    passed     93.44%
  67  S1387            5.93%    passed     96.32%
  68  S1384           15.42%    passed     38.17%
  69  S1381            9.49%    passed     92.39%
  70  PAFTOL_008053    3.36%    passed     59.47%
  71  S1428           10.67%    passed     94.22%
  72  S0400            4.35%    passed     97.34%
  73  S0405            0.59%    passed     97.92%
  74  S0275            3.16%    passed     98.47%
  75  S0277            5.73%    passed     99.47%
  76  S0279            8.50%    passed     91.54%
  77  S0278            0.00%    passed     93.35%
  78  S0373           11.46%    passed     96.93%
  79  S0376            0.00%    passed     98.54%
  80  S0377            6.72%    passed     95.25%
  81  S1332           10.08%    passed     81.64%
  82  S1331           12.65%    passed     94.88%
  83  S1336            2.17%    passed     89.86%
  84  S1339           10.67%    passed     79.19%
  85  S0509            0.20%    passed     89.31%
  86  S0656sl          5.14%    passed     96.91%
  87  S1251            0.00%    passed     93.62%
  88  S0428sl          0.00%    passed     93.21%
  89  S0308            0.20%    passed     79.38%
  90  S0301            6.72%    passed     89.99%
  91  S0300            0.40%    passed     75.67%
  92  S0303            7.11%    passed     98.51%
  93  MYZV            18.18%    passed     51.27%
  94  PAFTOL_019361    0.00%    passed     97.91%
  95  S0895            6.92%    passed     97.20%
  96  S0894            1.78%    passed     99.46%
  97  S0897            8.30%    passed     95.27%
  98  S0896            1.19%    passed     90.67%
  99  S0890            6.52%    passed     56.88%
 100  S0892            0.00%    passed     99.57%
 101  S0954           11.86%    passed     87.60%
 102  S1043sl          5.93%    passed     94.14%
 103  S0956            9.49%    passed     99.83%
 104  S0957           17.00%    passed     79.43%
 105  S0899            5.93%    passed     99.17%
 106  S0951            0.40%    passed     79.08%
 107  S0952            1.78%    passed     62.09%
 108  S1235sl          0.00%    passed     93.81%
 109  S0655sl         11.07%    passed     91.34%
 110  S0583           12.85%    passed     95.58%
 111  PAFTOL_023515    6.72%    passed     66.60%
 112  S0624            0.40%    passed     88.54%
 113  S1250sl          0.00%    passed     88.84%
 114  S1506            6.72%    passed     91.69%
 115  S1509           10.08%    passed     98.04%
 116  S0756            5.93%    passed     95.77%
 117  S0757            2.96%    passed     98.13%
 118  S0752           11.66%    passed     89.89%
 119  S0751           10.08%    passed     99.22%
 120  S0055            6.13%    passed     99.01%
 121  S0758            7.91%    passed     97.66%
 122  S1187sl         16.40%    passed     98.55%
 123  S1053sl         10.08%    passed     92.02%
 124  S1106sl          7.71%    passed     96.50%
 125  S1232sl          1.38%    passed     88.00%
 126  S1376            7.31%    passed     91.95%
 127  S1375            6.92%    passed     99.88%
 128  S1374            2.17%    passed     99.85%
 129  S1371            7.31%    passed     95.52%
 130  S1370            5.14%    passed     96.33%
 131  S1378            4.74%    passed     99.45%
 132  S1474            1.38%    passed     87.80%
 133  S1475            2.17%    passed     94.86%
 134  S0613sl          0.00%    passed     96.30%
 135  S1579            6.72%    passed     93.34%
 136  S0947sl          4.35%    passed     99.28%
 137  S1093sl          0.79%    passed     99.14%
 138  S0577           15.02%    passed     76.37%
 139  ERR2789774       1.98%    passed     69.55%
 140  S0478            1.78%    passed     89.74%
 141  S0345           15.02%    passed     64.78%
 142  S0346            5.14%    passed     98.79%
 143  S1210            0.00%    passed     75.47%
 144  S1211            0.20%    passed     99.62%
 145  S1213            6.52%    passed     96.75%
 146  S0721sl          9.09%    passed     94.75%
 147  S0733sl          3.36%    passed     92.68%
 148  S1129sl          3.16%    passed     98.46%
 149  S1102            3.16%    passed     98.39%
 150  S1103            0.00%    passed     96.70%
 151  S0827            6.52%    passed     93.75%
 152  S1269            9.09%    passed     89.84%
 153  S0989           10.87%    passed     99.96%
 154  S1261            5.93%    passed     88.04%
 155  S1260            0.20%    passed     91.78%
 156  S0293            4.94%    passed     99.10%
 157  S0292            5.14%    passed     90.36%
 158  S0297           12.65%    passed     90.40%
 159  S0294            0.40%    passed     99.75%
 160  S0299           11.07%    passed     76.47%
 161  S0298            6.72%    passed     98.44%
 162  S0964            8.89%    passed     99.40%
 163  S1214sl          6.32%    passed     99.05%
 164  S0960            6.92%    passed     99.04%
 165  S0963            2.37%    passed     97.19%
 166  S1238sl          1.58%    passed     98.79%
 167  S0718            5.34%    passed     99.76%
 168  S0657            8.30%    passed     98.95%
 169  S0654            7.71%    passed     97.95%
 170  S0552sl          7.51%    passed     95.68%
 171  S1539            0.00%    passed     98.97%
 172  S1083            0.00%    passed     74.84%
 173  S1100            0.00%    passed     98.85%
 174  S1089            0.59%    passed     94.78%
 175  S0436            8.10%    passed     98.42%
 176  S0435            7.51%    passed     98.72%
 177  S0430            5.14%    passed     78.66%
 178  S0268            5.53%    passed     88.35%
 179  S1442           12.06%    passed     98.79%
 180  S1148            0.40%    passed     95.24%
 181  S1220            7.71%    passed     97.29%
 182  S1223            0.40%    passed     91.70%
 183  S1227            5.34%    passed     91.31%
 184  S0317           14.82%    passed     83.54%
 185  S0315           11.86%    passed     68.22%
 186  S0312            0.40%    passed     99.84%
 187  S0560           16.80%    passed     86.54%
 188  S0888            0.40%    passed     92.54%
 189  S0616            0.20%    passed     89.82%
 190  S0612            8.30%    passed     93.60%
 191  S1038            7.31%    passed     98.73%
 192  S1039            8.30%    passed     99.66%
 193  S0590           15.22%    passed     97.80%
 194  S0591            1.58%    passed     96.99%
 195  S0660sl          4.35%    passed     85.53%
 196  S0763            5.73%    passed     97.08%
 197  S0760            2.37%    passed     91.40%
 198  S0765            0.00%    passed     80.41%
 199  S0764            0.40%    passed     89.04%
 200  S0768           10.28%    passed     95.65%
 201  S1266sl          8.70%    passed     97.56%
 202  S1077            8.10%    passed     93.89%
 203  S1365            1.38%    passed     87.61%
 204  S1366            6.52%    passed     87.39%
 205  S1368            4.55%    passed     99.01%
 206  S1369            5.34%    passed     97.98%
 207  S1409           11.46%    passed     86.49%
 208  S1408           12.45%    passed     99.06%
 209  S1561            1.19%    passed     99.92%
 210  S1400            7.11%    passed     98.84%
 211  S1405            8.50%    passed     96.41%
 212  S0407sl          0.00%    passed     90.45%
 213  S0464           15.42%    passed     78.67%
 214  S0547            2.57%    passed     98.18%
 215  S1315            0.20%    passed     91.15%
 216  S1314           13.24%    passed     96.58%
 217  S1319            8.89%    passed     99.89%
 218  S0795            4.74%    passed     93.63%
 219  S1177            0.00%    passed     89.66%
 220  S1176            2.37%    passed     79.34%
 221  S1074            6.72%    passed     96.83%
 222  S0959            0.00%    passed     96.91%
 223  S0851           11.66%    passed     92.24%
 224  S1278            0.00%    passed     99.81%
 225  S1279            5.93%    passed     97.08%
 226  S1276            6.52%    passed     97.88%
 227  S0289            0.00%    passed     95.68%
 228  S0284           11.46%    passed     92.03%
 229  S0285            0.20%    passed     92.39%
 230  S0286            4.74%    passed     99.54%
 231  S0280            0.40%    passed     68.38%
 232  S0281            0.59%    passed     99.05%
 233  S0282            4.15%    passed     97.32%
 234  S0283            6.32%    passed     91.34%
 235  S_670            4.74%    passed     98.06%
 236  S0727            6.52%    passed     98.77%
 237  S0722            0.40%    passed     99.97%
 238  S0720            7.51%    passed     93.78%
 239  S1229-2          0.00%    passed     84.36%
 240  S0641            0.00%    passed     99.02%
 241  S0642            0.00%    passed     97.61%
 242  S0643            2.17%    passed     99.17%
 243  S0196sl          0.59%    passed     85.62%
 244  S1096            4.15%    passed     98.84%
 245  S1097            8.70%    passed     96.70%
 246  S1095            6.13%    passed     86.70%
 247  S1098           11.07%    passed     91.94%
 248  S0421            2.17%    passed     92.23%
 249  S0427            4.94%    passed     95.54%
 250  S0156            8.50%    passed     84.73%
 251  S1451            0.20%    passed     92.36%
 252  S1354            3.56%    passed     97.60%
 253  S1459            8.10%    passed     99.41%
 254  S1021           11.46%    passed     98.46%
 255  S0691           10.47%    passed     98.95%
 256  S0690            4.35%    passed     98.18%
 257  SRR6441723       2.57%    passed     95.63%
 258  S1230            1.19%    passed     95.59%
 259  S1234            5.93%    passed     90.04%
 260  S1239            0.99%    passed     95.33%
 261  S0450            6.52%    passed     92.23%
 262  S0329           15.81%    passed     84.63%
 263  S0323           11.66%    passed     99.73%
 264  S0322            3.16%    passed     92.51%
 265  S0320            0.99%    passed     79.59%
 266  S0327            6.13%    passed     95.33%
 267  S1040            4.35%    passed     99.38%
 268  S1045            2.37%    passed     98.77%
 269  S1044            9.49%    passed     99.45%
 270  S0728sl          1.58%    passed     99.60%
 271  S1128            5.34%    passed     99.30%
 272  S1121            2.57%    passed     98.05%
 273  S0809            9.49%    passed     84.31%
 274  S0412sl          2.17%    passed     98.80%
 275  S0677            3.36%    passed     96.45%
 276  S0671            2.96%    passed     97.80%
 277  S0670            6.13%    passed     96.50%
 278  S0673            0.00%    passed     98.86%
 279  S0672            1.19%    passed     98.58%
 280  S0770            0.00%    passed     80.09%
 281  S0771            0.00%    passed     90.08%
 282  S0772           13.64%    passed     97.49%
 283  S1398            0.00%    passed     85.71%
 284  S1419            6.52%    passed     97.17%
 285  S0747sl         11.86%    passed     96.65%
 286  S0558            5.53%    passed     99.05%
 287  S0417            4.35%    passed     93.13%
 288  S0416            0.00%    passed     89.26%
 289  S0419            0.20%    passed     97.73%
 290  S0555            0.20%    passed     97.25%
 291  S1221sl         11.86%    passed     97.26%
 292  SRR8528357       0.00%    passed     99.50%
 293  S1208sl         12.65%    passed     70.41%
 294  S1168            8.89%    passed     98.51%
 295  S0521            5.53%    passed     98.87%
 296  S1249            6.52%    passed     87.33%
 297  S1241            6.32%    passed     96.49%
 298  S1246            1.78%    passed     96.27%
 299  S1245            1.78%    passed     99.39%
 300  PAFTOL_019459    0.00%    passed     96.43%
****  TOTAL            5.34%  0 sequences failed composition chi2 test (p-value<5%; df=3)

Create initial parsimony tree by phylogenetic likelihood library (PLL)... 0.178 seconds
Generating 1000 samples for ultrafast bootstrap (seed: 998860)...

NOTE: 21 MB RAM (0 GB) is required!
Measuring multi-threading efficiency up to 48 CPU cores
Increase to 10 rounds for branch lengths
59 trees examined
Threads: 1 / Time: 48.065 sec / Speedup: 1.000 / Efficiency: 100% / LogL: -21907
Threads: 2 / Time: 48.010 sec / Speedup: 1.001 / Efficiency: 50% / LogL: -21907
Threads: 3 / Time: 40.198 sec / Speedup: 1.196 / Efficiency: 40% / LogL: -21907
BEST NUMBER OF THREADS: 1

Estimate model parameters (epsilon = 0.100)
1. Initial log-likelihood: -13314.235
2. Current log-likelihood: -12745.383
3. Current log-likelihood: -12733.684
4. Current log-likelihood: -12732.370
5. Current log-likelihood: -12731.770
6. Current log-likelihood: -12731.292
7. Current log-likelihood: -12730.877
8. Current log-likelihood: -12730.508
9. Current log-likelihood: -12730.178
10. Current log-likelihood: -12729.881
11. Current log-likelihood: -12729.613
12. Current log-likelihood: -12729.372
13. Current log-likelihood: -12729.153
14. Current log-likelihood: -12728.956
15. Current log-likelihood: -12728.776
16. Current log-likelihood: -12728.613
17. Current log-likelihood: -12728.463
18. Current log-likelihood: -12728.327
19. Current log-likelihood: -12728.202
20. Current log-likelihood: -12728.089
21. Current log-likelihood: -12727.984
Optimal log-likelihood: -12727.848
Rate parameters:  A-C: 1.38974  A-G: 3.44783  A-T: 0.94261  C-G: 1.16634  C-T: 5.02871  G-T: 1.00000
Base frequencies:  A: 0.314  C: 0.182  G: 0.225  T: 0.279
Site proportion and rates:  (0.442,0.143) (0.270,0.823) (0.219,1.864) (0.069,4.433)
Parameters optimization took 21 rounds (34.675 sec)
Computing ML distances based on estimated model parameters...
Computing ML distances took 2.820446 sec (of wall-clock time) 2.188000 sec(of CPU time)
Computing RapidNJ tree took 0.019957 sec (of wall-clock time) 0.032000 sec (of CPU time)
Log-likelihood of RapidNJ tree: -13034.163
--------------------------------------------------------------------
|             INITIALIZING CANDIDATE TREE SET                      |
--------------------------------------------------------------------
Generating 98 parsimony trees... 7.754 second
Computing log-likelihood of 98 initial trees ... 9.364 seconds
Current best score: -12653.857

Do NNI search on 20 best initial trees
Estimate model parameters (epsilon = 0.100)
BETTER TREE FOUND at iteration 1: -12607.825
Iteration 10 / LogL: -12652.899 / Time: 0h:4m:31s
Iteration 20 / LogL: -12647.380 / Time: 0h:5m:50s
Finish initializing candidate tree set (20)
Current best tree score: -12607.825 / CPU time: 174.040
Number of iterations: 20
--------------------------------------------------------------------
|               OPTIMIZING CANDIDATE TREE SET                      |
--------------------------------------------------------------------
Estimate model parameters (epsilon = 0.100)
BETTER TREE FOUND at iteration 26: -12604.303
Estimate model parameters (epsilon = 0.100)
BETTER TREE FOUND at iteration 30: -12601.020
Iteration 30 / LogL: -12601.020 / Time: 0h:7m:1s (0h:24m:12s left)
Estimate model parameters (epsilon = 0.100)
BETTER TREE FOUND at iteration 31: -12581.202
Iteration 40 / LogL: -12596.102 / Time: 0h:7m:54s (0h:18m:26s left)
Iteration 50 / LogL: -12590.051 / Time: 0h:8m:53s (0h:14m:41s left)
Log-likelihood cutoff on original alignment: -12704.535
Estimate model parameters (epsilon = 0.100)
BETTER TREE FOUND at iteration 53: -12577.638
Estimate model parameters (epsilon = 0.100)
BETTER TREE FOUND at iteration 58: -12574.039
Estimate model parameters (epsilon = 0.100)
BETTER TREE FOUND at iteration 59: -12559.238
Iteration 60 / LogL: -12573.968 / Time: 0h:10m:16s (0h:17m:14s left)
Iteration 70 / LogL: -12563.501 / Time: 0h:11m:30s (0h:14m:50s left)
Estimate model parameters (epsilon = 0.100)
BETTER TREE FOUND at iteration 75: -12555.666
Iteration 80 / LogL: -12563.608 / Time: 0h:12m:41s (0h:15m:14s left)
Estimate model parameters (epsilon = 0.100)
BETTER TREE FOUND at iteration 88: -12548.457
Iteration 90 / LogL: -12559.151 / Time: 0h:13m:52s (0h:15m:15s left)
Estimate model parameters (epsilon = 0.100)
BETTER TREE FOUND at iteration 98: -12547.317
Estimate model parameters (epsilon = 0.100)
BETTER TREE FOUND at iteration 99: -12540.715
Iteration 100 / LogL: -12558.941 / Time: 0h:14m:53s (0h:14m:52s left)
Log-likelihood cutoff on original alignment: -12672.490
NOTE: Bootstrap correlation coefficient of split occurrence frequencies: 0.925
NOTE: UFBoot does not converge, continue at least 100 more iterations
Estimate model parameters (epsilon = 0.100)
BETTER TREE FOUND at iteration 102: -12539.913
Estimate model parameters (epsilon = 0.100)
BETTER TREE FOUND at iteration 109: -12537.113
Iteration 110 / LogL: -12549.993 / Time: 0h:16m:0s (0h:14m:32s left)
Iteration 120 / LogL: -12561.649 / Time: 0h:16m:52s (0h:12m:37s left)
Iteration 130 / LogL: -12563.926 / Time: 0h:17m:51s (0h:10m:56s left)
Iteration 140 / LogL: -12553.096 / Time: 0h:18m:50s (0h:9m:20s left)
Estimate model parameters (epsilon = 0.100)
BETTER TREE FOUND at iteration 141: -12536.343
Estimate model parameters (epsilon = 0.100)
BETTER TREE FOUND at iteration 144: -12535.470
Iteration 150 / LogL: -12544.248 / Time: 0h:19m:45s (0h:12m:27s left)
Log-likelihood cutoff on original alignment: -12665.916
Iteration 160 / LogL: -12538.436 / Time: 0h:20m:44s (0h:10m:57s left)
Estimate model parameters (epsilon = 0.100)
BETTER TREE FOUND at iteration 169: -12534.029
Estimate model parameters (epsilon = 0.100)
BETTER TREE FOUND at iteration 170: -12532.991
Iteration 170 / LogL: -12532.991 / Time: 0h:21m:57s (0h:12m:59s left)
Estimate model parameters (epsilon = 0.100)
BETTER TREE FOUND at iteration 173: -12529.756
Iteration 180 / LogL: -12549.955 / Time: 0h:23m:16s (0h:12m:5s left)
Iteration 190 / LogL: -12557.135 / Time: 0h:24m:24s (0h:10m:43s left)
Iteration 200 / LogL: -12539.642 / Time: 0h:25m:31s (0h:9m:21s left)
Log-likelihood cutoff on original alignment: -12665.916
NOTE: Bootstrap correlation coefficient of split occurrence frequencies: 0.950
NOTE: UFBoot does not converge, continue at least 100 more iterations
Estimate model parameters (epsilon = 0.100)
BETTER TREE FOUND at iteration 203: -12529.660
Iteration 210 / LogL: -12538.573 / Time: 0h:26m:38s (0h:11m:51s left)
Estimate model parameters (epsilon = 0.100)
BETTER TREE FOUND at iteration 218: -12528.780
Iteration 220 / LogL: -12556.155 / Time: 0h:27m:33s (0h:12m:19s left)
Estimate model parameters (epsilon = 0.100)
BETTER TREE FOUND at iteration 225: -12528.484
Iteration 230 / LogL: -12529.728 / Time: 0h:28m:40s (0h:11m:53s left)
Iteration 240 / LogL: -12540.584 / Time: 0h:29m:50s (0h:10m:36s left)
Iteration 250 / LogL: -12575.019 / Time: 0h:30m:59s (0h:9m:19s left)
Log-likelihood cutoff on original alignment: -12665.916
BETTER TREE FOUND at iteration 255: -12528.478
Estimate model parameters (epsilon = 0.100)
BETTER TREE FOUND at iteration 256: -12525.305
Iteration 260 / LogL: -12529.611 / Time: 0h:32m:9s (0h:11m:55s left)
Estimate model parameters (epsilon = 0.100)
BETTER TREE FOUND at iteration 266: -12524.140
Iteration 270 / LogL: -12570.664 / Time: 0h:33m:17s (0h:11m:52s left)
Iteration 280 / LogL: -12524.401 / Time: 0h:34m:13s (0h:10m:32s left)
Iteration 290 / LogL: -12531.279 / Time: 0h:35m:23s (0h:9m:18s left)
Iteration 300 / LogL: -12527.178 / Time: 0h:36m:37s (0h:8m:5s left)
Log-likelihood cutoff on original alignment: -12665.916
NOTE: Bootstrap correlation coefficient of split occurrence frequencies: 0.948
NOTE: UFBoot does not converge, continue at least 100 more iterations
Iteration 310 / LogL: -12539.645 / Time: 0h:37m:51s (0h:11m:1s left)
Iteration 320 / LogL: -12525.957 / Time: 0h:39m:1s (0h:9m:47s left)
Iteration 330 / LogL: -12526.851 / Time: 0h:40m:4s (0h:8m:31s left)
Iteration 340 / LogL: -12527.230 / Time: 0h:41m:8s (0h:7m:16s left)
Iteration 350 / LogL: -12535.485 / Time: 0h:42m:17s (0h:6m:3s left)
Log-likelihood cutoff on original alignment: -12665.916
Iteration 360 / LogL: -12528.328 / Time: 0h:43m:21s (0h:4m:49s left)
Iteration 370 / LogL: -12529.136 / Time: 0h:44m:39s (0h:3m:37s left)
Iteration 380 / LogL: -12530.457 / Time: 0h:45m:52s (0h:2m:25s left)
Estimate model parameters (epsilon = 0.100)
BETTER TREE FOUND at iteration 386: -12523.951
Iteration 390 / LogL: -12526.601 / Time: 0h:47m:8s (0h:11m:38s left)
Iteration 400 / LogL: -12540.963 / Time: 0h:48m:29s (0h:10m:27s left)
Log-likelihood cutoff on original alignment: -12665.916
NOTE: Bootstrap correlation coefficient of split occurrence frequencies: 0.973
NOTE: UFBoot does not converge, continue at least 100 more iterations
Iteration 410 / LogL: -12541.492 / Time: 0h:49m:51s (0h:10m:58s left)
Iteration 420 / LogL: -12539.171 / Time: 0h:50m:50s (0h:9m:42s left)
Iteration 430 / LogL: -12546.538 / Time: 0h:51m:56s (0h:8m:28s left)
Iteration 440 / LogL: -12541.855 / Time: 0h:53m:7s (0h:7m:15s left)
Iteration 450 / LogL: -12526.017 / Time: 0h:54m:19s (0h:6m:2s left)
Log-likelihood cutoff on original alignment: -12665.916
Iteration 460 / LogL: -12543.659 / Time: 0h:55m:40s (0h:4m:51s left)
Iteration 470 / LogL: -12565.354 / Time: 0h:56m:50s (0h:3m:38s left)
Iteration 480 / LogL: -12526.732 / Time: 0h:58m:4s (0h:2m:25s left)
Iteration 490 / LogL: -12528.148 / Time: 0h:59m:20s (0h:1m:12s left)
Iteration 500 / LogL: -12593.331 / Time: 1h:0m:43s (0h:0m:0s left)
Log-likelihood cutoff on original alignment: -12665.916
NOTE: Bootstrap correlation coefficient of split occurrence frequencies: 0.975
NOTE: UFBoot does not converge, continue at least 100 more iterations
Iteration 510 / LogL: -12524.478 / Time: 1h:2m:20s (0h:11m:1s left)
Iteration 520 / LogL: -12530.933 / Time: 1h:3m:31s (0h:9m:47s left)
Iteration 530 / LogL: -12531.370 / Time: 1h:4m:53s (0h:8m:35s left)
Estimate model parameters (epsilon = 0.100)
BETTER TREE FOUND at iteration 533: -12522.958
Iteration 540 / LogL: -12525.409 / Time: 1h:6m:11s (0h:11m:25s left)
Iteration 550 / LogL: -12526.342 / Time: 1h:7m:23s (0h:10m:11s left)
Log-likelihood cutoff on original alignment: -12665.916
Estimate model parameters (epsilon = 0.100)
BETTER TREE FOUND at iteration 559: -12522.531
Iteration 560 / LogL: -12524.009 / Time: 1h:8m:50s (0h:12m:11s left)
Estimate model parameters (epsilon = 0.100)
BETTER TREE FOUND at iteration 567: -12519.697
Iteration 570 / LogL: -12531.417 / Time: 1h:10m:11s (0h:11m:57s left)
Iteration 580 / LogL: -12532.182 / Time: 1h:11m:26s (0h:10m:43s left)
Iteration 590 / LogL: -12533.803 / Time: 1h:12m:56s (0h:9m:32s left)
Iteration 600 / LogL: -12520.838 / Time: 1h:14m:16s (0h:8m:18s left)
Log-likelihood cutoff on original alignment: -12664.309
NOTE: Bootstrap correlation coefficient of split occurrence frequencies: 0.989
NOTE: UFBoot does not converge, continue at least 100 more iterations
Iteration 610 / LogL: -12531.753 / Time: 1h:15m:53s (0h:11m:12s left)
Iteration 620 / LogL: -12520.431 / Time: 1h:17m:30s (0h:10m:1s left)
Estimate model parameters (epsilon = 0.100)
BETTER TREE FOUND at iteration 627: -12517.150
Iteration 630 / LogL: -12518.095 / Time: 1h:18m:54s (0h:12m:10s left)
Iteration 640 / LogL: -12532.733 / Time: 1h:20m:23s (0h:10m:56s left)
Estimate model parameters (epsilon = 0.100)
BETTER TREE FOUND at iteration 649: -12516.576
Iteration 650 / LogL: -12536.230 / Time: 1h:21m:54s (0h:12m:29s left)
Log-likelihood cutoff on original alignment: -12664.309
Estimate model parameters (epsilon = 0.100)
BETTER TREE FOUND at iteration 656: -12512.454
Iteration 660 / LogL: -12525.276 / Time: 1h:23m:30s (0h:12m:9s left)
Iteration 670 / LogL: -12517.150 / Time: 1h:25m:9s (0h:10m:56s left)
Iteration 680 / LogL: -12526.925 / Time: 1h:26m:41s (0h:9m:42s left)
Estimate model parameters (epsilon = 0.100)
BETTER TREE FOUND at iteration 689: -12511.252
Iteration 690 / LogL: -12520.422 / Time: 1h:28m:8s (0h:12m:39s left)
Iteration 700 / LogL: -12536.688 / Time: 1h:29m:42s (0h:11m:25s left)
Log-likelihood cutoff on original alignment: -12664.309
NOTE: Bootstrap correlation coefficient of split occurrence frequencies: 0.966
NOTE: UFBoot does not converge, continue at least 100 more iterations
Iteration 710 / LogL: -12515.214 / Time: 1h:31m:22s (0h:11m:35s left)
Estimate model parameters (epsilon = 0.100)
BETTER TREE FOUND at iteration 716: -12511.071
Iteration 720 / LogL: -12549.654 / Time: 1h:32m:54s (0h:12m:24s left)
Iteration 730 / LogL: -12564.318 / Time: 1h:34m:22s (0h:11m:8s left)
Estimate model parameters (epsilon = 0.100)
BETTER TREE FOUND at iteration 734: -12508.214
Iteration 740 / LogL: -12519.666 / Time: 1h:36m:10s (0h:12m:14s left)
Iteration 750 / LogL: -12515.032 / Time: 1h:37m:50s (0h:10m:58s left)
Log-likelihood cutoff on original alignment: -12664.309
Iteration 760 / LogL: -12520.025 / Time: 1h:39m:34s (0h:9m:42s left)
Iteration 770 / LogL: -12512.861 / Time: 1h:41m:4s (0h:8m:24s left)
Iteration 780 / LogL: -12516.336 / Time: 1h:42m:41s (0h:7m:7s left)
Iteration 790 / LogL: -12535.737 / Time: 1h:44m:17s (0h:5m:48s left)
Iteration 800 / LogL: -12583.661 / Time: 1h:45m:47s (0h:4m:30s left)
Log-likelihood cutoff on original alignment: -12664.309
NOTE: Bootstrap correlation coefficient of split occurrence frequencies: 0.963
NOTE: UFBoot does not converge, continue at least 100 more iterations
Iteration 810 / LogL: -12516.067 / Time: 1h:47m:33s (0h:11m:57s left)
Iteration 820 / LogL: -12551.425 / Time: 1h:49m:10s (0h:10m:39s left)
Iteration 830 / LogL: -12511.064 / Time: 1h:51m:2s (0h:9m:22s left)
Iteration 840 / LogL: -12524.242 / Time: 1h:52m:42s (0h:8m:3s left)
Iteration 850 / LogL: -12523.712 / Time: 1h:54m:37s (0h:6m:45s left)
Log-likelihood cutoff on original alignment: -12664.309
Iteration 860 / LogL: -12515.621 / Time: 1h:56m:22s (0h:5m:25s left)
Iteration 870 / LogL: -12510.179 / Time: 1h:57m:57s (0h:4m:4s left)
Iteration 880 / LogL: -12509.500 / Time: 1h:59m:31s (0h:2m:43s left)
Iteration 890 / LogL: -12512.584 / Time: 2h:1m:8s (0h:1m:21s left)
Iteration 900 / LogL: -12516.076 / Time: 2h:2m:44s (0h:0m:0s left)
Log-likelihood cutoff on original alignment: -12664.309
NOTE: Bootstrap correlation coefficient of split occurrence frequencies: 0.960
NOTE: UFBoot does not converge, continue at least 100 more iterations
Iteration 910 / LogL: -12525.215 / Time: 2h:4m:18s (0h:12m:18s left)
Iteration 920 / LogL: -12513.287 / Time: 2h:5m:53s (0h:10m:57s left)
Iteration 930 / LogL: -12511.985 / Time: 2h:7m:40s (0h:9m:37s left)
Iteration 940 / LogL: -12515.637 / Time: 2h:9m:17s (0h:8m:15s left)
Estimate model parameters (epsilon = 0.100)
BETTER TREE FOUND at iteration 946: -12507.515
Estimate model parameters (epsilon = 0.100)
BETTER TREE FOUND at iteration 949: -12506.949
Iteration 950 / LogL: -12509.762 / Time: 2h:11m:8s (0h:13m:40s left)
Log-likelihood cutoff on original alignment: -12664.309
Iteration 960 / LogL: -12512.611 / Time: 2h:12m:52s (0h:12m:19s left)
Iteration 970 / LogL: -12509.951 / Time: 2h:14m:45s (0h:10m:59s left)
Estimate model parameters (epsilon = 0.100)
BETTER TREE FOUND at iteration 975: -12506.831
Estimate model parameters (epsilon = 0.100)
BETTER TREE FOUND at iteration 976: -12506.753
Iteration 980 / LogL: -12507.026 / Time: 2h:16m:35s (0h:13m:23s left)
Iteration 990 / LogL: -12514.723 / Time: 2h:18m:22s (0h:12m:1s left)
Iteration 1000 / LogL: -12517.913 / Time: 2h:20m:8s (0h:10m:39s left)
Log-likelihood cutoff on original alignment: -12664.309
NOTE: Bootstrap correlation coefficient of split occurrence frequencies: 0.956
NOTE: UFBoot does not converge, continue at least 100 more iterations
WARNING: bootstrap analysis did not converge. You should rerun with higher number of iterations (-nm option)
TREE SEARCH COMPLETED AFTER 1001 ITERATIONS / Time: 2h:20m:24s

--------------------------------------------------------------------
|                    FINALIZING TREE SEARCH                        |
--------------------------------------------------------------------
Performs final model parameters optimization
Estimate model parameters (epsilon = 0.010)
1. Initial log-likelihood: -12506.753
2. Current log-likelihood: -12506.728
3. Current log-likelihood: -12506.710
4. Current log-likelihood: -12506.691
5. Current log-likelihood: -12506.674
6. Current log-likelihood: -12506.659
7. Current log-likelihood: -12506.643
8. Current log-likelihood: -12506.628
9. Current log-likelihood: -12506.613
10. Current log-likelihood: -12506.590
11. Current log-likelihood: -12506.577
12. Current log-likelihood: -12506.562
13. Current log-likelihood: -12506.547
14. Current log-likelihood: -12506.533
15. Current log-likelihood: -12506.519
16. Current log-likelihood: -12506.505
17. Current log-likelihood: -12506.491
18. Current log-likelihood: -12506.477
19. Current log-likelihood: -12506.464
20. Current log-likelihood: -12506.451
21. Current log-likelihood: -12506.438
22. Current log-likelihood: -12506.425
23. Current log-likelihood: -12506.413
24. Current log-likelihood: -12506.400
25. Current log-likelihood: -12506.387
26. Current log-likelihood: -12506.375
27. Current log-likelihood: -12506.363
28. Current log-likelihood: -12506.351
29. Current log-likelihood: -12506.339
30. Current log-likelihood: -12506.328
31. Current log-likelihood: -12506.316
32. Current log-likelihood: -12506.304
33. Current log-likelihood: -12506.293
34. Current log-likelihood: -12506.282
35. Current log-likelihood: -12506.271
36. Current log-likelihood: -12506.260
37. Current log-likelihood: -12506.249
38. Current log-likelihood: -12506.238
39. Current log-likelihood: -12506.227
40. Current log-likelihood: -12506.216
41. Current log-likelihood: -12506.206
42. Current log-likelihood: -12506.195
43. Current log-likelihood: -12506.185
44. Current log-likelihood: -12506.175
45. Current log-likelihood: -12506.165
46. Current log-likelihood: -12506.154
47. Current log-likelihood: -12506.144
Optimal log-likelihood: -12506.128
Rate parameters:  A-C: 1.33529  A-G: 3.60287  A-T: 0.92095  C-G: 1.16988  C-T: 5.21109  G-T: 1.00000
Base frequencies:  A: 0.314  C: 0.182  G: 0.225  T: 0.279
Site proportion and rates:  (0.329,0.084) (0.280,0.500) (0.307,1.548) (0.083,4.292)
Parameters optimization took 47 rounds (92.053 sec)
BEST SCORE FOUND : -12506.128
Creating bootstrap support values...
Split supports printed to NEXUS file results_assessment_saturation_and_clocklikeliness/results_iqtree_gene_trees/result_5899_iqtree.splits.nex
Total tree length: 4.870

Total number of iterations: 1001
CPU time used for tree search: 6517.940 sec (1h:48m:37s)
Wall-clock time used for tree search: 8247.903 sec (2h:17m:27s)
Total CPU time used: 6816.408 sec (1h:53m:36s)
Total wall-clock time used: 8518.868 sec (2h:21m:58s)

Computing bootstrap consensus tree...
Reading input file results_assessment_saturation_and_clocklikeliness/results_iqtree_gene_trees/result_5899_iqtree.splits.nex...
300 taxa and 4799 splits.
Consensus tree written to results_assessment_saturation_and_clocklikeliness/results_iqtree_gene_trees/result_5899_iqtree.contree
Reading input trees file results_assessment_saturation_and_clocklikeliness/results_iqtree_gene_trees/result_5899_iqtree.contree
Log-likelihood of consensus tree: -12506.268

Analysis results written to: 
  IQ-TREE report:                results_assessment_saturation_and_clocklikeliness/results_iqtree_gene_trees/result_5899_iqtree.iqtree
  Maximum-likelihood tree:       results_assessment_saturation_and_clocklikeliness/results_iqtree_gene_trees/result_5899_iqtree.treefile
  Likelihood distances:          results_assessment_saturation_and_clocklikeliness/results_iqtree_gene_trees/result_5899_iqtree.mldist

Ultrafast bootstrap approximation results written to:
  Split support values:          results_assessment_saturation_and_clocklikeliness/results_iqtree_gene_trees/result_5899_iqtree.splits.nex
  Consensus tree:                results_assessment_saturation_and_clocklikeliness/results_iqtree_gene_trees/result_5899_iqtree.contree
  Screen log file:               results_assessment_saturation_and_clocklikeliness/results_iqtree_gene_trees/result_5899_iqtree.log

Date and Time: Wed Mar 30 06:15:32 2022
