IQ-TREE multicore version 2.1.3 COVID-edition for Linux 64-bit built Apr 21 2021
Developed by Bui Quang Minh, James Barbetti, Nguyen Lam Tung,
Olga Chernomor, Heiko Schmidt, Dominik Schrempf, Michael Woodhams.

Host:    hpc-high-memory-multi-user (AVX2, FMA3, 1007 GB RAM)
Command: /home/kasper.hendriks/iqtree-2.1.3-Linux/bin/iqtree2 -s results_assessment_saturation_and_clocklikeliness/input_gene_alignments_cleaned/5G60750_cleaned.fasta -B 1000 -nm 1000 -m GTR+F+R -nt AUTO --prefix results_assessment_saturation_and_clocklikeliness/results_iqtree_gene_trees/result_5G60750_iqtree
Seed:    46032 (Using SPRNG - Scalable Parallel Random Number Generator)
Time:    Wed Mar 30 10:04:55 2022
Kernel:  AVX+FMA - auto-detect threads (48 CPU cores detected)

Reading alignment file results_assessment_saturation_and_clocklikeliness/input_gene_alignments_cleaned/5G60750_cleaned.fasta ... Fasta format detected
Alignment most likely contains DNA/RNA sequences
Alignment has 347 sequences with 657 columns, 551 distinct patterns
259 parsimony-informative, 36 singleton sites, 362 constant sites
             Gap/Ambiguity  Composition  p-value
   1  S0941          0.61%    passed     90.13%
   2  S0946          1.67%    passed     67.82%
   3  S0949          8.83%    passed     96.94%
   4  S1114-2        2.59%    passed     98.55%
   5  S0732          2.59%    passed     87.71%
   6  S0735          0.00%    passed     87.62%
   7  S0403sl        0.15%    failed      0.35%
   8  S0739          0.61%    passed     87.95%
   9  S1328sl        0.15%    passed     99.19%
  10  S0385          3.65%    passed     78.78%
  11  S0384          0.91%    passed     78.08%
  12  S0381          0.76%    passed     95.48%
  13  S0380          7.76%    passed     32.98%
  14  S0383          5.78%    passed     56.15%
  15  S1541sl        4.57%    passed     84.13%
  16  SRR11470320    0.00%    passed     93.40%
  17  S1519         11.72%    passed     95.11%
  18  S0745          0.61%    passed     82.05%
  19  S0746          1.07%    passed     99.62%
  20  S0741          9.28%    passed     69.96%
  21  S0740          2.89%    passed     97.06%
  22  S0743          0.00%    passed     85.12%
  23  S0742          0.15%    passed     99.80%
  24  S0748          0.00%    passed     63.42%
  25  S0326-2       20.09%    passed     67.46%
  26  S1011sl        4.57%    passed     94.49%
  27  S1462          0.00%    passed     94.43%
  28  S1460          0.91%    passed     86.09%
  29  S1464          4.57%    passed     96.89%
  30  S1342          3.81%    passed     92.84%
  31  S1341          4.41%    passed     89.51%
  32  S1188          2.59%    passed     99.21%
  33  S0902          2.59%    passed     96.46%
  34  S0688          0.00%    passed     84.42%
  35  S0689          0.00%    passed     92.51%
  36  S0562          7.00%    passed     82.09%
  37  S0335          0.00%    passed     89.62%
  38  S0331          1.52%    passed     57.12%
  39  S1204          1.98%    passed     89.54%
  40  S0762-2        1.22%    passed     99.20%
  41  S0724sl        0.61%    passed     75.48%
  42  S1050          8.98%    passed     98.27%
  43  S1119         17.20%    passed     96.46%
  44  S1118          3.20%    passed     94.55%
  45  S1113          4.11%    passed     91.90%
  46  S1111          7.31%    passed     97.63%
  47  S1110          0.00%    passed     99.59%
  48  S1117          5.33%    passed     93.00%
  49  S1116         10.35%    passed     92.21%
  50  S0836          5.18%    passed     95.82%
  51  S0834          4.26%    passed     96.87%
  52  S1258-2        4.57%    passed     95.18%
  53  S1498          0.00%    passed     94.91%
  54  S1052sl       11.87%    passed     75.80%
  55  SRR8528365     0.00%    passed     93.13%
  56  SRR8528364     7.76%    passed     91.81%
  57  SRR8528361     0.00%    passed     97.77%
  58  S0667          4.11%    passed     85.53%
  59  S0664          3.04%    passed     68.14%
  60  S0662          2.44%    passed     80.92%
  61  SRR8528400     0.00%    passed     87.69%
  62  S0669          0.00%    passed     95.56%
  63  S0906          0.15%    passed     93.01%
  64  S0904          3.50%    passed     99.12%
  65  S0903          8.68%    passed     88.45%
  66  S1189          0.00%    passed     97.21%
  67  S0901          2.59%    passed     88.74%
  68  S1184          2.59%    passed     78.54%
  69  S1180          0.76%    passed     90.40%
  70  S1182          0.76%    passed     19.65%
  71  S0371          6.85%    passed     95.47%
  72  S0420sl        3.50%    passed     93.40%
  73  S1201sl        0.00%    passed     96.24%
  74  S0645sl        1.37%    passed     57.89%
  75  S1424          0.00%    passed     98.81%
  76  S1422          0.15%    passed     79.54%
  77  S1381          0.00%    passed     83.40%
  78  S1428          0.30%    passed      5.41%
  79  S0400          0.00%    passed     94.19%
  80  S0731sl        2.74%    passed     97.48%
  81  S0405          0.00%    passed     90.54%
  82  S0275         10.05%    passed     63.99%
  83  S0277         16.13%    passed     86.82%
  84  S0279          4.87%    passed     96.39%
  85  S0278          0.00%    passed     88.22%
  86  S0373          4.41%    passed     90.81%
  87  S0376         14.76%    passed     61.67%
  88  S0377          0.15%    passed     61.60%
  89  S1332          0.00%    passed     98.18%
  90  S1331          3.35%    passed     99.31%
  91  S1336          3.65%    passed     99.24%
  92  S1339          0.15%    passed     89.96%
  93  S0509          9.28%    passed     96.18%
  94  S0656sl        0.61%    passed     98.95%
  95  S1251          0.00%    passed     96.56%
  96  S0308          0.00%    passed     94.69%
  97  S0305          1.37%    passed     90.20%
  98  S0301          0.76%    passed     88.24%
  99  S0300          7.00%    passed     64.62%
 100  S0303          0.00%    passed     78.49%
 101  S0407sl        0.30%    passed     98.19%
 102  S1181-2        5.48%    passed     86.27%
 103  S0895          4.72%    passed     74.05%
 104  S0894          0.00%    passed     95.43%
 105  S0897          2.59%    passed     94.71%
 106  S0896          0.76%    passed     58.59%
 107  S0893         24.20%    passed     72.29%
 108  S0892          0.00%    passed     75.92%
 109  S0954          0.15%    passed     96.74%
 110  S1043sl        8.22%    passed     98.90%
 111  S0956          4.87%    passed     85.34%
 112  S0957          0.00%    passed     99.46%
 113  S0899          1.52%    passed     99.69%
 114  S0952          0.00%    passed     83.23%
 115  S1235sl        0.00%    passed     84.67%
 116  S0655sl        5.94%    passed     92.58%
 117  S0583          3.35%    passed     82.46%
 118  S0624          0.15%    passed     98.01%
 119  S1250sl        0.15%    passed     91.55%
 120  SRR8528339     1.37%    passed     89.23%
 121  S1509          0.46%    passed     76.54%
 122  S0756          0.00%    passed     89.03%
 123  S0757          2.13%    passed     92.98%
 124  S0754          3.96%    passed     96.41%
 125  S0752          7.46%    passed     76.64%
 126  S0753          0.61%    passed     96.61%
 127  SRR8528350     0.00%    passed     78.33%
 128  S0751          6.70%    passed     95.53%
 129  S0055          0.00%    passed     69.11%
 130  S0758         13.70%    passed     46.87%
 131  SRR8528359     0.00%    passed     99.12%
 132  S1187sl        1.98%    passed     98.35%
 133  S1053sl        6.85%    passed     91.60%
 134  S1106sl        3.81%    passed     95.65%
 135  S1232sl        0.61%    passed     96.90%
 136  S1376          1.67%    passed     94.71%
 137  S1375          0.00%    passed     67.67%
 138  S1374          2.59%    passed     91.12%
 139  S1371          3.50%    passed     80.24%
 140  S1370          0.76%    passed     85.59%
 141  S1378          1.07%    passed     59.79%
 142  SRR8528381     0.00%    failed      2.72%
 143  SRR8528380     0.30%    passed     86.22%
 144  S1474          2.28%    passed     96.71%
 145  S1475         21.31%    passed     67.50%
 146  S0613sl        0.15%    passed     88.03%
 147  S1579          0.61%    passed     96.97%
 148  S0947sl        5.78%    passed     95.16%
 149  SRR8528384     7.00%    passed     98.88%
 150  S1093sl        7.61%    passed     93.71%
 151  S0577         19.63%    passed     97.73%
 152  S0478          0.00%    passed     99.67%
 153  S0346          4.41%    passed     98.99%
 154  S1210          0.00%    passed     99.62%
 155  S1211          0.00%    passed     44.82%
 156  S1213         10.65%    passed     86.75%
 157  S0721sl        2.59%    passed     96.90%
 158  S0733sl        0.46%    passed     94.94%
 159  S1100          0.15%    passed     77.56%
 160  S1102          6.39%    passed     96.97%
 161  S1103          1.67%    passed     94.06%
 162  S0827          0.15%    passed     99.82%
 163  S1269          0.00%    passed     78.49%
 164  S1261          4.72%    passed     99.14%
 165  S1260          2.13%    passed     88.59%
 166  S1262          3.96%    passed     91.16%
 167  S0293          0.30%    passed     81.10%
 168  S0292          0.61%    passed     70.06%
 169  S0297          4.57%    passed     94.14%
 170  S0294          7.46%    passed     72.19%
 171  S0299          2.44%    passed     97.63%
 172  S0298          4.57%    passed     99.01%
 173  S0964          0.46%    passed     83.05%
 174  S1214sl        0.00%    passed     98.20%
 175  S0960          1.98%    passed     93.00%
 176  S0963          3.81%    passed     98.93%
 177  S1238sl        0.30%    passed     96.32%
 178  SRR8528391     0.00%    passed     97.78%
 179  SRR8528397     2.89%    passed     96.61%
 180  SRR8528394     0.00%    passed     98.52%
 181  SRR8528398     0.61%    passed     96.71%
 182  SRR8528399     0.30%    passed     99.92%
 183  S0718          2.28%    passed     86.40%
 184  S0657          8.83%    passed     99.69%
 185  S0654          6.39%    passed     95.34%
 186  S0717          8.68%    passed     59.88%
 187  S0552sl        0.76%    passed     80.76%
 188  S0647-2        4.87%    passed     93.32%
 189  S1539          0.00%    passed     99.27%
 190  S1083          0.00%    passed     94.40%
 191  S1129sl        0.15%    passed     96.68%
 192  S1089          4.87%    passed     98.59%
 193  S1069          2.89%    passed     89.77%
 194  S0436          0.46%    passed     98.78%
 195  S0435          4.87%    passed     96.43%
 196  S0430          0.00%    passed     73.37%
 197  S0268          0.15%    passed     81.12%
 198  S1442         13.24%    passed     96.11%
 199  S1449          0.30%    passed     80.42%
 200  S1148          2.28%    passed     85.38%
 201  S1220          0.61%    passed     71.04%
 202  S1223          0.00%    passed     84.43%
 203  S1227          0.00%    passed     91.51%
 204  S0317          4.87%    passed     65.49%
 205  S0315          1.22%    passed     67.16%
 206  S0312          2.13%    passed     97.14%
 207  S0560          3.65%    passed     90.73%
 208  S0888          0.30%    passed     98.14%
 209  S0617          7.31%    passed     91.50%
 210  S0616          0.00%    passed     80.95%
 211  S0612          1.98%    passed     92.37%
 212  S1038          3.65%    passed     99.83%
 213  S1039          4.11%    passed     95.71%
 214  S0590          4.87%    passed     89.05%
 215  S0591          1.67%    passed     95.11%
 216  S0593          3.20%    passed     99.40%
 217  S0660sl        2.44%    passed     76.66%
 218  S0763          0.00%    passed     87.62%
 219  SRR8528347     0.00%    passed     98.64%
 220  S0760          0.00%    passed     96.48%
 221  SRR8528341     0.00%    passed     95.41%
 222  S0766          3.04%    passed     94.18%
 223  SRR8528343     0.00%    passed     94.96%
 224  S0764          8.52%    passed     78.92%
 225  S0768          6.24%    passed     98.20%
 226  S1266sl        0.00%    passed     73.56%
 227  S1077          8.98%    passed     91.86%
 228  S1365         11.57%    passed     98.34%
 229  S1366          0.00%    passed     69.00%
 230  S1368          2.44%    passed     96.29%
 231  S1369          0.00%    passed     95.37%
 232  S1409          1.52%    passed     81.21%
 233  S1408          0.46%    passed     67.26%
 234  S1561          4.41%    passed     81.31%
 235  S1401          3.50%    passed     81.92%
 236  S1400          5.18%    passed     99.33%
 237  S1405          0.46%    passed     99.52%
 238  S1407          2.13%    passed     86.24%
 239  S0464          0.00%    passed     91.63%
 240  S0547          4.26%    passed     90.44%
 241  S1318-2        1.22%    passed     88.45%
 242  S0355          0.00%    passed     72.90%
 243  S1315          0.00%    passed     96.42%
 244  S1314          0.76%    passed     91.88%
 245  S0765          0.00%    passed     92.34%
 246  SRR8528342     7.61%    passed     99.28%
 247  S1319          2.59%    passed     93.58%
 248  S0791          3.81%    passed     99.68%
 249  S0795          1.07%    passed     93.48%
 250  S1177          0.00%    passed     97.61%
 251  S1176          0.30%    passed     88.01%
 252  S1072          7.91%    passed     95.17%
 253  S1074          1.22%    passed     98.87%
 254  S0959          0.00%    passed     86.93%
 255  S0851          6.24%    passed     71.21%
 256  S1278          0.00%    passed     90.18%
 257  S1279          0.76%    passed     90.88%
 258  S1276          9.89%    passed     34.13%
 259  S1270          7.46%    passed     97.32%
 260  S0288          0.00%    passed     79.23%
 261  S0289          0.61%    passed     94.35%
 262  S0285          0.00%    passed     84.67%
 263  S0286          4.26%    passed     96.92%
 264  S0280          0.15%    passed     82.95%
 265  S0281          2.89%    passed     86.24%
 266  S0282          0.00%    passed     83.59%
 267  S0283          5.63%    passed     96.46%
 268  S_670          0.30%    passed     89.39%
 269  S0727          5.33%    passed     98.76%
 270  S0726          0.15%    passed     95.95%
 271  SRR8528382     4.72%    passed     97.70%
 272  SRR8528385     0.30%    passed     98.81%
 273  S0722          5.33%    passed     99.77%
 274  S0720          0.00%    passed     96.58%
 275  SRR8528389     0.00%    passed     91.74%
 276  SRR8528388     4.57%    passed     96.90%
 277  S1229-2        0.30%    passed     87.33%
 278  S0641          0.00%    passed     71.44%
 279  S0642          0.00%    passed     88.86%
 280  SRR8528338     0.00%    passed     98.22%
 281  S0196sl        5.18%    passed     84.37%
 282  SRR8528336     0.00%    passed     90.86%
 283  S1096          4.11%    passed     97.73%
 284  S1097          3.35%    passed     94.70%
 285  S1095          5.02%    passed     98.50%
 286  S1098          5.48%    passed     99.41%
 287  S0421          1.98%    passed     96.79%
 288  S0424          0.00%    passed     98.72%
 289  S0427          0.00%    passed     85.69%
 290  S0156          6.70%    passed     95.63%
 291  S1451          0.00%    passed     98.94%
 292  S1354          9.28%    passed     87.18%
 293  S1458          2.59%    passed     94.92%
 294  S1459          2.59%    passed     96.36%
 295  S1021          1.83%    passed     86.81%
 296  S0691          0.91%    passed     98.65%
 297  S0690          0.00%    passed     80.48%
 298  S1230          2.74%    passed     91.26%
 299  S1234          0.76%    passed     98.18%
 300  S1239          0.00%    passed     91.53%
 301  S0450          0.00%    passed     99.60%
 302  S0329          0.00%    passed     91.81%
 303  S0323          7.31%    passed     95.04%
 304  S0322          0.00%    passed     85.15%
 305  S0320          0.00%    passed     93.59%
 306  S0327          0.00%    passed     98.64%
 307  SRR8528358     0.46%    passed     95.64%
 308  S1040          3.96%    passed     96.01%
 309  S1045          6.39%    passed     98.85%
 310  S1044          3.96%    passed     97.45%
 311  S0728sl       10.50%    passed     92.90%
 312  S1128          0.46%    passed     94.59%
 313  S1120          1.52%    passed     99.01%
 314  S1121          4.26%    passed     91.43%
 315  S0809          3.20%    passed     82.15%
 316  S0412sl        0.15%    passed     97.20%
 317  SRR8528379     0.00%    passed     90.37%
 318  SRR8528370     0.00%    passed     99.92%
 319  SRR8528372     0.00%    passed     98.02%
 320  SRR8528373     5.63%    passed     93.23%
 321  SRR8528376     0.30%    passed     61.11%
 322  S0677          0.61%    passed     90.59%
 323  S0671          3.50%    passed     96.66%
 324  S0670          0.76%    passed     69.45%
 325  S0673          0.00%    passed     97.79%
 326  S0672          1.67%    passed     97.99%
 327  S0770          0.15%    passed     98.09%
 328  S0771          0.00%    passed     90.87%
 329  S0772          1.83%    passed     86.08%
 330  S1419          1.37%    passed     86.05%
 331  S0747sl        2.74%    passed     75.17%
 332  S0558          0.00%    passed     90.58%
 333  S0417          0.76%    passed     98.53%
 334  S0416          3.96%    passed     98.54%
 335  S0419          0.15%    passed     93.96%
 336  S0555          1.52%    passed     66.51%
 337  S1221sl        2.89%    passed     22.21%
 338  SRR8528356     2.74%    passed      6.80%
 339  SRR8528357     0.00%    passed     94.69%
 340  SRR8528354     0.00%    passed     87.83%
 341  S1208sl        1.83%    passed     69.28%
 342  S1168          0.76%    passed     84.65%
 343  S0521          4.57%    passed     98.15%
 344  S1249          0.00%    passed     67.44%
 345  S1241          4.87%    passed     96.24%
 346  S1246          0.15%    passed     99.52%
 347  S1245          0.00%    passed     95.90%
****  TOTAL          2.81%  2 sequences failed composition chi2 test (p-value<5%; df=3)

Create initial parsimony tree by phylogenetic likelihood library (PLL)... 0.170 seconds
Generating 1000 samples for ultrafast bootstrap (seed: 46032)...

NOTE: 27 MB RAM (0 GB) is required!
Measuring multi-threading efficiency up to 48 CPU cores
Increase to 10 rounds for branch lengths
50 trees examined
Threads: 1 / Time: 48.337 sec / Speedup: 1.000 / Efficiency: 100% / LogL: -32403
Threads: 2 / Time: 46.205 sec / Speedup: 1.046 / Efficiency: 52% / LogL: -32403
Threads: 3 / Time: 59.997 sec / Speedup: 0.806 / Efficiency: 27% / LogL: -32403
BEST NUMBER OF THREADS: 1

Estimate model parameters (epsilon = 0.100)
1. Initial log-likelihood: -17498.580
2. Current log-likelihood: -16364.455
3. Current log-likelihood: -16316.022
4. Current log-likelihood: -16287.732
5. Current log-likelihood: -16268.463
6. Current log-likelihood: -16254.698
7. Current log-likelihood: -16244.359
8. Current log-likelihood: -16236.394
9. Current log-likelihood: -16230.160
10. Current log-likelihood: -16227.905
Optimal log-likelihood: -16227.883
Rate parameters:  A-C: 1.01844  A-G: 4.67232  A-T: 1.28945  C-G: 0.80755  C-T: 3.80458  G-T: 1.00000
Base frequencies:  A: 0.201  C: 0.225  G: 0.248  T: 0.326
Site proportion and rates:  (0.652,0.088) (0.000,0.204) (0.256,1.726) (0.092,5.454)
Parameters optimization took 10 rounds (28.648 sec)
Computing ML distances based on estimated model parameters...
Computing ML distances took 5.959942 sec (of wall-clock time) 3.940000 sec(of CPU time)
Computing RapidNJ tree took 0.028776 sec (of wall-clock time) 0.040000 sec (of CPU time)
Log-likelihood of RapidNJ tree: -16602.934
--------------------------------------------------------------------
|             INITIALIZING CANDIDATE TREE SET                      |
--------------------------------------------------------------------
Generating 98 parsimony trees... 10.491 second
Computing log-likelihood of 98 initial trees ... 14.238 seconds
Current best score: -16157.524

Do NNI search on 20 best initial trees
Estimate model parameters (epsilon = 0.100)
BETTER TREE FOUND at iteration 1: -16084.342
Iteration 10 / LogL: -16132.494 / Time: 0h:5m:16s
Iteration 20 / LogL: -16113.990 / Time: 0h:6m:20s
Finish initializing candidate tree set (20)
Current best tree score: -16084.342 / CPU time: 188.754
Number of iterations: 20
--------------------------------------------------------------------
|               OPTIMIZING CANDIDATE TREE SET                      |
--------------------------------------------------------------------
Estimate model parameters (epsilon = 0.100)
BETTER TREE FOUND at iteration 24: -16073.712
Iteration 30 / LogL: -16094.250 / Time: 0h:7m:2s (0h:22m:49s left)
Estimate model parameters (epsilon = 0.100)
BETTER TREE FOUND at iteration 37: -16066.070
Estimate model parameters (epsilon = 0.100)
BETTER TREE FOUND at iteration 38: -16065.307
Iteration 40 / LogL: -16096.211 / Time: 0h:7m:59s (0h:20m:4s left)
Estimate model parameters (epsilon = 0.100)
BETTER TREE FOUND at iteration 44: -16064.305
Estimate model parameters (epsilon = 0.100)
BETTER TREE FOUND at iteration 47: -16062.770
Estimate model parameters (epsilon = 0.100)
BETTER TREE FOUND at iteration 48: -16059.345
Iteration 50 / LogL: -16075.424 / Time: 0h:9m:21s (0h:18m:43s left)
Log-likelihood cutoff on original alignment: -16167.265
Estimate model parameters (epsilon = 0.100)
BETTER TREE FOUND at iteration 60: -16058.782
Iteration 60 / LogL: -16058.782 / Time: 0h:10m:48s (0h:18m:18s left)
BETTER TREE FOUND at iteration 63: -16058.781
Estimate model parameters (epsilon = 0.100)
BETTER TREE FOUND at iteration 69: -16057.753
Iteration 70 / LogL: -16139.624 / Time: 0h:11m:55s (0h:17m:6s left)
Estimate model parameters (epsilon = 0.100)
BETTER TREE FOUND at iteration 76: -16056.583
Iteration 80 / LogL: -16107.732 / Time: 0h:13m:8s (0h:15m:58s left)
Estimate model parameters (epsilon = 0.100)
BETTER TREE FOUND at iteration 83: -16051.487
Iteration 90 / LogL: -16051.887 / Time: 0h:14m:27s (0h:15m:6s left)
Iteration 100 / LogL: -16054.432 / Time: 0h:15m:45s (0h:13m:12s left)
Log-likelihood cutoff on original alignment: -16164.035
NOTE: Bootstrap correlation coefficient of split occurrence frequencies: 0.983
NOTE: UFBoot does not converge, continue at least 100 more iterations
Estimate model parameters (epsilon = 0.100)
BETTER TREE FOUND at iteration 106: -16049.586
Iteration 110 / LogL: -16067.888 / Time: 0h:17m:9s (0h:15m:6s left)
Estimate model parameters (epsilon = 0.100)
BETTER TREE FOUND at iteration 115: -16048.645
Iteration 120 / LogL: -16068.987 / Time: 0h:18m:28s (0h:14m:45s left)
Iteration 130 / LogL: -16049.904 / Time: 0h:19m:58s (0h:13m:9s left)
Estimate model parameters (epsilon = 0.100)
BETTER TREE FOUND at iteration 137: -16047.819
Iteration 140 / LogL: -16066.931 / Time: 0h:21m:13s (0h:14m:48s left)
Estimate model parameters (epsilon = 0.100)
BETTER TREE FOUND at iteration 141: -16044.184
Iteration 150 / LogL: -16050.228 / Time: 0h:22m:40s (0h:13m:50s left)
Log-likelihood cutoff on original alignment: -16164.035
Iteration 160 / LogL: -16048.216 / Time: 0h:23m:56s (0h:12m:11s left)
Iteration 170 / LogL: -16044.665 / Time: 0h:25m:8s (0h:10m:33s left)
Estimate model parameters (epsilon = 0.100)
BETTER TREE FOUND at iteration 174: -16041.814
Estimate model parameters (epsilon = 0.100)
BETTER TREE FOUND at iteration 177: -16040.355
Iteration 180 / LogL: -16053.047 / Time: 0h:26m:30s (0h:14m:21s left)
Estimate model parameters (epsilon = 0.100)
BETTER TREE FOUND at iteration 181: -16040.049
Iteration 190 / LogL: -16044.220 / Time: 0h:27m:49s (0h:13m:23s left)
Estimate model parameters (epsilon = 0.100)
BETTER TREE FOUND at iteration 196: -16039.756
Estimate model parameters (epsilon = 0.100)
BETTER TREE FOUND at iteration 199: -16039.707
Iteration 200 / LogL: -16042.309 / Time: 0h:29m:12s (0h:14m:31s left)
Log-likelihood cutoff on original alignment: -16147.227
NOTE: Bootstrap correlation coefficient of split occurrence frequencies: 0.965
NOTE: UFBoot does not converge, continue at least 100 more iterations
Estimate model parameters (epsilon = 0.100)
BETTER TREE FOUND at iteration 203: -16039.485
Estimate model parameters (epsilon = 0.100)
BETTER TREE FOUND at iteration 210: -16038.464
Iteration 210 / LogL: -16038.464 / Time: 0h:30m:52s (0h:14m:46s left)
Estimate model parameters (epsilon = 0.100)
BETTER TREE FOUND at iteration 213: -16037.048
Iteration 220 / LogL: -16039.536 / Time: 0h:32m:8s (0h:13m:38s left)
Iteration 230 / LogL: -16050.352 / Time: 0h:33m:21s (0h:12m:5s left)
Estimate model parameters (epsilon = 0.100)
BETTER TREE FOUND at iteration 240: -16036.783
Iteration 240 / LogL: -16036.783 / Time: 0h:34m:46s (0h:14m:32s left)
Iteration 250 / LogL: -16040.470 / Time: 0h:36m:8s (0h:13m:3s left)
Log-likelihood cutoff on original alignment: -16147.227
Estimate model parameters (epsilon = 0.100)
BETTER TREE FOUND at iteration 254: -16036.748
Iteration 260 / LogL: -16039.672 / Time: 0h:37m:30s (0h:13m:36s left)
Estimate model parameters (epsilon = 0.100)
BETTER TREE FOUND at iteration 267: -16036.327
Iteration 270 / LogL: -16045.836 / Time: 0h:39m:4s (0h:14m:5s left)
Iteration 280 / LogL: -16050.071 / Time: 0h:40m:37s (0h:12m:39s left)
Iteration 290 / LogL: -16043.822 / Time: 0h:42m:16s (0h:11m:15s left)
Iteration 300 / LogL: -16047.746 / Time: 0h:43m:44s (0h:9m:47s left)
Log-likelihood cutoff on original alignment: -16143.618
NOTE: Bootstrap correlation coefficient of split occurrence frequencies: 0.974
NOTE: UFBoot does not converge, continue at least 100 more iterations
Estimate model parameters (epsilon = 0.100)
BETTER TREE FOUND at iteration 307: -16036.122
Iteration 310 / LogL: -16040.067 / Time: 0h:45m:21s (0h:14m:14s left)
Estimate model parameters (epsilon = 0.100)
BETTER TREE FOUND at iteration 314: -16035.556
Iteration 320 / LogL: -16038.339 / Time: 0h:46m:52s (0h:13m:48s left)
Iteration 330 / LogL: -16039.819 / Time: 0h:48m:17s (0h:12m:19s left)
Iteration 340 / LogL: -16039.970 / Time: 0h:49m:41s (0h:10m:50s left)
Iteration 350 / LogL: -16071.789 / Time: 0h:51m:0s (0h:9m:21s left)
Log-likelihood cutoff on original alignment: -16143.618
Iteration 360 / LogL: -16061.503 / Time: 0h:52m:17s (0h:7m:51s left)
Iteration 370 / LogL: -16038.492 / Time: 0h:53m:43s (0h:6m:24s left)
Iteration 380 / LogL: -16054.928 / Time: 0h:55m:9s (0h:4m:56s left)
Estimate model parameters (epsilon = 0.100)
BETTER TREE FOUND at iteration 382: -16035.137
Iteration 390 / LogL: -16048.405 / Time: 0h:56m:31s (0h:13m:21s left)
Estimate model parameters (epsilon = 0.100)
BETTER TREE FOUND at iteration 399: -16034.658
Iteration 400 / LogL: -16048.329 / Time: 0h:57m:52s (0h:14m:21s left)
Log-likelihood cutoff on original alignment: -16143.618
NOTE: Bootstrap correlation coefficient of split occurrence frequencies: 0.983
NOTE: UFBoot does not converge, continue at least 100 more iterations
Estimate model parameters (epsilon = 0.100)
BETTER TREE FOUND at iteration 408: -16034.528
Iteration 410 / LogL: -16043.981 / Time: 0h:59m:23s (0h:14m:13s left)
Iteration 420 / LogL: -16048.162 / Time: 1h:0m:41s (0h:12m:44s left)
Iteration 430 / LogL: -16037.022 / Time: 1h:2m:0s (0h:11m:16s left)
Estimate model parameters (epsilon = 0.100)
BETTER TREE FOUND at iteration 440: -16034.471
Iteration 440 / LogL: -16034.471 / Time: 1h:3m:19s (0h:14m:25s left)
Iteration 450 / LogL: -16063.793 / Time: 1h:4m:43s (0h:12m:58s left)
Log-likelihood cutoff on original alignment: -16143.618
Iteration 460 / LogL: -16043.562 / Time: 1h:6m:4s (0h:11m:30s left)
Iteration 470 / LogL: -16060.042 / Time: 1h:7m:23s (0h:10m:3s left)
Iteration 480 / LogL: -16049.375 / Time: 1h:8m:50s (0h:8m:37s left)
Estimate model parameters (epsilon = 0.100)
BETTER TREE FOUND at iteration 488: -16034.103
Iteration 490 / LogL: -16046.013 / Time: 1h:10m:17s (0h:14m:5s left)
Iteration 500 / LogL: -16049.207 / Time: 1h:11m:46s (0h:12m:39s left)
Log-likelihood cutoff on original alignment: -16143.618
NOTE: Bootstrap correlation coefficient of split occurrence frequencies: 0.989
NOTE: UFBoot does not converge, continue at least 100 more iterations
Iteration 510 / LogL: -16042.984 / Time: 1h:13m:14s (0h:12m:57s left)
Iteration 520 / LogL: -16046.261 / Time: 1h:14m:42s (0h:11m:30s left)
Iteration 530 / LogL: -16096.434 / Time: 1h:16m:12s (0h:10m:5s left)
Iteration 540 / LogL: -16048.629 / Time: 1h:17m:46s (0h:8m:39s left)
Iteration 550 / LogL: -16040.061 / Time: 1h:19m:11s (0h:7m:12s left)
Log-likelihood cutoff on original alignment: -16143.618
Iteration 560 / LogL: -16063.478 / Time: 1h:20m:45s (0h:5m:46s left)
Iteration 570 / LogL: -16044.453 / Time: 1h:22m:10s (0h:4m:19s left)
Iteration 580 / LogL: -16057.500 / Time: 1h:23m:42s (0h:2m:53s left)
Iteration 590 / LogL: -16047.896 / Time: 1h:25m:5s (0h:1m:26s left)
Iteration 600 / LogL: -16061.188 / Time: 1h:26m:30s (0h:0m:0s left)
Log-likelihood cutoff on original alignment: -16143.618
NOTE: Bootstrap correlation coefficient of split occurrence frequencies: 0.990
TREE SEARCH COMPLETED AFTER 600 ITERATIONS / Time: 1h:26m:33s

--------------------------------------------------------------------
|                    FINALIZING TREE SEARCH                        |
--------------------------------------------------------------------
Performs final model parameters optimization
Estimate model parameters (epsilon = 0.010)
1. Initial log-likelihood: -16034.103
Optimal log-likelihood: -16034.102
Rate parameters:  A-C: 1.01860  A-G: 4.82059  A-T: 1.35376  C-G: 0.80432  C-T: 3.88312  G-T: 1.00000
Base frequencies:  A: 0.201  C: 0.225  G: 0.248  T: 0.326
Site proportion and rates:  (0.652,0.088) (0.000,0.204) (0.256,1.726) (0.092,5.454)
Parameters optimization took 1 rounds (0.428 sec)
BEST SCORE FOUND : -16034.102
Creating bootstrap support values...
Split supports printed to NEXUS file results_assessment_saturation_and_clocklikeliness/results_iqtree_gene_trees/result_5G60750_iqtree.splits.nex
Total tree length: 4.603

Total number of iterations: 600
CPU time used for tree search: 3789.904 sec (1h:3m:9s)
Wall-clock time used for tree search: 5001.777 sec (1h:23m:21s)
Total CPU time used: 4040.704 sec (1h:7m:20s)
Total wall-clock time used: 5196.631 sec (1h:26m:36s)

Computing bootstrap consensus tree...
Reading input file results_assessment_saturation_and_clocklikeliness/results_iqtree_gene_trees/result_5G60750_iqtree.splits.nex...
347 taxa and 4795 splits.
Consensus tree written to results_assessment_saturation_and_clocklikeliness/results_iqtree_gene_trees/result_5G60750_iqtree.contree
Reading input trees file results_assessment_saturation_and_clocklikeliness/results_iqtree_gene_trees/result_5G60750_iqtree.contree
Log-likelihood of consensus tree: -16035.297

Analysis results written to: 
  IQ-TREE report:                results_assessment_saturation_and_clocklikeliness/results_iqtree_gene_trees/result_5G60750_iqtree.iqtree
  Maximum-likelihood tree:       results_assessment_saturation_and_clocklikeliness/results_iqtree_gene_trees/result_5G60750_iqtree.treefile
  Likelihood distances:          results_assessment_saturation_and_clocklikeliness/results_iqtree_gene_trees/result_5G60750_iqtree.mldist

Ultrafast bootstrap approximation results written to:
  Split support values:          results_assessment_saturation_and_clocklikeliness/results_iqtree_gene_trees/result_5G60750_iqtree.splits.nex
  Consensus tree:                results_assessment_saturation_and_clocklikeliness/results_iqtree_gene_trees/result_5G60750_iqtree.contree
  Screen log file:               results_assessment_saturation_and_clocklikeliness/results_iqtree_gene_trees/result_5G60750_iqtree.log

Date and Time: Wed Mar 30 11:31:34 2022
