IQ-TREE multicore version 2.1.3 COVID-edition for Linux 64-bit built Apr 21 2021
Developed by Bui Quang Minh, James Barbetti, Nguyen Lam Tung,
Olga Chernomor, Heiko Schmidt, Dominik Schrempf, Michael Woodhams.

Host:    hpc-high-memory-multi-user (AVX2, FMA3, 1007 GB RAM)
Command: /home/kasper.hendriks/iqtree-2.1.3-Linux/bin/iqtree2 -s results_assessment_saturation_and_clocklikeliness/input_gene_alignments_cleaned/6130_cleaned.fasta -B 1000 -nm 1000 -m GTR+F+R -nt AUTO --prefix results_assessment_saturation_and_clocklikeliness/results_iqtree_gene_trees/result_6130_iqtree
Seed:    766591 (Using SPRNG - Scalable Parallel Random Number Generator)
Time:    Wed Mar 30 11:30:41 2022
Kernel:  AVX+FMA - auto-detect threads (48 CPU cores detected)

Reading alignment file results_assessment_saturation_and_clocklikeliness/input_gene_alignments_cleaned/6130_cleaned.fasta ... Fasta format detected
Alignment most likely contains DNA/RNA sequences
Alignment has 271 sequences with 345 columns, 289 distinct patterns
164 parsimony-informative, 33 singleton sites, 148 constant sites
               Gap/Ambiguity  Composition  p-value
   1  S0946            3.48%    passed     85.15%
   2  S0327            0.00%    passed     84.94%
   3  S0435            2.61%    passed     95.70%
   4  S1201sl          0.29%    passed     99.58%
   5  S0430            0.00%    passed     80.56%
   6  S0656sl          0.00%    passed     99.98%
   7  S0735            0.58%    passed     98.76%
   8  S0739            0.29%    passed     94.89%
   9  S0268            0.58%    passed     96.99%
  10  S1328sl          1.45%    passed     95.91%
  11  S1278            0.00%    passed     93.80%
  12  S0428sl          0.00%    passed    100.00%
  13  S1421            6.09%    passed     90.69%
  14  S1442            7.54%    passed     99.95%
  15  S0301            0.00%    passed     93.03%
  16  S0300            0.87%    passed     97.41%
  17  S0303            0.00%    passed     87.01%
  18  S0385            9.57%    passed     88.84%
  19  S0384            1.16%    passed     92.17%
  20  S1095            2.32%    passed     98.94%
  21  S0381           17.39%    passed     75.70%
  22  S0380            7.83%    passed     79.63%
  23  S0894            2.61%    passed     94.54%
  24  S0436            0.58%    passed     98.93%
  25  PAFTOL_019361    0.58%    passed     90.30%
  26  S0949            2.32%    passed     81.74%
  27  S1098            3.48%    passed     97.15%
  28  S0895            0.58%    passed     93.96%
  29  S0583            8.70%    passed     84.12%
  30  S0897            6.38%    passed     98.80%
  31  S0959            0.00%    passed     75.99%
  32  S1314            6.67%    passed     99.62%
  33  S0954            2.03%    passed     99.96%
  34  S0421            4.93%    passed     53.83%
  35  S0956            0.87%    passed     87.56%
  36  S0957            0.00%    passed     99.11%
  37  S0899            0.29%    passed     99.36%
  38  S0951            0.00%    passed     59.01%
  39  S0952            0.00%    passed     82.96%
  40  S0427            0.00%    passed     95.40%
  41  S1148            0.29%    passed    100.00%
  42  S0156            9.57%    passed     99.95%
  43  S1419            1.45%    passed     84.60%
  44  S1227            0.00%    passed     98.08%
  45  S0741            3.48%    passed     98.52%
  46  S1376            0.00%    passed     92.47%
  47  S0740            5.22%    passed     99.60%
  48  S0746            0.58%    passed     91.93%
  49  S0655sl          1.16%    passed     99.16%
  50  S0743            8.99%    passed     87.89%
  51  S0742            0.29%    passed     99.56%
  52  S0317            6.67%    passed     90.31%
  53  S0620            0.00%    passed     80.56%
  54  S0315            4.64%    passed     78.88%
  55  S0312            1.74%    passed     94.14%
  56  S0732            0.58%    passed     99.59%
  57  S0624            0.29%    passed     84.43%
  58  S1459            1.45%    passed     99.21%
  59  S1210            0.00%    passed     99.81%
  60  S1021            6.67%    passed     88.17%
  61  S1251            7.25%    passed     80.49%
  62  S1250sl          3.48%    passed     96.88%
  63  S1561            2.90%    passed     95.99%
  64  S0691            0.00%    passed     68.30%
  65  S0616            0.29%    passed     98.50%
  66  S1230            1.74%    passed     71.30%
  67  S0612            0.58%    passed     94.54%
  68  S1234            4.64%    passed     88.05%
  69  S1369            0.00%    passed     95.44%
  70  S1509            9.57%    passed     93.94%
  71  S1239            0.00%    passed     71.98%
  72  S1038            0.00%    passed     96.10%
  73  S0450            0.00%    passed     96.48%
  74  S1229-2          0.29%    passed     95.43%
  75  S0756            0.29%    passed     93.54%
  76  S0754            3.77%    passed     96.65%
  77  S1460            0.29%    passed     96.94%
  78  S0752            9.28%    passed     92.36%
  79  S0753            2.61%    passed     95.32%
  80  S0751            4.35%    passed     86.09%
  81  S0323            5.80%    passed     89.23%
  82  S0322            0.00%    passed     78.44%
  83  S1341            4.64%    passed     94.07%
  84  S0055            0.87%    passed     99.95%
  85  S0591            1.45%    passed     88.90%
  86  S0758            0.58%    passed     93.68%
  87  S0593            1.45%    passed     96.88%
  88  S0757            3.48%    passed     92.01%
  89  S1040            3.19%    passed     94.40%
  90  S1235sl          0.00%    passed     98.61%
  91  S1368            0.58%    passed     99.30%
  92  S1189            0.00%    passed     75.39%
  93  S0688            0.00%    passed     93.88%
  94  S0560            0.00%    passed     95.91%
  95  S0562            4.35%    passed     88.98%
  96  S1498            1.74%    passed     96.52%
  97  S1238sl          0.58%    passed     95.70%
  98  S1106sl          1.74%    passed     98.44%
  99  S1119            6.38%    passed     91.13%
 100  S0906            0.00%    passed     91.77%
 101  S1232sl          1.74%    passed     95.60%
 102  S0335            0.00%    passed     92.00%
 103  S1375            2.61%    passed     94.14%
 104  S1208sl          2.61%    passed     57.50%
 105  S1045            0.00%    passed     99.21%
 106  S1044            5.22%    passed     99.78%
 107  S1370            0.87%    passed     95.12%
 108  S0671            0.00%    passed     87.47%
 109  S1204            3.48%    passed     83.46%
 110  S0308            0.00%    passed     79.39%
 111  S0763            0.00%    passed     98.08%
 112  S0760            0.00%    passed     99.02%
 113  S0766            0.29%    passed     83.94%
 114  S0765            0.00%    passed     99.32%
 115  S0764            0.29%    passed     96.29%
 116  S1474            1.74%    passed     77.94%
 117  S0613sl          1.74%    passed     79.90%
 118  S1579            0.87%    passed     97.93%
 119  S1120            2.03%    passed     98.79%
 120  S1121            0.00%    passed     97.82%
 121  S1401            4.93%    passed     72.36%
 122  S1374            2.90%    passed     95.86%
 123  S1102            0.58%    passed     91.04%
 124  S0762-2          0.87%    passed     98.70%
 125  S0809            1.74%    passed     96.12%
 126  S0724sl          0.00%    passed     93.33%
 127  S0947sl          3.19%    passed     93.80%
 128  S1111            0.87%    passed     97.78%
 129  S0748            0.00%    passed     87.01%
 130  S1266sl          0.29%    passed     82.49%
 131  S1093sl          0.87%    passed     99.70%
 132  S0412sl          2.90%    passed     98.26%
 133  S0745            1.45%    passed     91.64%
 134  S1449            0.00%    passed     95.25%
 135  S1408            6.67%    passed     96.58%
 136  ERR2789774       0.00%    passed     87.90%
 137  S1214sl          0.00%    passed     99.75%
 138  S1365            0.87%    passed     82.75%
 139  S1366            0.87%    passed     90.86%
 140  S0346            4.64%    passed     92.95%
 141  SRR6441723       0.00%    passed     99.20%
 142  S1211            0.00%    passed     77.60%
 143  S1168            4.64%    passed     97.05%
 144  S1409            0.58%    passed     83.04%
 145  S1096            4.35%    passed     99.26%
 146  S0677            0.58%    passed     93.30%
 147  S0670            1.45%    passed     88.17%
 148  S0672            2.90%    passed     99.27%
 149  S1113            0.00%    passed     97.82%
 150  S1400            2.03%    passed     97.72%
 151  S0795            0.00%    passed     99.50%
 152  S0770            0.00%    passed     97.99%
 153  S0772            8.99%    passed     98.50%
 154  SRR11470309      0.00%    passed     61.47%
 155  S1428            0.00%    passed     80.19%
 156  S0721sl          0.87%    passed     97.63%
 157  SRR8528357       0.00%    passed     92.95%
 158  S1378            0.00%    passed     82.79%
 159  S0836            0.58%    passed     92.14%
 160  S0834            3.77%    passed     97.59%
 161  S0464            2.90%    passed     99.57%
 162  S1223            0.29%    passed     91.20%
 163  S0771            0.00%    passed     99.37%
 164  S1258-2          5.51%    passed     93.77%
 165  S0547            3.19%    passed     97.54%
 166  S1318-2          0.00%    passed     98.99%
 167  S1246            3.77%    passed     97.17%
 168  S1331            4.35%    passed     98.50%
 169  S1405            7.83%    passed     96.15%
 170  S1100            0.00%    passed    100.00%
 171  S0888            0.29%    passed     98.58%
 172  S1069            0.58%    passed     92.42%
 173  S1103            1.45%    passed     97.95%
 174  S1221sl          6.09%    passed     93.41%
 175  S1336            0.00%    passed     87.72%
 176  S1315            0.00%    passed     96.32%
 177  S0667            9.28%    passed     87.11%
 178  S0664           10.43%    passed     87.54%
 179  S0827            0.29%    passed     91.27%
 180  S0662            9.28%    passed     99.50%
 181  S1128            0.00%    passed     94.03%
 182  S1319            3.48%    passed     98.63%
 183  S1260            0.58%    passed     93.90%
 184  S0669            8.70%    passed     76.89%
 185  S0293            0.58%    passed     93.93%
 186  S0292            1.16%    passed     99.53%
 187  S1424            7.54%    passed     89.30%
 188  S0903            0.29%    passed     93.07%
 189  S0901            0.87%    passed     97.42%
 190  S0294            0.00%    passed     94.75%
 191  S1184            2.03%    passed     97.40%
 192  S0747sl          7.83%    passed     91.40%
 193  S0299            0.29%    passed     75.23%
 194  S0298            1.16%    passed     96.78%
 195  S1180            0.29%    passed     92.07%
 196  S1339            5.51%    passed     98.17%
 197  S1182            0.58%    passed     75.27%
 198  S1422            0.58%    passed     98.32%
 199  S0558            0.00%    passed     98.07%
 200  S0964            0.87%    passed     80.04%
 201  S0768            5.22%    passed     94.01%
 202  S0960            2.61%    passed     88.35%
 203  S0417            0.00%    passed     71.90%
 204  S0416            0.87%    passed     94.50%
 205  S0419            0.00%    passed     99.81%
 206  S1176            0.87%    passed     92.36%
 207  S1269            0.00%    passed     74.20%
 208  S0555            1.16%    passed     96.13%
 209  S0645sl          5.51%    passed     54.04%
 210  S0641            0.29%    passed     99.23%
 211  S0590            8.12%    passed     87.19%
 212  S1245            1.74%    passed     81.58%
 213  S1177            0.00%    passed     99.32%
 214  S0420sl         10.14%    passed     97.59%
 215  S1072            2.32%    passed     99.87%
 216  S1116            4.93%    passed     98.33%
 217  S1074            0.87%    passed     88.38%
 218  S0851            8.70%    passed     68.72%
 219  S0718            1.45%    passed     95.33%
 220  S0657            3.48%    passed     96.18%
 221  S1043sl          3.19%    passed     92.36%
 222  S0654            0.00%    passed     85.65%
 223  S1276            3.77%    passed     30.42%
 224  S0717            0.58%    passed     79.84%
 225  S1270            7.25%    passed     64.47%
 226  S1039            4.06%    passed     94.76%
 227  S0552sl          0.29%    passed     87.79%
 228  S0289            0.00%    passed     97.43%
 229  S0285            5.80%    passed     89.52%
 230  S0286            2.03%    passed     89.08%
 231  S1381            0.00%    passed     99.06%
 232  S0280            0.58%    passed     95.98%
 233  S0281            2.32%    passed     98.81%
 234  S0282            0.00%    passed     98.29%
 235  S0647-2          3.48%    passed     92.36%
 236  S0400            0.29%    passed     91.86%
 237  S_670            0.00%    passed     90.76%
 238  S0731sl          4.64%    passed     80.29%
 239  S0405            0.00%    passed     91.52%
 240  SRR11470320      0.00%    passed     94.44%
 241  S1451            0.00%    passed     88.76%
 242  S1097            0.29%    passed     97.04%
 243  S0726            8.12%    passed     92.66%
 244  S1541sl          4.64%    passed     98.36%
 245  S1407            2.32%    passed     99.72%
 246  S0275            1.16%    passed     97.88%
 247  S0722            7.54%    passed     79.92%
 248  S0720            2.03%    passed     96.87%
 249  S0279            2.61%    passed     86.44%
 250  S0278            6.09%    passed     79.97%
 251  S0373            0.00%    passed     82.77%
 252  S0521            3.19%    passed     99.31%
 253  S1464            4.06%    passed     98.68%
 254  S0376            1.16%    passed     97.59%
 255  S0377            6.67%    passed     92.07%
 256  S1539            0.29%    passed     87.96%
 257  S1332            0.00%    passed     97.52%
 258  S1249            0.00%    passed     76.59%
 259  S1262            0.29%    passed     98.50%
 260  S1188            0.87%    passed     97.32%
 261  S1241            6.96%    passed     94.44%
 262  S1279            0.87%    passed     93.52%
 263  S0509            1.16%    passed     97.26%
 264  S0642            0.00%    passed     71.32%
 265  S0643            0.29%    passed     91.04%
 266  S1462            0.00%    passed     99.32%
 267  S1342            0.29%    passed     98.63%
 268  S1083            0.00%    passed     99.92%
 269  S1117            0.58%    passed     95.43%
 270  S1129sl          0.00%    passed     91.42%
 271  S1089            0.00%    passed     94.36%
****  TOTAL            2.20%  0 sequences failed composition chi2 test (p-value<5%; df=3)
NOTE: S1177 is identical to S0765 but kept for subsequent analysis
NOTE: S1113 is identical to S1121 but kept for subsequent analysis
NOTE: 1 identical sequences (see below) will be ignored for subsequent analysis
NOTE: S1462 (identical to S0765) is ignored but added at the end
Alignment was printed to results_assessment_saturation_and_clocklikeliness/results_iqtree_gene_trees/result_6130_iqtree.uniqueseq.phy

For your convenience alignment with unique sequences printed to results_assessment_saturation_and_clocklikeliness/results_iqtree_gene_trees/result_6130_iqtree.uniqueseq.phy

Create initial parsimony tree by phylogenetic likelihood library (PLL)... 0.034 seconds
Generating 1000 samples for ultrafast bootstrap (seed: 766591)...

NOTE: 11 MB RAM (0 GB) is required!
Measuring multi-threading efficiency up to 48 CPU cores
Increase to 10 rounds for branch lengths
109 trees examined
Threads: 1 / Time: 48.232 sec / Speedup: 1.000 / Efficiency: 100% / LogL: -16904
Threads: 2 / Time: 51.460 sec / Speedup: 0.937 / Efficiency: 47% / LogL: -16904
BEST NUMBER OF THREADS: 1

Estimate model parameters (epsilon = 0.100)
1. Initial log-likelihood: -9437.413
2. Current log-likelihood: -9002.338
3. Current log-likelihood: -8989.901
4. Current log-likelihood: -8984.752
5. Current log-likelihood: -8981.443
6. Current log-likelihood: -8978.988
7. Current log-likelihood: -8977.049
8. Current log-likelihood: -8975.523
9. Current log-likelihood: -8974.231
10. Current log-likelihood: -8973.076
11. Current log-likelihood: -8971.762
12. Current log-likelihood: -8970.168
13. Current log-likelihood: -8968.213
14. Current log-likelihood: -8965.682
15. Current log-likelihood: -8962.654
16. Current log-likelihood: -8959.461
17. Current log-likelihood: -8956.686
18. Current log-likelihood: -8954.838
19. Current log-likelihood: -8953.792
20. Current log-likelihood: -8952.941
21. Current log-likelihood: -8952.225
22. Current log-likelihood: -8951.598
23. Current log-likelihood: -8951.052
24. Current log-likelihood: -8950.570
25. Current log-likelihood: -8950.147
26. Current log-likelihood: -8949.773
27. Current log-likelihood: -8949.442
28. Current log-likelihood: -8949.148
29. Current log-likelihood: -8948.976
30. Current log-likelihood: -8948.718
31. Current log-likelihood: -8948.575
32. Current log-likelihood: -8948.435
33. Current log-likelihood: -8948.302
34. Current log-likelihood: -8948.178
35. Current log-likelihood: -8948.062
36. Current log-likelihood: -8947.953
37. Current log-likelihood: -8947.851
Optimal log-likelihood: -8947.693
Rate parameters:  A-C: 0.98830  A-G: 3.64567  A-T: 1.24763  C-G: 1.20699  C-T: 3.92836  G-T: 1.00000
Base frequencies:  A: 0.276  C: 0.200  G: 0.223  T: 0.300
Site proportion and rates:  (0.559,0.072) (0.223,0.993) (0.179,2.836) (0.038,5.957)
Parameters optimization took 37 rounds (32.703 sec)
Computing ML distances based on estimated model parameters...
Computing ML distances took 2.047603 sec (of wall-clock time) 1.560000 sec(of CPU time)
Computing RapidNJ tree took 0.009860 sec (of wall-clock time) 0.020000 sec (of CPU time)
Log-likelihood of RapidNJ tree: -9143.325
--------------------------------------------------------------------
|             INITIALIZING CANDIDATE TREE SET                      |
--------------------------------------------------------------------
Generating 98 parsimony trees... 7.153 second
Computing log-likelihood of 98 initial trees ... 5.865 seconds
Current best score: -8927.669

Do NNI search on 20 best initial trees
Estimate model parameters (epsilon = 0.100)
BETTER TREE FOUND at iteration 1: -8885.763
Iteration 10 / LogL: -8888.902 / Time: 0h:3m:11s
Iteration 20 / LogL: -8931.270 / Time: 0h:3m:46s
Finish initializing candidate tree set (20)
Current best tree score: -8885.763 / CPU time: 90.921
Number of iterations: 20
--------------------------------------------------------------------
|               OPTIMIZING CANDIDATE TREE SET                      |
--------------------------------------------------------------------
Estimate model parameters (epsilon = 0.100)
BETTER TREE FOUND at iteration 26: -8881.660
Iteration 30 / LogL: -8894.275 / Time: 0h:4m:19s (0h:14m:17s left)
Iteration 40 / LogL: -8901.642 / Time: 0h:4m:57s (0h:10m:55s left)
Estimate model parameters (epsilon = 0.100)
BETTER TREE FOUND at iteration 42: -8875.868
Estimate model parameters (epsilon = 0.100)
BETTER TREE FOUND at iteration 47: -8875.717
Estimate model parameters (epsilon = 0.100)
BETTER TREE FOUND at iteration 49: -8875.546
Iteration 50 / LogL: -8888.406 / Time: 0h:5m:31s (0h:11m:9s left)
Log-likelihood cutoff on original alignment: -8946.958
Estimate model parameters (epsilon = 0.100)
BETTER TREE FOUND at iteration 54: -8874.710
Iteration 60 / LogL: -8876.955 / Time: 0h:6m:10s (0h:9m:50s left)
Estimate model parameters (epsilon = 0.100)
BETTER TREE FOUND at iteration 63: -8872.943
Estimate model parameters (epsilon = 0.100)
BETTER TREE FOUND at iteration 69: -8869.145
Iteration 70 / LogL: -8887.609 / Time: 0h:6m:47s (0h:9m:44s left)
Estimate model parameters (epsilon = 0.100)
BETTER TREE FOUND at iteration 75: -8867.637
Iteration 80 / LogL: -8881.006 / Time: 0h:7m:12s (0h:8m:39s left)
Estimate model parameters (epsilon = 0.100)
BETTER TREE FOUND at iteration 81: -8865.698
Estimate model parameters (epsilon = 0.100)
BETTER TREE FOUND at iteration 82: -8862.608
Estimate model parameters (epsilon = 0.100)
BETTER TREE FOUND at iteration 84: -8855.873
Iteration 90 / LogL: -8882.149 / Time: 0h:7m:38s (0h:8m:4s left)
Iteration 100 / LogL: -8861.212 / Time: 0h:8m:5s (0h:6m:51s left)
Log-likelihood cutoff on original alignment: -8946.958
NOTE: Bootstrap correlation coefficient of split occurrence frequencies: 0.960
NOTE: UFBoot does not converge, continue at least 100 more iterations
Estimate model parameters (epsilon = 0.100)
BETTER TREE FOUND at iteration 102: -8851.511
Iteration 110 / LogL: -8864.068 / Time: 0h:8m:30s (0h:7m:10s left)
Iteration 120 / LogL: -8861.278 / Time: 0h:8m:57s (0h:6m:10s left)
Iteration 130 / LogL: -8857.979 / Time: 0h:9m:29s (0h:5m:17s left)
Estimate model parameters (epsilon = 0.100)
BETTER TREE FOUND at iteration 138: -8850.240
Iteration 140 / LogL: -8871.881 / Time: 0h:10m:13s (0h:7m:12s left)
Estimate model parameters (epsilon = 0.100)
BETTER TREE FOUND at iteration 144: -8850.022
Iteration 150 / LogL: -8855.864 / Time: 0h:10m:52s (0h:6m:51s left)
Log-likelihood cutoff on original alignment: -8946.958
Estimate model parameters (epsilon = 0.100)
BETTER TREE FOUND at iteration 151: -8846.465
Iteration 160 / LogL: -8850.711 / Time: 0h:11m:39s (0h:6m:40s left)
Iteration 170 / LogL: -8855.303 / Time: 0h:12m:22s (0h:5m:56s left)
Iteration 180 / LogL: -8867.331 / Time: 0h:13m:1s (0h:5m:9s left)
Iteration 190 / LogL: -8861.458 / Time: 0h:13m:39s (0h:4m:24s left)
Iteration 200 / LogL: -8866.310 / Time: 0h:14m:15s (0h:3m:39s left)
Log-likelihood cutoff on original alignment: -8946.958
NOTE: Bootstrap correlation coefficient of split occurrence frequencies: 0.968
NOTE: UFBoot does not converge, continue at least 100 more iterations
Iteration 210 / LogL: -8848.527 / Time: 0h:14m:56s (0h:6m:25s left)
Estimate model parameters (epsilon = 0.100)
BETTER TREE FOUND at iteration 213: -8841.401
Iteration 220 / LogL: -8853.869 / Time: 0h:15m:39s (0h:6m:38s left)
Iteration 230 / LogL: -8865.558 / Time: 0h:16m:35s (0h:6m:0s left)
Iteration 240 / LogL: -8853.370 / Time: 0h:17m:17s (0h:5m:16s left)
Iteration 250 / LogL: -8844.720 / Time: 0h:17m:53s (0h:4m:31s left)
Log-likelihood cutoff on original alignment: -8946.958
Estimate model parameters (epsilon = 0.100)
BETTER TREE FOUND at iteration 258: -8841.077
Iteration 260 / LogL: -8845.716 / Time: 0h:18m:28s (0h:6m:59s left)
Iteration 270 / LogL: -8845.432 / Time: 0h:18m:57s (0h:6m:12s left)
Iteration 280 / LogL: -8867.288 / Time: 0h:19m:29s (0h:5m:26s left)
Estimate model parameters (epsilon = 0.100)
BETTER TREE FOUND at iteration 289: -8839.160
Iteration 290 / LogL: -8845.395 / Time: 0h:20m:10s (0h:6m:54s left)
Estimate model parameters (epsilon = 0.100)
BETTER TREE FOUND at iteration 296: -8836.961
Iteration 300 / LogL: -8851.248 / Time: 0h:20m:50s (0h:6m:41s left)
Log-likelihood cutoff on original alignment: -8946.958
NOTE: Bootstrap correlation coefficient of split occurrence frequencies: 0.952
NOTE: UFBoot does not converge, continue at least 100 more iterations
Iteration 310 / LogL: -8846.402 / Time: 0h:21m:42s (0h:6m:19s left)
Iteration 320 / LogL: -8844.433 / Time: 0h:22m:32s (0h:5m:39s left)
Estimate model parameters (epsilon = 0.100)
BETTER TREE FOUND at iteration 323: -8836.466
Iteration 330 / LogL: -8836.859 / Time: 0h:23m:18s (0h:6m:35s left)
Estimate model parameters (epsilon = 0.100)
BETTER TREE FOUND at iteration 337: -8833.174
Iteration 340 / LogL: -8833.867 / Time: 0h:24m:4s (0h:6m:53s left)
Estimate model parameters (epsilon = 0.100)
BETTER TREE FOUND at iteration 344: -8831.672
Iteration 350 / LogL: -8838.874 / Time: 0h:24m:46s (0h:6m:40s left)
Log-likelihood cutoff on original alignment: -8946.958
Iteration 360 / LogL: -8845.000 / Time: 0h:25m:26s (0h:5m:57s left)
Iteration 370 / LogL: -8858.353 / Time: 0h:26m:8s (0h:5m:14s left)
Iteration 380 / LogL: -8835.221 / Time: 0h:26m:54s (0h:4m:32s left)
Iteration 390 / LogL: -8835.232 / Time: 0h:27m:41s (0h:3m:50s left)
Iteration 400 / LogL: -8845.406 / Time: 0h:28m:24s (0h:3m:7s left)
Log-likelihood cutoff on original alignment: -8946.958
NOTE: Bootstrap correlation coefficient of split occurrence frequencies: 0.944
NOTE: UFBoot does not converge, continue at least 100 more iterations
Iteration 410 / LogL: -8866.477 / Time: 0h:29m:24s (0h:6m:28s left)
Iteration 420 / LogL: -8844.339 / Time: 0h:30m:14s (0h:5m:46s left)
Iteration 430 / LogL: -8853.926 / Time: 0h:31m:7s (0h:5m:4s left)
Estimate model parameters (epsilon = 0.100)
BETTER TREE FOUND at iteration 440: -8831.606
Iteration 440 / LogL: -8831.606 / Time: 0h:32m:4s (0h:7m:18s left)
Iteration 450 / LogL: -8841.089 / Time: 0h:32m:48s (0h:6m:34s left)
Log-likelihood cutoff on original alignment: -8946.958
Iteration 460 / LogL: -8838.087 / Time: 0h:33m:47s (0h:5m:53s left)
Estimate model parameters (epsilon = 0.100)
BETTER TREE FOUND at iteration 462: -8830.372
Iteration 470 / LogL: -8835.019 / Time: 0h:34m:32s (0h:6m:46s left)
Iteration 480 / LogL: -8844.129 / Time: 0h:35m:19s (0h:6m:2s left)
Iteration 490 / LogL: -8850.417 / Time: 0h:36m:2s (0h:5m:18s left)
Iteration 500 / LogL: -8831.663 / Time: 0h:36m:53s (0h:4m:35s left)
Log-likelihood cutoff on original alignment: -8946.958
NOTE: Bootstrap correlation coefficient of split occurrence frequencies: 0.960
NOTE: UFBoot does not converge, continue at least 100 more iterations
Iteration 510 / LogL: -8832.445 / Time: 0h:37m:43s (0h:6m:40s left)
Estimate model parameters (epsilon = 0.100)
BETTER TREE FOUND at iteration 519: -8829.534
Iteration 520 / LogL: -8836.417 / Time: 0h:38m:33s (0h:7m:21s left)
Iteration 530 / LogL: -8833.648 / Time: 0h:39m:29s (0h:6m:38s left)
Iteration 540 / LogL: -8840.725 / Time: 0h:40m:24s (0h:5m:55s left)
Iteration 550 / LogL: -8851.259 / Time: 0h:41m:13s (0h:5m:10s left)
Log-likelihood cutoff on original alignment: -8946.958
Estimate model parameters (epsilon = 0.100)
BETTER TREE FOUND at iteration 555: -8829.291
Estimate model parameters (epsilon = 0.100)
BETTER TREE FOUND at iteration 560: -8825.942
Iteration 560 / LogL: -8825.942 / Time: 0h:42m:9s (0h:7m:32s left)
Iteration 570 / LogL: -8836.816 / Time: 0h:43m:3s (0h:6m:48s left)
Iteration 580 / LogL: -8849.157 / Time: 0h:43m:50s (0h:6m:3s left)
Iteration 590 / LogL: -8826.291 / Time: 0h:44m:44s (0h:5m:19s left)
Iteration 600 / LogL: -8831.060 / Time: 0h:45m:33s (0h:4m:33s left)
Log-likelihood cutoff on original alignment: -8946.958
NOTE: Bootstrap correlation coefficient of split occurrence frequencies: 0.961
NOTE: UFBoot does not converge, continue at least 100 more iterations
Iteration 610 / LogL: -8830.739 / Time: 0h:46m:28s (0h:6m:52s left)
Iteration 620 / LogL: -8849.871 / Time: 0h:47m:21s (0h:6m:7s left)
Iteration 630 / LogL: -8826.760 / Time: 0h:48m:7s (0h:5m:21s left)
Iteration 640 / LogL: -8836.444 / Time: 0h:48m:54s (0h:4m:35s left)
Estimate model parameters (epsilon = 0.100)
BETTER TREE FOUND at iteration 647: -8825.824
Iteration 650 / LogL: -8844.038 / Time: 0h:49m:42s (0h:7m:25s left)
Log-likelihood cutoff on original alignment: -8946.958
Iteration 660 / LogL: -8835.162 / Time: 0h:50m:38s (0h:6m:41s left)
Iteration 670 / LogL: -8848.460 / Time: 0h:51m:23s (0h:5m:54s left)
Iteration 680 / LogL: -8832.696 / Time: 0h:52m:14s (0h:5m:9s left)
Iteration 690 / LogL: -8827.074 / Time: 0h:53m:2s (0h:4m:23s left)
Iteration 700 / LogL: -8831.571 / Time: 0h:53m:58s (0h:3m:37s left)
Log-likelihood cutoff on original alignment: -8946.958
NOTE: Bootstrap correlation coefficient of split occurrence frequencies: 0.979
NOTE: UFBoot does not converge, continue at least 100 more iterations
Iteration 710 / LogL: -8844.975 / Time: 0h:54m:59s (0h:6m:58s left)
Iteration 720 / LogL: -8850.654 / Time: 0h:55m:47s (0h:6m:12s left)
Iteration 730 / LogL: -8852.244 / Time: 0h:56m:37s (0h:5m:26s left)
Iteration 740 / LogL: -8827.007 / Time: 0h:57m:22s (0h:4m:39s left)
Iteration 750 / LogL: -8829.954 / Time: 0h:58m:13s (0h:3m:53s left)
Log-likelihood cutoff on original alignment: -8946.958
Iteration 760 / LogL: -8832.709 / Time: 0h:59m:8s (0h:3m:7s left)
Iteration 770 / LogL: -8833.541 / Time: 0h:59m:56s (0h:2m:20s left)
Iteration 780 / LogL: -8836.375 / Time: 1h:0m:46s (0h:1m:33s left)
Iteration 790 / LogL: -8830.729 / Time: 1h:1m:34s (0h:0m:46s left)
Iteration 800 / LogL: -8843.222 / Time: 1h:2m:21s (0h:0m:0s left)
Log-likelihood cutoff on original alignment: -8946.958
NOTE: Bootstrap correlation coefficient of split occurrence frequencies: 0.978
NOTE: UFBoot does not converge, continue at least 100 more iterations
Iteration 810 / LogL: -8835.902 / Time: 1h:3m:16s (0h:7m:2s left)
Iteration 820 / LogL: -8831.443 / Time: 1h:4m:13s (0h:6m:16s left)
Iteration 830 / LogL: -8827.974 / Time: 1h:5m:2s (0h:5m:29s left)
Iteration 840 / LogL: -8835.666 / Time: 1h:5m:50s (0h:4m:42s left)
Iteration 850 / LogL: -8844.734 / Time: 1h:6m:44s (0h:3m:55s left)
Log-likelihood cutoff on original alignment: -8946.958
Iteration 860 / LogL: -8830.443 / Time: 1h:7m:35s (0h:3m:8s left)
Iteration 870 / LogL: -8827.535 / Time: 1h:8m:25s (0h:2m:21s left)
Estimate model parameters (epsilon = 0.100)
BETTER TREE FOUND at iteration 876: -8825.617
Iteration 880 / LogL: -8841.673 / Time: 1h:9m:14s (0h:7m:33s left)
Estimate model parameters (epsilon = 0.100)
BETTER TREE FOUND at iteration 890: -8825.077
Iteration 890 / LogL: -8825.077 / Time: 1h:10m:7s (0h:7m:53s left)
Iteration 900 / LogL: -8848.079 / Time: 1h:11m:1s (0h:7m:6s left)
Log-likelihood cutoff on original alignment: -8946.958
NOTE: Bootstrap correlation coefficient of split occurrence frequencies: 0.978
NOTE: UFBoot does not converge, continue at least 100 more iterations
Iteration 910 / LogL: -8826.556 / Time: 1h:11m:58s (0h:7m:7s left)
Iteration 920 / LogL: -8825.264 / Time: 1h:12m:48s (0h:6m:20s left)
Iteration 930 / LogL: -8843.059 / Time: 1h:13m:35s (0h:5m:32s left)
Iteration 940 / LogL: -8831.798 / Time: 1h:14m:30s (0h:4m:45s left)
Iteration 950 / LogL: -8847.234 / Time: 1h:15m:29s (0h:3m:58s left)
Log-likelihood cutoff on original alignment: -8946.958
Iteration 960 / LogL: -8826.238 / Time: 1h:16m:35s (0h:3m:11s left)
Iteration 970 / LogL: -8830.344 / Time: 1h:17m:32s (0h:2m:24s left)
Iteration 980 / LogL: -8845.819 / Time: 1h:18m:39s (0h:1m:36s left)
Iteration 990 / LogL: -8844.582 / Time: 1h:19m:42s (0h:0m:48s left)
Iteration 1000 / LogL: -8835.313 / Time: 1h:20m:36s (0h:0m:0s left)
Log-likelihood cutoff on original alignment: -8946.958
NOTE: Bootstrap correlation coefficient of split occurrence frequencies: 0.985
NOTE: UFBoot does not converge, continue at least 100 more iterations
WARNING: bootstrap analysis did not converge. You should rerun with higher number of iterations (-nm option)
TREE SEARCH COMPLETED AFTER 1001 ITERATIONS / Time: 1h:20m:49s

--------------------------------------------------------------------
|                    FINALIZING TREE SEARCH                        |
--------------------------------------------------------------------
Performs final model parameters optimization
Estimate model parameters (epsilon = 0.010)
1. Initial log-likelihood: -8825.077
Optimal log-likelihood: -8825.068
Rate parameters:  A-C: 0.91130  A-G: 3.68739  A-T: 1.20248  C-G: 1.27957  C-T: 4.09030  G-T: 1.00000
Base frequencies:  A: 0.276  C: 0.200  G: 0.223  T: 0.300
Site proportion and rates:  (0.537,0.054) (0.236,0.901) (0.187,2.666) (0.041,6.446)
Parameters optimization took 1 rounds (1.665 sec)
BEST SCORE FOUND : -8825.068
Creating bootstrap support values...
Split supports printed to NEXUS file results_assessment_saturation_and_clocklikeliness/results_iqtree_gene_trees/result_6130_iqtree.splits.nex
Total tree length: 4.990

Total number of iterations: 1001
CPU time used for tree search: 3933.032 sec (1h:5m:33s)
Wall-clock time used for tree search: 4714.273 sec (1h:18m:34s)
Total CPU time used: 4078.512 sec (1h:7m:58s)
Total wall-clock time used: 4855.082 sec (1h:20m:55s)

Computing bootstrap consensus tree...
Reading input file results_assessment_saturation_and_clocklikeliness/results_iqtree_gene_trees/result_6130_iqtree.splits.nex...
270 taxa and 5106 splits.
Consensus tree written to results_assessment_saturation_and_clocklikeliness/results_iqtree_gene_trees/result_6130_iqtree.contree
Reading input trees file results_assessment_saturation_and_clocklikeliness/results_iqtree_gene_trees/result_6130_iqtree.contree
Log-likelihood of consensus tree: -8825.404

Analysis results written to: 
  IQ-TREE report:                results_assessment_saturation_and_clocklikeliness/results_iqtree_gene_trees/result_6130_iqtree.iqtree
  Maximum-likelihood tree:       results_assessment_saturation_and_clocklikeliness/results_iqtree_gene_trees/result_6130_iqtree.treefile
  Likelihood distances:          results_assessment_saturation_and_clocklikeliness/results_iqtree_gene_trees/result_6130_iqtree.mldist

Ultrafast bootstrap approximation results written to:
  Split support values:          results_assessment_saturation_and_clocklikeliness/results_iqtree_gene_trees/result_6130_iqtree.splits.nex
  Consensus tree:                results_assessment_saturation_and_clocklikeliness/results_iqtree_gene_trees/result_6130_iqtree.contree
  Screen log file:               results_assessment_saturation_and_clocklikeliness/results_iqtree_gene_trees/result_6130_iqtree.log

Date and Time: Wed Mar 30 12:51:41 2022
