IQ-TREE multicore version 2.1.3 COVID-edition for Linux 64-bit built Apr 21 2021
Developed by Bui Quang Minh, James Barbetti, Nguyen Lam Tung,
Olga Chernomor, Heiko Schmidt, Dominik Schrempf, Michael Woodhams.

Host:    hpc-high-memory-multi-user (AVX2, FMA3, 1007 GB RAM)
Command: /home/kasper.hendriks/iqtree-2.1.3-Linux/bin/iqtree2 -s results_assessment_saturation_and_clocklikeliness/input_gene_alignments_cleaned/5G62130_cleaned.fasta -B 1000 -nm 1000 -m GTR+F+R -nt AUTO --prefix results_assessment_saturation_and_clocklikeliness/results_iqtree_gene_trees/result_5G62130_iqtree
Seed:    489691 (Using SPRNG - Scalable Parallel Random Number Generator)
Time:    Wed Mar 30 10:11:04 2022
Kernel:  AVX+FMA - auto-detect threads (48 CPU cores detected)

Reading alignment file results_assessment_saturation_and_clocklikeliness/input_gene_alignments_cleaned/5G62130_cleaned.fasta ... Fasta format detected
Alignment most likely contains DNA/RNA sequences
Alignment has 307 sequences with 441 columns, 381 distinct patterns
199 parsimony-informative, 70 singleton sites, 172 constant sites
            Gap/Ambiguity  Composition  p-value
   1  S0941        10.20%    passed     95.21%
   2  SRR8528389    0.23%    passed     74.05%
   3  S0946        10.66%    passed     88.19%
   4  S0436         0.23%    passed     95.85%
   5  S0435         6.58%    passed     98.40%
   6  S1103         1.36%    passed     99.93%
   7  S0791         1.36%    passed     96.42%
   8  S0430         0.23%    passed     95.24%
   9  SRR8528391    0.00%    passed     96.20%
  10  S0656sl       0.68%    passed     98.93%
  11  S0735         0.00%    passed     47.65%
  12  SRR8528397    8.39%    passed     99.25%
  13  S0739         0.68%    passed     94.76%
  14  S0268         0.23%    passed     99.92%
  15  SRR8528359    0.00%    passed     88.40%
  16  SRR8528373    0.91%    passed     96.91%
  17  S0428sl       1.13%    passed     81.32%
  18  SRR8528388    3.63%    passed     86.36%
  19  SRR8528364    9.98%    passed     70.79%
  20  SRR8528338    0.68%    passed     96.50%
  21  S1421         7.94%    passed     86.13%
  22  S0305         9.07%    passed     98.21%
  23  SRR8528336    0.23%    passed     34.72%
  24  S0301         0.68%    passed     99.94%
  25  S0300        12.02%    passed     70.08%
  26  S0303         0.45%    passed     86.67%
  27  S0385        13.61%    passed     93.95%
  28  S1097         2.95%    passed     82.45%
  29  S0381         0.23%    passed     47.10%
  30  S0380         9.30%    passed     96.22%
  31  S0383         4.76%    passed     93.41%
  32  S0748         0.00%    passed     95.84%
  33  S0949         9.98%    passed     96.43%
  34  S1098         3.63%    passed     85.23%
  35  S0895         7.03%    passed     94.88%
  36  S0745         0.23%    passed     24.66%
  37  S0897        11.11%    passed     78.89%
  38  S0896         1.13%    passed     93.52%
  39  S0959         0.00%    passed     88.77%
  40  S0892        20.86%    passed     86.14%
  41  S0954         9.52%    passed     97.29%
  42  S0421         1.59%    passed     40.70%
  43  S0956         0.45%    passed     22.27%
  44  S0957         7.26%    passed     96.37%
  45  S0424         1.36%    passed     64.78%
  46  S1408        12.47%    passed     70.98%
  47  S0952         0.23%    passed     94.41%
  48  S0427         0.00%    passed     79.33%
  49  SRR8528354    0.23%    passed     94.68%
  50  S1220         7.94%    passed     74.29%
  51  S0509         5.44%    passed     93.80%
  52  S1227         0.00%    passed     99.86%
  53  S1235sl       0.00%    passed     95.90%
  54  S1376         0.00%    passed     35.60%
  55  S1519         5.44%    passed     97.22%
  56  S0740         1.81%    passed     91.20%
  57  S0583        12.02%    passed     77.86%
  58  S0746         9.52%    passed     56.94%
  59  S0741         0.00%    passed     94.60%
  60  S0655sl       0.23%    passed     96.41%
  61  S0743         6.12%    passed     93.14%
  62  S0742         0.00%    passed     99.32%
  63  S0317         7.94%    passed     96.54%
  64  S1021         3.40%    passed     84.48%
  65  S0315         8.39%    passed     98.43%
  66  S0312         1.59%    passed     58.55%
  67  S0732         1.36%    passed     99.36%
  68  S0624         0.00%    passed     92.12%
  69  S1541sl       7.26%    passed     70.77%
  70  SRR8528343    0.00%    passed     93.08%
  71  S1251         0.23%    passed     90.61%
  72  S1250sl       2.72%    passed     99.93%
  73  S1177         3.40%    passed     94.94%
  74  S0689         1.13%    passed    100.00%
  75  S1011sl       7.03%    passed     91.98%
  76  S1561         3.17%    passed     84.13%
  77  S0691         0.91%    passed     94.09%
  78  S0690         0.00%    passed     99.83%
  79  S0617        11.79%    passed     93.31%
  80  S0616         0.00%    passed     99.83%
  81  S1230         2.27%    passed     39.35%
  82  S0612         1.36%    passed     93.61%
  83  S1234         3.40%    passed     99.87%
  84  S1369         0.68%    passed     98.35%
  85  S1509         9.75%    passed     57.54%
  86  S1239         0.00%    passed     99.76%
  87  S1038         3.63%    passed     86.36%
  88  S0450         0.00%    passed     96.79%
  89  S1229-2       0.23%    passed     97.40%
  90  S0756         0.00%    passed     85.71%
  91  S0757         2.49%    passed     65.73%
  92  S0329         0.68%    passed     95.42%
  93  S1460         0.00%    passed     96.80%
  94  S0752        10.66%    passed     95.75%
  95  SRR8528350    0.00%    passed     92.62%
  96  S0751         4.99%    passed     95.68%
  97  S0323         5.90%    passed     79.95%
  98  S0322         2.72%    passed     98.56%
  99  S0320        15.65%    passed     75.28%
 100  S0055         0.00%    passed     99.48%
 101  S0591         0.91%    passed     89.27%
 102  S1262         0.68%    passed     99.43%
 103  S0593         3.17%    passed     83.51%
 104  S0903         9.75%    passed     78.75%
 105  S1040         4.08%    passed     89.91%
 106  S1214sl       0.00%    passed     17.04%
 107  S1368         0.23%    passed     94.77%
 108  SRR8528358    0.00%    passed     99.04%
 109  S0688         9.52%    passed     96.40%
 110  S0560        12.93%    passed     85.88%
 111  S0562         4.31%    passed     25.12%
 112  S1498         0.00%    passed     98.95%
 113  S1053sl       2.72%    passed     84.52%
 114  S1238sl       0.23%    passed     54.97%
 115  S1106sl       3.63%    passed     77.68%
 116  S1119        15.87%    passed     99.43%
 117  S1232sl       0.68%    passed     94.15%
 118  S0335         0.00%    passed     61.37%
 119  S1375         0.23%    passed     85.46%
 120  S1208sl       3.17%    passed     68.72%
 121  S1045         7.48%    passed     89.54%
 122  S1044         3.17%    passed     87.88%
 123  S1371         8.39%    passed     87.75%
 124  S1370         4.08%    passed     91.54%
 125  S1204         2.27%    passed     85.13%
 126  S0308         0.00%    passed     98.57%
 127  S0763         0.00%    passed     98.84%
 128  SRR8528381    0.00%    passed      7.86%
 129  SRR8528347    0.00%    passed     38.81%
 130  S0760         3.63%    passed     90.63%
 131  SRR8528341    0.23%    passed     86.86%
 132  S0766         0.91%    passed     45.42%
 133  S0765         3.63%    passed     84.14%
 134  S0764         7.94%    passed     83.41%
 135  S1474         0.68%    passed     93.75%
 136  S1475         2.49%    passed     69.38%
 137  S0613sl       0.91%    passed     73.43%
 138  S1579         6.58%    passed     93.11%
 139  S1120         0.00%    passed     96.91%
 140  S1121         7.71%    passed     79.56%
 141  S1374         4.54%    passed     85.04%
 142  S1102         9.07%    passed     94.35%
 143  S0762-2       1.59%    passed     93.80%
 144  S0809         1.59%    passed     93.50%
 145  S0724sl       0.00%    passed     98.84%
 146  SRR8528385    3.63%    passed     84.48%
 147  S0947sl       6.58%    passed     96.17%
 148  SRR8528384    0.00%    passed     98.63%
 149  S1266sl       0.23%    passed     96.57%
 150  S1093sl       6.58%    passed     92.22%
 151  S1110         0.00%    passed     93.77%
 152  S0577        17.01%    passed     92.40%
 153  S0412sl       0.68%    passed     97.80%
 154  S1117         3.40%    passed     86.59%
 155  SRR8528386   15.65%    passed     87.80%
 156  S1449         1.13%    passed     43.67%
 157  S1116         7.26%    passed     88.35%
 158  SRR8528379    0.23%    passed     99.40%
 159  S1050         4.99%    passed     92.37%
 160  S0478         0.00%    passed     92.12%
 161  S1365         1.13%    passed     84.36%
 162  S1366         0.45%    passed     34.38%
 163  S0346         3.85%    passed     86.79%
 164  S1210         0.00%    passed     89.43%
 165  S1211         0.00%    passed     97.37%
 166  SRR8528372    0.00%    passed     97.70%
 167  S1213         9.30%    passed     70.84%
 168  SRR8528376    5.44%    passed     58.24%
 169  S1409         0.68%    passed     94.72%
 170  S1096         3.40%    passed     81.37%
 171  S0677         0.68%    passed     96.22%
 172  S1118         0.91%    passed     87.97%
 173  S0671         3.40%    passed     89.39%
 174  S0670         2.95%    passed     68.11%
 175  S0672         0.45%    passed     84.08%
 176  S1401         7.26%    passed     83.96%
 177  S1400         6.35%    passed     99.67%
 178  S1111         6.12%    passed     94.45%
 179  S0795         0.45%    passed     98.35%
 180  S0770         0.23%    passed     97.52%
 181  S0771         0.00%    passed     79.16%
 182  S0772         9.30%    passed     91.37%
 183  SRR8528380    2.72%    passed     70.02%
 184  S1114-2       0.45%    passed     98.34%
 185  S0721sl       0.45%    passed     91.76%
 186  SRR8528357    0.00%    passed     96.61%
 187  S1378         0.00%    passed     70.26%
 188  S0836         4.76%    passed     97.56%
 189  S0464         9.75%    passed     91.37%
 190  SRR8528394    4.99%    passed     99.52%
 191  S1223         0.68%    passed     76.57%
 192  S1258-2       4.54%    passed     86.64%
 193  S0547         3.40%    passed     87.08%
 194  S1318-2       1.36%    passed     82.16%
 195  S1246         0.00%    passed     93.45%
 196  S1331         3.63%    passed     92.63%
 197  SRR8528370    0.00%    passed     89.29%
 198  S1052sl      15.19%    passed     54.67%
 199  S1451         0.00%    passed     56.27%
 200  S1405         0.00%    passed     97.05%
 201  SRR8528339    1.13%    passed     99.19%
 202  S1100         0.00%    passed     55.00%
 203  S0888         0.68%    passed     95.67%
 204  S1069         8.62%    passed     55.20%
 205  S0355         0.23%    passed     94.41%
 206  SRR8528365    0.00%    passed     62.75%
 207  S1181-2       3.40%    passed     95.33%
 208  SRR8528361    0.00%    passed     88.34%
 209  S1336         2.04%    passed     97.94%
 210  S1315         0.23%    passed     99.26%
 211  S0664         9.30%    passed     92.41%
 212  S1419         1.81%    passed     58.03%
 213  S0662         8.62%    passed     96.12%
 214  S1128         0.00%    passed     94.98%
 215  SRR8528400    0.00%    passed     93.51%
 216  S1428         2.04%    passed     10.82%
 217  SRR8528342    8.84%    passed     71.79%
 218  S1319         3.63%    passed     85.79%
 219  S1260         2.72%    passed     97.29%
 220  SRR8528382    6.58%    passed     95.62%
 221  S0669         7.71%    passed     97.11%
 222  S0292         1.13%    passed     45.45%
 223  S0904         4.31%    passed     97.20%
 224  S1189         0.23%    passed     75.95%
 225  S0901         1.59%    passed     96.97%
 226  S0294         6.80%    passed     52.93%
 227  S0747sl       9.52%    passed     89.70%
 228  S0299         0.68%    passed     19.49%
 229  S0298         3.85%    passed     92.17%
 230  S1180         0.00%    passed     72.54%
 231  S1339        10.88%    passed     99.55%
 232  S1422         0.23%    passed     33.27%
 233  S0558         0.00%    passed     95.77%
 234  S0964         0.45%    passed     15.56%
 235  S0768         5.44%    passed     97.45%
 236  S0960         0.45%    passed     19.88%
 237  S0417         0.00%    passed     91.68%
 238  S0416         0.45%    passed     95.52%
 239  S0419         0.00%    passed     99.24%
 240  S1354         1.81%    passed     72.42%
 241  S1201sl       0.00%    passed     97.79%
 242  S0645sl       0.00%    passed     53.74%
 243  S0906         0.00%    passed     99.93%
 244  S0590         5.44%    passed     59.43%
 245  S1245         0.68%    passed     99.48%
 246  S0963         6.58%    passed     36.35%
 247  S1176         2.95%    passed     96.18%
 248  S1072         4.08%    passed     80.34%
 249  SRR8528399    4.76%    passed     52.74%
 250  S1074         9.07%    passed     35.98%
 251  SRR8528398    0.45%    passed     88.75%
 252  S1077         1.59%    passed     33.50%
 253  S0851        19.27%    passed     82.22%
 254  S0718         1.81%    passed     91.02%
 255  S0657         1.59%    passed     97.91%
 256  S1043sl       9.30%    passed     88.58%
 257  S1276         9.98%    passed      8.24%
 258  S0717         2.04%    passed     47.00%
 259  S1039         2.95%    passed     88.02%
 260  S0552sl       0.00%    passed     35.42%
 261  S0288         0.00%    passed     98.50%
 262  S0289         0.91%    passed     53.80%
 263  S0285         6.80%    passed     97.86%
 264  S1381         0.00%    passed     91.70%
 265  S0280         0.23%    passed     69.20%
 266  S0281         0.23%    passed     93.76%
 267  S0282         0.00%    passed     99.35%
 268  S0283         1.81%    passed     82.86%
 269  S0647-2       4.99%    passed     91.02%
 270  S0400         0.00%    passed     99.31%
 271  S_670         0.23%    passed     99.06%
 272  S0731sl       6.35%    passed     93.12%
 273  S0405         0.00%    passed     99.06%
 274  S0899         2.95%    passed     99.57%
 275  S1269         0.91%    passed     92.67%
 276  S1424         7.03%    passed     94.88%
 277  S0754         3.17%    passed     87.88%
 278  S0727         8.39%    passed     98.36%
 279  S0726         6.35%    passed     99.01%
 280  S1314         9.07%    passed     98.21%
 281  S1407         3.63%    passed     99.24%
 282  S0275        10.43%    passed     76.52%
 283  S0722         6.80%    passed     91.05%
 284  S0277        11.11%    passed     91.25%
 285  S0720         0.00%    passed     99.52%
 286  S0279         5.67%    passed     98.09%
 287  S0371         7.48%    passed     98.32%
 288  S1168         9.52%    passed     97.66%
 289  S0373         4.08%    passed     87.64%
 290  S0521         4.08%    passed     96.33%
 291  S1464         3.63%    passed     92.88%
 292  S0377         6.12%    passed     49.91%
 293  S1539         0.23%    passed     90.05%
 294  S1332         0.00%    passed     78.45%
 295  S1249         0.45%    passed     88.24%
 296  S0327         0.23%    passed     98.11%
 297  S1278         2.72%    passed     91.55%
 298  S1188         2.49%    passed     94.95%
 299  S1241         8.39%    passed     74.60%
 300  S1279         3.17%    passed     93.79%
 301  S0641         0.00%    passed     92.91%
 302  S0642         0.00%    passed     46.38%
 303  S0643         0.23%    passed     91.10%
 304  S1462         0.00%    passed     99.45%
 305  S1083         0.00%    passed     98.95%
 306  S1129sl       0.23%    passed     95.73%
 307  S1089         7.71%    passed     94.97%
****  TOTAL         3.47%  0 sequences failed composition chi2 test (p-value<5%; df=3)
NOTE: S1083 is identical to S1498 but kept for subsequent analysis

Create initial parsimony tree by phylogenetic likelihood library (PLL)... 0.101 seconds
Generating 1000 samples for ultrafast bootstrap (seed: 489691)...

NOTE: 16 MB RAM (0 GB) is required!
Measuring multi-threading efficiency up to 48 CPU cores
Increase to 10 rounds for branch lengths
80 trees examined
Threads: 1 / Time: 48.066 sec / Speedup: 1.000 / Efficiency: 100% / LogL: -22659
Threads: 2 / Time: 57.471 sec / Speedup: 0.836 / Efficiency: 42% / LogL: -22659
BEST NUMBER OF THREADS: 1

Estimate model parameters (epsilon = 0.100)
1. Initial log-likelihood: -12324.836
2. Current log-likelihood: -11620.222
3. Current log-likelihood: -11606.280
4. Current log-likelihood: -11600.632
5. Current log-likelihood: -11596.617
6. Current log-likelihood: -11593.673
7. Current log-likelihood: -11591.151
8. Current log-likelihood: -11588.339
9. Current log-likelihood: -11584.625
10. Current log-likelihood: -11580.154
11. Current log-likelihood: -11575.440
12. Current log-likelihood: -11570.291
13. Current log-likelihood: -11567.091
14. Current log-likelihood: -11565.724
15. Current log-likelihood: -11564.418
16. Current log-likelihood: -11563.377
17. Current log-likelihood: -11562.649
18. Current log-likelihood: -11562.032
19. Current log-likelihood: -11561.519
20. Current log-likelihood: -11561.092
21. Current log-likelihood: -11560.737
22. Current log-likelihood: -11560.439
23. Current log-likelihood: -11560.188
24. Current log-likelihood: -11560.046
25. Current log-likelihood: -11559.912
26. Current log-likelihood: -11559.792
27. Current log-likelihood: -11559.682
Optimal log-likelihood: -11559.525
Rate parameters:  A-C: 1.29842  A-G: 3.60323  A-T: 1.04118  C-G: 0.71748  C-T: 5.22710  G-T: 1.00000
Base frequencies:  A: 0.301  C: 0.207  G: 0.219  T: 0.273
Site proportion and rates:  (0.588,0.093) (0.201,0.993) (0.159,2.752) (0.052,5.958)
Parameters optimization took 27 rounds (35.240 sec)
Computing ML distances based on estimated model parameters...
Computing ML distances took 4.783483 sec (of wall-clock time) 2.692000 sec(of CPU time)
Computing RapidNJ tree took 0.045847 sec (of wall-clock time) 0.056000 sec (of CPU time)
Log-likelihood of RapidNJ tree: -11896.556
--------------------------------------------------------------------
|             INITIALIZING CANDIDATE TREE SET                      |
--------------------------------------------------------------------
Generating 98 parsimony trees... 8.537 second
Computing log-likelihood of 98 initial trees ... 7.765 seconds
Current best score: -11543.762

Do NNI search on 20 best initial trees
Estimate model parameters (epsilon = 0.100)
BETTER TREE FOUND at iteration 1: -11489.287
Estimate model parameters (epsilon = 0.100)
BETTER TREE FOUND at iteration 6: -11464.893
Iteration 10 / LogL: -11524.093 / Time: 0h:3m:47s
Iteration 20 / LogL: -11524.358 / Time: 0h:5m:2s
Finish initializing candidate tree set (20)
Current best tree score: -11464.893 / CPU time: 154.451
Number of iterations: 20
--------------------------------------------------------------------
|               OPTIMIZING CANDIDATE TREE SET                      |
--------------------------------------------------------------------
Estimate model parameters (epsilon = 0.100)
BETTER TREE FOUND at iteration 24: -11461.864
Iteration 30 / LogL: -11474.841 / Time: 0h:6m:1s (0h:19m:32s left)
Estimate model parameters (epsilon = 0.100)
BETTER TREE FOUND at iteration 34: -11455.710
Estimate model parameters (epsilon = 0.100)
BETTER TREE FOUND at iteration 35: -11452.764
Estimate model parameters (epsilon = 0.100)
BETTER TREE FOUND at iteration 38: -11447.391
Iteration 40 / LogL: -11449.032 / Time: 0h:7m:8s (0h:17m:55s left)
Iteration 50 / LogL: -11459.645 / Time: 0h:7m:55s (0h:14m:14s left)
Log-likelihood cutoff on original alignment: -11586.917
Estimate model parameters (epsilon = 0.100)
BETTER TREE FOUND at iteration 56: -11445.549
Iteration 60 / LogL: -11449.631 / Time: 0h:9m:1s (0h:14m:40s left)
Estimate model parameters (epsilon = 0.100)
BETTER TREE FOUND at iteration 63: -11444.484
Estimate model parameters (epsilon = 0.100)
BETTER TREE FOUND at iteration 66: -11441.968
Estimate model parameters (epsilon = 0.100)
BETTER TREE FOUND at iteration 67: -11441.904
Iteration 70 / LogL: -11462.127 / Time: 0h:10m:12s (0h:14m:21s left)
Estimate model parameters (epsilon = 0.100)
BETTER TREE FOUND at iteration 71: -11441.481
Estimate model parameters (epsilon = 0.100)
BETTER TREE FOUND at iteration 72: -11438.358
Estimate model parameters (epsilon = 0.100)
BETTER TREE FOUND at iteration 73: -11436.136
Estimate model parameters (epsilon = 0.100)
BETTER TREE FOUND at iteration 80: -11435.174
Iteration 80 / LogL: -11435.174 / Time: 0h:11m:20s (0h:14m:21s left)
Iteration 90 / LogL: -11448.979 / Time: 0h:12m:19s (0h:12m:28s left)
Estimate model parameters (epsilon = 0.100)
BETTER TREE FOUND at iteration 99: -11434.424
Iteration 100 / LogL: -11439.619 / Time: 0h:13m:15s (0h:13m:14s left)
Log-likelihood cutoff on original alignment: -11586.917
NOTE: Bootstrap correlation coefficient of split occurrence frequencies: 0.951
NOTE: UFBoot does not converge, continue at least 100 more iterations
Estimate model parameters (epsilon = 0.100)
BETTER TREE FOUND at iteration 103: -11433.318
Estimate model parameters (epsilon = 0.100)
BETTER TREE FOUND at iteration 107: -11433.015
Iteration 110 / LogL: -11449.107 / Time: 0h:14m:22s (0h:12m:47s left)
Estimate model parameters (epsilon = 0.100)
BETTER TREE FOUND at iteration 115: -11431.533
Estimate model parameters (epsilon = 0.100)
BETTER TREE FOUND at iteration 120: -11429.196
Iteration 120 / LogL: -11429.196 / Time: 0h:15m:27s (0h:12m:59s left)
Iteration 130 / LogL: -11442.354 / Time: 0h:16m:31s (0h:11m:31s left)
Iteration 140 / LogL: -11432.583 / Time: 0h:17m:37s (0h:10m:8s left)
Estimate model parameters (epsilon = 0.100)
BETTER TREE FOUND at iteration 149: -11429.133
Iteration 150 / LogL: -11429.315 / Time: 0h:18m:35s (0h:12m:20s left)
Log-likelihood cutoff on original alignment: -11586.917
Iteration 160 / LogL: -11439.422 / Time: 0h:19m:41s (0h:11m:1s left)
Iteration 170 / LogL: -11437.950 / Time: 0h:20m:48s (0h:9m:43s left)
Iteration 180 / LogL: -11439.202 / Time: 0h:21m:55s (0h:8m:26s left)
Iteration 190 / LogL: -11431.590 / Time: 0h:23m:4s (0h:7m:12s left)
Iteration 200 / LogL: -11437.854 / Time: 0h:24m:12s (0h:5m:57s left)
Log-likelihood cutoff on original alignment: -11586.917
NOTE: Bootstrap correlation coefficient of split occurrence frequencies: 0.979
NOTE: UFBoot does not converge, continue at least 100 more iterations
Estimate model parameters (epsilon = 0.100)
BETTER TREE FOUND at iteration 209: -11428.883
Iteration 210 / LogL: -11446.216 / Time: 0h:25m:26s (0h:12m:3s left)
Iteration 220 / LogL: -11436.617 / Time: 0h:26m:42s (0h:10m:51s left)
Iteration 230 / LogL: -11430.363 / Time: 0h:27m:36s (0h:9m:31s left)
Iteration 240 / LogL: -11433.812 / Time: 0h:28m:47s (0h:8m:18s left)
Estimate model parameters (epsilon = 0.100)
BETTER TREE FOUND at iteration 249: -11428.464
Iteration 250 / LogL: -11446.492 / Time: 0h:30m:6s (0h:11m:58s left)
Log-likelihood cutoff on original alignment: -11586.917
Estimate model parameters (epsilon = 0.100)
BETTER TREE FOUND at iteration 251: -11426.864
Iteration 260 / LogL: -11433.618 / Time: 0h:31m:27s (0h:11m:3s left)
Iteration 270 / LogL: -11431.550 / Time: 0h:32m:26s (0h:9m:45s left)
Estimate model parameters (epsilon = 0.100)
BETTER TREE FOUND at iteration 273: -11426.844
Iteration 280 / LogL: -11430.865 / Time: 0h:33m:23s (0h:11m:7s left)
Iteration 290 / LogL: -11437.417 / Time: 0h:34m:26s (0h:9m:53s left)
Estimate model parameters (epsilon = 0.100)
BETTER TREE FOUND at iteration 299: -11422.050
Iteration 300 / LogL: -11433.533 / Time: 0h:35m:30s (0h:11m:45s left)
Log-likelihood cutoff on original alignment: -11543.507
NOTE: Bootstrap correlation coefficient of split occurrence frequencies: 0.990
NOTE: UFBoot does not converge, continue at least 100 more iterations
Iteration 310 / LogL: -11434.954 / Time: 0h:36m:40s (0h:10m:40s left)
Estimate model parameters (epsilon = 0.100)
BETTER TREE FOUND at iteration 319: -11421.278
Iteration 320 / LogL: -11449.988 / Time: 0h:37m:58s (0h:11m:47s left)
Iteration 330 / LogL: -11426.018 / Time: 0h:39m:9s (0h:10m:35s left)
Iteration 340 / LogL: -11427.800 / Time: 0h:40m:13s (0h:9m:22s left)
Iteration 350 / LogL: -11432.570 / Time: 0h:41m:31s (0h:8m:12s left)
Log-likelihood cutoff on original alignment: -11543.507
Iteration 360 / LogL: -11424.988 / Time: 0h:42m:56s (0h:7m:3s left)
Iteration 370 / LogL: -11433.606 / Time: 0h:44m:0s (0h:5m:50s left)
Iteration 380 / LogL: -11421.721 / Time: 0h:45m:20s (0h:4m:39s left)
Estimate model parameters (epsilon = 0.100)
BETTER TREE FOUND at iteration 381: -11420.662
Iteration 390 / LogL: -11433.937 / Time: 0h:46m:39s (0h:10m:54s left)
Iteration 400 / LogL: -11423.020 / Time: 0h:47m:49s (0h:9m:42s left)
Log-likelihood cutoff on original alignment: -11543.507
NOTE: Bootstrap correlation coefficient of split occurrence frequencies: 0.985
NOTE: UFBoot does not converge, continue at least 100 more iterations
Estimate model parameters (epsilon = 0.100)
BETTER TREE FOUND at iteration 403: -11420.166
Iteration 410 / LogL: -11428.203 / Time: 0h:49m:10s (0h:11m:10s left)
Iteration 420 / LogL: -11428.765 / Time: 0h:50m:24s (0h:9m:59s left)
Iteration 430 / LogL: -11430.147 / Time: 0h:51m:38s (0h:8m:47s left)
Iteration 440 / LogL: -11421.862 / Time: 0h:52m:54s (0h:7m:35s left)
Iteration 450 / LogL: -11433.423 / Time: 0h:54m:9s (0h:6m:23s left)
Log-likelihood cutoff on original alignment: -11543.507
Iteration 460 / LogL: -11450.229 / Time: 0h:55m:25s (0h:5m:11s left)
Iteration 470 / LogL: -11431.512 / Time: 0h:56m:46s (0h:3m:59s left)
Iteration 480 / LogL: -11429.011 / Time: 0h:58m:10s (0h:2m:47s left)
Iteration 490 / LogL: -11421.062 / Time: 0h:59m:15s (0h:1m:34s left)
Iteration 500 / LogL: -11425.872 / Time: 1h:0m:31s (0h:0m:21s left)
Log-likelihood cutoff on original alignment: -11543.507
NOTE: Bootstrap correlation coefficient of split occurrence frequencies: 0.981
NOTE: UFBoot does not converge, continue at least 100 more iterations
Iteration 510 / LogL: -11438.479 / Time: 1h:1m:56s (0h:10m:57s left)
Iteration 520 / LogL: -11422.117 / Time: 1h:3m:14s (0h:9m:44s left)
Iteration 530 / LogL: -11428.828 / Time: 1h:4m:19s (0h:8m:30s left)
Iteration 540 / LogL: -11431.850 / Time: 1h:5m:44s (0h:7m:19s left)
Iteration 550 / LogL: -11422.769 / Time: 1h:6m:57s (0h:6m:5s left)
Log-likelihood cutoff on original alignment: -11543.507
Iteration 560 / LogL: -11420.616 / Time: 1h:8m:16s (0h:4m:53s left)
Iteration 570 / LogL: -11431.377 / Time: 1h:9m:41s (0h:3m:40s left)
Iteration 580 / LogL: -11425.871 / Time: 1h:11m:6s (0h:2m:27s left)
Iteration 590 / LogL: -11420.499 / Time: 1h:12m:13s (0h:1m:13s left)
Iteration 600 / LogL: -11429.255 / Time: 1h:13m:25s (0h:0m:0s left)
Log-likelihood cutoff on original alignment: -11543.507
NOTE: Bootstrap correlation coefficient of split occurrence frequencies: 0.984
NOTE: UFBoot does not converge, continue at least 100 more iterations
Iteration 610 / LogL: -11424.956 / Time: 1h:14m:45s (0h:11m:2s left)
Estimate model parameters (epsilon = 0.100)
BETTER TREE FOUND at iteration 614: -11419.493
Iteration 620 / LogL: -11430.307 / Time: 1h:16m:5s (0h:11m:33s left)
Iteration 630 / LogL: -11430.092 / Time: 1h:17m:12s (0h:10m:18s left)
Iteration 640 / LogL: -11426.275 / Time: 1h:18m:22s (0h:9m:4s left)
Iteration 650 / LogL: -11420.044 / Time: 1h:19m:38s (0h:7m:51s left)
Log-likelihood cutoff on original alignment: -11543.507
Iteration 660 / LogL: -11421.387 / Time: 1h:21m:0s (0h:6m:38s left)
Iteration 670 / LogL: -11422.362 / Time: 1h:22m:20s (0h:5m:24s left)
Iteration 680 / LogL: -11420.095 / Time: 1h:23m:37s (0h:4m:11s left)
Iteration 690 / LogL: -11426.231 / Time: 1h:24m:55s (0h:2m:57s left)
Iteration 700 / LogL: -11429.054 / Time: 1h:26m:13s (0h:1m:43s left)
Log-likelihood cutoff on original alignment: -11543.507
NOTE: Bootstrap correlation coefficient of split occurrence frequencies: 0.991
Iteration 710 / LogL: -11427.798 / Time: 1h:27m:25s (0h:11m:5s left)
TREE SEARCH COMPLETED AFTER 715 ITERATIONS / Time: 1h:27m:57s

--------------------------------------------------------------------
|                    FINALIZING TREE SEARCH                        |
--------------------------------------------------------------------
Performs final model parameters optimization
Estimate model parameters (epsilon = 0.010)
1. Initial log-likelihood: -11419.493
Optimal log-likelihood: -11419.490
Rate parameters:  A-C: 1.34765  A-G: 3.93514  A-T: 1.09316  C-G: 0.69514  C-T: 5.56995  G-T: 1.00000
Base frequencies:  A: 0.301  C: 0.207  G: 0.219  T: 0.273
Site proportion and rates:  (0.577,0.080) (0.206,0.933) (0.160,2.691) (0.057,5.771)
Parameters optimization took 1 rounds (0.993 sec)
BEST SCORE FOUND : -11419.490
Creating bootstrap support values...
Split supports printed to NEXUS file results_assessment_saturation_and_clocklikeliness/results_iqtree_gene_trees/result_5G62130_iqtree.splits.nex
Total tree length: 5.286

Total number of iterations: 715
CPU time used for tree search: 3899.892 sec (1h:4m:59s)
Wall-clock time used for tree search: 5129.148 sec (1h:25m:29s)
Total CPU time used: 4058.016 sec (1h:7m:38s)
Total wall-clock time used: 5280.082 sec (1h:28m:0s)

Computing bootstrap consensus tree...
Reading input file results_assessment_saturation_and_clocklikeliness/results_iqtree_gene_trees/result_5G62130_iqtree.splits.nex...
307 taxa and 4869 splits.
Consensus tree written to results_assessment_saturation_and_clocklikeliness/results_iqtree_gene_trees/result_5G62130_iqtree.contree
Reading input trees file results_assessment_saturation_and_clocklikeliness/results_iqtree_gene_trees/result_5G62130_iqtree.contree
Log-likelihood of consensus tree: -11420.174

Analysis results written to: 
  IQ-TREE report:                results_assessment_saturation_and_clocklikeliness/results_iqtree_gene_trees/result_5G62130_iqtree.iqtree
  Maximum-likelihood tree:       results_assessment_saturation_and_clocklikeliness/results_iqtree_gene_trees/result_5G62130_iqtree.treefile
  Likelihood distances:          results_assessment_saturation_and_clocklikeliness/results_iqtree_gene_trees/result_5G62130_iqtree.mldist

Ultrafast bootstrap approximation results written to:
  Split support values:          results_assessment_saturation_and_clocklikeliness/results_iqtree_gene_trees/result_5G62130_iqtree.splits.nex
  Consensus tree:                results_assessment_saturation_and_clocklikeliness/results_iqtree_gene_trees/result_5G62130_iqtree.contree
  Screen log file:               results_assessment_saturation_and_clocklikeliness/results_iqtree_gene_trees/result_5G62130_iqtree.log

Date and Time: Wed Mar 30 11:39:08 2022
