IQ-TREE multicore version 2.1.3 COVID-edition for Linux 64-bit built Apr 21 2021
Developed by Bui Quang Minh, James Barbetti, Nguyen Lam Tung,
Olga Chernomor, Heiko Schmidt, Dominik Schrempf, Michael Woodhams.

Host:    hpc-high-memory-multi-user (AVX2, FMA3, 1007 GB RAM)
Command: /home/kasper.hendriks/iqtree-2.1.3-Linux/bin/iqtree2 -s results_assessment_saturation_and_clocklikeliness/input_gene_alignments_cleaned/5G58330_cleaned.fasta -B 1000 -nm 1000 -m GTR+F+R -nt AUTO --prefix results_assessment_saturation_and_clocklikeliness/results_iqtree_gene_trees/result_5G58330_iqtree
Seed:    496231 (Using SPRNG - Scalable Parallel Random Number Generator)
Time:    Wed Mar 30 09:38:45 2022
Kernel:  AVX+FMA - auto-detect threads (48 CPU cores detected)

Reading alignment file results_assessment_saturation_and_clocklikeliness/input_gene_alignments_cleaned/5G58330_cleaned.fasta ... Fasta format detected
Alignment most likely contains DNA/RNA sequences
Alignment has 316 sequences with 336 columns, 290 distinct patterns
133 parsimony-informative, 31 singleton sites, 172 constant sites
             Gap/Ambiguity  Composition  p-value
   1  S0278          0.00%    passed     97.82%
   2  S1341          4.17%    passed     44.48%
   3  SRR8528389     0.00%    passed     99.18%
   4  S0946          6.85%    passed     86.21%
   5  S0436         11.61%    passed     88.35%
   6  S0435          4.46%    passed     97.80%
   7  S0791          6.25%    passed     94.99%
   8  S0941          5.06%    passed     89.69%
   9  S0430          0.00%    passed     48.78%
  10  SRR8528391     0.00%    passed     74.79%
  11  S0732          0.89%    passed     95.42%
  12  S0735          0.30%    passed     87.07%
  13  S0403sl        0.30%    passed     42.49%
  14  SRR8528397    18.15%    passed     90.05%
  15  S0739          1.79%    passed     98.85%
  16  S0268          0.00%    passed     94.01%
  17  S1328sl        0.30%    passed     84.22%
  18  SRR8528373     0.60%    passed     93.30%
  19  SRR8528388     5.36%    passed     92.67%
  20  SRR8528338     0.00%    passed     99.23%
  21  S0308          0.00%    passed     85.88%
  22  S1442         14.88%    passed     87.50%
  23  S0305          9.82%    passed     76.47%
  24  SRR8528336     0.00%    passed     86.41%
  25  S0301          0.00%    passed     99.37%
  26  S0300          0.60%    passed     84.14%
  27  S0303          8.04%    passed     55.87%
  28  S0385          0.00%    passed     77.47%
  29  S1097          2.08%    passed     90.97%
  30  S1095          3.87%    passed     95.13%
  31  S0380          8.04%    passed     98.26%
  32  S0894          9.23%    passed     99.65%
  33  S0949          5.36%    passed     95.39%
  34  S1098          3.87%    passed     93.00%
  35  S0895          4.17%    passed     96.73%
  36  S0897         15.48%    passed     96.58%
  37  S0896          6.55%    passed     94.95%
  38  S0959          0.00%    passed     99.37%
  39  S0892          0.00%    passed     67.37%
  40  S0954          5.65%    passed     99.64%
  41  S0421          1.19%    passed     90.54%
  42  S1262          8.33%    passed     77.78%
  43  S0957          0.00%    passed     92.37%
  44  S0424          0.30%    passed     94.75%
  45  S0952          8.93%    passed     80.50%
  46  S0427          0.00%    passed     83.85%
  47  S1148          0.00%    passed     96.50%
  48  S1220         16.07%    passed     92.91%
  49  S0509          5.65%    passed     93.41%
  50  S1419          2.68%    passed     73.05%
  51  S1227          0.00%    passed     92.22%
  52  S0741          8.93%    passed     45.41%
  53  S1519          5.06%    passed     50.57%
  54  S0740          3.27%    passed     95.61%
  55  S0583         10.12%    passed     99.69%
  56  S1506         12.50%    passed     98.31%
  57  S0746          5.95%    passed     97.36%
  58  S0655sl        0.00%    passed     99.35%
  59  S0743          9.23%    passed     91.66%
  60  S0742          0.00%    passed     99.33%
  61  S0317         14.29%    passed     81.79%
  62  S1021         10.42%    passed     91.01%
  63  S0315         10.42%    passed     88.49%
  64  S0312          2.68%    passed     93.02%
  65  S0748          0.00%    passed     45.06%
  66  S0624          2.68%    passed     89.22%
  67  S1459          3.87%    passed     93.00%
  68  S1541sl        4.46%    passed     72.80%
  69  S1464          3.87%    passed     91.23%
  70  8009952        4.76%    passed     99.46%
  71  SRR8528343     0.00%    passed     96.21%
  72  S1251          0.00%    passed     97.56%
  73  S0734sl        0.00%    passed     78.92%
  74  S0689          0.30%    passed     95.27%
  75  S1319          2.98%    passed     95.44%
  76  S1561          1.49%    passed     95.84%
  77  S0691          1.19%    passed     96.88%
  78  S0690          0.00%    passed     95.78%
  79  S0617         10.71%    passed     95.76%
  80  S0616          0.00%    passed     90.39%
  81  S1230          0.00%    passed     99.80%
  82  S0612          1.49%    passed     99.98%
  83  S1234          4.76%    passed     99.58%
  84  S1369          2.08%    passed     97.74%
  85  S1509          8.93%    passed     91.86%
  86  S1239          0.00%    passed     89.67%
  87  S1038          0.00%    passed     98.82%
  88  S0450          0.00%    passed     94.30%
  89  S1229-2        0.00%    passed     92.26%
  90  S0756          0.00%    passed     98.77%
  91  S0757          1.79%    passed     80.75%
  92  S0329          0.00%    passed     98.20%
  93  S1460          0.00%    passed     93.51%
  94  S0752          9.52%    passed     96.76%
  95  SRR8528350     0.00%    passed     96.09%
  96  S0751          7.14%    passed     96.21%
  97  S0323         13.39%    passed     97.02%
  98  S0320          0.00%    passed     97.74%
  99  S0055          0.00%    passed     99.88%
 100  SRR8528358     0.30%    passed     89.20%
 101  S0593          4.76%    passed     67.92%
 102  S1188          0.00%    passed     80.00%
 103  S1214sl        0.00%    passed     83.77%
 104  S1235sl        0.00%    passed     95.78%
 105  S1368          5.36%    passed     97.08%
 106  S1189          0.00%    passed     99.66%
 107  S0688          0.00%    passed     98.22%
 108  S0560          0.00%    passed     98.62%
 109  S0562          2.38%    passed     95.03%
 110  S1498          0.89%    passed     89.49%
 111  S1408         10.12%    passed     99.71%
 112  S1106sl        4.17%    passed     91.83%
 113  S1232sl        0.30%    passed     87.31%
 114  S1040          4.17%    passed     82.48%
 115  S1375          0.00%    passed     99.66%
 116  S1208sl       19.05%    passed     98.78%
 117  S1045          5.36%    passed     97.11%
 118  S0331         15.18%    passed     81.50%
 119  S1371          5.95%    passed     94.78%
 120  S1370          0.00%    passed     96.67%
 121  S1204          2.68%    passed     98.90%
 122  S0728sl        8.33%    passed     95.85%
 123  SRR8528359     0.00%    passed     99.56%
 124  S0660sl       18.75%    passed     97.91%
 125  S0763          0.00%    passed     96.22%
 126  SRR8528381     7.44%    passed     32.41%
 127  SRR8528347     0.00%    passed     97.56%
 128  S0760          0.00%    passed     99.65%
 129  SRR8528341     0.00%    passed     97.76%
 130  S0766          1.19%    passed     96.80%
 131  S0765          0.00%    passed     99.24%
 132  S0764          0.00%    passed     84.12%
 133  S1474         17.56%    passed     83.82%
 134  S1475          0.00%    passed     91.75%
 135  S0613sl        0.00%    passed     99.66%
 136  S1579          3.27%    passed     94.77%
 137  S1120          2.68%    passed     94.64%
 138  S1121          4.17%    passed     88.60%
 139  S1401          8.04%    passed     99.27%
 140  S1374          2.38%    passed     91.95%
 141  S1102          8.93%    passed     77.83%
 142  S0762-2        1.49%    passed     98.38%
 143  S0809          2.98%    passed     99.65%
 144  SRR8528385     0.60%    passed     96.00%
 145  S0947sl        1.79%    passed     97.04%
 146  S1044          4.76%    passed     91.05%
 147  S1266sl        0.00%    passed     48.78%
 148  S1093sl        3.57%    passed     94.88%
 149  S0577         10.71%    passed     98.61%
 150  S0412sl       17.26%    passed     74.28%
 151  S0745          0.89%    passed     84.38%
 152  S1449          0.00%    passed     70.26%
 153  S1116          7.14%    passed     95.38%
 154  SRR8528379     0.00%    passed     96.24%
 155  S1050          4.76%    passed     93.32%
 156  S0478          0.00%    passed     86.39%
 157  S1365          0.00%    passed     89.67%
 158  S1366          0.30%    passed     72.72%
 159  S0346          4.46%    passed     89.61%
 160  S1210          0.00%    passed     97.75%
 161  S1211          0.00%    passed     70.13%
 162  SRR8528372     0.00%    passed     96.01%
 163  S1213          5.36%    passed     99.03%
 164  S1458          4.76%    passed     99.06%
 165  SRR8528376     5.65%    passed     88.61%
 166  S1409          3.27%    passed     54.44%
 167  S1096          4.17%    passed     90.42%
 168  S0677          0.30%    passed     94.29%
 169  S1118          1.79%    passed     91.76%
 170  S0671          4.76%    passed     67.98%
 171  S0670          2.98%    passed     94.15%
 172  S0672          0.30%    passed     61.66%
 173  S1113          3.57%    passed     85.49%
 174  S1400          3.87%    passed     97.92%
 175  S1111          5.06%    passed     87.71%
 176  S0795          2.68%    passed     98.53%
 177  S0770          0.60%    passed     97.86%
 178  S0771          0.00%    passed     95.74%
 179  S0772         11.61%    passed     98.95%
 180  SRR8528354     0.00%    passed     98.86%
 181  SRR8528380     1.19%    passed     94.56%
 182  SRR11470309    0.00%    passed     82.67%
 183  S1114-2        7.44%    passed     97.18%
 184  S0721sl        1.79%    passed     94.22%
 185  SRR8528357     0.00%    passed     99.56%
 186  S1378          8.33%    passed     87.24%
 187  S0836          4.17%    passed     96.32%
 188  S0834         13.39%    passed     90.38%
 189  S0464          6.55%    passed     99.58%
 190  SRR8528394     4.17%    passed     98.86%
 191  S1223          0.00%    passed     91.25%
 192  S1258-2        5.95%    passed     83.78%
 193  S0547          2.68%    passed     97.96%
 194  S1318-2        0.30%    passed     95.61%
 195  S1246          1.19%    passed     97.25%
 196  S1331         12.80%    passed     82.39%
 197  SRR8528370     0.00%    passed     97.28%
 198  S1052sl        1.19%    passed     83.10%
 199  S1451          0.00%    passed     96.33%
 200  S1405          0.00%    passed     99.80%
 201  SRR8528339     1.19%    passed     95.49%
 202  S1100          0.00%    passed     84.90%
 203  S0888          0.00%    passed     89.85%
 204  S1069          4.17%    passed     99.71%
 205  S1103          0.89%    passed     97.96%
 206  SRR8528365     0.00%    passed     77.29%
 207  SRR8528364     3.57%    passed     95.15%
 208  S1181-2        3.57%    passed     96.47%
 209  SRR8528361     0.00%    passed     81.12%
 210  S1315          0.60%    passed     88.59%
 211  S0667         11.90%    passed     85.60%
 212  S0664          8.63%    passed     96.25%
 213  S0827          0.00%    passed     99.64%
 214  S0662          9.52%    passed     83.69%
 215  S1128          0.30%    passed     96.05%
 216  SRR8528400     0.00%    passed     95.60%
 217  S1428          0.00%    passed     15.14%
 218  SRR8528342     5.06%    passed     95.33%
 219  S1260          0.00%    passed     98.77%
 220  SRR8528382     4.46%    passed     91.66%
 221  S0669          6.55%    passed     99.30%
 222  S0293         15.18%    passed     76.08%
 223  S0292          0.30%    passed     78.80%
 224  S0904          0.89%    passed     82.02%
 225  S0903          0.00%    passed     97.80%
 226  S0902          1.19%    passed     75.57%
 227  S0901          1.49%    passed     51.89%
 228  S0294          0.89%    passed     98.98%
 229  S1184          0.00%    passed     85.07%
 230  S0747sl       10.71%    passed     96.77%
 231  S0299          0.30%    passed     97.30%
 232  S0298          5.06%    passed     78.60%
 233  S1180          0.00%    passed     80.90%
 234  S1339         10.42%    passed     98.43%
 235  S1182          2.38%    passed     22.80%
 236  S1422         10.42%    passed     92.14%
 237  S0558          0.00%    passed     92.11%
 238  S0964          0.00%    passed     94.00%
 239  S0768          5.95%    passed     97.54%
 240  S0960          0.30%    passed     98.97%
 241  S0417          0.60%    passed     93.19%
 242  S0416          0.30%    passed     80.87%
 243  S1354          2.08%    passed     93.28%
 244  S1201sl        0.00%    passed     99.68%
 245  S0645sl        0.00%    passed     86.41%
 246  S1221sl        5.65%    passed     98.01%
 247  S1424          4.46%    passed     83.83%
 248  S1245          0.00%    passed     95.18%
 249  S1177          0.00%    passed     98.86%
 250  S0420sl        2.38%    passed     31.09%
 251  S1072          4.17%    passed     94.46%
 252  SRR8528399     5.36%    passed     96.19%
 253  S1074          6.85%    passed     91.39%
 254  SRR8528398     0.30%    passed     65.58%
 255  S1077          7.74%    passed     82.06%
 256  S0851         12.80%    passed     95.08%
 257  S1278          0.00%    passed     96.67%
 258  S0654          0.30%    passed     98.36%
 259  S1276          9.23%    passed     53.03%
 260  SRR8528384     0.00%    passed     99.23%
 261  S0717          0.00%    passed     93.80%
 262  S1270          7.44%    passed     97.97%
 263  S1039          4.76%    passed     93.83%
 264  S0552sl        0.00%    passed     97.75%
 265  S0288          6.85%    passed     52.87%
 266  S0289          0.00%    passed     91.79%
 267  S1043sl        6.85%    passed     98.46%
 268  S0284          4.76%    passed     89.94%
 269  S0285          4.46%    passed     82.49%
 270  S0286          2.68%    passed     88.24%
 271  S1381          4.46%    passed     64.23%
 272  S0280          0.89%    passed     94.13%
 273  S0281          0.00%    passed     88.95%
 274  S0282          0.00%    passed     93.59%
 275  S0283          1.19%    passed     99.71%
 276  S0647-2        4.46%    passed     84.39%
 277  SRR8528356     2.38%    passed     44.32%
 278  S0400          0.00%    passed     98.19%
 279  S_670          0.00%    passed     99.33%
 280  S0731sl        7.74%    passed     98.50%
 281  S0405          0.00%    passed     95.78%
 282  SRR11470320    0.00%    passed     92.54%
 283  S0899          0.00%    passed     94.56%
 284  S1269          0.00%    passed     53.80%
 285  S0754          4.76%    passed     90.63%
 286  S0727          5.06%    passed     89.97%
 287  S0726         17.56%    passed     93.13%
 288  S1314          9.52%    passed     97.01%
 289  S1407          5.95%    passed     97.24%
 290  S0275          1.79%    passed     71.50%
 291  S0722          5.65%    passed     98.17%
 292  S0277          3.87%    passed     99.70%
 293  S0720          0.00%    passed     92.32%
 294  S0279          3.57%    passed     97.92%
 295  S0371          7.44%    passed     98.76%
 296  S1168          5.95%    passed     99.23%
 297  S0373          4.76%    passed     94.70%
 298  S0521          5.65%    passed     94.49%
 299  S1250sl        1.49%    passed     94.56%
 300  S0376          0.00%    passed     82.46%
 301  S0377         10.12%    passed     94.70%
 302  S1539          0.30%    passed     97.43%
 303  S1332          0.00%    passed     72.88%
 304  S1249          0.00%    passed     55.77%
 305  S0327          0.00%    passed     93.07%
 306  S1336          3.27%    passed     93.09%
 307  S1241          5.65%    passed     94.79%
 308  S1279          0.30%    passed     95.78%
 309  S0641          0.00%    passed     98.43%
 310  S0642          4.17%    passed     83.62%
 311  S1462          0.00%    passed     97.98%
 312  S1342          2.38%    passed     31.09%
 313  S1083          0.00%    passed     90.24%
 314  S1117          3.87%    passed     87.76%
 315  S1129sl        0.30%    passed     97.86%
 316  S1089          2.38%    passed     99.07%
****  TOTAL          3.49%  0 sequences failed composition chi2 test (p-value<5%; df=3)
NOTE: S1266sl is identical to S0430 but kept for subsequent analysis
NOTE: S0613sl is identical to S1189 but kept for subsequent analysis
NOTE: S1278 is identical to S1370 but kept for subsequent analysis
NOTE: S1342 is identical to S0420sl but kept for subsequent analysis

Create initial parsimony tree by phylogenetic likelihood library (PLL)... 0.059 seconds
Generating 1000 samples for ultrafast bootstrap (seed: 496231)...

NOTE: 13 MB RAM (0 GB) is required!
Measuring multi-threading efficiency up to 48 CPU cores
Increase to 10 rounds for branch lengths
92 trees examined
Threads: 1 / Time: 48.052 sec / Speedup: 1.000 / Efficiency: 100% / LogL: -15312
Threads: 2 / Time: 54.148 sec / Speedup: 0.887 / Efficiency: 44% / LogL: -15312
BEST NUMBER OF THREADS: 1

Estimate model parameters (epsilon = 0.100)
1. Initial log-likelihood: -7786.978
2. Current log-likelihood: -7393.518
3. Current log-likelihood: -7380.392
4. Current log-likelihood: -7372.201
5. Current log-likelihood: -7366.469
6. Current log-likelihood: -7361.779
7. Current log-likelihood: -7357.890
8. Current log-likelihood: -7354.675
9. Current log-likelihood: -7352.023
10. Current log-likelihood: -7349.792
11. Current log-likelihood: -7347.922
12. Current log-likelihood: -7346.328
13. Current log-likelihood: -7344.978
14. Current log-likelihood: -7343.811
15. Current log-likelihood: -7342.809
16. Current log-likelihood: -7342.047
17. Current log-likelihood: -7341.362
18. Current log-likelihood: -7340.742
19. Current log-likelihood: -7340.192
20. Current log-likelihood: -7339.691
21. Current log-likelihood: -7339.245
22. Current log-likelihood: -7338.836
23. Current log-likelihood: -7338.469
24. Current log-likelihood: -7338.131
25. Current log-likelihood: -7337.826
26. Current log-likelihood: -7337.544
27. Current log-likelihood: -7337.374
28. Current log-likelihood: -7337.118
29. Current log-likelihood: -7336.971
30. Current log-likelihood: -7336.825
31. Current log-likelihood: -7336.687
Optimal log-likelihood: -7336.544
Rate parameters:  A-C: 1.12121  A-G: 2.10658  A-T: 1.03336  C-G: 0.51409  C-T: 2.85110  G-T: 1.00000
Base frequencies:  A: 0.253  C: 0.206  G: 0.264  T: 0.276
Site proportion and rates:  (0.603,0.060) (0.182,0.787) (0.148,2.568) (0.067,6.614)
Parameters optimization took 31 rounds (38.499 sec)
Computing ML distances based on estimated model parameters...
Computing ML distances took 3.334198 sec (of wall-clock time) 2.940000 sec(of CPU time)
Computing RapidNJ tree took 0.014579 sec (of wall-clock time) 0.028000 sec (of CPU time)
Log-likelihood of RapidNJ tree: -7671.449
--------------------------------------------------------------------
|             INITIALIZING CANDIDATE TREE SET                      |
--------------------------------------------------------------------
Generating 98 parsimony trees... 10.677 second
Computing log-likelihood of 98 initial trees ... 6.228 seconds
Current best score: -7329.355

Do NNI search on 20 best initial trees
Estimate model parameters (epsilon = 0.100)
BETTER TREE FOUND at iteration 1: -7290.336
Iteration 10 / LogL: -7324.740 / Time: 0h:3m:43s
Iteration 20 / LogL: -7323.405 / Time: 0h:4m:43s
Finish initializing candidate tree set (20)
Current best tree score: -7290.336 / CPU time: 138.649
Number of iterations: 20
--------------------------------------------------------------------
|               OPTIMIZING CANDIDATE TREE SET                      |
--------------------------------------------------------------------
Estimate model parameters (epsilon = 0.100)
BETTER TREE FOUND at iteration 24: -7262.889
Estimate model parameters (epsilon = 0.100)
BETTER TREE FOUND at iteration 30: -7260.585
Iteration 30 / LogL: -7260.585 / Time: 0h:5m:28s (0h:18m:51s left)
Estimate model parameters (epsilon = 0.100)
BETTER TREE FOUND at iteration 33: -7259.784
Estimate model parameters (epsilon = 0.100)
BETTER TREE FOUND at iteration 38: -7257.333
Estimate model parameters (epsilon = 0.100)
BETTER TREE FOUND at iteration 40: -7247.832
Iteration 40 / LogL: -7247.832 / Time: 0h:6m:33s (0h:16m:49s left)
Estimate model parameters (epsilon = 0.100)
BETTER TREE FOUND at iteration 42: -7242.346
Iteration 50 / LogL: -7248.011 / Time: 0h:7m:17s (0h:13m:41s left)
Log-likelihood cutoff on original alignment: -7365.805
Iteration 60 / LogL: -7248.772 / Time: 0h:8m:31s (0h:11m:50s left)
Estimate model parameters (epsilon = 0.100)
BETTER TREE FOUND at iteration 70: -7237.387
Iteration 70 / LogL: -7237.387 / Time: 0h:9m:29s (0h:13m:44s left)
Iteration 80 / LogL: -7242.128 / Time: 0h:10m:34s (0h:12m:2s left)
Iteration 90 / LogL: -7249.536 / Time: 0h:11m:41s (0h:10m:30s left)
Iteration 100 / LogL: -7288.798 / Time: 0h:12m:35s (0h:8m:53s left)
Log-likelihood cutoff on original alignment: -7337.743
NOTE: Bootstrap correlation coefficient of split occurrence frequencies: 0.962
NOTE: UFBoot does not converge, continue at least 100 more iterations
Iteration 110 / LogL: -7240.197 / Time: 0h:13m:44s (0h:11m:20s left)
Iteration 120 / LogL: -7242.060 / Time: 0h:15m:0s (0h:10m:5s left)
Iteration 130 / LogL: -7239.837 / Time: 0h:16m:2s (0h:8m:42s left)
Estimate model parameters (epsilon = 0.100)
BETTER TREE FOUND at iteration 136: -7236.765
Iteration 140 / LogL: -7241.001 / Time: 0h:17m:4s (0h:11m:47s left)
Iteration 150 / LogL: -7246.785 / Time: 0h:17m:56s (0h:10m:21s left)
Log-likelihood cutoff on original alignment: -7337.743
Estimate model parameters (epsilon = 0.100)
BETTER TREE FOUND at iteration 154: -7236.247
Iteration 160 / LogL: -7242.120 / Time: 0h:18m:54s (0h:11m:10s left)
Estimate model parameters (epsilon = 0.100)
BETTER TREE FOUND at iteration 167: -7235.632
Iteration 170 / LogL: -7256.623 / Time: 0h:19m:57s (0h:11m:27s left)
Iteration 180 / LogL: -7254.641 / Time: 0h:20m:58s (0h:10m:11s left)
Iteration 190 / LogL: -7237.155 / Time: 0h:22m:1s (0h:8m:58s left)
Estimate model parameters (epsilon = 0.100)
BETTER TREE FOUND at iteration 194: -7235.115
Iteration 200 / LogL: -7272.650 / Time: 0h:23m:11s (0h:10m:57s left)
Log-likelihood cutoff on original alignment: -7337.743
NOTE: Bootstrap correlation coefficient of split occurrence frequencies: 0.970
NOTE: UFBoot does not converge, continue at least 100 more iterations
Estimate model parameters (epsilon = 0.100)
BETTER TREE FOUND at iteration 203: -7233.409
Iteration 210 / LogL: -7270.633 / Time: 0h:24m:15s (0h:10m:47s left)
Estimate model parameters (epsilon = 0.100)
BETTER TREE FOUND at iteration 213: -7232.796
Iteration 220 / LogL: -7251.820 / Time: 0h:25m:8s (0h:10m:40s left)
Estimate model parameters (epsilon = 0.100)
BETTER TREE FOUND at iteration 224: -7232.235
Iteration 230 / LogL: -7237.492 / Time: 0h:26m:19s (0h:10m:48s left)
Iteration 240 / LogL: -7261.798 / Time: 0h:27m:32s (0h:9m:40s left)
Iteration 250 / LogL: -7235.677 / Time: 0h:28m:30s (0h:8m:28s left)
Log-likelihood cutoff on original alignment: -7337.743
Estimate model parameters (epsilon = 0.100)
BETTER TREE FOUND at iteration 259: -7232.006
Iteration 260 / LogL: -7234.522 / Time: 0h:29m:49s (0h:11m:23s left)
Estimate model parameters (epsilon = 0.100)
BETTER TREE FOUND at iteration 266: -7231.500
Iteration 270 / LogL: -7240.807 / Time: 0h:30m:59s (0h:11m:3s left)
Estimate model parameters (epsilon = 0.100)
BETTER TREE FOUND at iteration 278: -7231.417
Iteration 280 / LogL: -7244.634 / Time: 0h:32m:13s (0h:11m:19s left)
Iteration 290 / LogL: -7248.082 / Time: 0h:33m:16s (0h:10m:8s left)
Estimate model parameters (epsilon = 0.100)
BETTER TREE FOUND at iteration 299: -7230.084
Iteration 300 / LogL: -7233.737 / Time: 0h:34m:30s (0h:11m:25s left)
Log-likelihood cutoff on original alignment: -7337.743
NOTE: Bootstrap correlation coefficient of split occurrence frequencies: 0.969
NOTE: UFBoot does not converge, continue at least 100 more iterations
Iteration 310 / LogL: -7244.688 / Time: 0h:35m:44s (0h:10m:24s left)
Estimate model parameters (epsilon = 0.100)
BETTER TREE FOUND at iteration 320: -7229.864
Iteration 320 / LogL: -7229.864 / Time: 0h:36m:56s (0h:11m:34s left)
Iteration 330 / LogL: -7233.050 / Time: 0h:38m:14s (0h:10m:27s left)
Estimate model parameters (epsilon = 0.100)
BETTER TREE FOUND at iteration 334: -7229.214
Estimate model parameters (epsilon = 0.100)
BETTER TREE FOUND at iteration 338: -7229.148
Iteration 340 / LogL: -7239.357 / Time: 0h:39m:32s (0h:11m:25s left)
Iteration 350 / LogL: -7233.464 / Time: 0h:40m:45s (0h:10m:16s left)
Log-likelihood cutoff on original alignment: -7337.743
Iteration 360 / LogL: -7237.133 / Time: 0h:42m:15s (0h:9m:10s left)
Iteration 370 / LogL: -7236.831 / Time: 0h:43m:30s (0h:8m:1s left)
Iteration 380 / LogL: -7235.279 / Time: 0h:44m:36s (0h:6m:49s left)
Iteration 390 / LogL: -7297.888 / Time: 0h:45m:56s (0h:5m:40s left)
Iteration 400 / LogL: -7237.747 / Time: 0h:47m:12s (0h:4m:29s left)
Log-likelihood cutoff on original alignment: -7337.743
NOTE: Bootstrap correlation coefficient of split occurrence frequencies: 0.967
NOTE: UFBoot does not converge, continue at least 100 more iterations
Iteration 410 / LogL: -7231.105 / Time: 0h:48m:32s (0h:10m:40s left)
Iteration 420 / LogL: -7230.466 / Time: 0h:49m:46s (0h:9m:30s left)
Iteration 430 / LogL: -7232.320 / Time: 0h:51m:4s (0h:8m:20s left)
Iteration 440 / LogL: -7243.196 / Time: 0h:52m:9s (0h:7m:7s left)
Estimate model parameters (epsilon = 0.100)
BETTER TREE FOUND at iteration 444: -7228.616
Iteration 450 / LogL: -7265.243 / Time: 0h:53m:28s (0h:11m:11s left)
Log-likelihood cutoff on original alignment: -7337.743
Iteration 460 / LogL: -7238.403 / Time: 0h:54m:49s (0h:10m:2s left)
Iteration 470 / LogL: -7232.744 / Time: 0h:56m:15s (0h:8m:52s left)
Iteration 480 / LogL: -7250.022 / Time: 0h:57m:43s (0h:7m:42s left)
Iteration 490 / LogL: -7233.817 / Time: 0h:58m:57s (0h:6m:30s left)
Iteration 500 / LogL: -7236.175 / Time: 1h:0m:7s (0h:5m:18s left)
Log-likelihood cutoff on original alignment: -7337.743
NOTE: Bootstrap correlation coefficient of split occurrence frequencies: 0.982
NOTE: UFBoot does not converge, continue at least 100 more iterations
Estimate model parameters (epsilon = 0.100)
BETTER TREE FOUND at iteration 503: -7228.547
Iteration 510 / LogL: -7238.251 / Time: 1h:1m:35s (0h:11m:15s left)
Iteration 520 / LogL: -7273.106 / Time: 1h:2m:51s (0h:10m:3s left)
Iteration 530 / LogL: -7230.209 / Time: 1h:4m:11s (0h:8m:51s left)
Iteration 540 / LogL: -7247.809 / Time: 1h:5m:39s (0h:7m:40s left)
Iteration 550 / LogL: -7240.091 / Time: 1h:7m:5s (0h:6m:28s left)
Log-likelihood cutoff on original alignment: -7337.743
Estimate model parameters (epsilon = 0.100)
BETTER TREE FOUND at iteration 559: -7228.208
Iteration 560 / LogL: -7231.206 / Time: 1h:8m:35s (0h:12m:8s left)
Iteration 570 / LogL: -7244.083 / Time: 1h:10m:11s (0h:10m:58s left)
Iteration 580 / LogL: -7252.441 / Time: 1h:11m:29s (0h:9m:45s left)
Iteration 590 / LogL: -7233.906 / Time: 1h:13m:0s (0h:8m:33s left)
Iteration 600 / LogL: -7236.142 / Time: 1h:14m:36s (0h:7m:20s left)
Log-likelihood cutoff on original alignment: -7337.743
NOTE: Bootstrap correlation coefficient of split occurrence frequencies: 0.985
NOTE: UFBoot does not converge, continue at least 100 more iterations
Iteration 610 / LogL: -7234.912 / Time: 1h:16m:0s (0h:11m:13s left)
Iteration 620 / LogL: -7243.846 / Time: 1h:17m:17s (0h:9m:59s left)
Estimate model parameters (epsilon = 0.100)
BETTER TREE FOUND at iteration 625: -7227.600
Estimate model parameters (epsilon = 0.100)
BETTER TREE FOUND at iteration 626: -7225.949
Iteration 630 / LogL: -7234.427 / Time: 1h:18m:50s (0h:12m:1s left)
Iteration 640 / LogL: -7228.180 / Time: 1h:20m:13s (0h:10m:47s left)
Iteration 650 / LogL: -7290.672 / Time: 1h:21m:26s (0h:9m:32s left)
Log-likelihood cutoff on original alignment: -7337.743
Iteration 660 / LogL: -7242.683 / Time: 1h:22m:41s (0h:8m:16s left)
Iteration 670 / LogL: -7240.678 / Time: 1h:24m:18s (0h:7m:3s left)
Estimate model parameters (epsilon = 0.100)
BETTER TREE FOUND at iteration 676: -7225.786
Iteration 680 / LogL: -7227.723 / Time: 1h:25m:56s (0h:12m:9s left)
Iteration 690 / LogL: -7273.533 / Time: 1h:27m:22s (0h:10m:54s left)
Iteration 700 / LogL: -7231.170 / Time: 1h:28m:57s (0h:9m:40s left)
Log-likelihood cutoff on original alignment: -7337.743
NOTE: Bootstrap correlation coefficient of split occurrence frequencies: 0.977
NOTE: UFBoot does not converge, continue at least 100 more iterations
Iteration 710 / LogL: -7235.746 / Time: 1h:30m:13s (0h:11m:27s left)
Iteration 720 / LogL: -7239.996 / Time: 1h:31m:42s (0h:10m:12s left)
Iteration 730 / LogL: -7260.628 / Time: 1h:33m:16s (0h:8m:57s left)
Iteration 740 / LogL: -7230.614 / Time: 1h:34m:42s (0h:7m:41s left)
Iteration 750 / LogL: -7237.200 / Time: 1h:36m:5s (0h:6m:24s left)
Log-likelihood cutoff on original alignment: -7337.743
Iteration 760 / LogL: -7231.495 / Time: 1h:37m:33s (0h:5m:8s left)
Iteration 770 / LogL: -7232.662 / Time: 1h:38m:58s (0h:3m:51s left)
Iteration 780 / LogL: -7228.290 / Time: 1h:40m:8s (0h:2m:34s left)
Iteration 790 / LogL: -7278.790 / Time: 1h:41m:28s (0h:1m:17s left)
Iteration 800 / LogL: -7232.176 / Time: 1h:42m:57s (0h:0m:0s left)
Log-likelihood cutoff on original alignment: -7337.743
NOTE: Bootstrap correlation coefficient of split occurrence frequencies: 0.974
NOTE: UFBoot does not converge, continue at least 100 more iterations
Iteration 810 / LogL: -7227.536 / Time: 1h:44m:32s (0h:11m:37s left)
Iteration 820 / LogL: -7229.664 / Time: 1h:45m:51s (0h:10m:20s left)
Iteration 830 / LogL: -7227.480 / Time: 1h:47m:21s (0h:9m:3s left)
Iteration 840 / LogL: -7237.014 / Time: 1h:48m:42s (0h:7m:46s left)
Iteration 850 / LogL: -7225.970 / Time: 1h:50m:1s (0h:6m:28s left)
Log-likelihood cutoff on original alignment: -7337.743
Iteration 860 / LogL: -7232.634 / Time: 1h:51m:30s (0h:5m:11s left)
Iteration 870 / LogL: -7247.744 / Time: 1h:52m:41s (0h:3m:53s left)
Estimate model parameters (epsilon = 0.100)
BETTER TREE FOUND at iteration 877: -7224.831
Iteration 880 / LogL: -7229.584 / Time: 1h:54m:9s (0h:12m:35s left)
Iteration 890 / LogL: -7234.712 / Time: 1h:55m:32s (0h:11m:18s left)
Iteration 900 / LogL: -7227.071 / Time: 1h:57m:7s (0h:10m:1s left)
Log-likelihood cutoff on original alignment: -7337.743
NOTE: Bootstrap correlation coefficient of split occurrence frequencies: 0.972
NOTE: UFBoot does not converge, continue at least 100 more iterations
Iteration 910 / LogL: -7277.346 / Time: 1h:58m:42s (0h:11m:45s left)
Iteration 920 / LogL: -7228.393 / Time: 2h:0m:8s (0h:10m:27s left)
Iteration 930 / LogL: -7229.791 / Time: 2h:1m:34s (0h:9m:9s left)
Iteration 940 / LogL: -7243.026 / Time: 2h:2m:54s (0h:7m:51s left)
Iteration 950 / LogL: -7229.884 / Time: 2h:4m:22s (0h:6m:33s left)
Log-likelihood cutoff on original alignment: -7337.743
Iteration 960 / LogL: -7231.911 / Time: 2h:5m:52s (0h:5m:15s left)
Iteration 970 / LogL: -7264.409 / Time: 2h:7m:25s (0h:3m:56s left)
Iteration 980 / LogL: -7225.411 / Time: 2h:9m:6s (0h:2m:38s left)
Iteration 990 / LogL: -7237.083 / Time: 2h:10m:38s (0h:1m:19s left)
Iteration 1000 / LogL: -7232.916 / Time: 2h:11m:54s (0h:0m:0s left)
Log-likelihood cutoff on original alignment: -7337.743
NOTE: Bootstrap correlation coefficient of split occurrence frequencies: 0.968
NOTE: UFBoot does not converge, continue at least 100 more iterations
WARNING: bootstrap analysis did not converge. You should rerun with higher number of iterations (-nm option)
TREE SEARCH COMPLETED AFTER 1001 ITERATIONS / Time: 2h:12m:8s

--------------------------------------------------------------------
|                    FINALIZING TREE SEARCH                        |
--------------------------------------------------------------------
Performs final model parameters optimization
Estimate model parameters (epsilon = 0.010)
1. Initial log-likelihood: -7224.831
2. Current log-likelihood: -7224.817
3. Current log-likelihood: -7224.806
4. Current log-likelihood: -7224.794
5. Current log-likelihood: -7224.782
6. Current log-likelihood: -7224.771
7. Current log-likelihood: -7224.760
8. Current log-likelihood: -7224.750
9. Current log-likelihood: -7224.739
10. Current log-likelihood: -7224.729
11. Current log-likelihood: -7224.719
Optimal log-likelihood: -7224.703
Rate parameters:  A-C: 1.20827  A-G: 2.09955  A-T: 1.05649  C-G: 0.46446  C-T: 3.26627  G-T: 1.00000
Base frequencies:  A: 0.253  C: 0.206  G: 0.264  T: 0.276
Site proportion and rates:  (0.578,0.039) (0.213,0.734) (0.140,2.512) (0.069,6.791)
Parameters optimization took 11 rounds (12.600 sec)
BEST SCORE FOUND : -7224.703
Creating bootstrap support values...
Split supports printed to NEXUS file results_assessment_saturation_and_clocklikeliness/results_iqtree_gene_trees/result_5G58330_iqtree.splits.nex
Total tree length: 4.220

Total number of iterations: 1001
CPU time used for tree search: 5957.508 sec (1h:39m:17s)
Wall-clock time used for tree search: 7783.797 sec (2h:9m:43s)
Total CPU time used: 6115.720 sec (1h:41m:55s)
Total wall-clock time used: 7944.346 sec (2h:12m:24s)

Computing bootstrap consensus tree...
Reading input file results_assessment_saturation_and_clocklikeliness/results_iqtree_gene_trees/result_5G58330_iqtree.splits.nex...
316 taxa and 7570 splits.
Consensus tree written to results_assessment_saturation_and_clocklikeliness/results_iqtree_gene_trees/result_5G58330_iqtree.contree
Reading input trees file results_assessment_saturation_and_clocklikeliness/results_iqtree_gene_trees/result_5G58330_iqtree.contree
Log-likelihood of consensus tree: -7226.410

Analysis results written to: 
  IQ-TREE report:                results_assessment_saturation_and_clocklikeliness/results_iqtree_gene_trees/result_5G58330_iqtree.iqtree
  Maximum-likelihood tree:       results_assessment_saturation_and_clocklikeliness/results_iqtree_gene_trees/result_5G58330_iqtree.treefile
  Likelihood distances:          results_assessment_saturation_and_clocklikeliness/results_iqtree_gene_trees/result_5G58330_iqtree.mldist

Ultrafast bootstrap approximation results written to:
  Split support values:          results_assessment_saturation_and_clocklikeliness/results_iqtree_gene_trees/result_5G58330_iqtree.splits.nex
  Consensus tree:                results_assessment_saturation_and_clocklikeliness/results_iqtree_gene_trees/result_5G58330_iqtree.contree
  Screen log file:               results_assessment_saturation_and_clocklikeliness/results_iqtree_gene_trees/result_5G58330_iqtree.log

Date and Time: Wed Mar 30 11:51:14 2022
