IQ-TREE multicore version 2.1.3 COVID-edition for Linux 64-bit built Apr 21 2021
Developed by Bui Quang Minh, James Barbetti, Nguyen Lam Tung,
Olga Chernomor, Heiko Schmidt, Dominik Schrempf, Michael Woodhams.

Host:    hpc-high-memory-multi-user (AVX2, FMA3, 1007 GB RAM)
Command: /home/kasper.hendriks/iqtree-2.1.3-Linux/bin/iqtree2 -s results_assessment_saturation_and_clocklikeliness/input_gene_alignments_cleaned/5816_cleaned.fasta -B 1000 -nm 1000 -m GTR+F+R -nt AUTO --prefix results_assessment_saturation_and_clocklikeliness/results_iqtree_gene_trees/result_5816_iqtree
Seed:    603868 (Using SPRNG - Scalable Parallel Random Number Generator)
Time:    Wed Mar 30 03:33:22 2022
Kernel:  AVX+FMA - auto-detect threads (48 CPU cores detected)

Reading alignment file results_assessment_saturation_and_clocklikeliness/input_gene_alignments_cleaned/5816_cleaned.fasta ... Fasta format detected
Alignment most likely contains DNA/RNA sequences
Alignment has 307 sequences with 673 columns, 625 distinct patterns
402 parsimony-informative, 93 singleton sites, 178 constant sites
               Gap/Ambiguity  Composition  p-value
   1  S0941            1.19%    passed     97.72%
   2  S1341           10.25%    passed     72.96%
   3  S0946            1.78%    passed     96.89%
   4  S0436            0.30%    passed     97.80%
   5  S0949            0.74%    passed    100.00%
   6  S1114-2         16.94%    passed     62.21%
   7  S1201sl          0.00%    passed     94.39%
   8  S0430            0.00%    passed     93.43%
   9  S0656sl          0.15%    passed     86.20%
  10  S0735            0.30%    passed     94.86%
  11  S0403sl          0.30%    passed     97.74%
  12  S0739            0.30%    passed     67.35%
  13  S0268            0.30%    passed     99.12%
  14  S1328sl          3.12%    passed     81.31%
  15  S0428sl          9.21%    passed     43.72%
  16  S0196sl          0.00%    passed     96.08%
  17  S1421            0.59%    passed     97.22%
  18  S1442            1.93%    passed     98.55%
  19  S0301            0.59%    passed     99.05%
  20  S0300            3.57%    passed     92.21%
  21  S0303            0.00%    passed     98.12%
  22  S0385            0.45%    passed     91.16%
  23  S0384            0.30%    passed     83.69%
  24  MYZV             0.00%    passed     97.12%
  25  S1095            5.05%    passed     87.46%
  26  S0381            1.19%    passed     92.53%
  27  S0380            0.59%    passed     96.58%
  28  S0383            1.93%    passed     97.07%
  29  PAFTOL_019361    0.00%    passed     31.05%
  30  S1541sl          0.74%    passed     96.71%
  31  S1098            4.90%    passed     99.67%
  32  S0895            2.53%    passed     99.36%
  33  S0583            2.38%    passed     99.08%
  34  S0897            0.30%    passed     91.76%
  35  S0896            1.34%    passed     99.93%
  36  S0893            1.63%    passed     98.37%
  37  S0892            0.00%    passed     94.79%
  38  S0954            1.49%    passed     74.25%
  39  S0421            2.38%    passed     96.23%
  40  S0956            1.63%    passed     88.25%
  41  S0957            0.59%    passed     90.70%
  42  S0899            0.30%    passed     99.76%
  43  S0951            1.34%    passed     98.06%
  44  S0952            0.15%    passed     88.27%
  45  S0427            0.00%    passed     97.79%
  46  S1148            0.59%    passed     99.90%
  47  S1220            1.49%    passed     91.73%
  48  S0156            0.00%    passed     98.62%
  49  S1419            3.86%    passed     95.10%
  50  S1227            3.71%    passed     98.33%
  51  S0741            0.15%    passed     98.38%
  52  S1376            0.45%    passed     95.65%
  53  S1519            6.09%    passed     97.83%
  54  S0740            5.79%    passed     89.70%
  55  S1506            1.34%    passed     88.67%
  56  S0746            0.15%    passed     80.90%
  57  S0655sl          4.01%    passed     94.46%
  58  S0743            0.74%    passed     95.34%
  59  S0742            0.00%    passed     99.33%
  60  S0317            2.08%    passed     97.21%
  61  S1021            3.12%    passed     99.89%
  62  S0315            2.08%    passed     98.83%
  63  S0312            2.08%    passed     93.61%
  64  S0732            1.19%    passed     97.91%
  65  S0624            0.00%    passed     90.46%
  66  S1464            3.86%    passed     99.98%
  67  S1210            0.30%    passed     91.40%
  68  S1251            0.45%    passed     98.57%
  69  S1177            0.00%    passed     99.76%
  70  S0689            0.59%    passed     98.35%
  71  S1319            4.31%    passed     99.94%
  72  S1011sl          6.69%    passed     99.11%
  73  S0691            1.93%    passed     86.31%
  74  S0690            2.08%    passed     99.51%
  75  S0616            0.00%    passed     94.87%
  76  S0612            4.16%    passed     91.94%
  77  S1234            0.00%    passed     96.43%
  78  S1369            1.49%    passed     98.79%
  79  S1509            3.42%    passed     98.68%
  80  S1239            0.00%    passed     93.60%
  81  S1038            7.73%    passed     89.00%
  82  S0450            1.04%    passed     93.46%
  83  S1229-2          0.45%    passed     60.91%
  84  S0756            0.00%    passed     98.00%
  85  S0757            2.67%    passed     99.66%
  86  S0329            0.15%    passed     95.02%
  87  S1460            0.00%    passed     98.45%
  88  S0752            1.04%    passed     98.71%
  89  S0753            1.78%    passed     93.56%
  90  S0751            7.73%    passed     91.84%
  91  S0323            2.67%    passed     99.31%
  92  S0322            0.00%    passed     94.70%
  93  S0320            0.00%    passed     94.19%
  94  S0055            0.15%    passed     93.01%
  95  S0591            4.16%    passed     98.85%
  96  S0758           16.05%    passed     81.75%
  97  S1187sl         19.47%    passed     69.65%
  98  S1381            0.15%    passed     99.92%
  99  S0903            0.89%    passed     97.69%
 100  S1040            4.16%    passed    100.00%
 101  S1214sl          0.00%    passed     97.07%
 102  S1235sl          0.15%    passed     96.22%
 103  S1368            5.50%    passed     95.76%
 104  S1189            0.00%    passed     83.96%
 105  S0688            0.00%    passed     99.42%
 106  S0560            2.08%    passed     92.81%
 107  S0562            6.39%    passed     61.81%
 108  S1498            0.15%    passed     99.57%
 109  S1053sl          4.46%    passed     99.60%
 110  S1238sl          0.30%    passed     99.29%
 111  S1106sl          4.01%    passed     99.42%
 112  S1119            7.88%    passed     97.48%
 113  S0906            0.00%    passed     94.91%
 114  S1232sl          3.86%    passed     97.31%
 115  S0335            0.00%    passed     96.92%
 116  S1375            1.04%    passed     97.95%
 117  S1208sl          2.53%    passed     99.58%
 118  S1045            6.69%    passed     81.57%
 119  S0331            1.04%    passed     95.43%
 120  S1371            1.63%    passed     98.81%
 121  S1370            1.04%    passed     99.02%
 122  S0671            5.05%    passed     99.92%
 123  SRR8528357       0.00%    passed     93.47%
 124  S1204            3.27%    passed     98.79%
 125  S0728sl         10.70%    passed     87.72%
 126  S0308            0.00%    passed     98.60%
 127  S0763            2.53%    passed     96.76%
 128  S0760            0.00%    passed     97.82%
 129  S0766            0.74%    passed     91.59%
 130  S0765            0.00%    passed     97.94%
 131  S0764            0.30%    passed     94.66%
 132  S1474            7.58%    passed     79.32%
 133  S1475            0.15%    passed     89.34%
 134  S0613sl          0.30%    passed     85.51%
 135  S1579            0.00%    passed     93.38%
 136  S1120           18.42%    passed     53.93%
 137  S1121            5.79%    passed     99.77%
 138  S1401            0.89%    passed     86.34%
 139  S1374            4.75%    passed     94.06%
 140  S1102            0.15%    passed     92.63%
 141  S0762-2          6.69%    passed     85.75%
 142  S0724sl          0.00%    passed     97.68%
 143  S0947sl          5.35%    passed     98.60%
 144  S0748            0.15%    passed     99.86%
 145  S1044            1.34%    passed     99.75%
 146  S1266sl          0.00%    passed     96.61%
 147  S1093sl          4.75%    passed     95.76%
 148  S1110            1.19%    passed     93.03%
 149  S0577            0.89%    passed     93.87%
 150  S0894            0.15%    passed     99.10%
 151  S0412sl          1.19%    passed     98.89%
 152  S1449            1.63%    passed     97.64%
 153  S1408            1.63%    passed     99.60%
 154  ERR2789774       0.00%    passed     99.99%
 155  S1050            4.61%    passed     99.84%
 156  S0478            0.00%    passed     93.08%
 157  S0345            5.65%    passed     95.67%
 158  S1365            3.42%    passed     99.74%
 159  S1366            3.71%    passed     97.98%
 160  SRR6441723       0.00%    passed     90.67%
 161  S1211            0.00%    passed     92.51%
 162  S1213            5.35%    passed     82.41%
 163  S1168            2.38%    passed     85.51%
 164  S1409            1.49%    passed     95.10%
 165  S1096            4.01%    passed     98.97%
 166  S0677            3.71%    passed     95.18%
 167  S1118            3.86%    passed     99.37%
 168  S0670            3.71%    passed     96.54%
 169  S0673            0.00%    passed     95.09%
 170  S0672            4.16%    passed     99.19%
 171  S1113           20.65%    passed     88.77%
 172  S1400            4.46%    passed     99.69%
 173  S0795            0.59%    passed     94.59%
 174  S0770            0.00%    passed     98.88%
 175  S0407sl          0.15%    passed     88.24%
 176  S0772            4.46%    passed     95.55%
 177  SRR11470309      0.00%    passed     87.63%
 178  S1428            0.15%    passed     93.30%
 179  S0721sl          0.59%    passed     89.86%
 180  S0733sl          0.59%    passed     95.11%
 181  S0771            0.00%    passed     72.63%
 182  S1378            0.00%    passed     90.40%
 183  S0836            2.67%    passed     97.85%
 184  S0834           21.40%    passed     70.07%
 185  S0464            2.67%    passed     87.02%
 186  HYZL             0.00%    passed     90.47%
 187  S1223            0.59%    passed     88.05%
 188  S0512sl          4.31%    passed     99.52%
 189  S1258-2          1.19%    passed     97.91%
 190  S1129sl          0.15%    passed     95.44%
 191  S1318-2          1.19%    passed     97.82%
 192  S1246            0.30%    passed     99.35%
 193  S1331            1.04%    passed     96.79%
 194  S1052sl          0.74%    passed     88.78%
 195  S1405            0.00%    passed     96.51%
 196  S1100            0.00%    passed     90.09%
 197  S0888            0.00%    passed     96.65%
 198  S1069            1.04%    passed     91.48%
 199  S1103            2.53%    passed     97.57%
 200  S1221sl          0.89%    passed     98.11%
 201  S1181-2          2.67%    passed     99.88%
 202  S1336            3.71%    passed     99.52%
 203  S1315            0.30%    passed     95.29%
 204  S0667            2.67%    passed     98.96%
 205  S0664            3.12%    passed     98.81%
 206  S0827            0.30%    passed     96.09%
 207  S0662            0.15%    passed     90.20%
 208  S1128            1.78%    passed     92.96%
 209  S0989            5.79%    passed     99.45%
 210  S1261            9.21%    passed     99.99%
 211  S1260            1.19%    passed     67.93%
 212  S0669            6.54%    passed     94.14%
 213  S0293            1.78%    passed     98.10%
 214  S0292            2.08%    passed     94.72%
 215  S1424            3.27%    passed     98.92%
 216  S0297            1.78%    passed     99.69%
 217  S0901            2.97%    passed     97.86%
 218  S0294            5.65%    passed     61.58%
 219  S1184            1.63%    passed     94.35%
 220  S0747sl          0.00%    passed     98.10%
 221  S0299            0.15%    passed     86.96%
 222  S0298            5.50%    passed     91.91%
 223  S1180            0.15%    passed     88.16%
 224  S1339            3.71%    passed     99.75%
 225  S1182            0.74%    passed     50.61%
 226  S1422            0.00%    passed     96.81%
 227  S0558            0.15%    passed     98.61%
 228  S0964            0.00%    passed     74.81%
 229  S0768            1.49%    passed     99.22%
 230  S0960            0.00%    passed     88.30%
 231  S0417            0.30%    passed     98.58%
 232  S0416            4.31%    passed     99.05%
 233  S0419            0.00%    passed     98.89%
 234  S1354            1.04%    passed     78.74%
 235  S1176            1.04%    passed     74.20%
 236  S1269            0.30%    passed     95.33%
 237  S0555            0.00%    passed     51.63%
 238  S0645sl          0.00%    passed     97.06%
 239  S0641            0.15%    passed     93.88%
 240  S0590           24.96%    passed     57.73%
 241  S1245            0.00%    passed     98.88%
 242  S0963            4.61%    passed     97.47%
 243  S0420sl          2.38%    passed     62.08%
 244  S1387            0.00%    passed     82.18%
 245  S1116            0.00%    passed     94.51%
 246  S1074            1.49%    passed     98.41%
 247  S0959            1.49%    passed     83.68%
 248  S0851            5.50%    passed     96.42%
 249  S0718            2.82%    passed     98.94%
 250  S0657            1.49%    passed     97.83%
 251  S1043sl          7.13%    passed     93.28%
 252  S0654            1.49%    passed     97.22%
 253  S1276            2.82%    passed     94.57%
 254  S0717            0.89%    passed     96.27%
 255  S1270            4.90%    passed     95.19%
 256  S1039            5.20%    passed     99.85%
 257  S0552sl          0.00%    passed     80.94%
 258  S0289            0.30%    passed     97.41%
 259  S0284            1.34%    passed     97.44%
 260  S0285            0.74%    passed     90.15%
 261  S0286            4.90%    passed     94.49%
 262  S1077            0.30%    passed     90.25%
 263  S0280            1.63%    passed     87.75%
 264  S0281            2.97%    passed     99.54%
 265  S0282            1.34%    passed     99.48%
 266  S0283            0.89%    passed     99.21%
 267  S0647-2          1.49%    passed     97.54%
 268  S0400            2.23%    passed     99.66%
 269  S0731sl          2.53%    passed     93.66%
 270  S0405            0.45%    passed     99.05%
 271  S1451            0.30%    passed     98.92%
 272  S1097            4.31%    passed     99.75%
 273  S0754            4.31%    passed     99.59%
 274  S0727            4.61%    passed     99.44%
 275  S0726            2.53%    passed     96.04%
 276  S1314            9.36%    passed     98.04%
 277  S0275            3.12%    passed     82.56%
 278  S0722            6.84%    passed     97.91%
 279  S0277            3.42%    passed     98.44%
 280  S0720            0.00%    passed     97.67%
 281  S0279            5.20%    passed     98.56%
 282  S0278            0.30%    passed     97.81%
 283  CRNC             0.00%    passed     43.50%
 284  S0373            0.00%    passed     99.30%
 285  S1250sl          0.15%    passed     99.74%
 286  S0376            0.30%    passed     97.92%
 287  S0377            0.30%    passed     99.49%
 288  S1539            0.00%    passed     98.46%
 289  S1332            0.00%    passed     99.34%
 290  S1249            0.30%    passed     93.90%
 291  S0327            0.00%    passed     99.00%
 292  S1262            6.69%    passed     89.64%
 293  S1278            0.00%    passed     98.00%
 294  S1188            2.08%    passed     97.86%
 295  S1241            5.94%    passed     99.00%
 296  S1279            1.34%    passed     99.72%
 297  S0509            0.89%    passed     99.30%
 298  S0642            0.00%    passed     98.46%
 299  S0643            0.00%    passed     99.74%
 300  S1462            0.00%    passed     98.12%
 301  S1342            4.46%    passed     67.96%
 302  S_670            0.89%    passed     98.20%
 303  S1083            0.15%    passed     99.19%
 304  S1117            4.61%    passed     99.82%
 305  S0761sl         20.80%    passed     91.38%
 306  SRR11470320      0.00%    passed     99.76%
 307  S1089            7.13%    passed     96.75%
****  TOTAL            2.40%  0 sequences failed composition chi2 test (p-value<5%; df=3)

Create initial parsimony tree by phylogenetic likelihood library (PLL)... 0.129 seconds
Generating 1000 samples for ultrafast bootstrap (seed: 603868)...

NOTE: 27 MB RAM (0 GB) is required!
Measuring multi-threading efficiency up to 48 CPU cores
Increase to 10 rounds for branch lengths
61 trees examined
Threads: 1 / Time: 48.643 sec / Speedup: 1.000 / Efficiency: 100% / LogL: -41587
Threads: 2 / Time: 42.031 sec / Speedup: 1.157 / Efficiency: 58% / LogL: -41587
Threads: 3 / Time: 42.377 sec / Speedup: 1.148 / Efficiency: 38% / LogL: -41587
BEST NUMBER OF THREADS: 2

Estimate model parameters (epsilon = 0.100)
1. Initial log-likelihood: -22667.939
2. Current log-likelihood: -21937.267
3. Current log-likelihood: -21920.541
4. Current log-likelihood: -21916.016
5. Current log-likelihood: -21912.595
6. Current log-likelihood: -21909.622
7. Current log-likelihood: -21907.031
8. Current log-likelihood: -21904.817
9. Current log-likelihood: -21902.933
10. Current log-likelihood: -21901.336
11. Current log-likelihood: -21899.989
12. Current log-likelihood: -21898.850
13. Current log-likelihood: -21897.890
14. Current log-likelihood: -21897.073
15. Current log-likelihood: -21896.378
16. Current log-likelihood: -21895.780
17. Current log-likelihood: -21895.262
18. Current log-likelihood: -21894.812
19. Current log-likelihood: -21894.414
20. Current log-likelihood: -21894.065
21. Current log-likelihood: -21893.755
22. Current log-likelihood: -21893.567
23. Current log-likelihood: -21893.304
24. Current log-likelihood: -21893.153
25. Current log-likelihood: -21893.008
26. Current log-likelihood: -21892.874
27. Current log-likelihood: -21892.749
28. Current log-likelihood: -21892.633
29. Current log-likelihood: -21892.525
Optimal log-likelihood: -21892.357
Rate parameters:  A-C: 1.19998  A-G: 4.24841  A-T: 1.15219  C-G: 1.05680  C-T: 2.93318  G-T: 1.00000
Base frequencies:  A: 0.258  C: 0.230  G: 0.201  T: 0.310
Site proportion and rates:  (0.457,0.109) (0.256,0.876) (0.230,2.044) (0.057,4.482)
Parameters optimization took 29 rounds (41.937 sec)
Computing ML distances based on estimated model parameters...
Computing ML distances took 1.774705 sec (of wall-clock time) 2.524000 sec(of CPU time)
Computing RapidNJ tree took 0.037409 sec (of wall-clock time) 0.092000 sec (of CPU time)
Log-likelihood of RapidNJ tree: -22182.397
--------------------------------------------------------------------
|             INITIALIZING CANDIDATE TREE SET                      |
--------------------------------------------------------------------
Generating 98 parsimony trees... 10.804 second
Computing log-likelihood of 98 initial trees ... 10.740 seconds
Current best score: -21855.393

Do NNI search on 20 best initial trees
Estimate model parameters (epsilon = 0.100)
BETTER TREE FOUND at iteration 1: -21810.662
Iteration 10 / LogL: -21829.895 / Time: 0h:4m:10s
Iteration 20 / LogL: -21843.176 / Time: 0h:4m:48s
Finish initializing candidate tree set (20)
Current best tree score: -21810.662 / CPU time: 109.816
Number of iterations: 20
--------------------------------------------------------------------
|               OPTIMIZING CANDIDATE TREE SET                      |
--------------------------------------------------------------------
Estimate model parameters (epsilon = 0.100)
BETTER TREE FOUND at iteration 25: -21808.752
Iteration 30 / LogL: -21843.949 / Time: 0h:5m:40s (0h:18m:33s left)
Estimate model parameters (epsilon = 0.100)
BETTER TREE FOUND at iteration 32: -21806.915
Estimate model parameters (epsilon = 0.100)
BETTER TREE FOUND at iteration 38: -21805.756
Iteration 40 / LogL: -21856.965 / Time: 0h:6m:22s (0h:15m:59s left)
Iteration 50 / LogL: -21809.433 / Time: 0h:6m:54s (0h:12m:24s left)
Log-likelihood cutoff on original alignment: -21876.587
Iteration 60 / LogL: -21820.787 / Time: 0h:7m:35s (0h:10m:1s left)
Estimate model parameters (epsilon = 0.100)
BETTER TREE FOUND at iteration 70: -21804.857
Iteration 70 / LogL: -21804.857 / Time: 0h:8m:25s (0h:12m:12s left)
Iteration 80 / LogL: -21829.115 / Time: 0h:9m:20s (0h:10m:38s left)
Iteration 90 / LogL: -21821.044 / Time: 0h:10m:13s (0h:9m:11s left)
Estimate model parameters (epsilon = 0.100)
BETTER TREE FOUND at iteration 92: -21803.402
Iteration 100 / LogL: -21821.941 / Time: 0h:11m:4s (0h:10m:17s left)
Log-likelihood cutoff on original alignment: -21876.587
NOTE: Bootstrap correlation coefficient of split occurrence frequencies: 0.993
Estimate model parameters (epsilon = 0.100)
BETTER TREE FOUND at iteration 101: -21800.415
Iteration 110 / LogL: -21829.474 / Time: 0h:12m:2s (0h:10m:2s left)
Iteration 120 / LogL: -21807.368 / Time: 0h:12m:43s (0h:8m:39s left)
Estimate model parameters (epsilon = 0.100)
BETTER TREE FOUND at iteration 126: -21799.493
Iteration 130 / LogL: -21811.022 / Time: 0h:13m:29s (0h:10m:2s left)
Iteration 140 / LogL: -21808.841 / Time: 0h:14m:15s (0h:8m:49s left)
Iteration 150 / LogL: -21826.715 / Time: 0h:14m:56s (0h:7m:37s left)
Log-likelihood cutoff on original alignment: -21876.587
Iteration 160 / LogL: -21801.856 / Time: 0h:15m:46s (0h:6m:32s left)
Iteration 170 / LogL: -21820.836 / Time: 0h:16m:33s (0h:5m:29s left)
Iteration 180 / LogL: -21807.902 / Time: 0h:17m:20s (0h:4m:27s left)
Iteration 190 / LogL: -21805.560 / Time: 0h:18m:7s (0h:3m:27s left)
Estimate model parameters (epsilon = 0.100)
BETTER TREE FOUND at iteration 193: -21799.279
Iteration 200 / LogL: -21799.360 / Time: 0h:18m:56s (0h:8m:51s left)
Log-likelihood cutoff on original alignment: -21876.587
NOTE: Bootstrap correlation coefficient of split occurrence frequencies: 0.994
Estimate model parameters (epsilon = 0.100)
BETTER TREE FOUND at iteration 203: -21797.832
Iteration 210 / LogL: -21814.669 / Time: 0h:19m:47s (0h:8m:48s left)
Iteration 220 / LogL: -21812.775 / Time: 0h:20m:43s (0h:7m:51s left)
Iteration 230 / LogL: -21834.178 / Time: 0h:21m:34s (0h:6m:52s left)
Estimate model parameters (epsilon = 0.100)
BETTER TREE FOUND at iteration 235: -21794.065
Iteration 240 / LogL: -21824.771 / Time: 0h:22m:24s (0h:8m:54s left)
Estimate model parameters (epsilon = 0.100)
BETTER TREE FOUND at iteration 244: -21792.696
Iteration 250 / LogL: -21798.232 / Time: 0h:23m:14s (0h:8m:46s left)
Log-likelihood cutoff on original alignment: -21876.587
Iteration 260 / LogL: -21797.203 / Time: 0h:24m:10s (0h:7m:50s left)
Iteration 270 / LogL: -21813.472 / Time: 0h:25m:5s (0h:6m:54s left)
Iteration 280 / LogL: -21793.484 / Time: 0h:25m:56s (0h:5m:56s left)
Iteration 290 / LogL: -21817.227 / Time: 0h:26m:49s (0h:5m:0s left)
Iteration 300 / LogL: -21812.160 / Time: 0h:27m:40s (0h:4m:4s left)
Log-likelihood cutoff on original alignment: -21876.587
NOTE: Bootstrap correlation coefficient of split occurrence frequencies: 0.989
NOTE: UFBoot does not converge, continue at least 100 more iterations
Iteration 310 / LogL: -21829.446 / Time: 0h:28m:27s (0h:8m:17s left)
Iteration 320 / LogL: -21825.221 / Time: 0h:29m:30s (0h:7m:24s left)
Iteration 330 / LogL: -21813.925 / Time: 0h:30m:14s (0h:6m:25s left)
Iteration 340 / LogL: -21793.379 / Time: 0h:31m:17s (0h:5m:32s left)
BETTER TREE FOUND at iteration 350: -21792.691
Iteration 350 / LogL: -21792.691 / Time: 0h:32m:17s (0h:9m:15s left)
Log-likelihood cutoff on original alignment: -21876.587
Iteration 360 / LogL: -21797.099 / Time: 0h:33m:24s (0h:8m:22s left)
Estimate model parameters (epsilon = 0.100)
BETTER TREE FOUND at iteration 370: -21791.611
Iteration 370 / LogL: -21791.611 / Time: 0h:34m:20s (0h:9m:18s left)
Iteration 380 / LogL: -21804.901 / Time: 0h:35m:16s (0h:8m:22s left)
Iteration 390 / LogL: -21806.060 / Time: 0h:36m:12s (0h:7m:26s left)
Iteration 400 / LogL: -21808.784 / Time: 0h:37m:10s (0h:6m:31s left)
Log-likelihood cutoff on original alignment: -21876.587
NOTE: Bootstrap correlation coefficient of split occurrence frequencies: 0.988
NOTE: UFBoot does not converge, continue at least 100 more iterations
Iteration 410 / LogL: -21791.939 / Time: 0h:38m:4s (0h:8m:22s left)
Iteration 420 / LogL: -21795.836 / Time: 0h:39m:1s (0h:7m:26s left)
Iteration 430 / LogL: -21797.946 / Time: 0h:39m:51s (0h:6m:30s left)
Iteration 440 / LogL: -21817.875 / Time: 0h:40m:49s (0h:5m:34s left)
Iteration 450 / LogL: -21794.233 / Time: 0h:41m:50s (0h:4m:39s left)
Log-likelihood cutoff on original alignment: -21876.252
Iteration 460 / LogL: -21797.966 / Time: 0h:42m:59s (0h:3m:44s left)
Iteration 470 / LogL: -21817.206 / Time: 0h:43m:57s (0h:2m:48s left)
Estimate model parameters (epsilon = 0.100)
BETTER TREE FOUND at iteration 478: -21791.244
Iteration 480 / LogL: -21795.573 / Time: 0h:45m:3s (0h:9m:13s left)
Iteration 490 / LogL: -21802.749 / Time: 0h:45m:57s (0h:8m:16s left)
Iteration 500 / LogL: -21794.377 / Time: 0h:46m:53s (0h:7m:19s left)
Log-likelihood cutoff on original alignment: -21876.252
NOTE: Bootstrap correlation coefficient of split occurrence frequencies: 0.994
Iteration 510 / LogL: -21808.189 / Time: 0h:47m:51s (0h:8m:27s left)
Iteration 520 / LogL: -21795.490 / Time: 0h:48m:58s (0h:7m:32s left)
Estimate model parameters (epsilon = 0.100)
BETTER TREE FOUND at iteration 525: -21790.236
Iteration 530 / LogL: -21801.127 / Time: 0h:50m:0s (0h:8m:58s left)
Iteration 540 / LogL: -21794.846 / Time: 0h:50m:54s (0h:8m:1s left)
Iteration 550 / LogL: -21791.242 / Time: 0h:51m:58s (0h:7m:5s left)
Log-likelihood cutoff on original alignment: -21876.252
Iteration 560 / LogL: -21795.846 / Time: 0h:52m:57s (0h:6m:9s left)
Iteration 570 / LogL: -21808.754 / Time: 0h:53m:59s (0h:5m:13s left)
Iteration 580 / LogL: -21792.432 / Time: 0h:54m:52s (0h:4m:15s left)
Iteration 590 / LogL: -21805.395 / Time: 0h:55m:49s (0h:3m:19s left)
Iteration 600 / LogL: -21795.386 / Time: 0h:56m:43s (0h:2m:22s left)
Log-likelihood cutoff on original alignment: -21876.252
NOTE: Bootstrap correlation coefficient of split occurrence frequencies: 0.997
Iteration 610 / LogL: -21804.411 / Time: 0h:57m:57s (0h:8m:33s left)
Iteration 620 / LogL: -21809.044 / Time: 0h:58m:56s (0h:7m:37s left)
TREE SEARCH COMPLETED AFTER 626 ITERATIONS / Time: 0h:59m:28s

--------------------------------------------------------------------
|                    FINALIZING TREE SEARCH                        |
--------------------------------------------------------------------
Performs final model parameters optimization
Estimate model parameters (epsilon = 0.010)
1. Initial log-likelihood: -21790.236
2. Current log-likelihood: -21790.215
3. Current log-likelihood: -21790.200
4. Current log-likelihood: -21790.177
5. Current log-likelihood: -21790.164
6. Current log-likelihood: -21790.152
7. Current log-likelihood: -21790.140
8. Current log-likelihood: -21790.128
9. Current log-likelihood: -21790.117
10. Current log-likelihood: -21790.107
Optimal log-likelihood: -21790.093
Rate parameters:  A-C: 1.21532  A-G: 4.32624  A-T: 1.15926  C-G: 1.06110  C-T: 2.97277  G-T: 1.00000
Base frequencies:  A: 0.258  C: 0.230  G: 0.201  T: 0.310
Site proportion and rates:  (0.433,0.090) (0.253,0.765) (0.254,1.960) (0.059,4.551)
Parameters optimization took 10 rounds (13.077 sec)
BEST SCORE FOUND : -21790.093
Creating bootstrap support values...
Split supports printed to NEXUS file results_assessment_saturation_and_clocklikeliness/results_iqtree_gene_trees/result_5816_iqtree.splits.nex
Total tree length: 6.337

Total number of iterations: 626
CPU time used for tree search: 5159.984 sec (1h:25m:59s)
Wall-clock time used for tree search: 3390.139 sec (0h:56m:30s)
Total CPU time used: 5482.048 sec (1h:31m:22s)
Total wall-clock time used: 3585.245 sec (0h:59m:45s)

Computing bootstrap consensus tree...
Reading input file results_assessment_saturation_and_clocklikeliness/results_iqtree_gene_trees/result_5816_iqtree.splits.nex...
307 taxa and 3341 splits.
Consensus tree written to results_assessment_saturation_and_clocklikeliness/results_iqtree_gene_trees/result_5816_iqtree.contree
Reading input trees file results_assessment_saturation_and_clocklikeliness/results_iqtree_gene_trees/result_5816_iqtree.contree
Log-likelihood of consensus tree: -21798.923

Analysis results written to: 
  IQ-TREE report:                results_assessment_saturation_and_clocklikeliness/results_iqtree_gene_trees/result_5816_iqtree.iqtree
  Maximum-likelihood tree:       results_assessment_saturation_and_clocklikeliness/results_iqtree_gene_trees/result_5816_iqtree.treefile
  Likelihood distances:          results_assessment_saturation_and_clocklikeliness/results_iqtree_gene_trees/result_5816_iqtree.mldist

Ultrafast bootstrap approximation results written to:
  Split support values:          results_assessment_saturation_and_clocklikeliness/results_iqtree_gene_trees/result_5816_iqtree.splits.nex
  Consensus tree:                results_assessment_saturation_and_clocklikeliness/results_iqtree_gene_trees/result_5816_iqtree.contree
  Screen log file:               results_assessment_saturation_and_clocklikeliness/results_iqtree_gene_trees/result_5816_iqtree.log

Date and Time: Wed Mar 30 04:33:10 2022
