IQ-TREE multicore version 2.1.3 COVID-edition for Linux 64-bit built Apr 21 2021
Developed by Bui Quang Minh, James Barbetti, Nguyen Lam Tung,
Olga Chernomor, Heiko Schmidt, Dominik Schrempf, Michael Woodhams.

Host:    hpc-high-memory-multi-user (AVX2, FMA3, 1007 GB RAM)
Command: /home/kasper.hendriks/iqtree-2.1.3-Linux/bin/iqtree2 -s results_assessment_saturation_and_clocklikeliness/input_gene_alignments_cleaned/5840_cleaned.fasta -B 1000 -nm 1000 -m GTR+F+R -nt AUTO --prefix results_assessment_saturation_and_clocklikeliness/results_iqtree_gene_trees/result_5840_iqtree
Seed:    597676 (Using SPRNG - Scalable Parallel Random Number Generator)
Time:    Wed Mar 30 03:40:36 2022
Kernel:  AVX+FMA - auto-detect threads (48 CPU cores detected)

Reading alignment file results_assessment_saturation_and_clocklikeliness/input_gene_alignments_cleaned/5840_cleaned.fasta ... Fasta format detected
Alignment most likely contains DNA/RNA sequences
Alignment has 300 sequences with 681 columns, 567 distinct patterns
301 parsimony-informative, 100 singleton sites, 280 constant sites
               Gap/Ambiguity  Composition  p-value
   1  S0941            2.94%    passed     89.12%
   2  S1341            9.69%    passed     26.69%
   3  S0946            5.87%    passed     88.71%
   4  S0436            0.88%    passed     99.30%
   5  S0435            4.11%    passed     99.10%
   6  S1114-2          0.44%    passed     79.76%
   7  S1201sl          0.00%    passed     80.09%
   8  S0430            0.00%    passed     72.51%
   9  S0656sl          0.00%    passed     99.75%
  10  S0735            0.00%    passed     89.59%
  11  S0403sl          0.44%    passed     99.40%
  12  S0739            3.23%    passed     79.55%
  13  S0268            0.29%    passed     98.83%
  14  S1328sl          2.20%    passed     80.58%
  15  S1278            0.15%    passed     97.43%
  16  S1188            1.76%    passed     97.02%
  17  S0196sl          1.62%    passed     90.07%
  18  S1442            0.88%    passed     72.05%
  19  S0301            0.73%    passed     97.81%
  20  S0300            1.47%    passed     92.09%
  21  S0303            0.15%    passed     79.96%
  22  S0385            3.08%    passed     95.94%
  23  S1097            2.20%    passed     85.34%
  24  MYZV             0.00%    passed     96.05%
  25  S1095            0.15%    passed     80.51%
  26  S0380            1.32%    passed     98.33%
  27  S0383            7.34%    passed     53.37%
  28  PAFTOL_019361    0.15%    passed     50.17%
  29  S0949            5.43%    passed     97.06%
  30  S1098            3.38%    passed     80.46%
  31  S0895            0.29%    passed     99.69%
  32  S0583            0.15%    passed     87.18%
  33  S0897            2.06%    passed     94.67%
  34  S0896           10.87%    passed     83.58%
  35  S0893           17.77%    passed     58.70%
  36  S0892            0.15%    passed     77.40%
  37  S0954            0.15%    passed     99.86%
  38  S0421            1.03%    passed     94.93%
  39  S0956            0.59%    passed     36.76%
  40  S0957            0.15%    passed     93.45%
  41  S0899            1.03%    passed     98.79%
  42  S1408            1.91%    passed     95.93%
  43  S0952            0.00%    passed     82.94%
  44  S0427            0.00%    passed     97.59%
  45  S1148            0.44%    passed     75.15%
  46  S0509            5.14%    passed     98.50%
  47  S1419            1.03%    passed     71.44%
  48  S1321            0.73%    passed     87.05%
  49  S1227            0.15%    passed     99.49%
  50  S0741            0.15%    passed     97.90%
  51  S1376            1.17%    passed     71.34%
  52  S1519            5.43%    passed     73.12%
  53  S0740            1.62%    passed     54.62%
  54  PAFTOL_023511    0.29%    passed     98.69%
  55  PAFTOL_023513    6.31%    passed     68.12%
  56  S0746            6.46%    passed     19.16%
  57  PAFTOL_023515    0.00%    passed     91.40%
  58  S0655sl          1.76%    passed     95.82%
  59  S0743            0.88%    passed     96.28%
  60  S0742            0.29%    passed     98.96%
  61  PAFTOL_023519    1.62%    passed     11.72%
  62  S0317            0.15%    passed     96.11%
  63  S0620            6.17%    passed     93.24%
  64  S0315            1.62%    passed     99.60%
  65  S0312            1.91%    passed     54.47%
  66  S0732            1.03%    passed     94.74%
  67  S0624            0.88%    passed     93.55%
  68  S1459            4.26%    passed     81.93%
  69  S1541sl          3.82%    passed     95.26%
  70  S1464            3.38%    passed     82.83%
  71  S1021            1.62%    passed     97.87%
  72  S1251            0.00%    passed     97.73%
  73  S1177            3.08%    passed     98.68%
  74  S0689            2.20%    passed     94.80%
  75  S1319            2.64%    passed     77.29%
  76  S1561            4.11%    passed     97.07%
  77  S0691            3.67%    passed     98.74%
  78  S0616            1.17%    passed     85.82%
  79  S1230            1.91%    passed     86.75%
  80  S0612            1.32%    passed     95.72%
  81  S1234            2.94%    passed     99.91%
  82  S1369            1.17%    passed     99.93%
  83  S1509            0.59%    passed     97.14%
  84  S1239            0.00%    passed     97.63%
  85  S1038            1.62%    passed     98.91%
  86  S0450            0.15%    passed     97.16%
  87  S1229-2          0.59%    passed     93.36%
  88  S0756            0.00%    passed     98.47%
  89  S0329            0.00%    passed     94.29%
  90  S1460            0.44%    passed     98.63%
  91  S0752            1.03%    passed     95.94%
  92  S0753            0.15%    passed     93.09%
  93  S0751            4.99%    passed     93.34%
  94  S0322            0.15%    passed     32.97%
  95  S0055            1.62%    passed     99.60%
  96  S0591            5.43%    passed     84.02%
  97  S1210            0.00%    passed     78.55%
  98  S1381            0.00%    passed     99.99%
  99  S0757            1.76%    passed     61.60%
 100  S1040            4.26%    passed     86.80%
 101  S1214sl          0.15%    passed     53.88%
 102  S1235sl          0.15%    passed     99.94%
 103  S1368            3.38%    passed     99.27%
 104  S1189            0.29%    passed     81.94%
 105  S0688            6.61%    passed     97.74%
 106  S0562            3.23%    passed     56.76%
 107  S1498            3.67%    passed     59.33%
 108  S1106sl          2.64%    passed     73.28%
 109  S1119            1.76%    passed     87.04%
 110  S1232sl          0.59%    passed     97.23%
 111  S0335            0.00%    passed     74.66%
 112  S1375            0.00%    passed     99.75%
 113  S1374            4.70%    passed     97.64%
 114  S1045            0.15%    passed     97.36%
 115  S0331            0.73%    passed     94.94%
 116  S1371            2.64%    passed     93.95%
 117  S1370            0.59%    passed     99.22%
 118  S0671            2.35%    passed     97.43%
 119  S1204            3.08%    passed     99.79%
 120  S0728sl          4.41%    passed     99.18%
 121  S0308            0.44%    passed     75.81%
 122  S0763            0.15%    passed     92.50%
 123  S0760            3.96%    passed     98.81%
 124  S0766            3.96%    passed     88.12%
 125  S0765            2.79%    passed     99.93%
 126  S0764            0.73%    passed     97.38%
 127  S1474            1.47%    passed     99.66%
 128  S0613sl          0.29%    passed     72.23%
 129  S1579            0.29%    passed     90.91%
 130  S1120            1.62%    passed     56.81%
 131  S1121            6.61%    passed     73.59%
 132  S1401            1.47%    passed     98.79%
 133  S1102            0.15%    passed     96.90%
 134  S0762-2          0.44%    passed     97.89%
 135  S0809            1.32%    passed     98.76%
 136  S0724sl          0.00%    passed     72.51%
 137  S0947sl          4.26%    passed     97.76%
 138  S0748            0.00%    passed     69.87%
 139  S1044            4.11%    passed     84.32%
 140  S1266sl          0.00%    passed     73.84%
 141  S1093sl          0.59%    passed     95.16%
 142  S1110           11.16%    passed     89.70%
 143  S0894            0.59%    passed     96.65%
 144  S0412sl          0.15%    passed     96.05%
 145  S0745            1.47%    passed     82.86%
 146  S1449            1.03%    passed     64.14%
 147  ERR2789774       0.00%    passed     96.03%
 148  PAFTOL_005410    0.00%    passed     94.09%
 149  S1050            4.85%    passed     94.85%
 150  S0478            1.91%    passed     99.49%
 151  S1365            1.32%    passed     93.87%
 152  S1366            0.59%    passed     50.77%
 153  S0346            3.82%    passed     76.00%
 154  SRR6441723       0.00%    passed     67.28%
 155  S1211            0.15%    passed     98.00%
 156  S1213            0.44%    passed     87.74%
 157  S1168            0.29%    passed     99.51%
 158  S1096            3.23%    passed     69.36%
 159  S0677            2.64%    passed     92.22%
 160  S1118            2.64%    passed     75.76%
 161  S0670           15.86%    passed     73.02%
 162  S0673            0.00%    passed     94.46%
 163  S0672            1.62%    passed     98.62%
 164  S1113            3.67%    passed     93.81%
 165  S1400            4.11%    passed     95.11%
 166  S1111            4.85%    passed     69.65%
 167  S0795            1.32%    passed     99.63%
 168  S0770            4.55%    passed     98.66%
 169  S0407sl         11.01%    passed     99.79%
 170  S0772            1.17%    passed     98.59%
 171  S0564sl          0.15%    passed     85.96%
 172  S1342            6.90%    passed     28.59%
 173  S1428            0.00%    passed     94.01%
 174  S0721sl          1.32%    passed     99.88%
 175  S0733sl          8.22%    passed     84.72%
 176  SRR8528357       0.00%    passed     99.96%
 177  S1378            0.00%    passed     94.66%
 178  S0836           10.28%    passed     90.40%
 179  S0464            0.00%    passed     99.47%
 180  HYZL             0.00%    passed     88.43%
 181  S1223            0.44%    passed     86.81%
 182  S0771            0.00%    passed     85.69%
 183  S1258-2          5.58%    passed     90.20%
 184  S0547            3.52%    passed     97.48%
 185  S1318-2          1.32%    passed     99.81%
 186  S1246            1.03%    passed     94.47%
 187  S1331            7.20%    passed     82.50%
 188  S1052sl          3.96%    passed     84.09%
 189  S1238sl          0.15%    passed     78.20%
 190  S1405            0.29%    passed     94.72%
 191  S1100            0.15%    passed     85.22%
 192  S0888            1.03%    passed     98.43%
 193  S1069            0.00%    passed     67.58%
 194  S1103            1.91%    passed     71.60%
 195  S1221sl          2.79%    passed     75.64%
 196  S1181-2          4.41%    passed     91.08%
 197  S1336            0.73%    passed     81.11%
 198  S1315            3.23%    passed     89.31%
 199  S0667            1.32%    passed     95.47%
 200  S0664            1.03%    passed     99.27%
 201  S0827            0.15%    passed     93.06%
 202  S0662            0.00%    passed     98.69%
 203  S1128            2.64%    passed     90.85%
 204  S1261            7.20%    passed     48.15%
 205  S1260            4.11%    passed     94.09%
 206  S0669            0.00%    passed     98.87%
 207  S0293            0.15%    passed     98.71%
 208  S0292            0.00%    passed     60.24%
 209  S1424            5.58%    passed     96.91%
 210  S0297            1.17%    passed     93.13%
 211  S0901            2.50%    passed     77.94%
 212  S0294            8.08%    passed     60.05%
 213  S0747sl          0.29%    passed     99.37%
 214  S0299           14.24%    passed     82.92%
 215  S0298            4.55%    passed     90.92%
 216  S1180            0.00%    passed     68.04%
 217  S1339            0.15%    passed     91.78%
 218  S1182            0.29%    passed     79.76%
 219  S1422            0.00%    passed     58.18%
 220  S0558            0.15%    passed     94.71%
 221  S0964            0.15%    passed     31.93%
 222  S0768            0.15%    passed     97.13%
 223  S0960            0.29%    passed     32.45%
 224  S0417            0.00%    passed     97.72%
 225  S0416            0.44%    passed     79.35%
 226  S0419            1.17%    passed     96.92%
 227  S1354            2.06%    passed     25.11%
 228  S1176            2.06%    passed     91.91%
 229  S0555            0.15%    passed     94.20%
 230  S0645sl          0.00%    passed     92.69%
 231  S0906            0.15%    passed     87.44%
 232  S0590           12.78%    passed     98.81%
 233  S1245            0.44%    passed     98.67%
 234  S0963            2.06%    passed     97.95%
 235  S0420sl          6.31%    passed     29.83%
 236  S1072            3.38%    passed     77.63%
 237  S1116            1.62%    passed     98.61%
 238  S1074            1.32%    passed     58.51%
 239  S0959            0.00%    passed     90.90%
 240  S0851            0.73%    passed     99.63%
 241  S0718            5.29%    passed     98.85%
 242  S0657            1.62%    passed     99.11%
 243  S1043sl          3.82%    passed     99.27%
 244  S0654            1.47%    passed     92.54%
 245  S0717            8.52%    passed     64.17%
 246  S1270            2.06%    passed     95.26%
 247  S1039            3.82%    passed     81.14%
 248  PAFTOL_008053    0.00%    passed     97.86%
 249  S0552sl          0.00%    passed     50.57%
 250  S0289            1.03%    passed     99.31%
 251  S0284            0.73%    passed     76.31%
 252  S0285            4.85%    passed     98.57%
 253  S0286            4.55%    passed     87.41%
 254  S1077            0.88%    passed     70.36%
 255  S0280            0.29%    passed     33.60%
 256  S0281            1.76%    passed     85.46%
 257  S0282            0.00%    passed     99.02%
 258  S0283            1.47%    passed     93.95%
 259  S0647-2          5.14%    passed     80.40%
 260  S0400            0.29%    passed     99.51%
 261  S0731sl          0.15%    passed     98.75%
 262  S0405            0.44%    passed     98.83%
 263  S1451            0.00%    passed     93.72%
 264  S1269            0.29%    passed     70.02%
 265  S0754            3.67%    passed     76.23%
 266  S0727            4.99%    passed     91.38%
 267  S0726            0.15%    passed     99.69%
 268  S1314            0.00%    passed     96.55%
 269  S1407           13.07%    passed     52.70%
 270  S0275            7.49%    passed     87.70%
 271  S0722            5.43%    passed     97.71%
 272  S0277            4.11%    passed     98.04%
 273  S0720            0.73%    passed     98.65%
 274  S0279            7.20%    passed     89.73%
 275  S0278            0.00%    passed     91.76%
 276  CRNC             0.00%    passed     59.23%
 277  S0373            0.15%    passed     97.94%
 278  S0521            4.85%    passed     77.49%
 279  S1250sl          0.15%    passed     98.09%
 280  S0376           11.60%    passed     81.25%
 281  S0377            0.15%    passed     94.36%
 282  S1539            0.00%    passed     99.75%
 283  S1332            0.15%    passed     70.34%
 284  S1249            0.15%    passed     82.97%
 285  S1262            5.29%    passed     77.19%
 286  S0903            0.88%    passed     88.91%
 287  S1241            4.55%    passed     96.27%
 288  S1279            1.03%    passed     98.41%
 289  S0641            0.00%    passed     97.25%
 290  S0642            0.00%    passed     46.25%
 291  S0643            0.59%    passed     97.23%
 292  S1462            4.55%    passed     99.39%
 293  S_670            1.17%    passed     97.88%
 294  S1083            2.79%    passed     67.11%
 295  S1117            4.11%    passed     83.70%
 296  PAFTOL_019459    0.29%    passed     87.31%
 297  S1129sl          0.15%    passed     75.55%
 298  SRR11470320      0.00%    passed     83.67%
 299  S1089            1.47%    passed     95.21%
 300  S1398            0.44%    passed     53.07%
****  TOTAL            2.18%  0 sequences failed composition chi2 test (p-value<5%; df=3)

Create initial parsimony tree by phylogenetic likelihood library (PLL)... 0.198 seconds
Generating 1000 samples for ultrafast bootstrap (seed: 597676)...

NOTE: 24 MB RAM (0 GB) is required!
Measuring multi-threading efficiency up to 48 CPU cores
Increase to 10 rounds for branch lengths
60 trees examined
Threads: 1 / Time: 48.565 sec / Speedup: 1.000 / Efficiency: 100% / LogL: -37999
Threads: 2 / Time: 44.930 sec / Speedup: 1.081 / Efficiency: 54% / LogL: -37999
Threads: 3 / Time: 50.626 sec / Speedup: 0.959 / Efficiency: 32% / LogL: -37999
BEST NUMBER OF THREADS: 2

Estimate model parameters (epsilon = 0.100)
1. Initial log-likelihood: -21969.498
2. Current log-likelihood: -20472.756
3. Current log-likelihood: -20428.869
4. Current log-likelihood: -20405.599
5. Current log-likelihood: -20387.649
6. Current log-likelihood: -20373.801
7. Current log-likelihood: -20363.033
8. Current log-likelihood: -20354.768
9. Current log-likelihood: -20348.308
10. Current log-likelihood: -20343.186
11. Current log-likelihood: -20339.146
12. Current log-likelihood: -20335.801
13. Current log-likelihood: -20333.132
14. Current log-likelihood: -20330.870
15. Current log-likelihood: -20329.065
16. Current log-likelihood: -20327.555
17. Current log-likelihood: -20326.282
18. Current log-likelihood: -20325.206
19. Current log-likelihood: -20324.291
20. Current log-likelihood: -20323.627
21. Current log-likelihood: -20323.031
22. Current log-likelihood: -20322.506
23. Current log-likelihood: -20322.042
24. Current log-likelihood: -20321.634
25. Current log-likelihood: -20321.271
26. Current log-likelihood: -20320.952
27. Current log-likelihood: -20320.674
Optimal log-likelihood: -20320.522
Rate parameters:  A-C: 0.96510  A-G: 3.96090  A-T: 1.53543  C-G: 0.86457  C-T: 6.52800  G-T: 1.00000
Base frequencies:  A: 0.298  C: 0.199  G: 0.231  T: 0.272
Site proportion and rates:  (0.572,0.064) (0.170,0.767) (0.197,2.369) (0.061,6.005)
Parameters optimization took 27 rounds (36.390 sec)
Computing ML distances based on estimated model parameters...
Computing ML distances took 2.126036 sec (of wall-clock time) 2.880000 sec(of CPU time)
Computing RapidNJ tree took 0.024015 sec (of wall-clock time) 0.068000 sec (of CPU time)
Log-likelihood of RapidNJ tree: -20651.093
--------------------------------------------------------------------
|             INITIALIZING CANDIDATE TREE SET                      |
--------------------------------------------------------------------
Generating 98 parsimony trees... 11.090 second
Computing log-likelihood of 98 initial trees ... 8.698 seconds
Current best score: -20295.759

Do NNI search on 20 best initial trees
Estimate model parameters (epsilon = 0.100)
BETTER TREE FOUND at iteration 1: -20236.313
Estimate model parameters (epsilon = 0.100)
BETTER TREE FOUND at iteration 2: -20231.540
Iteration 10 / LogL: -20278.918 / Time: 0h:4m:38s
Iteration 20 / LogL: -20252.396 / Time: 0h:5m:31s
Finish initializing candidate tree set (20)
Current best tree score: -20231.540 / CPU time: 147.786
Number of iterations: 20
--------------------------------------------------------------------
|               OPTIMIZING CANDIDATE TREE SET                      |
--------------------------------------------------------------------
Estimate model parameters (epsilon = 0.100)
BETTER TREE FOUND at iteration 30: -20228.309
Iteration 30 / LogL: -20228.309 / Time: 0h:6m:13s (0h:21m:25s left)
Estimate model parameters (epsilon = 0.100)
BETTER TREE FOUND at iteration 34: -20226.415
Estimate model parameters (epsilon = 0.100)
BETTER TREE FOUND at iteration 35: -20226.098
Iteration 40 / LogL: -20250.438 / Time: 0h:6m:56s (0h:16m:54s left)
Estimate model parameters (epsilon = 0.100)
BETTER TREE FOUND at iteration 42: -20225.121
Iteration 50 / LogL: -20232.603 / Time: 0h:7m:33s (0h:14m:11s left)
Log-likelihood cutoff on original alignment: -20302.236
Estimate model parameters (epsilon = 0.100)
BETTER TREE FOUND at iteration 52: -20224.333
Iteration 60 / LogL: -20328.470 / Time: 0h:8m:4s (0h:12m:34s left)
Estimate model parameters (epsilon = 0.100)
BETTER TREE FOUND at iteration 67: -20222.254
Iteration 70 / LogL: -20233.232 / Time: 0h:8m:33s (0h:12m:2s left)
Iteration 80 / LogL: -20231.449 / Time: 0h:9m:7s (0h:10m:3s left)
Iteration 90 / LogL: -20237.812 / Time: 0h:9m:44s (0h:8m:25s left)
Iteration 100 / LogL: -20234.391 / Time: 0h:10m:17s (0h:6m:57s left)
Log-likelihood cutoff on original alignment: -20298.533
NOTE: Bootstrap correlation coefficient of split occurrence frequencies: 0.993
Iteration 110 / LogL: -20231.138 / Time: 0h:10m:52s (0h:8m:58s left)
Iteration 120 / LogL: -20230.563 / Time: 0h:11m:28s (0h:7m:42s left)
Iteration 130 / LogL: -20235.295 / Time: 0h:12m:6s (0h:6m:33s left)
Estimate model parameters (epsilon = 0.100)
BETTER TREE FOUND at iteration 132: -20221.269
Iteration 140 / LogL: -20244.811 / Time: 0h:12m:57s (0h:8m:34s left)
Iteration 150 / LogL: -20237.205 / Time: 0h:13m:35s (0h:7m:28s left)
Log-likelihood cutoff on original alignment: -20298.533
Estimate model parameters (epsilon = 0.100)
BETTER TREE FOUND at iteration 152: -20218.060
Iteration 160 / LogL: -20228.389 / Time: 0h:14m:31s (0h:8m:24s left)
Iteration 170 / LogL: -20218.521 / Time: 0h:15m:17s (0h:7m:24s left)
Estimate model parameters (epsilon = 0.100)
BETTER TREE FOUND at iteration 173: -20217.679
Iteration 180 / LogL: -20229.565 / Time: 0h:16m:12s (0h:8m:25s left)
Estimate model parameters (epsilon = 0.100)
BETTER TREE FOUND at iteration 181: -20217.315
Iteration 190 / LogL: -20230.163 / Time: 0h:16m:56s (0h:8m:9s left)
Iteration 200 / LogL: -20226.566 / Time: 0h:17m:48s (0h:7m:14s left)
Log-likelihood cutoff on original alignment: -20298.533
NOTE: Bootstrap correlation coefficient of split occurrence frequencies: 0.990
Estimate model parameters (epsilon = 0.100)
BETTER TREE FOUND at iteration 201: -20214.657
Iteration 210 / LogL: -20222.179 / Time: 0h:18m:48s (0h:8m:11s left)
Iteration 220 / LogL: -20218.175 / Time: 0h:19m:36s (0h:7m:15s left)
Iteration 230 / LogL: -20223.413 / Time: 0h:20m:28s (0h:6m:20s left)
Iteration 240 / LogL: -20243.534 / Time: 0h:21m:20s (0h:5m:26s left)
Iteration 250 / LogL: -20233.694 / Time: 0h:21m:58s (0h:4m:30s left)
Log-likelihood cutoff on original alignment: -20298.533
Iteration 260 / LogL: -20218.681 / Time: 0h:22m:53s (0h:3m:37s left)
Iteration 270 / LogL: -20294.618 / Time: 0h:23m:43s (0h:2m:44s left)
Iteration 280 / LogL: -20223.861 / Time: 0h:24m:31s (0h:1m:50s left)
Estimate model parameters (epsilon = 0.100)
BETTER TREE FOUND at iteration 282: -20212.911
Iteration 290 / LogL: -20222.331 / Time: 0h:25m:30s (0h:8m:7s left)
Iteration 300 / LogL: -20231.655 / Time: 0h:26m:26s (0h:7m:15s left)
Log-likelihood cutoff on original alignment: -20298.533
NOTE: Bootstrap correlation coefficient of split occurrence frequencies: 0.990
NOTE: UFBoot does not converge, continue at least 100 more iterations
Iteration 310 / LogL: -20239.126 / Time: 0h:27m:20s (0h:7m:57s left)
Iteration 320 / LogL: -20218.853 / Time: 0h:28m:9s (0h:7m:3s left)
Iteration 330 / LogL: -20227.283 / Time: 0h:29m:3s (0h:6m:10s left)
Estimate model parameters (epsilon = 0.100)
BETTER TREE FOUND at iteration 336: -20211.448
Iteration 340 / LogL: -20229.375 / Time: 0h:30m:2s (0h:8m:30s left)
Iteration 350 / LogL: -20223.580 / Time: 0h:31m:3s (0h:7m:39s left)
Log-likelihood cutoff on original alignment: -20298.533
Iteration 360 / LogL: -20236.023 / Time: 0h:31m:53s (0h:6m:45s left)
Iteration 370 / LogL: -20214.797 / Time: 0h:32m:42s (0h:5m:50s left)
Iteration 380 / LogL: -20212.904 / Time: 0h:33m:32s (0h:4m:57s left)
Iteration 390 / LogL: -20218.784 / Time: 0h:34m:26s (0h:4m:4s left)
Iteration 400 / LogL: -20226.476 / Time: 0h:35m:22s (0h:3m:11s left)
Log-likelihood cutoff on original alignment: -20298.533
NOTE: Bootstrap correlation coefficient of split occurrence frequencies: 0.988
NOTE: UFBoot does not converge, continue at least 100 more iterations
Iteration 410 / LogL: -20240.271 / Time: 0h:36m:28s (0h:8m:1s left)
Iteration 420 / LogL: -20214.608 / Time: 0h:37m:22s (0h:7m:8s left)
Iteration 430 / LogL: -20237.359 / Time: 0h:38m:20s (0h:6m:15s left)
Iteration 440 / LogL: -20213.645 / Time: 0h:39m:15s (0h:5m:21s left)
Iteration 450 / LogL: -20213.980 / Time: 0h:40m:18s (0h:4m:29s left)
Log-likelihood cutoff on original alignment: -20298.533
Iteration 460 / LogL: -20252.233 / Time: 0h:41m:19s (0h:3m:36s left)
Iteration 470 / LogL: -20212.849 / Time: 0h:42m:20s (0h:2m:42s left)
Estimate model parameters (epsilon = 0.100)
BETTER TREE FOUND at iteration 478: -20210.496
Iteration 480 / LogL: -20229.503 / Time: 0h:43m:18s (0h:8m:51s left)
Iteration 490 / LogL: -20227.148 / Time: 0h:44m:13s (0h:7m:57s left)
Iteration 500 / LogL: -20217.744 / Time: 0h:45m:4s (0h:7m:2s left)
Log-likelihood cutoff on original alignment: -20298.533
NOTE: Bootstrap correlation coefficient of split occurrence frequencies: 0.984
NOTE: UFBoot does not converge, continue at least 100 more iterations
Iteration 510 / LogL: -20229.531 / Time: 0h:45m:58s (0h:8m:7s left)
Iteration 520 / LogL: -20257.855 / Time: 0h:46m:52s (0h:7m:13s left)
Iteration 530 / LogL: -20217.992 / Time: 0h:47m:47s (0h:6m:19s left)
Estimate model parameters (epsilon = 0.100)
BETTER TREE FOUND at iteration 540: -20210.020
Iteration 540 / LogL: -20210.020 / Time: 0h:48m:41s (0h:9m:1s left)
Iteration 550 / LogL: -20265.944 / Time: 0h:49m:39s (0h:8m:8s left)
Log-likelihood cutoff on original alignment: -20298.533
Iteration 560 / LogL: -20212.059 / Time: 0h:50m:34s (0h:7m:14s left)
Iteration 570 / LogL: -20223.985 / Time: 0h:51m:30s (0h:6m:20s left)
Iteration 580 / LogL: -20231.674 / Time: 0h:52m:16s (0h:5m:25s left)
Iteration 590 / LogL: -20244.242 / Time: 0h:53m:8s (0h:4m:30s left)
Iteration 600 / LogL: -20216.066 / Time: 0h:54m:1s (0h:3m:36s left)
Log-likelihood cutoff on original alignment: -20298.533
NOTE: Bootstrap correlation coefficient of split occurrence frequencies: 0.987
NOTE: UFBoot does not converge, continue at least 100 more iterations
Iteration 610 / LogL: -20213.454 / Time: 0h:54m:59s (0h:8m:7s left)
Iteration 620 / LogL: -20224.501 / Time: 0h:55m:58s (0h:7m:14s left)
Estimate model parameters (epsilon = 0.100)
BETTER TREE FOUND at iteration 624: -20209.514
Iteration 630 / LogL: -20232.829 / Time: 0h:56m:57s (0h:8m:30s left)
Estimate model parameters (epsilon = 0.100)
BETTER TREE FOUND at iteration 640: -20209.476
Iteration 640 / LogL: -20209.476 / Time: 0h:57m:57s (0h:9m:4s left)
Estimate model parameters (epsilon = 0.100)
BETTER TREE FOUND at iteration 648: -20209.097
Iteration 650 / LogL: -20248.225 / Time: 0h:59m:2s (0h:8m:54s left)
Log-likelihood cutoff on original alignment: -20298.533
Iteration 660 / LogL: -20242.376 / Time: 1h:0m:7s (0h:8m:1s left)
Iteration 670 / LogL: -20213.810 / Time: 1h:1m:8s (0h:7m:7s left)
Iteration 680 / LogL: -20217.369 / Time: 1h:2m:2s (0h:6m:12s left)
Estimate model parameters (epsilon = 0.100)
BETTER TREE FOUND at iteration 690: -20208.131
Iteration 690 / LogL: -20208.131 / Time: 1h:3m:1s (0h:9m:8s left)
Iteration 700 / LogL: -20223.957 / Time: 1h:3m:46s (0h:8m:12s left)
Log-likelihood cutoff on original alignment: -20298.533
NOTE: Bootstrap correlation coefficient of split occurrence frequencies: 0.991
Iteration 710 / LogL: -20230.002 / Time: 1h:4m:49s (0h:8m:13s left)
Iteration 720 / LogL: -20211.543 / Time: 1h:5m:54s (0h:7m:19s left)
Iteration 730 / LogL: -20211.269 / Time: 1h:6m:51s (0h:6m:25s left)
Iteration 740 / LogL: -20232.527 / Time: 1h:7m:47s (0h:5m:30s left)
Iteration 750 / LogL: -20247.309 / Time: 1h:8m:42s (0h:4m:35s left)
Log-likelihood cutoff on original alignment: -20298.533
Iteration 760 / LogL: -20208.512 / Time: 1h:9m:44s (0h:3m:40s left)
Iteration 770 / LogL: -20213.072 / Time: 1h:10m:38s (0h:2m:45s left)
Iteration 780 / LogL: -20239.585 / Time: 1h:11m:46s (0h:1m:50s left)
Iteration 790 / LogL: -20212.294 / Time: 1h:12m:45s (0h:0m:55s left)
TREE SEARCH COMPLETED AFTER 791 ITERATIONS / Time: 1h:12m:50s

--------------------------------------------------------------------
|                    FINALIZING TREE SEARCH                        |
--------------------------------------------------------------------
Performs final model parameters optimization
Estimate model parameters (epsilon = 0.010)
1. Initial log-likelihood: -20208.131
2. Current log-likelihood: -20208.121
Optimal log-likelihood: -20208.112
Rate parameters:  A-C: 0.94260  A-G: 4.04130  A-T: 1.53252  C-G: 0.84056  C-T: 6.54785  G-T: 1.00000
Base frequencies:  A: 0.298  C: 0.199  G: 0.231  T: 0.272
Site proportion and rates:  (0.555,0.050) (0.186,0.693) (0.196,2.357) (0.064,6.000)
Parameters optimization took 2 rounds (1.807 sec)
BEST SCORE FOUND : -20208.112
Creating bootstrap support values...
Split supports printed to NEXUS file results_assessment_saturation_and_clocklikeliness/results_iqtree_gene_trees/result_5840_iqtree.splits.nex
Total tree length: 6.858

Total number of iterations: 791
CPU time used for tree search: 6408.160 sec (1h:46m:48s)
Wall-clock time used for tree search: 4187.104 sec (1h:9m:47s)
Total CPU time used: 6704.492 sec (1h:51m:44s)
Total wall-clock time used: 4375.479 sec (1h:12m:55s)

Computing bootstrap consensus tree...
Reading input file results_assessment_saturation_and_clocklikeliness/results_iqtree_gene_trees/result_5840_iqtree.splits.nex...
300 taxa and 4016 splits.
Consensus tree written to results_assessment_saturation_and_clocklikeliness/results_iqtree_gene_trees/result_5840_iqtree.contree
Reading input trees file results_assessment_saturation_and_clocklikeliness/results_iqtree_gene_trees/result_5840_iqtree.contree
Log-likelihood of consensus tree: -20209.439

Analysis results written to: 
  IQ-TREE report:                results_assessment_saturation_and_clocklikeliness/results_iqtree_gene_trees/result_5840_iqtree.iqtree
  Maximum-likelihood tree:       results_assessment_saturation_and_clocklikeliness/results_iqtree_gene_trees/result_5840_iqtree.treefile
  Likelihood distances:          results_assessment_saturation_and_clocklikeliness/results_iqtree_gene_trees/result_5840_iqtree.mldist

Ultrafast bootstrap approximation results written to:
  Split support values:          results_assessment_saturation_and_clocklikeliness/results_iqtree_gene_trees/result_5840_iqtree.splits.nex
  Consensus tree:                results_assessment_saturation_and_clocklikeliness/results_iqtree_gene_trees/result_5840_iqtree.contree
  Screen log file:               results_assessment_saturation_and_clocklikeliness/results_iqtree_gene_trees/result_5840_iqtree.log

Date and Time: Wed Mar 30 04:53:35 2022
