IQ-TREE multicore version 2.1.3 COVID-edition for Linux 64-bit built Apr 21 2021
Developed by Bui Quang Minh, James Barbetti, Nguyen Lam Tung,
Olga Chernomor, Heiko Schmidt, Dominik Schrempf, Michael Woodhams.

Host:    hpc-high-memory-multi-user (AVX2, FMA3, 1007 GB RAM)
Command: /home/kasper.hendriks/iqtree-2.1.3-Linux/bin/iqtree2 -s results_assessment_saturation_and_clocklikeliness/input_gene_alignments_cleaned/5G02820_cleaned.fasta -B 1000 -nm 1000 -m GTR+F+R -nt AUTO --prefix results_assessment_saturation_and_clocklikeliness/results_iqtree_gene_trees/result_5G02820_iqtree
Seed:    957677 (Using SPRNG - Scalable Parallel Random Number Generator)
Time:    Wed Mar 30 04:33:53 2022
Kernel:  AVX+FMA - auto-detect threads (48 CPU cores detected)

Reading alignment file results_assessment_saturation_and_clocklikeliness/input_gene_alignments_cleaned/5G02820_cleaned.fasta ... Fasta format detected
Alignment most likely contains DNA/RNA sequences
Alignment has 351 sequences with 759 columns, 666 distinct patterns
316 parsimony-informative, 71 singleton sites, 372 constant sites
               Gap/Ambiguity  Composition  p-value
   1  S0941            6.06%    passed     98.52%
   2  S0946            8.04%    passed     83.90%
   3  S0949            0.79%    passed     99.63%
   4  S1114-2          2.77%    passed     50.19%
   5  S0735            0.00%    passed     96.69%
   6  S0403sl          0.00%    passed     96.09%
   7  S0739            0.26%    passed     53.28%
   8  S0384            1.05%    passed     98.02%
   9  S0381            1.32%    passed     94.17%
  10  S0380            8.43%    passed     92.29%
  11  S0383            0.92%    passed     95.23%
  12  S1541sl          0.00%    passed     99.90%
  13  SRR11470320      0.00%    passed     71.18%
  14  S1519            0.79%    failed      0.32%
  15  S0745            0.53%    passed     83.32%
  16  S0746            0.40%    passed     99.75%
  17  S0741            7.25%    passed     79.04%
  18  S0740            2.24%    failed      0.44%
  19  S0743            0.00%    passed     98.40%
  20  S0742            0.13%    passed     94.00%
  21  S0748            0.26%    failed      2.21%
  22  S1011sl          6.06%    passed     91.10%
  23  S1462            0.00%    passed     95.01%
  24  S1460            0.26%    passed     96.70%
  25  S1464            2.50%    passed     90.08%
  26  S1342            2.37%    passed     68.83%
  27  S1341            8.83%    passed     69.08%
  28  S0903            0.92%    passed     86.16%
  29  S0902            0.92%    passed     81.99%
  30  S0688            0.13%    passed     96.31%
  31  S0689            0.92%    passed     98.33%
  32  S0562            4.22%    passed     51.08%
  33  S0335            0.13%    passed     68.72%
  34  S0331            1.05%    passed     44.78%
  35  S1204            1.58%    passed     93.63%
  36  S0762-2          0.53%    passed     97.14%
  37  S0724sl         11.20%    failed      1.42%
  38  S1050            3.29%    passed     94.24%
  39  S1119            5.14%    passed     98.30%
  40  S1118            4.61%    passed     86.51%
  41  S1113            4.61%    passed     81.96%
  42  S1111            5.40%    passed      6.81%
  43  S1110            0.26%    failed      1.59%
  44  S1117            3.56%    passed     94.23%
  45  S1116            1.45%    passed     97.66%
  46  S0564sl          0.13%    passed     15.28%
  47  S0836            1.45%    passed     99.03%
  48  S0512sl          6.98%    passed     94.44%
  49  S1258-2          0.26%    passed     99.57%
  50  S1498            0.00%    passed     70.12%
  51  S1052sl         18.31%    passed     77.83%
  52  SRR8528365       0.00%    passed     79.77%
  53  SRR8528364       0.66%    passed     98.91%
  54  SRR8528361       0.79%    passed     91.10%
  55  S0667            3.43%    passed     92.85%
  56  S0664            1.19%    passed     95.27%
  57  S0662            0.00%    passed     60.21%
  58  SRR8528400       0.13%    passed     96.99%
  59  S0669            0.13%    passed     96.99%
  60  S0906            0.00%    passed     97.49%
  61  S0904            1.58%    passed     97.41%
  62  S1188            1.19%    passed     73.14%
  63  S1189            0.00%    passed     84.96%
  64  S0901            3.82%    passed     29.49%
  65  S1184            3.03%    passed     89.05%
  66  S1180            0.00%    passed     91.57%
  67  S1182            0.00%    passed     81.51%
  68  S1388            0.00%    passed     70.71%
  69  S0420sl          4.61%    passed     64.69%
  70  S1201sl          0.00%    passed     98.43%
  71  S0645sl          5.27%    passed     13.80%
  72  S1424            7.64%    passed     78.57%
  73  S1422            0.00%    passed     94.14%
  74  S1421            2.50%    passed     93.85%
  75  S1389            0.00%    passed     82.52%
  76  S1386            0.26%    passed     96.25%
  77  S1387            0.00%    passed     87.50%
  78  S1384            8.04%    passed     15.79%
  79  S1381            0.00%    passed     99.84%
  80  S1428            0.66%    passed     72.42%
  81  S0400            0.00%    passed     97.40%
  82  S0731sl          0.92%    passed     87.77%
  83  S0405            0.26%    passed     99.71%
  84  S0275            0.92%    passed     94.20%
  85  S0277            1.98%    passed     88.16%
  86  S0279            4.08%    passed     99.65%
  87  S0371            0.66%    passed     98.06%
  88  S0373            0.00%    passed     90.87%
  89  S0376            0.26%    passed     97.86%
  90  S0377            2.77%    passed     48.08%
  91  S1332            0.00%    passed     91.80%
  92  S1331            0.00%    passed     90.53%
  93  S1336            1.05%    passed     90.92%
  94  S1339            3.82%    passed     99.52%
  95  S0509            5.80%    passed     95.27%
  96  S0656sl          0.13%    passed     20.69%
  97  S0308            0.92%    failed      1.91%
  98  S0305            1.45%    passed     86.87%
  99  S0306            7.11%    passed     91.54%
 100  S0301            0.26%    passed     97.27%
 101  S0300            2.90%    passed     85.74%
 102  S0303            0.00%    failed      2.57%
 103  PAFTOL_019361    0.00%    passed     36.52%
 104  S0895            6.19%    passed     97.19%
 105  S0894            1.05%    passed      7.85%
 106  S0897            4.87%    passed     70.72%
 107  S0896            2.90%    passed     98.33%
 108  S0890           11.59%    passed     96.21%
 109  S0893            1.45%    passed     99.73%
 110  S0892            0.26%    passed     92.09%
 111  S0954            0.13%    passed     98.84%
 112  S1043sl          1.84%    passed     89.16%
 113  S0956            3.16%    passed     77.92%
 114  S0957            0.00%    passed     95.94%
 115  S0899            3.43%    passed     31.46%
 116  S0952            0.13%    passed     36.23%
 117  S1235sl          5.93%    passed     55.88%
 118  S0655sl          0.40%    passed     82.28%
 119  S0583            0.13%    passed     85.10%
 120  PAFTOL_023513    4.48%    passed     18.08%
 121  PAFTOL_023515    0.40%    passed     67.84%
 122  PAFTOL_023519    0.53%    passed     95.75%
 123  S0620            3.03%    failed      1.61%
 124  S1250sl          3.29%    passed     47.32%
 125  SRR8528339       3.16%    passed     90.34%
 126  S1506            0.92%    passed     98.10%
 127  S1509            0.53%    passed     46.72%
 128  S0756            0.00%    passed     96.79%
 129  S0757            7.11%    passed     98.46%
 130  S0754            2.64%    passed     85.54%
 131  S0752            0.92%    passed     63.05%
 132  S0753            0.26%    passed     81.04%
 133  SRR8528350       0.00%    passed     99.44%
 134  S0751            6.19%    passed     94.28%
 135  S0055            0.00%    passed     95.40%
 136  S0758            0.00%    passed     84.45%
 137  SRR8528359       0.00%    passed     99.70%
 138  S1053sl          3.43%    passed     86.42%
 139  S1106sl          2.77%    passed     94.57%
 140  S1232sl          1.32%    passed     13.80%
 141  S1376            0.00%    passed     48.99%
 142  S1375            0.00%    passed     98.75%
 143  S1374            4.08%    passed     95.76%
 144  S1371            5.80%    passed     97.85%
 145  S1370            0.26%    passed     99.66%
 146  S1378            0.00%    passed     67.42%
 147  SRR8528381       0.00%    passed      8.32%
 148  SRR8528380       0.26%    passed     85.12%
 149  S0613sl          1.58%    passed     74.86%
 150  S1579            0.53%    passed     86.82%
 151  S0947sl          4.48%    passed     94.72%
 152  SRR8528384       0.00%    passed     97.35%
 153  S1093sl          0.66%    passed     94.36%
 154  S0577            1.32%    passed     91.76%
 155  SRR8528386       9.09%    passed     43.61%
 156  S0345            0.00%    passed     90.05%
 157  S0346            3.43%    passed     93.88%
 158  S1210            0.00%    failed      1.37%
 159  S1211            0.00%    passed     94.88%
 160  S1213            0.26%    passed     94.70%
 161  S0721sl          0.79%    passed     99.58%
 162  S0733sl          0.79%    passed     97.94%
 163  S1100            0.00%    passed     87.05%
 164  S1102            0.79%    passed     98.86%
 165  S1269            8.30%    failed      1.86%
 166  S0989            2.77%    passed     89.46%
 167  S1261            5.14%    passed     98.83%
 168  S1260            2.11%    passed     44.17%
 169  S1262            1.32%    failed      0.29%
 170  S0293            0.13%    passed     98.49%
 171  S0292            0.13%    passed     93.99%
 172  S0297            4.87%    passed     91.95%
 173  S0294            1.32%    passed     86.34%
 174  S0299           11.46%    passed     25.29%
 175  S0298            4.61%    passed     93.59%
 176  S0964            0.13%    passed     80.91%
 177  S1214sl          1.45%    passed     95.73%
 178  S0960            0.26%    passed     89.56%
 179  S1238sl          0.00%    passed     95.55%
 180  SRR8528391       0.13%    passed     90.93%
 181  SRR8528397       4.61%    passed     74.31%
 182  SRR8528394       4.74%    passed     94.39%
 183  SRR8528398       0.40%    passed     81.60%
 184  SRR8528399       0.40%    passed     95.15%
 185  S0718            1.45%    passed     97.53%
 186  S0657            5.80%    passed     96.08%
 187  S0654            2.24%    passed     96.31%
 188  S0717            0.00%    passed     93.07%
 189  S0552sl          0.26%    passed     80.05%
 190  S0647-2          6.19%    passed     97.58%
 191  S1539            1.32%    passed     11.82%
 192  S1083            0.00%    passed     57.88%
 193  S1129sl          0.00%    passed     66.20%
 194  S1089            4.35%    passed     91.96%
 195  S1069            0.26%    passed     84.85%
 196  S0436            1.98%    passed     80.96%
 197  S0435            5.40%    passed     96.94%
 198  S0430            0.92%    failed      2.30%
 199  S0268            0.13%    passed     96.74%
 200  S1442            0.79%    passed     97.81%
 201  S1449            0.13%    passed     93.99%
 202  S1321            4.48%    passed     11.75%
 203  S1148            0.00%    passed     91.15%
 204  S1220            0.13%    passed     24.96%
 205  S1223            0.40%    passed     90.47%
 206  S1227            0.00%    passed     99.27%
 207  S0317            1.98%    passed     71.18%
 208  S0315            0.00%    passed     76.31%
 209  S0312            0.79%    passed     95.16%
 210  S0560            2.37%    passed     15.14%
 211  S0888            0.53%    failed      0.51%
 212  S0617            5.01%    passed     94.95%
 213  S0616            0.00%    passed     11.32%
 214  S0612            1.45%    passed     99.95%
 215  S1038            0.79%    passed     79.20%
 216  S1039            3.03%    passed     93.70%
 217  S0590            2.24%    passed     51.46%
 218  S0591            1.05%    passed     96.22%
 219  S0593            2.11%    passed     99.33%
 220  S0660sl          0.92%    passed     96.37%
 221  S0763            0.13%    passed     97.91%
 222  SRR8528347       0.13%    passed     70.97%
 223  S0760            0.00%    passed     94.12%
 224  SRR8528341       0.13%    passed     90.00%
 225  S0766            1.19%    passed     89.69%
 226  S0765            0.00%    passed     96.00%
 227  S0764            0.00%    passed     77.07%
 228  S0768            0.13%    passed     99.55%
 229  S1266sl          3.43%    failed      3.13%
 230  S1077            0.40%    passed     93.40%
 231  S1365            6.85%    passed     38.67%
 232  S1366            0.92%    passed     95.88%
 233  S1368            7.77%    passed     32.66%
 234  S1369            0.00%    passed     98.26%
 235  S1409            3.82%    failed      2.31%
 236  S1408            2.11%    passed     90.17%
 237  S1561            2.90%    passed     95.77%
 238  S1401            1.32%    passed     83.66%
 239  S1400            5.01%    passed     96.23%
 240  S1405            0.53%    passed     44.39%
 241  S1407            2.90%    passed     89.61%
 242  SRR11470309      0.00%    passed     93.78%
 243  S0464            0.79%    passed     98.29%
 244  S0547            3.82%    passed     91.42%
 245  S1318-2          1.32%    passed     86.31%
 246  S0355            2.24%    failed      1.21%
 247  S1181-2          4.35%    passed     83.61%
 248  S1315            5.14%    failed      0.76%
 249  S1314            1.71%    passed     96.34%
 250  SRR8528343       0.13%    passed     99.09%
 251  SRR8528342       0.00%    passed     99.61%
 252  S1319            3.03%    passed     90.38%
 253  S0791            3.43%    passed     75.83%
 254  S0795            0.40%    passed     96.79%
 255  S1177            0.00%    passed     96.00%
 256  S1176            6.46%    passed     39.48%
 257  S1072            3.95%    passed     94.28%
 258  S1074            1.84%    passed     87.69%
 259  S0959            0.00%    passed     82.43%
 260  S0851            0.13%    passed     76.60%
 261  S1278            0.00%    passed     98.46%
 262  S1279            0.79%    passed     98.83%
 263  S1276            1.71%    passed     90.62%
 264  S1270            0.40%    passed     97.74%
 265  S0288           10.01%    failed      1.86%
 266  S0289            0.92%    passed     22.62%
 267  S0284            1.98%    passed     74.60%
 268  S0285            6.59%    passed     93.23%
 269  S0286            3.29%    passed     98.45%
 270  S0280            0.13%    passed     81.47%
 271  S0281           13.83%    passed     81.04%
 272  S0282            0.00%    passed     99.28%
 273  S0283            1.98%    passed     77.50%
 274  S_670            0.40%    passed     96.20%
 275  S0727            1.45%    passed     91.03%
 276  S0726            1.98%    passed     76.92%
 277  SRR8528382       4.87%    passed     97.59%
 278  SRR8528385       3.43%    passed     48.88%
 279  S0722            3.29%    passed     98.30%
 280  S0720            2.77%    passed     97.83%
 281  SRR8528389       0.00%    passed     84.95%
 282  S1229-2          1.32%    passed     52.09%
 283  S0641            0.13%    passed     95.26%
 284  S0642            0.00%    passed      5.03%
 285  S0643            0.00%    passed     99.86%
 286  SRR8528338       0.13%    passed     99.74%
 287  S0196sl          0.00%    passed     99.18%
 288  SRR8528336       0.00%    passed     95.70%
 289  S1096            2.37%    passed     88.09%
 290  S1097            2.24%    passed     89.86%
 291  S1095            4.08%    passed     99.76%
 292  S1098            3.03%    passed     92.37%
 293  S0421            1.98%    passed     68.58%
 294  S0424           19.76%    passed     19.47%
 295  S0427            0.00%    passed     92.78%
 296  S0156            1.19%    passed     82.56%
 297  S1354            2.11%    passed      5.75%
 298  S1458            5.14%    passed     98.98%
 299  S1459            3.03%    passed     96.27%
 300  S1021            1.58%    passed     89.53%
 301  S0691            2.77%    passed     99.80%
 302  S0690            0.13%    passed     98.49%
 303  S1230            1.45%    passed     23.08%
 304  S1234            6.72%    passed     29.43%
 305  S1239            5.53%    passed     20.09%
 306  S0450            0.00%    passed     66.24%
 307  S0329            0.00%    passed     96.79%
 308  S0323            2.64%    passed     66.56%
 309  S0322            4.74%    failed      2.95%
 310  SRR8528358      10.01%    passed     34.72%
 311  S1040            3.29%    passed     90.75%
 312  S1045            0.40%    passed     94.74%
 313  S1044            3.95%    passed     91.66%
 314  S0728sl          6.46%    passed     97.68%
 315  S1128            0.13%    passed     72.57%
 316  S1120            1.84%    failed      1.48%
 317  S1121            5.80%    passed     68.20%
 318  S0809            2.90%    passed     89.27%
 319  S0412sl          0.26%    passed     97.88%
 320  SRR8528379       0.00%    passed     92.96%
 321  SRR8528370       0.00%    passed     15.61%
 322  SRR8528372       0.92%    passed     86.65%
 323  SRR8528373       0.26%    passed     59.62%
 324  SRR8528376       0.00%    passed     74.32%
 325  S0677            0.40%    passed     78.38%
 326  S0671            2.77%    passed     90.13%
 327  S0670            0.53%    passed     99.93%
 328  S0673            0.13%    failed      2.56%
 329  S0672            2.50%    passed     98.27%
 330  S0770            0.79%    passed     98.09%
 331  S0771            0.00%    passed     84.90%
 332  S0772            1.71%    passed     99.69%
 333  S1398            0.00%    passed     20.78%
 334  S1419            0.92%    passed     97.47%
 335  S0747sl          3.69%    passed     76.81%
 336  S0558            0.00%    passed     92.96%
 337  S0417            0.26%    passed     25.85%
 338  S0416            0.79%    passed     92.03%
 339  S0419            0.13%    passed     96.86%
 340  S0555            2.37%    passed     85.56%
 341  S1221sl          1.98%    passed     54.21%
 342  SRR8528356       3.03%    passed     32.66%
 343  SRR8528357       0.00%    passed     99.55%
 344  SRR8528354       0.00%    passed     41.01%
 345  S1208sl          0.26%    passed     45.05%
 346  S1168            4.74%    passed     95.42%
 347  S0521           10.14%    passed     92.40%
 348  S1249            6.59%    failed      0.49%
 349  S1241            7.11%    passed     66.91%
 350  S1246            0.00%    passed     10.26%
 351  S1245            0.92%    passed     26.12%
****  TOTAL            2.13%  22 sequences failed composition chi2 test (p-value<5%; df=3)
NOTE: S1177 is identical to S0765 but kept for subsequent analysis

Create initial parsimony tree by phylogenetic likelihood library (PLL)... 0.303 seconds
Generating 1000 samples for ultrafast bootstrap (seed: 957677)...

NOTE: 33 MB RAM (0 GB) is required!
Measuring multi-threading efficiency up to 48 CPU cores
Increase to 10 rounds for branch lengths
44 trees examined
Threads: 1 / Time: 48.863 sec / Speedup: 1.000 / Efficiency: 100% / LogL: -47120
Threads: 2 / Time: 41.578 sec / Speedup: 1.175 / Efficiency: 59% / LogL: -47120
Threads: 3 / Time: 48.531 sec / Speedup: 1.007 / Efficiency: 34% / LogL: -47120
BEST NUMBER OF THREADS: 2

Estimate model parameters (epsilon = 0.100)
1. Initial log-likelihood: -26413.986
2. Current log-likelihood: -24179.378
3. Current log-likelihood: -24091.773
4. Current log-likelihood: -24035.032
5. Current log-likelihood: -23980.931
6. Current log-likelihood: -23940.181
7. Current log-likelihood: -23912.921
8. Current log-likelihood: -23893.282
9. Current log-likelihood: -23878.436
10. Current log-likelihood: -23866.651
11. Current log-likelihood: -23857.593
12. Current log-likelihood: -23850.443
13. Current log-likelihood: -23844.688
14. Current log-likelihood: -23840.001
15. Current log-likelihood: -23836.144
16. Current log-likelihood: -23832.951
17. Current log-likelihood: -23830.268
18. Current log-likelihood: -23828.014
19. Current log-likelihood: -23826.782
20. Current log-likelihood: -23826.498
Optimal log-likelihood: -23826.412
Rate parameters:  A-C: 1.37062  A-G: 3.58724  A-T: 1.15211  C-G: 0.62385  C-T: 8.65843  G-T: 1.00000
Base frequencies:  A: 0.286  C: 0.171  G: 0.283  T: 0.260
Site proportion and rates:  (0.618,0.055) (0.174,1.038) (0.150,2.732) (0.057,6.539)
Parameters optimization took 20 rounds (44.109 sec)
Computing ML distances based on estimated model parameters...
Computing ML distances took 2.679203 sec (of wall-clock time) 3.360000 sec(of CPU time)
Computing RapidNJ tree took 0.049204 sec (of wall-clock time) 0.128000 sec (of CPU time)
Log-likelihood of RapidNJ tree: -24294.342
--------------------------------------------------------------------
|             INITIALIZING CANDIDATE TREE SET                      |
--------------------------------------------------------------------
Generating 98 parsimony trees... 13.474 second
Computing log-likelihood of 98 initial trees ... 13.893 seconds
Current best score: -23781.750

Do NNI search on 20 best initial trees
Estimate model parameters (epsilon = 0.100)
BETTER TREE FOUND at iteration 1: -23685.727
Estimate model parameters (epsilon = 0.100)
BETTER TREE FOUND at iteration 4: -23682.614
Iteration 10 / LogL: -23714.297 / Time: 0h:5m:17s
Iteration 20 / LogL: -23730.806 / Time: 0h:6m:39s
Finish initializing candidate tree set (20)
Current best tree score: -23682.614 / CPU time: 211.110
Number of iterations: 20
--------------------------------------------------------------------
|               OPTIMIZING CANDIDATE TREE SET                      |
--------------------------------------------------------------------
Estimate model parameters (epsilon = 0.100)
BETTER TREE FOUND at iteration 21: -23681.773
Estimate model parameters (epsilon = 0.100)
BETTER TREE FOUND at iteration 27: -23674.648
Estimate model parameters (epsilon = 0.100)
BETTER TREE FOUND at iteration 28: -23666.653
Iteration 30 / LogL: -23735.297 / Time: 0h:7m:47s (0h:26m:17s left)
Estimate model parameters (epsilon = 0.100)
BETTER TREE FOUND at iteration 31: -23633.657
Estimate model parameters (epsilon = 0.100)
BETTER TREE FOUND at iteration 40: -23630.834
Iteration 40 / LogL: -23630.834 / Time: 0h:8m:47s (0h:22m:32s left)
Iteration 50 / LogL: -23653.687 / Time: 0h:9m:46s (0h:17m:56s left)
Log-likelihood cutoff on original alignment: -23762.505
Iteration 60 / LogL: -23649.555 / Time: 0h:10m:56s (0h:14m:49s left)
Estimate model parameters (epsilon = 0.100)
BETTER TREE FOUND at iteration 66: -23629.887
Iteration 70 / LogL: -23642.007 / Time: 0h:12m:2s (0h:16m:45s left)
Estimate model parameters (epsilon = 0.100)
BETTER TREE FOUND at iteration 78: -23622.090
Iteration 80 / LogL: -23636.808 / Time: 0h:13m:22s (0h:16m:35s left)
Iteration 90 / LogL: -23651.454 / Time: 0h:14m:32s (0h:14m:22s left)
Estimate model parameters (epsilon = 0.100)
BETTER TREE FOUND at iteration 98: -23621.283
Iteration 100 / LogL: -23640.400 / Time: 0h:15m:38s (0h:15m:28s left)
Log-likelihood cutoff on original alignment: -23744.237
NOTE: Bootstrap correlation coefficient of split occurrence frequencies: 0.968
NOTE: UFBoot does not converge, continue at least 100 more iterations
Estimate model parameters (epsilon = 0.100)
BETTER TREE FOUND at iteration 101: -23616.673
Estimate model parameters (epsilon = 0.100)
BETTER TREE FOUND at iteration 109: -23612.395
Iteration 110 / LogL: -23621.820 / Time: 0h:16m:52s (0h:15m:19s left)
Iteration 120 / LogL: -23622.821 / Time: 0h:18m:1s (0h:13m:28s left)
Iteration 130 / LogL: -23628.427 / Time: 0h:19m:10s (0h:11m:44s left)
Iteration 140 / LogL: -23635.062 / Time: 0h:20m:19s (0h:10m:5s left)
Iteration 150 / LogL: -23623.847 / Time: 0h:21m:18s (0h:8m:26s left)
Log-likelihood cutoff on original alignment: -23743.374
Iteration 160 / LogL: -23636.742 / Time: 0h:22m:30s (0h:6m:56s left)
Iteration 170 / LogL: -23639.954 / Time: 0h:23m:27s (0h:5m:24s left)
Iteration 180 / LogL: -23614.103 / Time: 0h:24m:26s (0h:3m:57s left)
Iteration 190 / LogL: -23621.504 / Time: 0h:25m:33s (0h:2m:34s left)
Iteration 200 / LogL: -23618.822 / Time: 0h:26m:45s (0h:1m:12s left)
Log-likelihood cutoff on original alignment: -23743.374
NOTE: Bootstrap correlation coefficient of split occurrence frequencies: 0.975
NOTE: UFBoot does not converge, continue at least 100 more iterations
Iteration 210 / LogL: -23614.971 / Time: 0h:27m:49s (0h:11m:58s left)
Iteration 220 / LogL: -23614.360 / Time: 0h:29m:1s (0h:10m:35s left)
Estimate model parameters (epsilon = 0.100)
BETTER TREE FOUND at iteration 225: -23610.901
Iteration 230 / LogL: -23621.293 / Time: 0h:30m:18s (0h:12m:34s left)
Iteration 240 / LogL: -23615.897 / Time: 0h:31m:35s (0h:11m:13s left)
Estimate model parameters (epsilon = 0.100)
BETTER TREE FOUND at iteration 250: -23610.779
Iteration 250 / LogL: -23610.779 / Time: 0h:33m:10s (0h:13m:19s left)
Log-likelihood cutoff on original alignment: -23743.374
Iteration 260 / LogL: -23699.517 / Time: 0h:34m:32s (0h:12m:0s left)
Estimate model parameters (epsilon = 0.100)
BETTER TREE FOUND at iteration 265: -23610.568
Iteration 270 / LogL: -23617.595 / Time: 0h:35m:46s (0h:12m:38s left)
Iteration 280 / LogL: -23635.869 / Time: 0h:37m:7s (0h:11m:18s left)
Estimate model parameters (epsilon = 0.100)
BETTER TREE FOUND at iteration 281: -23610.286
Estimate model parameters (epsilon = 0.100)
BETTER TREE FOUND at iteration 288: -23609.764
Iteration 290 / LogL: -23620.212 / Time: 0h:38m:20s (0h:13m:0s left)
Estimate model parameters (epsilon = 0.100)
BETTER TREE FOUND at iteration 293: -23604.707
Estimate model parameters (epsilon = 0.100)
BETTER TREE FOUND at iteration 298: -23602.458
Iteration 300 / LogL: -23613.287 / Time: 0h:39m:42s (0h:13m:0s left)
Log-likelihood cutoff on original alignment: -23743.374
NOTE: Bootstrap correlation coefficient of split occurrence frequencies: 0.981
NOTE: UFBoot does not converge, continue at least 100 more iterations
Iteration 310 / LogL: -23608.485 / Time: 0h:41m:4s (0h:11m:57s left)
Estimate model parameters (epsilon = 0.100)
BETTER TREE FOUND at iteration 313: -23599.509
Iteration 320 / LogL: -23635.028 / Time: 0h:42m:29s (0h:12m:23s left)
Estimate model parameters (epsilon = 0.100)
BETTER TREE FOUND at iteration 326: -23597.497
Iteration 330 / LogL: -23630.042 / Time: 0h:44m:4s (0h:12m:51s left)
Iteration 340 / LogL: -23613.935 / Time: 0h:45m:36s (0h:11m:34s left)
Iteration 350 / LogL: -23606.133 / Time: 0h:47m:12s (0h:10m:16s left)
Log-likelihood cutoff on original alignment: -23743.374
Iteration 360 / LogL: -23605.572 / Time: 0h:48m:36s (0h:8m:56s left)
Iteration 370 / LogL: -23604.768 / Time: 0h:49m:56s (0h:7m:34s left)
Iteration 380 / LogL: -23603.759 / Time: 0h:51m:21s (0h:6m:13s left)
Iteration 390 / LogL: -23598.637 / Time: 0h:52m:43s (0h:4m:52s left)
Estimate model parameters (epsilon = 0.100)
BETTER TREE FOUND at iteration 391: -23596.615
Iteration 400 / LogL: -23621.672 / Time: 0h:54m:8s (0h:12m:20s left)
Log-likelihood cutoff on original alignment: -23743.374
NOTE: Bootstrap correlation coefficient of split occurrence frequencies: 0.956
NOTE: UFBoot does not converge, continue at least 100 more iterations
Iteration 410 / LogL: -23606.554 / Time: 0h:55m:48s (0h:12m:16s left)
Iteration 420 / LogL: -23625.920 / Time: 0h:57m:17s (0h:10m:56s left)
Estimate model parameters (epsilon = 0.100)
BETTER TREE FOUND at iteration 429: -23595.730
Iteration 430 / LogL: -23597.533 / Time: 0h:58m:39s (0h:13m:32s left)
Estimate model parameters (epsilon = 0.100)
BETTER TREE FOUND at iteration 440: -23595.182
Iteration 440 / LogL: -23595.182 / Time: 1h:0m:19s (0h:13m:44s left)
Estimate model parameters (epsilon = 0.100)
BETTER TREE FOUND at iteration 446: -23594.787
Iteration 450 / LogL: -23606.146 / Time: 1h:2m:0s (0h:13m:15s left)
Log-likelihood cutoff on original alignment: -23743.374
Iteration 460 / LogL: -23595.624 / Time: 1h:3m:42s (0h:11m:56s left)
Iteration 470 / LogL: -23612.523 / Time: 1h:5m:15s (0h:10m:34s left)
Iteration 480 / LogL: -23624.866 / Time: 1h:6m:47s (0h:9m:12s left)
Iteration 490 / LogL: -23662.916 / Time: 1h:8m:22s (0h:7m:49s left)
Iteration 500 / LogL: -23597.267 / Time: 1h:10m:4s (0h:6m:27s left)
Log-likelihood cutoff on original alignment: -23743.374
NOTE: Bootstrap correlation coefficient of split occurrence frequencies: 0.962
NOTE: UFBoot does not converge, continue at least 100 more iterations
Estimate model parameters (epsilon = 0.100)
BETTER TREE FOUND at iteration 510: -23594.152
Iteration 510 / LogL: -23594.152 / Time: 1h:11m:49s (0h:14m:6s left)
Iteration 520 / LogL: -23633.104 / Time: 1h:13m:25s (0h:12m:43s left)
Iteration 530 / LogL: -23599.280 / Time: 1h:14m:54s (0h:11m:19s left)
Iteration 540 / LogL: -23619.422 / Time: 1h:16m:24s (0h:9m:55s left)
Iteration 550 / LogL: -23610.309 / Time: 1h:17m:51s (0h:8m:30s left)
Log-likelihood cutoff on original alignment: -23743.374
Iteration 560 / LogL: -23614.959 / Time: 1h:19m:24s (0h:7m:6s left)
Iteration 570 / LogL: -23608.987 / Time: 1h:20m:48s (0h:5m:40s left)
Iteration 580 / LogL: -23616.180 / Time: 1h:22m:22s (0h:4m:16s left)
Iteration 590 / LogL: -23603.601 / Time: 1h:23m:50s (0h:2m:50s left)
Iteration 600 / LogL: -23595.643 / Time: 1h:25m:17s (0h:1m:25s left)
Log-likelihood cutoff on original alignment: -23743.374
NOTE: Bootstrap correlation coefficient of split occurrence frequencies: 0.976
NOTE: UFBoot does not converge, continue at least 100 more iterations
Iteration 610 / LogL: -23602.339 / Time: 1h:26m:49s (0h:12m:49s left)
Iteration 620 / LogL: -23600.530 / Time: 1h:28m:13s (0h:11m:24s left)
Estimate model parameters (epsilon = 0.100)
BETTER TREE FOUND at iteration 622: -23593.561
Iteration 630 / LogL: -23604.097 / Time: 1h:29m:40s (0h:13m:6s left)
Iteration 640 / LogL: -23608.127 / Time: 1h:30m:58s (0h:11m:40s left)
Iteration 650 / LogL: -23596.737 / Time: 1h:32m:28s (0h:10m:15s left)
Log-likelihood cutoff on original alignment: -23743.374
Iteration 660 / LogL: -23669.920 / Time: 1h:34m:12s (0h:8m:51s left)
Iteration 670 / LogL: -23604.552 / Time: 1h:35m:47s (0h:7m:26s left)
Iteration 680 / LogL: -23613.180 / Time: 1h:37m:16s (0h:6m:1s left)
Iteration 690 / LogL: -23600.914 / Time: 1h:38m:51s (0h:4m:35s left)
Estimate model parameters (epsilon = 0.100)
BETTER TREE FOUND at iteration 692: -23592.940
Iteration 700 / LogL: -23596.844 / Time: 1h:40m:28s (0h:13m:13s left)
Log-likelihood cutoff on original alignment: -23743.374
NOTE: Bootstrap correlation coefficient of split occurrence frequencies: 0.989
NOTE: UFBoot does not converge, continue at least 100 more iterations
Iteration 710 / LogL: -23611.553 / Time: 1h:42m:28s (0h:13m:0s left)
Iteration 720 / LogL: -23595.013 / Time: 1h:44m:3s (0h:11m:34s left)
Iteration 730 / LogL: -23605.931 / Time: 1h:45m:52s (0h:10m:9s left)
Iteration 740 / LogL: -23596.988 / Time: 1h:47m:42s (0h:8m:44s left)
Estimate model parameters (epsilon = 0.100)
BETTER TREE FOUND at iteration 741: -23592.277
Iteration 750 / LogL: -23691.503 / Time: 1h:49m:6s (0h:13m:15s left)
Log-likelihood cutoff on original alignment: -23743.374
Iteration 760 / LogL: -23603.392 / Time: 1h:50m:42s (0h:11m:48s left)
Iteration 770 / LogL: -23625.413 / Time: 1h:52m:14s (0h:10m:21s left)
Iteration 780 / LogL: -23592.853 / Time: 1h:53m:51s (0h:8m:54s left)
Iteration 790 / LogL: -23609.822 / Time: 1h:55m:35s (0h:7m:28s left)
Iteration 800 / LogL: -23600.679 / Time: 1h:57m:26s (0h:6m:1s left)
Log-likelihood cutoff on original alignment: -23743.374
NOTE: Bootstrap correlation coefficient of split occurrence frequencies: 0.994
Iteration 810 / LogL: -23636.777 / Time: 1h:59m:24s (0h:13m:16s left)
Iteration 820 / LogL: -23607.744 / Time: 2h:1m:7s (0h:11m:49s left)
Iteration 830 / LogL: -23609.197 / Time: 2h:2m:49s (0h:10m:22s left)
Iteration 840 / LogL: -23602.470 / Time: 2h:4m:19s (0h:8m:53s left)
TREE SEARCH COMPLETED AFTER 842 ITERATIONS / Time: 2h:4m:37s

--------------------------------------------------------------------
|                    FINALIZING TREE SEARCH                        |
--------------------------------------------------------------------
Performs final model parameters optimization
Estimate model parameters (epsilon = 0.010)
1. Initial log-likelihood: -23592.277
Optimal log-likelihood: -23592.272
Rate parameters:  A-C: 1.37259  A-G: 3.77834  A-T: 1.14192  C-G: 0.62299  C-T: 9.05416  G-T: 1.00000
Base frequencies:  A: 0.286  C: 0.171  G: 0.283  T: 0.260
Site proportion and rates:  (0.608,0.033) (0.185,0.991) (0.156,2.846) (0.051,6.890)
Parameters optimization took 1 rounds (2.504 sec)
BEST SCORE FOUND : -23592.272
Creating bootstrap support values...
Split supports printed to NEXUS file results_assessment_saturation_and_clocklikeliness/results_iqtree_gene_trees/result_5G02820_iqtree.splits.nex
Total tree length: 7.519

Total number of iterations: 842
CPU time used for tree search: 10513.724 sec (2h:55m:13s)
Wall-clock time used for tree search: 7289.565 sec (2h:1m:29s)
Total CPU time used: 10820.832 sec (3h:0m:20s)
Total wall-clock time used: 7483.383 sec (2h:4m:43s)

Computing bootstrap consensus tree...
Reading input file results_assessment_saturation_and_clocklikeliness/results_iqtree_gene_trees/result_5G02820_iqtree.splits.nex...
351 taxa and 4104 splits.
Consensus tree written to results_assessment_saturation_and_clocklikeliness/results_iqtree_gene_trees/result_5G02820_iqtree.contree
Reading input trees file results_assessment_saturation_and_clocklikeliness/results_iqtree_gene_trees/result_5G02820_iqtree.contree
Log-likelihood of consensus tree: -23594.979

Analysis results written to: 
  IQ-TREE report:                results_assessment_saturation_and_clocklikeliness/results_iqtree_gene_trees/result_5G02820_iqtree.iqtree
  Maximum-likelihood tree:       results_assessment_saturation_and_clocklikeliness/results_iqtree_gene_trees/result_5G02820_iqtree.treefile
  Likelihood distances:          results_assessment_saturation_and_clocklikeliness/results_iqtree_gene_trees/result_5G02820_iqtree.mldist

Ultrafast bootstrap approximation results written to:
  Split support values:          results_assessment_saturation_and_clocklikeliness/results_iqtree_gene_trees/result_5G02820_iqtree.splits.nex
  Consensus tree:                results_assessment_saturation_and_clocklikeliness/results_iqtree_gene_trees/result_5G02820_iqtree.contree
  Screen log file:               results_assessment_saturation_and_clocklikeliness/results_iqtree_gene_trees/result_5G02820_iqtree.log

Date and Time: Wed Mar 30 06:38:40 2022
