IQ-TREE multicore version 2.1.3 COVID-edition for Linux 64-bit built Apr 21 2021
Developed by Bui Quang Minh, James Barbetti, Nguyen Lam Tung,
Olga Chernomor, Heiko Schmidt, Dominik Schrempf, Michael Woodhams.

Host:    hpc-high-memory-multi-user (AVX2, FMA3, 1007 GB RAM)
Command: /home/kasper.hendriks/iqtree-2.1.3-Linux/bin/iqtree2 -s results_assessment_saturation_and_clocklikeliness/input_gene_alignments_cleaned/6164_cleaned.fasta -B 1000 -nm 1000 -m GTR+F+R -nt AUTO --prefix results_assessment_saturation_and_clocklikeliness/results_iqtree_gene_trees/result_6164_iqtree
Seed:    837712 (Using SPRNG - Scalable Parallel Random Number Generator)
Time:    Wed Mar 30 11:35:43 2022
Kernel:  AVX+FMA - auto-detect threads (48 CPU cores detected)

Reading alignment file results_assessment_saturation_and_clocklikeliness/input_gene_alignments_cleaned/6164_cleaned.fasta ... Fasta format detected
Alignment most likely contains DNA/RNA sequences
Alignment has 300 sequences with 315 columns, 285 distinct patterns
168 parsimony-informative, 31 singleton sites, 116 constant sites
               Gap/Ambiguity  Composition  p-value
   1  S1341            7.62%    passed     30.79%
   2  S1102           17.78%    passed     92.11%
   3  S0055            0.63%    passed     99.68%
   4  S0435            7.62%    passed     94.56%
   5  S1114-2          7.94%    passed     89.94%
   6  S1201sl          0.32%    passed     94.76%
   7  S0430           10.48%    passed     56.99%
   8  S0656sl          1.59%    passed     95.21%
   9  S0735            0.00%    passed     98.24%
  10  S0403sl          0.32%    passed     97.10%
  11  S0739            0.32%    passed     70.62%
  12  S0268            1.59%    passed     88.94%
  13  S1328sl          5.08%    passed     89.16%
  14  S0428sl          0.00%    passed     82.66%
  15  S0196sl          5.71%    passed     92.19%
  16  S1421            4.76%    passed     98.00%
  17  S1442            5.40%    passed     97.38%
  18  S0301            0.32%    passed     84.42%
  19  S0300            0.95%    passed     93.78%
  20  S0385            8.25%    passed     99.36%
  21  S0384            3.81%    passed     96.58%
  22  MYZV             0.00%    passed     25.46%
  23  S1095            7.94%    passed     85.86%
  24  S0381           13.97%    passed     37.69%
  25  S0380            8.25%    passed     99.79%
  26  S0383            5.08%    passed     72.18%
  27  S0436            7.62%    passed     99.40%
  28  PAFTOL_019361    0.63%    passed     55.33%
  29  S0949            2.86%    passed     67.91%
  30  S1098            5.08%    passed     82.45%
  31  S0895           11.43%    passed     78.20%
  32  S0745            1.27%    passed     76.61%
  33  S0896            2.54%    passed     97.33%
  34  S0890           17.14%    passed     51.95%
  35  S0893           18.73%    passed     89.38%
  36  S0892           13.33%    passed     37.18%
  37  S0954            0.32%    passed     97.33%
  38  S0421            1.27%    passed     88.15%
  39  S0956            0.00%    passed     72.68%
  40  S0957            2.22%    passed     80.85%
  41  S0899            0.32%    passed     90.34%
  42  S1408            7.62%    passed     96.07%
  43  S0952            0.00%    passed     65.01%
  44  S0427            0.00%    passed     91.17%
  45  S1148            0.32%    passed     97.55%
  46  S1220            6.98%    passed     76.79%
  47  S0509            4.13%    passed     70.87%
  48  S1419            1.90%    passed     63.94%
  49  S1321            0.63%    passed     33.21%
  50  S1227            0.00%    passed     80.08%
  51  S1235sl          0.00%    passed     76.10%
  52  S1376            0.00%    passed     97.76%
  53  S1519            3.17%    passed     76.11%
  54  S0740            9.21%    passed     36.44%
  55  S0583            2.54%    passed     95.16%
  56  S1506            0.32%    passed     82.28%
  57  S0746            0.00%    passed     91.99%
  58  S0741            0.32%    passed     87.61%
  59  S0655sl          6.98%    passed     82.06%
  60  S0743            5.71%    passed     97.92%
  61  S0742            0.63%    passed     96.83%
  62  S0317            6.35%    passed     73.36%
  63  S0620            0.00%    passed     60.18%
  64  S0315            7.94%    passed     92.44%
  65  S0312            2.22%    passed     63.02%
  66  S0732            2.86%    passed     68.58%
  67  S0624            0.00%    passed     91.23%
  68  S1459           10.79%    passed     91.81%
  69  S1541sl          9.84%    passed     83.93%
  70  S1210            0.00%    passed     63.17%
  71  S1021           20.95%    passed     67.91%
  72  S1251            0.00%    passed     75.30%
  73  S1250sl          0.00%    passed     86.11%
  74  S0689            0.63%    passed     98.13%
  75  S1319            6.03%    passed     89.31%
  76  S1011sl          8.25%    passed     97.63%
  77  S1561            5.40%    passed     97.71%
  78  S0691           10.79%    passed     98.05%
  79  S0690            0.63%    passed     75.84%
  80  S0616            0.32%    passed     45.43%
  81  S1230            1.59%    passed     97.69%
  82  S0612            2.54%    passed     99.43%
  83  S1234            0.00%    passed     94.35%
  84  S1369            0.00%    passed     86.22%
  85  S1509            0.00%    passed     99.47%
  86  S1239            0.32%    passed     90.23%
  87  S0450           10.48%    passed     99.71%
  88  S1229-2          0.32%    passed     69.28%
  89  S0756            0.00%    passed     83.14%
  90  S0757            1.90%    passed     86.89%
  91  S0329            0.32%    passed     90.27%
  92  S1460            0.63%    passed     81.20%
  93  S0752           10.16%    passed     99.42%
  94  S0751            5.71%    passed     99.64%
  95  S0323            6.35%    passed     64.49%
  96  S0322            0.00%    passed     78.57%
  97  S0320            0.00%    passed     83.30%
  98  S0590            0.95%    passed     99.55%
  99  S0591            0.63%    passed     96.74%
 100  S0758            0.00%    passed     74.88%
 101  S0593            0.63%    passed     99.76%
 102  S1187sl          0.00%    passed     97.46%
 103  S1381            0.63%    passed     98.29%
 104  S1188            2.22%    passed     97.47%
 105  S1040            5.71%    passed     69.64%
 106  S1214sl          0.00%    passed     67.52%
 107  S1368            0.63%    passed     91.44%
 108  S1189            0.00%    passed     92.40%
 109  S0688            0.95%    passed     96.51%
 110  S0560            6.67%    passed     68.49%
 111  S0562            6.35%    passed     75.67%
 112  S1498            6.98%    passed     38.49%
 113  S1053sl          2.54%    passed     75.84%
 114  S1238sl          0.32%    passed     77.45%
 115  S1106sl          3.17%    passed     90.01%
 116  S1119            0.00%    passed     93.28%
 117  S1232sl          0.00%    passed     99.01%
 118  S0335            0.00%    passed     85.27%
 119  S1375            0.00%    passed     99.01%
 120  S1208sl          0.95%    passed     91.02%
 121  S1045            0.00%    passed     80.79%
 122  S0331            4.13%    passed     99.92%
 123  S1371            6.67%    passed     96.07%
 124  S1370            1.27%    passed     94.70%
 125  S0671            3.17%    passed     98.16%
 126  SRR8528357       0.00%    passed     98.26%
 127  S1204            3.17%    passed     96.08%
 128  S0308            0.00%    passed     44.20%
 129  S0763            0.00%    passed     84.73%
 130  S0760            0.00%    passed     99.99%
 131  S0766            0.00%    passed     90.00%
 132  S0765            0.00%    passed     99.84%
 133  S0764           12.06%    passed     79.42%
 134  S0613sl          0.00%    passed     89.89%
 135  S1579            6.67%    passed     92.79%
 136  S0660sl          8.57%    passed     99.49%
 137  S1120            7.62%    passed     46.80%
 138  S1121            7.62%    passed     94.07%
 139  S1401            2.54%    passed     92.60%
 140  S1374            6.35%    passed     87.17%
 141  S0762-2          0.95%    passed     99.37%
 142  S0809            4.13%    passed     56.61%
 143  S0724sl          2.22%    passed     87.09%
 144  S0947sl          1.59%    passed     92.62%
 145  S0748            0.00%    passed     81.14%
 146  S1044            3.49%    passed     88.81%
 147  S1266sl          0.00%    passed     67.19%
 148  S1093sl          2.22%    passed     95.55%
 149  S0577            6.35%    passed     93.90%
 150  S0894            6.98%    passed     99.97%
 151  S0412sl         14.60%    passed     99.07%
 152  S1117            7.30%    passed     82.29%
 153  S1449            0.32%    passed     79.27%
 154  ERR2789774       0.00%    passed     80.04%
 155  S1050            6.03%    passed     88.29%
 156  S0478            0.32%    passed     92.10%
 157  S0345            0.63%    passed     83.97%
 158  S1365            2.54%    passed     89.42%
 159  S1366            0.95%    passed     84.25%
 160  S0346            6.67%    passed     84.48%
 161  SRR6441723       0.00%    passed     85.04%
 162  S1211            0.00%    passed     92.31%
 163  S1213            1.59%    passed     99.58%
 164  S1168            1.90%    passed     98.93%
 165  S1409            0.32%    passed     81.34%
 166  S1096            5.40%    passed     83.36%
 167  S1118            5.08%    passed     70.11%
 168  S0670            2.22%    passed     99.62%
 169  S0673            0.00%    passed     99.30%
 170  S0672            1.90%    passed     96.54%
 171  S1113            5.71%    passed     98.44%
 172  S1400            7.94%    passed     93.26%
 173  S1111            2.22%    passed     67.52%
 174  S0770            0.63%    passed     98.74%
 175  S0407sl          0.00%    passed     94.88%
 176  S0772            4.44%    passed     99.72%
 177  S0564sl          0.00%    passed     35.58%
 178  S1342            3.17%    passed      6.70%
 179  S1428            2.86%    passed     96.00%
 180  S0721sl          0.32%    passed     98.80%
 181  S0771            0.00%    passed     88.42%
 182  S1378            8.89%    passed     79.59%
 183  S0836            3.49%    passed     79.47%
 184  S0834            7.30%    passed     75.49%
 185  S0464            1.59%    passed     93.17%
 186  HYZL             0.00%    passed     83.38%
 187  S1223            0.95%    passed     96.96%
 188  S0512sl         13.33%    passed     98.90%
 189  S1258-2          3.49%    passed     92.01%
 190  S0547            4.44%    passed     97.10%
 191  S1129sl          0.63%    passed     86.29%
 192  S1318-2          2.22%    passed     86.23%
 193  S1246            0.00%    passed     88.94%
 194  S1331           10.79%    passed     98.24%
 195  S1052sl          5.08%    passed     76.81%
 196  S1405            0.95%    passed     92.13%
 197  S1100            0.00%    passed     94.05%
 198  S0888            0.95%    passed     38.39%
 199  S1069            0.00%    passed     95.21%
 200  S1103            1.59%    passed     95.41%
 201  S1221sl         12.70%    passed     95.31%
 202  S1181-2          5.08%    passed     91.40%
 203  S1315            3.17%    passed     38.48%
 204  S0667            6.03%    passed     94.68%
 205  S0664            1.90%    passed     87.16%
 206  S0827            0.00%    passed     97.44%
 207  S0662            5.71%    passed     98.91%
 208  S1128            2.54%    passed     75.46%
 209  S0989            1.90%    passed     97.85%
 210  S1261            0.00%    passed     98.24%
 211  S1260            1.27%    passed     69.68%
 212  S0669            0.00%    passed     98.32%
 213  S0292            0.32%    passed     79.03%
 214  S0903            7.94%    passed     79.32%
 215  S0901            4.44%    passed     55.79%
 216  S0294            9.21%    passed     47.40%
 217  S1184            0.63%    passed     91.60%
 218  S0747sl          7.30%    passed     98.67%
 219  S0299            0.00%    passed     86.24%
 220  S0298            6.03%    passed     82.47%
 221  S1180            0.32%    passed     98.85%
 222  S1339            8.89%    passed     96.77%
 223  S1182            0.00%    passed     96.89%
 224  S1422            0.32%    passed     84.75%
 225  S0558            0.00%    passed     98.31%
 226  S0964            0.00%    passed     72.68%
 227  SRR11470309      0.00%    passed     96.44%
 228  S0768            0.00%    passed     68.39%
 229  S0960            0.32%    passed     70.88%
 230  S0417            0.32%    passed     89.78%
 231  S0416            0.63%    passed     75.28%
 232  S0419            0.32%    passed     99.86%
 233  S1354            1.59%    passed     75.17%
 234  S1176           10.48%    passed     35.85%
 235  S1269            0.32%    passed     52.22%
 236  S0555            9.52%    passed     24.37%
 237  S0645sl          0.00%    passed     90.56%
 238  S0906            0.00%    passed     94.10%
 239  S1424            0.00%    passed     95.37%
 240  S1245            0.95%    passed     88.28%
 241  S1177            0.00%    passed     99.87%
 242  S0420sl          3.81%    failed      4.99%
 243  S1386            0.00%    passed     11.91%
 244  S1072            8.25%    passed     88.23%
 245  S1116            3.81%    passed     89.04%
 246  S1074            2.22%    passed     87.06%
 247  S0959            5.08%    passed     98.37%
 248  S0851           10.79%    passed     98.31%
 249  S0718            4.13%    passed     97.65%
 250  S1278            0.00%    passed     90.91%
 251  S0654            8.89%    passed     90.54%
 252  S0717            7.94%    passed     66.65%
 253  S1039            5.08%    passed     75.78%
 254  PAFTOL_008053    0.00%    passed     25.99%
 255  S0552sl          0.00%    passed     70.40%
 256  S0289            0.00%    passed     96.77%
 257  S0285            0.00%    passed     93.53%
 258  S0286            2.54%    passed     87.23%
 259  S1077            6.03%    passed     99.56%
 260  S0280            0.00%    passed     87.48%
 261  S0281            1.90%    passed     98.14%
 262  S0282            0.32%    passed     96.79%
 263  S0283            1.59%    passed     86.34%
 264  S0647-2          1.59%    passed     78.11%
 265  S0400            0.00%    passed     84.73%
 266  S0731sl          8.25%    passed     97.46%
 267  S0405            0.63%    passed     84.09%
 268  S1451            0.00%    passed     93.44%
 269  S1097            5.40%    passed     73.70%
 270  S0754            5.40%    passed     67.28%
 271  S0727            6.03%    passed     95.74%
 272  S0726            0.00%    passed     92.54%
 273  S1314           11.75%    passed     94.18%
 274  S1407            4.13%    passed     97.12%
 275  S0275           13.33%    passed     43.89%
 276  S0722            1.27%    passed     95.25%
 277  S0277            3.81%    passed     90.29%
 278  S0720            0.32%    passed     80.05%
 279  S0279           10.16%    passed     90.01%
 280  S0278            0.00%    passed     91.56%
 281  S0373            6.98%    passed     85.55%
 282  S0521            0.32%    passed     87.97%
 283  S1464            4.13%    passed     66.96%
 284  S0376            0.95%    passed     97.68%
 285  S0377            5.40%    passed     88.32%
 286  S1539            0.00%    passed     99.95%
 287  S1332            0.32%    passed     84.75%
 288  S1249            0.32%    passed     71.29%
 289  S0327            0.00%    passed     94.35%
 290  S1336            0.63%    passed     75.28%
 291  S1241            4.44%    passed     98.51%
 292  S1279            0.00%    passed     90.48%
 293  S0641            0.00%    passed     98.38%
 294  S0642            6.03%    passed     13.65%
 295  S0643            0.00%    passed     79.12%
 296  S1462            0.00%    passed     97.75%
 297  S1276            4.76%    passed     77.56%
 298  S1083            6.67%    passed     54.41%
 299  PAFTOL_019459    0.00%    passed     78.66%
 300  SRR11470320      6.67%    passed     55.02%
****  TOTAL            3.28%  1 sequences failed composition chi2 test (p-value<5%; df=3)
NOTE: S0964 is identical to S0956 but kept for subsequent analysis

Create initial parsimony tree by phylogenetic likelihood library (PLL)... 0.064 seconds
Generating 1000 samples for ultrafast bootstrap (seed: 837712)...

NOTE: 12 MB RAM (0 GB) is required!
Measuring multi-threading efficiency up to 48 CPU cores
Increase to 10 rounds for branch lengths
106 trees examined
Threads: 1 / Time: 48.218 sec / Speedup: 1.000 / Efficiency: 100% / LogL: -20184
Threads: 2 / Time: 55.756 sec / Speedup: 0.865 / Efficiency: 43% / LogL: -20184
BEST NUMBER OF THREADS: 1

Estimate model parameters (epsilon = 0.100)
1. Initial log-likelihood: -11412.178
2. Current log-likelihood: -10890.916
3. Current log-likelihood: -10877.583
4. Current log-likelihood: -10871.212
5. Current log-likelihood: -10865.934
6. Current log-likelihood: -10861.424
7. Current log-likelihood: -10857.413
8. Current log-likelihood: -10853.863
9. Current log-likelihood: -10850.627
10. Current log-likelihood: -10847.609
11. Current log-likelihood: -10844.797
12. Current log-likelihood: -10842.108
13. Current log-likelihood: -10839.585
14. Current log-likelihood: -10837.141
15. Current log-likelihood: -10834.739
16. Current log-likelihood: -10832.284
17. Current log-likelihood: -10829.868
18. Current log-likelihood: -10828.423
19. Current log-likelihood: -10827.459
20. Current log-likelihood: -10826.417
21. Current log-likelihood: -10825.620
22. Current log-likelihood: -10824.896
23. Current log-likelihood: -10824.248
24. Current log-likelihood: -10823.671
25. Current log-likelihood: -10823.149
26. Current log-likelihood: -10822.712
27. Current log-likelihood: -10822.521
Optimal log-likelihood: -10822.483
Rate parameters:  A-C: 0.91492  A-G: 2.81757  A-T: 1.09698  C-G: 0.49139  C-T: 3.09365  G-T: 1.00000
Base frequencies:  A: 0.268  C: 0.218  G: 0.259  T: 0.254
Site proportion and rates:  (0.505,0.068) (0.256,0.851) (0.193,2.586) (0.046,5.378)
Parameters optimization took 27 rounds (28.103 sec)
Computing ML distances based on estimated model parameters...
Computing ML distances took 2.604305 sec (of wall-clock time) 2.080000 sec(of CPU time)
Computing RapidNJ tree took 0.022870 sec (of wall-clock time) 0.040000 sec (of CPU time)
Log-likelihood of RapidNJ tree: -11017.552
--------------------------------------------------------------------
|             INITIALIZING CANDIDATE TREE SET                      |
--------------------------------------------------------------------
Generating 98 parsimony trees... 9.360 second
Computing log-likelihood of 98 initial trees ... 7.009 seconds
Current best score: -10785.824

Do NNI search on 20 best initial trees
Estimate model parameters (epsilon = 0.100)
BETTER TREE FOUND at iteration 1: -10740.086
Estimate model parameters (epsilon = 0.100)
BETTER TREE FOUND at iteration 2: -10733.999
Estimate model parameters (epsilon = 0.100)
BETTER TREE FOUND at iteration 3: -10715.768
Iteration 10 / LogL: -10755.886 / Time: 0h:3m:40s
Estimate model parameters (epsilon = 0.100)
BETTER TREE FOUND at iteration 16: -10711.483
Iteration 20 / LogL: -10728.689 / Time: 0h:4m:27s
Finish initializing candidate tree set (20)
Current best tree score: -10711.483 / CPU time: 132.700
Number of iterations: 20
--------------------------------------------------------------------
|               OPTIMIZING CANDIDATE TREE SET                      |
--------------------------------------------------------------------
Estimate model parameters (epsilon = 0.100)
BETTER TREE FOUND at iteration 24: -10706.260
Estimate model parameters (epsilon = 0.100)
BETTER TREE FOUND at iteration 26: -10700.677
Estimate model parameters (epsilon = 0.100)
BETTER TREE FOUND at iteration 30: -10691.729
Iteration 30 / LogL: -10691.729 / Time: 0h:5m:3s (0h:17m:24s left)
Estimate model parameters (epsilon = 0.100)
BETTER TREE FOUND at iteration 34: -10691.601
Estimate model parameters (epsilon = 0.100)
BETTER TREE FOUND at iteration 40: -10689.166
Iteration 40 / LogL: -10689.166 / Time: 0h:5m:44s (0h:14m:43s left)
Iteration 50 / LogL: -10696.980 / Time: 0h:6m:19s (0h:11m:36s left)
Log-likelihood cutoff on original alignment: -10803.420
Iteration 60 / LogL: -10733.532 / Time: 0h:7m:7s (0h:9m:40s left)
Estimate model parameters (epsilon = 0.100)
BETTER TREE FOUND at iteration 61: -10687.068
Iteration 70 / LogL: -10717.151 / Time: 0h:7m:45s (0h:10m:13s left)
Iteration 80 / LogL: -10701.710 / Time: 0h:8m:22s (0h:8m:34s left)
Estimate model parameters (epsilon = 0.100)
BETTER TREE FOUND at iteration 84: -10685.637
Iteration 90 / LogL: -10692.776 / Time: 0h:8m:57s (0h:9m:28s left)
Iteration 100 / LogL: -10713.436 / Time: 0h:9m:36s (0h:8m:8s left)
Log-likelihood cutoff on original alignment: -10803.420
NOTE: Bootstrap correlation coefficient of split occurrence frequencies: 0.990
Estimate model parameters (epsilon = 0.100)
BETTER TREE FOUND at iteration 109: -10682.582
Iteration 110 / LogL: -10682.719 / Time: 0h:10m:18s (0h:9m:22s left)
Estimate model parameters (epsilon = 0.100)
BETTER TREE FOUND at iteration 119: -10677.330
Iteration 120 / LogL: -10688.995 / Time: 0h:11m:3s (0h:9m:11s left)
Iteration 130 / LogL: -10684.983 / Time: 0h:11m:52s (0h:8m:11s left)
Iteration 140 / LogL: -10707.810 / Time: 0h:12m:25s (0h:7m:3s left)
Estimate model parameters (epsilon = 0.100)
BETTER TREE FOUND at iteration 150: -10676.445
Iteration 150 / LogL: -10676.445 / Time: 0h:13m:13s (0h:8m:52s left)
Log-likelihood cutoff on original alignment: -10782.547
Iteration 160 / LogL: -10704.798 / Time: 0h:13m:52s (0h:7m:51s left)
Iteration 170 / LogL: -10681.116 / Time: 0h:14m:34s (0h:6m:54s left)
Iteration 180 / LogL: -10705.120 / Time: 0h:15m:15s (0h:5m:57s left)
Estimate model parameters (epsilon = 0.100)
BETTER TREE FOUND at iteration 186: -10676.183
Iteration 190 / LogL: -10677.574 / Time: 0h:15m:59s (0h:8m:7s left)
Estimate model parameters (epsilon = 0.100)
BETTER TREE FOUND at iteration 192: -10675.608
Iteration 200 / LogL: -10696.832 / Time: 0h:16m:40s (0h:7m:42s left)
Log-likelihood cutoff on original alignment: -10782.547
NOTE: Bootstrap correlation coefficient of split occurrence frequencies: 0.981
NOTE: UFBoot does not converge, continue at least 100 more iterations
Iteration 210 / LogL: -10678.005 / Time: 0h:17m:23s (0h:7m:29s left)
Estimate model parameters (epsilon = 0.100)
BETTER TREE FOUND at iteration 213: -10673.826
Iteration 220 / LogL: -10683.190 / Time: 0h:18m:6s (0h:7m:41s left)
Iteration 230 / LogL: -10686.807 / Time: 0h:18m:41s (0h:6m:46s left)
Iteration 240 / LogL: -10682.635 / Time: 0h:19m:21s (0h:5m:54s left)
Iteration 250 / LogL: -10675.460 / Time: 0h:19m:55s (0h:5m:2s left)
Log-likelihood cutoff on original alignment: -10782.547
Iteration 260 / LogL: -10679.296 / Time: 0h:20m:26s (0h:4m:11s left)
Iteration 270 / LogL: -10675.593 / Time: 0h:20m:53s (0h:3m:20s left)
Estimate model parameters (epsilon = 0.100)
BETTER TREE FOUND at iteration 272: -10673.258
Iteration 280 / LogL: -10688.553 / Time: 0h:21m:28s (0h:7m:4s left)
Estimate model parameters (epsilon = 0.100)
BETTER TREE FOUND at iteration 290: -10671.795
Iteration 290 / LogL: -10671.795 / Time: 0h:22m:12s (0h:7m:40s left)
Iteration 300 / LogL: -10675.918 / Time: 0h:22m:54s (0h:6m:53s left)
Log-likelihood cutoff on original alignment: -10782.547
NOTE: Bootstrap correlation coefficient of split occurrence frequencies: 0.991
Iteration 310 / LogL: -10675.655 / Time: 0h:23m:42s (0h:6m:54s left)
Estimate model parameters (epsilon = 0.100)
BETTER TREE FOUND at iteration 313: -10671.489
Iteration 320 / LogL: -10678.147 / Time: 0h:24m:29s (0h:7m:8s left)
Iteration 330 / LogL: -10671.586 / Time: 0h:25m:14s (0h:6m:21s left)
Iteration 340 / LogL: -10694.023 / Time: 0h:25m:54s (0h:5m:34s left)
Iteration 350 / LogL: -10675.674 / Time: 0h:26m:37s (0h:4m:48s left)
Log-likelihood cutoff on original alignment: -10782.547
Iteration 360 / LogL: -10673.846 / Time: 0h:27m:31s (0h:4m:3s left)
Iteration 370 / LogL: -10679.221 / Time: 0h:28m:20s (0h:3m:18s left)
Iteration 380 / LogL: -10675.311 / Time: 0h:29m:4s (0h:2m:31s left)
Iteration 390 / LogL: -10702.054 / Time: 0h:29m:46s (0h:1m:45s left)
Iteration 400 / LogL: -10679.040 / Time: 0h:30m:27s (0h:0m:59s left)
Log-likelihood cutoff on original alignment: -10782.547
NOTE: Bootstrap correlation coefficient of split occurrence frequencies: 0.989
NOTE: UFBoot does not converge, continue at least 100 more iterations
Estimate model parameters (epsilon = 0.100)
BETTER TREE FOUND at iteration 405: -10669.258
Iteration 410 / LogL: -10680.127 / Time: 0h:31m:15s (0h:7m:15s left)
Iteration 420 / LogL: -10710.925 / Time: 0h:31m:57s (0h:6m:28s left)
Iteration 430 / LogL: -10681.838 / Time: 0h:32m:45s (0h:5m:43s left)
Iteration 440 / LogL: -10686.316 / Time: 0h:33m:33s (0h:4m:58s left)
Iteration 450 / LogL: -10680.626 / Time: 0h:34m:17s (0h:4m:12s left)
Log-likelihood cutoff on original alignment: -10782.547
Iteration 460 / LogL: -10669.912 / Time: 0h:35m:7s (0h:3m:26s left)
Iteration 470 / LogL: -10670.419 / Time: 0h:35m:59s (0h:2m:41s left)
Iteration 480 / LogL: -10678.231 / Time: 0h:36m:50s (0h:1m:55s left)
Estimate model parameters (epsilon = 0.100)
BETTER TREE FOUND at iteration 488: -10669.161
Iteration 490 / LogL: -10670.560 / Time: 0h:37m:35s (0h:7m:32s left)
Iteration 500 / LogL: -10669.954 / Time: 0h:38m:22s (0h:6m:46s left)
Log-likelihood cutoff on original alignment: -10782.547
NOTE: Bootstrap correlation coefficient of split occurrence frequencies: 0.986
NOTE: UFBoot does not converge, continue at least 100 more iterations
Iteration 510 / LogL: -10684.748 / Time: 0h:39m:9s (0h:6m:55s left)
Iteration 520 / LogL: -10669.676 / Time: 0h:39m:50s (0h:6m:8s left)
Iteration 530 / LogL: -10691.351 / Time: 0h:40m:43s (0h:5m:23s left)
Iteration 540 / LogL: -10683.884 / Time: 0h:41m:33s (0h:4m:37s left)
Estimate model parameters (epsilon = 0.100)
BETTER TREE FOUND at iteration 544: -10667.123
Iteration 550 / LogL: -10695.358 / Time: 0h:42m:18s (0h:7m:14s left)
Log-likelihood cutoff on original alignment: -10782.547
Iteration 560 / LogL: -10675.282 / Time: 0h:43m:1s (0h:6m:27s left)
Iteration 570 / LogL: -10671.588 / Time: 0h:43m:46s (0h:5m:41s left)
Iteration 580 / LogL: -10671.310 / Time: 0h:44m:37s (0h:4m:55s left)
Iteration 590 / LogL: -10669.023 / Time: 0h:45m:22s (0h:4m:9s left)
Estimate model parameters (epsilon = 0.100)
BETTER TREE FOUND at iteration 598: -10666.955
Iteration 600 / LogL: -10675.310 / Time: 0h:46m:4s (0h:7m:32s left)
Log-likelihood cutoff on original alignment: -10782.547
NOTE: Bootstrap correlation coefficient of split occurrence frequencies: 0.988
NOTE: UFBoot does not converge, continue at least 100 more iterations
Iteration 610 / LogL: -10684.293 / Time: 0h:46m:53s (0h:6m:55s left)
Iteration 620 / LogL: -10667.017 / Time: 0h:47m:44s (0h:6m:10s left)
Iteration 630 / LogL: -10668.417 / Time: 0h:48m:30s (0h:5m:23s left)
Estimate model parameters (epsilon = 0.100)
BETTER TREE FOUND at iteration 634: -10665.212
Iteration 640 / LogL: -10689.460 / Time: 0h:49m:21s (0h:7m:15s left)
Estimate model parameters (epsilon = 0.100)
BETTER TREE FOUND at iteration 641: -10664.027
Estimate model parameters (epsilon = 0.100)
BETTER TREE FOUND at iteration 648: -10662.804
Iteration 650 / LogL: -10685.438 / Time: 0h:50m:20s (0h:7m:36s left)
Log-likelihood cutoff on original alignment: -10782.547
Iteration 660 / LogL: -10707.060 / Time: 0h:51m:20s (0h:6m:51s left)
Iteration 670 / LogL: -10670.509 / Time: 0h:52m:6s (0h:6m:4s left)
Iteration 680 / LogL: -10674.668 / Time: 0h:52m:53s (0h:5m:17s left)
Iteration 690 / LogL: -10668.812 / Time: 0h:53m:39s (0h:4m:31s left)
Iteration 700 / LogL: -10680.132 / Time: 0h:54m:21s (0h:3m:43s left)
Log-likelihood cutoff on original alignment: -10782.547
NOTE: Bootstrap correlation coefficient of split occurrence frequencies: 0.986
NOTE: UFBoot does not converge, continue at least 100 more iterations
Iteration 710 / LogL: -10674.019 / Time: 0h:55m:17s (0h:7m:1s left)
Iteration 720 / LogL: -10672.437 / Time: 0h:56m:6s (0h:6m:14s left)
Iteration 730 / LogL: -10667.133 / Time: 0h:56m:56s (0h:5m:28s left)
Iteration 740 / LogL: -10684.521 / Time: 0h:57m:43s (0h:4m:41s left)
Iteration 750 / LogL: -10667.502 / Time: 0h:58m:35s (0h:3m:54s left)
Log-likelihood cutoff on original alignment: -10782.547
Estimate model parameters (epsilon = 0.100)
BETTER TREE FOUND at iteration 752: -10662.562
Iteration 760 / LogL: -10703.523 / Time: 0h:59m:32s (0h:7m:13s left)
Iteration 770 / LogL: -10678.408 / Time: 1h:0m:22s (0h:6m:26s left)
Iteration 780 / LogL: -10676.680 / Time: 1h:1m:11s (0h:5m:39s left)
Iteration 790 / LogL: -10663.247 / Time: 1h:1m:58s (0h:4m:52s left)
Iteration 800 / LogL: -10665.249 / Time: 1h:2m:49s (0h:4m:5s left)
Log-likelihood cutoff on original alignment: -10782.547
NOTE: Bootstrap correlation coefficient of split occurrence frequencies: 0.982
NOTE: UFBoot does not converge, continue at least 100 more iterations
Iteration 810 / LogL: -10674.795 / Time: 1h:3m:43s (0h:7m:5s left)
Iteration 820 / LogL: -10663.232 / Time: 1h:4m:29s (0h:6m:17s left)
Iteration 830 / LogL: -10668.053 / Time: 1h:5m:21s (0h:5m:31s left)
Iteration 840 / LogL: -10670.293 / Time: 1h:6m:23s (0h:4m:44s left)
Iteration 850 / LogL: -10675.604 / Time: 1h:7m:9s (0h:3m:57s left)
Log-likelihood cutoff on original alignment: -10782.547
Estimate model parameters (epsilon = 0.100)
BETTER TREE FOUND at iteration 853: -10662.422
Iteration 860 / LogL: -10681.194 / Time: 1h:8m:5s (0h:7m:22s left)
Iteration 870 / LogL: -10678.829 / Time: 1h:8m:53s (0h:6m:34s left)
Iteration 880 / LogL: -10668.829 / Time: 1h:9m:45s (0h:5m:47s left)
Iteration 890 / LogL: -10674.538 / Time: 1h:10m:35s (0h:5m:0s left)
Iteration 900 / LogL: -10675.056 / Time: 1h:11m:28s (0h:4m:12s left)
Log-likelihood cutoff on original alignment: -10782.547
NOTE: Bootstrap correlation coefficient of split occurrence frequencies: 0.980
NOTE: UFBoot does not converge, continue at least 100 more iterations
Iteration 910 / LogL: -10675.942 / Time: 1h:12m:23s (0h:7m:9s left)
Iteration 920 / LogL: -10669.144 / Time: 1h:13m:10s (0h:6m:22s left)
Estimate model parameters (epsilon = 0.100)
BETTER TREE FOUND at iteration 927: -10660.835
Iteration 930 / LogL: -10679.802 / Time: 1h:14m:8s (0h:7m:44s left)
Estimate model parameters (epsilon = 0.100)
BETTER TREE FOUND at iteration 938: -10660.416
Iteration 940 / LogL: -10681.489 / Time: 1h:14m:59s (0h:7m:49s left)
Iteration 950 / LogL: -10684.166 / Time: 1h:15m:50s (0h:7m:1s left)
Log-likelihood cutoff on original alignment: -10782.547
Iteration 960 / LogL: -10664.952 / Time: 1h:16m:44s (0h:6m:14s left)
Iteration 970 / LogL: -10673.555 / Time: 1h:17m:52s (0h:5m:27s left)
Iteration 980 / LogL: -10670.025 / Time: 1h:18m:49s (0h:4m:40s left)
Iteration 990 / LogL: -10671.203 / Time: 1h:19m:47s (0h:3m:52s left)
Iteration 1000 / LogL: -10661.862 / Time: 1h:20m:44s (0h:3m:4s left)
Log-likelihood cutoff on original alignment: -10782.547
NOTE: Bootstrap correlation coefficient of split occurrence frequencies: 0.978
NOTE: UFBoot does not converge, continue at least 100 more iterations
WARNING: bootstrap analysis did not converge. You should rerun with higher number of iterations (-nm option)
TREE SEARCH COMPLETED AFTER 1001 ITERATIONS / Time: 1h:20m:54s

--------------------------------------------------------------------
|                    FINALIZING TREE SEARCH                        |
--------------------------------------------------------------------
Performs final model parameters optimization
Estimate model parameters (epsilon = 0.010)
1. Initial log-likelihood: -10660.416
Optimal log-likelihood: -10660.404
Rate parameters:  A-C: 0.88877  A-G: 2.96225  A-T: 1.09441  C-G: 0.48372  C-T: 3.14883  G-T: 1.00000
Base frequencies:  A: 0.268  C: 0.218  G: 0.259  T: 0.254
Site proportion and rates:  (0.483,0.042) (0.264,0.765) (0.210,2.555) (0.044,5.503)
Parameters optimization took 1 rounds (0.839 sec)
BEST SCORE FOUND : -10660.404
Creating bootstrap support values...
Split supports printed to NEXUS file results_assessment_saturation_and_clocklikeliness/results_iqtree_gene_trees/result_6164_iqtree.splits.nex
Total tree length: 7.566

Total number of iterations: 1001
CPU time used for tree search: 3874.724 sec (1h:4m:34s)
Wall-clock time used for tree search: 4719.158 sec (1h:18m:39s)
Total CPU time used: 4023.840 sec (1h:7m:3s)
Total wall-clock time used: 4858.010 sec (1h:20m:58s)

Computing bootstrap consensus tree...
Reading input file results_assessment_saturation_and_clocklikeliness/results_iqtree_gene_trees/result_6164_iqtree.splits.nex...
300 taxa and 4002 splits.
Consensus tree written to results_assessment_saturation_and_clocklikeliness/results_iqtree_gene_trees/result_6164_iqtree.contree
Reading input trees file results_assessment_saturation_and_clocklikeliness/results_iqtree_gene_trees/result_6164_iqtree.contree
Log-likelihood of consensus tree: -10662.227

Analysis results written to: 
  IQ-TREE report:                results_assessment_saturation_and_clocklikeliness/results_iqtree_gene_trees/result_6164_iqtree.iqtree
  Maximum-likelihood tree:       results_assessment_saturation_and_clocklikeliness/results_iqtree_gene_trees/result_6164_iqtree.treefile
  Likelihood distances:          results_assessment_saturation_and_clocklikeliness/results_iqtree_gene_trees/result_6164_iqtree.mldist

Ultrafast bootstrap approximation results written to:
  Split support values:          results_assessment_saturation_and_clocklikeliness/results_iqtree_gene_trees/result_6164_iqtree.splits.nex
  Consensus tree:                results_assessment_saturation_and_clocklikeliness/results_iqtree_gene_trees/result_6164_iqtree.contree
  Screen log file:               results_assessment_saturation_and_clocklikeliness/results_iqtree_gene_trees/result_6164_iqtree.log

Date and Time: Wed Mar 30 12:56:46 2022
