IQ-TREE multicore version 2.1.3 COVID-edition for Linux 64-bit built Apr 21 2021
Developed by Bui Quang Minh, James Barbetti, Nguyen Lam Tung,
Olga Chernomor, Heiko Schmidt, Dominik Schrempf, Michael Woodhams.

Host:    hpc-high-memory-multi-user (AVX2, FMA3, 1007 GB RAM)
Command: /home/kasper.hendriks/iqtree-2.1.3-Linux/bin/iqtree2 -s results_assessment_saturation_and_clocklikeliness/input_gene_alignments_cleaned/6048_cleaned.fasta -B 1000 -nm 1000 -m GTR+F+R -nt AUTO --prefix results_assessment_saturation_and_clocklikeliness/results_iqtree_gene_trees/result_6048_iqtree
Seed:    476449 (Using SPRNG - Scalable Parallel Random Number Generator)
Time:    Wed Mar 30 11:07:05 2022
Kernel:  AVX+FMA - auto-detect threads (48 CPU cores detected)

Reading alignment file results_assessment_saturation_and_clocklikeliness/input_gene_alignments_cleaned/6048_cleaned.fasta ... Fasta format detected
Alignment most likely contains DNA/RNA sequences
Alignment has 269 sequences with 222 columns, 201 distinct patterns
110 parsimony-informative, 33 singleton sites, 79 constant sites
               Gap/Ambiguity  Composition  p-value
   1  S0941            3.60%    passed     97.51%
   2  S0946            0.45%    passed     98.49%
   3  S0590            2.25%    passed     91.72%
   4  S0435            3.60%    passed     93.92%
   5  S1114-2          4.50%    passed     94.05%
   6  S1201sl          0.00%    passed     96.39%
   7  S0732            0.45%    passed     70.64%
   8  S0735            0.00%    passed     15.03%
   9  S0739            1.35%    passed     81.32%
  10  S0268            1.80%    passed     97.56%
  11  S1188            0.90%    passed     94.01%
  12  S0196sl          0.00%    passed     93.56%
  13  S1421            3.60%    passed     98.11%
  14  S1442            0.00%    passed     97.67%
  15  S0301            0.00%    passed     99.26%
  16  S0300            0.90%    passed     86.08%
  17  S0385            5.86%    passed     99.79%
  18  S0384            0.90%    passed     95.07%
  19  MYZV             0.00%    passed     95.03%
  20  S1095            1.35%    passed     94.87%
  21  S0381            0.90%    passed     88.82%
  22  S0380            4.50%    passed     92.85%
  23  S0383            2.70%    passed     98.91%
  24  S0436            0.90%    passed     99.75%
  25  S0949            0.00%    passed     99.78%
  26  S1098            2.25%    passed     99.99%
  27  S0895            3.60%    passed     99.99%
  28  S0894            0.45%    passed     97.86%
  29  S0896            7.66%    passed     99.41%
  30  S0892            0.00%    passed     98.15%
  31  S0954            3.15%    passed     98.84%
  32  S0421            6.76%    passed     73.37%
  33  S0956            0.00%    passed     99.09%
  34  S0957            4.95%    passed     98.52%
  35  S0951            1.35%    passed     99.25%
  36  S0427            0.00%    passed     98.85%
  37  S1148            0.00%    passed     17.45%
  38  S1220            2.25%    passed     99.67%
  39  S0156            1.80%    passed     99.27%
  40  S1419            2.70%    passed     96.30%
  41  S1227            1.80%    passed     98.90%
  42  S0741            0.00%    passed     99.34%
  43  S1376            6.31%    passed     89.22%
  44  S0740            0.45%    passed     87.58%
  45  S0745            0.90%    passed     83.15%
  46  S0746            6.31%    passed     99.80%
  47  PAFTOL_023515    0.45%    passed     76.29%
  48  S0655sl          7.66%    passed     98.98%
  49  S0742            0.00%    passed     97.17%
  50  S0317            7.66%    passed     89.62%
  51  S1021            4.50%    passed     99.67%
  52  S0315            2.25%    passed     94.79%
  53  S0312            1.80%    passed     97.19%
  54  S0748            0.00%    passed     76.49%
  55  S0624            2.70%    passed     84.69%
  56  S1459            2.70%    passed     99.07%
  57  S1354            4.95%    passed     66.67%
  58  S0689            3.60%    passed     98.20%
  59  S1319            4.95%    passed     99.23%
  60  S1561            5.86%    passed     90.51%
  61  S0691            3.15%    passed     99.35%
  62  S0616            0.00%    passed     95.48%
  63  S1230            3.15%    passed     71.47%
  64  S0612            4.05%    passed     99.18%
  65  S1369            0.00%    passed     99.77%
  66  S1509            5.86%    passed     90.41%
  67  S1239            2.25%    passed     94.25%
  68  S1038            0.00%    passed     82.10%
  69  S0450            0.00%    passed     97.00%
  70  S0756            0.00%    passed     99.04%
  71  S0329            2.25%    passed     91.47%
  72  S1460            0.00%    passed     97.32%
  73  S0752            5.41%    passed     98.49%
  74  S0753            0.45%    passed     92.89%
  75  S0751            4.50%    passed     93.07%
  76  S0323            7.66%    passed     79.53%
  77  S0322            1.35%    passed     92.38%
  78  PAFTOL_014331   12.16%    passed     65.89%
  79  S1341            1.35%    passed     98.22%
  80  S0055            0.00%    passed     98.15%
  81  S0591            4.95%    passed     87.98%
  82  S1210            0.00%    passed     85.18%
  83  S0593            3.15%    passed     97.95%
  84  S1381            2.25%    passed     98.88%
  85  S0757            1.80%    passed     98.34%
  86  S1040            4.50%    passed     99.64%
  87  S1235sl          0.00%    passed     97.32%
  88  S1368            3.15%    passed     84.30%
  89  S0560            4.50%    passed     84.63%
  90  S0562            2.70%    passed     93.36%
  91  S1408            4.05%    passed     99.72%
  92  S1106sl          3.15%    passed     99.09%
  93  S1119            0.00%    passed     86.92%
  94  S0906            0.45%    passed     93.40%
  95  S0335            0.45%    passed     93.91%
  96  S1375            4.05%    passed     96.39%
  97  S1208sl          3.60%    passed     98.67%
  98  S1045            3.60%    passed     94.99%
  99  S1371            5.86%    passed     97.02%
 100  S1370            0.00%    passed     98.60%
 101  S0671            0.00%    passed     99.89%
 102  SRR8528357       0.00%    passed     99.61%
 103  S1204            1.80%    passed     89.32%
 104  S0728sl          0.00%    passed     99.25%
 105  S0308            1.80%    passed     89.02%
 106  S0763            3.15%    passed     98.13%
 107  S0760            0.00%    passed     96.39%
 108  S0766            4.05%    passed     96.34%
 109  S0765            0.90%    passed     99.75%
 110  S0764            5.41%    passed     98.70%
 111  S1474            2.70%    passed     80.00%
 112  S0613sl          0.45%    passed     85.71%
 113  S1579            0.00%    passed     93.82%
 114  S1321            0.00%    passed     99.71%
 115  S1121            1.80%    passed     99.91%
 116  S1401            6.31%    passed     99.52%
 117  S1374            7.21%    passed     87.74%
 118  S0762-2          2.25%    passed     92.30%
 119  S0809            0.90%    passed     94.31%
 120  S0724sl         15.77%    passed     89.68%
 121  S0947sl          0.00%    passed     99.89%
 122  S1044            3.60%    passed     99.57%
 123  S1266sl          0.45%    passed     93.96%
 124  S1093sl          1.35%    passed     96.40%
 125  S1117            4.50%    passed     99.26%
 126  S1449            5.86%    passed     98.57%
 127  ERR2789774       0.00%    passed     39.26%
 128  S1050            4.05%    passed     99.74%
 129  S1214sl          3.15%    passed     75.40%
 130  S1365            5.86%    passed     83.38%
 131  S1366            2.25%    passed     89.70%
 132  S0346            3.15%    passed     98.84%
 133  SRR6441723       0.00%    passed     99.34%
 134  S1211            0.90%    passed     99.41%
 135  S1213            0.45%    passed     89.09%
 136  S1168            0.90%    passed     97.83%
 137  S1409            0.90%    passed     86.78%
 138  S1096            2.25%    passed     99.99%
 139  S0677            3.15%    passed     88.64%
 140  S1229-2          1.80%    passed     85.78%
 141  S0670            1.80%    passed     99.91%
 142  S0673            0.00%    passed     94.02%
 143  S0672            2.25%    passed     86.02%
 144  S1113            2.25%    passed     99.77%
 145  S1400            3.60%    passed     99.63%
 146  S1111            0.00%    passed     89.83%
 147  S0795            0.00%    passed     94.20%
 148  S0770            0.00%    passed     96.37%
 149  S0407sl          0.00%    passed     81.85%
 150  S0772            2.25%    passed     82.25%
 151  S0564sl          0.45%    passed     97.81%
 152  SRR11470309      0.00%    passed     93.13%
 153  S1428            0.00%    passed     90.36%
 154  S0721sl          1.35%    passed     99.74%
 155  S0771            0.00%    passed     89.46%
 156  S1378            0.00%    passed     98.38%
 157  S0836            5.86%    passed     99.79%
 158  S0834            3.15%    passed     96.81%
 159  S0464            2.70%    passed     99.60%
 160  HYZL             0.00%    passed     76.49%
 161  S1223            0.90%    passed     17.85%
 162  S0547            4.50%    passed     94.15%
 163  S1318-2          1.35%    passed     99.86%
 164  S1246            0.00%    passed     99.28%
 165  S1331            1.35%    passed     97.98%
 166  S1405            2.70%    passed     99.47%
 167  S1100            0.00%    passed     27.01%
 168  S0888            0.45%    passed     93.72%
 169  S1069            0.45%    passed     93.16%
 170  S1103            0.45%    passed     78.63%
 171  S1221sl          3.60%    passed     96.03%
 172  S1181-2          0.90%    passed     91.05%
 173  S1336           10.36%    passed     93.51%
 174  S1315            1.35%    passed     98.30%
 175  S1314            7.66%    passed     91.44%
 176  S0664            6.76%    passed     93.49%
 177  S0827            2.70%    passed     99.72%
 178  S0662            6.76%    passed     95.73%
 179  S1128            2.70%    passed     91.19%
 180  S0669            0.00%    passed     96.39%
 181  S0293            4.50%    passed     99.91%
 182  S0292            0.45%    passed     91.30%
 183  S0297            1.35%    passed     98.52%
 184  S1189            0.00%    passed     81.13%
 185  S0901            1.80%    passed     99.48%
 186  S0294            1.80%    passed     71.84%
 187  S1184            0.00%    passed     32.14%
 188  S0747sl          4.05%    passed     98.91%
 189  S0299            0.45%    passed     71.97%
 190  S0298            2.25%    passed     99.55%
 191  S1180            0.00%    passed     17.81%
 192  S1339            0.00%    passed     98.93%
 193  S1422            0.45%    passed     77.45%
 194  S0558            0.00%    passed     81.76%
 195  S0964            0.00%    passed     97.41%
 196  S0768            2.70%    passed     91.46%
 197  S0960            3.60%    passed     85.96%
 198  S0963            3.15%    passed     91.45%
 199  S0416            9.46%    passed     95.20%
 200  S0419            0.00%    passed     97.75%
 201  S1176            0.90%    passed     94.50%
 202  S1269            3.15%    passed     80.72%
 203  S0555            0.90%    passed     92.47%
 204  S0645sl          0.45%    passed     89.79%
 205  S0641            0.00%    passed     96.27%
 206  S1424            0.00%    passed     99.34%
 207  S1177            0.00%    passed     96.37%
 208  S0420sl          0.45%    passed     91.08%
 209  S1072            6.31%    passed     99.80%
 210  S1116            1.35%    passed     99.65%
 211  S1074            5.41%    passed     99.92%
 212  S1384            8.56%    passed     83.61%
 213  S0959            6.76%    passed     85.50%
 214  S0851           13.51%    passed     76.06%
 215  S0718            2.25%    passed     97.43%
 216  S1278            0.90%    passed     99.27%
 217  S0654            0.00%    passed     97.99%
 218  S1276            0.90%    passed     82.35%
 219  S0717            1.35%    passed     98.35%
 220  S1270            3.60%    passed     96.38%
 221  S1039            3.60%    passed     98.17%
 222  PAFTOL_008053    0.45%    passed     70.06%
 223  S0552sl          0.00%    passed     84.95%
 224  S0289            0.90%    passed     93.81%
 225  S1043sl          2.25%    passed     81.58%
 226  S0284            4.05%    passed     97.58%
 227  S0286            3.15%    passed     95.26%
 228  S1077            8.11%    passed     95.83%
 229  S1498            0.00%    passed     94.20%
 230  S0281            0.00%    passed     94.35%
 231  S0282            0.00%    passed     99.78%
 232  S0283            0.00%    passed     94.89%
 233  S0647-2          1.80%    passed     98.26%
 234  S0400            4.50%    passed     98.86%
 235  S_670            2.25%    passed     99.93%
 236  S0731sl          4.50%    passed     97.80%
 237  S0405            0.00%    passed     99.78%
 238  SRR11470320      0.00%    passed     96.76%
 239  S1097            1.35%    passed     99.23%
 240  S0754            3.60%    passed     96.63%
 241  S0726            5.86%    passed     99.55%
 242  S1541sl          3.15%    passed     82.89%
 243  S1407            0.90%    passed     98.85%
 244  S0275            1.80%    passed     95.35%
 245  S0722            0.00%    passed     99.99%
 246  S0720            2.25%    passed     98.76%
 247  S0279            9.46%    passed     97.23%
 248  S0278            8.56%    passed     97.84%
 249  CRNC             0.00%    passed     82.69%
 250  S0373            0.00%    passed     94.02%
 251  S0521            8.11%    passed     95.40%
 252  S1464            3.60%    passed     99.64%
 253  S0377            2.25%    passed     99.06%
 254  S1539            0.00%    passed     96.09%
 255  S1332            0.00%    passed     94.34%
 256  S1249            2.70%    passed     76.98%
 257  S0903            0.00%    passed     98.15%
 258  S1241           12.16%    passed     99.70%
 259  S1279            1.80%    passed     99.73%
 260  S0509            2.25%    passed     99.24%
 261  S0642            0.00%    passed     90.91%
 262  S0643            0.90%    passed     96.96%
 263  S1462            0.00%    passed     97.83%
 264  S1342            0.00%    passed     92.89%
 265  S1083            0.00%    passed     91.71%
 266  PAFTOL_019459    0.00%    passed     81.45%
 267  S1129sl          4.95%    passed     96.40%
 268  S1089            6.76%    passed     95.64%
 269  S1398            0.45%    passed     73.88%
****  TOTAL            2.38%  0 sequences failed composition chi2 test (p-value<5%; df=3)
NOTE: S1096 is identical to S1098 but kept for subsequent analysis
NOTE: S1235sl is identical to S1460 but kept for subsequent analysis
NOTE: S1177 is identical to S0770 but kept for subsequent analysis

Create initial parsimony tree by phylogenetic likelihood library (PLL)... 0.093 seconds
Generating 1000 samples for ultrafast bootstrap (seed: 476449)...

NOTE: 8 MB RAM (0 GB) is required!
Measuring multi-threading efficiency up to 48 CPU cores
Increase to 10 rounds for branch lengths
142 trees examined
Threads: 1 / Time: 48.178 sec / Speedup: 1.000 / Efficiency: 100% / LogL: -11087
Threads: 2 / Time: 58.461 sec / Speedup: 0.824 / Efficiency: 41% / LogL: -11087
BEST NUMBER OF THREADS: 1

Estimate model parameters (epsilon = 0.100)
1. Initial log-likelihood: -5888.267
2. Current log-likelihood: -5607.530
3. Current log-likelihood: -5600.109
4. Current log-likelihood: -5597.666
5. Current log-likelihood: -5596.220
6. Current log-likelihood: -5595.335
7. Current log-likelihood: -5594.641
8. Current log-likelihood: -5594.084
9. Current log-likelihood: -5593.626
10. Current log-likelihood: -5593.228
11. Current log-likelihood: -5592.877
12. Current log-likelihood: -5592.625
13. Current log-likelihood: -5592.369
14. Current log-likelihood: -5592.113
15. Current log-likelihood: -5591.857
16. Current log-likelihood: -5591.598
17. Current log-likelihood: -5591.333
18. Current log-likelihood: -5591.056
19. Current log-likelihood: -5590.760
20. Current log-likelihood: -5590.434
21. Current log-likelihood: -5590.060
22. Current log-likelihood: -5589.602
23. Current log-likelihood: -5588.980
24. Current log-likelihood: -5588.006
25. Current log-likelihood: -5586.341
26. Current log-likelihood: -5583.582
27. Current log-likelihood: -5581.447
28. Current log-likelihood: -5580.907
29. Current log-likelihood: -5580.732
30. Current log-likelihood: -5580.610
31. Current log-likelihood: -5580.500
Optimal log-likelihood: -5580.344
Rate parameters:  A-C: 0.83504  A-G: 2.69021  A-T: 1.35428  C-G: 0.83289  C-T: 4.82091  G-T: 1.00000
Base frequencies:  A: 0.311  C: 0.183  G: 0.253  T: 0.253
Site proportion and rates:  (0.561,0.106) (0.287,1.120) (0.121,3.321) (0.031,7.047)
Parameters optimization took 31 rounds (16.907 sec)
Computing ML distances based on estimated model parameters...
Computing ML distances took 2.108556 sec (of wall-clock time) 1.996000 sec(of CPU time)
Computing RapidNJ tree took 0.014199 sec (of wall-clock time) 0.012000 sec (of CPU time)
Log-likelihood of RapidNJ tree: -5637.090
--------------------------------------------------------------------
|             INITIALIZING CANDIDATE TREE SET                      |
--------------------------------------------------------------------
Generating 98 parsimony trees... 6.270 second
Computing log-likelihood of 98 initial trees ... 4.201 seconds
Current best score: -5535.697

Do NNI search on 20 best initial trees
Estimate model parameters (epsilon = 0.100)
BETTER TREE FOUND at iteration 1: -5498.028
Estimate model parameters (epsilon = 0.100)
BETTER TREE FOUND at iteration 10: -5479.348
Iteration 10 / LogL: -5479.348 / Time: 0h:3m:7s
Iteration 20 / LogL: -5551.750 / Time: 0h:3m:49s
Finish initializing candidate tree set (20)
Current best tree score: -5479.348 / CPU time: 103.303
Number of iterations: 20
--------------------------------------------------------------------
|               OPTIMIZING CANDIDATE TREE SET                      |
--------------------------------------------------------------------
Estimate model parameters (epsilon = 0.100)
BETTER TREE FOUND at iteration 28: -5478.968
Estimate model parameters (epsilon = 0.100)
BETTER TREE FOUND at iteration 30: -5471.760
Iteration 30 / LogL: -5471.760 / Time: 0h:4m:22s (0h:15m:3s left)
Iteration 40 / LogL: -5484.109 / Time: 0h:4m:55s (0h:11m:20s left)
Estimate model parameters (epsilon = 0.100)
BETTER TREE FOUND at iteration 44: -5468.293
Iteration 50 / LogL: -5472.576 / Time: 0h:5m:33s (0h:10m:38s left)
Log-likelihood cutoff on original alignment: -5544.592
Estimate model parameters (epsilon = 0.100)
BETTER TREE FOUND at iteration 51: -5465.624
Iteration 60 / LogL: -5473.066 / Time: 0h:6m:22s (0h:9m:49s left)
Iteration 70 / LogL: -5477.452 / Time: 0h:7m:1s (0h:8m:14s left)
Estimate model parameters (epsilon = 0.100)
BETTER TREE FOUND at iteration 72: -5464.337
Estimate model parameters (epsilon = 0.100)
BETTER TREE FOUND at iteration 74: -5459.388
Estimate model parameters (epsilon = 0.100)
BETTER TREE FOUND at iteration 79: -5458.945
Iteration 80 / LogL: -5459.898 / Time: 0h:7m:47s (0h:9m:45s left)
Estimate model parameters (epsilon = 0.100)
BETTER TREE FOUND at iteration 81: -5458.526
Estimate model parameters (epsilon = 0.100)
BETTER TREE FOUND at iteration 87: -5457.773
Iteration 90 / LogL: -5474.103 / Time: 0h:8m:29s (0h:9m:15s left)
Estimate model parameters (epsilon = 0.100)
BETTER TREE FOUND at iteration 94: -5453.858
Iteration 100 / LogL: -5458.985 / Time: 0h:9m:8s (0h:8m:40s left)
Log-likelihood cutoff on original alignment: -5544.592
NOTE: Bootstrap correlation coefficient of split occurrence frequencies: 0.940
NOTE: UFBoot does not converge, continue at least 100 more iterations
Estimate model parameters (epsilon = 0.100)
BETTER TREE FOUND at iteration 103: -5452.611
Iteration 110 / LogL: -5453.549 / Time: 0h:9m:58s (0h:8m:30s left)
Iteration 120 / LogL: -5453.316 / Time: 0h:10m:34s (0h:7m:22s left)
Iteration 130 / LogL: -5458.958 / Time: 0h:11m:17s (0h:6m:23s left)
Estimate model parameters (epsilon = 0.100)
BETTER TREE FOUND at iteration 138: -5449.149
Iteration 140 / LogL: -5457.821 / Time: 0h:11m:57s (0h:8m:25s left)
Iteration 150 / LogL: -5449.554 / Time: 0h:12m:35s (0h:7m:25s left)
Log-likelihood cutoff on original alignment: -5544.592
Iteration 160 / LogL: -5478.939 / Time: 0h:13m:15s (0h:6m:29s left)
Iteration 170 / LogL: -5459.396 / Time: 0h:14m:0s (0h:5m:37s left)
Iteration 180 / LogL: -5467.571 / Time: 0h:14m:39s (0h:4m:44s left)
Iteration 190 / LogL: -5449.370 / Time: 0h:15m:30s (0h:3m:56s left)
Estimate model parameters (epsilon = 0.100)
BETTER TREE FOUND at iteration 195: -5449.007
Iteration 200 / LogL: -5455.354 / Time: 0h:16m:20s (0h:7m:47s left)
Log-likelihood cutoff on original alignment: -5544.592
NOTE: Bootstrap correlation coefficient of split occurrence frequencies: 0.965
NOTE: UFBoot does not converge, continue at least 100 more iterations
Iteration 210 / LogL: -5473.206 / Time: 0h:17m:1s (0h:7m:19s left)
Estimate model parameters (epsilon = 0.100)
BETTER TREE FOUND at iteration 220: -5448.913
Iteration 220 / LogL: -5448.913 / Time: 0h:17m:45s (0h:8m:6s left)
Iteration 230 / LogL: -5458.481 / Time: 0h:18m:26s (0h:7m:14s left)
Iteration 240 / LogL: -5461.361 / Time: 0h:19m:8s (0h:6m:24s left)
Estimate model parameters (epsilon = 0.100)
BETTER TREE FOUND at iteration 241: -5448.693
Iteration 250 / LogL: -5456.599 / Time: 0h:19m:53s (0h:7m:16s left)
Log-likelihood cutoff on original alignment: -5544.592
Iteration 260 / LogL: -5461.186 / Time: 0h:20m:35s (0h:6m:26s left)
Iteration 270 / LogL: -5466.852 / Time: 0h:21m:16s (0h:5m:36s left)
Estimate model parameters (epsilon = 0.100)
BETTER TREE FOUND at iteration 276: -5448.564
Iteration 280 / LogL: -5460.904 / Time: 0h:22m:1s (0h:7m:34s left)
Estimate model parameters (epsilon = 0.100)
BETTER TREE FOUND at iteration 282: -5448.354
Iteration 290 / LogL: -5450.214 / Time: 0h:22m:48s (0h:7m:15s left)
Iteration 300 / LogL: -5449.671 / Time: 0h:23m:29s (0h:6m:26s left)
Log-likelihood cutoff on original alignment: -5544.592
NOTE: Bootstrap correlation coefficient of split occurrence frequencies: 0.984
NOTE: UFBoot does not converge, continue at least 100 more iterations
Iteration 310 / LogL: -5456.033 / Time: 0h:24m:13s (0h:7m:3s left)
Iteration 320 / LogL: -5453.175 / Time: 0h:25m:4s (0h:6m:17s left)
BETTER TREE FOUND at iteration 327: -5448.348
Iteration 330 / LogL: -5454.247 / Time: 0h:25m:43s (0h:7m:35s left)
Iteration 340 / LogL: -5460.635 / Time: 0h:26m:31s (0h:6m:48s left)
Iteration 350 / LogL: -5485.586 / Time: 0h:27m:23s (0h:6m:2s left)
Log-likelihood cutoff on original alignment: -5544.592
Iteration 360 / LogL: -5459.538 / Time: 0h:28m:11s (0h:5m:15s left)
Iteration 370 / LogL: -5468.252 / Time: 0h:28m:55s (0h:4m:28s left)
Iteration 380 / LogL: -5463.126 / Time: 0h:29m:35s (0h:3m:40s left)
Iteration 390 / LogL: -5450.679 / Time: 0h:30m:21s (0h:2m:53s left)
Iteration 400 / LogL: -5449.618 / Time: 0h:31m:1s (0h:2m:5s left)
Log-likelihood cutoff on original alignment: -5544.592
NOTE: Bootstrap correlation coefficient of split occurrence frequencies: 0.994
Iteration 410 / LogL: -5456.099 / Time: 0h:31m:40s (0h:6m:58s left)
Iteration 420 / LogL: -5451.328 / Time: 0h:32m:25s (0h:6m:11s left)
TREE SEARCH COMPLETED AFTER 428 ITERATIONS / Time: 0h:33m:4s

--------------------------------------------------------------------
|                    FINALIZING TREE SEARCH                        |
--------------------------------------------------------------------
Performs final model parameters optimization
Estimate model parameters (epsilon = 0.010)
1. Initial log-likelihood: -5448.348
Optimal log-likelihood: -5448.342
Rate parameters:  A-C: 0.85981  A-G: 2.79925  A-T: 1.28825  C-G: 0.77823  C-T: 4.79733  G-T: 1.00000
Base frequencies:  A: 0.311  C: 0.183  G: 0.253  T: 0.253
Site proportion and rates:  (0.571,0.099) (0.294,1.187) (0.121,3.839) (0.015,8.890)
Parameters optimization took 1 rounds (2.194 sec)
BEST SCORE FOUND : -5448.342
Creating bootstrap support values...
Split supports printed to NEXUS file results_assessment_saturation_and_clocklikeliness/results_iqtree_gene_trees/result_6048_iqtree.splits.nex
Total tree length: 5.479

Total number of iterations: 428
CPU time used for tree search: 1442.060 sec (0h:24m:2s)
Wall-clock time used for tree search: 1857.214 sec (0h:30m:57s)
Total CPU time used: 1588.740 sec (0h:26m:28s)
Total wall-clock time used: 1989.636 sec (0h:33m:9s)

Computing bootstrap consensus tree...
Reading input file results_assessment_saturation_and_clocklikeliness/results_iqtree_gene_trees/result_6048_iqtree.splits.nex...
269 taxa and 5639 splits.
Consensus tree written to results_assessment_saturation_and_clocklikeliness/results_iqtree_gene_trees/result_6048_iqtree.contree
Reading input trees file results_assessment_saturation_and_clocklikeliness/results_iqtree_gene_trees/result_6048_iqtree.contree
Log-likelihood of consensus tree: -5448.179

Analysis results written to: 
  IQ-TREE report:                results_assessment_saturation_and_clocklikeliness/results_iqtree_gene_trees/result_6048_iqtree.iqtree
  Maximum-likelihood tree:       results_assessment_saturation_and_clocklikeliness/results_iqtree_gene_trees/result_6048_iqtree.treefile
  Likelihood distances:          results_assessment_saturation_and_clocklikeliness/results_iqtree_gene_trees/result_6048_iqtree.mldist

Ultrafast bootstrap approximation results written to:
  Split support values:          results_assessment_saturation_and_clocklikeliness/results_iqtree_gene_trees/result_6048_iqtree.splits.nex
  Consensus tree:                results_assessment_saturation_and_clocklikeliness/results_iqtree_gene_trees/result_6048_iqtree.contree
  Screen log file:               results_assessment_saturation_and_clocklikeliness/results_iqtree_gene_trees/result_6048_iqtree.log

Date and Time: Wed Mar 30 11:40:16 2022
