IQ-TREE multicore version 2.1.3 COVID-edition for Linux 64-bit built Apr 21 2021
Developed by Bui Quang Minh, James Barbetti, Nguyen Lam Tung,
Olga Chernomor, Heiko Schmidt, Dominik Schrempf, Michael Woodhams.

Host:    hpc-high-memory-multi-user (AVX2, FMA3, 1007 GB RAM)
Command: /home/kasper.hendriks/iqtree-2.1.3-Linux/bin/iqtree2 -s results_assessment_saturation_and_clocklikeliness/input_gene_alignments_cleaned/5G01380_cleaned.fasta -B 1000 -nm 1000 -m GTR+F+R -nt AUTO --prefix results_assessment_saturation_and_clocklikeliness/results_iqtree_gene_trees/result_5G01380_iqtree
Seed:    843772 (Using SPRNG - Scalable Parallel Random Number Generator)
Time:    Wed Mar 30 04:25:57 2022
Kernel:  AVX+FMA - auto-detect threads (48 CPU cores detected)

Reading alignment file results_assessment_saturation_and_clocklikeliness/input_gene_alignments_cleaned/5G01380_cleaned.fasta ... Fasta format detected
Alignment most likely contains DNA/RNA sequences
Alignment has 331 sequences with 549 columns, 526 distinct patterns
370 parsimony-informative, 58 singleton sites, 121 constant sites
            Gap/Ambiguity  Composition  p-value
   1  S0941         2.37%    passed     93.14%
   2  S0946         1.64%    passed     98.18%
   3  S0949         2.00%    passed     95.98%
   4  S1114-2       7.65%    passed     90.76%
   5  S0732         2.00%    passed     65.86%
   6  S0735         4.55%    passed      6.45%
   7  S0403sl       0.00%    passed     43.22%
   8  S0739         0.55%    passed     58.42%
   9  S0385         7.29%    passed     95.95%
  10  S0384         0.55%    passed     42.62%
  11  S0381         2.37%    passed     96.77%
  12  S0380        13.30%    passed     93.68%
  13  S0383         0.55%    passed     94.14%
  14  S1541sl       5.28%    passed     98.00%
  15  S1519         6.19%    passed     98.71%
  16  S0745         0.91%    passed     77.25%
  17  S0746        11.48%    passed     99.62%
  18  S1235sl       0.36%    passed     93.34%
  19  S0740         1.46%    passed     98.24%
  20  S0743         9.11%    passed     97.23%
  21  S0742         1.09%    passed     71.74%
  22  S0748         1.46%    passed     91.16%
  23  S1011sl      10.75%    passed     99.85%
  24  S1462         0.00%    passed     97.16%
  25  S1460         0.55%    passed     99.63%
  26  S1464         4.92%    passed     96.22%
  27  S1342         2.37%    passed     85.98%
  28  S1341         5.83%    passed     96.04%
  29  S1188         8.56%    passed     70.12%
  30  S0902         0.36%    passed     98.69%
  31  S0688        12.75%    passed     84.45%
  32  S0689         1.09%    passed     80.31%
  33  S0562         2.91%    passed     96.25%
  34  S0335         1.46%    passed     99.10%
  35  S0331        11.48%    passed     71.45%
  36  S1204         3.46%    passed     96.26%
  37  S0762-2       3.28%    passed     70.33%
  38  S0724sl       0.18%    passed     93.47%
  39  S1050         6.01%    passed    100.00%
  40  S1119        13.30%    passed     87.28%
  41  S1118         3.10%    passed     96.93%
  42  S1113         7.10%    passed     93.68%
  43  S1111         7.47%    passed     98.35%
  44  S1110         0.55%    passed     64.05%
  45  S1117         5.83%    passed     99.38%
  46  S1116         0.00%    passed     97.92%
  47  S0836         6.01%    passed     99.46%
  48  S0834         9.65%    passed     96.80%
  49  S0512sl       5.46%    passed     98.99%
  50  S1258-2       8.56%    passed     91.66%
  51  S1498         1.82%    passed     84.44%
  52  S1052sl       2.55%    passed     60.71%
  53  SRR8528365    1.64%    passed     88.93%
  54  SRR8528364   14.94%    passed     67.94%
  55  SRR8528361    0.00%    passed     99.73%
  56  S0667        14.39%    passed     90.39%
  57  S0664        14.57%    passed     93.80%
  58  S0662        13.66%    passed     99.77%
  59  SRR8528400    1.28%    passed     80.89%
  60  S0669         9.29%    passed     95.59%
  61  S0906         0.00%    passed     89.86%
  62  S0904         3.64%    passed     99.01%
  63  S0903         8.01%    passed     73.90%
  64  S1189         0.00%    passed     91.77%
  65  S0901         5.46%    passed     76.41%
  66  S1184         4.55%    passed     18.41%
  67  S1180         5.10%    passed     27.39%
  68  S1182         1.09%    passed     50.39%
  69  S0371        13.66%    passed     90.67%
  70  S0420sl       2.91%    passed     90.62%
  71  S1201sl       0.00%    passed     96.48%
  72  S0645sl       0.55%    passed     60.28%
  73  S1424         0.00%    passed     94.11%
  74  S1422         0.18%    passed     80.82%
  75  S1421        14.03%    passed     99.24%
  76  S1428         3.10%    passed     76.86%
  77  S1381         0.18%    passed     93.57%
  78  S0400         0.00%    passed     99.82%
  79  S0731sl      16.58%    passed     88.87%
  80  S0405         0.36%    passed     99.50%
  81  S0275         4.19%    passed     86.57%
  82  S0277         8.01%    passed     96.64%
  83  S0279         5.10%    passed     99.82%
  84  S0373        10.20%    passed     91.49%
  85  S0376         2.37%    passed     96.54%
  86  S0377        11.11%    passed     94.61%
  87  S1332         0.00%    passed     96.97%
  88  S1331        12.20%    passed     97.87%
  89  S1336         0.18%    passed     66.86%
  90  S1339        12.39%    passed     68.08%
  91  S0509         6.19%    passed     99.47%
  92  S0656sl       6.19%    passed     95.59%
  93  S1251         0.55%    passed     65.20%
  94  S0308         0.91%    passed     98.94%
  95  S0305        11.48%    passed     88.58%
  96  S0301         0.18%    passed     99.24%
  97  S0300         5.10%    passed     70.70%
  98  S0303         0.00%    passed     91.97%
  99  S0407sl      16.03%    passed     26.81%
 100  S1181-2       2.00%    passed     19.93%
 101  S0895         0.18%    passed     95.68%
 102  S0897        10.56%    passed     92.86%
 103  S0896         2.37%    passed     99.40%
 104  S0959         0.00%    passed     86.34%
 105  S0892         9.11%    passed     82.60%
 106  S0954         6.38%    passed     95.47%
 107  S1043sl      11.48%    passed     97.41%
 108  S0956         0.18%    passed     98.02%
 109  S0957         3.10%    passed     94.92%
 110  S0899         0.73%    passed     87.28%
 111  S0952         0.00%    passed     86.65%
 112  S0741         0.00%    passed     93.64%
 113  S0655sl      11.29%    passed     77.72%
 114  S0583        11.11%    passed     98.90%
 115  S0620         2.73%    passed     89.38%
 116  S1250sl       3.46%    passed     95.91%
 117  SRR8528339    1.64%    passed     91.09%
 118  S1509        12.02%    passed    100.00%
 119  S0756         0.00%    passed     99.37%
 120  S0757         3.28%    passed     76.50%
 121  SRR8528354    0.55%    passed     85.49%
 122  S0752        12.93%    passed     91.91%
 123  S0753         2.00%    passed     34.76%
 124  SRR8528350    0.00%    passed     98.14%
 125  S0751         8.20%    passed     96.26%
 126  S0055         0.00%    passed     98.06%
 127  S0758         0.00%    passed     93.23%
 128  SRR8528359    0.00%    passed     99.69%
 129  S1053sl       2.19%    passed     98.99%
 130  S1106sl       3.28%    passed     98.16%
 131  S1376         0.00%    passed     70.75%
 132  S1375         1.82%    passed     69.00%
 133  S1374         4.55%    passed     90.49%
 134  S1371         5.65%    passed     90.48%
 135  S1370         6.38%    passed     88.28%
 136  S1378         4.19%    passed     85.74%
 137  S0727         9.47%    passed     95.79%
 138  S0726         9.65%    passed     87.23%
 139  S1475         0.55%    passed     86.67%
 140  S0613sl       1.09%    passed     86.74%
 141  S1579         1.46%    passed     82.73%
 142  S0947sl       5.28%    passed     92.39%
 143  S0722         8.56%    passed     95.43%
 144  S1093sl      10.56%    passed     94.73%
 145  S0720         0.36%    passed     95.42%
 146  S0478         0.73%    passed     62.77%
 147  S0345         0.00%    passed     95.79%
 148  S0346         5.83%    passed     96.60%
 149  S1210         0.55%    passed     58.28%
 150  S1211         0.00%    passed     99.46%
 151  S1213         0.73%    passed     56.49%
 152  S0721sl       1.09%    passed     93.84%
 153  S0733sl      13.11%    passed     85.04%
 154  S1100         3.28%    passed     11.08%
 155  S1102        11.29%    passed     56.53%
 156  S1103         1.28%    passed     91.97%
 157  S1269         0.55%    passed     96.79%
 158  S1261         2.91%    passed     69.99%
 159  S1260         0.00%    passed     57.10%
 160  S1262        10.02%    passed     86.94%
 161  S0293        19.13%    passed     44.41%
 162  S0292         0.91%    passed     86.93%
 163  S0297         7.65%    passed     84.31%
 164  S0294         6.01%    passed     77.13%
 165  S0299         0.55%    passed     37.34%
 166  S0298         6.38%    passed     96.14%
 167  S0964         0.18%    passed     82.71%
 168  S1214sl       0.18%    passed     42.02%
 169  S0960         0.00%    passed     90.28%
 170  SRR8528391    0.00%    passed     90.88%
 171  SRR8528397    8.38%    passed     45.88%
 172  SRR8528394    6.01%    passed     72.75%
 173  SRR8528398    0.36%    passed     89.71%
 174  SRR8528399    4.55%    passed     97.42%
 175  S0718         3.64%    passed     98.89%
 176  S0654        10.38%    passed     89.92%
 177  S0717         4.74%    passed      8.94%
 178  S0552sl       0.36%    passed     98.98%
 179  S0647-2       8.93%    passed     86.80%
 180  S1539         1.64%    passed     66.32%
 181  S1083         6.92%    passed     90.63%
 182  S1129sl       0.00%    passed     84.52%
 183  S1089        10.02%    passed     91.27%
 184  S1069         0.00%    passed     38.70%
 185  S0436        10.75%    passed     98.80%
 186  S0435         6.19%    passed     99.02%
 187  S0430         0.00%    passed     93.53%
 188  S0268         3.10%    passed     94.97%
 189  S1442         9.29%    passed     73.41%
 190  S1449         0.00%    passed     73.24%
 191  S1148         4.92%    passed     36.56%
 192  S1220         8.93%    passed     97.36%
 193  S1223         5.10%    passed     18.34%
 194  S1227         0.00%    passed     98.84%
 195  S0317        14.94%    passed     99.26%
 196  S0315        11.29%    passed     96.21%
 197  S0312         2.19%    passed     91.94%
 198  S0560        11.48%    passed     46.35%
 199  S0888         0.55%    passed     98.16%
 200  S0617        12.57%    passed     82.78%
 201  S0616         0.00%    passed     82.05%
 202  S0612         2.37%    passed     99.96%
 203  S1038        10.38%    passed     88.85%
 204  S1039         6.38%    passed     99.54%
 205  S0590        12.39%    passed     99.81%
 206  S0591         3.83%    passed     15.14%
 207  S0593         4.55%    passed     97.71%
 208  S0660sl      22.22%    passed     75.39%
 209  S0763         0.00%    passed     99.21%
 210  SRR8528347    1.09%    passed     26.56%
 211  S0760         0.00%    passed     99.52%
 212  SRR8528341    0.00%    passed     94.11%
 213  S0766         4.74%    passed     77.59%
 214  SRR8528343    0.00%    passed     99.90%
 215  S0764         1.28%    passed     93.16%
 216  S0768         7.47%    passed     96.78%
 217  S1266sl       0.18%    passed     89.77%
 218  S1366         0.18%    passed     88.80%
 219  S1368         2.91%    passed     33.34%
 220  S1369         0.00%    passed     98.98%
 221  S1409         1.64%    passed     88.35%
 222  S1408        11.84%    passed     98.47%
 223  S1561         6.38%    passed      9.41%
 224  S1401        12.93%    passed     98.78%
 225  S1400         5.10%    passed     97.39%
 226  S1407         4.01%    passed     91.60%
 227  S0464         8.93%    passed     99.79%
 228  S0547         3.64%    passed     27.74%
 229  S1318-2       3.10%    passed     97.53%
 230  S1315         1.64%    passed     92.82%
 231  S1314        12.75%    passed     78.46%
 232  S0765         0.00%    passed     99.44%
 233  SRR8528342    0.00%    passed     99.74%
 234  S1319         4.37%    passed     96.90%
 235  S0791        10.56%    passed     91.52%
 236  S0795         0.00%    passed     94.72%
 237  S1177         0.00%    passed     97.29%
 238  S1176         2.37%    passed     54.35%
 239  S1072         5.46%    passed     98.53%
 240  S1074        10.02%    passed     79.51%
 241  S1077        11.66%    passed     79.41%
 242  S0851        10.02%    passed     99.18%
 243  S1278         0.00%    passed     98.09%
 244  S1279         1.82%    passed     98.10%
 245  S1276         4.74%    passed     88.78%
 246  S1270        12.75%    passed     83.53%
 247  S0288        11.11%    passed     71.40%
 248  S0289         1.09%    passed     42.59%
 249  S0284         4.37%    passed     78.32%
 250  S0285         5.28%    passed     55.76%
 251  S0286         3.10%    passed     99.37%
 252  S0280         0.18%    passed     92.53%
 253  S0281         0.18%    passed     98.78%
 254  S0282         0.00%    passed     99.90%
 255  S0283         2.37%    passed     82.91%
 256  S_670         0.91%    passed     99.17%
 257  SRR8528381    0.36%    passed     95.10%
 258  SRR8528380    0.18%    passed     89.02%
 259  SRR8528382    6.19%    passed     98.74%
 260  SRR8528385   11.48%    passed     51.01%
 261  SRR8528384    0.00%    passed     89.28%
 262  SRR8528386    7.65%    passed     90.13%
 263  SRR8528389    0.00%    passed     88.31%
 264  SRR8528388    7.47%    passed     99.47%
 265  S1229-2       0.18%    passed     55.31%
 266  S0641         0.18%    passed     91.38%
 267  S0642         0.18%    passed     30.37%
 268  S0643         0.00%    passed     99.90%
 269  SRR8528338    0.18%    passed     91.43%
 270  S0196sl       0.00%    passed     99.44%
 271  SRR8528336    0.18%    passed     93.44%
 272  S1096         4.74%    passed     93.05%
 273  S1097         3.83%    passed     97.36%
 274  S1095         7.47%    passed     94.95%
 275  S1098         4.19%    passed     95.31%
 276  S0421         1.64%    passed     17.39%
 277  S0427         0.00%    passed     90.88%
 278  S0156         0.18%    passed     88.25%
 279  S1451         1.09%    passed     37.60%
 280  S1354         4.55%    passed     37.24%
 281  S1458        11.11%    passed     82.61%
 282  S1459         3.46%    passed     95.36%
 283  S1021        13.66%    passed     97.60%
 284  S0691        12.02%    passed     91.58%
 285  S1234        15.30%    passed     81.56%
 286  S1239         7.47%    passed     90.79%
 287  S0450         0.00%    passed     85.82%
 288  S0329         0.00%    passed     87.42%
 289  S0323        10.56%    passed     99.13%
 290  S0320         0.55%    passed     30.36%
 291  S1238sl       0.00%    passed     84.88%
 292  S1040        10.38%    passed     84.59%
 293  S1045         9.65%    passed     81.16%
 294  S1044         7.29%    passed     98.42%
 295  S0728sl       0.36%    passed     99.50%
 296  S1128         0.18%    passed     96.35%
 297  S1121         7.10%    passed     95.21%
 298  S0809         3.64%    passed     99.98%
 299  S0412sl       5.28%    passed     96.94%
 300  SRR8528379    0.55%    passed     93.47%
 301  SRR8528370    1.28%    passed     93.16%
 302  SRR8528372    0.00%    passed     81.58%
 303  SRR8528373    4.74%    passed     91.32%
 304  SRR8528376    1.82%    passed     32.22%
 305  S0677         1.09%    passed     90.60%
 306  S0671         4.74%    passed     99.47%
 307  S0670         1.28%    passed     31.80%
 308  S0673         4.55%    passed     68.59%
 309  S0672         0.18%    passed     98.86%
 310  S0770         0.36%    passed     99.52%
 311  S0771         0.00%    passed     82.98%
 312  S0772         8.56%    passed     93.77%
 313  S1419         2.00%    passed     83.42%
 314  S1412        10.75%    passed     56.93%
 315  S0747sl      12.93%    passed     99.09%
 316  S0558         0.00%    passed     95.42%
 317  S0417        13.11%    passed     68.12%
 318  S0416         0.55%    passed     61.54%
 319  S0419         0.00%    passed     98.64%
 320  S0555         7.47%    passed     91.39%
 321  S1221sl       3.83%    passed     99.59%
 322  SRR8528356    4.92%    passed     99.92%
 323  SRR8528357    0.00%    passed     94.91%
 324  S0754         6.19%    passed     99.17%
 325  S1208sl      13.11%    passed     97.42%
 326  S1168         5.28%    passed     99.15%
 327  S0521         5.83%    passed     99.93%
 328  S1249         0.18%    passed     83.59%
 329  S1241         4.01%    passed     97.01%
 330  S1246         2.37%    passed     93.15%
 331  S1245         8.20%    passed     86.22%
****  TOTAL         4.55%  0 sequences failed composition chi2 test (p-value<5%; df=3)

Create initial parsimony tree by phylogenetic likelihood library (PLL)... 0.191 seconds
Generating 1000 samples for ultrafast bootstrap (seed: 843772)...

NOTE: 24 MB RAM (0 GB) is required!
Measuring multi-threading efficiency up to 48 CPU cores
Increase to 10 rounds for branch lengths
57 trees examined
Threads: 1 / Time: 48.381 sec / Speedup: 1.000 / Efficiency: 100% / LogL: -38009
Threads: 2 / Time: 41.383 sec / Speedup: 1.169 / Efficiency: 58% / LogL: -38009
Threads: 3 / Time: 53.870 sec / Speedup: 0.898 / Efficiency: 30% / LogL: -38009
BEST NUMBER OF THREADS: 2

Estimate model parameters (epsilon = 0.100)
1. Initial log-likelihood: -21884.016
2. Current log-likelihood: -21109.870
3. Current log-likelihood: -21099.529
4. Current log-likelihood: -21095.315
5. Current log-likelihood: -21092.258
6. Current log-likelihood: -21089.929
7. Current log-likelihood: -21087.928
8. Current log-likelihood: -21086.229
9. Current log-likelihood: -21084.787
10. Current log-likelihood: -21083.552
11. Current log-likelihood: -21082.496
12. Current log-likelihood: -21081.459
13. Current log-likelihood: -21080.541
14. Current log-likelihood: -21079.712
15. Current log-likelihood: -21079.080
16. Current log-likelihood: -21078.511
17. Current log-likelihood: -21077.988
18. Current log-likelihood: -21077.504
19. Current log-likelihood: -21077.056
20. Current log-likelihood: -21076.639
21. Current log-likelihood: -21076.252
22. Current log-likelihood: -21075.892
23. Current log-likelihood: -21075.556
24. Current log-likelihood: -21075.242
25. Current log-likelihood: -21074.948
26. Current log-likelihood: -21074.673
27. Current log-likelihood: -21074.508
28. Current log-likelihood: -21074.249
29. Current log-likelihood: -21074.101
30. Current log-likelihood: -21073.955
31. Current log-likelihood: -21073.812
32. Current log-likelihood: -21073.674
33. Current log-likelihood: -21073.540
34. Current log-likelihood: -21073.411
35. Current log-likelihood: -21073.287
36. Current log-likelihood: -21073.166
37. Current log-likelihood: -21073.050
38. Current log-likelihood: -21072.937
39. Current log-likelihood: -21072.828
40. Current log-likelihood: -21072.723
41. Current log-likelihood: -21072.621
Optimal log-likelihood: -21072.451
Rate parameters:  A-C: 1.37592  A-G: 2.62055  A-T: 1.16542  C-G: 1.46486  C-T: 6.60200  G-T: 1.00000
Base frequencies:  A: 0.384  C: 0.137  G: 0.295  T: 0.184
Site proportion and rates:  (0.363,0.097) (0.338,0.697) (0.238,1.978) (0.061,4.237)
Parameters optimization took 41 rounds (62.128 sec)
Computing ML distances based on estimated model parameters...
Computing ML distances took 2.288064 sec (of wall-clock time) 2.824000 sec(of CPU time)
Computing RapidNJ tree took 0.024618 sec (of wall-clock time) 0.072000 sec (of CPU time)
Log-likelihood of RapidNJ tree: -21326.175
--------------------------------------------------------------------
|             INITIALIZING CANDIDATE TREE SET                      |
--------------------------------------------------------------------
Generating 98 parsimony trees... 9.825 second
Computing log-likelihood of 98 initial trees ... 9.558 seconds
Current best score: -20995.161

Do NNI search on 20 best initial trees
Estimate model parameters (epsilon = 0.100)
BETTER TREE FOUND at iteration 1: -20945.782
Iteration 10 / LogL: -20977.582 / Time: 0h:4m:58s
Iteration 20 / LogL: -20948.942 / Time: 0h:5m:54s
Finish initializing candidate tree set (20)
Current best tree score: -20945.782 / CPU time: 145.456
Number of iterations: 20
--------------------------------------------------------------------
|               OPTIMIZING CANDIDATE TREE SET                      |
--------------------------------------------------------------------
Estimate model parameters (epsilon = 0.100)
BETTER TREE FOUND at iteration 23: -20924.550
Iteration 30 / LogL: -20945.390 / Time: 0h:6m:37s (0h:21m:12s left)
Estimate model parameters (epsilon = 0.100)
BETTER TREE FOUND at iteration 31: -20922.118
Estimate model parameters (epsilon = 0.100)
BETTER TREE FOUND at iteration 32: -20910.835
Estimate model parameters (epsilon = 0.100)
BETTER TREE FOUND at iteration 33: -20909.691
Iteration 40 / LogL: -20916.182 / Time: 0h:7m:37s (0h:18m:11s left)
Estimate model parameters (epsilon = 0.100)
BETTER TREE FOUND at iteration 41: -20906.612
Estimate model parameters (epsilon = 0.100)
BETTER TREE FOUND at iteration 45: -20904.713
Estimate model parameters (epsilon = 0.100)
BETTER TREE FOUND at iteration 50: -20904.115
Iteration 50 / LogL: -20904.115 / Time: 0h:8m:36s (0h:17m:33s left)
Log-likelihood cutoff on original alignment: -20999.666
Estimate model parameters (epsilon = 0.100)
BETTER TREE FOUND at iteration 52: -20902.431
Estimate model parameters (epsilon = 0.100)
BETTER TREE FOUND at iteration 53: -20900.553
Estimate model parameters (epsilon = 0.100)
BETTER TREE FOUND at iteration 60: -20894.980
Iteration 60 / LogL: -20894.980 / Time: 0h:9m:41s (0h:16m:24s left)
Estimate model parameters (epsilon = 0.100)
BETTER TREE FOUND at iteration 70: -20891.994
Iteration 70 / LogL: -20891.994 / Time: 0h:10m:35s (0h:15m:20s left)
Iteration 80 / LogL: -20892.378 / Time: 0h:11m:41s (0h:13m:18s left)
Estimate model parameters (epsilon = 0.100)
BETTER TREE FOUND at iteration 87: -20891.167
Iteration 90 / LogL: -20897.515 / Time: 0h:12m:40s (0h:13m:48s left)
Iteration 100 / LogL: -20905.791 / Time: 0h:13m:42s (0h:12m:2s left)
Log-likelihood cutoff on original alignment: -20993.557
NOTE: Bootstrap correlation coefficient of split occurrence frequencies: 0.962
NOTE: UFBoot does not converge, continue at least 100 more iterations
Estimate model parameters (epsilon = 0.100)
BETTER TREE FOUND at iteration 106: -20891.063
Estimate model parameters (epsilon = 0.100)
BETTER TREE FOUND at iteration 108: -20889.060
Iteration 110 / LogL: -20899.755 / Time: 0h:14m:50s (0h:13m:20s left)
Iteration 120 / LogL: -20919.715 / Time: 0h:15m:48s (0h:11m:41s left)
Iteration 130 / LogL: -20899.021 / Time: 0h:16m:54s (0h:10m:13s left)
Estimate model parameters (epsilon = 0.100)
BETTER TREE FOUND at iteration 132: -20882.995
Estimate model parameters (epsilon = 0.100)
BETTER TREE FOUND at iteration 138: -20879.860
Iteration 140 / LogL: -20889.048 / Time: 0h:18m:8s (0h:12m:46s left)
Iteration 150 / LogL: -20892.000 / Time: 0h:19m:12s (0h:11m:20s left)
Log-likelihood cutoff on original alignment: -20988.690
Iteration 160 / LogL: -20886.878 / Time: 0h:20m:19s (0h:9m:58s left)
Estimate model parameters (epsilon = 0.100)
BETTER TREE FOUND at iteration 165: -20875.150
Iteration 170 / LogL: -20889.914 / Time: 0h:21m:24s (0h:12m:1s left)
Iteration 180 / LogL: -20894.948 / Time: 0h:22m:23s (0h:10m:38s left)
Iteration 190 / LogL: -20880.217 / Time: 0h:23m:24s (0h:9m:17s left)
Iteration 200 / LogL: -20892.069 / Time: 0h:24m:27s (0h:7m:59s left)
Log-likelihood cutoff on original alignment: -20988.690
NOTE: Bootstrap correlation coefficient of split occurrence frequencies: 0.974
NOTE: UFBoot does not converge, continue at least 100 more iterations
Iteration 210 / LogL: -20879.462 / Time: 0h:25m:36s (0h:11m:1s left)
Iteration 220 / LogL: -20886.464 / Time: 0h:26m:32s (0h:9m:41s left)
Iteration 230 / LogL: -20895.778 / Time: 0h:27m:33s (0h:8m:25s left)
Iteration 240 / LogL: -20910.558 / Time: 0h:28m:37s (0h:7m:11s left)
Estimate model parameters (epsilon = 0.100)
BETTER TREE FOUND at iteration 250: -20874.230
Iteration 250 / LogL: -20874.230 / Time: 0h:29m:37s (0h:11m:53s left)
Log-likelihood cutoff on original alignment: -20988.690
Iteration 260 / LogL: -20903.292 / Time: 0h:30m:41s (0h:10m:39s left)
Estimate model parameters (epsilon = 0.100)
BETTER TREE FOUND at iteration 269: -20868.281
Iteration 270 / LogL: -20876.843 / Time: 0h:31m:48s (0h:11m:42s left)
Iteration 280 / LogL: -20881.841 / Time: 0h:33m:2s (0h:10m:32s left)
Iteration 290 / LogL: -20879.573 / Time: 0h:34m:9s (0h:9m:20s left)
Iteration 300 / LogL: -20887.520 / Time: 0h:35m:5s (0h:8m:5s left)
Log-likelihood cutoff on original alignment: -20988.690
NOTE: Bootstrap correlation coefficient of split occurrence frequencies: 0.983
NOTE: UFBoot does not converge, continue at least 100 more iterations
Iteration 310 / LogL: -20870.897 / Time: 0h:36m:13s (0h:10m:32s left)
Iteration 320 / LogL: -20897.122 / Time: 0h:37m:24s (0h:9m:22s left)
Iteration 330 / LogL: -20872.279 / Time: 0h:38m:22s (0h:8m:9s left)
Iteration 340 / LogL: -20878.138 / Time: 0h:39m:38s (0h:7m:0s left)
Iteration 350 / LogL: -20876.769 / Time: 0h:40m:54s (0h:5m:51s left)
Log-likelihood cutoff on original alignment: -20988.690
Iteration 360 / LogL: -20883.374 / Time: 0h:42m:17s (0h:4m:42s left)
Estimate model parameters (epsilon = 0.100)
BETTER TREE FOUND at iteration 365: -20867.766
BETTER TREE FOUND at iteration 366: -20867.759
Iteration 370 / LogL: -20877.145 / Time: 0h:43m:33s (0h:11m:19s left)
Estimate model parameters (epsilon = 0.100)
BETTER TREE FOUND at iteration 372: -20867.065
Iteration 380 / LogL: -20869.982 / Time: 0h:44m:44s (0h:10m:51s left)
Iteration 390 / LogL: -20883.100 / Time: 0h:46m:7s (0h:9m:43s left)
Iteration 400 / LogL: -20874.348 / Time: 0h:47m:19s (0h:8m:32s left)
Log-likelihood cutoff on original alignment: -20986.215
NOTE: Bootstrap correlation coefficient of split occurrence frequencies: 0.982
NOTE: UFBoot does not converge, continue at least 100 more iterations
Iteration 410 / LogL: -20872.651 / Time: 0h:48m:34s (0h:10m:41s left)
Estimate model parameters (epsilon = 0.100)
BETTER TREE FOUND at iteration 418: -20863.686
Iteration 420 / LogL: -20864.278 / Time: 0h:49m:40s (0h:11m:36s left)
Iteration 430 / LogL: -20940.471 / Time: 0h:51m:8s (0h:10m:29s left)
Iteration 440 / LogL: -20871.151 / Time: 0h:52m:27s (0h:9m:19s left)
Iteration 450 / LogL: -20870.426 / Time: 0h:53m:43s (0h:8m:8s left)
Log-likelihood cutoff on original alignment: -20986.215
Iteration 460 / LogL: -20880.535 / Time: 0h:55m:17s (0h:6m:59s left)
Iteration 470 / LogL: -20866.392 / Time: 0h:56m:32s (0h:5m:47s left)
Iteration 480 / LogL: -20870.230 / Time: 0h:57m:52s (0h:4m:35s left)
Iteration 490 / LogL: -20877.128 / Time: 0h:59m:16s (0h:3m:23s left)
Iteration 500 / LogL: -20882.039 / Time: 1h:0m:40s (0h:2m:11s left)
Log-likelihood cutoff on original alignment: -20986.215
NOTE: Bootstrap correlation coefficient of split occurrence frequencies: 0.977
NOTE: UFBoot does not converge, continue at least 100 more iterations
Iteration 510 / LogL: -20870.549 / Time: 1h:2m:9s (0h:10m:59s left)
Iteration 520 / LogL: -20868.873 / Time: 1h:3m:36s (0h:9m:48s left)
Iteration 530 / LogL: -20884.270 / Time: 1h:5m:15s (0h:8m:38s left)
Iteration 540 / LogL: -20873.085 / Time: 1h:6m:46s (0h:7m:25s left)
Iteration 550 / LogL: -20867.252 / Time: 1h:8m:15s (0h:6m:12s left)
Log-likelihood cutoff on original alignment: -20986.215
Estimate model parameters (epsilon = 0.100)
BETTER TREE FOUND at iteration 552: -20863.144
Iteration 560 / LogL: -20874.662 / Time: 1h:10m:1s (0h:11m:31s left)
Iteration 570 / LogL: -20900.303 / Time: 1h:11m:35s (0h:10m:18s left)
Iteration 580 / LogL: -20890.575 / Time: 1h:13m:13s (0h:9m:6s left)
Iteration 590 / LogL: -20872.677 / Time: 1h:14m:44s (0h:7m:52s left)
Iteration 600 / LogL: -20890.691 / Time: 1h:16m:23s (0h:6m:37s left)
Log-likelihood cutoff on original alignment: -20986.215
NOTE: Bootstrap correlation coefficient of split occurrence frequencies: 0.983
NOTE: UFBoot does not converge, continue at least 100 more iterations
Estimate model parameters (epsilon = 0.100)
BETTER TREE FOUND at iteration 607: -20862.139
Iteration 610 / LogL: -20895.583 / Time: 1h:18m:22s (0h:12m:28s left)
BETTER TREE FOUND at iteration 613: -20862.130
Iteration 620 / LogL: -20882.919 / Time: 1h:20m:2s (0h:12m:1s left)
Iteration 630 / LogL: -20870.590 / Time: 1h:21m:50s (0h:10m:47s left)
Estimate model parameters (epsilon = 0.100)
BETTER TREE FOUND at iteration 637: -20862.078
Iteration 640 / LogL: -20870.031 / Time: 1h:23m:31s (0h:12m:40s left)
BETTER TREE FOUND at iteration 647: -20862.073
Iteration 650 / LogL: -20871.065 / Time: 1h:25m:11s (0h:12m:43s left)
Log-likelihood cutoff on original alignment: -20986.215
Iteration 660 / LogL: -20886.670 / Time: 1h:26m:38s (0h:11m:26s left)
Iteration 670 / LogL: -20869.645 / Time: 1h:28m:18s (0h:10m:9s left)
Iteration 680 / LogL: -20880.826 / Time: 1h:29m:51s (0h:8m:51s left)
Iteration 690 / LogL: -20872.578 / Time: 1h:31m:14s (0h:7m:32s left)
Iteration 700 / LogL: -20872.520 / Time: 1h:32m:37s (0h:6m:13s left)
Log-likelihood cutoff on original alignment: -20981.946
NOTE: Bootstrap correlation coefficient of split occurrence frequencies: 0.982
NOTE: UFBoot does not converge, continue at least 100 more iterations
Iteration 710 / LogL: -20867.818 / Time: 1h:34m:23s (0h:11m:58s left)
Iteration 720 / LogL: -20889.666 / Time: 1h:35m:56s (0h:10m:40s left)
Iteration 730 / LogL: -20863.656 / Time: 1h:37m:23s (0h:9m:21s left)
Iteration 740 / LogL: -20863.730 / Time: 1h:38m:47s (0h:8m:1s left)
Iteration 750 / LogL: -20873.436 / Time: 1h:40m:14s (0h:6m:41s left)
Log-likelihood cutoff on original alignment: -20981.946
Iteration 760 / LogL: -20880.213 / Time: 1h:41m:49s (0h:5m:21s left)
Estimate model parameters (epsilon = 0.100)
BETTER TREE FOUND at iteration 765: -20861.725
Iteration 770 / LogL: -20863.719 / Time: 1h:43m:21s (0h:12m:46s left)
Iteration 780 / LogL: -20866.719 / Time: 1h:44m:44s (0h:11m:25s left)
Iteration 790 / LogL: -20877.621 / Time: 1h:46m:26s (0h:10m:7s left)
Iteration 800 / LogL: -20863.188 / Time: 1h:47m:53s (0h:8m:46s left)
Log-likelihood cutoff on original alignment: -20981.946
NOTE: Bootstrap correlation coefficient of split occurrence frequencies: 0.981
NOTE: UFBoot does not converge, continue at least 100 more iterations
Iteration 810 / LogL: -20865.656 / Time: 1h:49m:29s (0h:12m:10s left)
Iteration 820 / LogL: -20865.716 / Time: 1h:51m:1s (0h:10m:50s left)
Iteration 830 / LogL: -20867.524 / Time: 1h:52m:44s (0h:9m:31s left)
Iteration 840 / LogL: -20877.754 / Time: 1h:54m:27s (0h:8m:11s left)
Estimate model parameters (epsilon = 0.100)
BETTER TREE FOUND at iteration 842: -20860.219
Iteration 850 / LogL: -20870.855 / Time: 1h:56m:13s (0h:12m:35s left)
Log-likelihood cutoff on original alignment: -20981.946
Iteration 860 / LogL: -20877.571 / Time: 1h:57m:54s (0h:11m:15s left)
Iteration 870 / LogL: -20869.768 / Time: 1h:59m:35s (0h:9m:54s left)
Iteration 880 / LogL: -20891.002 / Time: 2h:1m:18s (0h:8m:33s left)
Iteration 890 / LogL: -20869.075 / Time: 2h:2m:46s (0h:7m:10s left)
Iteration 900 / LogL: -20870.878 / Time: 2h:4m:27s (0h:5m:48s left)
Log-likelihood cutoff on original alignment: -20981.946
NOTE: Bootstrap correlation coefficient of split occurrence frequencies: 0.987
NOTE: UFBoot does not converge, continue at least 100 more iterations
Iteration 910 / LogL: -20863.262 / Time: 2h:6m:26s (0h:12m:31s left)
Iteration 920 / LogL: -20864.373 / Time: 2h:8m:4s (0h:11m:8s left)
Iteration 930 / LogL: -20882.310 / Time: 2h:9m:53s (0h:9m:47s left)
Iteration 940 / LogL: -20863.762 / Time: 2h:11m:43s (0h:8m:25s left)
Estimate model parameters (epsilon = 0.100)
BETTER TREE FOUND at iteration 946: -20859.128
Iteration 950 / LogL: -20868.875 / Time: 2h:13m:25s (0h:13m:29s left)
Log-likelihood cutoff on original alignment: -20981.946
Iteration 960 / LogL: -20863.092 / Time: 2h:15m:17s (0h:12m:7s left)
Iteration 970 / LogL: -20867.121 / Time: 2h:17m:10s (0h:10m:45s left)
Iteration 980 / LogL: -20862.862 / Time: 2h:19m:8s (0h:9m:22s left)
Iteration 990 / LogL: -20859.719 / Time: 2h:20m:26s (0h:7m:57s left)
Iteration 1000 / LogL: -20865.298 / Time: 2h:21m:59s (0h:6m:32s left)
Log-likelihood cutoff on original alignment: -20981.946
NOTE: Bootstrap correlation coefficient of split occurrence frequencies: 0.986
NOTE: UFBoot does not converge, continue at least 100 more iterations
WARNING: bootstrap analysis did not converge. You should rerun with higher number of iterations (-nm option)
TREE SEARCH COMPLETED AFTER 1001 ITERATIONS / Time: 2h:22m:19s

--------------------------------------------------------------------
|                    FINALIZING TREE SEARCH                        |
--------------------------------------------------------------------
Performs final model parameters optimization
Estimate model parameters (epsilon = 0.010)
1. Initial log-likelihood: -20859.128
2. Current log-likelihood: -20859.109
3. Current log-likelihood: -20859.095
4. Current log-likelihood: -20859.082
5. Current log-likelihood: -20859.068
6. Current log-likelihood: -20859.054
7. Current log-likelihood: -20859.041
8. Current log-likelihood: -20859.029
9. Current log-likelihood: -20859.016
10. Current log-likelihood: -20859.003
11. Current log-likelihood: -20858.991
12. Current log-likelihood: -20858.979
13. Current log-likelihood: -20858.968
14. Current log-likelihood: -20858.956
15. Current log-likelihood: -20858.945
16. Current log-likelihood: -20858.934
17. Current log-likelihood: -20858.924
18. Current log-likelihood: -20858.914
19. Current log-likelihood: -20858.903
Optimal log-likelihood: -20858.889
Rate parameters:  A-C: 1.35361  A-G: 2.62931  A-T: 1.13650  C-G: 1.40233  C-T: 6.53770  G-T: 1.00000
Base frequencies:  A: 0.384  C: 0.137  G: 0.295  T: 0.184
Site proportion and rates:  (0.331,0.069) (0.346,0.612) (0.249,1.853) (0.074,4.082)
Parameters optimization took 19 rounds (33.311 sec)
BEST SCORE FOUND : -20858.889
Creating bootstrap support values...
Split supports printed to NEXUS file results_assessment_saturation_and_clocklikeliness/results_iqtree_gene_trees/result_5G01380_iqtree.splits.nex
Total tree length: 7.732

Total number of iterations: 1001
CPU time used for tree search: 11995.544 sec (3h:19m:55s)
Wall-clock time used for tree search: 8329.979 sec (2h:18m:49s)
Total CPU time used: 12376.572 sec (3h:26m:16s)
Total wall-clock time used: 8574.846 sec (2h:22m:54s)

Computing bootstrap consensus tree...
Reading input file results_assessment_saturation_and_clocklikeliness/results_iqtree_gene_trees/result_5G01380_iqtree.splits.nex...
331 taxa and 4074 splits.
Consensus tree written to results_assessment_saturation_and_clocklikeliness/results_iqtree_gene_trees/result_5G01380_iqtree.contree
Reading input trees file results_assessment_saturation_and_clocklikeliness/results_iqtree_gene_trees/result_5G01380_iqtree.contree
Log-likelihood of consensus tree: -20861.795

Analysis results written to: 
  IQ-TREE report:                results_assessment_saturation_and_clocklikeliness/results_iqtree_gene_trees/result_5G01380_iqtree.iqtree
  Maximum-likelihood tree:       results_assessment_saturation_and_clocklikeliness/results_iqtree_gene_trees/result_5G01380_iqtree.treefile
  Likelihood distances:          results_assessment_saturation_and_clocklikeliness/results_iqtree_gene_trees/result_5G01380_iqtree.mldist

Ultrafast bootstrap approximation results written to:
  Split support values:          results_assessment_saturation_and_clocklikeliness/results_iqtree_gene_trees/result_5G01380_iqtree.splits.nex
  Consensus tree:                results_assessment_saturation_and_clocklikeliness/results_iqtree_gene_trees/result_5G01380_iqtree.contree
  Screen log file:               results_assessment_saturation_and_clocklikeliness/results_iqtree_gene_trees/result_5G01380_iqtree.log

Date and Time: Wed Mar 30 06:48:57 2022
