IQ-TREE multicore version 2.2.2 COVID-edition for Linux 64-bit built Sep 20 2022
Developed by Bui Quang Minh, James Barbetti, Nguyen Lam Tung,
Olga Chernomor, Heiko Schmidt, Dominik Schrempf, Michael Woodhams, Ly Trong Nhan.

Host:    netdc-bms-c11f (AVX2, FMA3, 377 GB RAM)
Command: /home/kasper.hendriks/iqtree-2.2.2-Linux/bin/iqtree2 -s 1G10240_taper_preliminary_superstrict_excluding_hybrids.fasta -nm 1000 -m GTR+F+R -nt AUTO --prefix 1G10240_iqtree_preliminary_superstrict_excluding_hybrids
Seed:    354615 (Using SPRNG - Scalable Parallel Random Number Generator)
Time:    Fri Jun  2 07:44:33 2023
Kernel:  AVX+FMA - auto-detect threads (56 CPU cores detected)

Reading alignment file 1G10240_taper_preliminary_superstrict_excluding_hybrids.fasta ... Fasta format detected
Reading fasta file: done in 0.00423598 secs using 99.98% CPU
Alignment most likely contains DNA/RNA sequences
Constructing alignment: done in 0.00916219 secs using 1378% CPU
Alignment has 135 sequences with 1317 columns, 826 distinct patterns
515 parsimony-informative, 156 singleton sites, 646 constant sites
               Gap/Ambiguity  Composition  p-value
Analyzing sequences: done in 0.019994 secs using 1795% CPU
   1  PAFTOL_019361    0.53%    passed     95.91%
   2  S0055            0.00%    passed     93.26%
   3  S0196sl          6.61%    passed     70.03%
   4  S0278            0.08%    passed     99.35%
   5  S0281            0.00%    passed     47.87%
   6  S0282            0.00%    passed     97.48%
   7  S0288            5.01%    passed     82.82%
   8  S0289            0.30%    passed     99.79%
   9  S0292            0.15%    passed     67.60%
  10  S0293           15.26%    passed     81.35%
  11  S0294            0.15%    passed     72.32%
  12  S0299            0.23%    passed     71.16%
  13  S0303            2.35%    passed     94.46%
  14  S0308            0.23%    passed     21.18%
  15  S0320            0.08%    passed     91.63%
  16  S0322           13.21%    passed     95.88%
  17  S0327            0.00%    passed     99.48%
  18  S0335            0.00%    passed     88.13%
  19  S0345           22.17%    passed     95.93%
  20  S0376            3.57%    passed     98.62%
  21  S0400            0.00%    passed     99.37%
  22  S0405            0.15%    passed     98.69%
  23  S0407sl          0.23%    passed     91.97%
  24  S0412sl          0.23%    passed     86.40%
  25  S0417            0.08%    passed     97.67%
  26  S0419            0.00%    passed     95.57%
  27  S0427            0.08%    passed     96.56%
  28  S0428sl         33.86%    passed     68.06%
  29  S0430            1.90%    passed     91.95%
  30  S0478            0.46%    passed     99.56%
  31  S0552sl          0.84%    passed     99.42%
  32  S0558            0.00%    passed     76.55%
  33  S0616            0.00%    passed     97.84%
  34  S0620           34.40%    passed     91.87%
  35  S0624            1.67%    passed     99.98%
  36  S0641            0.00%    passed     87.67%
  37  S0643            0.30%    passed     99.32%
  38  S0645sl          0.00%    passed     99.93%
  39  S0656sl          0.30%    passed     98.90%
  40  S0673            0.00%    passed     98.90%
  41  S0689            1.82%    passed     87.36%
  42  S0690            1.59%    passed     99.52%
  43  S0720            0.23%    passed     92.01%
  44  S0724sl          1.29%    passed     97.77%
  45  S0735            0.08%    passed     33.57%
  46  S0742            0.00%    passed     85.69%
  47  S0748            0.38%    passed     99.84%
  48  S0753           15.79%    passed     77.32%
  49  S0756            0.00%    passed     99.85%
  50  S0758            0.08%    passed     92.91%
  51  S0760            0.00%    passed     87.05%
  52  S0763            0.00%    passed     99.11%
  53  S0765            0.08%    passed     98.08%
  54  S0770            0.68%    passed     92.89%
  55  S0771            0.00%    passed     81.96%
  56  S0795            0.46%    passed     77.31%
  57  S0827            0.61%    passed     94.22%
  58  S0888            1.82%    passed     91.44%
  59  S0894            0.38%    passed     97.39%
  60  S0899            0.00%    passed     98.26%
  61  S0906            0.08%    passed     75.23%
  62  S0951            6.83%    passed     99.99%
  63  S0952            0.23%    passed     87.10%
  64  S0956            0.15%    passed     99.99%
  65  S0959            0.00%    passed     87.73%
  66  S0960            0.00%    passed     99.57%
  67  S0964            0.08%    passed     98.26%
  68  S1052sl         31.13%    passed     19.47%
  69  S1083            0.00%    passed     30.95%
  70  S1100            0.15%    passed     81.83%
  71  S1102            0.84%    passed     99.78%
  72  S1110           13.74%    passed     84.48%
  73  S1120            0.08%    passed     89.47%
  74  S1128            1.97%    passed     97.63%
  75  S1129sl          0.00%    passed     99.64%
  76  S1148            2.43%    passed     25.80%
  77  S1177            0.00%    passed     92.75%
  78  S1180            0.08%    passed     43.15%
  79  S1187sl         28.63%    passed     76.03%
  80  S1189            0.00%    passed     80.60%
  81  S1201sl          0.00%    passed     96.34%
  82  S1210            0.46%    passed     68.64%
  83  S1211            3.04%    passed     89.10%
  84  S1214sl          0.00%    passed     44.10%
  85  S1223            0.53%    passed     30.46%
  86  S1227            0.00%    passed     99.75%
  87  S1235sl          0.00%    passed     98.68%
  88  S1238sl          0.08%    passed     94.71%
  89  S1239            0.00%    passed     97.71%
  90  S1245            0.68%    passed     96.87%
  91  S1246            0.23%    passed     94.71%
  92  S1249            0.84%    passed     98.47%
  93  S1250sl          1.37%    passed     85.85%
  94  S1251            0.15%    passed     92.17%
  95  S1260            0.99%    passed     97.09%
  96  S1266sl          0.46%    passed     96.92%
  97  S1269           15.03%    passed     99.79%
  98  S1278            0.00%    passed     99.76%
  99  S1315            5.09%    passed     83.29%
 100  S1332            0.08%    passed     96.31%
 101  S1366            0.30%    passed     69.61%
 102  S1369            0.15%    passed     99.82%
 103  S1370            0.30%    passed     99.45%
 104  S1375            0.23%    passed     82.22%
 105  S1376            0.00%    passed     18.60%
 106  S1381            5.62%    passed     93.78%
 107  S1405            0.00%    passed     89.17%
 108  S1422            0.00%    passed     85.57%
 109  S1449            0.84%    passed     84.12%
 110  S1451            0.00%    passed     95.15%
 111  S1460            0.38%    passed     97.98%
 112  S1462            0.00%    passed     88.87%
 113  S1475            0.46%    passed     96.29%
 114  S1498           11.01%    passed     32.88%
 115  S1539            0.00%    passed     95.92%
 116  S_670            0.23%    passed     99.61%
 117  SRR11470320      0.00%    passed     26.44%
 118  SRR8528336       0.15%    passed     52.29%
 119  SRR8528341       0.00%    passed     97.57%
 120  SRR8528343       0.00%    passed     99.03%
 121  SRR8528347       0.00%    passed     98.78%
 122  SRR8528350       0.23%    passed     99.43%
 123  SRR8528354       0.08%    passed     99.30%
 124  SRR8528357       0.00%    passed     95.62%
 125  SRR8528359       0.00%    passed     96.89%
 126  SRR8528361       0.00%    passed     97.46%
 127  SRR8528365       0.00%    passed     96.51%
 128  SRR8528370       0.00%    passed     99.65%
 129  SRR8528372       0.00%    passed     98.46%
 130  SRR8528379       0.00%    passed     65.63%
 131  SRR8528381       0.00%    passed     35.95%
 132  SRR8528384       0.00%    passed     98.83%
 133  SRR8528389       0.00%    passed     93.86%
 134  SRR8528391       0.00%    passed     94.59%
 135  SRR8528400       0.00%    passed     96.89%
****  TOTAL            2.26%  0 sequences failed composition chi2 test (p-value<5%; df=3)
Checking for duplicate sequences: done in 0.011065 secs using 1482% CPU

Create initial parsimony tree by phylogenetic likelihood library (PLL)... 0.075 seconds

NOTE: 14 MB RAM (0 GB) is required!
Measuring multi-threading efficiency up to 56 CPU cores
Increase to 10 rounds for branch lengths
129 trees examined
Threads: 1 / Time: 56.018 sec / Speedup: 1.000 / Efficiency: 100% / LogL: -35999
Threads: 2 / Time: 71.693 sec / Speedup: 0.781 / Efficiency: 39% / LogL: -35999
Determining AUTO threadcount: done in 127.714 secs using 100.8% CPU
BEST NUMBER OF THREADS: 1

Estimate model parameters (epsilon = 0.100)
1. Initial log-likelihood: -21659.280
2. Current log-likelihood: -20377.957
3. Current log-likelihood: -20336.414
4. Current log-likelihood: -20321.052
5. Current log-likelihood: -20312.654
6. Current log-likelihood: -20307.136
7. Current log-likelihood: -20303.274
8. Current log-likelihood: -20300.489
9. Current log-likelihood: -20298.423
10. Current log-likelihood: -20296.845
11. Current log-likelihood: -20295.627
12. Current log-likelihood: -20294.769
13. Current log-likelihood: -20294.058
14. Current log-likelihood: -20293.470
15. Current log-likelihood: -20292.984
16. Current log-likelihood: -20292.577
17. Current log-likelihood: -20292.236
18. Current log-likelihood: -20291.948
19. Current log-likelihood: -20291.705
20. Current log-likelihood: -20291.565
21. Current log-likelihood: -20291.429
22. Current log-likelihood: -20291.304
23. Current log-likelihood: -20291.188
24. Current log-likelihood: -20291.073
25. Current log-likelihood: -20290.953
26. Current log-likelihood: -20290.817
27. Current log-likelihood: -20290.660
28. Current log-likelihood: -20290.485
29. Current log-likelihood: -20290.302
30. Current log-likelihood: -20290.126
31. Current log-likelihood: -20289.951
32. Current log-likelihood: -20289.775
33. Current log-likelihood: -20289.593
34. Current log-likelihood: -20289.399
35. Current log-likelihood: -20289.188
36. Current log-likelihood: -20288.959
37. Current log-likelihood: -20288.713
38. Current log-likelihood: -20288.448
39. Current log-likelihood: -20288.167
40. Current log-likelihood: -20287.870
41. Current log-likelihood: -20287.559
42. Current log-likelihood: -20287.238
43. Current log-likelihood: -20286.908
44. Current log-likelihood: -20286.571
45. Current log-likelihood: -20286.228
46. Current log-likelihood: -20285.882
47. Current log-likelihood: -20285.523
48. Current log-likelihood: -20285.168
49. Current log-likelihood: -20284.810
50. Current log-likelihood: -20284.446
51. Current log-likelihood: -20284.076
52. Current log-likelihood: -20283.696
53. Current log-likelihood: -20283.303
54. Current log-likelihood: -20282.893
55. Current log-likelihood: -20282.450
56. Current log-likelihood: -20281.982
57. Current log-likelihood: -20281.474
58. Current log-likelihood: -20280.909
59. Current log-likelihood: -20280.273
60. Current log-likelihood: -20279.532
61. Current log-likelihood: -20278.660
62. Current log-likelihood: -20277.635
63. Current log-likelihood: -20276.461
64. Current log-likelihood: -20275.198
65. Current log-likelihood: -20273.922
66. Current log-likelihood: -20272.746
67. Current log-likelihood: -20271.757
68. Current log-likelihood: -20270.995
69. Current log-likelihood: -20270.459
70. Current log-likelihood: -20270.124
71. Current log-likelihood: -20269.897
72. Current log-likelihood: -20269.764
Optimal log-likelihood: -20269.654
Rate parameters:  A-C: 1.24968  A-G: 4.59138  A-T: 1.30674  C-G: 1.23245  C-T: 6.63505  G-T: 1.00000
Base frequencies:  A: 0.286  C: 0.195  G: 0.238  T: 0.282
Site proportion and rates:  (0.607,0.086) (0.265,1.468) (0.110,3.770) (0.017,8.184)
Parameters optimization took 72 rounds (54.765 sec)
Wrote distance file to... 
Computing ML distances based on estimated model parameters...
Calculating distance matrix: done in 0.168971 secs using 99.99% CPU
Computing ML distances took 0.170906 sec (of wall-clock time) 0.170894 sec (of CPU time)
Setting up auxiliary I and S matrices: done in 0.00125694 secs using 100.1% CPU
Constructing RapidNJ tree: done in 0.00349712 secs using 214.4% CPU
Computing RapidNJ tree took 0.004924 sec (of wall-clock time) 0.008924 sec (of CPU time)
Log-likelihood of RapidNJ tree: -20312.921
--------------------------------------------------------------------
|             INITIALIZING CANDIDATE TREE SET                      |
--------------------------------------------------------------------
Generating 98 parsimony trees... 4.367 second
Computing log-likelihood of 98 initial trees ... 6.086 seconds
Current best score: -20240.233

Do NNI search on 20 best initial trees
Optimizing NNI: done in 0.620819 secs using 99.99% CPU
Estimate model parameters (epsilon = 0.100)
BETTER TREE FOUND at iteration 1: -20224.510
Optimizing NNI: done in 0.568276 secs using 99.29% CPU
Optimizing NNI: done in 0.572695 secs using 100% CPU
Optimizing NNI: done in 0.863509 secs using 59.81% CPU
Optimizing NNI: done in 0.39451 secs using 99.99% CPU
Optimizing NNI: done in 0.385804 secs using 100% CPU
Optimizing NNI: done in 0.387464 secs using 100% CPU
Optimizing NNI: done in 0.388482 secs using 99.99% CPU
Optimizing NNI: done in 0.444272 secs using 100% CPU
Optimizing NNI: done in 0.427465 secs using 99.99% CPU
Iteration 10 / LogL: -20226.126 / Time: 0h:3m:19s
Optimizing NNI: done in 0.409122 secs using 99.17% CPU
Optimizing NNI: done in 0.465063 secs using 99.99% CPU
Optimizing NNI: done in 0.387668 secs using 100% CPU
Estimate model parameters (epsilon = 0.100)
BETTER TREE FOUND at iteration 13: -20223.415
Optimizing NNI: done in 0.407596 secs using 99.99% CPU
Optimizing NNI: done in 0.420305 secs using 99.99% CPU
Optimizing NNI: done in 0.404806 secs using 100% CPU
Optimizing NNI: done in 0.422921 secs using 100% CPU
Optimizing NNI: done in 0.391755 secs using 99.99% CPU
Optimizing NNI: done in 0.407976 secs using 100% CPU
Optimizing NNI: done in 0.355211 secs using 99.99% CPU
Iteration 20 / LogL: -20236.192 / Time: 0h:3m:24s
Finish initializing candidate tree set (20)
Current best tree score: -20223.415 / CPU time: 21.643
Number of iterations: 20
--------------------------------------------------------------------
|               OPTIMIZING CANDIDATE TREE SET                      |
--------------------------------------------------------------------
Optimizing NNI: done in 0.560317 secs using 99.99% CPU
Optimizing NNI: done in 0.637987 secs using 100% CPU
Estimate model parameters (epsilon = 0.100)
BETTER TREE FOUND at iteration 22: -20222.047
Optimizing NNI: done in 0.552525 secs using 99.99% CPU
Estimate model parameters (epsilon = 0.100)
BETTER TREE FOUND at iteration 23: -20221.127
Optimizing NNI: done in 0.532649 secs using 99.99% CPU
Optimizing NNI: done in 0.58369 secs using 99.99% CPU
Estimate model parameters (epsilon = 0.100)
BETTER TREE FOUND at iteration 25: -20220.996
Optimizing NNI: done in 0.525357 secs using 99.99% CPU
Optimizing NNI: done in 0.724671 secs using 95.58% CPU
Optimizing NNI: done in 0.518904 secs using 100% CPU
Estimate model parameters (epsilon = 0.100)
BETTER TREE FOUND at iteration 28: -20220.641
Optimizing NNI: done in 0.660361 secs using 100% CPU
Optimizing NNI: done in 0.586842 secs using 100% CPU
Estimate model parameters (epsilon = 0.100)
BETTER TREE FOUND at iteration 30: -20219.320
Iteration 30 / LogL: -20219.320 / Time: 0h:3m:32s (0h:12m:11s left)
Optimizing NNI: done in 0.575579 secs using 99.31% CPU
Optimizing NNI: done in 0.507715 secs using 100% CPU
Optimizing NNI: done in 0.538882 secs using 99.99% CPU
Optimizing NNI: done in 0.681298 secs using 99.99% CPU
Optimizing NNI: done in 0.531506 secs using 100% CPU
Estimate model parameters (epsilon = 0.100)
BETTER TREE FOUND at iteration 35: -20219.081
Optimizing NNI: done in 0.580066 secs using 100% CPU
Optimizing NNI: done in 0.633416 secs using 99.99% CPU
Optimizing NNI: done in 0.584164 secs using 100% CPU
Optimizing NNI: done in 0.465731 secs using 99.99% CPU
Optimizing NNI: done in 0.626106 secs using 100% CPU
Iteration 40 / LogL: -20220.470 / Time: 0h:3m:38s (0h:8m:51s left)
Optimizing NNI: done in 0.674289 secs using 99.99% CPU
Optimizing NNI: done in 0.595366 secs using 99.99% CPU
Optimizing NNI: done in 0.652982 secs using 100% CPU
Optimizing NNI: done in 0.652268 secs using 99.99% CPU
Optimizing NNI: done in 0.581114 secs using 100% CPU
Estimate model parameters (epsilon = 0.100)
BETTER TREE FOUND at iteration 45: -20218.573
Optimizing NNI: done in 0.523516 secs using 100% CPU
UPDATE BEST LOG-LIKELIHOOD: -20218.571
Optimizing NNI: done in 0.478023 secs using 99.99% CPU
Optimizing NNI: done in 0.622219 secs using 100% CPU
Optimizing NNI: done in 0.634387 secs using 100% CPU
Optimizing NNI: done in 0.578894 secs using 99.99% CPU
Iteration 50 / LogL: -20222.253 / Time: 0h:3m:44s (0h:7m:15s left)
Optimizing NNI: done in 0.527353 secs using 100% CPU
BETTER TREE FOUND at iteration 51: -20218.571
Optimizing NNI: done in 0.836094 secs using 84.66% CPU
Optimizing NNI: done in 1.0565 secs using 81.39% CPU
Optimizing NNI: done in 1.05525 secs using 100% CPU
Optimizing NNI: done in 1.08854 secs using 99.99% CPU
Optimizing NNI: done in 1.13758 secs using 100% CPU
Optimizing NNI: done in 1.40908 secs using 69.11% CPU
Optimizing NNI: done in 0.901213 secs using 99.98% CPU
Optimizing NNI: done in 0.865772 secs using 99.68% CPU
Optimizing NNI: done in 1.32636 secs using 74.02% CPU
Iteration 60 / LogL: -20219.063 / Time: 0h:3m:55s (0h:6m:2s left)
Optimizing NNI: done in 1.10721 secs using 99.99% CPU
UPDATE BEST LOG-LIKELIHOOD: -20218.571
Optimizing NNI: done in 1.01249 secs using 100% CPU
Optimizing NNI: done in 0.758927 secs using 99.99% CPU
Optimizing NNI: done in 0.873626 secs using 100% CPU
Optimizing NNI: done in 1.04331 secs using 100% CPU
Optimizing NNI: done in 1.04208 secs using 100% CPU
Optimizing NNI: done in 0.835454 secs using 100% CPU
BETTER TREE FOUND at iteration 67: -20218.570
Optimizing NNI: done in 0.856672 secs using 99.99% CPU
Optimizing NNI: done in 0.762525 secs using 100% CPU
Optimizing NNI: done in 1.09909 secs using 99.99% CPU
Iteration 70 / LogL: -20224.167 / Time: 0h:4m:4s (0h:5m:44s left)
Optimizing NNI: done in 0.991243 secs using 100% CPU
Optimizing NNI: done in 0.983612 secs using 72.03% CPU
Optimizing NNI: done in 0.505007 secs using 100% CPU
Optimizing NNI: done in 0.7184 secs using 99.99% CPU
Optimizing NNI: done in 0.935066 secs using 100% CPU
Optimizing NNI: done in 0.928305 secs using 100% CPU
Optimizing NNI: done in 0.85151 secs using 100% CPU
Optimizing NNI: done in 1.01672 secs using 100% CPU
Optimizing NNI: done in 1.7172 secs using 78.29% CPU
Optimizing NNI: done in 0.974507 secs using 100% CPU
Iteration 80 / LogL: -20228.076 / Time: 0h:4m:14s (0h:4m:40s left)
Optimizing NNI: done in 0.845263 secs using 100% CPU
Optimizing NNI: done in 0.881732 secs using 100% CPU
Optimizing NNI: done in 0.974648 secs using 99.98% CPU
Optimizing NNI: done in 0.974585 secs using 100% CPU
Optimizing NNI: done in 1.0866 secs using 99.99% CPU
Optimizing NNI: done in 0.877746 secs using 100% CPU
Optimizing NNI: done in 0.988966 secs using 91.75% CPU
Optimizing NNI: done in 0.956907 secs using 78.84% CPU
Optimizing NNI: done in 0.872981 secs using 100% CPU
Estimate model parameters (epsilon = 0.100)
BETTER TREE FOUND at iteration 89: -20218.447
Optimizing NNI: done in 1.24646 secs using 77.57% CPU
Iteration 90 / LogL: -20220.921 / Time: 0h:4m:25s (0h:4m:54s left)
Optimizing NNI: done in 0.884939 secs using 85.33% CPU
Optimizing NNI: done in 0.827447 secs using 100% CPU
Optimizing NNI: done in 0.861402 secs using 99.69% CPU
Optimizing NNI: done in 0.948446 secs using 99.99% CPU
BETTER TREE FOUND at iteration 94: -20218.442
Optimizing NNI: done in 0.938773 secs using 100% CPU
Optimizing NNI: done in 1.06318 secs using 99.99% CPU
Optimizing NNI: done in 1.00871 secs using 99.99% CPU
Optimizing NNI: done in 1.12426 secs using 98.93% CPU
Optimizing NNI: done in 0.887973 secs using 100% CPU
Optimizing NNI: done in 1.04327 secs using 99.61% CPU
Iteration 100 / LogL: -20220.534 / Time: 0h:4m:34s (0h:4m:20s left)
Optimizing NNI: done in 1.06033 secs using 99.62% CPU
BETTER TREE FOUND at iteration 101: -20218.439
Optimizing NNI: done in 1.0399 secs using 99.99% CPU
Optimizing NNI: done in 1.11991 secs using 69.42% CPU
Optimizing NNI: done in 1.14595 secs using 99.69% CPU
Optimizing NNI: done in 1.00926 secs using 100% CPU
Optimizing NNI: done in 1.03386 secs using 99.61% CPU
Optimizing NNI: done in 0.832698 secs using 99.99% CPU
Optimizing NNI: done in 1.09582 secs using 99.99% CPU
Optimizing NNI: done in 1.07422 secs using 99.99% CPU
Optimizing NNI: done in 0.9359 secs using 99.14% CPU
Iteration 110 / LogL: -20227.308 / Time: 0h:4m:45s (0h:3m:58s left)
Optimizing NNI: done in 1.01702 secs using 100% CPU
Optimizing NNI: done in 0.984374 secs using 99.99% CPU
Optimizing NNI: done in 0.918455 secs using 100% CPU
Optimizing NNI: done in 0.836373 secs using 99.92% CPU
Optimizing NNI: done in 1.01054 secs using 100% CPU
Optimizing NNI: done in 0.918345 secs using 99.99% CPU
Optimizing NNI: done in 0.85826 secs using 99.52% CPU
Optimizing NNI: done in 0.940003 secs using 99.99% CPU
Optimizing NNI: done in 1.23507 secs using 77.17% CPU
Optimizing NNI: done in 1.01659 secs using 100% CPU
Iteration 120 / LogL: -20225.370 / Time: 0h:4m:55s (0h:3m:21s left)
Optimizing NNI: done in 1.12047 secs using 100% CPU
Optimizing NNI: done in 1.20219 secs using 99.99% CPU
Optimizing NNI: done in 0.933745 secs using 100% CPU
Optimizing NNI: done in 0.969497 secs using 99.99% CPU
Optimizing NNI: done in 0.820114 secs using 99.99% CPU
Optimizing NNI: done in 1.03716 secs using 100% CPU
Optimizing NNI: done in 0.995827 secs using 99.99% CPU
Optimizing NNI: done in 0.810861 secs using 99.98% CPU
Optimizing NNI: done in 0.860525 secs using 99.97% CPU
Optimizing NNI: done in 0.977391 secs using 98.37% CPU
Iteration 130 / LogL: -20219.645 / Time: 0h:5m:5s (0h:2m:48s left)
Optimizing NNI: done in 0.870489 secs using 100% CPU
Optimizing NNI: done in 0.943338 secs using 96.76% CPU
Optimizing NNI: done in 0.91139 secs using 99.99% CPU
Optimizing NNI: done in 0.88332 secs using 99.99% CPU
Optimizing NNI: done in 0.969377 secs using 99.86% CPU
Optimizing NNI: done in 1.18707 secs using 73.12% CPU
Optimizing NNI: done in 0.922853 secs using 70.08% CPU
Optimizing NNI: done in 1.24383 secs using 72.05% CPU
Optimizing NNI: done in 1.4809 secs using 64.27% CPU
Optimizing NNI: done in 0.86966 secs using 90.75% CPU
Iteration 140 / LogL: -20220.725 / Time: 0h:5m:15s (0h:2m:18s left)
Optimizing NNI: done in 1.07014 secs using 99.97% CPU
Optimizing NNI: done in 1.83414 secs using 66.33% CPU
Optimizing NNI: done in 1.69185 secs using 69.96% CPU
Optimizing NNI: done in 1.38452 secs using 77.34% CPU
Optimizing NNI: done in 0.825122 secs using 99.99% CPU
Optimizing NNI: done in 1.17832 secs using 66.73% CPU
Optimizing NNI: done in 1.85065 secs using 49.65% CPU
Optimizing NNI: done in 1.47826 secs using 58.16% CPU
Optimizing NNI: done in 1.352 secs using 73.4% CPU
Optimizing NNI: done in 1.38183 secs using 60.56% CPU
Iteration 150 / LogL: -20218.444 / Time: 0h:5m:30s (0h:1m:52s left)
Optimizing NNI: done in 1.07304 secs using 98.54% CPU
Optimizing NNI: done in 1.21593 secs using 83.53% CPU
Optimizing NNI: done in 1.07916 secs using 99.99% CPU
Optimizing NNI: done in 1.0736 secs using 99.63% CPU
Optimizing NNI: done in 1.24569 secs using 80.59% CPU
Optimizing NNI: done in 1.35 secs using 75.01% CPU
Optimizing NNI: done in 0.82808 secs using 99.85% CPU
Optimizing NNI: done in 0.902625 secs using 89.64% CPU
Optimizing NNI: done in 1.18914 secs using 75.74% CPU
Optimizing NNI: done in 1.28375 secs using 57.72% CPU
Iteration 160 / LogL: -20222.324 / Time: 0h:5m:41s (0h:1m:28s left)
Optimizing NNI: done in 1.54612 secs using 61.78% CPU
Optimizing NNI: done in 1.29813 secs using 64.09% CPU
Optimizing NNI: done in 1.46255 secs using 63.94% CPU
Optimizing NNI: done in 1.34914 secs using 69.15% CPU
Optimizing NNI: done in 1.51861 secs using 57.35% CPU
Optimizing NNI: done in 1.76002 secs using 66.72% CPU
Optimizing NNI: done in 1.38966 secs using 61.41% CPU
Optimizing NNI: done in 0.821632 secs using 99.73% CPU
Optimizing NNI: done in 0.807903 secs using 98.98% CPU
Optimizing NNI: done in 1.28878 secs using 76.83% CPU
Iteration 170 / LogL: -20233.066 / Time: 0h:5m:55s (0h:1m:5s left)
Optimizing NNI: done in 1.24701 secs using 62.06% CPU
Optimizing NNI: done in 1.40689 secs using 62.49% CPU
Optimizing NNI: done in 1.53525 secs using 54.4% CPU
Optimizing NNI: done in 1.45121 secs using 65.17% CPU
Optimizing NNI: done in 1.23288 secs using 80.53% CPU
Optimizing NNI: done in 0.749496 secs using 99.99% CPU
Optimizing NNI: done in 1.38487 secs using 59.18% CPU
Optimizing NNI: done in 0.966431 secs using 93.18% CPU
Optimizing NNI: done in 1.08573 secs using 80.09% CPU
Optimizing NNI: done in 1.22967 secs using 68.77% CPU
Iteration 180 / LogL: -20220.333 / Time: 0h:6m:7s (0h:0m:43s left)
Optimizing NNI: done in 0.89157 secs using 94.32% CPU
Optimizing NNI: done in 0.942339 secs using 94.05% CPU
Optimizing NNI: done in 0.960423 secs using 99.53% CPU
Optimizing NNI: done in 0.931923 secs using 98.37% CPU
Optimizing NNI: done in 0.840103 secs using 99.35% CPU
Optimizing NNI: done in 2.39311 secs using 59.01% CPU
Optimizing NNI: done in 0.865939 secs using 87.4% CPU
Optimizing NNI: done in 0.847339 secs using 99.59% CPU
Optimizing NNI: done in 1.51778 secs using 80.37% CPU
Optimizing NNI: done in 0.761658 secs using 98.77% CPU
Iteration 190 / LogL: -20219.987 / Time: 0h:6m:18s (0h:0m:22s left)
Optimizing NNI: done in 0.860835 secs using 92.49% CPU
Optimizing NNI: done in 1.45246 secs using 67.44% CPU
Optimizing NNI: done in 1.32676 secs using 71.72% CPU
Optimizing NNI: done in 1.59499 secs using 55.97% CPU
Optimizing NNI: done in 0.919301 secs using 99.99% CPU
Optimizing NNI: done in 1.04338 secs using 99.99% CPU
Optimizing NNI: done in 1.10606 secs using 99.99% CPU
Optimizing NNI: done in 1.15109 secs using 75.33% CPU
Optimizing NNI: done in 1.70359 secs using 59.24% CPU
UPDATE BEST LOG-LIKELIHOOD: -20218.438
Optimizing NNI: done in 1.09477 secs using 93.95% CPU
Iteration 200 / LogL: -20220.194 / Time: 0h:6m:31s (0h:0m:1s left)
Optimizing NNI: done in 1.01263 secs using 90.52% CPU
Optimizing NNI: done in 0.676651 secs using 100% CPU
TREE SEARCH COMPLETED AFTER 202 ITERATIONS / Time: 0h:6m:33s

--------------------------------------------------------------------
|                    FINALIZING TREE SEARCH                        |
--------------------------------------------------------------------
Performs final model parameters optimization
Estimate model parameters (epsilon = 0.010)
1. Initial log-likelihood: -20218.438
2. Current log-likelihood: -20218.420
Optimal log-likelihood: -20218.408
Rate parameters:  A-C: 1.24313  A-G: 4.69738  A-T: 1.30302  C-G: 1.19169  C-T: 6.69616  G-T: 1.00000
Base frequencies:  A: 0.286  C: 0.195  G: 0.238  T: 0.282
Site proportion and rates:  (0.605,0.081) (0.267,1.449) (0.111,3.817) (0.017,8.408)
Parameters optimization took 2 rounds (1.469 sec)
BEST SCORE FOUND : -20218.408
Total tree length: 2.911

Total number of iterations: 202
CPU time used for tree search: 186.380 sec (0h:3m:6s)
Wall-clock time used for tree search: 209.923 sec (0h:3m:29s)
Total CPU time used: 363.484 sec (0h:6m:3s)
Total wall-clock time used: 394.533 sec (0h:6m:34s)

Analysis results written to: 
  IQ-TREE report:                1G10240_iqtree_preliminary_superstrict_excluding_hybrids.iqtree
  Maximum-likelihood tree:       1G10240_iqtree_preliminary_superstrict_excluding_hybrids.treefile
  Likelihood distances:          1G10240_iqtree_preliminary_superstrict_excluding_hybrids.mldist
  Screen log file:               1G10240_iqtree_preliminary_superstrict_excluding_hybrids.log

ALISIM COMMAND
--------------
--alisim simulated_MSA -t 1G10240_iqtree_preliminary_superstrict_excluding_hybrids.treefile -m "GTR{1.24313,4.69738,1.30302,1.19169,6.69616}+F{0.286028,0.194548,0.237608,0.281817}+R4{0.605102,0.0807575,0.26741,1.44909,0.110717,3.81705,0.0167721,8.40816}" --length 1317

Date and Time: Fri Jun  2 07:51:08 2023
