IQ-TREE multicore version 2.2.2 COVID-edition for Linux 64-bit built Sep 20 2022
Developed by Bui Quang Minh, James Barbetti, Nguyen Lam Tung,
Olga Chernomor, Heiko Schmidt, Dominik Schrempf, Michael Woodhams, Ly Trong Nhan.

Host:    netdc-bms-c11f (AVX2, FMA3, 377 GB RAM)
Command: /home/kasper.hendriks/iqtree-2.2.2-Linux/bin/iqtree2 -s 1G49040_taper_preliminary_superstrict_excluding_hybrids.fasta -nm 1000 -m GTR+F+R -nt AUTO --prefix 1G49040_iqtree_preliminary_superstrict_excluding_hybrids
Seed:    468103 (Using SPRNG - Scalable Parallel Random Number Generator)
Time:    Fri Jun  2 07:44:40 2023
Kernel:  AVX+FMA - auto-detect threads (56 CPU cores detected)

Reading alignment file 1G49040_taper_preliminary_superstrict_excluding_hybrids.fasta ... Fasta format detected
Reading fasta file: done in 0.00203204 secs using 99.9% CPU
Alignment most likely contains DNA/RNA sequences
Constructing alignment: done in 0.0239501 secs using 748.1% CPU
Alignment has 131 sequences with 644 columns, 416 distinct patterns
251 parsimony-informative, 75 singleton sites, 318 constant sites
               Gap/Ambiguity  Composition  p-value
Analyzing sequences: done in 0.00600505 secs using 790.8% CPU
   1  PAFTOL_019361   30.28%    passed     41.50%
   2  S0055            0.00%    passed     99.94%
   3  S0196sl         39.44%    passed     97.79%
   4  S0278            0.00%    passed     99.21%
   5  S0281            0.00%    passed     98.53%
   6  S0282            0.00%    passed     99.73%
   7  S0288           40.84%    passed     77.48%
   8  S0289            1.71%    passed     96.69%
   9  S0292            0.16%    passed     98.72%
  10  S0293           36.80%    passed     98.16%
  11  S0294            0.62%    passed     88.23%
  12  S0299            3.42%    passed     90.78%
  13  S0303            0.00%    passed     97.77%
  14  S0308            0.31%    passed     91.27%
  15  S0320            0.31%    passed     99.41%
  16  S0322            0.16%    passed     96.26%
  17  S0327            0.00%    passed     98.90%
  18  S0335            0.31%    passed     99.33%
  19  S0345           71.58%    passed     81.82%
  20  S0355            2.48%    passed     88.14%
  21  S0376            3.88%    passed     85.03%
  22  S0400            0.00%    passed     98.37%
  23  S0405            0.16%    passed     96.29%
  24  S0407sl          1.24%    passed     95.43%
  25  S0412sl          0.16%    passed     84.76%
  26  S0417            0.16%    passed     97.89%
  27  S0419            0.00%    passed     99.04%
  28  S0427            0.00%    passed     97.09%
  29  S0428sl          5.12%    passed     97.01%
  30  S0430            0.47%    passed     99.07%
  31  S0478            0.00%    passed     99.66%
  32  S0552sl          0.31%    passed     98.08%
  33  S0558            0.00%    passed     91.66%
  34  S0616            0.00%    passed     91.64%
  35  S0624            0.00%    passed     96.73%
  36  S0641            0.00%    passed     99.13%
  37  S0643           36.65%    passed     82.27%
  38  S0645sl          0.47%    passed     95.15%
  39  S0656sl          0.78%    passed     99.88%
  40  S0673            0.00%    passed     96.24%
  41  S0689            1.71%    passed     99.44%
  42  S0690            0.78%    passed     97.38%
  43  S0720            0.31%    passed     90.76%
  44  S0724sl          0.16%    passed     94.15%
  45  S0735            0.16%    passed     86.50%
  46  S0742            0.00%    passed     82.44%
  47  S0748            0.00%    passed     98.87%
  48  S0756            0.00%    passed     99.72%
  49  S0760            0.00%    passed     96.57%
  50  S0763            0.16%    passed     99.05%
  51  S0770            0.00%    passed     97.15%
  52  S0771            0.00%    passed     94.63%
  53  S0795            0.62%    passed     91.49%
  54  S0827            0.16%    passed     99.83%
  55  S0888            3.11%    passed     89.93%
  56  S0894            0.16%    passed     95.63%
  57  S0899            0.00%    passed     98.96%
  58  S0906            0.00%    passed     99.96%
  59  S0952           28.11%    passed     99.46%
  60  S0956            0.00%    passed     98.91%
  61  S0959            0.16%    passed     97.67%
  62  S0960            0.62%    passed     98.54%
  63  S0964            0.47%    passed     98.73%
  64  S1052sl         34.01%    passed     94.90%
  65  S1083            0.00%    passed     91.88%
  66  S1100            2.48%    passed     76.70%
  67  S1102            0.00%    passed     83.94%
  68  S1110           30.28%    passed     59.76%
  69  S1120            0.31%    passed     96.58%
  70  S1128            0.93%    passed     98.49%
  71  S1129sl          2.95%    passed     99.69%
  72  S1148            0.31%    passed     84.45%
  73  S1177            0.00%    passed     97.46%
  74  S1180            0.47%    passed     74.96%
  75  S1187sl          5.43%    passed     83.86%
  76  S1189            0.00%    passed     92.31%
  77  S1201sl          0.00%    passed     99.06%
  78  S1210            0.16%    passed     91.49%
  79  S1211            0.00%    passed     99.27%
  80  S1214sl          0.16%    passed     95.28%
  81  S1223            1.24%    passed     86.84%
  82  S1227            0.00%    passed     99.88%
  83  S1235sl          0.16%    passed     98.34%
  84  S1238sl          1.40%    passed     94.92%
  85  S1239            0.00%    passed     99.50%
  86  S1245            0.00%    passed     95.87%
  87  S1246            0.16%    passed     95.93%
  88  S1249            0.62%    passed     98.44%
  89  S1250sl          0.47%    passed     99.13%
  90  S1251            0.47%    passed     93.83%
  91  S1260            0.16%    passed     95.54%
  92  S1266sl          0.31%    passed     96.12%
  93  S1269           31.06%    passed     86.35%
  94  S1278            0.00%    passed     99.13%
  95  S1315            1.09%    passed     99.68%
  96  S1332            0.00%    passed     99.94%
  97  S1366            0.00%    passed     93.41%
  98  S1369            0.93%    passed     98.85%
  99  S1370            0.16%    passed     99.41%
 100  S1375            0.00%    passed     99.19%
 101  S1376            0.00%    passed     95.80%
 102  S1381            0.16%    passed     99.43%
 103  S1405            5.90%    passed     97.92%
 104  S1422            0.16%    passed     99.68%
 105  S1449            0.00%    passed     99.75%
 106  S1451            0.00%    passed     97.78%
 107  S1460            0.16%    passed     98.63%
 108  S1462            0.00%    passed     95.90%
 109  S1475            3.57%    passed     91.81%
 110  S1498            0.16%    passed     91.24%
 111  S1539            1.86%    passed     89.87%
 112  S_670            0.16%    passed     98.73%
 113  SRR11470320      0.00%    passed     94.02%
 114  SRR8528336       1.09%    passed     85.67%
 115  SRR8528341       0.00%    passed     99.88%
 116  SRR8528343       0.00%    passed     98.24%
 117  SRR8528347       0.00%    passed     94.99%
 118  SRR8528350       0.31%    passed     99.46%
 119  SRR8528354       0.00%    passed     96.10%
 120  SRR8528357       0.00%    passed     97.58%
 121  SRR8528359       0.16%    passed     98.83%
 122  SRR8528361       0.78%    passed     99.00%
 123  SRR8528365       0.00%    passed     99.06%
 124  SRR8528370       0.00%    passed     94.45%
 125  SRR8528372       0.16%    passed     99.64%
 126  SRR8528379       0.00%    passed     99.89%
 127  SRR8528381       0.00%    passed     89.94%
 128  SRR8528384       0.00%    passed     98.88%
 129  SRR8528389       0.00%    passed     99.60%
 130  SRR8528391       0.00%    passed     98.19%
 131  SRR8528400       0.62%    passed     99.95%
WARNING: 1 sequences contain more than 50% gaps/ambiguity
****  TOTAL            3.40%  0 sequences failed composition chi2 test (p-value<5%; df=3)
Checking for duplicate sequences: done in 0.0171781 secs using 782.4% CPU

Create initial parsimony tree by phylogenetic likelihood library (PLL)... 0.238 seconds

NOTE: 7 MB RAM (0 GB) is required!
Measuring multi-threading efficiency up to 56 CPU cores
Increase to 10 rounds for branch lengths
271 trees examined
Threads: 1 / Time: 56.100 sec / Speedup: 1.000 / Efficiency: 100% / LogL: -13793
Threads: 2 / Time: 70.860 sec / Speedup: 0.792 / Efficiency: 40% / LogL: -13793
Determining AUTO threadcount: done in 126.962 secs using 117% CPU
BEST NUMBER OF THREADS: 1

Estimate model parameters (epsilon = 0.100)
1. Initial log-likelihood: -8532.834
2. Current log-likelihood: -8189.888
3. Current log-likelihood: -8171.798
4. Current log-likelihood: -8160.262
5. Current log-likelihood: -8155.166
6. Current log-likelihood: -8153.350
7. Current log-likelihood: -8152.475
8. Current log-likelihood: -8151.894
9. Current log-likelihood: -8151.484
10. Current log-likelihood: -8151.176
11. Current log-likelihood: -8151.003
12. Current log-likelihood: -8150.846
13. Current log-likelihood: -8150.695
14. Current log-likelihood: -8150.539
15. Current log-likelihood: -8150.364
16. Current log-likelihood: -8150.158
17. Current log-likelihood: -8149.914
18. Current log-likelihood: -8149.639
19. Current log-likelihood: -8149.351
20. Current log-likelihood: -8149.070
21. Current log-likelihood: -8148.806
22. Current log-likelihood: -8148.556
23. Current log-likelihood: -8148.316
24. Current log-likelihood: -8148.079
25. Current log-likelihood: -8147.840
26. Current log-likelihood: -8147.600
27. Current log-likelihood: -8147.361
28. Current log-likelihood: -8147.126
29. Current log-likelihood: -8146.898
30. Current log-likelihood: -8146.679
31. Current log-likelihood: -8146.472
32. Current log-likelihood: -8146.277
33. Current log-likelihood: -8146.095
34. Current log-likelihood: -8145.926
35. Current log-likelihood: -8145.769
36. Current log-likelihood: -8145.625
37. Current log-likelihood: -8145.491
38. Current log-likelihood: -8145.369
39. Current log-likelihood: -8145.257
40. Current log-likelihood: -8145.154
Optimal log-likelihood: -8145.035
Rate parameters:  A-C: 1.18295  A-G: 3.98221  A-T: 1.49591  C-G: 1.10079  C-T: 4.30472  G-T: 1.00000
Base frequencies:  A: 0.250  C: 0.205  G: 0.256  T: 0.289
Site proportion and rates:  (0.596,0.118) (0.200,1.203) (0.177,2.692) (0.026,8.060)
Parameters optimization took 40 rounds (12.921 sec)
Wrote distance file to... 
Computing ML distances based on estimated model parameters...
Calculating distance matrix: done in 0.137417 secs using 99.48% CPU
Computing ML distances took 0.138045 sec (of wall-clock time) 0.137330 sec (of CPU time)
Setting up auxiliary I and S matrices: done in 0.00115395 secs using 446.6% CPU
Constructing RapidNJ tree: done in 0.00281692 secs using 100% CPU
Computing RapidNJ tree took 0.004101 sec (of wall-clock time) 0.008099 sec (of CPU time)
Log-likelihood of RapidNJ tree: -8198.908
--------------------------------------------------------------------
|             INITIALIZING CANDIDATE TREE SET                      |
--------------------------------------------------------------------
Generating 98 parsimony trees... 2.859 second
Computing log-likelihood of 98 initial trees ... 2.793 seconds
Current best score: -8127.795

Do NNI search on 20 best initial trees
Optimizing NNI: done in 0.362351 secs using 99.99% CPU
Estimate model parameters (epsilon = 0.100)
BETTER TREE FOUND at iteration 1: -8113.415
Optimizing NNI: done in 0.360756 secs using 99.98% CPU
Optimizing NNI: done in 0.334349 secs using 100% CPU
Optimizing NNI: done in 0.285563 secs using 100% CPU
Optimizing NNI: done in 0.349892 secs using 99.99% CPU
Optimizing NNI: done in 0.368182 secs using 97.83% CPU
Optimizing NNI: done in 0.309301 secs using 99.97% CPU
Optimizing NNI: done in 0.421158 secs using 99.05% CPU
Optimizing NNI: done in 0.355223 secs using 100% CPU
Optimizing NNI: done in 0.346825 secs using 100% CPU
Iteration 10 / LogL: -8125.078 / Time: 0h:2m:30s
Optimizing NNI: done in 0.283342 secs using 99.98% CPU
Optimizing NNI: done in 0.369117 secs using 100% CPU
Optimizing NNI: done in 0.379602 secs using 100% CPU
Optimizing NNI: done in 0.398968 secs using 99.97% CPU
Optimizing NNI: done in 0.359374 secs using 100% CPU
Optimizing NNI: done in 0.343123 secs using 99.99% CPU
Optimizing NNI: done in 0.368616 secs using 98.89% CPU
Optimizing NNI: done in 0.405967 secs using 100% CPU
Optimizing NNI: done in 0.366906 secs using 99.98% CPU
Optimizing NNI: done in 0.350363 secs using 100% CPU
Iteration 20 / LogL: -8119.030 / Time: 0h:2m:34s
Finish initializing candidate tree set (20)
Current best tree score: -8113.415 / CPU time: 13.558
Number of iterations: 20
--------------------------------------------------------------------
|               OPTIMIZING CANDIDATE TREE SET                      |
--------------------------------------------------------------------
Optimizing NNI: done in 0.404081 secs using 99.99% CPU
Optimizing NNI: done in 0.551663 secs using 100% CPU
Optimizing NNI: done in 0.341245 secs using 100% CPU
Optimizing NNI: done in 0.315793 secs using 99.99% CPU
Optimizing NNI: done in 0.373328 secs using 100% CPU
Estimate model parameters (epsilon = 0.100)
BETTER TREE FOUND at iteration 25: -8110.353
Optimizing NNI: done in 0.457327 secs using 100% CPU
Optimizing NNI: done in 0.481778 secs using 100% CPU
Optimizing NNI: done in 0.36862 secs using 99.99% CPU
Optimizing NNI: done in 0.371715 secs using 100% CPU
Optimizing NNI: done in 0.350732 secs using 97.74% CPU
Iteration 30 / LogL: -8134.983 / Time: 0h:2m:38s (0h:8m:38s left)
Optimizing NNI: done in 0.299604 secs using 99.99% CPU
Optimizing NNI: done in 0.34408 secs using 100% CPU
Optimizing NNI: done in 0.377881 secs using 99.99% CPU
Optimizing NNI: done in 0.266688 secs using 99.99% CPU
Optimizing NNI: done in 0.285681 secs using 98.62% CPU
Optimizing NNI: done in 0.415447 secs using 99.98% CPU
Optimizing NNI: done in 0.35074 secs using 100% CPU
Optimizing NNI: done in 0.340598 secs using 100% CPU
Estimate model parameters (epsilon = 0.100)
BETTER TREE FOUND at iteration 38: -8110.180
Optimizing NNI: done in 0.313404 secs using 99.99% CPU
Optimizing NNI: done in 0.35945 secs using 100% CPU
Iteration 40 / LogL: -8138.227 / Time: 0h:2m:42s (0h:6m:46s left)
Optimizing NNI: done in 0.270063 secs using 100% CPU
Optimizing NNI: done in 0.397304 secs using 99.99% CPU
Optimizing NNI: done in 0.475114 secs using 99.18% CPU
Optimizing NNI: done in 0.363142 secs using 99.98% CPU
Optimizing NNI: done in 0.376683 secs using 100% CPU
BETTER TREE FOUND at iteration 45: -8110.174
Optimizing NNI: done in 0.399984 secs using 99.98% CPU
Estimate model parameters (epsilon = 0.100)
BETTER TREE FOUND at iteration 46: -8108.514
Optimizing NNI: done in 0.324984 secs using 99.98% CPU
Optimizing NNI: done in 0.333857 secs using 100% CPU
Optimizing NNI: done in 0.353245 secs using 99.99% CPU
Optimizing NNI: done in 0.396364 secs using 100% CPU
Iteration 50 / LogL: -8109.630 / Time: 0h:2m:46s (0h:5m:24s left)
Optimizing NNI: done in 0.301966 secs using 98.69% CPU
Optimizing NNI: done in 0.269943 secs using 99.98% CPU
Optimizing NNI: done in 0.30007 secs using 100% CPU
Optimizing NNI: done in 0.363891 secs using 100% CPU
Optimizing NNI: done in 0.382379 secs using 99.99% CPU
Optimizing NNI: done in 0.329953 secs using 100% CPU
Optimizing NNI: done in 0.301154 secs using 100% CPU
Optimizing NNI: done in 0.329207 secs using 99.97% CPU
Optimizing NNI: done in 0.299835 secs using 100% CPU
Optimizing NNI: done in 0.342095 secs using 100% CPU
Iteration 60 / LogL: -8109.669 / Time: 0h:2m:49s (0h:4m:6s left)
Optimizing NNI: done in 0.37337 secs using 99.99% CPU
Optimizing NNI: done in 0.350438 secs using 99.99% CPU
Optimizing NNI: done in 0.34826 secs using 99.99% CPU
Optimizing NNI: done in 0.284696 secs using 99.99% CPU
Optimizing NNI: done in 0.401668 secs using 100% CPU
Optimizing NNI: done in 0.32916 secs using 99.99% CPU
Optimizing NNI: done in 0.302365 secs using 100% CPU
Optimizing NNI: done in 0.353273 secs using 100% CPU
Optimizing NNI: done in 0.447433 secs using 99.98% CPU
Optimizing NNI: done in 0.368277 secs using 100% CPU
Iteration 70 / LogL: -8113.888 / Time: 0h:2m:53s (0h:3m:10s left)
Optimizing NNI: done in 0.366315 secs using 99.99% CPU
Optimizing NNI: done in 0.608559 secs using 99.99% CPU
Optimizing NNI: done in 0.374695 secs using 99.99% CPU
Optimizing NNI: done in 0.395215 secs using 99.99% CPU
Optimizing NNI: done in 0.354387 secs using 100% CPU
Optimizing NNI: done in 0.27014 secs using 100% CPU
BETTER TREE FOUND at iteration 76: -8108.509
Optimizing NNI: done in 0.383528 secs using 99.98% CPU
Optimizing NNI: done in 0.315554 secs using 98.8% CPU
Optimizing NNI: done in 0.269362 secs using 100% CPU
Optimizing NNI: done in 0.297035 secs using 99.97% CPU
Iteration 80 / LogL: -8112.594 / Time: 0h:2m:56s (0h:3m:34s left)
Optimizing NNI: done in 0.363733 secs using 100% CPU
Optimizing NNI: done in 0.352829 secs using 99.98% CPU
Optimizing NNI: done in 0.340354 secs using 100% CPU
Optimizing NNI: done in 0.362675 secs using 99.99% CPU
Optimizing NNI: done in 0.288102 secs using 99.99% CPU
Optimizing NNI: done in 0.302241 secs using 100% CPU
Optimizing NNI: done in 0.327869 secs using 100% CPU
BETTER TREE FOUND at iteration 87: -8108.509
Optimizing NNI: done in 0.415112 secs using 99.99% CPU
Optimizing NNI: done in 0.326902 secs using 100% CPU
Optimizing NNI: done in 0.333236 secs using 100% CPU
Iteration 90 / LogL: -8116.118 / Time: 0h:3m:0s (0h:3m:16s left)
Optimizing NNI: done in 0.319621 secs using 99.97% CPU
Optimizing NNI: done in 0.396635 secs using 100% CPU
Optimizing NNI: done in 0.286882 secs using 100% CPU
Optimizing NNI: done in 0.305144 secs using 99.99% CPU
Optimizing NNI: done in 0.342477 secs using 100% CPU
Optimizing NNI: done in 0.299315 secs using 99.99% CPU
Optimizing NNI: done in 0.463086 secs using 99.99% CPU
Optimizing NNI: done in 0.409795 secs using 100% CPU
Optimizing NNI: done in 0.262425 secs using 100% CPU
Optimizing NNI: done in 0.316533 secs using 99.99% CPU
Iteration 100 / LogL: -8116.182 / Time: 0h:3m:3s (0h:2m:41s left)
Optimizing NNI: done in 0.33701 secs using 100% CPU
Optimizing NNI: done in 0.318822 secs using 100% CPU
Optimizing NNI: done in 0.363693 secs using 99.97% CPU
Optimizing NNI: done in 0.289675 secs using 100% CPU
Optimizing NNI: done in 0.297252 secs using 98.71% CPU
Optimizing NNI: done in 0.369719 secs using 99.99% CPU
Optimizing NNI: done in 0.259907 secs using 100% CPU
Optimizing NNI: done in 0.312432 secs using 99.99% CPU
Optimizing NNI: done in 0.336187 secs using 99.99% CPU
Optimizing NNI: done in 0.281597 secs using 100% CPU
Iteration 110 / LogL: -8127.504 / Time: 0h:3m:7s (0h:2m:11s left)
Optimizing NNI: done in 0.478941 secs using 100% CPU
Optimizing NNI: done in 0.281505 secs using 100% CPU
Optimizing NNI: done in 0.314044 secs using 100% CPU
Optimizing NNI: done in 0.360155 secs using 100% CPU
Optimizing NNI: done in 0.317802 secs using 99.98% CPU
Optimizing NNI: done in 0.413673 secs using 100% CPU
Optimizing NNI: done in 0.509125 secs using 99.96% CPU
Optimizing NNI: done in 0.583759 secs using 99.99% CPU
Optimizing NNI: done in 0.649199 secs using 100% CPU
Optimizing NNI: done in 0.655895 secs using 100% CPU
Iteration 120 / LogL: -8108.512 / Time: 0h:3m:11s (0h:1m:47s left)
Optimizing NNI: done in 0.696449 secs using 100% CPU
Optimizing NNI: done in 0.531722 secs using 100% CPU
Optimizing NNI: done in 0.517488 secs using 99.99% CPU
Optimizing NNI: done in 0.71323 secs using 100% CPU
Optimizing NNI: done in 0.567474 secs using 100% CPU
Optimizing NNI: done in 0.466925 secs using 100% CPU
Optimizing NNI: done in 0.573078 secs using 100% CPU
Optimizing NNI: done in 0.589868 secs using 100% CPU
Optimizing NNI: done in 0.588631 secs using 100% CPU
Optimizing NNI: done in 0.463774 secs using 100% CPU
Iteration 130 / LogL: -8108.513 / Time: 0h:3m:17s (0h:1m:27s left)
Optimizing NNI: done in 0.45001 secs using 100% CPU
Optimizing NNI: done in 0.584137 secs using 100% CPU
Optimizing NNI: done in 0.403051 secs using 100% CPU
Estimate model parameters (epsilon = 0.100)
BETTER TREE FOUND at iteration 133: -8108.427
Optimizing NNI: done in 0.603101 secs using 100% CPU
Optimizing NNI: done in 0.590222 secs using 99.99% CPU
Optimizing NNI: done in 0.59007 secs using 100% CPU
Optimizing NNI: done in 0.540868 secs using 100% CPU
Optimizing NNI: done in 0.581543 secs using 99.32% CPU
Optimizing NNI: done in 0.617215 secs using 100% CPU
Optimizing NNI: done in 0.610647 secs using 99.99% CPU
Iteration 140 / LogL: -8122.963 / Time: 0h:3m:23s (0h:2m:15s left)
Optimizing NNI: done in 0.448026 secs using 100% CPU
Optimizing NNI: done in 0.533689 secs using 100% CPU
Optimizing NNI: done in 0.535081 secs using 100% CPU
Optimizing NNI: done in 0.574381 secs using 100% CPU
Optimizing NNI: done in 0.636552 secs using 100% CPU
Optimizing NNI: done in 0.496148 secs using 100% CPU
Optimizing NNI: done in 0.577102 secs using 100% CPU
Optimizing NNI: done in 0.518608 secs using 100% CPU
Optimizing NNI: done in 0.501336 secs using 100% CPU
Optimizing NNI: done in 0.604348 secs using 100% CPU
Iteration 150 / LogL: -8124.367 / Time: 0h:3m:29s (0h:1m:56s left)
Optimizing NNI: done in 0.616024 secs using 100% CPU
Optimizing NNI: done in 0.424249 secs using 100% CPU
Optimizing NNI: done in 0.57405 secs using 100% CPU
Optimizing NNI: done in 0.559306 secs using 100% CPU
Optimizing NNI: done in 0.712471 secs using 100% CPU
Optimizing NNI: done in 0.553967 secs using 100% CPU
Optimizing NNI: done in 0.545835 secs using 100% CPU
Optimizing NNI: done in 0.5101 secs using 100% CPU
Optimizing NNI: done in 0.549038 secs using 100% CPU
Optimizing NNI: done in 0.576801 secs using 100% CPU
Iteration 160 / LogL: -8109.449 / Time: 0h:3m:34s (0h:1m:38s left)
Optimizing NNI: done in 0.615328 secs using 100% CPU
Optimizing NNI: done in 0.594647 secs using 100% CPU
Optimizing NNI: done in 0.597885 secs using 100% CPU
Optimizing NNI: done in 0.528957 secs using 99.28% CPU
Optimizing NNI: done in 0.569228 secs using 100% CPU
Optimizing NNI: done in 0.664472 secs using 100% CPU
Optimizing NNI: done in 0.564413 secs using 99.99% CPU
Optimizing NNI: done in 0.574313 secs using 99.3% CPU
Optimizing NNI: done in 0.505933 secs using 99.22% CPU
BETTER TREE FOUND at iteration 169: -8108.426
Optimizing NNI: done in 0.573516 secs using 100% CPU
Iteration 170 / LogL: -8108.581 / Time: 0h:3m:40s (0h:2m:9s left)
Optimizing NNI: done in 0.704949 secs using 100% CPU
Optimizing NNI: done in 0.542046 secs using 100% CPU
Optimizing NNI: done in 0.663101 secs using 100% CPU
Optimizing NNI: done in 0.634223 secs using 100% CPU
Optimizing NNI: done in 0.506547 secs using 99.99% CPU
Optimizing NNI: done in 0.531527 secs using 100% CPU
Optimizing NNI: done in 0.548487 secs using 100% CPU
Optimizing NNI: done in 0.565218 secs using 100% CPU
Optimizing NNI: done in 0.52559 secs using 100% CPU
Optimizing NNI: done in 0.500035 secs using 100% CPU
Iteration 180 / LogL: -8116.065 / Time: 0h:3m:46s (0h:1m:52s left)
Optimizing NNI: done in 0.544911 secs using 100% CPU
Optimizing NNI: done in 0.570836 secs using 99.99% CPU
Optimizing NNI: done in 0.445374 secs using 100% CPU
BETTER TREE FOUND at iteration 183: -8108.424
Optimizing NNI: done in 0.45633 secs using 99.99% CPU
Optimizing NNI: done in 0.479852 secs using 100% CPU
Optimizing NNI: done in 0.552465 secs using 99.31% CPU
Optimizing NNI: done in 0.638588 secs using 100% CPU
Optimizing NNI: done in 0.590893 secs using 100% CPU
Optimizing NNI: done in 0.595277 secs using 100% CPU
Optimizing NNI: done in 0.468499 secs using 100% CPU
Iteration 190 / LogL: -8121.994 / Time: 0h:3m:52s (0h:1m:54s left)
Optimizing NNI: done in 0.577816 secs using 100% CPU
Optimizing NNI: done in 0.616598 secs using 100% CPU
Optimizing NNI: done in 0.539511 secs using 100% CPU
Optimizing NNI: done in 0.600921 secs using 100% CPU
Optimizing NNI: done in 0.717732 secs using 100% CPU
Optimizing NNI: done in 0.517203 secs using 100% CPU
Optimizing NNI: done in 0.562605 secs using 100% CPU
Optimizing NNI: done in 0.469624 secs using 100% CPU
Optimizing NNI: done in 0.552967 secs using 100% CPU
Optimizing NNI: done in 0.596781 secs using 100% CPU
Iteration 200 / LogL: -8111.059 / Time: 0h:3m:57s (0h:1m:39s left)
Optimizing NNI: done in 0.574698 secs using 100% CPU
Optimizing NNI: done in 0.489445 secs using 99.99% CPU
Optimizing NNI: done in 0.609608 secs using 100% CPU
Optimizing NNI: done in 0.581314 secs using 100% CPU
Optimizing NNI: done in 0.694027 secs using 99.99% CPU
Optimizing NNI: done in 0.475394 secs using 100% CPU
BETTER TREE FOUND at iteration 206: -8108.423
Optimizing NNI: done in 0.529729 secs using 99.95% CPU
Optimizing NNI: done in 0.594963 secs using 100% CPU
Optimizing NNI: done in 0.58902 secs using 100% CPU
Optimizing NNI: done in 0.6963 secs using 100% CPU
Iteration 210 / LogL: -8118.840 / Time: 0h:4m:3s (0h:1m:51s left)
Optimizing NNI: done in 0.607913 secs using 99.37% CPU
Optimizing NNI: done in 0.505377 secs using 99.99% CPU
Optimizing NNI: done in 0.586095 secs using 99.99% CPU
Optimizing NNI: done in 0.650278 secs using 87.69% CPU
Optimizing NNI: done in 0.744673 secs using 100% CPU
Optimizing NNI: done in 0.60018 secs using 100% CPU
Optimizing NNI: done in 0.660846 secs using 100% CPU
Optimizing NNI: done in 0.654345 secs using 100% CPU
Optimizing NNI: done in 0.508164 secs using 100% CPU
Optimizing NNI: done in 0.639965 secs using 100% CPU
Iteration 220 / LogL: -8108.473 / Time: 0h:4m:10s (0h:1m:38s left)
Optimizing NNI: done in 0.604003 secs using 100% CPU
Optimizing NNI: done in 0.553528 secs using 100% CPU
Optimizing NNI: done in 0.537173 secs using 100% CPU
Optimizing NNI: done in 0.453966 secs using 100% CPU
Optimizing NNI: done in 0.588696 secs using 100% CPU
Optimizing NNI: done in 0.445614 secs using 100% CPU
Optimizing NNI: done in 0.490318 secs using 100% CPU
Optimizing NNI: done in 0.403761 secs using 99.99% CPU
Optimizing NNI: done in 0.466574 secs using 99.16% CPU
Optimizing NNI: done in 0.33162 secs using 100% CPU
Iteration 230 / LogL: -8112.557 / Time: 0h:4m:15s (0h:1m:24s left)
Optimizing NNI: done in 0.292114 secs using 100% CPU
BETTER TREE FOUND at iteration 231: -8108.422
Optimizing NNI: done in 0.351984 secs using 100% CPU
Optimizing NNI: done in 0.368566 secs using 100% CPU
Optimizing NNI: done in 0.359073 secs using 100% CPU
Optimizing NNI: done in 0.419937 secs using 100% CPU
Optimizing NNI: done in 0.290443 secs using 100% CPU
Optimizing NNI: done in 0.34475 secs using 99.99% CPU
Optimizing NNI: done in 0.425742 secs using 99.06% CPU
Optimizing NNI: done in 0.365002 secs using 99.99% CPU
Optimizing NNI: done in 0.448966 secs using 100% CPU
Iteration 240 / LogL: -8124.165 / Time: 0h:4m:18s (0h:1m:38s left)
Optimizing NNI: done in 0.436385 secs using 100% CPU
Optimizing NNI: done in 0.362247 secs using 100% CPU
Optimizing NNI: done in 0.292808 secs using 100% CPU
Optimizing NNI: done in 0.292568 secs using 100% CPU
Optimizing NNI: done in 0.31853 secs using 100% CPU
Optimizing NNI: done in 0.342305 secs using 98.84% CPU
Optimizing NNI: done in 0.33516 secs using 100% CPU
Optimizing NNI: done in 0.319299 secs using 100% CPU
Optimizing NNI: done in 0.339233 secs using 100% CPU
Optimizing NNI: done in 0.307346 secs using 100% CPU
Iteration 250 / LogL: -8108.424 / Time: 0h:4m:22s (0h:1m:25s left)
Optimizing NNI: done in 0.331554 secs using 98.8% CPU
Optimizing NNI: done in 0.335838 secs using 100% CPU
Optimizing NNI: done in 0.322218 secs using 100% CPU
Optimizing NNI: done in 0.341942 secs using 100% CPU
Optimizing NNI: done in 0.289602 secs using 100% CPU
Optimizing NNI: done in 0.338822 secs using 100% CPU
Optimizing NNI: done in 0.362221 secs using 100% CPU
Optimizing NNI: done in 0.380929 secs using 100% CPU
Optimizing NNI: done in 0.266926 secs using 100% CPU
Optimizing NNI: done in 0.444477 secs using 89.17% CPU
Iteration 260 / LogL: -8135.197 / Time: 0h:4m:25s (0h:1m:12s left)
Optimizing NNI: done in 0.289484 secs using 100% CPU
Optimizing NNI: done in 0.338701 secs using 98.86% CPU
Optimizing NNI: done in 0.270508 secs using 99.99% CPU
Optimizing NNI: done in 0.280376 secs using 100% CPU
Optimizing NNI: done in 0.336929 secs using 100% CPU
Optimizing NNI: done in 0.323872 secs using 100% CPU
Optimizing NNI: done in 0.423757 secs using 100% CPU
Optimizing NNI: done in 0.317243 secs using 100% CPU
Optimizing NNI: done in 0.292942 secs using 100% CPU
Optimizing NNI: done in 0.34499 secs using 100% CPU
Iteration 270 / LogL: -8110.946 / Time: 0h:4m:29s (0h:1m:0s left)
Optimizing NNI: done in 0.308693 secs using 100% CPU
Optimizing NNI: done in 0.361786 secs using 100% CPU
Optimizing NNI: done in 0.247603 secs using 100% CPU
BETTER TREE FOUND at iteration 273: -8108.422
Optimizing NNI: done in 0.584629 secs using 72.29% CPU
Optimizing NNI: done in 0.380741 secs using 100% CPU
Optimizing NNI: done in 0.337557 secs using 100% CPU
Optimizing NNI: done in 0.325537 secs using 100% CPU
Optimizing NNI: done in 0.310817 secs using 100% CPU
Optimizing NNI: done in 0.406535 secs using 100% CPU
Optimizing NNI: done in 0.402546 secs using 100% CPU
Iteration 280 / LogL: -8109.832 / Time: 0h:4m:32s (0h:1m:30s left)
Optimizing NNI: done in 0.349696 secs using 100% CPU
Optimizing NNI: done in 0.320945 secs using 100% CPU
Optimizing NNI: done in 0.380612 secs using 100% CPU
Optimizing NNI: done in 0.374466 secs using 100% CPU
Optimizing NNI: done in 0.245571 secs using 100% CPU
Optimizing NNI: done in 0.292272 secs using 100% CPU
Optimizing NNI: done in 0.371092 secs using 100% CPU
Optimizing NNI: done in 0.35763 secs using 100% CPU
Optimizing NNI: done in 0.355674 secs using 100% CPU
Optimizing NNI: done in 0.3909 secs using 100% CPU
Iteration 290 / LogL: -8108.423 / Time: 0h:4m:36s (0h:1m:19s left)
Optimizing NNI: done in 0.544793 secs using 100% CPU
Optimizing NNI: done in 0.424039 secs using 99.15% CPU
Optimizing NNI: done in 0.329342 secs using 99.99% CPU
Optimizing NNI: done in 0.379309 secs using 98.95% CPU
Optimizing NNI: done in 0.357497 secs using 99.99% CPU
Optimizing NNI: done in 0.32252 secs using 100% CPU
Optimizing NNI: done in 0.417229 secs using 100% CPU
Optimizing NNI: done in 0.323874 secs using 100% CPU
Optimizing NNI: done in 0.329414 secs using 100% CPU
Optimizing NNI: done in 0.295296 secs using 100% CPU
Iteration 300 / LogL: -8124.039 / Time: 0h:4m:40s (0h:1m:8s left)
Optimizing NNI: done in 0.361121 secs using 100% CPU
Optimizing NNI: done in 0.392198 secs using 98.99% CPU
Optimizing NNI: done in 0.409623 secs using 99.99% CPU
Optimizing NNI: done in 0.655225 secs using 100% CPU
Optimizing NNI: done in 0.531925 secs using 100% CPU
Optimizing NNI: done in 0.510148 secs using 100% CPU
Optimizing NNI: done in 0.669867 secs using 100% CPU
Optimizing NNI: done in 0.595392 secs using 100% CPU
Optimizing NNI: done in 0.58029 secs using 99.99% CPU
Optimizing NNI: done in 0.634078 secs using 100% CPU
Iteration 310 / LogL: -8108.472 / Time: 0h:4m:45s (0h:0m:58s left)
Optimizing NNI: done in 0.618477 secs using 99.99% CPU
Optimizing NNI: done in 0.456927 secs using 100% CPU
Optimizing NNI: done in 0.428309 secs using 100% CPU
Optimizing NNI: done in 0.530198 secs using 100% CPU
Optimizing NNI: done in 0.565435 secs using 100% CPU
Optimizing NNI: done in 0.49292 secs using 100% CPU
Optimizing NNI: done in 0.509752 secs using 100% CPU
Optimizing NNI: done in 0.531027 secs using 100% CPU
Optimizing NNI: done in 0.472545 secs using 99.86% CPU
Optimizing NNI: done in 0.525011 secs using 99.84% CPU
Iteration 320 / LogL: -8113.311 / Time: 0h:4m:50s (0h:0m:48s left)
Optimizing NNI: done in 0.668703 secs using 99.99% CPU
Optimizing NNI: done in 0.604509 secs using 100% CPU
Optimizing NNI: done in 0.560999 secs using 91.26% CPU
Optimizing NNI: done in 0.543394 secs using 100% CPU
Optimizing NNI: done in 0.474803 secs using 100% CPU
Optimizing NNI: done in 0.488061 secs using 100% CPU
Optimizing NNI: done in 0.458538 secs using 100% CPU
Optimizing NNI: done in 0.45389 secs using 99.91% CPU
Optimizing NNI: done in 0.484897 secs using 99.89% CPU
Optimizing NNI: done in 0.601675 secs using 99.88% CPU
Iteration 330 / LogL: -8108.422 / Time: 0h:4m:56s (0h:0m:38s left)
Optimizing NNI: done in 0.607755 secs using 90.12% CPU
Optimizing NNI: done in 0.541469 secs using 100% CPU
Optimizing NNI: done in 0.572735 secs using 99.34% CPU
Optimizing NNI: done in 0.693355 secs using 99.98% CPU
Optimizing NNI: done in 0.571624 secs using 100% CPU
Optimizing NNI: done in 0.534904 secs using 99.95% CPU
Optimizing NNI: done in 0.546553 secs using 100% CPU
Optimizing NNI: done in 0.547949 secs using 99.27% CPU
Optimizing NNI: done in 0.56663 secs using 100% CPU
Optimizing NNI: done in 0.667556 secs using 96.79% CPU
Iteration 340 / LogL: -8122.839 / Time: 0h:5m:2s (0h:0m:29s left)
Optimizing NNI: done in 0.416463 secs using 100% CPU
Optimizing NNI: done in 0.603175 secs using 100% CPU
Optimizing NNI: done in 0.646208 secs using 100% CPU
Optimizing NNI: done in 0.489784 secs using 99.99% CPU
Optimizing NNI: done in 0.65157 secs using 100% CPU
Optimizing NNI: done in 0.462975 secs using 100% CPU
Optimizing NNI: done in 0.439495 secs using 100% CPU
Optimizing NNI: done in 0.536799 secs using 99.99% CPU
Optimizing NNI: done in 0.578786 secs using 100% CPU
Optimizing NNI: done in 0.447087 secs using 100% CPU
Iteration 350 / LogL: -8119.412 / Time: 0h:5m:7s (0h:0m:20s left)
Optimizing NNI: done in 0.630553 secs using 99.99% CPU
Optimizing NNI: done in 0.554011 secs using 100% CPU
Optimizing NNI: done in 0.562599 secs using 100% CPU
Optimizing NNI: done in 0.61209 secs using 100% CPU
Optimizing NNI: done in 0.492531 secs using 100% CPU
Optimizing NNI: done in 0.690229 secs using 86.09% CPU
Optimizing NNI: done in 0.894497 secs using 69.45% CPU
Optimizing NNI: done in 0.643483 secs using 99.93% CPU
Optimizing NNI: done in 0.520437 secs using 96.93% CPU
Optimizing NNI: done in 0.514268 secs using 100% CPU
Iteration 360 / LogL: -8108.423 / Time: 0h:5m:14s (0h:0m:11s left)
Optimizing NNI: done in 0.563422 secs using 99.97% CPU
Optimizing NNI: done in 0.53975 secs using 100% CPU
Optimizing NNI: done in 0.502672 secs using 100% CPU
Optimizing NNI: done in 0.456908 secs using 100% CPU
Optimizing NNI: done in 0.458371 secs using 100% CPU
Optimizing NNI: done in 0.573422 secs using 99.99% CPU
Optimizing NNI: done in 0.637322 secs using 100% CPU
Optimizing NNI: done in 0.630312 secs using 99.99% CPU
Optimizing NNI: done in 0.553516 secs using 99.99% CPU
Optimizing NNI: done in 0.558454 secs using 100% CPU
Iteration 370 / LogL: -8120.361 / Time: 0h:5m:19s (0h:0m:2s left)
Optimizing NNI: done in 0.631894 secs using 100% CPU
Optimizing NNI: done in 0.608847 secs using 99.99% CPU
BETTER TREE FOUND at iteration 372: -8108.422
Optimizing NNI: done in 0.58722 secs using 99.74% CPU
Optimizing NNI: done in 0.51091 secs using 99.88% CPU
Optimizing NNI: done in 0.487764 secs using 99.99% CPU
Optimizing NNI: done in 0.56922 secs using 99.99% CPU
Optimizing NNI: done in 0.666984 secs using 100% CPU
Optimizing NNI: done in 0.623704 secs using 100% CPU
Optimizing NNI: done in 0.710858 secs using 99.99% CPU
Optimizing NNI: done in 0.639124 secs using 100% CPU
Iteration 380 / LogL: -8108.422 / Time: 0h:5m:25s (0h:1m:19s left)
Optimizing NNI: done in 0.70353 secs using 77.25% CPU
Optimizing NNI: done in 0.53155 secs using 99.99% CPU
Optimizing NNI: done in 0.448632 secs using 100% CPU
Optimizing NNI: done in 0.444034 secs using 100% CPU
Optimizing NNI: done in 0.687463 secs using 98.25% CPU
Optimizing NNI: done in 0.587824 secs using 100% CPU
Optimizing NNI: done in 0.571343 secs using 100% CPU
Optimizing NNI: done in 0.523155 secs using 100% CPU
Optimizing NNI: done in 0.551873 secs using 99.98% CPU
Optimizing NNI: done in 0.505902 secs using 100% CPU
Iteration 390 / LogL: -8121.927 / Time: 0h:5m:31s (0h:1m:9s left)
Optimizing NNI: done in 0.555406 secs using 100% CPU
Optimizing NNI: done in 0.524263 secs using 100% CPU
Optimizing NNI: done in 0.833481 secs using 65.44% CPU
Optimizing NNI: done in 0.520344 secs using 94.22% CPU
Optimizing NNI: done in 0.634952 secs using 100% CPU
Optimizing NNI: done in 0.460433 secs using 99.99% CPU
Optimizing NNI: done in 0.634007 secs using 93.57% CPU
Optimizing NNI: done in 0.520101 secs using 100% CPU
Optimizing NNI: done in 0.514831 secs using 89.27% CPU
Optimizing NNI: done in 0.62361 secs using 92.3% CPU
Iteration 400 / LogL: -8119.859 / Time: 0h:5m:37s (0h:1m:0s left)
Optimizing NNI: done in 0.604951 secs using 100% CPU
Optimizing NNI: done in 0.56411 secs using 99.23% CPU
Optimizing NNI: done in 0.503613 secs using 100% CPU
Optimizing NNI: done in 0.542615 secs using 100% CPU
Optimizing NNI: done in 0.520398 secs using 100% CPU
Optimizing NNI: done in 0.564775 secs using 99.99% CPU
Optimizing NNI: done in 0.618575 secs using 100% CPU
Optimizing NNI: done in 0.495177 secs using 100% CPU
Optimizing NNI: done in 0.554765 secs using 100% CPU
Optimizing NNI: done in 0.528981 secs using 100% CPU
Iteration 410 / LogL: -8115.876 / Time: 0h:5m:43s (0h:0m:51s left)
Optimizing NNI: done in 0.523891 secs using 99.95% CPU
Optimizing NNI: done in 0.805506 secs using 69.2% CPU
Optimizing NNI: done in 0.896372 secs using 68.32% CPU
Optimizing NNI: done in 0.588335 secs using 99.76% CPU
Optimizing NNI: done in 0.69289 secs using 100% CPU
Optimizing NNI: done in 0.561666 secs using 100% CPU
Optimizing NNI: done in 0.720646 secs using 74.85% CPU
Optimizing NNI: done in 0.629373 secs using 77.11% CPU
Optimizing NNI: done in 0.760094 secs using 90.52% CPU
Optimizing NNI: done in 0.591554 secs using 99.98% CPU
Iteration 420 / LogL: -8133.597 / Time: 0h:5m:49s (0h:0m:43s left)
Optimizing NNI: done in 0.597258 secs using 99.99% CPU
Optimizing NNI: done in 0.60976 secs using 99.99% CPU
Optimizing NNI: done in 0.611533 secs using 100% CPU
Optimizing NNI: done in 0.656197 secs using 100% CPU
Optimizing NNI: done in 0.431719 secs using 100% CPU
Optimizing NNI: done in 0.594753 secs using 97.31% CPU
Optimizing NNI: done in 0.592612 secs using 93.97% CPU
Optimizing NNI: done in 0.557072 secs using 99.93% CPU
Optimizing NNI: done in 0.580195 secs using 84.04% CPU
Optimizing NNI: done in 0.514926 secs using 99.92% CPU
Iteration 430 / LogL: -8109.699 / Time: 0h:5m:55s (0h:0m:34s left)
Optimizing NNI: done in 0.758646 secs using 78.31% CPU
Optimizing NNI: done in 0.518829 secs using 97.47% CPU
Optimizing NNI: done in 0.589591 secs using 97.26% CPU
Optimizing NNI: done in 0.63626 secs using 83.57% CPU
Optimizing NNI: done in 0.460886 secs using 100% CPU
Optimizing NNI: done in 0.53929 secs using 97.02% CPU
Optimizing NNI: done in 0.72824 secs using 81.33% CPU
Optimizing NNI: done in 0.782296 secs using 60.08% CPU
Optimizing NNI: done in 0.503514 secs using 93.65% CPU
Optimizing NNI: done in 0.869384 secs using 67.87% CPU
Iteration 440 / LogL: -8108.424 / Time: 0h:6m:2s (0h:0m:26s left)
Optimizing NNI: done in 0.524892 secs using 100% CPU
Optimizing NNI: done in 0.544607 secs using 100% CPU
Optimizing NNI: done in 0.519633 secs using 100% CPU
Optimizing NNI: done in 0.490729 secs using 100% CPU
Optimizing NNI: done in 0.484347 secs using 100% CPU
Optimizing NNI: done in 0.699311 secs using 74.17% CPU
Optimizing NNI: done in 0.550393 secs using 90.55% CPU
Optimizing NNI: done in 0.682698 secs using 85.34% CPU
Optimizing NNI: done in 0.435654 secs using 100% CPU
Optimizing NNI: done in 0.52184 secs using 96.93% CPU
Iteration 450 / LogL: -8108.496 / Time: 0h:6m:7s (0h:0m:18s left)
Optimizing NNI: done in 0.673838 secs using 95.28% CPU
Optimizing NNI: done in 0.536185 secs using 100% CPU
Optimizing NNI: done in 0.392799 secs using 99.99% CPU
Optimizing NNI: done in 0.632379 secs using 100% CPU
Optimizing NNI: done in 0.619152 secs using 100% CPU
Optimizing NNI: done in 0.667696 secs using 87.41% CPU
Optimizing NNI: done in 0.546643 secs using 100% CPU
Optimizing NNI: done in 0.454969 secs using 99.84% CPU
Optimizing NNI: done in 0.739004 secs using 86.97% CPU
Optimizing NNI: done in 0.57998 secs using 99.95% CPU
Iteration 460 / LogL: -8111.323 / Time: 0h:6m:13s (0h:0m:9s left)
Optimizing NNI: done in 0.829756 secs using 69.01% CPU
Optimizing NNI: done in 0.586067 secs using 89.07% CPU
Optimizing NNI: done in 0.606912 secs using 99.99% CPU
Optimizing NNI: done in 0.461746 secs using 100% CPU
Optimizing NNI: done in 0.437733 secs using 100% CPU
Optimizing NNI: done in 0.442793 secs using 99.99% CPU
Optimizing NNI: done in 0.890591 secs using 68.47% CPU
Optimizing NNI: done in 0.751098 secs using 70.92% CPU
Optimizing NNI: done in 0.633387 secs using 89.12% CPU
Optimizing NNI: done in 0.562704 secs using 99.85% CPU
Iteration 470 / LogL: -8108.424 / Time: 0h:6m:20s (0h:0m:1s left)
Optimizing NNI: done in 0.6081 secs using 99.15% CPU
Optimizing NNI: done in 0.411709 secs using 99.79% CPU
Optimizing NNI: done in 0.379428 secs using 99.89% CPU
TREE SEARCH COMPLETED AFTER 473 ITERATIONS / Time: 0h:6m:21s

--------------------------------------------------------------------
|                    FINALIZING TREE SEARCH                        |
--------------------------------------------------------------------
Performs final model parameters optimization
Estimate model parameters (epsilon = 0.010)
1. Initial log-likelihood: -8108.422
2. Current log-likelihood: -8108.399
3. Current log-likelihood: -8108.366
4. Current log-likelihood: -8108.337
5. Current log-likelihood: -8108.310
6. Current log-likelihood: -8108.285
7. Current log-likelihood: -8108.269
8. Current log-likelihood: -8108.245
9. Current log-likelihood: -8108.231
10. Current log-likelihood: -8108.216
11. Current log-likelihood: -8108.202
12. Current log-likelihood: -8108.189
13. Current log-likelihood: -8108.177
14. Current log-likelihood: -8108.166
15. Current log-likelihood: -8108.155
16. Current log-likelihood: -8108.144
17. Current log-likelihood: -8108.134
Optimal log-likelihood: -8108.118
Rate parameters:  A-C: 1.25335  A-G: 4.17602  A-T: 1.55686  C-G: 1.16440  C-T: 4.62620  G-T: 1.00000
Base frequencies:  A: 0.250  C: 0.205  G: 0.256  T: 0.289
Site proportion and rates:  (0.584,0.104) (0.221,1.161) (0.172,2.789) (0.023,8.715)
Parameters optimization took 17 rounds (4.478 sec)
BEST SCORE FOUND : -8108.118
Total tree length: 2.220

Total number of iterations: 473
CPU time used for tree search: 235.343 sec (0h:3m:55s)
Wall-clock time used for tree search: 241.098 sec (0h:4m:1s)
Total CPU time used: 400.973 sec (0h:6m:40s)
Total wall-clock time used: 386.201 sec (0h:6m:26s)

Analysis results written to: 
  IQ-TREE report:                1G49040_iqtree_preliminary_superstrict_excluding_hybrids.iqtree
  Maximum-likelihood tree:       1G49040_iqtree_preliminary_superstrict_excluding_hybrids.treefile
  Likelihood distances:          1G49040_iqtree_preliminary_superstrict_excluding_hybrids.mldist
  Screen log file:               1G49040_iqtree_preliminary_superstrict_excluding_hybrids.log

ALISIM COMMAND
--------------
--alisim simulated_MSA -t 1G49040_iqtree_preliminary_superstrict_excluding_hybrids.treefile -m "GTR{1.25335,4.17602,1.55686,1.1644,4.6262}+F{0.249899,0.205034,0.255758,0.289309}+R4{0.583926,0.103981,0.220873,1.16147,0.171847,2.78864,0.0233543,8.7147}" --length 644

Date and Time: Fri Jun  2 07:51:06 2023
