IQ-TREE multicore version 2.2.2 COVID-edition for Linux 64-bit built Sep 20 2022
Developed by Bui Quang Minh, James Barbetti, Nguyen Lam Tung,
Olga Chernomor, Heiko Schmidt, Dominik Schrempf, Michael Woodhams, Ly Trong Nhan.

Host:    netdc-bms-c11f (AVX2, FMA3, 377 GB RAM)
Command: /home/kasper.hendriks/iqtree-2.2.2-Linux/bin/iqtree2 -s 1G68930_taper_preliminary_superstrict_excluding_hybrids.fasta -nm 1000 -m GTR+F+R -nt AUTO --prefix 1G68930_iqtree_preliminary_superstrict_excluding_hybrids
Seed:    53506 (Using SPRNG - Scalable Parallel Random Number Generator)
Time:    Fri Jun  2 07:44:41 2023
Kernel:  AVX+FMA - auto-detect threads (56 CPU cores detected)

Reading alignment file 1G68930_taper_preliminary_superstrict_excluding_hybrids.fasta ... Fasta format detected
Reading fasta file: done in 0.00588107 secs using 99.98% CPU
Alignment most likely contains DNA/RNA sequences
Constructing alignment: done in 0.034174 secs using 1188% CPU
Alignment has 129 sequences with 2025 columns, 1467 distinct patterns
1037 parsimony-informative, 285 singleton sites, 703 constant sites
               Gap/Ambiguity  Composition  p-value
Analyzing sequences: done in 0.00811601 secs using 1415% CPU
   1  PAFTOL_019361   30.32%    passed     64.65%
   2  S0055            0.00%    passed     75.14%
   3  S0196sl          9.23%    passed     86.67%
   4  S0278            0.00%    passed     63.68%
   5  S0281            0.00%    passed     92.76%
   6  S0282            0.05%    passed     91.46%
   7  S0288            0.84%    passed     97.14%
   8  S0289            2.27%    passed     99.70%
   9  S0292            0.74%    passed     82.02%
  10  S0293            0.44%    passed     98.07%
  11  S0294            1.14%    passed     60.34%
  12  S0299            7.16%    passed     82.14%
  13  S0303            1.09%    passed     98.66%
  14  S0308            0.00%    passed     26.72%
  15  S0320            0.00%    passed     78.63%
  16  S0322            0.00%    passed     96.01%
  17  S0327            0.05%    passed     92.91%
  18  S0335            0.40%    passed     78.18%
  19  S0345           58.47%    passed     11.70%
  20  S0355            0.00%    passed     86.95%
  21  S0376            0.59%    passed     38.69%
  22  S0400            0.00%    passed     93.19%
  23  S0405            3.51%    passed     94.64%
  24  S0407sl          0.25%    passed     47.81%
  25  S0412sl          0.35%    passed     57.85%
  26  S0417            0.35%    passed     62.26%
  27  S0419            0.00%    passed     95.30%
  28  S0427            0.00%    passed     54.40%
  29  S0428sl         10.72%    passed     60.73%
  30  S0430            0.00%    passed     85.45%
  31  S0478            2.67%    passed     95.21%
  32  S0552sl          0.25%    passed     38.01%
  33  S0558            7.11%    passed     72.96%
  34  S0616            0.15%    passed     69.02%
  35  S0620           32.54%    passed     74.15%
  36  S0624            0.49%    passed     88.44%
  37  S0641            0.00%    passed     79.51%
  38  S0643            3.16%    passed     82.06%
  39  S0645sl          0.10%    passed     94.76%
  40  S0656sl          1.98%    passed     96.17%
  41  S0689            0.05%    passed     94.51%
  42  S0690            3.46%    passed     89.11%
  43  S0720            0.44%    passed     98.04%
  44  S0724sl          0.00%    passed     78.43%
  45  S0735            0.05%    passed     78.20%
  46  S0742            0.00%    passed     91.55%
  47  S0748            0.05%    passed     95.76%
  48  S0753            0.59%    passed     99.57%
  49  S0756            4.79%    passed     56.64%
  50  S0758            2.07%    passed     56.43%
  51  S0760            0.00%    passed     96.29%
  52  S0763            0.00%    passed     92.00%
  53  S0765            0.00%    passed     93.39%
  54  S0770            0.00%    passed     94.77%
  55  S0771            0.00%    passed     57.84%
  56  S0795            0.00%    passed     98.51%
  57  S0827            0.00%    passed     97.99%
  58  S0888            0.64%    passed     97.43%
  59  S0899            1.04%    passed     96.78%
  60  S0906            0.05%    passed     99.43%
  61  S0951            6.81%    passed     74.50%
  62  S0952            0.00%    passed     96.96%
  63  S0956            5.28%    passed     70.12%
  64  S0959            0.00%    passed     61.96%
  65  S0960            0.20%    passed     44.25%
  66  S0964            0.35%    passed     24.20%
  67  S1052sl          0.20%    passed     75.43%
  68  S1083            0.00%    passed     74.06%
  69  S1100            0.25%    passed     84.28%
  70  S1102            0.20%    passed     95.97%
  71  S1110            0.05%    passed     80.73%
  72  S1120           12.89%    passed     92.25%
  73  S1128            0.25%    passed     36.43%
  74  S1129sl          0.05%    passed     52.21%
  75  S1148            0.10%    passed     74.74%
  76  S1177            0.00%    passed     95.88%
  77  S1180            0.00%    passed     73.03%
  78  S1187sl         48.35%    passed     80.14%
  79  S1189            0.15%    passed     82.28%
  80  S1201sl          0.00%    passed     91.86%
  81  S1210            0.00%    passed     80.31%
  82  S1211            0.00%    passed     37.78%
  83  S1214sl          0.00%    passed     69.01%
  84  S1223            0.54%    passed     62.37%
  85  S1227            0.00%    passed     95.52%
  86  S1235sl          0.00%    passed     94.20%
  87  S1238sl          0.00%    passed     90.91%
  88  S1239            0.15%    passed     72.67%
  89  S1249            2.07%    passed     85.84%
  90  S1250sl          0.64%    passed     97.89%
  91  S1251            1.83%    passed     84.54%
  92  S1260            0.89%    passed     97.50%
  93  S1266sl          0.05%    passed     91.98%
  94  S1269            1.19%    passed     97.09%
  95  S1278            0.69%    passed     94.79%
  96  S1315            0.20%    passed     97.60%
  97  S1332            0.79%    passed     59.67%
  98  S1366            0.30%    passed     82.84%
  99  S1369            0.05%    passed     85.56%
 100  S1370            0.69%    passed     89.10%
 101  S1375            0.00%    passed     66.93%
 102  S1376            0.35%    passed     77.29%
 103  S1381            1.43%    passed     78.61%
 104  S1405            1.19%    passed     99.76%
 105  S1422            0.00%    passed     38.12%
 106  S1449            0.99%    passed     86.62%
 107  S1451            0.00%    passed     71.93%
 108  S1460            0.10%    passed     80.01%
 109  S1462            0.00%    passed     95.17%
 110  S1475            0.00%    passed     57.74%
 111  S1498            0.00%    passed     68.42%
 112  S_670            0.35%    passed     93.19%
 113  SRR8528336       0.00%    passed     92.54%
 114  SRR8528341       0.94%    passed     78.99%
 115  SRR8528343       0.00%    passed     97.04%
 116  SRR8528347       0.00%    passed     61.07%
 117  SRR8528350       0.00%    passed     72.03%
 118  SRR8528354       0.00%    passed     95.59%
 119  SRR8528357       0.00%    passed     80.27%
 120  SRR8528359       0.00%    passed     99.92%
 121  SRR8528361       0.89%    passed     77.56%
 122  SRR8528365       0.00%    passed     81.13%
 123  SRR8528372       0.00%    passed     93.49%
 124  SRR8528379       0.00%    passed     88.84%
 125  SRR8528381       0.20%    passed     25.46%
 126  SRR8528384       0.00%    passed     97.61%
 127  SRR8528389       0.00%    passed     75.49%
 128  SRR8528391       0.00%    passed     91.30%
 129  SRR8528400       0.15%    passed     88.80%
WARNING: 1 sequences contain more than 50% gaps/ambiguity
****  TOTAL            2.18%  0 sequences failed composition chi2 test (p-value<5%; df=3)
Checking for duplicate sequences: done in 0.011131 secs using 1067% CPU

Create initial parsimony tree by phylogenetic likelihood library (PLL)... 0.123 seconds

NOTE: 24 MB RAM (0 GB) is required!
Measuring multi-threading efficiency up to 56 CPU cores
Increase to 10 rounds for branch lengths
72 trees examined
Threads: 1 / Time: 56.802 sec / Speedup: 1.000 / Efficiency: 100% / LogL: -65593
Threads: 2 / Time: 70.105 sec / Speedup: 0.810 / Efficiency: 41% / LogL: -65593
Determining AUTO threadcount: done in 126.912 secs using 103.1% CPU
BEST NUMBER OF THREADS: 1

Estimate model parameters (epsilon = 0.100)
1. Initial log-likelihood: -37552.060
2. Current log-likelihood: -36126.991
3. Current log-likelihood: -36100.404
4. Current log-likelihood: -36089.979
5. Current log-likelihood: -36085.876
6. Current log-likelihood: -36084.178
7. Current log-likelihood: -36083.103
8. Current log-likelihood: -36082.079
9. Current log-likelihood: -36080.993
10. Current log-likelihood: -36079.881
11. Current log-likelihood: -36078.816
12. Current log-likelihood: -36077.856
13. Current log-likelihood: -36077.016
14. Current log-likelihood: -36076.281
15. Current log-likelihood: -36075.622
16. Current log-likelihood: -36075.019
17. Current log-likelihood: -36074.455
18. Current log-likelihood: -36073.919
19. Current log-likelihood: -36073.411
20. Current log-likelihood: -36072.927
21. Current log-likelihood: -36072.468
22. Current log-likelihood: -36072.033
23. Current log-likelihood: -36071.621
24. Current log-likelihood: -36071.231
25. Current log-likelihood: -36070.863
26. Current log-likelihood: -36070.516
27. Current log-likelihood: -36070.187
28. Current log-likelihood: -36069.878
29. Current log-likelihood: -36069.586
30. Current log-likelihood: -36069.315
31. Current log-likelihood: -36069.055
32. Current log-likelihood: -36068.814
33. Current log-likelihood: -36068.583
34. Current log-likelihood: -36068.366
35. Current log-likelihood: -36068.162
36. Current log-likelihood: -36067.969
37. Current log-likelihood: -36067.788
38. Current log-likelihood: -36067.617
39. Current log-likelihood: -36067.456
40. Current log-likelihood: -36067.304
41. Current log-likelihood: -36067.161
42. Current log-likelihood: -36067.027
43. Current log-likelihood: -36066.900
44. Current log-likelihood: -36066.780
45. Current log-likelihood: -36066.668
46. Current log-likelihood: -36066.561
47. Current log-likelihood: -36066.460
Optimal log-likelihood: -36066.323
Rate parameters:  A-C: 1.56567  A-G: 3.50893  A-T: 1.05809  C-G: 1.48749  C-T: 5.48335  G-T: 1.00000
Base frequencies:  A: 0.296  C: 0.164  G: 0.252  T: 0.288
Site proportion and rates:  (0.479,0.127) (0.251,0.905) (0.219,2.150) (0.051,4.699)
Parameters optimization took 47 rounds (49.711 sec)
Wrote distance file to... 
Computing ML distances based on estimated model parameters...
Calculating distance matrix: done in 0.112562 secs using 100% CPU
Computing ML distances took 0.114371 sec (of wall-clock time) 0.114374 sec (of CPU time)
Setting up auxiliary I and S matrices: done in 0.00112486 secs using 454.1% CPU
Constructing RapidNJ tree: done in 0.003371 secs using 218.7% CPU
Computing RapidNJ tree took 0.004622 sec (of wall-clock time) 0.012605 sec (of CPU time)
Log-likelihood of RapidNJ tree: -36200.875
--------------------------------------------------------------------
|             INITIALIZING CANDIDATE TREE SET                      |
--------------------------------------------------------------------
Generating 98 parsimony trees... 3.023 second
Computing log-likelihood of 98 initial trees ... 6.493 seconds
Current best score: -36041.520

Do NNI search on 20 best initial trees
Optimizing NNI: done in 0.642601 secs using 100% CPU
Estimate model parameters (epsilon = 0.100)
BETTER TREE FOUND at iteration 1: -36029.011
Optimizing NNI: done in 0.824665 secs using 78.2% CPU
Optimizing NNI: done in 0.987651 secs using 94.82% CPU
Optimizing NNI: done in 0.935839 secs using 100% CPU
Optimizing NNI: done in 0.989084 secs using 100% CPU
Optimizing NNI: done in 0.941882 secs using 100% CPU
Optimizing NNI: done in 0.918723 secs using 100% CPU
Optimizing NNI: done in 0.914875 secs using 100% CPU
Optimizing NNI: done in 0.972284 secs using 100% CPU
Optimizing NNI: done in 0.945851 secs using 100% CPU
Iteration 10 / LogL: -36038.527 / Time: 0h:3m:17s
Optimizing NNI: done in 0.942546 secs using 100% CPU
Optimizing NNI: done in 0.97215 secs using 100% CPU
Optimizing NNI: done in 0.966484 secs using 99.99% CPU
Optimizing NNI: done in 0.634718 secs using 99.99% CPU
Optimizing NNI: done in 0.650048 secs using 100% CPU
Optimizing NNI: done in 1.19629 secs using 72.95% CPU
Optimizing NNI: done in 0.975282 secs using 100% CPU
Optimizing NNI: done in 1.00526 secs using 100% CPU
Optimizing NNI: done in 1.02736 secs using 99.22% CPU
Optimizing NNI: done in 1.08456 secs using 100% CPU
Iteration 20 / LogL: -36031.393 / Time: 0h:3m:26s
Finish initializing candidate tree set (20)
Current best tree score: -36029.011 / CPU time: 29.538
Number of iterations: 20
--------------------------------------------------------------------
|               OPTIMIZING CANDIDATE TREE SET                      |
--------------------------------------------------------------------
Optimizing NNI: done in 1.56487 secs using 100% CPU
Estimate model parameters (epsilon = 0.100)
BETTER TREE FOUND at iteration 21: -36027.594
Optimizing NNI: done in 1.51091 secs using 100% CPU
Estimate model parameters (epsilon = 0.100)
BETTER TREE FOUND at iteration 22: -36027.365
Optimizing NNI: done in 1.72317 secs using 99.76% CPU
Estimate model parameters (epsilon = 0.100)
BETTER TREE FOUND at iteration 23: -36026.943
Optimizing NNI: done in 1.95202 secs using 100% CPU
Optimizing NNI: done in 1.66411 secs using 99.76% CPU
Estimate model parameters (epsilon = 0.100)
BETTER TREE FOUND at iteration 25: -36026.797
Optimizing NNI: done in 1.61208 secs using 80.25% CPU
Estimate model parameters (epsilon = 0.100)
BETTER TREE FOUND at iteration 26: -36026.484
Optimizing NNI: done in 1.60237 secs using 99.99% CPU
Optimizing NNI: done in 1.88459 secs using 82.66% CPU
Optimizing NNI: done in 1.10672 secs using 99.99% CPU
Optimizing NNI: done in 0.931351 secs using 100% CPU
BETTER TREE FOUND at iteration 30: -36026.477
Iteration 30 / LogL: -36026.477 / Time: 0h:3m:46s (0h:13m:0s left)
Optimizing NNI: done in 1.38944 secs using 67.94% CPU
Optimizing NNI: done in 1.06778 secs using 100% CPU
Optimizing NNI: done in 1.15419 secs using 100% CPU
Optimizing NNI: done in 1.88426 secs using 100% CPU
Optimizing NNI: done in 1.68083 secs using 100% CPU
Optimizing NNI: done in 1.7095 secs using 100% CPU
Optimizing NNI: done in 1.62322 secs using 100% CPU
Optimizing NNI: done in 1.44162 secs using 91.16% CPU
Optimizing NNI: done in 2.0928 secs using 87.73% CPU
Optimizing NNI: done in 1.46358 secs using 94.53% CPU
Iteration 40 / LogL: -36026.978 / Time: 0h:4m:2s (0h:9m:18s left)
Optimizing NNI: done in 1.77838 secs using 100% CPU
Optimizing NNI: done in 2.12201 secs using 81.01% CPU
Optimizing NNI: done in 1.86614 secs using 100% CPU
Optimizing NNI: done in 1.86606 secs using 100% CPU
UPDATE BEST LOG-LIKELIHOOD: -36026.474
Optimizing NNI: done in 1.68734 secs using 100% CPU
Optimizing NNI: done in 1.44111 secs using 100% CPU
Optimizing NNI: done in 1.97579 secs using 79.7% CPU
Optimizing NNI: done in 1.65702 secs using 99.99% CPU
Optimizing NNI: done in 1.99477 secs using 79.7% CPU
Optimizing NNI: done in 1.99446 secs using 100% CPU
Iteration 50 / LogL: -36026.693 / Time: 0h:4m:21s (0h:7m:5s left)
Optimizing NNI: done in 1.73255 secs using 100% CPU
Optimizing NNI: done in 1.72055 secs using 99.98% CPU
Optimizing NNI: done in 1.92117 secs using 100% CPU
Optimizing NNI: done in 1.60169 secs using 100% CPU
Optimizing NNI: done in 2.13638 secs using 87.59% CPU
Optimizing NNI: done in 1.57023 secs using 100% CPU
Optimizing NNI: done in 1.47457 secs using 100% CPU
Optimizing NNI: done in 1.61388 secs using 100% CPU
Optimizing NNI: done in 1.62505 secs using 100% CPU
Optimizing NNI: done in 1.55016 secs using 100% CPU
Iteration 60 / LogL: -36027.300 / Time: 0h:4m:38s (0h:5m:29s left)
Optimizing NNI: done in 2.01581 secs using 100% CPU
Optimizing NNI: done in 2.09254 secs using 100% CPU
Optimizing NNI: done in 1.57354 secs using 99.98% CPU
Optimizing NNI: done in 2.00372 secs using 85.71% CPU
Optimizing NNI: done in 1.79299 secs using 100% CPU
UPDATE BEST LOG-LIKELIHOOD: -36026.473
Optimizing NNI: done in 1.8384 secs using 99.99% CPU
Optimizing NNI: done in 1.65261 secs using 100% CPU
Optimizing NNI: done in 1.67535 secs using 99.98% CPU
Optimizing NNI: done in 1.7753 secs using 99.98% CPU
BETTER TREE FOUND at iteration 69: -36026.473
Optimizing NNI: done in 1.44698 secs using 99.98% CPU
Iteration 70 / LogL: -36029.880 / Time: 0h:4m:56s (0h:7m:5s left)
Optimizing NNI: done in 1.6504 secs using 100% CPU
Optimizing NNI: done in 1.39563 secs using 96.54% CPU
Optimizing NNI: done in 1.66395 secs using 99.99% CPU
UPDATE BEST LOG-LIKELIHOOD: -36026.470
Optimizing NNI: done in 1.75493 secs using 99.28% CPU
Optimizing NNI: done in 1.66868 secs using 98.05% CPU
UPDATE BEST LOG-LIKELIHOOD: -36026.470
Optimizing NNI: done in 2.35768 secs using 66% CPU
Optimizing NNI: done in 1.28355 secs using 93.87% CPU
Optimizing NNI: done in 1.22019 secs using 100% CPU
Optimizing NNI: done in 1.4301 secs using 99.99% CPU
Optimizing NNI: done in 1.28819 secs using 100% CPU
Iteration 80 / LogL: -36035.909 / Time: 0h:5m:12s (0h:5m:51s left)
Optimizing NNI: done in 2.13115 secs using 66.13% CPU
Optimizing NNI: done in 1.91976 secs using 74.51% CPU
Optimizing NNI: done in 1.9501 secs using 68.71% CPU
Optimizing NNI: done in 2.05142 secs using 66.85% CPU
Optimizing NNI: done in 2.52693 secs using 55.85% CPU
Optimizing NNI: done in 1.96285 secs using 68.76% CPU
Optimizing NNI: done in 1.92856 secs using 68.76% CPU
Optimizing NNI: done in 1.7292 secs using 89.67% CPU
Optimizing NNI: done in 1.94132 secs using 66.01% CPU
Optimizing NNI: done in 1.64463 secs using 70.32% CPU
Iteration 90 / LogL: -36027.989 / Time: 0h:5m:32s (0h:4m:55s left)
Optimizing NNI: done in 2.22117 secs using 67.61% CPU
Optimizing NNI: done in 1.39687 secs using 90.17% CPU
Optimizing NNI: done in 1.52548 secs using 96.76% CPU
Optimizing NNI: done in 2.48766 secs using 60.56% CPU
Optimizing NNI: done in 1.61779 secs using 95.55% CPU
Optimizing NNI: done in 2.91909 secs using 57.8% CPU
Optimizing NNI: done in 1.61652 secs using 84.65% CPU
Optimizing NNI: done in 1.49795 secs using 99.96% CPU
Optimizing NNI: done in 2.76819 secs using 54.85% CPU
Optimizing NNI: done in 2.23038 secs using 73.28% CPU
Iteration 100 / LogL: -36028.402 / Time: 0h:5m:53s (0h:4m:6s left)
Optimizing NNI: done in 2.23777 secs using 78.55% CPU
Optimizing NNI: done in 2.326 secs using 66.64% CPU
Optimizing NNI: done in 1.83588 secs using 92.82% CPU
UPDATE BEST LOG-LIKELIHOOD: -36026.469
Optimizing NNI: done in 2.57211 secs using 70.02% CPU
Optimizing NNI: done in 2.16223 secs using 67.22% CPU
Optimizing NNI: done in 2.39941 secs using 62.05% CPU
Optimizing NNI: done in 1.38192 secs using 86.46% CPU
Optimizing NNI: done in 1.97524 secs using 75.29% CPU
Optimizing NNI: done in 2.4039 secs using 57.97% CPU
Optimizing NNI: done in 2.21756 secs using 65.93% CPU
Iteration 110 / LogL: -36028.290 / Time: 0h:6m:15s (0h:3m:22s left)
Optimizing NNI: done in 2.55401 secs using 66.87% CPU
Optimizing NNI: done in 2.08791 secs using 61.51% CPU
Optimizing NNI: done in 2.32817 secs using 56.02% CPU
Optimizing NNI: done in 2.30875 secs using 65.04% CPU
Optimizing NNI: done in 2.06857 secs using 70.1% CPU
Optimizing NNI: done in 1.77235 secs using 84.87% CPU
Optimizing NNI: done in 2.21128 secs using 63.44% CPU
Optimizing NNI: done in 2.13485 secs using 72.79% CPU
Optimizing NNI: done in 2.10292 secs using 72.55% CPU
Optimizing NNI: done in 1.83046 secs using 80.38% CPU
Iteration 120 / LogL: -36028.570 / Time: 0h:6m:36s (0h:2m:43s left)
Optimizing NNI: done in 2.1676 secs using 65.33% CPU
Optimizing NNI: done in 2.5218 secs using 62.13% CPU
Optimizing NNI: done in 2.90952 secs using 50.26% CPU
Optimizing NNI: done in 2.22011 secs using 63.43% CPU
Optimizing NNI: done in 1.43967 secs using 86.94% CPU
Optimizing NNI: done in 2.55507 secs using 66.28% CPU
Optimizing NNI: done in 1.82837 secs using 70.52% CPU
Optimizing NNI: done in 1.94863 secs using 75.74% CPU
Optimizing NNI: done in 2.35623 secs using 54.73% CPU
Optimizing NNI: done in 1.86634 secs using 72.74% CPU
Iteration 130 / LogL: -36026.584 / Time: 0h:6m:59s (0h:2m:6s left)
Optimizing NNI: done in 1.96269 secs using 64.31% CPU
Optimizing NNI: done in 2.7555 secs using 50.21% CPU
Optimizing NNI: done in 3.04653 secs using 52.82% CPU
Optimizing NNI: done in 1.86168 secs using 67.94% CPU
Optimizing NNI: done in 2.36005 secs using 62.88% CPU
Optimizing NNI: done in 3.40908 secs using 57.27% CPU
Optimizing NNI: done in 2.67143 secs using 60.18% CPU
Optimizing NNI: done in 2.69242 secs using 63.24% CPU
Optimizing NNI: done in 2.49002 secs using 59.69% CPU
Optimizing NNI: done in 1.85483 secs using 86.32% CPU
Iteration 140 / LogL: -36027.029 / Time: 0h:7m:24s (0h:1m:32s left)
Optimizing NNI: done in 2.47567 secs using 73.21% CPU
Optimizing NNI: done in 2.53517 secs using 76.45% CPU
Optimizing NNI: done in 1.78413 secs using 96.81% CPU
Optimizing NNI: done in 1.37725 secs using 94.76% CPU
Optimizing NNI: done in 2.35027 secs using 73.68% CPU
Optimizing NNI: done in 1.32749 secs using 99.86% CPU
Optimizing NNI: done in 1.83085 secs using 84.91% CPU
Optimizing NNI: done in 1.61196 secs using 84.82% CPU
Optimizing NNI: done in 2.57429 secs using 65.72% CPU
Optimizing NNI: done in 1.74307 secs using 77.9% CPU
Iteration 150 / LogL: -36035.120 / Time: 0h:7m:44s (0h:0m:59s left)
Optimizing NNI: done in 1.29761 secs using 99.9% CPU
Optimizing NNI: done in 1.89877 secs using 94.31% CPU
Optimizing NNI: done in 1.97548 secs using 85.42% CPU
Optimizing NNI: done in 1.8454 secs using 99.15% CPU
Optimizing NNI: done in 1.36027 secs using 99.99% CPU
Optimizing NNI: done in 2.27985 secs using 67.89% CPU
Optimizing NNI: done in 1.90655 secs using 72.96% CPU
Optimizing NNI: done in 1.92934 secs using 75.52% CPU
Optimizing NNI: done in 1.82784 secs using 81.82% CPU
Optimizing NNI: done in 1.82315 secs using 80.4% CPU
Iteration 160 / LogL: -36036.975 / Time: 0h:8m:3s (0h:0m:27s left)
Optimizing NNI: done in 1.11452 secs using 99.38% CPU
Optimizing NNI: done in 1.8847 secs using 77.67% CPU
Optimizing NNI: done in 2.44572 secs using 57.81% CPU
Optimizing NNI: done in 2.03104 secs using 69.53% CPU
Optimizing NNI: done in 1.75644 secs using 74.8% CPU
Optimizing NNI: done in 1.98874 secs using 72.47% CPU
Optimizing NNI: done in 2.59465 secs using 61.8% CPU
Optimizing NNI: done in 1.9071 secs using 71.82% CPU
Optimizing NNI: done in 1.76815 secs using 74.98% CPU
Optimizing NNI: done in 3.11686 secs using 49.55% CPU
Iteration 170 / LogL: -36026.470 / Time: 0h:8m:24s (0h:0m:-3s left)
TREE SEARCH COMPLETED AFTER 170 ITERATIONS / Time: 0h:8m:24s

--------------------------------------------------------------------
|                    FINALIZING TREE SEARCH                        |
--------------------------------------------------------------------
Performs final model parameters optimization
Estimate model parameters (epsilon = 0.010)
1. Initial log-likelihood: -36026.469
2. Current log-likelihood: -36026.412
3. Current log-likelihood: -36026.348
4. Current log-likelihood: -36026.286
5. Current log-likelihood: -36026.228
6. Current log-likelihood: -36026.172
7. Current log-likelihood: -36026.120
8. Current log-likelihood: -36026.071
9. Current log-likelihood: -36026.026
10. Current log-likelihood: -36025.987
11. Current log-likelihood: -36025.948
12. Current log-likelihood: -36025.910
13. Current log-likelihood: -36025.874
14. Current log-likelihood: -36025.840
15. Current log-likelihood: -36025.809
16. Current log-likelihood: -36025.790
17. Current log-likelihood: -36025.762
18. Current log-likelihood: -36025.744
19. Current log-likelihood: -36025.726
20. Current log-likelihood: -36025.699
21. Current log-likelihood: -36025.682
22. Current log-likelihood: -36025.665
23. Current log-likelihood: -36025.640
24. Current log-likelihood: -36025.626
25. Current log-likelihood: -36025.614
26. Current log-likelihood: -36025.601
27. Current log-likelihood: -36025.589
28. Current log-likelihood: -36025.578
29. Current log-likelihood: -36025.566
30. Current log-likelihood: -36025.555
31. Current log-likelihood: -36025.543
32. Current log-likelihood: -36025.532
33. Current log-likelihood: -36025.522
34. Current log-likelihood: -36025.511
35. Current log-likelihood: -36025.500
36. Current log-likelihood: -36025.490
37. Current log-likelihood: -36025.480
Optimal log-likelihood: -36025.464
Rate parameters:  A-C: 1.57886  A-G: 3.50358  A-T: 1.05297  C-G: 1.47758  C-T: 5.50444  G-T: 1.00000
Base frequencies:  A: 0.296  C: 0.164  G: 0.252  T: 0.288
Site proportion and rates:  (0.456,0.110) (0.272,0.854) (0.223,2.181) (0.049,4.751)
Parameters optimization took 37 rounds (38.381 sec)
BEST SCORE FOUND : -36025.464
Total tree length: 3.331

Total number of iterations: 170
CPU time used for tree search: 265.893 sec (0h:4m:25s)
Wall-clock time used for tree search: 326.817 sec (0h:5m:26s)
Total CPU time used: 471.065 sec (0h:7m:51s)
Total wall-clock time used: 542.480 sec (0h:9m:2s)

Analysis results written to: 
  IQ-TREE report:                1G68930_iqtree_preliminary_superstrict_excluding_hybrids.iqtree
  Maximum-likelihood tree:       1G68930_iqtree_preliminary_superstrict_excluding_hybrids.treefile
  Likelihood distances:          1G68930_iqtree_preliminary_superstrict_excluding_hybrids.mldist
  Screen log file:               1G68930_iqtree_preliminary_superstrict_excluding_hybrids.log

ALISIM COMMAND
--------------
--alisim simulated_MSA -t 1G68930_iqtree_preliminary_superstrict_excluding_hybrids.treefile -m "GTR{1.57886,3.50358,1.05297,1.47758,5.50444}+F{0.29563,0.163908,0.252001,0.288462}+R4{0.456257,0.11014,0.272197,0.854415,0.22289,2.18052,0.0486558,4.751}" --length 2025

Date and Time: Fri Jun  2 07:53:44 2023
