IQ-TREE multicore version 2.2.2 COVID-edition for Linux 64-bit built Sep 20 2022
Developed by Bui Quang Minh, James Barbetti, Nguyen Lam Tung,
Olga Chernomor, Heiko Schmidt, Dominik Schrempf, Michael Woodhams, Ly Trong Nhan.

Host:    netdc-bms-c11f (AVX2, FMA3, 377 GB RAM)
Command: /home/kasper.hendriks/iqtree-2.2.2-Linux/bin/iqtree2 -s 1G79150_taper_preliminary_superstrict_excluding_hybrids.fasta -nm 1000 -m GTR+F+R -nt AUTO --prefix 1G79150_iqtree_preliminary_superstrict_excluding_hybrids
Seed:    68306 (Using SPRNG - Scalable Parallel Random Number Generator)
Time:    Fri Jun  2 07:44:37 2023
Kernel:  AVX+FMA - auto-detect threads (56 CPU cores detected)

Reading alignment file 1G79150_taper_preliminary_superstrict_excluding_hybrids.fasta ... Fasta format detected
Reading fasta file: done in 0.000972033 secs
Alignment most likely contains DNA/RNA sequences
Constructing alignment: done in 0.00214005 secs using 862.7% CPU
Alignment has 125 sequences with 306 columns, 241 distinct patterns
137 parsimony-informative, 43 singleton sites, 126 constant sites
             Gap/Ambiguity  Composition  p-value
Analyzing sequences: done in 0.00408483 secs using 806.6% CPU
   1  S0055          0.00%    passed     83.59%
   2  S0281          0.00%    passed     97.37%
   3  S0282          0.00%    passed     99.81%
   4  S0288          0.33%    passed     99.94%
   5  S0289          0.33%    passed     93.25%
   6  S0292          0.00%    passed     71.14%
   7  S0293          0.00%    passed     97.94%
   8  S0294          1.63%    passed     99.47%
   9  S0299          4.58%    passed     94.49%
  10  S0303         10.78%    passed     96.33%
  11  S0308          0.98%    passed     88.22%
  12  S0320         15.69%    passed     86.25%
  13  S0322          0.00%    passed     98.81%
  14  S0335          0.98%    passed     95.26%
  15  S0345          7.19%    passed     92.93%
  16  S0355          4.25%    passed     94.85%
  17  S0376         99.02%    passed     74.96%
  18  S0400          0.00%    passed     99.88%
  19  S0405          1.31%    passed     99.92%
  20  S0412sl        0.00%    passed     93.53%
  21  S0417          0.00%    passed     90.77%
  22  S0419          0.00%    passed     94.14%
  23  S0427          0.00%    passed     95.69%
  24  S0428sl       34.31%    passed     98.74%
  25  S0430          0.65%    passed     99.55%
  26  S0478          0.00%    passed     91.49%
  27  S0552sl        0.00%    passed     86.26%
  28  S0558          4.25%    passed     93.71%
  29  S0616          0.00%    passed     96.94%
  30  S0620          3.27%    passed     93.18%
  31  S0624          0.00%    passed     99.49%
  32  S0641          0.00%    passed     99.81%
  33  S0643          0.33%    passed     99.79%
  34  S0645sl        1.63%    passed     99.11%
  35  S0656sl        0.33%    passed     96.89%
  36  S0689          1.31%    passed     87.30%
  37  S0690          0.65%    passed     96.63%
  38  S0720          0.00%    passed     99.40%
  39  S0724sl        0.00%    passed     99.87%
  40  S0735          0.00%    passed     18.42%
  41  S0742          0.00%    passed     95.39%
  42  S0748          0.00%    passed     99.40%
  43  S0756          0.33%    passed     97.85%
  44  S0758          0.00%    passed     79.62%
  45  S0760          0.00%    passed     91.75%
  46  S0763          0.00%    passed     99.35%
  47  S0765          0.33%    passed     94.55%
  48  S0770          0.33%    passed     92.61%
  49  S0771          0.00%    passed     77.75%
  50  S0795          0.00%    passed     98.41%
  51  S0827          0.33%    passed     98.84%
  52  S0888          9.15%    passed     98.76%
  53  S0894          0.00%    passed     99.69%
  54  S0899          5.23%    passed     98.78%
  55  S0906          0.00%    passed     90.12%
  56  S0952          0.33%    passed     95.29%
  57  S0959          0.33%    passed     87.53%
  58  S0960          0.33%    passed     90.34%
  59  S0964          0.33%    passed     75.97%
  60  S1052sl        5.23%    passed     34.62%
  61  S1083          0.00%    passed     87.20%
  62  S1100          0.33%    passed     39.05%
  63  S1102          0.65%    passed     93.85%
  64  S1110         98.37%    passed     93.78%
  65  S1120          5.56%    passed     97.76%
  66  S1128          1.31%    passed     97.75%
  67  S1129sl        5.56%    passed     77.42%
  68  S1148          0.33%    passed     14.00%
  69  S1177          0.00%    passed     95.53%
  70  S1180          0.00%    passed     41.28%
  71  S1189          0.33%    passed     77.69%
  72  S1201sl        0.00%    passed     81.92%
  73  S1210          3.27%    passed     97.67%
  74  S1211          0.00%    passed     98.68%
  75  S1214sl        0.00%    passed     90.68%
  76  S1223          0.00%    passed     41.28%
  77  S1227          0.00%    passed     99.49%
  78  S1235sl        0.00%    passed     98.18%
  79  S1238sl        4.90%    passed     97.69%
  80  S1239          0.00%    passed     90.77%
  81  S1245          0.33%    passed     99.36%
  82  S1246          3.92%    passed     90.11%
  83  S1249          0.65%    passed     99.59%
  84  S1250sl        1.63%    passed     98.24%
  85  S1251          1.96%    passed     95.19%
  86  S1260          0.00%    passed     92.65%
  87  S1266sl        1.63%    passed     99.88%
  88  S1269          0.65%    passed     98.43%
  89  S1278          0.00%    passed     97.88%
  90  S1315          9.48%    passed     92.91%
  91  S1332          0.00%    passed     77.93%
  92  S1366         86.93%    passed     79.74%
  93  S1369          0.33%    passed     96.75%
  94  S1370          0.00%    passed     98.37%
  95  S1375          0.00%    passed     86.48%
  96  S1376          0.00%    passed     86.24%
  97  S1381          0.00%    passed     96.38%
  98  S1405          2.61%    passed     97.39%
  99  S1422          0.00%    passed     65.72%
 100  S1449          0.33%    passed     60.20%
 101  S1451          0.00%    passed     99.54%
 102  S1460          0.33%    passed     99.82%
 103  S1462          0.00%    passed     93.56%
 104  S1475          0.00%    passed     94.03%
 105  S1498          0.00%    passed     92.23%
 106  S1539          0.00%    passed     99.36%
 107  S_670          1.31%    passed     99.44%
 108  SRR11470320    0.00%    passed     87.20%
 109  SRR8528336     0.00%    passed     82.94%
 110  SRR8528341     0.00%    passed     97.08%
 111  SRR8528343     0.33%    passed     97.58%
 112  SRR8528347     0.00%    passed     97.42%
 113  SRR8528350     0.00%    passed     99.51%
 114  SRR8528354     0.00%    passed     95.21%
 115  SRR8528357     0.00%    passed     99.84%
 116  SRR8528359     0.00%    passed     96.36%
 117  SRR8528361     0.00%    passed     95.03%
 118  SRR8528365     0.00%    passed     91.88%
 119  SRR8528370     0.00%    passed     98.61%
 120  SRR8528372     0.00%    passed     98.27%
 121  SRR8528379     0.00%    passed     91.16%
 122  SRR8528384     0.00%    passed     93.49%
 123  SRR8528389     0.00%    passed     90.12%
 124  SRR8528391     0.33%    passed     95.06%
 125  SRR8528400     0.33%    passed     77.51%
WARNING: 3 sequences contain more than 50% gaps/ambiguity
****  TOTAL          3.60%  0 sequences failed composition chi2 test (p-value<5%; df=3)
NOTE: S1223 is identical to S1180 but kept for subsequent analysis
Checking for duplicate sequences: done in 0.016463 secs using 858.4% CPU

Create initial parsimony tree by phylogenetic likelihood library (PLL)... 0.061 seconds

NOTE: 4 MB RAM (0 GB) is required!
Measuring multi-threading efficiency up to 56 CPU cores
Increase to 10 rounds for branch lengths
484 trees examined
Threads: 1 / Time: 56.081 sec / Speedup: 1.000 / Efficiency: 100% / LogL: -7962
Threads: 2 / Time: 99.794 sec / Speedup: 0.562 / Efficiency: 28% / LogL: -7962
Determining AUTO threadcount: done in 155.876 secs using 122.3% CPU
BEST NUMBER OF THREADS: 1

Estimate model parameters (epsilon = 0.100)
1. Initial log-likelihood: -4514.616
2. Current log-likelihood: -4304.938
3. Current log-likelihood: -4301.444
4. Current log-likelihood: -4300.466
5. Current log-likelihood: -4299.721
6. Current log-likelihood: -4299.154
7. Current log-likelihood: -4298.745
8. Current log-likelihood: -4298.456
9. Current log-likelihood: -4298.269
10. Current log-likelihood: -4298.154
Optimal log-likelihood: -4298.076
Rate parameters:  A-C: 1.27825  A-G: 5.19164  A-T: 1.45952  C-G: 1.18443  C-T: 5.25314  G-T: 1.00000
Base frequencies:  A: 0.272  C: 0.248  G: 0.203  T: 0.277
Site proportion and rates:  (0.487,0.142) (0.109,0.328) (0.302,1.627) (0.102,3.967)
Parameters optimization took 10 rounds (2.057 sec)
Wrote distance file to... 
Computing ML distances based on estimated model parameters...
Calculating distance matrix: done in 0.17525 secs using 94.53% CPU
Computing ML distances took 0.175658 sec (of wall-clock time) 0.165985 sec (of CPU time)
WARNING: Some pairwise ML distances are too long (saturated)
Setting up auxiliary I and S matrices: done in 0.00113988 secs using 103.3% CPU
Constructing RapidNJ tree: done in 0.00262094 secs using 98.17% CPU
Computing RapidNJ tree took 0.003894 sec (of wall-clock time) 0.003881 sec (of CPU time)
Log-likelihood of RapidNJ tree: -4465.434
--------------------------------------------------------------------
|             INITIALIZING CANDIDATE TREE SET                      |
--------------------------------------------------------------------
Generating 98 parsimony trees... 1.800 second
Computing log-likelihood of 98 initial trees ... 1.981 seconds
Current best score: -4286.689

Do NNI search on 20 best initial trees
Optimizing NNI: done in 0.260868 secs using 100% CPU
Estimate model parameters (epsilon = 0.100)
BETTER TREE FOUND at iteration 1: -4280.076
Optimizing NNI: done in 0.340064 secs using 100% CPU
Optimizing NNI: done in 0.351861 secs using 100% CPU
Estimate model parameters (epsilon = 0.100)
BETTER TREE FOUND at iteration 3: -4277.430
Optimizing NNI: done in 0.425454 secs using 99.99% CPU
Estimate model parameters (epsilon = 0.100)
BETTER TREE FOUND at iteration 4: -4277.108
Optimizing NNI: done in 0.306727 secs using 98.77% CPU
Optimizing NNI: done in 0.306641 secs using 98.71% CPU
Optimizing NNI: done in 0.34462 secs using 100% CPU
Optimizing NNI: done in 0.314506 secs using 99.99% CPU
Optimizing NNI: done in 0.365701 secs using 100% CPU
Optimizing NNI: done in 0.271528 secs using 99.98% CPU
Iteration 10 / LogL: -4283.321 / Time: 0h:2m:46s
Optimizing NNI: done in 0.241177 secs using 100% CPU
Optimizing NNI: done in 0.269887 secs using 100% CPU
Optimizing NNI: done in 0.234005 secs using 100% CPU
Optimizing NNI: done in 0.278622 secs using 99.99% CPU
Optimizing NNI: done in 0.298518 secs using 100% CPU
Optimizing NNI: done in 0.319347 secs using 100% CPU
Optimizing NNI: done in 0.275417 secs using 100% CPU
Optimizing NNI: done in 0.250665 secs using 100% CPU
Optimizing NNI: done in 0.256118 secs using 100% CPU
Optimizing NNI: done in 0.240038 secs using 100% CPU
Iteration 20 / LogL: -4286.182 / Time: 0h:2m:49s
Finish initializing candidate tree set (20)
Current best tree score: -4277.108 / CPU time: 10.862
Number of iterations: 20
--------------------------------------------------------------------
|               OPTIMIZING CANDIDATE TREE SET                      |
--------------------------------------------------------------------
Optimizing NNI: done in 0.541401 secs using 99.99% CPU
Optimizing NNI: done in 0.443573 secs using 100% CPU
Optimizing NNI: done in 0.593294 secs using 100% CPU
Optimizing NNI: done in 0.405197 secs using 100% CPU
Optimizing NNI: done in 0.494374 secs using 100% CPU
Optimizing NNI: done in 0.451062 secs using 100% CPU
Optimizing NNI: done in 0.551943 secs using 100% CPU
Optimizing NNI: done in 0.586307 secs using 100% CPU
Optimizing NNI: done in 0.358498 secs using 100% CPU
Optimizing NNI: done in 0.416816 secs using 99.08% CPU
Iteration 30 / LogL: -4277.133 / Time: 0h:2m:54s (0h:7m:24s left)
Optimizing NNI: done in 0.413956 secs using 99.99% CPU
Optimizing NNI: done in 0.467392 secs using 100% CPU
Optimizing NNI: done in 0.54393 secs using 100% CPU
Optimizing NNI: done in 0.473026 secs using 100% CPU
Optimizing NNI: done in 0.48564 secs using 99.97% CPU
Optimizing NNI: done in 0.377251 secs using 99.99% CPU
Optimizing NNI: done in 0.452568 secs using 100% CPU
Estimate model parameters (epsilon = 0.100)
BETTER TREE FOUND at iteration 37: -4276.755
Optimizing NNI: done in 0.191012 secs using 100% CPU
Optimizing NNI: done in 0.273291 secs using 100% CPU
Optimizing NNI: done in 0.266145 secs using 99.99% CPU
Iteration 40 / LogL: -4277.185 / Time: 0h:2m:58s (0h:7m:23s left)
Optimizing NNI: done in 0.282019 secs using 100% CPU
Estimate model parameters (epsilon = 0.100)
BETTER TREE FOUND at iteration 41: -4276.514
Optimizing NNI: done in 0.264715 secs using 100% CPU
BETTER TREE FOUND at iteration 42: -4276.512
Optimizing NNI: done in 0.254462 secs using 96.96% CPU
BETTER TREE FOUND at iteration 43: -4276.508
Optimizing NNI: done in 0.239116 secs using 99.99% CPU
Optimizing NNI: done in 0.261827 secs using 100% CPU
Estimate model parameters (epsilon = 0.100)
BETTER TREE FOUND at iteration 45: -4275.557
Optimizing NNI: done in 0.227879 secs using 99.99% CPU
Optimizing NNI: done in 0.232555 secs using 100% CPU
Optimizing NNI: done in 0.231571 secs using 100% CPU
Optimizing NNI: done in 0.375463 secs using 100% CPU
Optimizing NNI: done in 0.301842 secs using 98.7% CPU
Iteration 50 / LogL: -4276.494 / Time: 0h:3m:1s (0h:5m:51s left)
Optimizing NNI: done in 0.267429 secs using 100% CPU
Optimizing NNI: done in 0.369273 secs using 100% CPU
Estimate model parameters (epsilon = 0.100)
BETTER TREE FOUND at iteration 52: -4274.878
Optimizing NNI: done in 0.377543 secs using 100% CPU
Optimizing NNI: done in 0.412207 secs using 100% CPU
Optimizing NNI: done in 0.408334 secs using 99.05% CPU
Optimizing NNI: done in 0.395284 secs using 99% CPU
Optimizing NNI: done in 0.522246 secs using 99.99% CPU
Estimate model parameters (epsilon = 0.100)
BETTER TREE FOUND at iteration 57: -4274.721
Optimizing NNI: done in 0.570163 secs using 100% CPU
Optimizing NNI: done in 0.540879 secs using 100% CPU
Estimate model parameters (epsilon = 0.100)
BETTER TREE FOUND at iteration 59: -4274.664
Optimizing NNI: done in 0.4979 secs using 99.99% CPU
Iteration 60 / LogL: -4274.870 / Time: 0h:3m:6s (0h:5m:12s left)
Optimizing NNI: done in 0.487917 secs using 100% CPU
Optimizing NNI: done in 0.409203 secs using 100% CPU
Optimizing NNI: done in 0.462516 secs using 100% CPU
Optimizing NNI: done in 0.502621 secs using 100% CPU
Optimizing NNI: done in 0.502812 secs using 100% CPU
Estimate model parameters (epsilon = 0.100)
BETTER TREE FOUND at iteration 65: -4274.018
Optimizing NNI: done in 0.547941 secs using 100% CPU
Optimizing NNI: done in 0.515301 secs using 100% CPU
Optimizing NNI: done in 0.621762 secs using 100% CPU
Optimizing NNI: done in 0.34035 secs using 100% CPU
Optimizing NNI: done in 0.59081 secs using 100% CPU
Iteration 70 / LogL: -4274.225 / Time: 0h:3m:11s (0h:4m:24s left)
Optimizing NNI: done in 0.422121 secs using 100% CPU
Optimizing NNI: done in 0.458673 secs using 100% CPU
Optimizing NNI: done in 0.367232 secs using 99.99% CPU
Optimizing NNI: done in 0.508559 secs using 78.88% CPU
Optimizing NNI: done in 0.323054 secs using 100% CPU
Optimizing NNI: done in 0.153075 secs using 100% CPU
Optimizing NNI: done in 0.455349 secs using 99.13% CPU
Optimizing NNI: done in 0.356725 secs using 100% CPU
Optimizing NNI: done in 0.264604 secs using 99.99% CPU
Optimizing NNI: done in 0.239874 secs using 100% CPU
Iteration 80 / LogL: -4274.788 / Time: 0h:3m:15s (0h:3m:30s left)
Optimizing NNI: done in 0.247381 secs using 100% CPU
Optimizing NNI: done in 0.329632 secs using 100% CPU
Optimizing NNI: done in 0.282192 secs using 100% CPU
Estimate model parameters (epsilon = 0.100)
BETTER TREE FOUND at iteration 83: -4273.965
Optimizing NNI: done in 0.232705 secs using 100% CPU
Optimizing NNI: done in 0.251914 secs using 100% CPU
Optimizing NNI: done in 0.280584 secs using 100% CPU
Optimizing NNI: done in 0.283769 secs using 100% CPU
Optimizing NNI: done in 0.276595 secs using 99.99% CPU
Optimizing NNI: done in 0.26366 secs using 100% CPU
Optimizing NNI: done in 0.271787 secs using 100% CPU
Iteration 90 / LogL: -4277.533 / Time: 0h:3m:18s (0h:3m:27s left)
Optimizing NNI: done in 0.308648 secs using 100% CPU
Optimizing NNI: done in 0.29044 secs using 100% CPU
Optimizing NNI: done in 0.221649 secs using 100% CPU
Optimizing NNI: done in 0.268242 secs using 100% CPU
Optimizing NNI: done in 0.3232 secs using 100% CPU
Optimizing NNI: done in 0.224644 secs using 100% CPU
Optimizing NNI: done in 0.267233 secs using 100% CPU
Optimizing NNI: done in 0.227792 secs using 100% CPU
Optimizing NNI: done in 0.291117 secs using 100% CPU
Optimizing NNI: done in 0.477498 secs using 100% CPU
Iteration 100 / LogL: -4274.018 / Time: 0h:3m:21s (0h:2m:48s left)
Optimizing NNI: done in 0.271181 secs using 98.63% CPU
Optimizing NNI: done in 0.336575 secs using 100% CPU
Optimizing NNI: done in 0.391023 secs using 98.98% CPU
Optimizing NNI: done in 0.247544 secs using 100% CPU
Optimizing NNI: done in 0.234684 secs using 100% CPU
Optimizing NNI: done in 0.312539 secs using 98.73% CPU
Optimizing NNI: done in 0.264618 secs using 100% CPU
Optimizing NNI: done in 0.288083 secs using 100% CPU
Optimizing NNI: done in 0.286754 secs using 100% CPU
Optimizing NNI: done in 0.284742 secs using 100% CPU
Iteration 110 / LogL: -4274.132 / Time: 0h:3m:24s (0h:2m:16s left)
Optimizing NNI: done in 0.306229 secs using 100% CPU
Optimizing NNI: done in 0.270677 secs using 100% CPU
Optimizing NNI: done in 0.328626 secs using 100% CPU
Optimizing NNI: done in 0.254479 secs using 98.47% CPU
Optimizing NNI: done in 0.27946 secs using 98.5% CPU
Optimizing NNI: done in 0.378511 secs using 99.93% CPU
Optimizing NNI: done in 0.517291 secs using 100% CPU
Optimizing NNI: done in 0.438783 secs using 100% CPU
Optimizing NNI: done in 0.49891 secs using 100% CPU
Optimizing NNI: done in 0.430508 secs using 100% CPU
Iteration 120 / LogL: -4280.587 / Time: 0h:3m:28s (0h:1m:50s left)
Optimizing NNI: done in 0.606192 secs using 100% CPU
Optimizing NNI: done in 0.573326 secs using 100% CPU
Optimizing NNI: done in 0.35904 secs using 100% CPU
Optimizing NNI: done in 0.394951 secs using 100% CPU
Optimizing NNI: done in 0.461387 secs using 100% CPU
Optimizing NNI: done in 0.480527 secs using 100% CPU
Optimizing NNI: done in 0.477815 secs using 100% CPU
Optimizing NNI: done in 0.591459 secs using 100% CPU
Optimizing NNI: done in 0.367875 secs using 100% CPU
Optimizing NNI: done in 0.536137 secs using 100% CPU
Iteration 130 / LogL: -4274.108 / Time: 0h:3m:33s (0h:1m:27s left)
Optimizing NNI: done in 0.624188 secs using 100% CPU
BETTER TREE FOUND at iteration 131: -4273.965
Optimizing NNI: done in 0.452666 secs using 100% CPU
Optimizing NNI: done in 0.478693 secs using 100% CPU
Optimizing NNI: done in 0.52381 secs using 100% CPU
Optimizing NNI: done in 0.482441 secs using 100% CPU
Optimizing NNI: done in 0.40321 secs using 100% CPU
Optimizing NNI: done in 0.533879 secs using 100% CPU
Optimizing NNI: done in 0.498812 secs using 99.29% CPU
Optimizing NNI: done in 0.509212 secs using 100% CPU
Optimizing NNI: done in 0.427276 secs using 100% CPU
Iteration 140 / LogL: -4274.006 / Time: 0h:3m:38s (0h:2m:22s left)
Optimizing NNI: done in 0.484637 secs using 100% CPU
Optimizing NNI: done in 0.336801 secs using 100% CPU
Optimizing NNI: done in 0.505025 secs using 100% CPU
Optimizing NNI: done in 0.598471 secs using 100% CPU
Optimizing NNI: done in 0.634533 secs using 100% CPU
Optimizing NNI: done in 0.683874 secs using 100% CPU
Optimizing NNI: done in 0.383205 secs using 100% CPU
Optimizing NNI: done in 0.511767 secs using 100% CPU
Optimizing NNI: done in 0.479339 secs using 99.99% CPU
Optimizing NNI: done in 0.451904 secs using 91.97% CPU
Iteration 150 / LogL: -4274.024 / Time: 0h:3m:43s (0h:2m:1s left)
Optimizing NNI: done in 0.33411 secs using 100% CPU
Optimizing NNI: done in 0.324252 secs using 100% CPU
Optimizing NNI: done in 0.306872 secs using 100% CPU
Optimizing NNI: done in 0.300811 secs using 98.78% CPU
Optimizing NNI: done in 0.383137 secs using 100% CPU
Optimizing NNI: done in 0.292053 secs using 100% CPU
Optimizing NNI: done in 0.40492 secs using 99.02% CPU
Optimizing NNI: done in 0.377765 secs using 100% CPU
Optimizing NNI: done in 0.388836 secs using 100% CPU
Optimizing NNI: done in 0.338182 secs using 100% CPU
Iteration 160 / LogL: -4275.671 / Time: 0h:3m:46s (0h:1m:41s left)
Optimizing NNI: done in 0.290774 secs using 98.64% CPU
Optimizing NNI: done in 0.308534 secs using 98.1% CPU
Optimizing NNI: done in 0.415025 secs using 100% CPU
Optimizing NNI: done in 0.331814 secs using 100% CPU
Optimizing NNI: done in 0.318123 secs using 100% CPU
Optimizing NNI: done in 0.266016 secs using 100% CPU
Optimizing NNI: done in 0.30075 secs using 98.68% CPU
Optimizing NNI: done in 0.290183 secs using 100% CPU
Optimizing NNI: done in 0.271088 secs using 100% CPU
Optimizing NNI: done in 0.262438 secs using 100% CPU
Iteration 170 / LogL: -4275.383 / Time: 0h:3m:49s (0h:1m:22s left)
Optimizing NNI: done in 0.277796 secs using 98.57% CPU
Optimizing NNI: done in 0.358117 secs using 100% CPU
Optimizing NNI: done in 0.323187 secs using 100% CPU
Optimizing NNI: done in 0.305894 secs using 99.99% CPU
Optimizing NNI: done in 0.483928 secs using 100% CPU
Optimizing NNI: done in 0.292059 secs using 100% CPU
Optimizing NNI: done in 0.410745 secs using 100% CPU
Optimizing NNI: done in 0.468102 secs using 99.99% CPU
Optimizing NNI: done in 0.47058 secs using 100% CPU
Optimizing NNI: done in 0.46572 secs using 100% CPU
Iteration 180 / LogL: -4276.495 / Time: 0h:3m:53s (0h:1m:6s left)
Optimizing NNI: done in 0.535234 secs using 100% CPU
Optimizing NNI: done in 0.483886 secs using 99.99% CPU
Optimizing NNI: done in 0.574787 secs using 97.94% CPU
Optimizing NNI: done in 0.431818 secs using 99.99% CPU
Optimizing NNI: done in 0.507145 secs using 100% CPU
Optimizing NNI: done in 0.499091 secs using 100% CPU
Optimizing NNI: done in 0.57509 secs using 100% CPU
Optimizing NNI: done in 0.535196 secs using 100% CPU
Optimizing NNI: done in 0.679821 secs using 99.99% CPU
Optimizing NNI: done in 0.437298 secs using 100% CPU
Iteration 190 / LogL: -4274.014 / Time: 0h:3m:59s (0h:0m:51s left)
Optimizing NNI: done in 0.532181 secs using 100% CPU
Optimizing NNI: done in 0.384664 secs using 97.95% CPU
Optimizing NNI: done in 0.435188 secs using 100% CPU
Optimizing NNI: done in 0.54162 secs using 100% CPU
Optimizing NNI: done in 0.398769 secs using 100% CPU
BETTER TREE FOUND at iteration 195: -4273.964
Optimizing NNI: done in 0.311798 secs using 99.99% CPU
Optimizing NNI: done in 0.346298 secs using 100% CPU
Optimizing NNI: done in 0.297242 secs using 99.99% CPU
Optimizing NNI: done in 0.776954 secs using 88.16% CPU
Optimizing NNI: done in 0.272296 secs using 100% CPU
Iteration 200 / LogL: -4275.544 / Time: 0h:4m:3s (0h:1m:56s left)
Optimizing NNI: done in 0.341758 secs using 100% CPU
Optimizing NNI: done in 0.349886 secs using 100% CPU
Optimizing NNI: done in 0.246389 secs using 100% CPU
Optimizing NNI: done in 0.357265 secs using 99.99% CPU
Estimate model parameters (epsilon = 0.100)
BETTER TREE FOUND at iteration 204: -4273.360
Optimizing NNI: done in 0.306234 secs using 100% CPU
Optimizing NNI: done in 0.2643 secs using 100% CPU
Optimizing NNI: done in 0.269179 secs using 99.99% CPU
Optimizing NNI: done in 0.265729 secs using 100% CPU
Optimizing NNI: done in 0.325054 secs using 100% CPU
Optimizing NNI: done in 0.226086 secs using 100% CPU
Iteration 210 / LogL: -4274.254 / Time: 0h:4m:6s (0h:1m:50s left)
Optimizing NNI: done in 0.233838 secs using 100% CPU
Optimizing NNI: done in 0.234953 secs using 100% CPU
Optimizing NNI: done in 0.246693 secs using 99.99% CPU
Optimizing NNI: done in 0.303506 secs using 100% CPU
Optimizing NNI: done in 0.376463 secs using 99.99% CPU
Optimizing NNI: done in 0.32573 secs using 100% CPU
Optimizing NNI: done in 0.216763 secs using 100% CPU
Optimizing NNI: done in 0.259239 secs using 100% CPU
Optimizing NNI: done in 0.274323 secs using 99.97% CPU
Optimizing NNI: done in 0.371546 secs using 84.94% CPU
Iteration 220 / LogL: -4276.547 / Time: 0h:4m:9s (0h:1m:35s left)
Optimizing NNI: done in 0.263167 secs using 93.91% CPU
Optimizing NNI: done in 0.305527 secs using 100% CPU
Optimizing NNI: done in 0.276513 secs using 100% CPU
Optimizing NNI: done in 0.301645 secs using 100% CPU
Optimizing NNI: done in 0.300435 secs using 100% CPU
Optimizing NNI: done in 0.346587 secs using 100% CPU
Optimizing NNI: done in 0.304612 secs using 99.99% CPU
Optimizing NNI: done in 0.245998 secs using 100% CPU
Optimizing NNI: done in 0.238855 secs using 100% CPU
Optimizing NNI: done in 0.238046 secs using 100% CPU
Iteration 230 / LogL: -4277.198 / Time: 0h:4m:12s (0h:1m:21s left)
Optimizing NNI: done in 0.393583 secs using 100% CPU
Optimizing NNI: done in 0.381123 secs using 100% CPU
Optimizing NNI: done in 0.255149 secs using 100% CPU
BETTER TREE FOUND at iteration 233: -4273.359
Optimizing NNI: done in 0.222204 secs using 99.99% CPU
Optimizing NNI: done in 0.234877 secs using 100% CPU
Optimizing NNI: done in 0.273203 secs using 100% CPU
Optimizing NNI: done in 0.254874 secs using 100% CPU
Optimizing NNI: done in 0.245118 secs using 99.99% CPU
Optimizing NNI: done in 0.262139 secs using 100% CPU
Optimizing NNI: done in 0.183091 secs using 100% CPU
Iteration 240 / LogL: -4286.447 / Time: 0h:4m:15s (0h:1m:39s left)
Optimizing NNI: done in 0.271097 secs using 100% CPU
Optimizing NNI: done in 0.249281 secs using 100% CPU
Optimizing NNI: done in 0.303707 secs using 98.93% CPU
Optimizing NNI: done in 0.284334 secs using 100% CPU
Optimizing NNI: done in 0.251817 secs using 100% CPU
Optimizing NNI: done in 0.285093 secs using 100% CPU
Optimizing NNI: done in 0.227389 secs using 100% CPU
Optimizing NNI: done in 0.324081 secs using 100% CPU
Optimizing NNI: done in 0.219947 secs using 99.98% CPU
Optimizing NNI: done in 0.467654 secs using 100% CPU
Iteration 250 / LogL: -4273.360 / Time: 0h:4m:18s (0h:1m:26s left)
Optimizing NNI: done in 0.329204 secs using 100% CPU
Optimizing NNI: done in 0.260902 secs using 100% CPU
Optimizing NNI: done in 0.316167 secs using 100% CPU
Optimizing NNI: done in 0.240119 secs using 100% CPU
Optimizing NNI: done in 0.299847 secs using 100% CPU
Optimizing NNI: done in 0.234362 secs using 100% CPU
Optimizing NNI: done in 0.253015 secs using 100% CPU
Optimizing NNI: done in 0.259062 secs using 100% CPU
Optimizing NNI: done in 0.296121 secs using 100% CPU
Optimizing NNI: done in 0.233816 secs using 99.99% CPU
Iteration 260 / LogL: -4286.986 / Time: 0h:4m:20s (0h:1m:13s left)
Optimizing NNI: done in 0.225838 secs using 99.98% CPU
Optimizing NNI: done in 0.479604 secs using 64.07% CPU
Optimizing NNI: done in 0.382476 secs using 100% CPU
Optimizing NNI: done in 0.479195 secs using 99.96% CPU
Optimizing NNI: done in 0.591098 secs using 100% CPU
Optimizing NNI: done in 0.383142 secs using 100% CPU
Optimizing NNI: done in 0.58763 secs using 100% CPU
Optimizing NNI: done in 0.381387 secs using 100% CPU
Optimizing NNI: done in 0.410931 secs using 100% CPU
Optimizing NNI: done in 0.537432 secs using 99.33% CPU
Iteration 270 / LogL: -4273.797 / Time: 0h:4m:25s (0h:1m:2s left)
Optimizing NNI: done in 0.391206 secs using 100% CPU
Optimizing NNI: done in 0.422009 secs using 100% CPU
Optimizing NNI: done in 0.510175 secs using 99.99% CPU
Optimizing NNI: done in 0.615695 secs using 99.36% CPU
Optimizing NNI: done in 0.507687 secs using 99.99% CPU
Optimizing NNI: done in 0.369564 secs using 100% CPU
Optimizing NNI: done in 0.330311 secs using 100% CPU
Optimizing NNI: done in 0.322555 secs using 100% CPU
Optimizing NNI: done in 0.392505 secs using 100% CPU
Optimizing NNI: done in 0.44221 secs using 100% CPU
Iteration 280 / LogL: -4273.582 / Time: 0h:4m:29s (0h:0m:51s left)
Optimizing NNI: done in 0.388915 secs using 100% CPU
Optimizing NNI: done in 0.348073 secs using 100% CPU
Optimizing NNI: done in 0.38511 secs using 100% CPU
Optimizing NNI: done in 0.372738 secs using 100% CPU
Optimizing NNI: done in 0.455561 secs using 100% CPU
Optimizing NNI: done in 0.329194 secs using 100% CPU
Optimizing NNI: done in 0.390224 secs using 100% CPU
Optimizing NNI: done in 0.453789 secs using 100% CPU
Optimizing NNI: done in 0.425171 secs using 99.99% CPU
Optimizing NNI: done in 0.55844 secs using 99.99% CPU
Iteration 290 / LogL: -4283.648 / Time: 0h:4m:34s (0h:0m:40s left)
Optimizing NNI: done in 0.378233 secs using 100% CPU
Optimizing NNI: done in 0.432483 secs using 100% CPU
Optimizing NNI: done in 0.425374 secs using 99.99% CPU
Optimizing NNI: done in 0.394387 secs using 100% CPU
Optimizing NNI: done in 0.517104 secs using 100% CPU
Optimizing NNI: done in 0.449616 secs using 100% CPU
Optimizing NNI: done in 0.535491 secs using 100% CPU
Optimizing NNI: done in 0.563145 secs using 100% CPU
Optimizing NNI: done in 0.495334 secs using 99.99% CPU
Optimizing NNI: done in 0.447137 secs using 99.99% CPU
Iteration 300 / LogL: -4274.001 / Time: 0h:4m:38s (0h:0m:30s left)
Optimizing NNI: done in 0.506424 secs using 100% CPU
Optimizing NNI: done in 0.507408 secs using 99.99% CPU
Optimizing NNI: done in 0.530216 secs using 100% CPU
Optimizing NNI: done in 0.478277 secs using 100% CPU
Optimizing NNI: done in 0.444451 secs using 100% CPU
Optimizing NNI: done in 0.396165 secs using 100% CPU
Optimizing NNI: done in 0.403031 secs using 100% CPU
Optimizing NNI: done in 0.665193 secs using 100% CPU
Optimizing NNI: done in 0.619795 secs using 100% CPU
Optimizing NNI: done in 0.459619 secs using 99.99% CPU
Iteration 310 / LogL: -4273.361 / Time: 0h:4m:43s (0h:0m:21s left)
Optimizing NNI: done in 0.46968 secs using 100% CPU
Optimizing NNI: done in 0.365189 secs using 100% CPU
Optimizing NNI: done in 0.463131 secs using 100% CPU
Optimizing NNI: done in 0.503625 secs using 100% CPU
Optimizing NNI: done in 0.424312 secs using 100% CPU
Optimizing NNI: done in 0.346427 secs using 100% CPU
Optimizing NNI: done in 0.462114 secs using 100% CPU
Optimizing NNI: done in 0.399312 secs using 100% CPU
Optimizing NNI: done in 0.577288 secs using 100% CPU
Optimizing NNI: done in 0.577623 secs using 90.95% CPU
Iteration 320 / LogL: -4273.361 / Time: 0h:4m:48s (0h:0m:11s left)
Optimizing NNI: done in 0.566978 secs using 100% CPU
Optimizing NNI: done in 0.46772 secs using 99.97% CPU
Optimizing NNI: done in 0.451949 secs using 100% CPU
Optimizing NNI: done in 0.381329 secs using 100% CPU
Optimizing NNI: done in 0.56934 secs using 99.34% CPU
Optimizing NNI: done in 0.473175 secs using 99.99% CPU
Optimizing NNI: done in 0.450225 secs using 100% CPU
Optimizing NNI: done in 0.566281 secs using 100% CPU
Optimizing NNI: done in 0.472238 secs using 100% CPU
Optimizing NNI: done in 0.445629 secs using 100% CPU
Iteration 330 / LogL: -4274.153 / Time: 0h:4m:53s (0h:0m:2s left)
Optimizing NNI: done in 0.515353 secs using 99.24% CPU
Optimizing NNI: done in 0.560514 secs using 99.28% CPU
Optimizing NNI: done in 0.367193 secs using 100% CPU
Optimizing NNI: done in 0.50407 secs using 100% CPU
TREE SEARCH COMPLETED AFTER 334 ITERATIONS / Time: 0h:4m:55s

--------------------------------------------------------------------
|                    FINALIZING TREE SEARCH                        |
--------------------------------------------------------------------
Performs final model parameters optimization
Estimate model parameters (epsilon = 0.010)
1. Initial log-likelihood: -4273.359
2. Current log-likelihood: -4273.334
3. Current log-likelihood: -4273.311
4. Current log-likelihood: -4273.289
5. Current log-likelihood: -4273.269
6. Current log-likelihood: -4273.248
7. Current log-likelihood: -4273.229
8. Current log-likelihood: -4273.209
9. Current log-likelihood: -4273.189
10. Current log-likelihood: -4273.169
11. Current log-likelihood: -4273.149
12. Current log-likelihood: -4273.129
13. Current log-likelihood: -4273.108
14. Current log-likelihood: -4273.086
15. Current log-likelihood: -4273.065
16. Current log-likelihood: -4273.043
17. Current log-likelihood: -4273.021
18. Current log-likelihood: -4272.998
19. Current log-likelihood: -4272.975
20. Current log-likelihood: -4272.952
21. Current log-likelihood: -4272.930
22. Current log-likelihood: -4272.907
23. Current log-likelihood: -4272.884
24. Current log-likelihood: -4272.860
25. Current log-likelihood: -4272.837
26. Current log-likelihood: -4272.814
27. Current log-likelihood: -4272.792
28. Current log-likelihood: -4272.769
29. Current log-likelihood: -4272.748
30. Current log-likelihood: -4272.726
31. Current log-likelihood: -4272.705
32. Current log-likelihood: -4272.685
33. Current log-likelihood: -4272.665
34. Current log-likelihood: -4272.646
35. Current log-likelihood: -4272.628
36. Current log-likelihood: -4272.610
37. Current log-likelihood: -4272.594
38. Current log-likelihood: -4272.578
39. Current log-likelihood: -4272.563
40. Current log-likelihood: -4272.548
41. Current log-likelihood: -4272.535
42. Current log-likelihood: -4272.522
43. Current log-likelihood: -4272.510
44. Current log-likelihood: -4272.498
45. Current log-likelihood: -4272.488
46. Current log-likelihood: -4272.477
Optimal log-likelihood: -4272.467
Rate parameters:  A-C: 1.09698  A-G: 5.23953  A-T: 1.40525  C-G: 1.07228  C-T: 4.90380  G-T: 1.00000
Base frequencies:  A: 0.272  C: 0.248  G: 0.203  T: 0.277
Site proportion and rates:  (0.522,0.121) (0.224,0.980) (0.212,2.399) (0.042,4.956)
Parameters optimization took 46 rounds (7.522 sec)
BEST SCORE FOUND : -4272.467
Total tree length: 3.796

Total number of iterations: 334
CPU time used for tree search: 136.660 sec (0h:2m:16s)
Wall-clock time used for tree search: 137.257 sec (0h:2m:17s)
Total CPU time used: 338.430 sec (0h:5m:38s)
Total wall-clock time used: 303.149 sec (0h:5m:3s)

Analysis results written to: 
  IQ-TREE report:                1G79150_iqtree_preliminary_superstrict_excluding_hybrids.iqtree
  Maximum-likelihood tree:       1G79150_iqtree_preliminary_superstrict_excluding_hybrids.treefile
  Likelihood distances:          1G79150_iqtree_preliminary_superstrict_excluding_hybrids.mldist
  Screen log file:               1G79150_iqtree_preliminary_superstrict_excluding_hybrids.log

ALISIM COMMAND
--------------
--alisim simulated_MSA -t 1G79150_iqtree_preliminary_superstrict_excluding_hybrids.treefile -m "GTR{1.09698,5.23953,1.40525,1.07228,4.9038}+F{0.271691,0.247912,0.202929,0.277468}+R4{0.521802,0.121299,0.22439,0.980307,0.211614,2.39888,0.0421935,4.95569}" --length 306

Date and Time: Fri Jun  2 07:49:40 2023
