IQ-TREE multicore version 2.2.2 COVID-edition for Linux 64-bit built Sep 20 2022
Developed by Bui Quang Minh, James Barbetti, Nguyen Lam Tung,
Olga Chernomor, Heiko Schmidt, Dominik Schrempf, Michael Woodhams, Ly Trong Nhan.

Host:    netdc-bms-c11f (AVX2, FMA3, 377 GB RAM)
Command: /home/kasper.hendriks/iqtree-2.2.2-Linux/bin/iqtree2 -s 2G34960_taper_preliminary_superstrict_excluding_hybrids.fasta -nm 1000 -m GTR+F+R -nt AUTO --prefix 2G34960_iqtree_preliminary_superstrict_excluding_hybrids
Seed:    793134 (Using SPRNG - Scalable Parallel Random Number Generator)
Time:    Fri Jun  2 07:49:10 2023
Kernel:  AVX+FMA - auto-detect threads (56 CPU cores detected)

Reading alignment file 2G34960_taper_preliminary_superstrict_excluding_hybrids.fasta ... Fasta format detected
Reading fasta file: done in 0.00391698 secs using 52.69% CPU
Alignment most likely contains DNA/RNA sequences
Constructing alignment: done in 0.0106242 secs using 1801% CPU
Alignment has 121 sequences with 1296 columns, 1080 distinct patterns
595 parsimony-informative, 275 singleton sites, 426 constant sites
               Gap/Ambiguity  Composition  p-value
Analyzing sequences: done in 0.00795984 secs using 1686% CPU
   1  PAFTOL_019361    0.62%    passed     65.61%
   2  S0055            0.00%    passed     69.94%
   3  S0196sl         10.96%    passed     75.10%
   4  S0281            1.62%    passed     92.59%
   5  S0282            0.00%    passed     83.21%
   6  S0288            8.26%    passed     81.07%
   7  S0289            1.39%    passed     92.29%
   8  S0292            2.70%    passed     15.29%
   9  S0293           14.66%    passed     60.94%
  10  S0294            1.70%    passed     55.52%
  11  S0299           12.04%    passed     42.02%
  12  S0303           17.21%    passed     58.61%
  13  S0308            1.39%    passed     99.47%
  14  S0320           12.89%    passed     61.14%
  15  S0322            0.23%    passed     73.78%
  16  S0327            0.23%    passed     82.68%
  17  S0335            0.00%    passed     98.75%
  18  S0355            0.23%    passed     82.53%
  19  S0376            0.08%    passed     89.45%
  20  S0400            5.02%    passed     59.00%
  21  S0405            1.54%    passed     61.03%
  22  S0407sl         22.76%    passed     49.31%
  23  S0412sl          0.08%    passed     92.86%
  24  S0417            0.77%    passed     83.19%
  25  S0419            2.16%    passed     80.30%
  26  S0427            0.00%    passed     73.72%
  27  S0430            2.78%    passed     63.67%
  28  S0478            0.23%    passed     84.56%
  29  S0552sl          0.85%    failed      1.99%
  30  S0558            0.00%    passed     97.05%
  31  S0616            0.00%    passed     81.65%
  32  S0624           15.12%    passed     35.31%
  33  S0641            0.00%    passed     78.04%
  34  S0643            2.85%    passed     77.39%
  35  S0645sl          1.16%    passed     94.08%
  36  S0656sl          0.77%    passed     99.61%
  37  S0673            0.00%    passed     94.13%
  38  S0689            0.00%    passed     96.99%
  39  S0690            0.23%    passed     74.27%
  40  S0720            0.39%    passed     90.95%
  41  S0724sl          0.93%    passed     47.60%
  42  S0735            0.69%    passed     15.00%
  43  S0742            0.15%    passed     98.90%
  44  S0756            0.00%    passed     92.19%
  45  S0758           73.53%    passed     27.51%
  46  S0760            0.00%    passed     93.75%
  47  S0763            0.00%    passed     66.21%
  48  S0765            0.00%    passed     99.37%
  49  S0770            0.00%    passed     97.19%
  50  S0771            0.23%    passed     64.47%
  51  S0795            0.08%    passed     93.53%
  52  S0827            0.00%    passed     93.21%
  53  S0888            6.79%    passed     96.04%
  54  S0894            2.70%    passed     88.99%
  55  S0899           81.48%    passed     94.66%
  56  S0906            0.15%    passed     83.66%
  57  S0952            0.08%    passed     82.19%
  58  S0956            0.39%    failed      0.77%
  59  S0959            0.00%    passed     23.61%
  60  S0960            0.23%    failed      0.90%
  61  S1052sl         40.05%    passed      5.26%
  62  S1083            2.16%    passed     32.10%
  63  S1100            1.39%    passed      9.15%
  64  S1110            0.08%    passed     96.94%
  65  S1120            0.39%    passed     96.46%
  66  S1128           55.86%    passed     71.76%
  67  S1129sl          0.23%    passed     53.61%
  68  S1148            0.08%    passed     12.77%
  69  S1177            2.47%    passed     90.46%
  70  S1180            0.15%    passed     30.54%
  71  S1187sl         41.98%    passed     76.35%
  72  S1189            0.00%    passed     13.83%
  73  S1201sl          0.23%    passed     96.14%
  74  S1210            0.46%    passed     94.19%
  75  S1211            0.00%    passed     38.84%
  76  S1214sl          0.00%    passed      7.38%
  77  S1223            0.46%    passed     30.49%
  78  S1227            0.08%    passed     91.66%
  79  S1238sl          0.31%    passed     91.41%
  80  S1239            4.63%    passed     62.99%
  81  S1245            8.33%    passed     97.57%
  82  S1246            0.15%    passed     80.09%
  83  S1251            0.08%    passed     78.83%
  84  S1260            2.08%    passed     95.59%
  85  S1266sl          6.25%    passed     48.83%
  86  S1278            0.00%    passed     79.66%
  87  S1315            0.39%    passed     98.90%
  88  S1332            0.00%    passed     89.20%
  89  S1366            1.47%    passed     14.19%
  90  S1369            0.69%    passed     85.16%
  91  S1370            0.15%    passed     75.08%
  92  S1375            2.47%    passed     99.43%
  93  S1376            0.93%    passed     16.28%
  94  S1381            0.00%    passed     89.26%
  95  S1405            0.62%    passed     97.56%
  96  S1422            0.08%    failed      4.03%
  97  S1449            1.62%    passed      6.21%
  98  S1451            0.23%    passed     85.91%
  99  S1460            0.39%    passed     70.81%
 100  S1462            2.31%    passed     94.32%
 101  S1475            0.08%    passed     88.95%
 102  S1498            0.08%    passed     36.96%
 103  S1539            0.00%    passed     88.40%
 104  S_670            7.02%    passed     90.82%
 105  SRR11470320      0.00%    passed     65.11%
 106  SRR8528336       0.00%    passed     41.35%
 107  SRR8528341       0.00%    passed     95.29%
 108  SRR8528343       0.00%    passed     72.63%
 109  SRR8528347       0.00%    passed     85.53%
 110  SRR8528350       0.00%    passed     85.46%
 111  SRR8528357       0.00%    passed     88.08%
 112  SRR8528359       0.00%    passed     99.30%
 113  SRR8528361       0.00%    passed     96.25%
 114  SRR8528365       0.00%    passed     99.81%
 115  SRR8528370       0.00%    passed     99.87%
 116  SRR8528372       0.00%    passed     43.59%
 117  SRR8528379       0.00%    passed     76.76%
 118  SRR8528384       0.00%    passed     91.57%
 119  SRR8528389       0.00%    passed     85.81%
 120  SRR8528391       0.00%    passed     95.32%
 121  SRR8528400       3.94%    passed     83.00%
WARNING: 3 sequences contain more than 50% gaps/ambiguity
****  TOTAL            4.14%  4 sequences failed composition chi2 test (p-value<5%; df=3)
Checking for duplicate sequences: done in 0.0112691 secs using 1839% CPU

Create initial parsimony tree by phylogenetic likelihood library (PLL)... 0.112 seconds

NOTE: 17 MB RAM (0 GB) is required!
Measuring multi-threading efficiency up to 56 CPU cores
Increase to 10 rounds for branch lengths
112 trees examined
Threads: 1 / Time: 56.004 sec / Speedup: 1.000 / Efficiency: 100% / LogL: -39767
Threads: 2 / Time: 36.238 sec / Speedup: 1.545 / Efficiency: 77% / LogL: -39767
Threads: 3 / Time: 36.259 sec / Speedup: 1.545 / Efficiency: 51% / LogL: -39767
Threads: 4 / Time: 37.681 sec / Speedup: 1.486 / Efficiency: 37% / LogL: -39767
Determining AUTO threadcount: done in 166.187 secs using 195.7% CPU
BEST NUMBER OF THREADS: 2

Estimate model parameters (epsilon = 0.100)
1. Initial log-likelihood: -25248.018
2. Current log-likelihood: -24226.549
3. Current log-likelihood: -24212.088
4. Current log-likelihood: -24207.022
5. Current log-likelihood: -24205.053
6. Current log-likelihood: -24204.206
7. Current log-likelihood: -24203.589
8. Current log-likelihood: -24202.957
9. Current log-likelihood: -24202.254
10. Current log-likelihood: -24201.463
11. Current log-likelihood: -24200.615
12. Current log-likelihood: -24199.739
13. Current log-likelihood: -24198.862
14. Current log-likelihood: -24198.005
15. Current log-likelihood: -24197.178
16. Current log-likelihood: -24196.380
17. Current log-likelihood: -24195.616
18. Current log-likelihood: -24194.885
19. Current log-likelihood: -24194.196
20. Current log-likelihood: -24193.553
21. Current log-likelihood: -24192.970
22. Current log-likelihood: -24192.456
23. Current log-likelihood: -24192.009
24. Current log-likelihood: -24191.611
25. Current log-likelihood: -24191.277
26. Current log-likelihood: -24191.000
27. Current log-likelihood: -24190.771
28. Current log-likelihood: -24190.587
29. Current log-likelihood: -24190.435
30. Current log-likelihood: -24190.313
Optimal log-likelihood: -24190.215
Rate parameters:  A-C: 1.80145  A-G: 4.01738  A-T: 1.13657  C-G: 1.13121  C-T: 4.54594  G-T: 1.00000
Base frequencies:  A: 0.249  C: 0.223  G: 0.243  T: 0.286
Site proportion and rates:  (0.568,0.165) (0.216,1.094) (0.187,2.706) (0.029,5.651)
Parameters optimization took 30 rounds (16.287 sec)
Wrote distance file to... 
Computing ML distances based on estimated model parameters...
Calculating distance matrix: done in 0.0826571 secs using 199.9% CPU
Computing ML distances took 0.083399 sec (of wall-clock time) 0.166651 sec (of CPU time)
Setting up auxiliary I and S matrices: done in 0.000619888 secs using 241.5% CPU
Constructing RapidNJ tree: done in 0.00323009 secs using 181.2% CPU
Computing RapidNJ tree took 0.003992 sec (of wall-clock time) 0.008122 sec (of CPU time)
Log-likelihood of RapidNJ tree: -24297.250
--------------------------------------------------------------------
|             INITIALIZING CANDIDATE TREE SET                      |
--------------------------------------------------------------------
Generating 98 parsimony trees... 4.797 second
Computing log-likelihood of 98 initial trees ... 4.537 seconds
Current best score: -24179.421

Do NNI search on 20 best initial trees
Optimizing NNI: done in 0.513079 secs using 175.3% CPU
Estimate model parameters (epsilon = 0.100)
BETTER TREE FOUND at iteration 1: -24153.905
Optimizing NNI: done in 0.418943 secs using 194.2% CPU
Estimate model parameters (epsilon = 0.100)
BETTER TREE FOUND at iteration 2: -24151.459
Optimizing NNI: done in 0.460832 secs using 200% CPU
Optimizing NNI: done in 0.407557 secs using 199.9% CPU
Optimizing NNI: done in 0.386506 secs using 198.4% CPU
Optimizing NNI: done in 0.425751 secs using 199.6% CPU
Optimizing NNI: done in 0.474444 secs using 188.2% CPU
Optimizing NNI: done in 0.399333 secs using 199.2% CPU
Optimizing NNI: done in 0.283257 secs using 199.3% CPU
Optimizing NNI: done in 0.404925 secs using 185.3% CPU
Iteration 10 / LogL: -24154.856 / Time: 0h:3m:18s
Optimizing NNI: done in 0.422944 secs using 200% CPU
Optimizing NNI: done in 0.6494 secs using 163.4% CPU
Optimizing NNI: done in 0.582125 secs using 168.8% CPU
Optimizing NNI: done in 0.435671 secs using 198.2% CPU
Optimizing NNI: done in 0.78611 secs using 131.6% CPU
Optimizing NNI: done in 0.659592 secs using 162.1% CPU
Optimizing NNI: done in 1.22602 secs using 126.6% CPU
Optimizing NNI: done in 0.740299 secs using 151.6% CPU
Optimizing NNI: done in 0.551761 secs using 157.8% CPU
Optimizing NNI: done in 0.369614 secs using 198.9% CPU
Iteration 20 / LogL: -24157.897 / Time: 0h:3m:25s
Finish initializing candidate tree set (19)
Current best tree score: -24151.459 / CPU time: 22.332
Number of iterations: 20
--------------------------------------------------------------------
|               OPTIMIZING CANDIDATE TREE SET                      |
--------------------------------------------------------------------
Optimizing NNI: done in 0.945442 secs using 181.7% CPU
Estimate model parameters (epsilon = 0.100)
BETTER TREE FOUND at iteration 21: -24147.568
Optimizing NNI: done in 0.638414 secs using 191.1% CPU
Optimizing NNI: done in 0.938259 secs using 138.4% CPU
Optimizing NNI: done in 0.775998 secs using 166.5% CPU
Estimate model parameters (epsilon = 0.100)
BETTER TREE FOUND at iteration 24: -24146.470
Optimizing NNI: done in 0.520028 secs using 199.3% CPU
Optimizing NNI: done in 0.648916 secs using 199.4% CPU
Optimizing NNI: done in 0.672505 secs using 199.9% CPU
Optimizing NNI: done in 0.498748 secs using 199.7% CPU
Optimizing NNI: done in 0.511521 secs using 200% CPU
Optimizing NNI: done in 0.837385 secs using 181.4% CPU
Iteration 30 / LogL: -24149.013 / Time: 0h:3m:34s (0h:11m:33s left)
Optimizing NNI: done in 0.757322 secs using 181.7% CPU
Optimizing NNI: done in 0.810816 secs using 186.4% CPU
Optimizing NNI: done in 0.48155 secs using 198.8% CPU
Optimizing NNI: done in 0.59055 secs using 198.8% CPU
Optimizing NNI: done in 0.576936 secs using 189.5% CPU
Optimizing NNI: done in 0.695156 secs using 198.4% CPU
Optimizing NNI: done in 0.606513 secs using 199.5% CPU
Optimizing NNI: done in 0.551978 secs using 197.1% CPU
Optimizing NNI: done in 0.625051 secs using 199.1% CPU
Optimizing NNI: done in 0.510255 secs using 200% CPU
Estimate model parameters (epsilon = 0.100)
BETTER TREE FOUND at iteration 40: -24146.254
Iteration 40 / LogL: -24146.254 / Time: 0h:3m:40s (0h:9m:25s left)
Optimizing NNI: done in 0.570076 secs using 199.9% CPU
Optimizing NNI: done in 0.724726 secs using 177.7% CPU
Optimizing NNI: done in 0.533834 secs using 200% CPU
Optimizing NNI: done in 0.609626 secs using 199.8% CPU
Optimizing NNI: done in 1.06225 secs using 163.1% CPU
Optimizing NNI: done in 0.749955 secs using 194.6% CPU
Optimizing NNI: done in 0.736256 secs using 189.7% CPU
Optimizing NNI: done in 0.755751 secs using 171.6% CPU
Estimate model parameters (epsilon = 0.100)
BETTER TREE FOUND at iteration 48: -24146.068
Optimizing NNI: done in 0.656609 secs using 189.5% CPU
Optimizing NNI: done in 0.55932 secs using 197.2% CPU
Iteration 50 / LogL: -24146.077 / Time: 0h:3m:48s (0h:7m:36s left)
Optimizing NNI: done in 0.841219 secs using 196.8% CPU
Optimizing NNI: done in 0.814096 secs using 177.1% CPU
Optimizing NNI: done in 0.660371 secs using 192.1% CPU
Optimizing NNI: done in 0.914779 secs using 166.7% CPU
Optimizing NNI: done in 0.68096 secs using 199.4% CPU
Optimizing NNI: done in 0.857309 secs using 169.1% CPU
Estimate model parameters (epsilon = 0.100)
BETTER TREE FOUND at iteration 56: -24145.644
Optimizing NNI: done in 0.650926 secs using 188.5% CPU
Optimizing NNI: done in 0.838772 secs using 172.7% CPU
Optimizing NNI: done in 0.65428 secs using 168.4% CPU
Optimizing NNI: done in 1.04061 secs using 156% CPU
Iteration 60 / LogL: -24154.994 / Time: 0h:3m:57s (0h:6m:25s left)
Optimizing NNI: done in 1.12623 secs using 142.1% CPU
Optimizing NNI: done in 0.690542 secs using 168.8% CPU
Optimizing NNI: done in 0.882173 secs using 172.9% CPU
Optimizing NNI: done in 1.10519 secs using 136.3% CPU
Optimizing NNI: done in 1.38912 secs using 152.7% CPU
Optimizing NNI: done in 0.974063 secs using 163.6% CPU
Optimizing NNI: done in 0.880304 secs using 145.4% CPU
Optimizing NNI: done in 0.721974 secs using 181% CPU
Optimizing NNI: done in 0.59981 secs using 191.6% CPU
Optimizing NNI: done in 1.14362 secs using 152.1% CPU
Estimate model parameters (epsilon = 0.100)
BETTER TREE FOUND at iteration 70: -24145.597
Iteration 70 / LogL: -24145.597 / Time: 0h:4m:7s (0h:5m:57s left)
Optimizing NNI: done in 0.729053 secs using 199.4% CPU
Optimizing NNI: done in 0.818586 secs using 182.9% CPU
Optimizing NNI: done in 0.708826 secs using 183% CPU
Optimizing NNI: done in 1.10849 secs using 159.1% CPU
Optimizing NNI: done in 0.718425 secs using 191.7% CPU
Optimizing NNI: done in 0.639407 secs using 199.8% CPU
Optimizing NNI: done in 0.660999 secs using 198.9% CPU
Optimizing NNI: done in 0.507715 secs using 195.6% CPU
Optimizing NNI: done in 0.667217 secs using 186.4% CPU
Optimizing NNI: done in 0.810722 secs using 179.7% CPU
Iteration 80 / LogL: -24145.597 / Time: 0h:4m:14s (0h:4m:49s left)
Optimizing NNI: done in 0.747236 secs using 180.1% CPU
Optimizing NNI: done in 0.625389 secs using 192.9% CPU
Optimizing NNI: done in 0.891183 secs using 169.9% CPU
Optimizing NNI: done in 1.05338 secs using 155.3% CPU
Optimizing NNI: done in 1.67225 secs using 127.6% CPU
Optimizing NNI: done in 0.834513 secs using 175% CPU
Optimizing NNI: done in 0.981037 secs using 165% CPU
Optimizing NNI: done in 0.609333 secs using 198.6% CPU
Optimizing NNI: done in 1.23495 secs using 159.4% CPU
Optimizing NNI: done in 0.904374 secs using 162.3% CPU
Iteration 90 / LogL: -24145.642 / Time: 0h:4m:24s (0h:3m:57s left)
Optimizing NNI: done in 0.958851 secs using 161.1% CPU
Optimizing NNI: done in 0.921996 secs using 176.8% CPU
Optimizing NNI: done in 0.842044 secs using 161% CPU
Optimizing NNI: done in 0.873654 secs using 140.6% CPU
Optimizing NNI: done in 1.23264 secs using 129.2% CPU
Optimizing NNI: done in 1.26579 secs using 146.8% CPU
Optimizing NNI: done in 1.40949 secs using 131.6% CPU
Optimizing NNI: done in 1.183 secs using 141.4% CPU
Optimizing NNI: done in 1.13298 secs using 136.8% CPU
UPDATE BEST LOG-LIKELIHOOD: -24145.597
Optimizing NNI: done in 0.980419 secs using 152.7% CPU
Iteration 100 / LogL: -24149.109 / Time: 0h:4m:35s (0h:3m:14s left)
Optimizing NNI: done in 1.30602 secs using 126.9% CPU
Optimizing NNI: done in 0.717397 secs using 184.7% CPU
Optimizing NNI: done in 0.517256 secs using 199.4% CPU
Optimizing NNI: done in 0.777002 secs using 183.5% CPU
Optimizing NNI: done in 0.628896 secs using 195.8% CPU
Optimizing NNI: done in 0.909821 secs using 161.1% CPU
Optimizing NNI: done in 0.859111 secs using 164.6% CPU
Optimizing NNI: done in 0.950533 secs using 165.5% CPU
Optimizing NNI: done in 0.709552 secs using 181.9% CPU
Optimizing NNI: done in 0.67682 secs using 174.5% CPU
Iteration 110 / LogL: -24151.703 / Time: 0h:4m:43s (0h:2m:35s left)
Optimizing NNI: done in 1.29043 secs using 131.1% CPU
Optimizing NNI: done in 1.00988 secs using 137.9% CPU
Optimizing NNI: done in 0.888364 secs using 156.4% CPU
Optimizing NNI: done in 0.994479 secs using 157.8% CPU
Optimizing NNI: done in 0.923179 secs using 156.4% CPU
Optimizing NNI: done in 0.552816 secs using 199.2% CPU
UPDATE BEST LOG-LIKELIHOOD: -24145.596
Optimizing NNI: done in 0.72421 secs using 179.9% CPU
Optimizing NNI: done in 1.11346 secs using 157.4% CPU
Optimizing NNI: done in 0.935077 secs using 178.1% CPU
Optimizing NNI: done in 0.945985 secs using 170.8% CPU
Iteration 120 / LogL: -24145.638 / Time: 0h:4m:53s (0h:2m:3s left)
Optimizing NNI: done in 0.753576 secs using 166.1% CPU
Optimizing NNI: done in 0.797696 secs using 164.1% CPU
Optimizing NNI: done in 0.759694 secs using 166.7% CPU
Optimizing NNI: done in 0.85136 secs using 177.8% CPU
Optimizing NNI: done in 0.60455 secs using 198.9% CPU
Optimizing NNI: done in 0.960479 secs using 155.5% CPU
Optimizing NNI: done in 0.905607 secs using 140.9% CPU
Optimizing NNI: done in 1.19518 secs using 150.8% CPU
Optimizing NNI: done in 0.90227 secs using 167.3% CPU
Optimizing NNI: done in 0.732379 secs using 184.7% CPU
Iteration 130 / LogL: -24145.989 / Time: 0h:5m:1s (0h:1m:33s left)
Optimizing NNI: done in 0.837639 secs using 164.7% CPU
Optimizing NNI: done in 1.47884 secs using 137.7% CPU
Optimizing NNI: done in 0.647886 secs using 199.4% CPU
Optimizing NNI: done in 0.986398 secs using 157.1% CPU
Optimizing NNI: done in 1.38669 secs using 149% CPU
Optimizing NNI: done in 0.71023 secs using 198.7% CPU
Optimizing NNI: done in 0.965046 secs using 165.6% CPU
Optimizing NNI: done in 0.764738 secs using 171.7% CPU
Optimizing NNI: done in 1.06293 secs using 171.2% CPU
Optimizing NNI: done in 0.826295 secs using 166.7% CPU
Iteration 140 / LogL: -24156.360 / Time: 0h:5m:11s (0h:1m:7s left)
Optimizing NNI: done in 0.797521 secs using 174.3% CPU
Optimizing NNI: done in 0.563856 secs using 200% CPU
Optimizing NNI: done in 0.984765 secs using 156.7% CPU
Optimizing NNI: done in 0.544332 secs using 198.7% CPU
Optimizing NNI: done in 0.618456 secs using 196.2% CPU
Optimizing NNI: done in 0.610964 secs using 182.5% CPU
Optimizing NNI: done in 0.485433 secs using 199% CPU
Optimizing NNI: done in 0.58204 secs using 200.3% CPU
Optimizing NNI: done in 0.681115 secs using 182.2% CPU
Optimizing NNI: done in 0.764915 secs using 164.4% CPU
Iteration 150 / LogL: -24150.576 / Time: 0h:5m:18s (0h:0m:42s left)
Optimizing NNI: done in 0.802104 secs using 176.3% CPU
Optimizing NNI: done in 0.646107 secs using 188.9% CPU
Optimizing NNI: done in 0.791697 secs using 188.8% CPU
Optimizing NNI: done in 0.734476 secs using 188.4% CPU
Optimizing NNI: done in 1.02289 secs using 172.7% CPU
Optimizing NNI: done in 1.09231 secs using 146.1% CPU
Optimizing NNI: done in 1.21711 secs using 139.6% CPU
Optimizing NNI: done in 0.810883 secs using 172% CPU
Optimizing NNI: done in 0.89602 secs using 175% CPU
Optimizing NNI: done in 1.25986 secs using 150.9% CPU
UPDATE BEST LOG-LIKELIHOOD: -24145.595
Iteration 160 / LogL: -24145.595 / Time: 0h:5m:27s (0h:0m:20s left)
Optimizing NNI: done in 1.04507 secs using 146.1% CPU
Optimizing NNI: done in 1.19362 secs using 146.7% CPU
Optimizing NNI: done in 1.25147 secs using 134.8% CPU
Optimizing NNI: done in 0.936046 secs using 156.4% CPU
Optimizing NNI: done in 1.32795 secs using 132% CPU
Optimizing NNI: done in 1.02747 secs using 154.9% CPU
Optimizing NNI: done in 0.608025 secs using 199.5% CPU
Optimizing NNI: done in 0.82838 secs using 175.3% CPU
Optimizing NNI: done in 0.805293 secs using 177% CPU
Optimizing NNI: done in 1.18358 secs using 132.3% CPU
Iteration 170 / LogL: -24145.639 / Time: 0h:5m:38s (0h:0m:0s left)
Optimizing NNI: done in 1.08152 secs using 150.4% CPU
TREE SEARCH COMPLETED AFTER 171 ITERATIONS / Time: 0h:5m:39s

--------------------------------------------------------------------
|                    FINALIZING TREE SEARCH                        |
--------------------------------------------------------------------
Performs final model parameters optimization
Estimate model parameters (epsilon = 0.010)
1. Initial log-likelihood: -24145.595
2. Current log-likelihood: -24145.580
Optimal log-likelihood: -24145.573
Rate parameters:  A-C: 1.82719  A-G: 4.08077  A-T: 1.16294  C-G: 1.11665  C-T: 4.68393  G-T: 1.00000
Base frequencies:  A: 0.249  C: 0.223  G: 0.243  T: 0.286
Site proportion and rates:  (0.574,0.165) (0.228,1.162) (0.176,2.877) (0.022,6.217)
Parameters optimization took 2 rounds (0.766 sec)
BEST SCORE FOUND : -24145.573
Total tree length: 3.681

Total number of iterations: 171
CPU time used for tree search: 259.556 sec (0h:4m:19s)
Wall-clock time used for tree search: 156.166 sec (0h:2m:36s)
Total CPU time used: 617.174 sec (0h:10m:17s)
Total wall-clock time used: 340.088 sec (0h:5m:40s)

Analysis results written to: 
  IQ-TREE report:                2G34960_iqtree_preliminary_superstrict_excluding_hybrids.iqtree
  Maximum-likelihood tree:       2G34960_iqtree_preliminary_superstrict_excluding_hybrids.treefile
  Likelihood distances:          2G34960_iqtree_preliminary_superstrict_excluding_hybrids.mldist
  Screen log file:               2G34960_iqtree_preliminary_superstrict_excluding_hybrids.log

ALISIM COMMAND
--------------
--alisim simulated_MSA -t 2G34960_iqtree_preliminary_superstrict_excluding_hybrids.treefile -m "GTR{1.82719,4.08077,1.16294,1.11665,4.68393}+F{0.248775,0.222569,0.242779,0.285878}+R4{0.574337,0.164844,0.228462,1.16212,0.175505,2.87703,0.0216964,6.21712}" --length 1296

Date and Time: Fri Jun  2 07:54:51 2023
