IQ-TREE multicore version 2.2.2 COVID-edition for Linux 64-bit built Sep 20 2022
Developed by Bui Quang Minh, James Barbetti, Nguyen Lam Tung,
Olga Chernomor, Heiko Schmidt, Dominik Schrempf, Michael Woodhams, Ly Trong Nhan.

Host:    netdc-bms-c11f (AVX2, FMA3, 377 GB RAM)
Command: /home/kasper.hendriks/iqtree-2.2.2-Linux/bin/iqtree2 -s 2G47600_taper_preliminary_superstrict_excluding_hybrids.fasta -nm 1000 -m GTR+F+R -nt AUTO --prefix 2G47600_iqtree_preliminary_superstrict_excluding_hybrids
Seed:    285800 (Using SPRNG - Scalable Parallel Random Number Generator)
Time:    Fri Jun  2 07:50:25 2023
Kernel:  AVX+FMA - auto-detect threads (56 CPU cores detected)

Reading alignment file 2G47600_taper_preliminary_superstrict_excluding_hybrids.fasta ... Fasta format detected
Reading fasta file: done in 0.000765085 secs using 99.73% CPU
Alignment most likely contains DNA/RNA sequences
Constructing alignment: done in 0.00181198 secs using 1616% CPU
Alignment has 102 sequences with 264 columns, 160 distinct patterns
117 parsimony-informative, 18 singleton sites, 129 constant sites
               Gap/Ambiguity  Composition  p-value
Analyzing sequences: done in 0.0199649 secs using 1498% CPU
   1  PAFTOL_019361    0.00%    passed     98.19%
   2  S0055            0.00%    passed     97.98%
   3  S0196sl          0.76%    passed     99.83%
   4  S0281            0.00%    passed     91.23%
   5  S0282            0.00%    passed     98.92%
   6  S0289            0.38%    passed     65.48%
   7  S0292            0.76%    passed     58.49%
   8  S0293            0.00%    passed     98.92%
   9  S0294            2.27%    passed     98.57%
  10  S0303            4.55%    passed     84.16%
  11  S0308            0.38%    passed     99.22%
  12  S0322            0.00%    passed     88.08%
  13  S0335            0.00%    passed     99.96%
  14  S0376            0.00%    passed     98.19%
  15  S0400            4.55%    passed     96.62%
  16  S0405            0.38%    passed     99.55%
  17  S0412sl          0.00%    passed     99.40%
  18  S0419            0.38%    passed     99.93%
  19  S0427            0.00%    passed     91.30%
  20  S0552sl          1.52%    passed     61.17%
  21  S0558            0.00%    passed     89.15%
  22  S0616            0.00%    passed     62.57%
  23  S0641            0.00%    passed     94.23%
  24  S0643            0.00%    passed     76.61%
  25  S0656sl          5.68%    passed     57.76%
  26  S0689            0.76%    passed     97.27%
  27  S0720            0.00%    passed     99.54%
  28  S0735            0.00%    passed     91.30%
  29  S0742            0.38%    passed     99.82%
  30  S0748            0.00%    passed     85.55%
  31  S0756            0.00%    passed     97.34%
  32  S0758           31.82%    passed     77.17%
  33  S0760            0.00%    passed     99.62%
  34  S0763            0.00%    passed     99.69%
  35  S0765            0.00%    passed     98.74%
  36  S0770            0.38%    passed     98.53%
  37  S0771            0.00%    passed     89.00%
  38  S0795            0.00%    passed     99.76%
  39  S0888            0.00%    passed     90.85%
  40  S0906            0.38%    passed     94.26%
  41  S0956            0.76%    passed     65.59%
  42  S0959            0.00%    passed     93.82%
  43  S0960            0.00%    passed     61.97%
  44  S0964            0.38%    passed     51.63%
  45  S1052sl          1.14%    passed     99.89%
  46  S1083            5.68%    passed     42.73%
  47  S1100            0.00%    passed     96.51%
  48  S1110           19.32%    passed     58.33%
  49  S1120            0.38%    passed     65.87%
  50  S1128            0.00%    passed     92.65%
  51  S1129sl          1.52%    passed     96.83%
  52  S1148            0.38%    passed     85.73%
  53  S1177            0.00%    passed     98.63%
  54  S1180            0.00%    passed     88.91%
  55  S1189            0.00%    passed     29.14%
  56  S1201sl          0.00%    passed     99.34%
  57  S1210           96.59%    passed     12.45%
  58  S1211            0.00%    passed     98.42%
  59  S1214sl          0.00%    passed     47.09%
  60  S1223            0.38%    passed     93.63%
  61  S1227            0.00%    passed     95.36%
  62  S1235sl          0.00%    passed     99.24%
  63  S1238sl          0.00%    passed     83.67%
  64  S1251            0.00%    passed     32.94%
  65  S1260            2.65%    passed     92.67%
  66  S1266sl          0.38%    passed     84.14%
  67  S1269            0.00%    passed     85.77%
  68  S1278            0.00%    passed     99.22%
  69  S1315            2.27%    passed     55.79%
  70  S1332            0.38%    passed     85.45%
  71  S1366            0.00%    passed     56.20%
  72  S1369            0.00%    passed     99.69%
  73  S1370            0.00%    passed     99.76%
  74  S1375            0.00%    passed     98.85%
  75  S1376            0.00%    passed     34.03%
  76  S1381            0.00%    passed     91.97%
  77  S1422            0.00%    passed     58.53%
  78  S1449            1.14%    passed     60.08%
  79  S1460            0.00%    passed     95.28%
  80  S1462            0.00%    passed     98.92%
  81  S1498            6.06%    passed     29.08%
  82  S1539            0.00%    passed     64.36%
  83  S_670            0.00%    passed     97.57%
  84  SRR11470320      0.00%    passed     40.89%
  85  SRR8528336       0.00%    passed     88.05%
  86  SRR8528341       0.00%    passed     97.21%
  87  SRR8528343       0.00%    passed     99.83%
  88  SRR8528347       0.00%    passed     48.35%
  89  SRR8528350       0.00%    passed     98.96%
  90  SRR8528354       0.00%    passed     77.77%
  91  SRR8528357       0.00%    passed     98.94%
  92  SRR8528359       0.00%    passed     99.96%
  93  SRR8528361       1.52%    passed     86.97%
  94  SRR8528365       0.00%    passed     98.74%
  95  SRR8528370       0.00%    passed     98.95%
  96  SRR8528372       0.00%    passed     92.32%
  97  SRR8528379       0.00%    passed     94.22%
  98  SRR8528381       0.00%    passed     15.89%
  99  SRR8528384       0.00%    passed     99.83%
 100  SRR8528389       0.00%    passed     99.34%
 101  SRR8528391       0.00%    passed     99.55%
 102  SRR8528400       0.00%    passed     97.57%
WARNING: 1 sequences contain more than 50% gaps/ambiguity
****  TOTAL            1.92%  0 sequences failed composition chi2 test (p-value<5%; df=3)
Checking for duplicate sequences: done in 0.015372 secs using 1628% CPU

Create initial parsimony tree by phylogenetic likelihood library (PLL)... 0.024 seconds

NOTE: 2 MB RAM (0 GB) is required!
Measuring multi-threading efficiency up to 56 CPU cores
Increase to 10 rounds for branch lengths
669 trees examined
Threads: 1 / Time: 56.052 sec / Speedup: 1.000 / Efficiency: 100% / LogL: -6620
Threads: 2 / Time: 54.584 sec / Speedup: 1.027 / Efficiency: 51% / LogL: -6620
Threads: 3 / Time: 83.439 sec / Speedup: 0.672 / Efficiency: 22% / LogL: -6620
Determining AUTO threadcount: done in 194.076 secs using 169.9% CPU
BEST NUMBER OF THREADS: 1

Estimate model parameters (epsilon = 0.100)
1. Initial log-likelihood: -4170.347
2. Current log-likelihood: -3953.103
3. Current log-likelihood: -3946.182
4. Current log-likelihood: -3942.906
5. Current log-likelihood: -3940.711
6. Current log-likelihood: -3939.229
7. Current log-likelihood: -3938.090
8. Current log-likelihood: -3937.180
9. Current log-likelihood: -3936.441
10. Current log-likelihood: -3935.824
11. Current log-likelihood: -3935.302
12. Current log-likelihood: -3934.854
13. Current log-likelihood: -3934.465
14. Current log-likelihood: -3934.125
15. Current log-likelihood: -3933.934
Optimal log-likelihood: -3933.894
Rate parameters:  A-C: 2.30779  A-G: 4.40148  A-T: 1.34152  C-G: 3.53421  C-T: 7.90957  G-T: 1.00000
Base frequencies:  A: 0.248  C: 0.197  G: 0.218  T: 0.337
Site proportion and rates:  (0.553,0.082) (0.001,0.183) (0.276,1.259) (0.170,3.567)
Parameters optimization took 15 rounds (1.641 sec)
Wrote distance file to... 
Computing ML distances based on estimated model parameters...
Calculating distance matrix: done in 0.085968 secs using 99.83% CPU
Computing ML distances took 0.086288 sec (of wall-clock time) 0.086147 sec (of CPU time)
WARNING: Some pairwise ML distances are too long (saturated)
Setting up auxiliary I and S matrices: done in 0.000873089 secs using 559.4% CPU
Constructing RapidNJ tree: done in 0.00200701 secs using 99.95% CPU
Computing RapidNJ tree took 0.003025 sec (of wall-clock time) 0.007034 sec (of CPU time)
Log-likelihood of RapidNJ tree: -4028.978
--------------------------------------------------------------------
|             INITIALIZING CANDIDATE TREE SET                      |
--------------------------------------------------------------------
Generating 98 parsimony trees... 1.514 second
Computing log-likelihood of 98 initial trees ... 1.058 seconds
Current best score: -3910.699

Do NNI search on 20 best initial trees
Optimizing NNI: done in 0.135025 secs using 98.99% CPU
Estimate model parameters (epsilon = 0.100)
BETTER TREE FOUND at iteration 1: -3894.933
Optimizing NNI: done in 0.209722 secs using 99.34% CPU
Estimate model parameters (epsilon = 0.100)
BETTER TREE FOUND at iteration 2: -3890.352
Optimizing NNI: done in 0.129725 secs using 100% CPU
Optimizing NNI: done in 0.183618 secs using 99.7% CPU
Optimizing NNI: done in 0.13577 secs using 98.93% CPU
Optimizing NNI: done in 0.150039 secs using 100% CPU
Optimizing NNI: done in 0.162542 secs using 99.47% CPU
Estimate model parameters (epsilon = 0.100)
BETTER TREE FOUND at iteration 7: -3886.656
Optimizing NNI: done in 0.149697 secs using 100% CPU
Optimizing NNI: done in 0.175922 secs using 100% CPU
Optimizing NNI: done in 0.100874 secs using 100% CPU
Iteration 10 / LogL: -3905.664 / Time: 0h:3m:21s
Optimizing NNI: done in 0.206146 secs using 100% CPU
Optimizing NNI: done in 0.17486 secs using 72.39% CPU
Optimizing NNI: done in 0.142312 secs using 99.99% CPU
Optimizing NNI: done in 0.138483 secs using 100% CPU
Optimizing NNI: done in 0.137822 secs using 100% CPU
Optimizing NNI: done in 0.171518 secs using 100% CPU
Optimizing NNI: done in 0.150459 secs using 99.98% CPU
Optimizing NNI: done in 0.225078 secs using 82.26% CPU
Optimizing NNI: done in 0.162691 secs using 98.43% CPU
Optimizing NNI: done in 0.195772 secs using 70.49% CPU
Iteration 20 / LogL: -3902.482 / Time: 0h:3m:23s
Finish initializing candidate tree set (20)
Current best tree score: -3886.656 / CPU time: 7.346
Number of iterations: 20
--------------------------------------------------------------------
|               OPTIMIZING CANDIDATE TREE SET                      |
--------------------------------------------------------------------
Optimizing NNI: done in 0.345166 secs using 67.59% CPU
Optimizing NNI: done in 0.332129 secs using 56.62% CPU
Optimizing NNI: done in 0.499324 secs using 54.28% CPU
Optimizing NNI: done in 0.466223 secs using 58.15% CPU
Optimizing NNI: done in 0.349084 secs using 75.87% CPU
Optimizing NNI: done in 0.474821 secs using 49.86% CPU
Optimizing NNI: done in 0.296446 secs using 78.37% CPU
Optimizing NNI: done in 0.373829 secs using 51.84% CPU
Optimizing NNI: done in 0.447748 secs using 49.07% CPU
Estimate model parameters (epsilon = 0.100)
BETTER TREE FOUND at iteration 29: -3883.861
Optimizing NNI: done in 0.324774 secs using 70.52% CPU
Iteration 30 / LogL: -3886.409 / Time: 0h:3m:27s (0h:11m:48s left)
Optimizing NNI: done in 0.299204 secs using 69.48% CPU
Estimate model parameters (epsilon = 0.100)
BETTER TREE FOUND at iteration 31: -3883.765
Optimizing NNI: done in 0.196587 secs using 91.86% CPU
Optimizing NNI: done in 0.173117 secs using 99.41% CPU
Optimizing NNI: done in 0.220092 secs using 100% CPU
Optimizing NNI: done in 0.212362 secs using 100% CPU
Optimizing NNI: done in 0.264929 secs using 80.41% CPU
Optimizing NNI: done in 0.308519 secs using 69.98% CPU
Optimizing NNI: done in 0.185155 secs using 100% CPU
Optimizing NNI: done in 0.209677 secs using 100% CPU
Optimizing NNI: done in 0.228707 secs using 94.95% CPU
Iteration 40 / LogL: -3889.527 / Time: 0h:3m:30s (0h:8m:9s left)
Optimizing NNI: done in 0.184225 secs using 100% CPU
Optimizing NNI: done in 0.180513 secs using 100% CPU
Optimizing NNI: done in 0.161057 secs using 100% CPU
Optimizing NNI: done in 0.243593 secs using 93.43% CPU
Optimizing NNI: done in 0.228155 secs using 100% CPU
Optimizing NNI: done in 0.233424 secs using 100% CPU
Estimate model parameters (epsilon = 0.100)
BETTER TREE FOUND at iteration 46: -3883.679
Optimizing NNI: done in 0.22263 secs using 99.97% CPU
Optimizing NNI: done in 0.356866 secs using 57.54% CPU
Optimizing NNI: done in 0.302063 secs using 69.46% CPU
Estimate model parameters (epsilon = 0.100)
BETTER TREE FOUND at iteration 49: -3881.309
Optimizing NNI: done in 0.303703 secs using 85.98% CPU
Estimate model parameters (epsilon = 0.100)
BETTER TREE FOUND at iteration 50: -3881.183
Iteration 50 / LogL: -3881.183 / Time: 0h:3m:33s (0h:7m:14s left)
Optimizing NNI: done in 0.338419 secs using 54.66% CPU
Optimizing NNI: done in 0.334857 secs using 60.44% CPU
Optimizing NNI: done in 0.291776 secs using 73.86% CPU
Optimizing NNI: done in 0.265293 secs using 80.37% CPU
Optimizing NNI: done in 0.228995 secs using 100% CPU
Estimate model parameters (epsilon = 0.100)
BETTER TREE FOUND at iteration 55: -3879.964
Optimizing NNI: done in 0.201195 secs using 99.92% CPU
Optimizing NNI: done in 0.20631 secs using 99.99% CPU
Optimizing NNI: done in 0.160095 secs using 100% CPU
Optimizing NNI: done in 0.165429 secs using 98.76% CPU
Estimate model parameters (epsilon = 0.100)
BETTER TREE FOUND at iteration 59: -3879.254
Optimizing NNI: done in 0.26795 secs using 99.97% CPU
Iteration 60 / LogL: -3879.746 / Time: 0h:3m:35s (0h:6m:2s left)
Optimizing NNI: done in 0.187778 secs using 97.88% CPU
Optimizing NNI: done in 0.186013 secs using 100% CPU
Optimizing NNI: done in 0.257633 secs using 98.47% CPU
Optimizing NNI: done in 0.259296 secs using 100% CPU
Optimizing NNI: done in 0.235534 secs using 100% CPU
Optimizing NNI: done in 0.188347 secs using 100% CPU
Optimizing NNI: done in 0.197176 secs using 100% CPU
BETTER TREE FOUND at iteration 67: -3879.245
Optimizing NNI: done in 0.184204 secs using 99.94% CPU
Optimizing NNI: done in 0.200234 secs using 100% CPU
Optimizing NNI: done in 0.279442 secs using 82.82% CPU
Iteration 70 / LogL: -3880.945 / Time: 0h:3m:38s (0h:5m:6s left)
Optimizing NNI: done in 0.372883 secs using 59.15% CPU
Optimizing NNI: done in 0.3345 secs using 64.02% CPU
Optimizing NNI: done in 0.25926 secs using 86% CPU
Optimizing NNI: done in 0.275294 secs using 99.91% CPU
Optimizing NNI: done in 0.256344 secs using 74.91% CPU
Optimizing NNI: done in 0.2309 secs using 100% CPU
Optimizing NNI: done in 0.20586 secs using 100% CPU
Optimizing NNI: done in 0.230132 secs using 99.97% CPU
Optimizing NNI: done in 0.173514 secs using 100% CPU
Optimizing NNI: done in 0.186371 secs using 100% CPU
Iteration 80 / LogL: -3885.942 / Time: 0h:3m:40s (0h:4m:3s left)
Optimizing NNI: done in 0.237581 secs using 99.99% CPU
Optimizing NNI: done in 0.211249 secs using 98.83% CPU
Optimizing NNI: done in 0.204254 secs using 100% CPU
Optimizing NNI: done in 0.236578 secs using 100% CPU
Optimizing NNI: done in 0.252405 secs using 82.41% CPU
Optimizing NNI: done in 0.212005 secs using 99.92% CPU
Optimizing NNI: done in 0.26584 secs using 72.54% CPU
Optimizing NNI: done in 0.275882 secs using 88.4% CPU
Optimizing NNI: done in 0.219081 secs using 99.83% CPU
Optimizing NNI: done in 0.185986 secs using 99.94% CPU
Iteration 90 / LogL: -3880.395 / Time: 0h:3m:43s (0h:3m:13s left)
Optimizing NNI: done in 0.164807 secs using 99.96% CPU
Optimizing NNI: done in 0.170296 secs using 99.64% CPU
Optimizing NNI: done in 0.302066 secs using 69.42% CPU
Optimizing NNI: done in 0.304901 secs using 64.37% CPU
Optimizing NNI: done in 0.200596 secs using 99.58% CPU
Optimizing NNI: done in 0.346636 secs using 66.5% CPU
Optimizing NNI: done in 0.241833 secs using 70.17% CPU
Optimizing NNI: done in 0.21385 secs using 88.63% CPU
Optimizing NNI: done in 0.290482 secs using 99.8% CPU
Optimizing NNI: done in 0.230063 secs using 99.82% CPU
Iteration 100 / LogL: -3882.136 / Time: 0h:3m:45s (0h:2m:32s left)
Optimizing NNI: done in 0.193567 secs using 98.62% CPU
Optimizing NNI: done in 0.250666 secs using 98.34% CPU
Optimizing NNI: done in 0.198804 secs using 100% CPU
Optimizing NNI: done in 0.244798 secs using 99.76% CPU
Optimizing NNI: done in 0.176833 secs using 100% CPU
Optimizing NNI: done in 0.220431 secs using 97.47% CPU
Optimizing NNI: done in 0.230272 secs using 100% CPU
Optimizing NNI: done in 0.224562 secs using 100% CPU
Optimizing NNI: done in 0.248182 secs using 100% CPU
Optimizing NNI: done in 0.169749 secs using 99.99% CPU
Iteration 110 / LogL: -3927.993 / Time: 0h:3m:47s (0h:1m:59s left)
Optimizing NNI: done in 0.234656 secs using 100% CPU
Optimizing NNI: done in 0.244905 secs using 100% CPU
Optimizing NNI: done in 0.192632 secs using 100% CPU
Optimizing NNI: done in 0.213185 secs using 100% CPU
Optimizing NNI: done in 0.308003 secs using 100% CPU
Optimizing NNI: done in 0.235197 secs using 100% CPU
Optimizing NNI: done in 0.26401 secs using 98.55% CPU
Estimate model parameters (epsilon = 0.100)
BETTER TREE FOUND at iteration 117: -3879.063
Optimizing NNI: done in 0.188216 secs using 99.85% CPU
Optimizing NNI: done in 0.226854 secs using 98.25% CPU
Optimizing NNI: done in 0.170264 secs using 100% CPU
Iteration 120 / LogL: -3879.950 / Time: 0h:3m:50s (0h:3m:7s left)
Optimizing NNI: done in 0.224831 secs using 100% CPU
Optimizing NNI: done in 0.227533 secs using 99.98% CPU
Optimizing NNI: done in 0.295938 secs using 64.85% CPU
Optimizing NNI: done in 0.355369 secs using 74.46% CPU
Optimizing NNI: done in 0.18328 secs using 99.93% CPU
Optimizing NNI: done in 0.344027 secs using 64% CPU
Optimizing NNI: done in 0.229367 secs using 98.55% CPU
Optimizing NNI: done in 0.320139 secs using 76.46% CPU
Optimizing NNI: done in 0.220547 secs using 98.75% CPU
Optimizing NNI: done in 0.285492 secs using 100% CPU
Iteration 130 / LogL: -3893.988 / Time: 0h:3m:53s (0h:2m:37s left)
Optimizing NNI: done in 0.245172 secs using 98.38% CPU
Optimizing NNI: done in 0.200114 secs using 100% CPU
Optimizing NNI: done in 0.287642 secs using 72.32% CPU
BETTER TREE FOUND at iteration 133: -3879.061
Optimizing NNI: done in 0.25338 secs using 95.56% CPU
Optimizing NNI: done in 0.24507 secs using 100% CPU
Optimizing NNI: done in 0.207089 secs using 100% CPU
Optimizing NNI: done in 0.184616 secs using 100% CPU
Optimizing NNI: done in 0.223038 secs using 100% CPU
Optimizing NNI: done in 0.167009 secs using 100% CPU
Optimizing NNI: done in 0.226679 secs using 92.68% CPU
Iteration 140 / LogL: -3880.470 / Time: 0h:3m:55s (0h:2m:37s left)
Optimizing NNI: done in 0.20497 secs using 99.96% CPU
Optimizing NNI: done in 0.29164 secs using 79.68% CPU
Optimizing NNI: done in 0.240862 secs using 60.17% CPU
Optimizing NNI: done in 0.202706 secs using 99.98% CPU
Optimizing NNI: done in 0.229994 secs using 100% CPU
Optimizing NNI: done in 0.223739 secs using 99.98% CPU
Optimizing NNI: done in 0.252856 secs using 100% CPU
Optimizing NNI: done in 0.205667 secs using 100% CPU
Optimizing NNI: done in 0.224921 secs using 100% CPU
Optimizing NNI: done in 0.256387 secs using 99.98% CPU
Iteration 150 / LogL: -3879.141 / Time: 0h:3m:57s (0h:2m:12s left)
Optimizing NNI: done in 0.232723 secs using 99.99% CPU
Optimizing NNI: done in 0.220046 secs using 100% CPU
Optimizing NNI: done in 0.177798 secs using 100% CPU
Optimizing NNI: done in 0.224934 secs using 100% CPU
Optimizing NNI: done in 0.237117 secs using 99.98% CPU
Optimizing NNI: done in 0.218603 secs using 99.99% CPU
BETTER TREE FOUND at iteration 156: -3879.061
Optimizing NNI: done in 0.204242 secs using 100% CPU
Optimizing NNI: done in 0.264553 secs using 80.39% CPU
Optimizing NNI: done in 0.177946 secs using 99.97% CPU
Optimizing NNI: done in 0.208965 secs using 99.97% CPU
Iteration 160 / LogL: -3879.152 / Time: 0h:4m:0s (0h:2m:24s left)
Optimizing NNI: done in 0.25963 secs using 100% CPU
Optimizing NNI: done in 0.240618 secs using 100% CPU
Optimizing NNI: done in 0.214515 secs using 99.97% CPU
Optimizing NNI: done in 0.18205 secs using 100% CPU
Optimizing NNI: done in 0.257703 secs using 93.79% CPU
Optimizing NNI: done in 0.259302 secs using 100% CPU
Optimizing NNI: done in 0.201929 secs using 99.98% CPU
Optimizing NNI: done in 0.130707 secs using 100% CPU
Optimizing NNI: done in 0.171399 secs using 99.99% CPU
Optimizing NNI: done in 0.17481 secs using 99.98% CPU
Iteration 170 / LogL: -3880.359 / Time: 0h:4m:2s (0h:2m:3s left)
Optimizing NNI: done in 0.177047 secs using 100% CPU
Optimizing NNI: done in 0.171827 secs using 100% CPU
Optimizing NNI: done in 0.222618 secs using 99.98% CPU
Optimizing NNI: done in 0.288533 secs using 90.26% CPU
Optimizing NNI: done in 0.264399 secs using 81.79% CPU
Optimizing NNI: done in 0.305457 secs using 63.84% CPU
Optimizing NNI: done in 0.176573 secs using 94.58% CPU
BETTER TREE FOUND at iteration 177: -3879.060
Optimizing NNI: done in 0.362936 secs using 78.57% CPU
Optimizing NNI: done in 0.217723 secs using 100% CPU
Optimizing NNI: done in 0.202055 secs using 100% CPU
Iteration 180 / LogL: -3884.633 / Time: 0h:4m:4s (0h:2m:12s left)
Optimizing NNI: done in 0.201672 secs using 99.98% CPU
Optimizing NNI: done in 0.225092 secs using 100% CPU
Optimizing NNI: done in 0.206953 secs using 99.98% CPU
Optimizing NNI: done in 0.236771 secs using 100% CPU
BETTER TREE FOUND at iteration 184: -3879.060
Optimizing NNI: done in 0.273867 secs using 76.6% CPU
Optimizing NNI: done in 0.297177 secs using 73% CPU
Optimizing NNI: done in 0.204556 secs using 95.97% CPU
Optimizing NNI: done in 0.240492 secs using 100% CPU
Optimizing NNI: done in 0.419628 secs using 54.62% CPU
Optimizing NNI: done in 0.365667 secs using 66.34% CPU
Iteration 190 / LogL: -3887.007 / Time: 0h:4m:7s (0h:2m:3s left)
Optimizing NNI: done in 0.248299 secs using 100% CPU
Optimizing NNI: done in 0.201665 secs using 100% CPU
Optimizing NNI: done in 0.193681 secs using 100% CPU
Optimizing NNI: done in 0.242851 secs using 100% CPU
Optimizing NNI: done in 0.201632 secs using 100% CPU
Optimizing NNI: done in 0.247121 secs using 100% CPU
Optimizing NNI: done in 0.240547 secs using 100% CPU
Optimizing NNI: done in 0.340978 secs using 80.11% CPU
Optimizing NNI: done in 0.202077 secs using 84.2% CPU
Optimizing NNI: done in 0.351969 secs using 50.47% CPU
Iteration 200 / LogL: -3879.203 / Time: 0h:4m:10s (0h:1m:45s left)
Optimizing NNI: done in 0.374538 secs using 50.18% CPU
Optimizing NNI: done in 0.244731 secs using 80.38% CPU
Optimizing NNI: done in 0.236389 secs using 61.55% CPU
BETTER TREE FOUND at iteration 203: -3879.060
Optimizing NNI: done in 0.227911 secs using 77.2% CPU
Optimizing NNI: done in 0.423062 secs using 64.4% CPU
Optimizing NNI: done in 0.238122 secs using 84.87% CPU
Optimizing NNI: done in 0.257186 secs using 85.42% CPU
Optimizing NNI: done in 0.425533 secs using 50.61% CPU
Optimizing NNI: done in 0.333992 secs using 75.04% CPU
Optimizing NNI: done in 0.231887 secs using 100% CPU
Iteration 210 / LogL: -3880.274 / Time: 0h:4m:13s (0h:1m:52s left)
Optimizing NNI: done in 0.178838 secs using 100% CPU
Optimizing NNI: done in 0.218257 secs using 100% CPU
Optimizing NNI: done in 0.266343 secs using 99.99% CPU
Optimizing NNI: done in 0.250049 secs using 100% CPU
Optimizing NNI: done in 0.215889 secs using 100% CPU
Optimizing NNI: done in 0.228935 secs using 100% CPU
Optimizing NNI: done in 0.123894 secs using 100% CPU
Optimizing NNI: done in 0.22938 secs using 99.98% CPU
Optimizing NNI: done in 0.200805 secs using 100% CPU
Optimizing NNI: done in 0.2093 secs using 100% CPU
Iteration 220 / LogL: -3880.657 / Time: 0h:4m:15s (0h:1m:36s left)
Optimizing NNI: done in 0.25815 secs using 100% CPU
Optimizing NNI: done in 0.33367 secs using 73.96% CPU
Optimizing NNI: done in 0.262793 secs using 61.41% CPU
Optimizing NNI: done in 0.249063 secs using 76.34% CPU
Optimizing NNI: done in 0.188854 secs using 98.79% CPU
Optimizing NNI: done in 0.195097 secs using 98.8% CPU
Optimizing NNI: done in 0.177332 secs using 99.99% CPU
Optimizing NNI: done in 0.214725 secs using 100% CPU
Optimizing NNI: done in 0.216835 secs using 99.98% CPU
Optimizing NNI: done in 0.220668 secs using 100% CPU
Iteration 230 / LogL: -3887.786 / Time: 0h:4m:17s (0h:1m:22s left)
Optimizing NNI: done in 0.22129 secs using 100% CPU
Optimizing NNI: done in 0.188991 secs using 100% CPU
Optimizing NNI: done in 0.278214 secs using 78.72% CPU
Optimizing NNI: done in 0.286325 secs using 67.84% CPU
Optimizing NNI: done in 0.232611 secs using 99.92% CPU
Optimizing NNI: done in 0.312572 secs using 71.14% CPU
Estimate model parameters (epsilon = 0.100)
BETTER TREE FOUND at iteration 236: -3878.909
Optimizing NNI: done in 0.261865 secs using 73.44% CPU
Optimizing NNI: done in 0.339438 secs using 55.82% CPU
Optimizing NNI: done in 0.236352 secs using 91.48% CPU
Optimizing NNI: done in 0.263081 secs using 79.93% CPU
Iteration 240 / LogL: -3885.165 / Time: 0h:4m:20s (0h:1m:44s left)
Optimizing NNI: done in 0.21675 secs using 100% CPU
Optimizing NNI: done in 0.226707 secs using 82.16% CPU
Optimizing NNI: done in 0.398148 secs using 49.67% CPU
Optimizing NNI: done in 0.231122 secs using 90.97% CPU
Optimizing NNI: done in 0.249723 secs using 99.85% CPU
Optimizing NNI: done in 0.246504 secs using 99.95% CPU
Optimizing NNI: done in 0.209894 secs using 99.89% CPU
Optimizing NNI: done in 0.135082 secs using 99.95% CPU
Optimizing NNI: done in 0.234013 secs using 99.96% CPU
Optimizing NNI: done in 0.210437 secs using 99.96% CPU
Iteration 250 / LogL: -3888.827 / Time: 0h:4m:22s (0h:1m:30s left)
Optimizing NNI: done in 0.214891 secs using 99.95% CPU
Optimizing NNI: done in 0.205823 secs using 99.91% CPU
Optimizing NNI: done in 0.205607 secs using 96.77% CPU
Optimizing NNI: done in 0.25706 secs using 99.87% CPU
Optimizing NNI: done in 0.254467 secs using 88.57% CPU
Optimizing NNI: done in 0.278447 secs using 66.8% CPU
Optimizing NNI: done in 0.486803 secs using 54.21% CPU
Optimizing NNI: done in 0.387038 secs using 64.22% CPU
Optimizing NNI: done in 0.304919 secs using 89.7% CPU
Optimizing NNI: done in 0.281572 secs using 76.65% CPU
Iteration 260 / LogL: -3880.668 / Time: 0h:4m:25s (0h:1m:18s left)
Optimizing NNI: done in 0.233685 secs using 93.11% CPU
Optimizing NNI: done in 0.227678 secs using 99.47% CPU
Optimizing NNI: done in 0.313783 secs using 89.75% CPU
Optimizing NNI: done in 0.299605 secs using 66.46% CPU
Optimizing NNI: done in 0.182282 secs using 98.19% CPU
Optimizing NNI: done in 0.176339 secs using 100% CPU
Optimizing NNI: done in 0.293701 secs using 83.12% CPU
Optimizing NNI: done in 0.179644 secs using 100% CPU
Optimizing NNI: done in 0.229926 secs using 99.99% CPU
Optimizing NNI: done in 0.190046 secs using 99.9% CPU
Iteration 270 / LogL: -3880.234 / Time: 0h:4m:28s (0h:1m:5s left)
Optimizing NNI: done in 0.235997 secs using 81.58% CPU
Optimizing NNI: done in 0.165203 secs using 100% CPU
Optimizing NNI: done in 0.184052 secs using 100% CPU
Optimizing NNI: done in 0.207578 secs using 100% CPU
Optimizing NNI: done in 0.21831 secs using 100% CPU
Optimizing NNI: done in 0.259595 secs using 97.15% CPU
Optimizing NNI: done in 0.298382 secs using 99.98% CPU
Optimizing NNI: done in 0.206004 secs using 100% CPU
Optimizing NNI: done in 0.216598 secs using 88.1% CPU
Optimizing NNI: done in 0.181777 secs using 100% CPU
Iteration 280 / LogL: -3879.870 / Time: 0h:4m:30s (0h:0m:54s left)
Optimizing NNI: done in 0.19673 secs using 100% CPU
Optimizing NNI: done in 0.207096 secs using 100% CPU
Optimizing NNI: done in 0.234806 secs using 99.95% CPU
Optimizing NNI: done in 0.20055 secs using 99.97% CPU
Optimizing NNI: done in 0.210104 secs using 99.97% CPU
Optimizing NNI: done in 0.215299 secs using 100% CPU
Optimizing NNI: done in 0.259796 secs using 92.65% CPU
Optimizing NNI: done in 0.265578 secs using 98.43% CPU
Optimizing NNI: done in 0.2225 secs using 98.11% CPU
Optimizing NNI: done in 0.164591 secs using 99.9% CPU
Iteration 290 / LogL: -3887.845 / Time: 0h:4m:32s (0h:0m:43s left)
Optimizing NNI: done in 0.21189 secs using 90.45% CPU
Optimizing NNI: done in 0.255874 secs using 86.04% CPU
Optimizing NNI: done in 0.358053 secs using 57.06% CPU
Optimizing NNI: done in 0.169117 secs using 99.15% CPU
Optimizing NNI: done in 0.22 secs using 72.72% CPU
Optimizing NNI: done in 0.358518 secs using 67.14% CPU
Optimizing NNI: done in 0.185168 secs using 99.95% CPU
Optimizing NNI: done in 0.177098 secs using 99.94% CPU
Optimizing NNI: done in 0.15728 secs using 99.96% CPU
Optimizing NNI: done in 0.140115 secs using 99.94% CPU
Iteration 300 / LogL: -3885.794 / Time: 0h:4m:35s (0h:0m:33s left)
Optimizing NNI: done in 0.297161 secs using 66.84% CPU
Optimizing NNI: done in 0.177303 secs using 99.9% CPU
Optimizing NNI: done in 0.208248 secs using 99.96% CPU
Optimizing NNI: done in 0.256858 secs using 99.89% CPU
Optimizing NNI: done in 0.243649 secs using 98.31% CPU
Optimizing NNI: done in 0.206166 secs using 99.95% CPU
Optimizing NNI: done in 0.204103 secs using 99.96% CPU
Optimizing NNI: done in 0.290761 secs using 68.17% CPU
Optimizing NNI: done in 0.239255 secs using 94.75% CPU
Optimizing NNI: done in 0.273237 secs using 78.01% CPU
Iteration 310 / LogL: -3887.116 / Time: 0h:4m:37s (0h:0m:23s left)
Optimizing NNI: done in 0.460792 secs using 55.67% CPU
Optimizing NNI: done in 0.242736 secs using 73.59% CPU
Optimizing NNI: done in 0.447782 secs using 47.26% CPU
Optimizing NNI: done in 0.334754 secs using 65.83% CPU
Optimizing NNI: done in 0.229553 secs using 63.45% CPU
Optimizing NNI: done in 0.205807 secs using 95.02% CPU
Optimizing NNI: done in 0.295199 secs using 86.44% CPU
Optimizing NNI: done in 0.244776 secs using 82.17% CPU
Optimizing NNI: done in 0.359694 secs using 62.76% CPU
Optimizing NNI: done in 0.309661 secs using 88.1% CPU
Iteration 320 / LogL: -3880.405 / Time: 0h:4m:40s (0h:0m:14s left)
Optimizing NNI: done in 0.187308 secs using 94.44% CPU
Optimizing NNI: done in 0.472126 secs using 50.04% CPU
Optimizing NNI: done in 0.21272 secs using 90.33% CPU
Optimizing NNI: done in 0.303882 secs using 67.72% CPU
Optimizing NNI: done in 0.278475 secs using 71.26% CPU
Optimizing NNI: done in 0.298999 secs using 76.69% CPU
Optimizing NNI: done in 0.276081 secs using 78.33% CPU
Optimizing NNI: done in 0.299692 secs using 54.61% CPU
Optimizing NNI: done in 0.307614 secs using 76.54% CPU
Optimizing NNI: done in 0.258388 secs using 75.17% CPU
Iteration 330 / LogL: -3884.169 / Time: 0h:4m:43s (0h:0m:5s left)
Optimizing NNI: done in 0.42017 secs using 68.73% CPU
Optimizing NNI: done in 0.222891 secs using 81.42% CPU
Optimizing NNI: done in 0.276594 secs using 85.59% CPU
Optimizing NNI: done in 0.26387 secs using 72.46% CPU
Optimizing NNI: done in 0.32311 secs using 77.68% CPU
Optimizing NNI: done in 0.323687 secs using 68.94% CPU
Optimizing NNI: done in 0.253414 secs using 81.06% CPU
TREE SEARCH COMPLETED AFTER 337 ITERATIONS / Time: 0h:4m:45s

--------------------------------------------------------------------
|                    FINALIZING TREE SEARCH                        |
--------------------------------------------------------------------
Performs final model parameters optimization
Estimate model parameters (epsilon = 0.010)
1. Initial log-likelihood: -3878.909
2. Current log-likelihood: -3878.879
3. Current log-likelihood: -3878.836
4. Current log-likelihood: -3878.794
5. Current log-likelihood: -3878.752
6. Current log-likelihood: -3878.710
7. Current log-likelihood: -3878.669
8. Current log-likelihood: -3878.626
9. Current log-likelihood: -3878.582
10. Current log-likelihood: -3878.536
11. Current log-likelihood: -3878.486
12. Current log-likelihood: -3878.433
13. Current log-likelihood: -3878.374
14. Current log-likelihood: -3878.316
15. Current log-likelihood: -3878.248
16. Current log-likelihood: -3878.170
17. Current log-likelihood: -3878.081
18. Current log-likelihood: -3877.979
19. Current log-likelihood: -3877.863
20. Current log-likelihood: -3877.737
21. Current log-likelihood: -3877.599
22. Current log-likelihood: -3877.455
23. Current log-likelihood: -3877.302
24. Current log-likelihood: -3877.141
25. Current log-likelihood: -3876.976
26. Current log-likelihood: -3876.806
27. Current log-likelihood: -3876.631
28. Current log-likelihood: -3876.452
29. Current log-likelihood: -3876.268
30. Current log-likelihood: -3876.083
31. Current log-likelihood: -3875.891
32. Current log-likelihood: -3875.706
33. Current log-likelihood: -3875.525
34. Current log-likelihood: -3875.351
35. Current log-likelihood: -3875.186
36. Current log-likelihood: -3875.030
37. Current log-likelihood: -3874.886
38. Current log-likelihood: -3874.752
39. Current log-likelihood: -3874.626
40. Current log-likelihood: -3874.504
41. Current log-likelihood: -3874.387
42. Current log-likelihood: -3874.267
43. Current log-likelihood: -3874.147
44. Current log-likelihood: -3874.017
45. Current log-likelihood: -3873.875
46. Current log-likelihood: -3873.715
47. Current log-likelihood: -3873.536
48. Current log-likelihood: -3873.343
49. Current log-likelihood: -3873.161
50. Current log-likelihood: -3873.049
51. Current log-likelihood: -3872.987
52. Current log-likelihood: -3872.932
53. Current log-likelihood: -3872.880
54. Current log-likelihood: -3872.830
55. Current log-likelihood: -3872.782
56. Current log-likelihood: -3872.735
57. Current log-likelihood: -3872.689
58. Current log-likelihood: -3872.645
59. Current log-likelihood: -3872.602
60. Current log-likelihood: -3872.560
61. Current log-likelihood: -3872.519
62. Current log-likelihood: -3872.480
63. Current log-likelihood: -3872.442
64. Current log-likelihood: -3872.405
65. Current log-likelihood: -3872.369
66. Current log-likelihood: -3872.334
67. Current log-likelihood: -3872.300
68. Current log-likelihood: -3872.267
69. Current log-likelihood: -3872.234
70. Current log-likelihood: -3872.203
71. Current log-likelihood: -3872.173
72. Current log-likelihood: -3872.143
73. Current log-likelihood: -3872.114
74. Current log-likelihood: -3872.087
75. Current log-likelihood: -3872.060
76. Current log-likelihood: -3872.049
Optimal log-likelihood: -3872.040
Rate parameters:  A-C: 2.42125  A-G: 4.50328  A-T: 1.44548  C-G: 4.14708  C-T: 9.71778  G-T: 1.00000
Base frequencies:  A: 0.248  C: 0.197  G: 0.218  T: 0.337
Site proportion and rates:  (0.497,0.032) (0.270,0.872) (0.209,2.767) (0.025,6.928)
Parameters optimization took 76 rounds (8.138 sec)
BEST SCORE FOUND : -3872.040
Total tree length: 3.293

Total number of iterations: 337
CPU time used for tree search: 77.653 sec (0h:1m:17s)
Wall-clock time used for tree search: 89.933 sec (0h:1m:29s)
Total CPU time used: 417.312 sec (0h:6m:57s)
Total wall-clock time used: 294.064 sec (0h:4m:54s)

Analysis results written to: 
  IQ-TREE report:                2G47600_iqtree_preliminary_superstrict_excluding_hybrids.iqtree
  Maximum-likelihood tree:       2G47600_iqtree_preliminary_superstrict_excluding_hybrids.treefile
  Likelihood distances:          2G47600_iqtree_preliminary_superstrict_excluding_hybrids.mldist
  Screen log file:               2G47600_iqtree_preliminary_superstrict_excluding_hybrids.log

ALISIM COMMAND
--------------
--alisim simulated_MSA -t 2G47600_iqtree_preliminary_superstrict_excluding_hybrids.treefile -m "GTR{2.42125,4.50328,1.44548,4.14708,9.71778}+F{0.247613,0.196921,0.218407,0.337058}+R4{0.496507,0.0321405,0.270055,0.871842,0.208742,2.76661,0.0246954,6.9279}" --length 264

Date and Time: Fri Jun  2 07:55:19 2023
