IQ-TREE multicore version 2.2.2 COVID-edition for Linux 64-bit built Sep 20 2022
Developed by Bui Quang Minh, James Barbetti, Nguyen Lam Tung,
Olga Chernomor, Heiko Schmidt, Dominik Schrempf, Michael Woodhams, Ly Trong Nhan.

Host:    netdc-bms-c11f (AVX2, FMA3, 377 GB RAM)
Command: /home/kasper.hendriks/iqtree-2.2.2-Linux/bin/iqtree2 -s 3G14910_taper_preliminary_superstrict_excluding_hybrids.fasta -nm 1000 -m GTR+F+R -nt AUTO --prefix 3G14910_iqtree_preliminary_superstrict_excluding_hybrids
Seed:    913745 (Using SPRNG - Scalable Parallel Random Number Generator)
Time:    Fri Jun  2 07:52:25 2023
Kernel:  AVX+FMA - auto-detect threads (56 CPU cores detected)

Reading alignment file 3G14910_taper_preliminary_superstrict_excluding_hybrids.fasta ... Fasta format detected
Reading fasta file: done in 0.00113106 secs using 99.91% CPU
Alignment most likely contains DNA/RNA sequences
Constructing alignment: done in 0.00267696 secs using 1385% CPU
Alignment has 116 sequences with 369 columns, 258 distinct patterns
154 parsimony-informative, 56 singleton sites, 159 constant sites
               Gap/Ambiguity  Composition  p-value
Analyzing sequences: done in 0.00799203 secs using 1554% CPU
   1  PAFTOL_019361   51.22%    passed     43.21%
   2  S0055            0.00%    passed     99.74%
   3  S0196sl         47.15%    passed     33.02%
   4  S0278            0.00%    passed     89.30%
   5  S0281            0.54%    passed     97.89%
   6  S0282            0.00%    passed     99.89%
   7  S0289            0.00%    passed     85.67%
   8  S0292            1.08%    passed     85.08%
   9  S0293           47.43%    passed     47.09%
  10  S0294            1.36%    passed     85.92%
  11  S0299           47.15%    passed     18.01%
  12  S0303            0.27%    passed     79.02%
  13  S0308            0.00%    passed     79.81%
  14  S0322            1.08%    passed     96.75%
  15  S0327            0.00%    passed     98.04%
  16  S0335            0.00%    passed     93.14%
  17  S0376            0.81%    passed     94.58%
  18  S0400            0.00%    passed     99.98%
  19  S0405            0.00%    passed     98.46%
  20  S0412sl          0.27%    passed     97.98%
  21  S0417            0.00%    passed     99.01%
  22  S0419            1.63%    passed     99.92%
  23  S0427            0.00%    passed     92.25%
  24  S0430            0.81%    passed     99.38%
  25  S0478           51.22%    passed     31.27%
  26  S0552sl          0.81%    passed     92.15%
  27  S0558            0.00%    passed     99.78%
  28  S0641            0.00%    passed     99.57%
  29  S0643            0.00%    passed     99.66%
  30  S0645sl          0.00%    passed     97.47%
  31  S0689            1.08%    passed     98.67%
  32  S0690           10.57%    passed     87.95%
  33  S0720            0.00%    passed     98.12%
  34  S0724sl          2.44%    passed     84.70%
  35  S0735            0.00%    passed     73.78%
  36  S0742            0.00%    passed     99.89%
  37  S0748            0.00%    passed     97.78%
  38  S0756            1.63%    passed     99.12%
  39  S0758            0.00%    passed     97.95%
  40  S0760            0.00%    passed     97.21%
  41  S0763            0.00%    passed     99.68%
  42  S0770            0.00%    passed     97.21%
  43  S0771            0.27%    passed     87.64%
  44  S0827           49.59%    passed     96.68%
  45  S0888            0.27%    passed     98.29%
  46  S0894            0.27%    passed     99.33%
  47  S0899            1.36%    passed     95.73%
  48  S0906            0.27%    passed     92.43%
  49  S0952           47.15%    passed     42.99%
  50  S0956            0.27%    passed     89.49%
  51  S0959            0.27%    passed     95.34%
  52  S0960            0.27%    passed     97.41%
  53  S0964            0.27%    passed     99.43%
  54  S1052sl          4.88%    passed     83.13%
  55  S1083            0.00%    passed     92.78%
  56  S1100            0.27%    passed     72.30%
  57  S1110            9.49%    passed     40.66%
  58  S1120           52.03%    passed     47.87%
  59  S1128            1.08%    passed     98.13%
  60  S1129sl          1.08%    passed     99.80%
  61  S1148            1.36%    passed     73.20%
  62  S1177            2.98%    passed     99.77%
  63  S1180           49.86%    passed     27.80%
  64  S1189            0.00%    passed     98.24%
  65  S1201sl          0.00%    passed     96.60%
  66  S1210            4.61%    passed     89.49%
  67  S1211            0.00%    passed     83.39%
  68  S1214sl          0.00%    passed     79.49%
  69  S1223            0.27%    passed     52.32%
  70  S1227            0.00%    passed     98.47%
  71  S1235sl          0.00%    passed     96.88%
  72  S1238sl          0.54%    passed     90.90%
  73  S1239            0.00%    passed     90.60%
  74  S1245            0.00%    passed     99.80%
  75  S1246            0.81%    passed     99.31%
  76  S1249           10.03%    passed     96.66%
  77  S1250sl          0.27%    passed     98.72%
  78  S1251           45.53%    passed     32.80%
  79  S1260            1.36%    passed     95.05%
  80  S1266sl          1.08%    passed    100.00%
  81  S1269           52.57%    passed     42.38%
  82  S1278            0.00%    passed     99.00%
  83  S1315            7.05%    passed     99.60%
  84  S1332            0.00%    passed     95.12%
  85  S1366            0.54%    passed     91.24%
  86  S1369           47.43%    passed     20.38%
  87  S1370           47.15%    passed     35.42%
  88  S1375           48.51%    passed     30.45%
  89  S1376            0.00%    passed     75.12%
  90  S1381            0.27%    passed     91.86%
  91  S1405           47.15%    passed     39.50%
  92  S1422            0.00%    passed     75.12%
  93  S1449            0.00%    passed     87.40%
  94  S1460            1.36%    passed     98.97%
  95  S1462            0.00%    passed     97.21%
  96  S1498            0.00%    passed     98.14%
  97  S1539            0.00%    passed     94.32%
  98  S_670            0.81%    passed     98.81%
  99  SRR8528336       0.00%    passed     99.43%
 100  SRR8528341       0.00%    passed     95.74%
 101  SRR8528343       0.00%    passed     99.00%
 102  SRR8528347       0.00%    passed     86.16%
 103  SRR8528350       0.00%    passed     95.99%
 104  SRR8528354       0.00%    passed     99.83%
 105  SRR8528357       0.00%    passed     93.10%
 106  SRR8528359       0.00%    passed     96.39%
 107  SRR8528361       0.54%    passed     97.17%
 108  SRR8528365       0.00%    passed     98.60%
 109  SRR8528370       0.00%    passed     96.77%
 110  SRR8528372       0.27%    passed     95.47%
 111  SRR8528379       0.00%    passed     97.42%
 112  SRR8528381       5.42%    passed     43.79%
 113  SRR8528384       0.00%    passed     95.59%
 114  SRR8528389       0.00%    passed     98.24%
 115  SRR8528391       0.00%    passed     99.76%
 116  SRR8528400       0.54%    passed     96.38%
WARNING: 4 sequences contain more than 50% gaps/ambiguity
****  TOTAL            7.03%  0 sequences failed composition chi2 test (p-value<5%; df=3)
NOTE: S0770 is identical to S0760 but kept for subsequent analysis
Checking for duplicate sequences: done in 0.010371 secs using 1588% CPU
Identifying sites to remove: done in 0.00113106 secs using 762.9% CPU
NOTE: 1 identical sequences (see below) will be ignored for subsequent analysis
NOTE: S1462 (identical to S0760) is ignored but added at the end
Alignment was printed to 3G14910_iqtree_preliminary_superstrict_excluding_hybrids.uniqueseq.phy

For your convenience alignment with unique sequences printed to 3G14910_iqtree_preliminary_superstrict_excluding_hybrids.uniqueseq.phy

Create initial parsimony tree by phylogenetic likelihood library (PLL)... 0.065 seconds

NOTE: 3 MB RAM (0 GB) is required!
Measuring multi-threading efficiency up to 56 CPU cores
Increase to 10 rounds for branch lengths
405 trees examined
Threads: 1 / Time: 56.028 sec / Speedup: 1.000 / Efficiency: 100% / LogL: -8807
Threads: 2 / Time: 90.701 sec / Speedup: 0.618 / Efficiency: 31% / LogL: -8807
Determining AUTO threadcount: done in 146.73 secs using 117.6% CPU
BEST NUMBER OF THREADS: 1

Estimate model parameters (epsilon = 0.100)
1. Initial log-likelihood: -5836.025
2. Current log-likelihood: -5603.477
3. Current log-likelihood: -5594.978
4. Current log-likelihood: -5592.404
5. Current log-likelihood: -5591.146
6. Current log-likelihood: -5590.340
7. Current log-likelihood: -5589.772
8. Current log-likelihood: -5589.345
9. Current log-likelihood: -5589.014
10. Current log-likelihood: -5588.830
11. Current log-likelihood: -5588.666
12. Current log-likelihood: -5588.527
13. Current log-likelihood: -5588.407
14. Current log-likelihood: -5588.304
Optimal log-likelihood: -5588.162
Rate parameters:  A-C: 1.29331  A-G: 4.45966  A-T: 1.14289  C-G: 1.94564  C-T: 3.54443  G-T: 1.00000
Base frequencies:  A: 0.288  C: 0.203  G: 0.224  T: 0.286
Site proportion and rates:  (0.549,0.120) (0.031,0.262) (0.323,1.495) (0.096,4.616)
Parameters optimization took 14 rounds (3.323 sec)
Wrote distance file to... 
Computing ML distances based on estimated model parameters...
Calculating distance matrix: done in 0.177765 secs using 72.93% CPU
Computing ML distances took 0.178159 sec (of wall-clock time) 0.130036 sec (of CPU time)
Setting up auxiliary I and S matrices: done in 0.00105 secs using 99.91% CPU
Constructing RapidNJ tree: done in 0.00220013 secs using 282.4% CPU
Computing RapidNJ tree took 0.003405 sec (of wall-clock time) 0.007416 sec (of CPU time)
Log-likelihood of RapidNJ tree: -5706.350
--------------------------------------------------------------------
|             INITIALIZING CANDIDATE TREE SET                      |
--------------------------------------------------------------------
Generating 98 parsimony trees... 1.839 second
Computing log-likelihood of 98 initial trees ... 2.579 seconds
Current best score: -5556.209

Do NNI search on 20 best initial trees
Optimizing NNI: done in 0.390225 secs using 58.34% CPU
Estimate model parameters (epsilon = 0.100)
BETTER TREE FOUND at iteration 1: -5546.414
Optimizing NNI: done in 0.386735 secs using 75.16% CPU
Estimate model parameters (epsilon = 0.100)
BETTER TREE FOUND at iteration 2: -5541.568
Optimizing NNI: done in 0.255778 secs using 87.72% CPU
Optimizing NNI: done in 0.25238 secs using 77.86% CPU
Optimizing NNI: done in 0.432066 secs using 49.14% CPU
Optimizing NNI: done in 0.29354 secs using 61.55% CPU
Optimizing NNI: done in 0.31118 secs using 73.85% CPU
Optimizing NNI: done in 0.570646 secs using 49.91% CPU
Optimizing NNI: done in 0.402205 secs using 66.16% CPU
Optimizing NNI: done in 0.30429 secs using 89.48% CPU
Estimate model parameters (epsilon = 0.100)
BETTER TREE FOUND at iteration 10: -5539.786
Iteration 10 / LogL: -5539.786 / Time: 0h:2m:40s
Optimizing NNI: done in 0.187858 secs using 100% CPU
Optimizing NNI: done in 0.264085 secs using 90.9% CPU
Optimizing NNI: done in 0.263947 secs using 99.98% CPU
Estimate model parameters (epsilon = 0.100)
BETTER TREE FOUND at iteration 13: -5538.080
Optimizing NNI: done in 0.287232 secs using 100% CPU
Optimizing NNI: done in 0.29499 secs using 99.68% CPU
Optimizing NNI: done in 0.278368 secs using 99.99% CPU
Estimate model parameters (epsilon = 0.100)
BETTER TREE FOUND at iteration 16: -5532.139
Optimizing NNI: done in 0.352473 secs using 99.99% CPU
Optimizing NNI: done in 0.364738 secs using 82.01% CPU
Optimizing NNI: done in 0.349574 secs using 69.84% CPU
Optimizing NNI: done in 0.296113 secs using 86.16% CPU
Iteration 20 / LogL: -5552.181 / Time: 0h:2m:47s
Finish initializing candidate tree set (20)
Current best tree score: -5532.139 / CPU time: 16.606
Number of iterations: 20
--------------------------------------------------------------------
|               OPTIMIZING CANDIDATE TREE SET                      |
--------------------------------------------------------------------
Optimizing NNI: done in 0.433167 secs using 85.14% CPU
Optimizing NNI: done in 0.493303 secs using 60.89% CPU
Optimizing NNI: done in 0.415993 secs using 77.5% CPU
Optimizing NNI: done in 0.431356 secs using 81.37% CPU
Optimizing NNI: done in 0.399895 secs using 84.97% CPU
Optimizing NNI: done in 0.454171 secs using 71.37% CPU
Optimizing NNI: done in 0.542519 secs using 61.67% CPU
Optimizing NNI: done in 0.400258 secs using 64.06% CPU
Optimizing NNI: done in 0.488927 secs using 65.71% CPU
Optimizing NNI: done in 0.380275 secs using 99.89% CPU
Iteration 30 / LogL: -5536.485 / Time: 0h:2m:51s (0h:8m:28s left)
Optimizing NNI: done in 0.362344 secs using 99.99% CPU
Optimizing NNI: done in 0.381483 secs using 100% CPU
Optimizing NNI: done in 0.399227 secs using 73.5% CPU
Optimizing NNI: done in 0.447834 secs using 77.67% CPU
Optimizing NNI: done in 0.635538 secs using 50.87% CPU
Optimizing NNI: done in 0.373118 secs using 82.33% CPU
Optimizing NNI: done in 0.672335 secs using 73.88% CPU
Optimizing NNI: done in 0.667675 secs using 59.58% CPU
Optimizing NNI: done in 0.431128 secs using 77.74% CPU
Optimizing NNI: done in 0.410133 secs using 77.56% CPU
Iteration 40 / LogL: -5533.730 / Time: 0h:2m:56s (0h:5m:43s left)
Optimizing NNI: done in 0.491322 secs using 72.28% CPU
Optimizing NNI: done in 0.428791 secs using 80.27% CPU
Optimizing NNI: done in 0.516385 secs using 55.41% CPU
Optimizing NNI: done in 0.392177 secs using 81.76% CPU
Estimate model parameters (epsilon = 0.100)
BETTER TREE FOUND at iteration 44: -5520.564
Optimizing NNI: done in 0.333409 secs using 99.87% CPU
Optimizing NNI: done in 0.337911 secs using 99.97% CPU
Optimizing NNI: done in 0.353625 secs using 99.99% CPU
Optimizing NNI: done in 0.307071 secs using 99.88% CPU
Optimizing NNI: done in 0.317984 secs using 98.72% CPU
Optimizing NNI: done in 0.330894 secs using 100% CPU
Iteration 50 / LogL: -5522.726 / Time: 0h:3m:3s (0h:5m:50s left)
Optimizing NNI: done in 0.283256 secs using 100% CPU
Optimizing NNI: done in 0.314167 secs using 100% CPU
Optimizing NNI: done in 0.357105 secs using 100% CPU
Optimizing NNI: done in 0.335022 secs using 100% CPU
Optimizing NNI: done in 0.327209 secs using 100% CPU
Optimizing NNI: done in 0.429833 secs using 100% CPU
Optimizing NNI: done in 0.283237 secs using 100% CPU
Estimate model parameters (epsilon = 0.100)
BETTER TREE FOUND at iteration 57: -5519.989
Optimizing NNI: done in 0.324678 secs using 99.98% CPU
Optimizing NNI: done in 0.330709 secs using 100% CPU
Optimizing NNI: done in 0.374455 secs using 100% CPU
Estimate model parameters (epsilon = 0.100)
BETTER TREE FOUND at iteration 60: -5519.723
Iteration 60 / LogL: -5519.723 / Time: 0h:3m:6s (0h:5m:16s left)
Optimizing NNI: done in 0.338973 secs using 94.06% CPU
Optimizing NNI: done in 0.380553 secs using 84.23% CPU
Estimate model parameters (epsilon = 0.100)
BETTER TREE FOUND at iteration 62: -5519.432
Optimizing NNI: done in 0.307298 secs using 99.97% CPU
Optimizing NNI: done in 0.366009 secs using 100% CPU
Optimizing NNI: done in 0.370109 secs using 100% CPU
Optimizing NNI: done in 0.377791 secs using 100% CPU
Optimizing NNI: done in 0.393834 secs using 99.99% CPU
Optimizing NNI: done in 0.271018 secs using 99.97% CPU
Optimizing NNI: done in 0.346419 secs using 100% CPU
Optimizing NNI: done in 0.287738 secs using 100% CPU
Estimate model parameters (epsilon = 0.100)
BETTER TREE FOUND at iteration 70: -5518.153
Iteration 70 / LogL: -5518.153 / Time: 0h:3m:10s (0h:4m:36s left)
Optimizing NNI: done in 0.289483 secs using 100% CPU
Optimizing NNI: done in 0.386627 secs using 100% CPU
Optimizing NNI: done in 0.341837 secs using 98.85% CPU
Optimizing NNI: done in 0.347339 secs using 99.98% CPU
Optimizing NNI: done in 0.341611 secs using 100% CPU
Optimizing NNI: done in 0.296611 secs using 100% CPU
Optimizing NNI: done in 0.303315 secs using 100% CPU
Optimizing NNI: done in 0.317102 secs using 100% CPU
Optimizing NNI: done in 0.354672 secs using 92.04% CPU
Optimizing NNI: done in 0.554612 secs using 57.46% CPU
Iteration 80 / LogL: -5521.234 / Time: 0h:3m:14s (0h:3m:41s left)
Optimizing NNI: done in 0.355638 secs using 82.68% CPU
Optimizing NNI: done in 0.432078 secs using 65.97% CPU
Optimizing NNI: done in 0.407718 secs using 70.27% CPU
Optimizing NNI: done in 0.441336 secs using 71.63% CPU
Optimizing NNI: done in 0.451686 secs using 72.45% CPU
Optimizing NNI: done in 0.349982 secs using 73.66% CPU
Optimizing NNI: done in 0.434321 secs using 80.91% CPU
Optimizing NNI: done in 0.495146 secs using 61.31% CPU
Optimizing NNI: done in 0.406222 secs using 74.62% CPU
Optimizing NNI: done in 0.337177 secs using 86.36% CPU
Iteration 90 / LogL: -5523.658 / Time: 0h:3m:18s (0h:2m:58s left)
Optimizing NNI: done in 0.557721 secs using 61.77% CPU
Optimizing NNI: done in 0.506994 secs using 63.24% CPU
Optimizing NNI: done in 0.36946 secs using 100% CPU
Optimizing NNI: done in 0.320784 secs using 100% CPU
Optimizing NNI: done in 0.303832 secs using 98% CPU
Optimizing NNI: done in 0.230259 secs using 99.99% CPU
Optimizing NNI: done in 0.293017 secs using 99.99% CPU
Optimizing NNI: done in 0.359297 secs using 99.38% CPU
Optimizing NNI: done in 0.334434 secs using 99.99% CPU
Optimizing NNI: done in 0.410421 secs using 84.41% CPU
Iteration 100 / LogL: -5518.153 / Time: 0h:3m:22s (0h:2m:22s left)
Optimizing NNI: done in 0.580232 secs using 73.11% CPU
Optimizing NNI: done in 0.501368 secs using 76.84% CPU
Optimizing NNI: done in 0.351827 secs using 86.36% CPU
Optimizing NNI: done in 0.426024 secs using 100% CPU
Optimizing NNI: done in 0.368597 secs using 100% CPU
Optimizing NNI: done in 0.563426 secs using 100% CPU
Optimizing NNI: done in 0.369483 secs using 99.27% CPU
Optimizing NNI: done in 0.330903 secs using 99.99% CPU
Optimizing NNI: done in 0.355431 secs using 100% CPU
Optimizing NNI: done in 0.398201 secs using 100% CPU
Iteration 110 / LogL: -5520.553 / Time: 0h:3m:26s (0h:1m:53s left)
Optimizing NNI: done in 0.354647 secs using 90.98% CPU
Optimizing NNI: done in 0.388111 secs using 91.75% CPU
Optimizing NNI: done in 0.331337 secs using 100% CPU
UPDATE BEST LOG-LIKELIHOOD: -5518.149
Optimizing NNI: done in 0.350415 secs using 99.99% CPU
Optimizing NNI: done in 0.323944 secs using 100% CPU
Optimizing NNI: done in 0.467296 secs using 80.67% CPU
Optimizing NNI: done in 0.551146 secs using 59.5% CPU
Optimizing NNI: done in 0.522304 secs using 72.97% CPU
Optimizing NNI: done in 0.580734 secs using 65.77% CPU
Optimizing NNI: done in 0.53657 secs using 68.87% CPU
Iteration 120 / LogL: -5520.139 / Time: 0h:3m:31s (0h:1m:28s left)
Optimizing NNI: done in 0.679829 secs using 51.01% CPU
Optimizing NNI: done in 0.443386 secs using 82.16% CPU
Optimizing NNI: done in 0.389581 secs using 100% CPU
Optimizing NNI: done in 0.382781 secs using 100% CPU
Optimizing NNI: done in 0.284952 secs using 99.98% CPU
Optimizing NNI: done in 0.371461 secs using 99.99% CPU
Optimizing NNI: done in 0.322349 secs using 99.99% CPU
Optimizing NNI: done in 0.328753 secs using 100% CPU
Optimizing NNI: done in 0.362748 secs using 99.42% CPU
Optimizing NNI: done in 0.600874 secs using 61.4% CPU
Iteration 130 / LogL: -5541.859 / Time: 0h:3m:35s (0h:1m:6s left)
Optimizing NNI: done in 0.302452 secs using 84.99% CPU
Optimizing NNI: done in 0.509531 secs using 49.46% CPU
Optimizing NNI: done in 0.586777 secs using 53.25% CPU
Optimizing NNI: done in 0.433308 secs using 99.47% CPU
Optimizing NNI: done in 0.337053 secs using 100% CPU
Optimizing NNI: done in 0.427815 secs using 76.61% CPU
Optimizing NNI: done in 0.705422 secs using 51.79% CPU
Optimizing NNI: done in 0.318574 secs using 99.8% CPU
Optimizing NNI: done in 0.521138 secs using 52.41% CPU
Optimizing NNI: done in 0.392636 secs using 75.55% CPU
Iteration 140 / LogL: -5521.305 / Time: 0h:3m:40s (0h:0m:47s left)
Optimizing NNI: done in 0.475624 secs using 58.81% CPU
BETTER TREE FOUND at iteration 141: -5518.148
Optimizing NNI: done in 0.371654 secs using 90.26% CPU
Optimizing NNI: done in 0.266278 secs using 99.97% CPU
Optimizing NNI: done in 0.318338 secs using 99.99% CPU
Optimizing NNI: done in 0.449563 secs using 76.87% CPU
Optimizing NNI: done in 0.824421 secs using 49.54% CPU
Optimizing NNI: done in 0.312635 secs using 100% CPU
Optimizing NNI: done in 0.527159 secs using 74.96% CPU
Optimizing NNI: done in 0.547736 secs using 57.41% CPU
Optimizing NNI: done in 0.409024 secs using 80.44% CPU
Iteration 150 / LogL: -5528.770 / Time: 0h:3m:44s (0h:2m:17s left)
Optimizing NNI: done in 0.544474 secs using 60.33% CPU
Optimizing NNI: done in 0.638485 secs using 57.4% CPU
Estimate model parameters (epsilon = 0.100)
BETTER TREE FOUND at iteration 152: -5516.947
Optimizing NNI: done in 0.334061 secs using 99.98% CPU
Optimizing NNI: done in 0.369344 secs using 100% CPU
Optimizing NNI: done in 0.503614 secs using 57.9% CPU
Optimizing NNI: done in 0.550538 secs using 62.2% CPU
Optimizing NNI: done in 0.416858 secs using 74.63% CPU
Optimizing NNI: done in 0.63549 secs using 59.67% CPU
Optimizing NNI: done in 0.53943 secs using 67.37% CPU
Optimizing NNI: done in 0.523998 secs using 64.86% CPU
Iteration 160 / LogL: -5518.621 / Time: 0h:3m:49s (0h:2m:12s left)
Optimizing NNI: done in 0.535236 secs using 70.09% CPU
Optimizing NNI: done in 0.501059 secs using 74.41% CPU
Optimizing NNI: done in 0.562679 secs using 64.46% CPU
Optimizing NNI: done in 0.536793 secs using 69.62% CPU
Optimizing NNI: done in 0.376864 secs using 69.14% CPU
Optimizing NNI: done in 0.383287 secs using 91.65% CPU
Estimate model parameters (epsilon = 0.100)
BETTER TREE FOUND at iteration 166: -5515.958
Optimizing NNI: done in 0.356745 secs using 100% CPU
Optimizing NNI: done in 0.482136 secs using 70.47% CPU
Optimizing NNI: done in 0.501165 secs using 68.38% CPU
Optimizing NNI: done in 0.591768 secs using 64.61% CPU
Iteration 170 / LogL: -5531.494 / Time: 0h:3m:55s (0h:2m:13s left)
Optimizing NNI: done in 0.590372 secs using 60.19% CPU
Optimizing NNI: done in 0.31653 secs using 99.99% CPU
Optimizing NNI: done in 0.330232 secs using 85.31% CPU
Optimizing NNI: done in 0.278788 secs using 99.34% CPU
Optimizing NNI: done in 0.307508 secs using 98.75% CPU
Optimizing NNI: done in 0.413524 secs using 82.36% CPU
Optimizing NNI: done in 0.538012 secs using 72.92% CPU
Optimizing NNI: done in 0.609456 secs using 53.07% CPU
Optimizing NNI: done in 0.455693 secs using 79.3% CPU
Estimate model parameters (epsilon = 0.100)
BETTER TREE FOUND at iteration 179: -5515.899
Optimizing NNI: done in 0.350147 secs using 90.96% CPU
Iteration 180 / LogL: -5521.842 / Time: 0h:3m:59s (0h:2m:12s left)
Optimizing NNI: done in 0.576491 secs using 70.71% CPU
Optimizing NNI: done in 0.601128 secs using 64.93% CPU
Optimizing NNI: done in 0.598661 secs using 65.87% CPU
Optimizing NNI: done in 0.424416 secs using 78.49% CPU
Optimizing NNI: done in 0.316142 secs using 100% CPU
Optimizing NNI: done in 0.390557 secs using 97.73% CPU
Optimizing NNI: done in 0.551387 secs using 59.73% CPU
Optimizing NNI: done in 0.442486 secs using 75.28% CPU
Optimizing NNI: done in 0.382393 secs using 74.32% CPU
Optimizing NNI: done in 0.390927 secs using 92.04% CPU
Iteration 190 / LogL: -5515.900 / Time: 0h:4m:4s (0h:1m:54s left)
Optimizing NNI: done in 0.40526 secs using 73.32% CPU
Optimizing NNI: done in 0.577148 secs using 57.9% CPU
Optimizing NNI: done in 0.512269 secs using 58.6% CPU
Optimizing NNI: done in 0.392846 secs using 80.04% CPU
Optimizing NNI: done in 0.307944 secs using 99.64% CPU
Optimizing NNI: done in 0.346491 secs using 96.59% CPU
Optimizing NNI: done in 0.577395 secs using 74.53% CPU
Optimizing NNI: done in 0.305661 secs using 90.97% CPU
Optimizing NNI: done in 0.336148 secs using 97.57% CPU
Optimizing NNI: done in 0.34182 secs using 100% CPU
Iteration 200 / LogL: -5516.156 / Time: 0h:4m:8s (0h:1m:38s left)
Optimizing NNI: done in 0.425333 secs using 100% CPU
UPDATE BEST LOG-LIKELIHOOD: -5515.895
Optimizing NNI: done in 0.37205 secs using 99.99% CPU
Optimizing NNI: done in 0.270366 secs using 100% CPU
Optimizing NNI: done in 0.374313 secs using 99.99% CPU
Optimizing NNI: done in 0.321073 secs using 100% CPU
Optimizing NNI: done in 0.457155 secs using 78.73% CPU
Optimizing NNI: done in 0.447969 secs using 63.93% CPU
Optimizing NNI: done in 0.426462 secs using 67.09% CPU
Optimizing NNI: done in 0.574094 secs using 64.15% CPU
Optimizing NNI: done in 0.389133 secs using 78.39% CPU
Iteration 210 / LogL: -5524.014 / Time: 0h:4m:12s (0h:1m:23s left)
Optimizing NNI: done in 0.462355 secs using 75.24% CPU
Optimizing NNI: done in 0.296891 secs using 100% CPU
Optimizing NNI: done in 0.314581 secs using 100% CPU
Optimizing NNI: done in 0.356423 secs using 99.97% CPU
UPDATE BEST LOG-LIKELIHOOD: -5515.895
Optimizing NNI: done in 0.468118 secs using 67.73% CPU
Optimizing NNI: done in 0.622498 secs using 60.5% CPU
Optimizing NNI: done in 0.515068 secs using 60.52% CPU
Optimizing NNI: done in 0.409623 secs using 77.88% CPU
Optimizing NNI: done in 0.286594 secs using 100% CPU
Optimizing NNI: done in 0.3281 secs using 100% CPU
Iteration 220 / LogL: -5525.145 / Time: 0h:4m:16s (0h:1m:9s left)
Optimizing NNI: done in 0.299446 secs using 100% CPU
Optimizing NNI: done in 0.32764 secs using 100% CPU
Optimizing NNI: done in 0.329321 secs using 100% CPU
Optimizing NNI: done in 0.44241 secs using 66.66% CPU
Optimizing NNI: done in 0.45459 secs using 79.9% CPU
Optimizing NNI: done in 0.450652 secs using 65.4% CPU
Optimizing NNI: done in 0.482353 secs using 71.28% CPU
Optimizing NNI: done in 0.685138 secs using 66.72% CPU
Optimizing NNI: done in 0.310039 secs using 93.1% CPU
Optimizing NNI: done in 0.267089 secs using 100% CPU
Iteration 230 / LogL: -5515.924 / Time: 0h:4m:21s (0h:0m:55s left)
Optimizing NNI: done in 0.333755 secs using 100% CPU
Optimizing NNI: done in 0.32826 secs using 100% CPU
Optimizing NNI: done in 0.329917 secs using 99.99% CPU
Optimizing NNI: done in 0.261937 secs using 100% CPU
Optimizing NNI: done in 0.444907 secs using 70.63% CPU
Optimizing NNI: done in 0.567437 secs using 59.04% CPU
Optimizing NNI: done in 0.454642 secs using 69.91% CPU
Optimizing NNI: done in 0.359432 secs using 89.82% CPU
Optimizing NNI: done in 0.339926 secs using 99.98% CPU
Optimizing NNI: done in 0.270873 secs using 99.99% CPU
Iteration 240 / LogL: -5515.929 / Time: 0h:4m:24s (0h:0m:43s left)
Optimizing NNI: done in 0.306201 secs using 100% CPU
Optimizing NNI: done in 0.401782 secs using 100% CPU
Optimizing NNI: done in 0.26558 secs using 100% CPU
Optimizing NNI: done in 0.566383 secs using 54.63% CPU
Optimizing NNI: done in 0.51979 secs using 73.81% CPU
Optimizing NNI: done in 0.389291 secs using 100% CPU
Optimizing NNI: done in 0.36581 secs using 100% CPU
Optimizing NNI: done in 0.318496 secs using 100% CPU
Optimizing NNI: done in 0.323378 secs using 99.99% CPU
Optimizing NNI: done in 0.324681 secs using 100% CPU
Iteration 250 / LogL: -5517.524 / Time: 0h:4m:28s (0h:0m:31s left)
Optimizing NNI: done in 0.339721 secs using 98.82% CPU
Optimizing NNI: done in 0.335231 secs using 100% CPU
Optimizing NNI: done in 0.296528 secs using 100% CPU
Optimizing NNI: done in 0.265025 secs using 100% CPU
Optimizing NNI: done in 0.347296 secs using 100% CPU
Optimizing NNI: done in 0.421604 secs using 74.06% CPU
Optimizing NNI: done in 0.555185 secs using 61.97% CPU
Optimizing NNI: done in 0.58143 secs using 69.19% CPU
Optimizing NNI: done in 0.411505 secs using 69.63% CPU
Optimizing NNI: done in 0.474704 secs using 70.74% CPU
Iteration 260 / LogL: -5520.273 / Time: 0h:4m:32s (0h:0m:20s left)
Optimizing NNI: done in 0.532726 secs using 59.62% CPU
Optimizing NNI: done in 0.42907 secs using 86.83% CPU
Optimizing NNI: done in 0.458468 secs using 74.4% CPU
Optimizing NNI: done in 0.418579 secs using 76.22% CPU
Optimizing NNI: done in 0.360874 secs using 84.04% CPU
Optimizing NNI: done in 0.584376 secs using 63.27% CPU
Optimizing NNI: done in 0.427229 secs using 75.64% CPU
Optimizing NNI: done in 0.478768 secs using 71.62% CPU
Optimizing NNI: done in 0.328756 secs using 99.99% CPU
Optimizing NNI: done in 0.441989 secs using 92.73% CPU
Iteration 270 / LogL: -5518.056 / Time: 0h:4m:37s (0h:0m:9s left)
Optimizing NNI: done in 0.579141 secs using 60.44% CPU
Optimizing NNI: done in 0.466346 secs using 84.66% CPU
Optimizing NNI: done in 0.34479 secs using 100% CPU
Optimizing NNI: done in 0.397109 secs using 91.95% CPU
Optimizing NNI: done in 0.406699 secs using 100% CPU
Optimizing NNI: done in 0.367429 secs using 100% CPU
Optimizing NNI: done in 0.380307 secs using 83.32% CPU
Optimizing NNI: done in 0.412189 secs using 100% CPU
Optimizing NNI: done in 0.34242 secs using 100% CPU
Optimizing NNI: done in 0.356442 secs using 99.99% CPU
Iteration 280 / LogL: -5518.113 / Time: 0h:4m:41s (0h:0m:-2s left)
TREE SEARCH COMPLETED AFTER 280 ITERATIONS / Time: 0h:4m:41s

--------------------------------------------------------------------
|                    FINALIZING TREE SEARCH                        |
--------------------------------------------------------------------
Performs final model parameters optimization
Estimate model parameters (epsilon = 0.010)
1. Initial log-likelihood: -5515.895
2. Current log-likelihood: -5515.877
3. Current log-likelihood: -5515.862
4. Current log-likelihood: -5515.839
5. Current log-likelihood: -5515.826
6. Current log-likelihood: -5515.813
7. Current log-likelihood: -5515.801
8. Current log-likelihood: -5515.791
9. Current log-likelihood: -5515.780
10. Current log-likelihood: -5515.770
Optimal log-likelihood: -5515.757
Rate parameters:  A-C: 1.18175  A-G: 4.65574  A-T: 1.14203  C-G: 1.85676  C-T: 3.56918  G-T: 1.00000
Base frequencies:  A: 0.288  C: 0.203  G: 0.224  T: 0.286
Site proportion and rates:  (0.558,0.103) (0.320,1.334) (0.119,3.940) (0.003,17.141)
Parameters optimization took 10 rounds (1.698 sec)
BEST SCORE FOUND : -5515.757
Total tree length: 3.136

Total number of iterations: 280
CPU time used for tree search: 106.402 sec (0h:1m:46s)
Wall-clock time used for tree search: 131.009 sec (0h:2m:11s)
Total CPU time used: 285.527 sec (0h:4m:45s)
Total wall-clock time used: 283.281 sec (0h:4m:43s)

Analysis results written to: 
  IQ-TREE report:                3G14910_iqtree_preliminary_superstrict_excluding_hybrids.iqtree
  Maximum-likelihood tree:       3G14910_iqtree_preliminary_superstrict_excluding_hybrids.treefile
  Likelihood distances:          3G14910_iqtree_preliminary_superstrict_excluding_hybrids.mldist
  Screen log file:               3G14910_iqtree_preliminary_superstrict_excluding_hybrids.log

ALISIM COMMAND
--------------
--alisim simulated_MSA -t 3G14910_iqtree_preliminary_superstrict_excluding_hybrids.treefile -m "GTR{1.18175,4.65574,1.14203,1.85676,3.56918}+F{0.28818,0.202684,0.223618,0.285518}+R4{0.558428,0.102816,0.31982,1.33446,0.119022,3.94048,0.00273006,17.1407}" --length 369

Date and Time: Fri Jun  2 07:57:09 2023
