IQ-TREE multicore version 2.2.2 COVID-edition for Linux 64-bit built Sep 20 2022
Developed by Bui Quang Minh, James Barbetti, Nguyen Lam Tung,
Olga Chernomor, Heiko Schmidt, Dominik Schrempf, Michael Woodhams, Ly Trong Nhan.

Host:    netdc-bms-c11f (AVX2, FMA3, 377 GB RAM)
Command: /home/kasper.hendriks/iqtree-2.2.2-Linux/bin/iqtree2 -s 3G16290_taper_preliminary_superstrict_excluding_hybrids.fasta -nm 1000 -m GTR+F+R -nt AUTO --prefix 3G16290_iqtree_preliminary_superstrict_excluding_hybrids
Seed:    394514 (Using SPRNG - Scalable Parallel Random Number Generator)
Time:    Fri Jun  2 07:52:43 2023
Kernel:  AVX+FMA - auto-detect threads (56 CPU cores detected)

Reading alignment file 3G16290_taper_preliminary_superstrict_excluding_hybrids.fasta ... Fasta format detected
Reading fasta file: done in 0.00342703 secs using 99.94% CPU
Alignment most likely contains DNA/RNA sequences
Constructing alignment: done in 0.0169749 secs using 1349% CPU
Alignment has 134 sequences with 1056 columns, 760 distinct patterns
519 parsimony-informative, 151 singleton sites, 386 constant sites
               Gap/Ambiguity  Composition  p-value
Analyzing sequences: done in 0.0116792 secs using 1368% CPU
   1  PAFTOL_019361    4.64%    passed     50.73%
   2  S0055            0.28%    passed     92.31%
   3  S0196sl          5.40%    passed     90.67%
   4  S0278            0.00%    passed     85.74%
   5  S0281            2.18%    passed     92.46%
   6  S0282            0.00%    passed     93.57%
   7  S0288            0.38%    passed     87.89%
   8  S0289            0.00%    passed     94.39%
   9  S0292            0.66%    passed     35.97%
  10  S0293            4.83%    passed     87.13%
  11  S0294            0.00%    passed     91.47%
  12  S0299            0.00%    passed     37.00%
  13  S0303            1.04%    passed     88.69%
  14  S0308            0.09%    passed     36.89%
  15  S0320            0.09%    passed     80.87%
  16  S0322            0.00%    passed     96.98%
  17  S0327            0.00%    passed     76.03%
  18  S0335            0.00%    passed     48.22%
  19  S0345           15.15%    passed     82.12%
  20  S0376            0.00%    passed     86.32%
  21  S0400            0.76%    passed     88.10%
  22  S0405            0.09%    passed     85.78%
  23  S0407sl          0.09%    passed     76.33%
  24  S0412sl          0.09%    passed     92.91%
  25  S0417            0.28%    passed     90.55%
  26  S0419            0.19%    passed     97.89%
  27  S0427            0.00%    passed     87.18%
  28  S0428sl         10.32%    passed     39.06%
  29  S0430            0.66%    passed     91.45%
  30  S0478            0.09%    passed     98.03%
  31  S0552sl          0.19%    passed     77.77%
  32  S0558            0.00%    passed     80.39%
  33  S0616            0.00%    passed     50.37%
  34  S0624            5.11%    passed     86.17%
  35  S0641            0.00%    passed     96.48%
  36  S0643            0.28%    passed     93.29%
  37  S0645sl          0.00%    passed     69.32%
  38  S0656sl          0.28%    passed     99.52%
  39  S0673            1.42%    passed     67.50%
  40  S0689            0.47%    passed     92.86%
  41  S0690            6.91%    passed     79.07%
  42  S0720            2.94%    passed     84.05%
  43  S0724sl          0.85%    passed     93.11%
  44  S0735            1.42%    passed     52.83%
  45  S0742            1.61%    passed     84.85%
  46  S0748            0.38%    passed     85.78%
  47  S0753            0.85%    passed     95.65%
  48  S0756            0.00%    passed     91.97%
  49  S0758            6.53%    passed     62.05%
  50  S0760            0.00%    passed     96.19%
  51  S0763            0.00%    passed     91.82%
  52  S0765            0.19%    passed     96.62%
  53  S0770            0.76%    passed     97.43%
  54  S0771            0.00%    passed     94.42%
  55  S0795            2.94%    passed     77.87%
  56  S0827            0.00%    passed     99.75%
  57  S0888            0.28%    passed     37.77%
  58  S0894            2.65%    passed     77.91%
  59  S0899            2.75%    passed     96.47%
  60  S0906            0.09%    passed     88.58%
  61  S0951            8.05%    passed     76.36%
  62  S0952            0.19%    passed     86.14%
  63  S0956            0.28%    passed     67.60%
  64  S0959            0.00%    passed     86.92%
  65  S0960            0.00%    passed     64.04%
  66  S0964            0.00%    passed     91.92%
  67  S1052sl          7.10%    passed     67.67%
  68  S1083            0.00%    passed     63.41%
  69  S1100            0.09%    passed     73.44%
  70  S1102            0.38%    passed     74.70%
  71  S1110            0.95%    passed     73.41%
  72  S1120            2.18%    passed     62.95%
  73  S1128            0.57%    passed     59.35%
  74  S1129sl          0.28%    passed     63.85%
  75  S1148            0.57%    passed     53.53%
  76  S1177            0.00%    passed     96.32%
  77  S1180            0.38%    passed     34.40%
  78  S1187sl         30.49%    passed     34.74%
  79  S1189            0.00%    passed     99.67%
  80  S1201sl          0.00%    passed     89.83%
  81  S1210            0.00%    passed     64.91%
  82  S1211            0.00%    passed     69.03%
  83  S1214sl          0.00%    passed     52.09%
  84  S1223            0.38%    passed     37.71%
  85  S1227            0.00%    passed     92.57%
  86  S1235sl          0.00%    passed     96.43%
  87  S1238sl          0.00%    passed     57.59%
  88  S1239            0.00%    passed     88.71%
  89  S1245            1.04%    passed     86.73%
  90  S1246            1.14%    passed     79.53%
  91  S1249            0.28%    passed     91.82%
  92  S1250sl          0.28%    passed     99.46%
  93  S1251            0.00%    passed     80.73%
  94  S1260            1.52%    passed     89.17%
  95  S1266sl          0.28%    passed     88.63%
  96  S1269            1.23%    passed     82.09%
  97  S1278            0.00%    passed     96.52%
  98  S1315            2.08%    passed     38.67%
  99  S1332            0.00%    passed     91.16%
 100  S1366            0.95%    passed     40.70%
 101  S1369            0.00%    passed     94.64%
 102  S1370            0.38%    passed     94.09%
 103  S1375            0.00%    passed     91.94%
 104  S1376            0.00%    passed     38.43%
 105  S1381            0.00%    passed     77.79%
 106  S1405            5.78%    passed     98.76%
 107  S1422            0.00%    passed     36.98%
 108  S1449            0.47%    passed     24.02%
 109  S1451            0.00%    passed     91.14%
 110  S1460            0.00%    passed     98.15%
 111  S1462            0.00%    passed     94.54%
 112  S1475            3.69%    passed     87.64%
 113  S1498            0.09%    passed     56.95%
 114  S1539            1.52%    passed     36.67%
 115  S_670            0.19%    passed     87.25%
 116  SRR11470320      0.00%    passed     75.16%
 117  SRR8528336       0.19%    passed     51.39%
 118  SRR8528341       0.00%    passed     74.69%
 119  SRR8528343       0.00%    passed     90.26%
 120  SRR8528347       0.00%    passed     78.39%
 121  SRR8528350       0.00%    passed     96.92%
 122  SRR8528354       0.00%    passed     99.95%
 123  SRR8528357       0.00%    passed     92.87%
 124  SRR8528359       0.00%    passed     97.23%
 125  SRR8528361       0.00%    passed     89.76%
 126  SRR8528365       0.00%    passed     90.16%
 127  SRR8528370       1.14%    passed     88.35%
 128  SRR8528372       0.00%    passed     96.17%
 129  SRR8528379       0.00%    passed     96.07%
 130  SRR8528381       0.00%    passed     44.53%
 131  SRR8528384       0.00%    passed     92.15%
 132  SRR8528389       0.00%    passed     93.93%
 133  SRR8528391       0.00%    passed     88.95%
 134  SRR8528400       0.09%    passed     99.23%
****  TOTAL            1.20%  0 sequences failed composition chi2 test (p-value<5%; df=3)
Checking for duplicate sequences: done in 0.011147 secs using 1199% CPU

Create initial parsimony tree by phylogenetic likelihood library (PLL)... 0.120 seconds

NOTE: 13 MB RAM (0 GB) is required!
Measuring multi-threading efficiency up to 56 CPU cores
Increase to 10 rounds for branch lengths
102 trees examined
Threads: 1 / Time: 56.070 sec / Speedup: 1.000 / Efficiency: 100% / LogL: -31698
Threads: 2 / Time: 49.126 sec / Speedup: 1.141 / Efficiency: 57% / LogL: -31698
Threads: 3 / Time: 58.930 sec / Speedup: 0.951 / Efficiency: 32% / LogL: -31698
Determining AUTO threadcount: done in 164.129 secs using 125.3% CPU
BEST NUMBER OF THREADS: 2

Estimate model parameters (epsilon = 0.100)
1. Initial log-likelihood: -19605.458
2. Current log-likelihood: -18899.945
3. Current log-likelihood: -18878.694
4. Current log-likelihood: -18874.311
5. Current log-likelihood: -18871.788
6. Current log-likelihood: -18870.089
7. Current log-likelihood: -18868.915
8. Current log-likelihood: -18868.161
9. Current log-likelihood: -18867.546
10. Current log-likelihood: -18867.030
11. Current log-likelihood: -18866.562
12. Current log-likelihood: -18866.184
13. Current log-likelihood: -18865.807
14. Current log-likelihood: -18865.445
15. Current log-likelihood: -18865.114
16. Current log-likelihood: -18864.808
17. Current log-likelihood: -18864.537
18. Current log-likelihood: -18864.283
19. Current log-likelihood: -18864.037
20. Current log-likelihood: -18863.790
21. Current log-likelihood: -18863.539
22. Current log-likelihood: -18863.278
23. Current log-likelihood: -18863.010
24. Current log-likelihood: -18862.729
25. Current log-likelihood: -18862.437
26. Current log-likelihood: -18862.134
27. Current log-likelihood: -18861.823
28. Current log-likelihood: -18861.499
29. Current log-likelihood: -18861.164
30. Current log-likelihood: -18860.816
31. Current log-likelihood: -18860.456
32. Current log-likelihood: -18860.079
33. Current log-likelihood: -18859.688
34. Current log-likelihood: -18859.260
35. Current log-likelihood: -18858.822
36. Current log-likelihood: -18858.356
37. Current log-likelihood: -18857.855
38. Current log-likelihood: -18857.311
39. Current log-likelihood: -18856.711
40. Current log-likelihood: -18856.036
41. Current log-likelihood: -18855.261
42. Current log-likelihood: -18854.339
43. Current log-likelihood: -18853.186
44. Current log-likelihood: -18851.671
45. Current log-likelihood: -18849.532
46. Current log-likelihood: -18846.495
47. Current log-likelihood: -18844.511
48. Current log-likelihood: -18843.885
49. Current log-likelihood: -18843.632
50. Current log-likelihood: -18843.488
51. Current log-likelihood: -18843.381
Optimal log-likelihood: -18843.236
Rate parameters:  A-C: 1.54769  A-G: 2.65675  A-T: 1.17225  C-G: 1.25537  C-T: 6.21329  G-T: 1.00000
Base frequencies:  A: 0.317  C: 0.132  G: 0.309  T: 0.243
Site proportion and rates:  (0.526,0.121) (0.334,1.197) (0.119,3.233) (0.020,7.585)
Parameters optimization took 51 rounds (31.186 sec)
Wrote distance file to... 
Computing ML distances based on estimated model parameters...
Calculating distance matrix: done in 0.128509 secs using 147.1% CPU
Computing ML distances took 0.136128 sec (of wall-clock time) 0.193176 sec (of CPU time)
Setting up auxiliary I and S matrices: done in 0.000648022 secs using 191.2% CPU
Constructing RapidNJ tree: done in 0.00410914 secs using 289.1% CPU
Computing RapidNJ tree took 0.004911 sec (of wall-clock time) 0.013634 sec (of CPU time)
Log-likelihood of RapidNJ tree: -18858.460
--------------------------------------------------------------------
|             INITIALIZING CANDIDATE TREE SET                      |
--------------------------------------------------------------------
Generating 98 parsimony trees... 5.462 second
Computing log-likelihood of 98 initial trees ... 6.278 seconds
Current best score: -18788.291

Do NNI search on 20 best initial trees
Optimizing NNI: done in 0.71533 secs using 140.9% CPU
Estimate model parameters (epsilon = 0.100)
BETTER TREE FOUND at iteration 1: -18781.455
Optimizing NNI: done in 0.815384 secs using 112.4% CPU
Optimizing NNI: done in 0.943189 secs using 84.83% CPU
Optimizing NNI: done in 0.685529 secs using 146.6% CPU
Optimizing NNI: done in 0.709427 secs using 134.5% CPU
Optimizing NNI: done in 0.703482 secs using 138.9% CPU
Optimizing NNI: done in 0.829103 secs using 117.3% CPU
Optimizing NNI: done in 0.809496 secs using 96.04% CPU
Optimizing NNI: done in 0.757668 secs using 110.2% CPU
Optimizing NNI: done in 0.605878 secs using 156.3% CPU
Iteration 10 / LogL: -18783.923 / Time: 0h:3m:36s
Optimizing NNI: done in 0.564179 secs using 160.5% CPU
Optimizing NNI: done in 0.430458 secs using 187.3% CPU
Optimizing NNI: done in 0.844383 secs using 135.9% CPU
Optimizing NNI: done in 0.685344 secs using 129.5% CPU
Optimizing NNI: done in 0.844198 secs using 122.7% CPU
Optimizing NNI: done in 0.662048 secs using 138.8% CPU
Optimizing NNI: done in 0.866953 secs using 111.3% CPU
Optimizing NNI: done in 0.488975 secs using 173.2% CPU
Estimate model parameters (epsilon = 0.100)
BETTER TREE FOUND at iteration 18: -18780.385
Optimizing NNI: done in 0.795508 secs using 106.9% CPU
Optimizing NNI: done in 0.764721 secs using 119% CPU
Iteration 20 / LogL: -18790.315 / Time: 0h:3m:44s
Finish initializing candidate tree set (20)
Current best tree score: -18780.385 / CPU time: 28.358
Number of iterations: 20
--------------------------------------------------------------------
|               OPTIMIZING CANDIDATE TREE SET                      |
--------------------------------------------------------------------
Optimizing NNI: done in 1.25109 secs using 119.2% CPU
Optimizing NNI: done in 1.39574 secs using 125.6% CPU
Estimate model parameters (epsilon = 0.100)
BETTER TREE FOUND at iteration 22: -18778.645
Optimizing NNI: done in 1.40991 secs using 122% CPU
Optimizing NNI: done in 1.06919 secs using 135.3% CPU
Optimizing NNI: done in 1.4279 secs using 125.2% CPU
Optimizing NNI: done in 1.24112 secs using 121.8% CPU
Optimizing NNI: done in 1.25087 secs using 132.8% CPU
Optimizing NNI: done in 1.2694 secs using 124% CPU
Optimizing NNI: done in 1.11279 secs using 130.2% CPU
Optimizing NNI: done in 1.06533 secs using 146.7% CPU
Iteration 30 / LogL: -18826.756 / Time: 0h:3m:57s (0h:12m:33s left)
Optimizing NNI: done in 1.27648 secs using 126.6% CPU
Optimizing NNI: done in 1.10815 secs using 125.4% CPU
Optimizing NNI: done in 1.20684 secs using 118.1% CPU
Optimizing NNI: done in 1.31824 secs using 119.6% CPU
Optimizing NNI: done in 1.56155 secs using 101.1% CPU
Optimizing NNI: done in 1.33987 secs using 107.8% CPU
Optimizing NNI: done in 1.15751 secs using 128.5% CPU
Optimizing NNI: done in 1.00861 secs using 111.9% CPU
Optimizing NNI: done in 1.28339 secs using 122.3% CPU
Optimizing NNI: done in 1.54362 secs using 113.9% CPU
Iteration 40 / LogL: -18787.971 / Time: 0h:4m:10s (0h:8m:46s left)
Optimizing NNI: done in 1.38543 secs using 123.7% CPU
Optimizing NNI: done in 0.93636 secs using 149.2% CPU
Optimizing NNI: done in 1.15877 secs using 127.9% CPU
Optimizing NNI: done in 0.902751 secs using 137.9% CPU
Estimate model parameters (epsilon = 0.100)
BETTER TREE FOUND at iteration 44: -18778.521
Optimizing NNI: done in 1.51644 secs using 110.3% CPU
Optimizing NNI: done in 1.02531 secs using 138.9% CPU
Optimizing NNI: done in 1.38895 secs using 88.34% CPU
Optimizing NNI: done in 0.881058 secs using 153.1% CPU
Optimizing NNI: done in 0.992749 secs using 146.6% CPU
Estimate model parameters (epsilon = 0.100)
BETTER TREE FOUND at iteration 49: -18778.388
Optimizing NNI: done in 1.08929 secs using 132.9% CPU
Iteration 50 / LogL: -18779.248 / Time: 0h:4m:23s (0h:8m:51s left)
Optimizing NNI: done in 1.57805 secs using 100.3% CPU
Optimizing NNI: done in 1.51887 secs using 97.3% CPU
Optimizing NNI: done in 1.35132 secs using 106% CPU
Optimizing NNI: done in 1.33901 secs using 99.43% CPU
Optimizing NNI: done in 1.31455 secs using 98.61% CPU
Optimizing NNI: done in 1.15755 secs using 107.1% CPU
Optimizing NNI: done in 1.44583 secs using 98.32% CPU
Optimizing NNI: done in 1.41439 secs using 108% CPU
Optimizing NNI: done in 1.10755 secs using 129.3% CPU
Optimizing NNI: done in 1.15997 secs using 123.8% CPU
Iteration 60 / LogL: -18790.676 / Time: 0h:4m:36s (0h:6m:57s left)
Optimizing NNI: done in 1.12402 secs using 131.1% CPU
Optimizing NNI: done in 0.970836 secs using 143.4% CPU
Estimate model parameters (epsilon = 0.100)
BETTER TREE FOUND at iteration 62: -18777.893
Optimizing NNI: done in 1.4402 secs using 114.7% CPU
Optimizing NNI: done in 1.57725 secs using 102.9% CPU
Optimizing NNI: done in 1.00548 secs using 115.2% CPU
Optimizing NNI: done in 1.00737 secs using 138.4% CPU
Optimizing NNI: done in 1.01396 secs using 126.4% CPU
Optimizing NNI: done in 1.00791 secs using 130.4% CPU
Optimizing NNI: done in 1.54403 secs using 97.61% CPU
Optimizing NNI: done in 1.01582 secs using 139.7% CPU
Iteration 70 / LogL: -18799.982 / Time: 0h:4m:49s (0h:6m:25s left)
Optimizing NNI: done in 1.00039 secs using 140.3% CPU
Optimizing NNI: done in 1.66196 secs using 121.2% CPU
Optimizing NNI: done in 1.12076 secs using 125.5% CPU
Optimizing NNI: done in 1.16792 secs using 122.5% CPU
Optimizing NNI: done in 0.943941 secs using 130.9% CPU
Optimizing NNI: done in 1.2545 secs using 128% CPU
Optimizing NNI: done in 1.06638 secs using 138.1% CPU
Optimizing NNI: done in 2.68455 secs using 72.83% CPU
Optimizing NNI: done in 1.26911 secs using 117.5% CPU
Optimizing NNI: done in 1.36837 secs using 104.5% CPU
Iteration 80 / LogL: -18782.202 / Time: 0h:5m:3s (0h:5m:14s left)
Optimizing NNI: done in 0.972631 secs using 127.5% CPU
Optimizing NNI: done in 0.80923 secs using 139.5% CPU
Optimizing NNI: done in 1.40188 secs using 108.8% CPU
Optimizing NNI: done in 1.15733 secs using 131.5% CPU
Optimizing NNI: done in 1.25904 secs using 104.6% CPU
Optimizing NNI: done in 1.18709 secs using 125.1% CPU
Optimizing NNI: done in 1.00697 secs using 120.5% CPU
Optimizing NNI: done in 1.32419 secs using 121.4% CPU
BETTER TREE FOUND at iteration 88: -18777.887
Optimizing NNI: done in 1.11356 secs using 150.9% CPU
Optimizing NNI: done in 1.39491 secs using 119% CPU
UPDATE BEST LOG-LIKELIHOOD: -18777.886
Iteration 90 / LogL: -18777.886 / Time: 0h:5m:14s (0h:5m:46s left)
Optimizing NNI: done in 1.17336 secs using 132.9% CPU
Optimizing NNI: done in 0.995461 secs using 150% CPU
Optimizing NNI: done in 0.827342 secs using 153.4% CPU
Optimizing NNI: done in 0.946232 secs using 123.7% CPU
BETTER TREE FOUND at iteration 94: -18777.876
Optimizing NNI: done in 0.856615 secs using 143.7% CPU
Optimizing NNI: done in 1.33912 secs using 117.8% CPU
Optimizing NNI: done in 0.882791 secs using 147.4% CPU
Optimizing NNI: done in 1.01836 secs using 128.1% CPU
Optimizing NNI: done in 1.42142 secs using 91.46% CPU
Optimizing NNI: done in 1.16292 secs using 112.4% CPU
Iteration 100 / LogL: -18781.558 / Time: 0h:5m:25s (0h:5m:9s left)
Optimizing NNI: done in 1.2389 secs using 129.2% CPU
Optimizing NNI: done in 1.31532 secs using 107% CPU
Estimate model parameters (epsilon = 0.100)
BETTER TREE FOUND at iteration 102: -18777.621
Optimizing NNI: done in 1.28291 secs using 124.4% CPU
Optimizing NNI: done in 1.09675 secs using 141.8% CPU
Optimizing NNI: done in 0.953248 secs using 131.6% CPU
Optimizing NNI: done in 1.11121 secs using 136.7% CPU
Optimizing NNI: done in 1.29367 secs using 123.3% CPU
Optimizing NNI: done in 0.993292 secs using 132% CPU
Optimizing NNI: done in 1.48234 secs using 99.4% CPU
Optimizing NNI: done in 1.0498 secs using 137.1% CPU
Iteration 110 / LogL: -18809.983 / Time: 0h:5m:38s (0h:4m:45s left)
Optimizing NNI: done in 0.652534 secs using 160.3% CPU
Optimizing NNI: done in 1.45744 secs using 128.1% CPU
Optimizing NNI: done in 1.05452 secs using 127.9% CPU
Optimizing NNI: done in 1.23064 secs using 122.2% CPU
Optimizing NNI: done in 1.84568 secs using 110.7% CPU
Optimizing NNI: done in 1.34667 secs using 124.5% CPU
Optimizing NNI: done in 1.0938 secs using 140% CPU
Optimizing NNI: done in 0.815977 secs using 169.3% CPU
Optimizing NNI: done in 1.78884 secs using 106% CPU
Optimizing NNI: done in 1.55177 secs using 126.7% CPU
Iteration 120 / LogL: -18789.561 / Time: 0h:5m:51s (0h:4m:2s left)
Optimizing NNI: done in 0.938253 secs using 134.5% CPU
Optimizing NNI: done in 0.513847 secs using 200% CPU
BETTER TREE FOUND at iteration 122: -18777.615
Optimizing NNI: done in 0.719387 secs using 169.7% CPU
Optimizing NNI: done in 1.1038 secs using 113.8% CPU
Optimizing NNI: done in 0.572615 secs using 199.3% CPU
Optimizing NNI: done in 0.55465 secs using 199.4% CPU
Optimizing NNI: done in 0.510757 secs using 199.7% CPU
Optimizing NNI: done in 0.426673 secs using 199.5% CPU
Optimizing NNI: done in 0.493725 secs using 199.5% CPU
Optimizing NNI: done in 0.859071 secs using 159.4% CPU
Iteration 130 / LogL: -18777.615 / Time: 0h:5m:58s (0h:4m:15s left)
Optimizing NNI: done in 0.833545 secs using 146.2% CPU
Optimizing NNI: done in 0.631415 secs using 174.4% CPU
Optimizing NNI: done in 0.794816 secs using 180.6% CPU
Optimizing NNI: done in 0.689761 secs using 172.9% CPU
Estimate model parameters (epsilon = 0.100)
BETTER TREE FOUND at iteration 134: -18777.557
Optimizing NNI: done in 0.941603 secs using 140.6% CPU
Optimizing NNI: done in 0.902619 secs using 132.9% CPU
Optimizing NNI: done in 0.742797 secs using 168.5% CPU
Optimizing NNI: done in 0.624023 secs using 175.9% CPU
Optimizing NNI: done in 0.98383 secs using 151.2% CPU
Optimizing NNI: done in 0.673484 secs using 171.4% CPU
Iteration 140 / LogL: -18825.514 / Time: 0h:6m:6s (0h:4m:8s left)
Optimizing NNI: done in 0.601127 secs using 179.2% CPU
Optimizing NNI: done in 0.784353 secs using 161.8% CPU
Optimizing NNI: done in 0.721231 secs using 151.7% CPU
Optimizing NNI: done in 1.29149 secs using 110.6% CPU
Optimizing NNI: done in 0.734251 secs using 143.2% CPU
Optimizing NNI: done in 1.23429 secs using 98.07% CPU
Optimizing NNI: done in 1.36182 secs using 117.5% CPU
Optimizing NNI: done in 1.28752 secs using 114.8% CPU
Optimizing NNI: done in 1.16844 secs using 128.3% CPU
Optimizing NNI: done in 1.22722 secs using 130.6% CPU
Iteration 150 / LogL: -18777.715 / Time: 0h:6m:17s (0h:3m:32s left)
Optimizing NNI: done in 1.28446 secs using 127.5% CPU
Optimizing NNI: done in 1.25516 secs using 129.4% CPU
Optimizing NNI: done in 0.772836 secs using 166.1% CPU
BETTER TREE FOUND at iteration 153: -18777.551
Optimizing NNI: done in 0.901825 secs using 154.2% CPU
Optimizing NNI: done in 1.53762 secs using 127.3% CPU
Optimizing NNI: done in 1.59145 secs using 127.5% CPU
BETTER TREE FOUND at iteration 156: -18777.549
Optimizing NNI: done in 1.29466 secs using 144.1% CPU
Optimizing NNI: done in 0.929665 secs using 170.1% CPU
Optimizing NNI: done in 1.75264 secs using 123.9% CPU
Optimizing NNI: done in 1.075 secs using 160.5% CPU
Iteration 160 / LogL: -18777.550 / Time: 0h:6m:30s (0h:3m:55s left)
Optimizing NNI: done in 1.2765 secs using 130.8% CPU
Optimizing NNI: done in 1.8334 secs using 126.9% CPU
Optimizing NNI: done in 1.22077 secs using 157.9% CPU
Optimizing NNI: done in 1.78542 secs using 122.2% CPU
Optimizing NNI: done in 1.67967 secs using 115.6% CPU
Optimizing NNI: done in 1.20755 secs using 158.2% CPU
Optimizing NNI: done in 0.985518 secs using 153.9% CPU
Optimizing NNI: done in 0.911872 secs using 162.4% CPU
Optimizing NNI: done in 1.517 secs using 124% CPU
Optimizing NNI: done in 1.47333 secs using 110.5% CPU
BETTER TREE FOUND at iteration 170: -18777.549
Iteration 170 / LogL: -18777.549 / Time: 0h:6m:44s (0h:3m:59s left)
Optimizing NNI: done in 0.997732 secs using 120.7% CPU
Optimizing NNI: done in 1.13081 secs using 108.3% CPU
Optimizing NNI: done in 0.857473 secs using 134.7% CPU
Optimizing NNI: done in 0.734666 secs using 148.8% CPU
Optimizing NNI: done in 1.41131 secs using 91.75% CPU
Optimizing NNI: done in 0.787923 secs using 145.7% CPU
Optimizing NNI: done in 1.19792 secs using 141.4% CPU
Optimizing NNI: done in 1.91786 secs using 119.9% CPU
Optimizing NNI: done in 1.66408 secs using 105.9% CPU
Optimizing NNI: done in 1.40892 secs using 98.46% CPU
Iteration 180 / LogL: -18777.554 / Time: 0h:6m:56s (0h:3m:29s left)
Optimizing NNI: done in 1.40584 secs using 98.05% CPU
Optimizing NNI: done in 1.1255 secs using 99.19% CPU
Optimizing NNI: done in 1.58049 secs using 108.2% CPU
Optimizing NNI: done in 1.61671 secs using 131.5% CPU
Optimizing NNI: done in 1.45721 secs using 144.2% CPU
Optimizing NNI: done in 1.73535 secs using 117.5% CPU
Optimizing NNI: done in 1.79377 secs using 123% CPU
Optimizing NNI: done in 1.48347 secs using 135.3% CPU
Optimizing NNI: done in 1.37203 secs using 139.8% CPU
Optimizing NNI: done in 1.05077 secs using 138.9% CPU
Iteration 190 / LogL: -18777.827 / Time: 0h:7m:11s (0h:3m:2s left)
Optimizing NNI: done in 1.05923 secs using 135.3% CPU
Optimizing NNI: done in 1.23703 secs using 131.3% CPU
Optimizing NNI: done in 1.1508 secs using 145.9% CPU
Optimizing NNI: done in 0.660621 secs using 172% CPU
Optimizing NNI: done in 0.774905 secs using 168.4% CPU
Optimizing NNI: done in 0.901608 secs using 145.8% CPU
Optimizing NNI: done in 1.25195 secs using 129.3% CPU
Optimizing NNI: done in 1.82733 secs using 122.7% CPU
Optimizing NNI: done in 1.58596 secs using 123.8% CPU
Optimizing NNI: done in 1.81702 secs using 116.3% CPU
Iteration 200 / LogL: -18777.550 / Time: 0h:7m:24s (0h:2m:36s left)
Optimizing NNI: done in 0.934281 secs using 148.6% CPU
Optimizing NNI: done in 1.01499 secs using 124.9% CPU
Optimizing NNI: done in 1.2239 secs using 132.8% CPU
Optimizing NNI: done in 1.62291 secs using 117.5% CPU
Optimizing NNI: done in 1.33118 secs using 142.3% CPU
Optimizing NNI: done in 0.593503 secs using 179.8% CPU
Optimizing NNI: done in 1.55062 secs using 122.6% CPU
Optimizing NNI: done in 1.02706 secs using 142.3% CPU
Optimizing NNI: done in 1.2682 secs using 129.8% CPU
Optimizing NNI: done in 1.14034 secs using 151.8% CPU
Iteration 210 / LogL: -18777.621 / Time: 0h:7m:36s (0h:2m:10s left)
Optimizing NNI: done in 1.19613 secs using 152.5% CPU
Optimizing NNI: done in 1.22123 secs using 141% CPU
Optimizing NNI: done in 1.26592 secs using 147.4% CPU
Optimizing NNI: done in 1.30501 secs using 134.9% CPU
Optimizing NNI: done in 0.858421 secs using 147.3% CPU
Optimizing NNI: done in 1.07761 secs using 111% CPU
Optimizing NNI: done in 0.783907 secs using 151.6% CPU
Optimizing NNI: done in 0.956458 secs using 135.9% CPU
Optimizing NNI: done in 0.78594 secs using 152% CPU
Optimizing NNI: done in 1.16538 secs using 129.3% CPU
Iteration 220 / LogL: -18777.549 / Time: 0h:7m:46s (0h:1m:46s left)
Optimizing NNI: done in 1.17374 secs using 128.9% CPU
Optimizing NNI: done in 0.736332 secs using 158.5% CPU
Optimizing NNI: done in 0.655432 secs using 172% CPU
Optimizing NNI: done in 1.00953 secs using 139.6% CPU
Optimizing NNI: done in 0.847086 secs using 138% CPU
Optimizing NNI: done in 0.960987 secs using 139.2% CPU
Optimizing NNI: done in 1.26563 secs using 134.5% CPU
Optimizing NNI: done in 1.58622 secs using 119.5% CPU
Optimizing NNI: done in 1.5523 secs using 120.8% CPU
Optimizing NNI: done in 1.74965 secs using 115% CPU
Iteration 230 / LogL: -18779.677 / Time: 0h:7m:58s (0h:1m:23s left)
Optimizing NNI: done in 1.49956 secs using 119.2% CPU
Optimizing NNI: done in 1.77242 secs using 117.5% CPU
Optimizing NNI: done in 1.39867 secs using 117% CPU
Optimizing NNI: done in 1.46958 secs using 141.9% CPU
Optimizing NNI: done in 1.79878 secs using 137.3% CPU
Optimizing NNI: done in 0.595605 secs using 190.5% CPU
Optimizing NNI: done in 0.638579 secs using 189.4% CPU
Optimizing NNI: done in 0.79277 secs using 173.1% CPU
Optimizing NNI: done in 0.638078 secs using 185.8% CPU
Optimizing NNI: done in 0.713571 secs using 174.9% CPU
Iteration 240 / LogL: -18777.721 / Time: 0h:8m:10s (0h:1m:1s left)
Optimizing NNI: done in 0.795453 secs using 153.3% CPU
Optimizing NNI: done in 0.987663 secs using 135.6% CPU
Optimizing NNI: done in 0.884779 secs using 163.9% CPU
Optimizing NNI: done in 0.51181 secs using 198.1% CPU
BETTER TREE FOUND at iteration 244: -18777.549
Optimizing NNI: done in 1.13022 secs using 142.8% CPU
Optimizing NNI: done in 0.955426 secs using 157.8% CPU
Optimizing NNI: done in 0.670563 secs using 173.3% CPU
Optimizing NNI: done in 0.524615 secs using 185.8% CPU
Optimizing NNI: done in 0.706268 secs using 167.5% CPU
Optimizing NNI: done in 0.619614 secs using 192.9% CPU
Iteration 250 / LogL: -18784.364 / Time: 0h:8m:18s (0h:3m:7s left)
Optimizing NNI: done in 0.684389 secs using 199.4% CPU
BETTER TREE FOUND at iteration 251: -18777.548
Optimizing NNI: done in 0.61883 secs using 191.5% CPU
Optimizing NNI: done in 0.553142 secs using 200.1% CPU
Optimizing NNI: done in 0.575123 secs using 199.1% CPU
Optimizing NNI: done in 0.587781 secs using 199.7% CPU
Optimizing NNI: done in 0.551056 secs using 199% CPU
Optimizing NNI: done in 0.718777 secs using 184% CPU
Optimizing NNI: done in 0.831805 secs using 155.8% CPU
Optimizing NNI: done in 1.10592 secs using 143.8% CPU
Optimizing NNI: done in 1.43934 secs using 115.3% CPU
Iteration 260 / LogL: -18789.848 / Time: 0h:8m:25s (0h:2m:57s left)
Optimizing NNI: done in 0.840891 secs using 145.5% CPU
Optimizing NNI: done in 0.838995 secs using 176.4% CPU
Optimizing NNI: done in 0.960898 secs using 156.9% CPU
Optimizing NNI: done in 0.488418 secs using 198.9% CPU
Optimizing NNI: done in 1.04271 secs using 161.3% CPU
Optimizing NNI: done in 1.18458 secs using 161.4% CPU
Optimizing NNI: done in 1.30714 secs using 148.9% CPU
Optimizing NNI: done in 1.49583 secs using 125% CPU
Optimizing NNI: done in 0.995909 secs using 133% CPU
Optimizing NNI: done in 1.21548 secs using 113.1% CPU
Iteration 270 / LogL: -18784.976 / Time: 0h:8m:36s (0h:2m:35s left)
Optimizing NNI: done in 1.44948 secs using 109.5% CPU
Optimizing NNI: done in 0.91241 secs using 156% CPU
Optimizing NNI: done in 1.28563 secs using 126.6% CPU
Optimizing NNI: done in 1.0488 secs using 153.7% CPU
Optimizing NNI: done in 0.82822 secs using 169.3% CPU
Optimizing NNI: done in 0.964784 secs using 142.2% CPU
Optimizing NNI: done in 1.25903 secs using 115.4% CPU
Optimizing NNI: done in 1.08594 secs using 118.1% CPU
Optimizing NNI: done in 1.54867 secs using 120.8% CPU
Optimizing NNI: done in 1.12598 secs using 125.2% CPU
Iteration 280 / LogL: -18783.115 / Time: 0h:8m:48s (0h:2m:14s left)
Optimizing NNI: done in 0.649171 secs using 184.7% CPU
Optimizing NNI: done in 1.18518 secs using 133.2% CPU
Optimizing NNI: done in 0.870302 secs using 137.9% CPU
Optimizing NNI: done in 0.844992 secs using 146.7% CPU
Optimizing NNI: done in 0.738985 secs using 173.6% CPU
Optimizing NNI: done in 1.09832 secs using 145.6% CPU
Optimizing NNI: done in 1.09331 secs using 134.7% CPU
Optimizing NNI: done in 1.20963 secs using 128.8% CPU
Optimizing NNI: done in 1.40652 secs using 125.9% CPU
Optimizing NNI: done in 1.57565 secs using 143.3% CPU
Iteration 290 / LogL: -18778.254 / Time: 0h:8m:59s (0h:1m:53s left)
Optimizing NNI: done in 0.582024 secs using 194.9% CPU
Optimizing NNI: done in 0.557215 secs using 180% CPU
Optimizing NNI: done in 1.28654 secs using 143.6% CPU
Optimizing NNI: done in 0.790008 secs using 149.6% CPU
Optimizing NNI: done in 0.713846 secs using 190.1% CPU
Optimizing NNI: done in 0.763678 secs using 168.5% CPU
BETTER TREE FOUND at iteration 296: -18777.548
Optimizing NNI: done in 0.716413 secs using 173.8% CPU
Optimizing NNI: done in 0.60841 secs using 199.8% CPU
Optimizing NNI: done in 0.500508 secs using 199.9% CPU
Optimizing NNI: done in 0.503973 secs using 198.7% CPU
Iteration 300 / LogL: -18777.549 / Time: 0h:9m:6s (0h:2m:55s left)
Optimizing NNI: done in 0.605506 secs using 185.5% CPU
Optimizing NNI: done in 0.902755 secs using 148.8% CPU
Optimizing NNI: done in 0.57163 secs using 199.3% CPU
Optimizing NNI: done in 0.63921 secs using 164.6% CPU
Optimizing NNI: done in 0.958756 secs using 144.6% CPU
Optimizing NNI: done in 0.663401 secs using 175.4% CPU
Optimizing NNI: done in 0.547403 secs using 194.6% CPU
Optimizing NNI: done in 0.619344 secs using 177% CPU
Optimizing NNI: done in 1.18621 secs using 149% CPU
Optimizing NNI: done in 0.511186 secs using 197.8% CPU
Iteration 310 / LogL: -18780.893 / Time: 0h:9m:13s (0h:2m:34s left)
Optimizing NNI: done in 0.582773 secs using 200% CPU
Optimizing NNI: done in 0.510118 secs using 198.7% CPU
Optimizing NNI: done in 0.485455 secs using 199.3% CPU
Optimizing NNI: done in 0.47668 secs using 198.5% CPU
Optimizing NNI: done in 0.929656 secs using 144% CPU
Optimizing NNI: done in 0.751667 secs using 171.6% CPU
Optimizing NNI: done in 0.772893 secs using 160.7% CPU
Optimizing NNI: done in 1.15916 secs using 144.4% CPU
Optimizing NNI: done in 0.994991 secs using 151.9% CPU
Optimizing NNI: done in 0.653292 secs using 198.8% CPU
Iteration 320 / LogL: -18779.628 / Time: 0h:9m:21s (0h:2m:13s left)
Optimizing NNI: done in 0.617752 secs using 163.7% CPU
Optimizing NNI: done in 0.724282 secs using 175.9% CPU
Optimizing NNI: done in 0.684855 secs using 176.6% CPU
Optimizing NNI: done in 0.826308 secs using 169.6% CPU
Optimizing NNI: done in 0.617639 secs using 199.4% CPU
Optimizing NNI: done in 0.824913 secs using 167.5% CPU
Optimizing NNI: done in 0.696312 secs using 180% CPU
Optimizing NNI: done in 0.639838 secs using 181.7% CPU
Optimizing NNI: done in 0.78468 secs using 166.6% CPU
Optimizing NNI: done in 0.869145 secs using 158.6% CPU
Iteration 330 / LogL: -18777.761 / Time: 0h:9m:28s (0h:1m:54s left)
Optimizing NNI: done in 0.603633 secs using 200% CPU
Optimizing NNI: done in 0.580102 secs using 199.6% CPU
Optimizing NNI: done in 0.723311 secs using 179.5% CPU
Optimizing NNI: done in 0.567688 secs using 190.5% CPU
Optimizing NNI: done in 0.616819 secs using 175.1% CPU
Optimizing NNI: done in 0.686835 secs using 178.6% CPU
Optimizing NNI: done in 0.654487 secs using 159.4% CPU
Optimizing NNI: done in 0.933991 secs using 150.4% CPU
Optimizing NNI: done in 0.667952 secs using 191.2% CPU
Optimizing NNI: done in 0.682536 secs using 167.3% CPU
Iteration 340 / LogL: -18777.549 / Time: 0h:9m:35s (0h:1m:35s left)
Optimizing NNI: done in 0.776617 secs using 172.1% CPU
Optimizing NNI: done in 0.612523 secs using 192.8% CPU
Optimizing NNI: done in 0.852721 secs using 170.6% CPU
Optimizing NNI: done in 0.5509 secs using 192% CPU
Optimizing NNI: done in 0.643633 secs using 199.5% CPU
Optimizing NNI: done in 0.884918 secs using 180.6% CPU
Optimizing NNI: done in 0.6216 secs using 174.7% CPU
Optimizing NNI: done in 0.786097 secs using 178.2% CPU
Optimizing NNI: done in 0.808954 secs using 166.8% CPU
Optimizing NNI: done in 1.23287 secs using 140.2% CPU
Iteration 350 / LogL: -18777.550 / Time: 0h:9m:43s (0h:1m:16s left)
Optimizing NNI: done in 0.509742 secs using 191.9% CPU
Optimizing NNI: done in 0.467814 secs using 199.7% CPU
Optimizing NNI: done in 0.595642 secs using 182.2% CPU
Optimizing NNI: done in 0.942609 secs using 156.4% CPU
Optimizing NNI: done in 0.523062 secs using 198.9% CPU
Optimizing NNI: done in 0.547558 secs using 190.2% CPU
Optimizing NNI: done in 0.685923 secs using 174.9% CPU
Optimizing NNI: done in 0.710585 secs using 168.1% CPU
Optimizing NNI: done in 1.1201 secs using 136.3% CPU
Optimizing NNI: done in 0.84826 secs using 161.5% CPU
Iteration 360 / LogL: -18784.564 / Time: 0h:9m:50s (0h:0m:59s left)
Optimizing NNI: done in 0.6018 secs using 189.5% CPU
Optimizing NNI: done in 0.622643 secs using 189.1% CPU
Optimizing NNI: done in 0.633528 secs using 196.8% CPU
Optimizing NNI: done in 0.809682 secs using 167.2% CPU
Optimizing NNI: done in 0.520495 secs using 199.9% CPU
Optimizing NNI: done in 0.526148 secs using 188.1% CPU
Optimizing NNI: done in 0.79261 secs using 172.3% CPU
Optimizing NNI: done in 0.625198 secs using 178.7% CPU
Optimizing NNI: done in 0.573197 secs using 198.6% CPU
Optimizing NNI: done in 0.71795 secs using 186.9% CPU
Iteration 370 / LogL: -18777.552 / Time: 0h:9m:56s (0h:0m:42s left)
Optimizing NNI: done in 0.911092 secs using 163.7% CPU
Optimizing NNI: done in 0.725333 secs using 188.2% CPU
Optimizing NNI: done in 0.548414 secs using 199.9% CPU
Optimizing NNI: done in 0.62775 secs using 198.5% CPU
Optimizing NNI: done in 0.591304 secs using 197.5% CPU
Optimizing NNI: done in 0.680852 secs using 174.9% CPU
Optimizing NNI: done in 0.748996 secs using 170.9% CPU
BETTER TREE FOUND at iteration 377: -18777.548
Optimizing NNI: done in 0.535443 secs using 190.4% CPU
Optimizing NNI: done in 0.723947 secs using 182.3% CPU
Optimizing NNI: done in 0.585252 secs using 200% CPU
Iteration 380 / LogL: -18780.823 / Time: 0h:10m:3s (0h:2m:34s left)
Optimizing NNI: done in 0.639315 secs using 194.4% CPU
Optimizing NNI: done in 0.53182 secs using 199.9% CPU
Optimizing NNI: done in 0.640035 secs using 175.8% CPU
Optimizing NNI: done in 0.754827 secs using 176% CPU
Optimizing NNI: done in 0.632273 secs using 185.4% CPU
Optimizing NNI: done in 0.646286 secs using 195.5% CPU
Optimizing NNI: done in 0.880262 secs using 147.1% CPU
Optimizing NNI: done in 0.67022 secs using 192.4% CPU
Optimizing NNI: done in 0.812486 secs using 164.9% CPU
Optimizing NNI: done in 0.663684 secs using 187.1% CPU
Iteration 390 / LogL: -18777.582 / Time: 0h:10m:10s (0h:2m:16s left)
Optimizing NNI: done in 0.809302 secs using 166.4% CPU
Optimizing NNI: done in 0.914332 secs using 149.5% CPU
Optimizing NNI: done in 0.491084 secs using 200.1% CPU
Optimizing NNI: done in 0.520989 secs using 199.3% CPU
Optimizing NNI: done in 0.565248 secs using 199.7% CPU
Optimizing NNI: done in 0.553869 secs using 199.5% CPU
Optimizing NNI: done in 0.94708 secs using 161.1% CPU
Optimizing NNI: done in 0.766967 secs using 175% CPU
Optimizing NNI: done in 0.843923 secs using 171.7% CPU
Optimizing NNI: done in 0.77113 secs using 189.4% CPU
Iteration 400 / LogL: -18777.717 / Time: 0h:10m:18s (0h:1m:59s left)
Optimizing NNI: done in 0.562396 secs using 196% CPU
Optimizing NNI: done in 1.06512 secs using 151.7% CPU
Optimizing NNI: done in 0.835976 secs using 145.1% CPU
Optimizing NNI: done in 0.788959 secs using 162% CPU
Optimizing NNI: done in 0.598464 secs using 178.9% CPU
Optimizing NNI: done in 0.783369 secs using 152.3% CPU
Optimizing NNI: done in 1.04777 secs using 150.9% CPU
Optimizing NNI: done in 0.656414 secs using 198.2% CPU
Optimizing NNI: done in 0.602492 secs using 198.7% CPU
Optimizing NNI: done in 0.612281 secs using 197.2% CPU
Iteration 410 / LogL: -18779.635 / Time: 0h:10m:25s (0h:1m:42s left)
Optimizing NNI: done in 0.680125 secs using 174.3% CPU
Optimizing NNI: done in 0.774782 secs using 167.8% CPU
Optimizing NNI: done in 0.776519 secs using 163.9% CPU
Optimizing NNI: done in 0.533741 secs using 199.2% CPU
Optimizing NNI: done in 1.00567 secs using 161.6% CPU
Optimizing NNI: done in 0.56055 secs using 199.7% CPU
Optimizing NNI: done in 0.666807 secs using 170.8% CPU
Optimizing NNI: done in 0.546531 secs using 199.2% CPU
Optimizing NNI: done in 0.585125 secs using 200% CPU
Optimizing NNI: done in 0.58243 secs using 197.1% CPU
Iteration 420 / LogL: -18784.792 / Time: 0h:10m:32s (0h:1m:26s left)
Optimizing NNI: done in 0.537804 secs using 193.1% CPU
UPDATE BEST LOG-LIKELIHOOD: -18777.548
Optimizing NNI: done in 0.632387 secs using 167.8% CPU
Optimizing NNI: done in 0.5467 secs using 199.5% CPU
Optimizing NNI: done in 0.486952 secs using 198.6% CPU
Optimizing NNI: done in 1.17096 secs using 151.2% CPU
Optimizing NNI: done in 0.803713 secs using 182.2% CPU
Optimizing NNI: done in 0.929185 secs using 167.6% CPU
Optimizing NNI: done in 0.640669 secs using 195.8% CPU
Optimizing NNI: done in 0.573531 secs using 198.7% CPU
Optimizing NNI: done in 0.559467 secs using 199.3% CPU
Iteration 430 / LogL: -18782.474 / Time: 0h:10m:39s (0h:1m:10s left)
Optimizing NNI: done in 0.610875 secs using 197.3% CPU
Optimizing NNI: done in 0.516431 secs using 198% CPU
Optimizing NNI: done in 0.62586 secs using 199.5% CPU
Optimizing NNI: done in 0.803511 secs using 181.7% CPU
Optimizing NNI: done in 0.641309 secs using 184% CPU
Optimizing NNI: done in 0.584094 secs using 192.5% CPU
Optimizing NNI: done in 0.683456 secs using 183.3% CPU
Optimizing NNI: done in 0.631926 secs using 184.1% CPU
Optimizing NNI: done in 0.880796 secs using 172.9% CPU
Optimizing NNI: done in 1.03988 secs using 146.4% CPU
Iteration 440 / LogL: -18782.435 / Time: 0h:10m:46s (0h:0m:54s left)
Optimizing NNI: done in 0.687421 secs using 190.8% CPU
Optimizing NNI: done in 0.595645 secs using 193% CPU
Optimizing NNI: done in 0.575196 secs using 194.6% CPU
Optimizing NNI: done in 0.575608 secs using 200% CPU
Optimizing NNI: done in 0.529536 secs using 199.5% CPU
Optimizing NNI: done in 0.547122 secs using 199.3% CPU
Optimizing NNI: done in 0.713152 secs using 200% CPU
Optimizing NNI: done in 0.537251 secs using 199.5% CPU
Optimizing NNI: done in 0.571926 secs using 198.7% CPU
Optimizing NNI: done in 0.527409 secs using 197.2% CPU
Iteration 450 / LogL: -18777.717 / Time: 0h:10m:52s (0h:0m:39s left)
Optimizing NNI: done in 0.51525 secs using 196.9% CPU
Optimizing NNI: done in 0.623955 secs using 200% CPU
Optimizing NNI: done in 0.563216 secs using 198.7% CPU
Optimizing NNI: done in 0.47914 secs using 194.9% CPU
Optimizing NNI: done in 0.50811 secs using 200.3% CPU
Optimizing NNI: done in 0.582142 secs using 199.3% CPU
Optimizing NNI: done in 0.605844 secs using 177.5% CPU
Optimizing NNI: done in 0.686225 secs using 181.9% CPU
Optimizing NNI: done in 0.617399 secs using 198.2% CPU
Optimizing NNI: done in 1.22413 secs using 131% CPU
Iteration 460 / LogL: -18791.815 / Time: 0h:10m:59s (0h:0m:24s left)
Optimizing NNI: done in 0.727246 secs using 170.7% CPU
Optimizing NNI: done in 0.553532 secs using 198.7% CPU
Optimizing NNI: done in 0.593413 secs using 198.5% CPU
Optimizing NNI: done in 0.550905 secs using 188.1% CPU
Optimizing NNI: done in 0.580556 secs using 199.1% CPU
Optimizing NNI: done in 0.606445 secs using 199.8% CPU
Optimizing NNI: done in 0.467187 secs using 199.3% CPU
Optimizing NNI: done in 0.582534 secs using 184.6% CPU
Optimizing NNI: done in 0.782404 secs using 170.1% CPU
Optimizing NNI: done in 0.856636 secs using 167.4% CPU
Iteration 470 / LogL: -18777.824 / Time: 0h:11m:5s (0h:0m:9s left)
Optimizing NNI: done in 0.464165 secs using 199.5% CPU
Optimizing NNI: done in 0.628555 secs using 180.8% CPU
Optimizing NNI: done in 0.546927 secs using 197.1% CPU
Optimizing NNI: done in 0.647393 secs using 199.1% CPU
Optimizing NNI: done in 0.78751 secs using 164.2% CPU
Optimizing NNI: done in 0.878718 secs using 158% CPU
Optimizing NNI: done in 0.564171 secs using 197.4% CPU
Optimizing NNI: done in 0.595545 secs using 182% CPU
TREE SEARCH COMPLETED AFTER 478 ITERATIONS / Time: 0h:11m:11s

--------------------------------------------------------------------
|                    FINALIZING TREE SEARCH                        |
--------------------------------------------------------------------
Performs final model parameters optimization
Estimate model parameters (epsilon = 0.010)
1. Initial log-likelihood: -18777.548
2. Current log-likelihood: -18777.529
3. Current log-likelihood: -18777.515
4. Current log-likelihood: -18777.502
5. Current log-likelihood: -18777.490
6. Current log-likelihood: -18777.479
7. Current log-likelihood: -18777.468
Optimal log-likelihood: -18777.453
Rate parameters:  A-C: 1.55454  A-G: 2.70467  A-T: 1.20813  C-G: 1.31076  C-T: 6.32423  G-T: 1.00000
Base frequencies:  A: 0.317  C: 0.132  G: 0.309  T: 0.243
Site proportion and rates:  (0.519,0.111) (0.342,1.183) (0.120,3.229) (0.020,7.751)
Parameters optimization took 7 rounds (2.323 sec)
BEST SCORE FOUND : -18777.453
Total tree length: 3.479

Total number of iterations: 478
CPU time used for tree search: 683.312 sec (0h:11m:23s)
Wall-clock time used for tree search: 475.072 sec (0h:7m:55s)
Total CPU time used: 932.998 sec (0h:15m:32s)
Total wall-clock time used: 673.452 sec (0h:11m:13s)

Analysis results written to: 
  IQ-TREE report:                3G16290_iqtree_preliminary_superstrict_excluding_hybrids.iqtree
  Maximum-likelihood tree:       3G16290_iqtree_preliminary_superstrict_excluding_hybrids.treefile
  Likelihood distances:          3G16290_iqtree_preliminary_superstrict_excluding_hybrids.mldist
  Screen log file:               3G16290_iqtree_preliminary_superstrict_excluding_hybrids.log

ALISIM COMMAND
--------------
--alisim simulated_MSA -t 3G16290_iqtree_preliminary_superstrict_excluding_hybrids.treefile -m "GTR{1.55454,2.70467,1.20813,1.31076,6.32423}+F{0.317069,0.13151,0.30888,0.242541}+R4{0.519087,0.111149,0.341617,1.18299,0.119753,3.22915,0.0195428,7.75088}" --length 1056

Date and Time: Fri Jun  2 08:03:57 2023
