IQ-TREE multicore version 2.2.2 COVID-edition for Linux 64-bit built Sep 20 2022
Developed by Bui Quang Minh, James Barbetti, Nguyen Lam Tung,
Olga Chernomor, Heiko Schmidt, Dominik Schrempf, Michael Woodhams, Ly Trong Nhan.

Host:    netdc-bms-c11f (AVX2, FMA3, 377 GB RAM)
Command: /home/kasper.hendriks/iqtree-2.2.2-Linux/bin/iqtree2 -s 3G19210_taper_preliminary_superstrict_excluding_hybrids.fasta -nm 1000 -m GTR+F+R -nt AUTO --prefix 3G19210_iqtree_preliminary_superstrict_excluding_hybrids
Seed:    753743 (Using SPRNG - Scalable Parallel Random Number Generator)
Time:    Fri Jun  2 07:53:03 2023
Kernel:  AVX+FMA - auto-detect threads (56 CPU cores detected)

Reading alignment file 3G19210_taper_preliminary_superstrict_excluding_hybrids.fasta ... Fasta format detected
Reading fasta file: done in 0.00163102 secs using 99.81% CPU
Alignment most likely contains DNA/RNA sequences
Constructing alignment: done in 0.00376606 secs using 2053% CPU
Alignment has 122 sequences with 548 columns, 403 distinct patterns
243 parsimony-informative, 89 singleton sites, 216 constant sites
               Gap/Ambiguity  Composition  p-value
Analyzing sequences: done in 0.0120192 secs using 1382% CPU
   1  PAFTOL_019361   54.56%    passed     37.30%
   2  S0055            0.00%    passed     90.07%
   3  S0196sl          0.18%    passed     99.52%
   4  S0278            0.00%    passed     91.23%
   5  S0281            2.01%    passed     99.10%
   6  S0282            0.18%    passed     99.86%
   7  S0288            5.84%    passed     99.44%
   8  S0289            0.00%    passed     96.10%
   9  S0292            0.18%    passed     97.97%
  10  S0293            0.36%    passed     98.34%
  11  S0294            1.64%    passed     98.66%
  12  S0299            0.18%    passed     95.19%
  13  S0303            0.36%    passed     97.42%
  14  S0308            0.00%    passed     73.38%
  15  S0320            0.36%    passed     99.95%
  16  S0322            0.00%    passed     99.16%
  17  S0327            0.00%    passed     99.13%
  18  S0345           57.30%    passed     49.09%
  19  S0376            0.00%    passed     88.39%
  20  S0400            0.00%    passed     99.90%
  21  S0405            0.18%    passed     97.84%
  22  S0407sl         13.50%    passed     98.26%
  23  S0412sl          0.55%    passed     99.45%
  24  S0417            0.00%    passed     98.61%
  25  S0419            0.00%    passed     99.10%
  26  S0427            0.18%    passed     98.87%
  27  S0430            1.09%    passed     99.15%
  28  S0478           54.56%    passed     49.58%
  29  S0552sl          0.36%    passed     74.22%
  30  S0558            0.00%    passed     96.87%
  31  S0616            0.00%    passed     99.60%
  32  S0624            0.00%    passed     86.30%
  33  S0641            0.00%    passed     95.73%
  34  S0643            0.18%    passed     98.62%
  35  S0645sl          0.36%    passed     98.07%
  36  S0656sl          0.36%    passed     95.85%
  37  S0673            0.00%    passed     99.86%
  38  S0689            0.55%    passed     95.33%
  39  S0690           54.56%    passed     51.21%
  40  S0720            0.18%    passed     98.66%
  41  S0724sl          0.18%    passed     99.77%
  42  S0735           28.47%    passed     35.12%
  43  S0742            0.36%    passed     95.35%
  44  S0748            3.47%    passed     93.52%
  45  S0756            0.00%    passed     96.01%
  46  S0760            0.00%    passed     98.78%
  47  S0763            0.00%    passed     99.99%
  48  S0765            0.00%    passed     99.59%
  49  S0770            0.18%    passed     99.64%
  50  S0771            0.18%    passed     76.01%
  51  S0795            1.82%    passed     88.29%
  52  S0827            0.00%    passed     98.81%
  53  S0888            0.73%    passed     94.18%
  54  S0906            0.36%    passed     94.76%
  55  S0952            1.82%    passed     96.76%
  56  S0956            1.64%    passed     83.54%
  57  S0959            0.00%    passed     89.49%
  58  S0960            0.55%    passed     92.87%
  59  S0964            0.18%    passed     80.71%
  60  S1052sl         62.23%    passed     38.03%
  61  S1083            0.00%    passed     96.20%
  62  S1100            5.29%    passed     90.06%
  63  S1110           54.56%    passed     60.59%
  64  S1120            0.00%    passed     98.14%
  65  S1128           54.56%    passed     67.18%
  66  S1129sl          0.36%    passed     95.14%
  67  S1148            2.37%    passed     98.22%
  68  S1177            0.00%    passed     99.85%
  69  S1180            1.46%    passed     92.04%
  70  S1189            0.18%    passed     96.22%
  71  S1201sl          0.00%    passed     97.17%
  72  S1210            0.00%    passed     97.77%
  73  S1211            0.00%    passed     90.65%
  74  S1214sl          0.00%    passed     68.30%
  75  S1223            0.55%    passed     95.28%
  76  S1227            0.00%    passed     99.63%
  77  S1235sl          0.00%    passed     99.81%
  78  S1238sl          0.00%    passed     98.78%
  79  S1239            0.00%    passed     99.89%
  80  S1245            0.18%    passed     98.72%
  81  S1246            0.18%    passed     99.37%
  82  S1250sl          2.55%    passed     97.89%
  83  S1251            0.18%    passed     88.70%
  84  S1260            0.00%    passed     98.78%
  85  S1266sl          5.29%    passed     96.75%
  86  S1269           27.55%    failed      2.95%
  87  S1278            0.00%    passed     99.57%
  88  S1315            0.36%    passed     90.29%
  89  S1332            0.73%    passed     81.22%
  90  S1366            0.00%    passed     96.26%
  91  S1369            0.00%    passed     99.02%
  92  S1370            1.28%    passed     99.84%
  93  S1375            2.74%    passed     84.01%
  94  S1376            0.00%    passed     88.55%
  95  S1381            0.00%    passed     99.90%
  96  S1422            0.18%    passed     99.40%
  97  S1449            0.18%    passed     97.40%
  98  S1451            0.00%    passed     98.68%
  99  S1460            0.55%    passed     98.99%
 100  S1462            0.00%    passed     99.62%
 101  S1498            0.18%    passed     97.32%
 102  S1539            0.18%    passed     98.71%
 103  S_670            0.00%    passed     99.75%
 104  SRR11470320      0.18%    passed     86.31%
 105  SRR8528336       0.00%    passed     99.36%
 106  SRR8528341       2.19%    passed     98.47%
 107  SRR8528343       0.36%    passed     99.37%
 108  SRR8528347       0.18%    passed     95.34%
 109  SRR8528350       0.00%    passed     98.81%
 110  SRR8528354       0.00%    passed     93.14%
 111  SRR8528357       0.00%    passed     97.75%
 112  SRR8528359       0.18%    passed     97.75%
 113  SRR8528361       1.46%    passed     96.07%
 114  SRR8528365       0.00%    passed     93.23%
 115  SRR8528370       0.00%    passed     99.49%
 116  SRR8528372       0.00%    passed     99.97%
 117  SRR8528379       0.00%    passed     98.86%
 118  SRR8528381       0.00%    passed     95.05%
 119  SRR8528384       0.00%    passed     98.05%
 120  SRR8528389       2.92%    passed     99.92%
 121  SRR8528391       0.36%    passed     99.64%
 122  SRR8528400       0.00%    passed     95.68%
WARNING: 7 sequences contain more than 50% gaps/ambiguity
****  TOTAL            4.27%  1 sequences failed composition chi2 test (p-value<5%; df=3)
Checking for duplicate sequences: done in 0.00736594 secs using 1305% CPU

Create initial parsimony tree by phylogenetic likelihood library (PLL)... 0.071 seconds

NOTE: 6 MB RAM (0 GB) is required!
Measuring multi-threading efficiency up to 56 CPU cores
Increase to 10 rounds for branch lengths
241 trees examined
Threads: 1 / Time: 56.121 sec / Speedup: 1.000 / Efficiency: 100% / LogL: -13754
Threads: 2 / Time: 86.120 sec / Speedup: 0.652 / Efficiency: 33% / LogL: -13754
Determining AUTO threadcount: done in 142.25 secs using 110.4% CPU
BEST NUMBER OF THREADS: 1

Estimate model parameters (epsilon = 0.100)
1. Initial log-likelihood: -8845.079
2. Current log-likelihood: -8487.536
3. Current log-likelihood: -8476.191
4. Current log-likelihood: -8471.072
5. Current log-likelihood: -8468.690
6. Current log-likelihood: -8467.349
7. Current log-likelihood: -8466.452
8. Current log-likelihood: -8465.788
9. Current log-likelihood: -8465.282
10. Current log-likelihood: -8464.887
11. Current log-likelihood: -8464.577
12. Current log-likelihood: -8464.391
13. Current log-likelihood: -8464.227
14. Current log-likelihood: -8464.087
15. Current log-likelihood: -8463.967
16. Current log-likelihood: -8463.865
Optimal log-likelihood: -8463.735
Rate parameters:  A-C: 1.50349  A-G: 4.14739  A-T: 1.17228  C-G: 1.12733  C-T: 4.36793  G-T: 1.00000
Base frequencies:  A: 0.264  C: 0.208  G: 0.229  T: 0.300
Site proportion and rates:  (0.521,0.118) (0.019,0.266) (0.366,1.466) (0.095,4.189)
Parameters optimization took 16 rounds (4.851 sec)
Wrote distance file to... 
Computing ML distances based on estimated model parameters...
Calculating distance matrix: done in 0.16069 secs using 99.92% CPU
Computing ML distances took 0.161290 sec (of wall-clock time) 0.161149 sec (of CPU time)
Setting up auxiliary I and S matrices: done in 0.000998974 secs using 99.9% CPU
Constructing RapidNJ tree: done in 0.00242519 secs using 265.4% CPU
Computing RapidNJ tree took 0.003609 sec (of wall-clock time) 0.007618 sec (of CPU time)
Log-likelihood of RapidNJ tree: -8563.628
--------------------------------------------------------------------
|             INITIALIZING CANDIDATE TREE SET                      |
--------------------------------------------------------------------
Generating 98 parsimony trees... 2.207 second
Computing log-likelihood of 98 initial trees ... 2.665 seconds
Current best score: -8435.482

Do NNI search on 20 best initial trees
Optimizing NNI: done in 0.357487 secs using 100% CPU
Estimate model parameters (epsilon = 0.100)
BETTER TREE FOUND at iteration 1: -8419.960
Optimizing NNI: done in 0.573134 secs using 60.63% CPU
Optimizing NNI: done in 0.452162 secs using 84.47% CPU
Optimizing NNI: done in 0.390921 secs using 100% CPU
Optimizing NNI: done in 0.39601 secs using 100% CPU
Optimizing NNI: done in 0.331763 secs using 100% CPU
Optimizing NNI: done in 0.336527 secs using 100% CPU
Optimizing NNI: done in 0.353968 secs using 100% CPU
Optimizing NNI: done in 0.418514 secs using 99.99% CPU
Optimizing NNI: done in 0.399236 secs using 100% CPU
Iteration 10 / LogL: -8435.447 / Time: 0h:2m:37s
Optimizing NNI: done in 0.399976 secs using 100% CPU
Optimizing NNI: done in 0.416808 secs using 100% CPU
Optimizing NNI: done in 0.39649 secs using 100% CPU
Optimizing NNI: done in 0.356672 secs using 99.97% CPU
Optimizing NNI: done in 0.479363 secs using 89.97% CPU
Optimizing NNI: done in 0.42723 secs using 96.25% CPU
Optimizing NNI: done in 0.601442 secs using 70.03% CPU
Optimizing NNI: done in 0.675605 secs using 57.31% CPU
Optimizing NNI: done in 0.647777 secs using 60.33% CPU
Optimizing NNI: done in 0.638261 secs using 73.04% CPU
Iteration 20 / LogL: -8429.004 / Time: 0h:2m:42s
Finish initializing candidate tree set (20)
Current best tree score: -8419.960 / CPU time: 14.710
Number of iterations: 20
--------------------------------------------------------------------
|               OPTIMIZING CANDIDATE TREE SET                      |
--------------------------------------------------------------------
Optimizing NNI: done in 0.834951 secs using 65% CPU
Optimizing NNI: done in 0.809168 secs using 70.35% CPU
Optimizing NNI: done in 0.823049 secs using 64.36% CPU
Estimate model parameters (epsilon = 0.100)
BETTER TREE FOUND at iteration 23: -8419.536
Optimizing NNI: done in 0.758627 secs using 71.84% CPU
Optimizing NNI: done in 0.797297 secs using 64.06% CPU
BETTER TREE FOUND at iteration 25: -8419.532
Optimizing NNI: done in 0.783114 secs using 69.12% CPU
Optimizing NNI: done in 0.978424 secs using 67.16% CPU
Optimizing NNI: done in 0.64866 secs using 75.69% CPU
Optimizing NNI: done in 0.62699 secs using 71.42% CPU
Optimizing NNI: done in 0.618816 secs using 78.5% CPU
Iteration 30 / LogL: -8481.558 / Time: 0h:2m:50s (0h:9m:18s left)
Optimizing NNI: done in 0.681521 secs using 84.63% CPU
Optimizing NNI: done in 0.70697 secs using 73.65% CPU
Optimizing NNI: done in 0.621623 secs using 89.62% CPU
Optimizing NNI: done in 0.826963 secs using 74.24% CPU
Optimizing NNI: done in 0.734377 secs using 68.72% CPU
Optimizing NNI: done in 0.57139 secs using 82.42% CPU
Optimizing NNI: done in 0.77494 secs using 72.53% CPU
Optimizing NNI: done in 0.612212 secs using 74.4% CPU
Optimizing NNI: done in 0.747705 secs using 61.83% CPU
Optimizing NNI: done in 0.532662 secs using 99.96% CPU
Iteration 40 / LogL: -8432.209 / Time: 0h:2m:57s (0h:6m:26s left)
Optimizing NNI: done in 0.504308 secs using 99.91% CPU
Optimizing NNI: done in 0.484404 secs using 99.94% CPU
Optimizing NNI: done in 0.507596 secs using 98.62% CPU
Optimizing NNI: done in 0.478962 secs using 99.96% CPU
Optimizing NNI: done in 0.459266 secs using 99.95% CPU
Optimizing NNI: done in 0.519717 secs using 99.9% CPU
Optimizing NNI: done in 0.611291 secs using 83.25% CPU
Optimizing NNI: done in 0.554975 secs using 76.34% CPU
Optimizing NNI: done in 0.667568 secs using 69.53% CPU
Optimizing NNI: done in 0.476224 secs using 99.98% CPU
Iteration 50 / LogL: -8426.413 / Time: 0h:3m:2s (0h:4m:39s left)
Optimizing NNI: done in 0.589859 secs using 89.08% CPU
Optimizing NNI: done in 0.742155 secs using 64.2% CPU
Optimizing NNI: done in 0.722195 secs using 60.67% CPU
Optimizing NNI: done in 0.529351 secs using 90.93% CPU
Optimizing NNI: done in 0.461092 secs using 100% CPU
Optimizing NNI: done in 0.502968 secs using 100% CPU
Optimizing NNI: done in 0.460526 secs using 99.99% CPU
Optimizing NNI: done in 0.533787 secs using 90.93% CPU
Estimate model parameters (epsilon = 0.100)
BETTER TREE FOUND at iteration 58: -8418.632
Optimizing NNI: done in 0.578641 secs using 87.52% CPU
Optimizing NNI: done in 0.750785 secs using 65.86% CPU
Iteration 60 / LogL: -8424.705 / Time: 0h:3m:9s (0h:5m:14s left)
Optimizing NNI: done in 0.741762 secs using 69.71% CPU
Optimizing NNI: done in 0.728488 secs using 89.5% CPU
Optimizing NNI: done in 0.669944 secs using 65.94% CPU
Estimate model parameters (epsilon = 0.100)
BETTER TREE FOUND at iteration 63: -8418.529
Optimizing NNI: done in 0.718547 secs using 62.66% CPU
Optimizing NNI: done in 0.626621 secs using 82.07% CPU
Optimizing NNI: done in 0.458012 secs using 99.95% CPU
Optimizing NNI: done in 0.490811 secs using 99.95% CPU
Optimizing NNI: done in 0.494114 secs using 99.83% CPU
Optimizing NNI: done in 0.581285 secs using 96.46% CPU
Optimizing NNI: done in 0.640282 secs using 71.8% CPU
Iteration 70 / LogL: -8422.489 / Time: 0h:3m:15s (0h:4m:23s left)
Optimizing NNI: done in 0.452878 secs using 99.91% CPU
Optimizing NNI: done in 0.423252 secs using 99.7% CPU
Optimizing NNI: done in 0.725279 secs using 76.25% CPU
Optimizing NNI: done in 0.879171 secs using 60.87% CPU
Optimizing NNI: done in 0.827604 secs using 73.87% CPU
Optimizing NNI: done in 0.611004 secs using 77.06% CPU
Optimizing NNI: done in 0.590243 secs using 99.94% CPU
Optimizing NNI: done in 0.560048 secs using 99.92% CPU
Optimizing NNI: done in 0.453578 secs using 99.64% CPU
Optimizing NNI: done in 0.581348 secs using 99.96% CPU
Iteration 80 / LogL: -8421.260 / Time: 0h:3m:22s (0h:3m:32s left)
Optimizing NNI: done in 0.48163 secs using 80.83% CPU
Optimizing NNI: done in 0.570383 secs using 64.47% CPU
Optimizing NNI: done in 0.71273 secs using 69.17% CPU
Optimizing NNI: done in 0.657542 secs using 89.43% CPU
Optimizing NNI: done in 0.559751 secs using 99.96% CPU
Optimizing NNI: done in 0.589486 secs using 99.96% CPU
Optimizing NNI: done in 0.65656 secs using 70.25% CPU
Optimizing NNI: done in 0.834144 secs using 69.76% CPU
Optimizing NNI: done in 0.906246 secs using 62.78% CPU
Optimizing NNI: done in 0.893221 secs using 62.4% CPU
Iteration 90 / LogL: -8424.239 / Time: 0h:3m:29s (0h:2m:51s left)
Optimizing NNI: done in 0.819506 secs using 68.94% CPU
Optimizing NNI: done in 0.488709 secs using 91.9% CPU
Optimizing NNI: done in 0.523143 secs using 100% CPU
Optimizing NNI: done in 0.496857 secs using 100% CPU
Optimizing NNI: done in 0.496391 secs using 93.09% CPU
Optimizing NNI: done in 0.954355 secs using 62.25% CPU
BETTER TREE FOUND at iteration 96: -8418.527
Optimizing NNI: done in 0.71514 secs using 70.47% CPU
Optimizing NNI: done in 0.646373 secs using 63.9% CPU
Optimizing NNI: done in 0.815891 secs using 79.21% CPU
Optimizing NNI: done in 0.440664 secs using 92.71% CPU
Iteration 100 / LogL: -8418.619 / Time: 0h:3m:35s (0h:3m:29s left)
Optimizing NNI: done in 0.634747 secs using 84.53% CPU
Optimizing NNI: done in 0.54223 secs using 82.29% CPU
Optimizing NNI: done in 0.428923 secs using 100% CPU
Optimizing NNI: done in 0.42433 secs using 100% CPU
Optimizing NNI: done in 0.516022 secs using 100% CPU
Optimizing NNI: done in 0.403606 secs using 100% CPU
BETTER TREE FOUND at iteration 106: -8418.526
Optimizing NNI: done in 0.463196 secs using 99.98% CPU
Optimizing NNI: done in 0.425638 secs using 100% CPU
Optimizing NNI: done in 0.494215 secs using 100% CPU
Optimizing NNI: done in 0.50039 secs using 100% CPU
Iteration 110 / LogL: -8451.528 / Time: 0h:3m:40s (0h:3m:14s left)
Optimizing NNI: done in 0.469363 secs using 100% CPU
Optimizing NNI: done in 0.427871 secs using 100% CPU
Optimizing NNI: done in 0.484115 secs using 99.62% CPU
Optimizing NNI: done in 0.576603 secs using 99.31% CPU
Optimizing NNI: done in 0.517428 secs using 100% CPU
Optimizing NNI: done in 0.5238 secs using 100% CPU
Optimizing NNI: done in 0.480742 secs using 100% CPU
Optimizing NNI: done in 0.468033 secs using 100% CPU
Optimizing NNI: done in 0.506203 secs using 99.99% CPU
Optimizing NNI: done in 0.644998 secs using 100% CPU
Iteration 120 / LogL: -8448.252 / Time: 0h:3m:45s (0h:2m:43s left)
Optimizing NNI: done in 0.483092 secs using 100% CPU
Optimizing NNI: done in 0.548368 secs using 90.96% CPU
Optimizing NNI: done in 0.661833 secs using 82.38% CPU
Optimizing NNI: done in 0.683723 secs using 87.1% CPU
Optimizing NNI: done in 0.380204 secs using 98.98% CPU
Optimizing NNI: done in 0.565369 secs using 100% CPU
Optimizing NNI: done in 0.524528 secs using 100% CPU
Optimizing NNI: done in 0.601565 secs using 65.95% CPU
Optimizing NNI: done in 0.525667 secs using 96.18% CPU
Optimizing NNI: done in 0.536658 secs using 99.51% CPU
Iteration 130 / LogL: -8450.280 / Time: 0h:3m:51s (0h:2m:16s left)
Optimizing NNI: done in 0.722859 secs using 99.92% CPU
Optimizing NNI: done in 0.806165 secs using 74.5% CPU
Optimizing NNI: done in 0.681525 secs using 78.33% CPU
Optimizing NNI: done in 0.8297 secs using 72.13% CPU
Optimizing NNI: done in 0.723919 secs using 78.5% CPU
Optimizing NNI: done in 0.638523 secs using 99.96% CPU
Optimizing NNI: done in 0.603471 secs using 99.66% CPU
Optimizing NNI: done in 0.506898 secs using 99.92% CPU
Optimizing NNI: done in 0.505729 secs using 99.95% CPU
Optimizing NNI: done in 0.584625 secs using 95.17% CPU
Iteration 140 / LogL: -8419.753 / Time: 0h:3m:58s (0h:1m:53s left)
Optimizing NNI: done in 0.813268 secs using 68.79% CPU
Optimizing NNI: done in 0.575223 secs using 99.96% CPU
Optimizing NNI: done in 0.493604 secs using 99.95% CPU
Optimizing NNI: done in 0.585665 secs using 99.93% CPU
Optimizing NNI: done in 0.688353 secs using 99.94% CPU
Optimizing NNI: done in 0.648345 secs using 78.35% CPU
Optimizing NNI: done in 0.926736 secs using 58.18% CPU
Optimizing NNI: done in 0.895535 secs using 68.28% CPU
Optimizing NNI: done in 0.724201 secs using 69.6% CPU
Optimizing NNI: done in 0.601633 secs using 92.02% CPU
Iteration 150 / LogL: -8418.527 / Time: 0h:4m:5s (0h:1m:32s left)
Optimizing NNI: done in 0.588241 secs using 99.76% CPU
Optimizing NNI: done in 0.511074 secs using 100% CPU
Optimizing NNI: done in 0.572573 secs using 99.86% CPU
Optimizing NNI: done in 0.453877 secs using 71.79% CPU
Optimizing NNI: done in 0.422404 secs using 100% CPU
Optimizing NNI: done in 0.735218 secs using 100% CPU
Optimizing NNI: done in 0.4545 secs using 100% CPU
Optimizing NNI: done in 0.480771 secs using 100% CPU
Optimizing NNI: done in 0.697976 secs using 99.99% CPU
Optimizing NNI: done in 0.832225 secs using 73.73% CPU
Iteration 160 / LogL: -8418.527 / Time: 0h:4m:11s (0h:1m:12s left)
Optimizing NNI: done in 0.525824 secs using 99.99% CPU
Optimizing NNI: done in 0.413621 secs using 95.19% CPU
Optimizing NNI: done in 0.469089 secs using 100% CPU
Optimizing NNI: done in 0.483522 secs using 99.02% CPU
Optimizing NNI: done in 0.587386 secs using 99.99% CPU
Optimizing NNI: done in 0.599986 secs using 94.45% CPU
Optimizing NNI: done in 0.773469 secs using 75.04% CPU
Optimizing NNI: done in 0.722603 secs using 79.78% CPU
Optimizing NNI: done in 0.50927 secs using 99.29% CPU
Optimizing NNI: done in 0.803605 secs using 63.87% CPU
Iteration 170 / LogL: -8425.387 / Time: 0h:4m:17s (0h:0m:54s left)
Optimizing NNI: done in 0.705183 secs using 88.84% CPU
Optimizing NNI: done in 0.721321 secs using 80.55% CPU
Optimizing NNI: done in 0.736912 secs using 61.64% CPU
Optimizing NNI: done in 0.823222 secs using 63.46% CPU
Optimizing NNI: done in 0.714807 secs using 67.64% CPU
Optimizing NNI: done in 0.711358 secs using 68.49% CPU
Optimizing NNI: done in 0.531237 secs using 99.95% CPU
Optimizing NNI: done in 0.573413 secs using 92.34% CPU
Optimizing NNI: done in 0.559652 secs using 85.87% CPU
Optimizing NNI: done in 0.922332 secs using 65.86% CPU
Iteration 180 / LogL: -8452.143 / Time: 0h:4m:24s (0h:0m:38s left)
Optimizing NNI: done in 0.742553 secs using 70.86% CPU
Optimizing NNI: done in 0.592333 secs using 93.6% CPU
Optimizing NNI: done in 0.474977 secs using 99.95% CPU
Optimizing NNI: done in 0.579455 secs using 99.93% CPU
Optimizing NNI: done in 0.658765 secs using 71.98% CPU
Optimizing NNI: done in 0.773581 secs using 84.03% CPU
Optimizing NNI: done in 0.428306 secs using 99.93% CPU
Optimizing NNI: done in 0.539242 secs using 99.91% CPU
Optimizing NNI: done in 0.712997 secs using 85.29% CPU
Optimizing NNI: done in 0.567902 secs using 91.32% CPU
Iteration 190 / LogL: -8418.808 / Time: 0h:4m:30s (0h:0m:22s left)
Optimizing NNI: done in 0.413071 secs using 100% CPU
Optimizing NNI: done in 0.537119 secs using 100% CPU
Optimizing NNI: done in 0.449168 secs using 100% CPU
Optimizing NNI: done in 0.741506 secs using 63.31% CPU
Optimizing NNI: done in 0.649751 secs using 77.53% CPU
BETTER TREE FOUND at iteration 195: -8418.524
Optimizing NNI: done in 0.630161 secs using 86.73% CPU
Optimizing NNI: done in 0.423951 secs using 99.95% CPU
Optimizing NNI: done in 0.397471 secs using 99.92% CPU
Optimizing NNI: done in 0.436361 secs using 99.91% CPU
Optimizing NNI: done in 0.546534 secs using 99.95% CPU
Iteration 200 / LogL: -8427.718 / Time: 0h:4m:35s (0h:2m:11s left)
Optimizing NNI: done in 0.554009 secs using 99.96% CPU
Optimizing NNI: done in 0.412608 secs using 99.89% CPU
Optimizing NNI: done in 0.610907 secs using 99.92% CPU
Optimizing NNI: done in 0.671945 secs using 75.89% CPU
Optimizing NNI: done in 0.630834 secs using 78.52% CPU
Optimizing NNI: done in 0.510375 secs using 92.74% CPU
Optimizing NNI: done in 0.672254 secs using 89.58% CPU
Optimizing NNI: done in 0.613292 secs using 84.35% CPU
Optimizing NNI: done in 0.498114 secs using 100% CPU
Optimizing NNI: done in 0.55782 secs using 95.42% CPU
Iteration 210 / LogL: -8418.526 / Time: 0h:4m:41s (0h:1m:54s left)
Optimizing NNI: done in 0.560979 secs using 88.33% CPU
Optimizing NNI: done in 0.666489 secs using 77.19% CPU
Optimizing NNI: done in 0.393911 secs using 100% CPU
Optimizing NNI: done in 0.717234 secs using 66.79% CPU
Optimizing NNI: done in 0.740765 secs using 67.54% CPU
Optimizing NNI: done in 0.572716 secs using 77.74% CPU
Optimizing NNI: done in 0.524007 secs using 96.18% CPU
Optimizing NNI: done in 0.552936 secs using 100% CPU
Optimizing NNI: done in 0.596539 secs using 94.63% CPU
Optimizing NNI: done in 0.419789 secs using 100% CPU
Iteration 220 / LogL: -8450.642 / Time: 0h:4m:47s (0h:1m:38s left)
Optimizing NNI: done in 0.637176 secs using 79.9% CPU
Optimizing NNI: done in 0.552226 secs using 100% CPU
Optimizing NNI: done in 0.541661 secs using 100% CPU
Optimizing NNI: done in 0.588947 secs using 91.66% CPU
Optimizing NNI: done in 0.65926 secs using 92.72% CPU
Optimizing NNI: done in 0.561641 secs using 94.3% CPU
Optimizing NNI: done in 0.601174 secs using 99.99% CPU
Optimizing NNI: done in 0.595466 secs using 100% CPU
Optimizing NNI: done in 0.525339 secs using 99.99% CPU
Optimizing NNI: done in 0.598898 secs using 88.67% CPU
Iteration 230 / LogL: -8454.771 / Time: 0h:4m:53s (0h:1m:23s left)
Optimizing NNI: done in 0.499069 secs using 100% CPU
Optimizing NNI: done in 0.633541 secs using 77.89% CPU
Optimizing NNI: done in 0.73516 secs using 74.64% CPU
Optimizing NNI: done in 0.615689 secs using 99.98% CPU
Optimizing NNI: done in 0.521872 secs using 100% CPU
Optimizing NNI: done in 0.520361 secs using 100% CPU
Optimizing NNI: done in 0.506154 secs using 100% CPU
Optimizing NNI: done in 0.593679 secs using 77.05% CPU
Optimizing NNI: done in 0.691507 secs using 75.28% CPU
Optimizing NNI: done in 0.432499 secs using 100% CPU
Iteration 240 / LogL: -8471.208 / Time: 0h:4m:59s (0h:1m:8s left)
Optimizing NNI: done in 0.393901 secs using 100% CPU
Optimizing NNI: done in 0.429887 secs using 100% CPU
Optimizing NNI: done in 0.602171 secs using 85.67% CPU
Optimizing NNI: done in 0.67006 secs using 80.69% CPU
Optimizing NNI: done in 0.418482 secs using 100% CPU
Optimizing NNI: done in 0.483858 secs using 100% CPU
Optimizing NNI: done in 0.471 secs using 100% CPU
Optimizing NNI: done in 0.509898 secs using 91.35% CPU
Optimizing NNI: done in 0.594099 secs using 85.92% CPU
Optimizing NNI: done in 0.439673 secs using 100% CPU
Iteration 250 / LogL: -8422.257 / Time: 0h:5m:4s (0h:0m:55s left)
Optimizing NNI: done in 0.576416 secs using 77.59% CPU
Optimizing NNI: done in 0.487313 secs using 95.71% CPU
Optimizing NNI: done in 0.778116 secs using 58.43% CPU
Optimizing NNI: done in 0.707827 secs using 73.99% CPU
Optimizing NNI: done in 0.757904 secs using 65.71% CPU
Optimizing NNI: done in 0.487336 secs using 99.98% CPU
Optimizing NNI: done in 0.513135 secs using 99.88% CPU
Optimizing NNI: done in 0.46335 secs using 99.98% CPU
Optimizing NNI: done in 0.47942 secs using 100% CPU
Optimizing NNI: done in 0.512578 secs using 99.99% CPU
Iteration 260 / LogL: -8428.403 / Time: 0h:5m:10s (0h:0m:41s left)
Optimizing NNI: done in 0.777607 secs using 68.97% CPU
Optimizing NNI: done in 0.50919 secs using 99.97% CPU
Optimizing NNI: done in 0.512462 secs using 100% CPU
Optimizing NNI: done in 0.643483 secs using 78.86% CPU
Optimizing NNI: done in 0.574837 secs using 83.52% CPU
Optimizing NNI: done in 0.435468 secs using 100% CPU
Optimizing NNI: done in 0.893794 secs using 63.91% CPU
Optimizing NNI: done in 0.531481 secs using 81.94% CPU
Optimizing NNI: done in 0.59465 secs using 99.99% CPU
Optimizing NNI: done in 0.504695 secs using 100% CPU
Iteration 270 / LogL: -8418.529 / Time: 0h:5m:16s (0h:0m:29s left)
Optimizing NNI: done in 0.544208 secs using 95.79% CPU
Optimizing NNI: done in 0.59636 secs using 100% CPU
Optimizing NNI: done in 0.533358 secs using 100% CPU
Optimizing NNI: done in 0.627027 secs using 100% CPU
Optimizing NNI: done in 0.583281 secs using 100% CPU
BETTER TREE FOUND at iteration 275: -8418.524
Optimizing NNI: done in 0.522396 secs using 99.99% CPU
Optimizing NNI: done in 0.475627 secs using 100% CPU
Optimizing NNI: done in 0.47693 secs using 100% CPU
Optimizing NNI: done in 0.666825 secs using 100% CPU
Optimizing NNI: done in 0.533756 secs using 100% CPU
Iteration 280 / LogL: -8418.527 / Time: 0h:5m:22s (0h:1m:49s left)
Optimizing NNI: done in 0.43822 secs using 93.62% CPU
Optimizing NNI: done in 0.838537 secs using 75.67% CPU
Optimizing NNI: done in 0.828626 secs using 64.13% CPU
Optimizing NNI: done in 0.360071 secs using 100% CPU
Optimizing NNI: done in 0.597745 secs using 84.61% CPU
Optimizing NNI: done in 0.696783 secs using 70.9% CPU
Optimizing NNI: done in 0.644652 secs using 76.39% CPU
Optimizing NNI: done in 0.585846 secs using 95.21% CPU
Optimizing NNI: done in 0.499427 secs using 99.9% CPU
Optimizing NNI: done in 0.555945 secs using 97% CPU
Iteration 290 / LogL: -8418.590 / Time: 0h:5m:28s (0h:1m:36s left)
Optimizing NNI: done in 0.514633 secs using 99.86% CPU
Optimizing NNI: done in 0.492364 secs using 100% CPU
Optimizing NNI: done in 0.631466 secs using 100% CPU
Optimizing NNI: done in 0.471424 secs using 100% CPU
Optimizing NNI: done in 0.464741 secs using 88.97% CPU
Optimizing NNI: done in 0.506587 secs using 100% CPU
Optimizing NNI: done in 0.395317 secs using 100% CPU
Optimizing NNI: done in 0.49968 secs using 100% CPU
Optimizing NNI: done in 0.569553 secs using 100% CPU
Optimizing NNI: done in 0.507296 secs using 100% CPU
Iteration 300 / LogL: -8418.530 / Time: 0h:5m:33s (0h:1m:23s left)
Optimizing NNI: done in 0.509687 secs using 99.94% CPU
Optimizing NNI: done in 0.546546 secs using 100% CPU
Optimizing NNI: done in 0.512191 secs using 100% CPU
Optimizing NNI: done in 0.516464 secs using 99.99% CPU
Optimizing NNI: done in 0.786239 secs using 79.28% CPU
Optimizing NNI: done in 0.48811 secs using 99.99% CPU
Optimizing NNI: done in 0.512648 secs using 100% CPU
Optimizing NNI: done in 0.555028 secs using 85.58% CPU
Optimizing NNI: done in 0.582675 secs using 90% CPU
Optimizing NNI: done in 0.582022 secs using 97.25% CPU
Iteration 310 / LogL: -8425.386 / Time: 0h:5m:39s (0h:1m:11s left)
Optimizing NNI: done in 0.597926 secs using 95.63% CPU
Optimizing NNI: done in 0.6333 secs using 83.3% CPU
Optimizing NNI: done in 0.859795 secs using 68% CPU
Optimizing NNI: done in 0.456334 secs using 100% CPU
Optimizing NNI: done in 0.644282 secs using 100% CPU
Optimizing NNI: done in 0.471214 secs using 100% CPU
Optimizing NNI: done in 0.555679 secs using 100% CPU
Optimizing NNI: done in 0.522874 secs using 100% CPU
Optimizing NNI: done in 0.603148 secs using 89.5% CPU
Optimizing NNI: done in 0.583031 secs using 93.71% CPU
Iteration 320 / LogL: -8419.446 / Time: 0h:5m:45s (0h:0m:59s left)
Optimizing NNI: done in 0.477084 secs using 100% CPU
Optimizing NNI: done in 0.532373 secs using 100% CPU
Optimizing NNI: done in 0.70406 secs using 74.67% CPU
Optimizing NNI: done in 0.627852 secs using 75.4% CPU
Optimizing NNI: done in 0.63342 secs using 78.45% CPU
Optimizing NNI: done in 0.529135 secs using 92.41% CPU
Optimizing NNI: done in 0.505941 secs using 98.78% CPU
Optimizing NNI: done in 0.480168 secs using 96.62% CPU
Optimizing NNI: done in 0.677277 secs using 91.51% CPU
Optimizing NNI: done in 0.717651 secs using 94.12% CPU
Iteration 330 / LogL: -8428.344 / Time: 0h:5m:51s (0h:0m:48s left)
Optimizing NNI: done in 0.525828 secs using 98.55% CPU
Optimizing NNI: done in 0.524668 secs using 99.78% CPU
Optimizing NNI: done in 0.60497 secs using 99.34% CPU
Optimizing NNI: done in 0.468776 secs using 99.63% CPU
Optimizing NNI: done in 0.548901 secs using 100% CPU
Optimizing NNI: done in 0.540368 secs using 99.76% CPU
Optimizing NNI: done in 0.729543 secs using 99.34% CPU
Optimizing NNI: done in 0.788609 secs using 91.95% CPU
Optimizing NNI: done in 0.749638 secs using 81.05% CPU
Optimizing NNI: done in 0.730121 secs using 99.99% CPU
Iteration 340 / LogL: -8418.526 / Time: 0h:5m:57s (0h:0m:36s left)
Optimizing NNI: done in 0.716681 secs using 87.29% CPU
Optimizing NNI: done in 0.572281 secs using 95.42% CPU
Optimizing NNI: done in 0.533421 secs using 93.2% CPU
Optimizing NNI: done in 0.570403 secs using 84.35% CPU
Optimizing NNI: done in 0.799758 secs using 53.16% CPU
Optimizing NNI: done in 0.505137 secs using 100% CPU
Optimizing NNI: done in 0.534132 secs using 95.77% CPU
Optimizing NNI: done in 0.478914 secs using 100% CPU
Optimizing NNI: done in 0.879045 secs using 69.95% CPU
Optimizing NNI: done in 0.669349 secs using 65.33% CPU
Iteration 350 / LogL: -8418.526 / Time: 0h:6m:4s (0h:0m:26s left)
Optimizing NNI: done in 0.653585 secs using 71.5% CPU
Optimizing NNI: done in 0.566991 secs using 83.09% CPU
Optimizing NNI: done in 0.492445 secs using 100% CPU
Optimizing NNI: done in 0.659987 secs using 78.9% CPU
Optimizing NNI: done in 0.603133 secs using 86.76% CPU
Optimizing NNI: done in 0.496029 secs using 100% CPU
Optimizing NNI: done in 0.625394 secs using 81.21% CPU
Optimizing NNI: done in 0.477562 secs using 99.98% CPU
Optimizing NNI: done in 0.831373 secs using 66.86% CPU
Optimizing NNI: done in 0.543355 secs using 84.77% CPU
Iteration 360 / LogL: -8451.524 / Time: 0h:6m:10s (0h:0m:15s left)
Optimizing NNI: done in 0.567061 secs using 65.09% CPU
Optimizing NNI: done in 0.722432 secs using 67.42% CPU
Optimizing NNI: done in 0.492702 secs using 100% CPU
Optimizing NNI: done in 0.546248 secs using 88.22% CPU
Optimizing NNI: done in 0.562176 secs using 77.29% CPU
Optimizing NNI: done in 0.602884 secs using 81.97% CPU
Optimizing NNI: done in 0.605816 secs using 91.73% CPU
Optimizing NNI: done in 0.474222 secs using 100% CPU
Optimizing NNI: done in 0.548622 secs using 99.99% CPU
Optimizing NNI: done in 0.537824 secs using 99.25% CPU
Iteration 370 / LogL: -8444.253 / Time: 0h:6m:15s (0h:0m:5s left)
Optimizing NNI: done in 0.786187 secs using 67.93% CPU
Optimizing NNI: done in 0.716901 secs using 78.69% CPU
Optimizing NNI: done in 0.472679 secs using 99.89% CPU
Optimizing NNI: done in 0.392537 secs using 100% CPU
Optimizing NNI: done in 0.711717 secs using 78.56% CPU
Optimizing NNI: done in 0.556283 secs using 95.67% CPU
TREE SEARCH COMPLETED AFTER 376 ITERATIONS / Time: 0h:6m:19s

--------------------------------------------------------------------
|                    FINALIZING TREE SEARCH                        |
--------------------------------------------------------------------
Performs final model parameters optimization
Estimate model parameters (epsilon = 0.010)
1. Initial log-likelihood: -8418.524
2. Current log-likelihood: -8418.501
3. Current log-likelihood: -8418.483
4. Current log-likelihood: -8418.466
5. Current log-likelihood: -8418.450
6. Current log-likelihood: -8418.436
7. Current log-likelihood: -8418.424
8. Current log-likelihood: -8418.411
9. Current log-likelihood: -8418.400
10. Current log-likelihood: -8418.388
11. Current log-likelihood: -8418.376
12. Current log-likelihood: -8418.364
13. Current log-likelihood: -8418.351
14. Current log-likelihood: -8418.337
15. Current log-likelihood: -8418.322
16. Current log-likelihood: -8418.306
17. Current log-likelihood: -8418.290
18. Current log-likelihood: -8418.273
19. Current log-likelihood: -8418.257
20. Current log-likelihood: -8418.242
21. Current log-likelihood: -8418.228
22. Current log-likelihood: -8418.215
23. Current log-likelihood: -8418.202
24. Current log-likelihood: -8418.190
25. Current log-likelihood: -8418.178
26. Current log-likelihood: -8418.165
27. Current log-likelihood: -8418.153
28. Current log-likelihood: -8418.141
29. Current log-likelihood: -8418.128
30. Current log-likelihood: -8418.115
31. Current log-likelihood: -8418.102
32. Current log-likelihood: -8418.087
33. Current log-likelihood: -8418.072
34. Current log-likelihood: -8418.057
35. Current log-likelihood: -8418.041
36. Current log-likelihood: -8418.024
37. Current log-likelihood: -8418.006
38. Current log-likelihood: -8417.988
39. Current log-likelihood: -8417.969
40. Current log-likelihood: -8417.949
41. Current log-likelihood: -8417.929
42. Current log-likelihood: -8417.909
43. Current log-likelihood: -8417.887
44. Current log-likelihood: -8417.865
45. Current log-likelihood: -8417.842
46. Current log-likelihood: -8417.819
47. Current log-likelihood: -8417.796
48. Current log-likelihood: -8417.772
49. Current log-likelihood: -8417.748
50. Current log-likelihood: -8417.724
51. Current log-likelihood: -8417.699
52. Current log-likelihood: -8417.675
53. Current log-likelihood: -8417.650
54. Current log-likelihood: -8417.625
55. Current log-likelihood: -8417.601
56. Current log-likelihood: -8417.576
57. Current log-likelihood: -8417.551
58. Current log-likelihood: -8417.526
59. Current log-likelihood: -8417.502
60. Current log-likelihood: -8417.478
61. Current log-likelihood: -8417.454
62. Current log-likelihood: -8417.430
63. Current log-likelihood: -8417.406
64. Current log-likelihood: -8417.383
65. Current log-likelihood: -8417.360
66. Current log-likelihood: -8417.338
67. Current log-likelihood: -8417.316
68. Current log-likelihood: -8417.295
69. Current log-likelihood: -8417.274
70. Current log-likelihood: -8417.254
71. Current log-likelihood: -8417.233
72. Current log-likelihood: -8417.214
73. Current log-likelihood: -8417.195
74. Current log-likelihood: -8417.176
75. Current log-likelihood: -8417.157
76. Current log-likelihood: -8417.140
77. Current log-likelihood: -8417.122
78. Current log-likelihood: -8417.105
79. Current log-likelihood: -8417.089
80. Current log-likelihood: -8417.073
81. Current log-likelihood: -8417.057
82. Current log-likelihood: -8417.042
83. Current log-likelihood: -8417.027
84. Current log-likelihood: -8417.013
85. Current log-likelihood: -8417.000
86. Current log-likelihood: -8416.987
87. Current log-likelihood: -8416.974
88. Current log-likelihood: -8416.962
89. Current log-likelihood: -8416.950
90. Current log-likelihood: -8416.939
91. Current log-likelihood: -8416.928
92. Current log-likelihood: -8416.917
93. Current log-likelihood: -8416.907
Optimal log-likelihood: -8416.895
Rate parameters:  A-C: 1.53892  A-G: 4.32524  A-T: 1.14585  C-G: 1.12954  C-T: 4.40006  G-T: 1.00000
Base frequencies:  A: 0.264  C: 0.208  G: 0.229  T: 0.300
Site proportion and rates:  (0.499,0.095) (0.173,0.903) (0.260,1.832) (0.069,4.665)
Parameters optimization took 93 rounds (20.516 sec)
BEST SCORE FOUND : -8416.895
Total tree length: 3.194

Total number of iterations: 376
CPU time used for tree search: 201.528 sec (0h:3m:21s)
Wall-clock time used for tree search: 231.989 sec (0h:3m:51s)
Total CPU time used: 385.056 sec (0h:6m:25s)
Total wall-clock time used: 400.227 sec (0h:6m:40s)

Analysis results written to: 
  IQ-TREE report:                3G19210_iqtree_preliminary_superstrict_excluding_hybrids.iqtree
  Maximum-likelihood tree:       3G19210_iqtree_preliminary_superstrict_excluding_hybrids.treefile
  Likelihood distances:          3G19210_iqtree_preliminary_superstrict_excluding_hybrids.mldist
  Screen log file:               3G19210_iqtree_preliminary_superstrict_excluding_hybrids.log

ALISIM COMMAND
--------------
--alisim simulated_MSA -t 3G19210_iqtree_preliminary_superstrict_excluding_hybrids.treefile -m "GTR{1.53892,4.32524,1.14585,1.12954,4.40006}+F{0.263799,0.20801,0.228609,0.299582}+R4{0.498763,0.0946654,0.172595,0.902611,0.259809,1.83168,0.0688331,4.66508}" --length 548

Date and Time: Fri Jun  2 07:59:44 2023
