IQ-TREE multicore version 2.2.2 COVID-edition for Linux 64-bit built Sep 20 2022
Developed by Bui Quang Minh, James Barbetti, Nguyen Lam Tung,
Olga Chernomor, Heiko Schmidt, Dominik Schrempf, Michael Woodhams, Ly Trong Nhan.

Host:    netdc-bms-c11f (AVX2, FMA3, 377 GB RAM)
Command: /home/kasper.hendriks/iqtree-2.2.2-Linux/bin/iqtree2 -s 3G19180_taper_preliminary_superstrict_excluding_hybrids.fasta -nm 1000 -m GTR+F+R -nt AUTO --prefix 3G19180_iqtree_preliminary_superstrict_excluding_hybrids
Seed:    127478 (Using SPRNG - Scalable Parallel Random Number Generator)
Time:    Fri Jun  2 07:52:56 2023
Kernel:  AVX+FMA - auto-detect threads (56 CPU cores detected)

Reading alignment file 3G19180_taper_preliminary_superstrict_excluding_hybrids.fasta ... Fasta format detected
Reading fasta file: done in 0.00239515 secs using 99.91% CPU
Alignment most likely contains DNA/RNA sequences
Constructing alignment: done in 0.00716496 secs using 1061% CPU
Alignment has 130 sequences with 755 columns, 607 distinct patterns
409 parsimony-informative, 130 singleton sites, 216 constant sites
               Gap/Ambiguity  Composition  p-value
Analyzing sequences: done in 0.0199051 secs using 1251% CPU
   1  PAFTOL_019361   59.47%    passed     76.01%
   2  S0055            0.00%    passed     97.37%
   3  S0196sl         12.58%    passed     88.32%
   4  S0278            0.40%    passed     95.98%
   5  S0281            0.26%    passed     95.88%
   6  S0282            0.66%    passed     96.29%
   7  S0288           12.45%    passed     67.73%
   8  S0289            0.00%    passed     99.77%
   9  S0292            0.40%    passed     86.55%
  10  S0293            0.79%    passed     98.36%
  11  S0294            5.43%    passed     58.72%
  12  S0299            1.06%    passed     95.67%
  13  S0303            1.46%    passed     99.54%
  14  S0308           44.77%    passed     83.41%
  15  S0320            1.19%    passed     99.68%
  16  S0322            0.00%    passed     99.82%
  17  S0327            0.00%    passed     98.90%
  18  S0335            0.40%    passed     98.90%
  19  S0376            3.84%    passed     89.64%
  20  S0400            0.00%    passed     92.89%
  21  S0405            0.40%    passed     96.14%
  22  S0407sl          2.78%    passed     99.84%
  23  S0412sl          5.30%    passed     98.44%
  24  S0417            0.53%    passed     98.21%
  25  S0419            0.00%    passed     99.38%
  26  S0427            0.00%    passed     96.93%
  27  S0428sl          5.96%    passed     97.14%
  28  S0430            0.00%    passed     98.08%
  29  S0478            0.00%    passed     89.29%
  30  S0552sl          0.66%    passed     99.31%
  31  S0558            0.40%    passed     95.51%
  32  S0616            0.40%    passed     96.23%
  33  S0620            0.00%    passed     85.60%
  34  S0624            0.00%    passed     95.02%
  35  S0641            0.00%    passed     98.22%
  36  S0643            0.13%    passed     96.72%
  37  S0645sl          0.40%    passed     99.36%
  38  S0656sl          0.40%    passed     98.63%
  39  S0673            0.00%    passed     94.37%
  40  S0689            0.40%    passed     94.98%
  41  S0690            1.72%    passed     98.86%
  42  S0720            0.00%    passed     98.10%
  43  S0724sl          0.00%    passed     97.69%
  44  S0735            0.79%    passed     60.67%
  45  S0742            0.00%    passed     96.99%
  46  S0748            0.66%    passed     94.91%
  47  S0756            0.00%    passed     99.92%
  48  S0758            0.00%    passed     93.32%
  49  S0760            0.00%    passed     97.54%
  50  S0763            0.00%    passed     99.64%
  51  S0770            0.00%    passed     98.58%
  52  S0771            0.00%    passed     85.30%
  53  S0795            0.40%    passed     85.55%
  54  S0888            1.85%    passed     93.01%
  55  S0894            2.38%    passed     98.10%
  56  S0899            0.00%    passed     99.80%
  57  S0906            0.00%    passed     95.50%
  58  S0951            2.78%    passed     99.61%
  59  S0952            0.93%    passed     98.17%
  60  S0956            0.53%    passed     98.17%
  61  S0959            0.00%    passed     98.89%
  62  S0960            0.26%    passed     99.49%
  63  S0964            0.53%    passed     95.58%
  64  S1052sl         44.24%    passed     97.89%
  65  S1083            0.00%    passed     99.28%
  66  S1100            0.00%    passed     84.10%
  67  S1102            0.53%    passed     93.14%
  68  S1110            1.99%    passed     90.47%
  69  S1120            7.02%    passed     73.18%
  70  S1128            2.65%    passed     78.32%
  71  S1129sl          3.44%    passed     81.82%
  72  S1148            4.77%    passed     78.01%
  73  S1177            0.00%    passed     97.16%
  74  S1180           47.68%    passed     71.72%
  75  S1187sl         90.07%    passed      9.15%
  76  S1189            0.00%    passed     91.91%
  77  S1201sl          0.00%    passed     95.97%
  78  S1210            7.95%    passed     97.80%
  79  S1211            0.00%    passed     95.61%
  80  S1214sl         44.11%    passed     77.07%
  81  S1223            1.99%    passed     80.31%
  82  S1227            0.00%    passed     99.17%
  83  S1235sl          0.00%    passed     99.53%
  84  S1239           45.17%    passed     82.89%
  85  S1245            0.13%    passed     97.41%
  86  S1246            0.26%    passed     99.07%
  87  S1249            0.66%    passed     96.16%
  88  S1250sl          0.40%    passed     99.93%
  89  S1251            0.40%    passed     99.90%
  90  S1260            0.66%    passed     99.78%
  91  S1266sl          0.79%    passed     96.85%
  92  S1269            0.66%    passed     98.39%
  93  S1278            0.00%    passed     94.18%
  94  S1315            2.91%    passed     98.10%
  95  S1332            0.00%    passed     97.29%
  96  S1366            1.59%    passed     83.48%
  97  S1369           55.89%    passed     93.46%
  98  S1370            0.66%    passed     99.11%
  99  S1375            0.93%    passed     98.29%
 100  S1376            0.00%    passed     72.28%
 101  S1381            0.00%    passed     93.01%
 102  S1405            0.26%    passed     87.72%
 103  S1422            0.79%    passed     86.35%
 104  S1449            0.00%    passed     88.02%
 105  S1451            0.00%    passed     97.69%
 106  S1460            0.13%    passed     90.02%
 107  S1462            0.00%    passed     98.85%
 108  S1475            4.77%    passed     92.54%
 109  S1498            0.00%    passed     99.86%
 110  S1539            0.00%    passed     87.39%
 111  S_670            0.66%    passed     97.46%
 112  SRR11470320      0.13%    passed     98.50%
 113  SRR8528336       1.46%    passed     95.25%
 114  SRR8528341       0.00%    passed     97.86%
 115  SRR8528343       0.79%    passed     98.09%
 116  SRR8528347       0.40%    passed     96.02%
 117  SRR8528350       0.00%    passed     73.41%
 118  SRR8528354       0.00%    passed     92.84%
 119  SRR8528357       0.00%    passed     82.63%
 120  SRR8528359       0.40%    passed     97.69%
 121  SRR8528361       1.59%    passed     96.76%
 122  SRR8528365       0.00%    passed     97.05%
 123  SRR8528370       0.00%    passed     97.95%
 124  SRR8528372       0.00%    passed     99.46%
 125  SRR8528379       0.00%    passed     94.32%
 126  SRR8528381       9.40%    passed     44.68%
 127  SRR8528384       0.00%    passed     96.94%
 128  SRR8528389       0.00%    passed     94.56%
 129  SRR8528391       0.13%    passed     99.45%
 130  SRR8528400       0.13%    passed     97.67%
WARNING: 3 sequences contain more than 50% gaps/ambiguity
****  TOTAL            4.34%  0 sequences failed composition chi2 test (p-value<5%; df=3)
Checking for duplicate sequences: done in 0.015239 secs using 1453% CPU

Create initial parsimony tree by phylogenetic likelihood library (PLL)... 0.030 seconds

NOTE: 10 MB RAM (0 GB) is required!
Measuring multi-threading efficiency up to 56 CPU cores
Increase to 10 rounds for branch lengths
162 trees examined
Threads: 1 / Time: 56.101 sec / Speedup: 1.000 / Efficiency: 100% / LogL: -22360
Threads: 2 / Time: 44.138 sec / Speedup: 1.271 / Efficiency: 64% / LogL: -22360
Threads: 3 / Time: 40.958 sec / Speedup: 1.370 / Efficiency: 46% / LogL: -22360
Determining AUTO threadcount: done in 141.201 secs using 151.5% CPU
BEST NUMBER OF THREADS: 2

Estimate model parameters (epsilon = 0.100)
1. Initial log-likelihood: -13336.604
2. Current log-likelihood: -12940.645
3. Current log-likelihood: -12932.548
4. Current log-likelihood: -12928.884
5. Current log-likelihood: -12927.183
6. Current log-likelihood: -12926.498
7. Current log-likelihood: -12926.239
8. Current log-likelihood: -12926.126
Optimal log-likelihood: -12926.032
Rate parameters:  A-C: 0.87282  A-G: 2.91943  A-T: 0.89386  C-G: 0.86663  C-T: 2.91782  G-T: 1.00000
Base frequencies:  A: 0.298  C: 0.204  G: 0.229  T: 0.268
Site proportion and rates:  (0.382,0.145) (0.171,0.889) (0.353,1.328) (0.094,3.457)
Parameters optimization took 8 rounds (2.324 sec)
Wrote distance file to... 
Computing ML distances based on estimated model parameters...
Calculating distance matrix: done in 0.086457 secs using 200.1% CPU
Computing ML distances took 0.086945 sec (of wall-clock time) 0.173484 sec (of CPU time)
Setting up auxiliary I and S matrices: done in 0.00130701 secs using 195.6% CPU
Constructing RapidNJ tree: done in 0.016526 secs using 175.1% CPU
Computing RapidNJ tree took 0.018074 sec (of wall-clock time) 0.031972 sec (of CPU time)
Log-likelihood of RapidNJ tree: -13245.205
--------------------------------------------------------------------
|             INITIALIZING CANDIDATE TREE SET                      |
--------------------------------------------------------------------
Generating 98 parsimony trees... 3.178 second
Computing log-likelihood of 98 initial trees ... 2.844 seconds
Current best score: -12903.939

Do NNI search on 20 best initial trees
Optimizing NNI: done in 0.276035 secs using 198.1% CPU
Estimate model parameters (epsilon = 0.100)
BETTER TREE FOUND at iteration 1: -12895.331
Optimizing NNI: done in 0.403996 secs using 141.9% CPU
Estimate model parameters (epsilon = 0.100)
BETTER TREE FOUND at iteration 2: -12893.891
Optimizing NNI: done in 0.281799 secs using 198.7% CPU
BETTER TREE FOUND at iteration 3: -12893.883
Optimizing NNI: done in 0.305936 secs using 200% CPU
Optimizing NNI: done in 0.265421 secs using 200.1% CPU
Optimizing NNI: done in 0.364566 secs using 171.2% CPU
Optimizing NNI: done in 0.400926 secs using 165.5% CPU
Optimizing NNI: done in 0.359398 secs using 162.3% CPU
Optimizing NNI: done in 0.460762 secs using 157% CPU
Optimizing NNI: done in 0.483017 secs using 151% CPU
Iteration 10 / LogL: -12904.644 / Time: 0h:2m:34s
Optimizing NNI: done in 0.459513 secs using 141.7% CPU
Optimizing NNI: done in 0.369395 secs using 162.6% CPU
Optimizing NNI: done in 0.407822 secs using 154.8% CPU
Optimizing NNI: done in 0.217597 secs using 199.3% CPU
Optimizing NNI: done in 0.26601 secs using 200.1% CPU
Optimizing NNI: done in 0.258247 secs using 200% CPU
Optimizing NNI: done in 0.308987 secs using 184.7% CPU
Optimizing NNI: done in 0.397716 secs using 170.6% CPU
Optimizing NNI: done in 0.331572 secs using 189.7% CPU
Optimizing NNI: done in 0.29543 secs using 198.7% CPU
Iteration 20 / LogL: -12894.114 / Time: 0h:2m:38s
Finish initializing candidate tree set (20)
Current best tree score: -12893.883 / CPU time: 14.060
Number of iterations: 20
--------------------------------------------------------------------
|               OPTIMIZING CANDIDATE TREE SET                      |
--------------------------------------------------------------------
Optimizing NNI: done in 0.4985 secs using 194.1% CPU
Estimate model parameters (epsilon = 0.100)
BETTER TREE FOUND at iteration 21: -12890.125
Optimizing NNI: done in 0.58298 secs using 175.2% CPU
Optimizing NNI: done in 0.565011 secs using 199.3% CPU
Optimizing NNI: done in 0.436188 secs using 198.2% CPU
BETTER TREE FOUND at iteration 24: -12890.115
Optimizing NNI: done in 0.691242 secs using 175% CPU
Optimizing NNI: done in 0.558699 secs using 190% CPU
Optimizing NNI: done in 0.489144 secs using 184.8% CPU
Optimizing NNI: done in 0.407466 secs using 200% CPU
Optimizing NNI: done in 0.735973 secs using 169.7% CPU
Optimizing NNI: done in 0.677094 secs using 159% CPU
Iteration 30 / LogL: -12892.142 / Time: 0h:2m:44s (0h:8m:51s left)
Optimizing NNI: done in 0.480702 secs using 198.4% CPU
Optimizing NNI: done in 0.647872 secs using 181.8% CPU
Optimizing NNI: done in 0.609436 secs using 174.1% CPU
Optimizing NNI: done in 0.556447 secs using 177.1% CPU
Optimizing NNI: done in 0.812476 secs using 160.8% CPU
Optimizing NNI: done in 0.645269 secs using 170.4% CPU
Optimizing NNI: done in 0.771903 secs using 156.1% CPU
Optimizing NNI: done in 0.41459 secs using 192.4% CPU
Optimizing NNI: done in 1.26429 secs using 125.1% CPU
Optimizing NNI: done in 1.021 secs using 128.1% CPU
Iteration 40 / LogL: -12890.198 / Time: 0h:2m:51s (0h:6m:9s left)
Optimizing NNI: done in 1.18514 secs using 133.4% CPU
Optimizing NNI: done in 0.698501 secs using 164.1% CPU
Optimizing NNI: done in 1.03195 secs using 130.3% CPU
Optimizing NNI: done in 0.777017 secs using 158.2% CPU
Optimizing NNI: done in 0.530635 secs using 183.7% CPU
Optimizing NNI: done in 0.502191 secs using 200% CPU
Optimizing NNI: done in 0.499093 secs using 200% CPU
Optimizing NNI: done in 0.426753 secs using 200% CPU
Optimizing NNI: done in 0.745096 secs using 172.7% CPU
Optimizing NNI: done in 0.569399 secs using 174.1% CPU
Iteration 50 / LogL: -12907.433 / Time: 0h:2m:58s (0h:4m:29s left)
Optimizing NNI: done in 0.625501 secs using 170.9% CPU
Optimizing NNI: done in 0.684868 secs using 170.1% CPU
Optimizing NNI: done in 0.544678 secs using 174.4% CPU
BETTER TREE FOUND at iteration 53: -12890.114
Optimizing NNI: done in 0.466148 secs using 198.2% CPU
Optimizing NNI: done in 0.793116 secs using 156.5% CPU
Optimizing NNI: done in 0.604942 secs using 170.9% CPU
Optimizing NNI: done in 0.66492 secs using 189.3% CPU
Optimizing NNI: done in 0.529941 secs using 199.9% CPU
Optimizing NNI: done in 0.465373 secs using 200% CPU
Optimizing NNI: done in 0.466092 secs using 199.2% CPU
Iteration 60 / LogL: -12890.118 / Time: 0h:3m:4s (0h:4m:50s left)
Optimizing NNI: done in 0.679171 secs using 175.5% CPU
Optimizing NNI: done in 0.799673 secs using 162.2% CPU
Optimizing NNI: done in 0.534976 secs using 188.1% CPU
Optimizing NNI: done in 0.466165 secs using 198.4% CPU
Optimizing NNI: done in 0.670955 secs using 182.6% CPU
Optimizing NNI: done in 0.782725 secs using 139% CPU
Optimizing NNI: done in 1.1026 secs using 142.6% CPU
Optimizing NNI: done in 0.623672 secs using 178.4% CPU
Optimizing NNI: done in 0.528805 secs using 200% CPU
Optimizing NNI: done in 0.516352 secs using 173% CPU
Iteration 70 / LogL: -12890.884 / Time: 0h:3m:11s (0h:3m:50s left)
Optimizing NNI: done in 0.851242 secs using 143.3% CPU
Optimizing NNI: done in 0.863683 secs using 148.8% CPU
Optimizing NNI: done in 0.584008 secs using 178.4% CPU
Optimizing NNI: done in 0.61347 secs using 164.1% CPU
Optimizing NNI: done in 0.741214 secs using 150.5% CPU
Optimizing NNI: done in 0.873672 secs using 134.2% CPU
Optimizing NNI: done in 0.730692 secs using 132.3% CPU
Optimizing NNI: done in 0.582216 secs using 163.2% CPU
Optimizing NNI: done in 0.626896 secs using 172.2% CPU
Optimizing NNI: done in 0.602438 secs using 173.9% CPU
Iteration 80 / LogL: -12893.628 / Time: 0h:3m:18s (0h:3m:3s left)
Optimizing NNI: done in 0.948529 secs using 137.8% CPU
Optimizing NNI: done in 0.722594 secs using 141.7% CPU
Optimizing NNI: done in 0.776325 secs using 168.2% CPU
Optimizing NNI: done in 0.750115 secs using 151.1% CPU
Optimizing NNI: done in 1.00442 secs using 140.9% CPU
Optimizing NNI: done in 0.773097 secs using 168.5% CPU
Optimizing NNI: done in 1.02729 secs using 167.2% CPU
Optimizing NNI: done in 0.587813 secs using 175.7% CPU
Optimizing NNI: done in 1.06225 secs using 111.8% CPU
Optimizing NNI: done in 0.688272 secs using 165.7% CPU
Iteration 90 / LogL: -12890.116 / Time: 0h:3m:27s (0h:2m:26s left)
Optimizing NNI: done in 0.808218 secs using 159.4% CPU
Optimizing NNI: done in 0.754382 secs using 163.5% CPU
Optimizing NNI: done in 0.553047 secs using 179.9% CPU
Optimizing NNI: done in 0.783516 secs using 180.6% CPU
Optimizing NNI: done in 0.649764 secs using 175.1% CPU
Optimizing NNI: done in 0.611768 secs using 171.1% CPU
Optimizing NNI: done in 0.550363 secs using 178.6% CPU
Optimizing NNI: done in 0.459914 secs using 199.2% CPU
Optimizing NNI: done in 0.682187 secs using 161.7% CPU
Optimizing NNI: done in 0.840446 secs using 147.6% CPU
Iteration 100 / LogL: -12890.153 / Time: 0h:3m:33s (0h:1m:54s left)
Optimizing NNI: done in 0.613166 secs using 193.6% CPU
Optimizing NNI: done in 0.586444 secs using 185% CPU
Optimizing NNI: done in 0.480594 secs using 199.5% CPU
Optimizing NNI: done in 0.398259 secs using 199.3% CPU
Optimizing NNI: done in 0.64921 secs using 184.7% CPU
Optimizing NNI: done in 0.687476 secs using 167.3% CPU
Optimizing NNI: done in 0.983187 secs using 149.9% CPU
Optimizing NNI: done in 0.75587 secs using 139.1% CPU
BETTER TREE FOUND at iteration 108: -12890.114
Optimizing NNI: done in 0.919756 secs using 134.4% CPU
Optimizing NNI: done in 0.67469 secs using 161.1% CPU
Iteration 110 / LogL: -12890.248 / Time: 0h:3m:40s (0h:3m:18s left)
Optimizing NNI: done in 0.659563 secs using 173.5% CPU
Optimizing NNI: done in 0.904163 secs using 153.9% CPU
Optimizing NNI: done in 0.7471 secs using 163.9% CPU
Optimizing NNI: done in 0.88392 secs using 142.3% CPU
Optimizing NNI: done in 0.86992 secs using 145.4% CPU
Optimizing NNI: done in 0.64444 secs using 188% CPU
Optimizing NNI: done in 0.605796 secs using 174.8% CPU
Optimizing NNI: done in 0.898727 secs using 150.6% CPU
Optimizing NNI: done in 1.08447 secs using 126.3% CPU
Optimizing NNI: done in 0.959929 secs using 117.8% CPU
Iteration 120 / LogL: -12890.116 / Time: 0h:3m:49s (0h:2m:49s left)
Optimizing NNI: done in 0.865738 secs using 146.1% CPU
Optimizing NNI: done in 0.934433 secs using 126.9% CPU
Optimizing NNI: done in 0.677843 secs using 170.8% CPU
Optimizing NNI: done in 0.680621 secs using 178.3% CPU
Optimizing NNI: done in 0.70331 secs using 173% CPU
Optimizing NNI: done in 0.792415 secs using 153.9% CPU
Optimizing NNI: done in 0.7669 secs using 148.2% CPU
Optimizing NNI: done in 0.600039 secs using 175.9% CPU
Optimizing NNI: done in 0.921616 secs using 130.7% CPU
Optimizing NNI: done in 0.962762 secs using 151.2% CPU
Iteration 130 / LogL: -12909.949 / Time: 0h:3m:57s (0h:2m:23s left)
Optimizing NNI: done in 0.465405 secs using 200% CPU
Optimizing NNI: done in 0.60334 secs using 182.5% CPU
Optimizing NNI: done in 0.714689 secs using 175.2% CPU
Optimizing NNI: done in 0.496242 secs using 192.6% CPU
Optimizing NNI: done in 0.430348 secs using 198.2% CPU
Optimizing NNI: done in 0.567422 secs using 198.5% CPU
Optimizing NNI: done in 0.480634 secs using 200% CPU
Optimizing NNI: done in 0.473062 secs using 199.2% CPU
Optimizing NNI: done in 0.541163 secs using 191.8% CPU
Optimizing NNI: done in 0.856632 secs using 167.3% CPU
Iteration 140 / LogL: -12894.105 / Time: 0h:4m:3s (0h:1m:58s left)
Optimizing NNI: done in 0.761454 secs using 138.5% CPU
Optimizing NNI: done in 0.561102 secs using 200% CPU
Optimizing NNI: done in 0.703918 secs using 157.4% CPU
Optimizing NNI: done in 0.952119 secs using 145.5% CPU
Optimizing NNI: done in 0.658799 secs using 189.9% CPU
Optimizing NNI: done in 0.964705 secs using 161.5% CPU
Optimizing NNI: done in 0.953424 secs using 160.9% CPU
Optimizing NNI: done in 0.673124 secs using 169.3% CPU
Optimizing NNI: done in 0.994594 secs using 140.8% CPU
Optimizing NNI: done in 0.64639 secs using 161.3% CPU
Iteration 150 / LogL: -12890.151 / Time: 0h:4m:11s (0h:1m:37s left)
Optimizing NNI: done in 0.790631 secs using 161.2% CPU
Optimizing NNI: done in 0.966754 secs using 161.7% CPU
Optimizing NNI: done in 0.521133 secs using 199.5% CPU
Optimizing NNI: done in 0.508514 secs using 191.5% CPU
Optimizing NNI: done in 0.441752 secs using 199% CPU
Optimizing NNI: done in 0.628025 secs using 176.7% CPU
Optimizing NNI: done in 0.642884 secs using 170.1% CPU
Optimizing NNI: done in 0.469781 secs using 200% CPU
Optimizing NNI: done in 0.582418 secs using 200% CPU
Optimizing NNI: done in 0.491137 secs using 191.4% CPU
Iteration 160 / LogL: -12917.350 / Time: 0h:4m:17s (0h:1m:17s left)
Optimizing NNI: done in 0.465533 secs using 200.3% CPU
Optimizing NNI: done in 0.440753 secs using 200% CPU
Optimizing NNI: done in 0.552708 secs using 183.2% CPU
Optimizing NNI: done in 0.54378 secs using 199.8% CPU
Optimizing NNI: done in 0.453737 secs using 199.6% CPU
Optimizing NNI: done in 0.791158 secs using 170.9% CPU
Optimizing NNI: done in 0.548333 secs using 199.4% CPU
Optimizing NNI: done in 0.537325 secs using 198.4% CPU
Optimizing NNI: done in 0.645163 secs using 182.6% CPU
Optimizing NNI: done in 0.405059 secs using 200% CPU
Iteration 170 / LogL: -12907.433 / Time: 0h:4m:22s (0h:0m:59s left)
Optimizing NNI: done in 0.648971 secs using 180.9% CPU
Optimizing NNI: done in 0.756865 secs using 170.4% CPU
Optimizing NNI: done in 0.662538 secs using 163.4% CPU
Optimizing NNI: done in 0.656994 secs using 167.6% CPU
Optimizing NNI: done in 0.80682 secs using 158.9% CPU
Optimizing NNI: done in 0.622224 secs using 165.8% CPU
Optimizing NNI: done in 1.01458 secs using 149.5% CPU
Optimizing NNI: done in 0.824465 secs using 166% CPU
Optimizing NNI: done in 0.620045 secs using 196.6% CPU
Optimizing NNI: done in 0.45224 secs using 200% CPU
Iteration 180 / LogL: -12890.117 / Time: 0h:4m:29s (0h:0m:42s left)
Optimizing NNI: done in 0.496636 secs using 200% CPU
Optimizing NNI: done in 0.609426 secs using 193.2% CPU
Optimizing NNI: done in 0.566067 secs using 168.1% CPU
Optimizing NNI: done in 0.688165 secs using 163.6% CPU
Optimizing NNI: done in 0.54404 secs using 197.8% CPU
Optimizing NNI: done in 0.639383 secs using 180.8% CPU
Optimizing NNI: done in 0.654527 secs using 167.2% CPU
Optimizing NNI: done in 0.374121 secs using 200% CPU
Optimizing NNI: done in 0.414075 secs using 198.8% CPU
Optimizing NNI: done in 0.581781 secs using 193.1% CPU
Iteration 190 / LogL: -12890.480 / Time: 0h:4m:35s (0h:0m:26s left)
Optimizing NNI: done in 0.571229 secs using 179.2% CPU
Optimizing NNI: done in 1.23179 secs using 139.1% CPU
Optimizing NNI: done in 0.52362 secs using 184% CPU
Optimizing NNI: done in 0.515132 secs using 198.5% CPU
Optimizing NNI: done in 0.488242 secs using 199.3% CPU
Optimizing NNI: done in 0.466154 secs using 192.4% CPU
Optimizing NNI: done in 0.643133 secs using 169.2% CPU
Optimizing NNI: done in 0.614769 secs using 171.3% CPU
Optimizing NNI: done in 0.615438 secs using 189% CPU
Optimizing NNI: done in 0.520057 secs using 200% CPU
Iteration 200 / LogL: -12890.349 / Time: 0h:4m:41s (0h:0m:11s left)
Optimizing NNI: done in 0.665372 secs using 180.3% CPU
UPDATE BEST LOG-LIKELIHOOD: -12890.114
Optimizing NNI: done in 0.549222 secs using 186.7% CPU
Optimizing NNI: done in 0.560003 secs using 190.2% CPU
Optimizing NNI: done in 0.751217 secs using 177.6% CPU
Optimizing NNI: done in 0.678305 secs using 190.3% CPU
Optimizing NNI: done in 0.538194 secs using 194.4% CPU
Optimizing NNI: done in 0.873517 secs using 152.4% CPU
Optimizing NNI: done in 0.662651 secs using 157.3% CPU
Optimizing NNI: done in 0.587881 secs using 180.1% CPU
TREE SEARCH COMPLETED AFTER 209 ITERATIONS / Time: 0h:4m:47s

--------------------------------------------------------------------
|                    FINALIZING TREE SEARCH                        |
--------------------------------------------------------------------
Performs final model parameters optimization
Estimate model parameters (epsilon = 0.010)
1. Initial log-likelihood: -12890.114
2. Current log-likelihood: -12890.079
3. Current log-likelihood: -12890.026
4. Current log-likelihood: -12889.976
5. Current log-likelihood: -12889.930
6. Current log-likelihood: -12889.886
7. Current log-likelihood: -12889.843
8. Current log-likelihood: -12889.800
9. Current log-likelihood: -12889.758
10. Current log-likelihood: -12889.718
11. Current log-likelihood: -12889.680
12. Current log-likelihood: -12889.643
13. Current log-likelihood: -12889.607
14. Current log-likelihood: -12889.572
15. Current log-likelihood: -12889.538
16. Current log-likelihood: -12889.505
17. Current log-likelihood: -12889.472
18. Current log-likelihood: -12889.441
19. Current log-likelihood: -12889.410
20. Current log-likelihood: -12889.380
21. Current log-likelihood: -12889.351
22. Current log-likelihood: -12889.322
23. Current log-likelihood: -12889.302
24. Current log-likelihood: -12889.273
25. Current log-likelihood: -12889.245
26. Current log-likelihood: -12889.217
27. Current log-likelihood: -12889.197
28. Current log-likelihood: -12889.170
29. Current log-likelihood: -12889.151
30. Current log-likelihood: -12889.132
31. Current log-likelihood: -12889.112
32. Current log-likelihood: -12889.093
33. Current log-likelihood: -12889.073
34. Current log-likelihood: -12889.054
35. Current log-likelihood: -12889.035
36. Current log-likelihood: -12889.016
37. Current log-likelihood: -12888.998
38. Current log-likelihood: -12888.979
39. Current log-likelihood: -12888.960
40. Current log-likelihood: -12888.942
41. Current log-likelihood: -12888.924
42. Current log-likelihood: -12888.905
43. Current log-likelihood: -12888.887
44. Current log-likelihood: -12888.869
45. Current log-likelihood: -12888.850
46. Current log-likelihood: -12888.831
47. Current log-likelihood: -12888.813
48. Current log-likelihood: -12888.794
49. Current log-likelihood: -12888.774
50. Current log-likelihood: -12888.755
51. Current log-likelihood: -12888.735
52. Current log-likelihood: -12888.715
53. Current log-likelihood: -12888.695
54. Current log-likelihood: -12888.675
55. Current log-likelihood: -12888.654
56. Current log-likelihood: -12888.633
57. Current log-likelihood: -12888.612
58. Current log-likelihood: -12888.590
59. Current log-likelihood: -12888.568
60. Current log-likelihood: -12888.546
61. Current log-likelihood: -12888.523
62. Current log-likelihood: -12888.500
63. Current log-likelihood: -12888.476
64. Current log-likelihood: -12888.451
65. Current log-likelihood: -12888.426
66. Current log-likelihood: -12888.399
67. Current log-likelihood: -12888.372
68. Current log-likelihood: -12888.344
69. Current log-likelihood: -12888.315
70. Current log-likelihood: -12888.286
71. Current log-likelihood: -12888.255
72. Current log-likelihood: -12888.224
73. Current log-likelihood: -12888.190
74. Current log-likelihood: -12888.155
75. Current log-likelihood: -12888.118
76. Current log-likelihood: -12888.080
77. Current log-likelihood: -12888.039
78. Current log-likelihood: -12887.996
79. Current log-likelihood: -12887.951
80. Current log-likelihood: -12887.903
81. Current log-likelihood: -12887.852
82. Current log-likelihood: -12887.798
83. Current log-likelihood: -12887.741
84. Current log-likelihood: -12887.680
85. Current log-likelihood: -12887.614
86. Current log-likelihood: -12887.544
87. Current log-likelihood: -12887.468
88. Current log-likelihood: -12887.387
89. Current log-likelihood: -12887.300
90. Current log-likelihood: -12887.206
91. Current log-likelihood: -12887.105
92. Current log-likelihood: -12886.998
93. Current log-likelihood: -12886.883
94. Current log-likelihood: -12886.762
95. Current log-likelihood: -12886.635
96. Current log-likelihood: -12886.503
97. Current log-likelihood: -12886.369
98. Current log-likelihood: -12886.234
99. Current log-likelihood: -12886.101
Optimal log-likelihood: -12886.101
Rate parameters:  A-C: 0.87207  A-G: 2.96485  A-T: 0.88901  C-G: 0.86572  C-T: 2.94944  G-T: 1.00000
Base frequencies:  A: 0.298  C: 0.204  G: 0.229  T: 0.268
Site proportion and rates:  (0.336,0.105) (0.431,0.914) (0.194,2.083) (0.038,4.328)
Parameters optimization took 99 rounds (24.616 sec)
BEST SCORE FOUND : -12886.101
Total tree length: 3.117

Total number of iterations: 209
CPU time used for tree search: 240.783 sec (0h:4m:0s)
Wall-clock time used for tree search: 143.884 sec (0h:2m:23s)
Total CPU time used: 502.870 sec (0h:8m:22s)
Total wall-clock time used: 312.500 sec (0h:5m:12s)

Analysis results written to: 
  IQ-TREE report:                3G19180_iqtree_preliminary_superstrict_excluding_hybrids.iqtree
  Maximum-likelihood tree:       3G19180_iqtree_preliminary_superstrict_excluding_hybrids.treefile
  Likelihood distances:          3G19180_iqtree_preliminary_superstrict_excluding_hybrids.mldist
  Screen log file:               3G19180_iqtree_preliminary_superstrict_excluding_hybrids.log

ALISIM COMMAND
--------------
--alisim simulated_MSA -t 3G19180_iqtree_preliminary_superstrict_excluding_hybrids.treefile -m "GTR{0.872067,2.96485,0.889014,0.865721,2.94944}+F{0.298228,0.204421,0.22887,0.268481}+R4{0.335948,0.105205,0.431479,0.913881,0.194315,2.08305,0.0382578,4.32768}" --length 755

Date and Time: Fri Jun  2 07:58:08 2023
