IQ-TREE multicore version 2.2.2 COVID-edition for Linux 64-bit built Sep 20 2022
Developed by Bui Quang Minh, James Barbetti, Nguyen Lam Tung,
Olga Chernomor, Heiko Schmidt, Dominik Schrempf, Michael Woodhams, Ly Trong Nhan.

Host:    netdc-bms-c11f (AVX2, FMA3, 377 GB RAM)
Command: /home/kasper.hendriks/iqtree-2.2.2-Linux/bin/iqtree2 -s 3G53100_taper_preliminary_superstrict_excluding_hybrids.fasta -nm 1000 -m GTR+F+R -nt AUTO --prefix 3G53100_iqtree_preliminary_superstrict_excluding_hybrids
Seed:    616884 (Using SPRNG - Scalable Parallel Random Number Generator)
Time:    Fri Jun  2 07:55:17 2023
Kernel:  AVX+FMA - auto-detect threads (56 CPU cores detected)

Reading alignment file 3G53100_taper_preliminary_superstrict_excluding_hybrids.fasta ... Fasta format detected
Reading fasta file: done in 0.000372171 secs
Alignment most likely contains DNA/RNA sequences
Constructing alignment: done in 0.00157213 secs using 1448% CPU
Alignment has 51 sequences with 255 columns, 136 distinct patterns
90 parsimony-informative, 42 singleton sites, 123 constant sites
            Gap/Ambiguity  Composition  p-value
Analyzing sequences: done in 0.00788403 secs using 1248% CPU
   1  S0289         0.00%    passed     99.25%
   2  S0308         0.00%    passed     95.42%
   3  S0335         0.00%    passed     99.24%
   4  S0400         0.00%    passed     98.90%
   5  S0412sl       0.00%    passed     97.86%
   6  S0417         0.00%    passed     91.56%
   7  S0427         0.00%    passed     96.78%
   8  S0558         0.00%    passed     81.18%
   9  S0689         0.00%    passed     98.81%
  10  S0735         0.00%    passed     96.12%
  11  S0756         0.00%    passed     97.26%
  12  S0795         0.00%    passed     79.17%
  13  S1083         0.00%    passed     95.27%
  14  S1128         0.00%    passed     99.80%
  15  S1129sl       0.00%    passed     99.01%
  16  S1211         0.00%    passed     98.90%
  17  S1214sl       0.00%    passed     91.80%
  18  S1227         0.00%    passed     99.55%
  19  S1235sl       0.00%    passed     91.03%
  20  S1260         0.39%    passed     90.74%
  21  S1278         0.00%    passed     99.94%
  22  S1315         0.00%    passed     91.24%
  23  S1369         2.75%    passed     99.32%
  24  S1370         0.00%    passed     98.19%
  25  S1375         0.00%    passed     97.98%
  26  S1376         0.00%    passed     98.79%
  27  S1381         0.78%    passed     98.06%
  28  S1422         0.00%    passed     99.57%
  29  S1449         0.00%    passed     95.73%
  30  S1460         0.00%    passed     84.26%
  31  S1462         0.00%    passed     97.14%
  32  S1539         0.00%    passed     88.78%
  33  S_670         1.18%    passed     98.87%
  34  SRR8528336    0.00%    passed     91.47%
  35  SRR8528341    0.00%    passed     99.33%
  36  SRR8528343    0.00%    passed     97.79%
  37  SRR8528347    0.00%    passed     84.98%
  38  SRR8528350    0.00%    passed     96.74%
  39  SRR8528354    0.00%    passed     86.21%
  40  SRR8528357    0.00%    passed     99.43%
  41  SRR8528359    0.00%    passed     99.64%
  42  SRR8528361    0.00%    passed     99.55%
  43  SRR8528365    0.00%    passed     95.36%
  44  SRR8528370    0.00%    passed     82.65%
  45  SRR8528372    0.00%    passed     98.69%
  46  SRR8528379    0.00%    passed     99.55%
  47  SRR8528381    0.00%    passed     29.00%
  48  SRR8528384    0.00%    passed     92.00%
  49  SRR8528389    0.00%    passed     98.78%
  50  SRR8528391    0.00%    passed     90.50%
  51  SRR8528400    0.00%    passed     99.94%
****  TOTAL         0.10%  0 sequences failed composition chi2 test (p-value<5%; df=3)
Checking for duplicate sequences: done in 0.00337601 secs using 1782% CPU

Create initial parsimony tree by phylogenetic likelihood library (PLL)... 0.004 seconds

NOTE: 0 MB RAM (0 GB) is required!
Measuring multi-threading efficiency up to 56 CPU cores
Increase to 10 rounds for branch lengths
1433 trees examined
Threads: 1 / Time: 56.015 sec / Speedup: 1.000 / Efficiency: 100% / LogL: -3235
Threads: 2 / Time: 56.437 sec / Speedup: 0.993 / Efficiency: 50% / LogL: -3235
Determining AUTO threadcount: done in 112.453 secs using 94.41% CPU
BEST NUMBER OF THREADS: 1

Estimate model parameters (epsilon = 0.100)
1. Initial log-likelihood: -2500.529
2. Current log-likelihood: -2418.600
3. Current log-likelihood: -2417.389
4. Current log-likelihood: -2417.065
5. Current log-likelihood: -2416.900
Optimal log-likelihood: -2416.789
Rate parameters:  A-C: 1.89135  A-G: 3.82184  A-T: 1.44455  C-G: 1.14355  C-T: 5.47076  G-T: 1.00000
Base frequencies:  A: 0.298  C: 0.253  G: 0.211  T: 0.238
Site proportion and rates:  (0.408,0.134) (0.191,0.287) (0.162,1.370) (0.239,2.798)
Parameters optimization took 5 rounds (0.303 sec)
Wrote distance file to... 
Computing ML distances based on estimated model parameters...
Calculating distance matrix: done in 0.0182259 secs using 99.93% CPU
Computing ML distances took 0.018467 sec (of wall-clock time) 0.018453 sec (of CPU time)
Setting up auxiliary I and S matrices: done in 0.000343084 secs using 99.98% CPU
Constructing RapidNJ tree: done in 0.000690222 secs using 99.97% CPU
Computing RapidNJ tree took 0.001164 sec (of wall-clock time) 0.001162 sec (of CPU time)
Log-likelihood of RapidNJ tree: -2445.063
--------------------------------------------------------------------
|             INITIALIZING CANDIDATE TREE SET                      |
--------------------------------------------------------------------
Generating 98 parsimony trees... 0.472 second
Computing log-likelihood of 98 initial trees ... 0.397 seconds
Current best score: -2409.915

Do NNI search on 20 best initial trees
Optimizing NNI: done in 0.0308311 secs using 99.81% CPU
Estimate model parameters (epsilon = 0.100)
BETTER TREE FOUND at iteration 1: -2409.466
Optimizing NNI: done in 0.0373709 secs using 99.88% CPU
UPDATE BEST LOG-LIKELIHOOD: -2409.465
Optimizing NNI: done in 0.0363479 secs using 99.96% CPU
Optimizing NNI: done in 0.033057 secs using 98.18% CPU
Optimizing NNI: done in 0.043535 secs using 99.87% CPU
Optimizing NNI: done in 0.0341299 secs using 99.99% CPU
Optimizing NNI: done in 0.037024 secs using 99.56% CPU
Optimizing NNI: done in 0.0353749 secs using 99.88% CPU
Optimizing NNI: done in 0.027698 secs using 99.93% CPU
Optimizing NNI: done in 0.0429831 secs using 100% CPU
Iteration 10 / LogL: -2410.893 / Time: 0h:1m:54s
Optimizing NNI: done in 0.0360188 secs using 99.51% CPU
Optimizing NNI: done in 0.043705 secs using 99.91% CPU
Optimizing NNI: done in 0.0448391 secs using 99.56% CPU
Optimizing NNI: done in 0.034539 secs using 99.7% CPU
Optimizing NNI: done in 0.1031 secs using 52.24% CPU
Optimizing NNI: done in 0.0440252 secs using 100% CPU
Optimizing NNI: done in 0.0439939 secs using 99.83% CPU
Optimizing NNI: done in 0.0420659 secs using 99.92% CPU
Optimizing NNI: done in 0.043999 secs using 100% CPU
Optimizing NNI: done in 0.040832 secs using 94.14% CPU
Iteration 20 / LogL: -2413.496 / Time: 0h:1m:54s
Finish initializing candidate tree set (16)
Current best tree score: -2409.465 / CPU time: 1.822
Number of iterations: 20
--------------------------------------------------------------------
|               OPTIMIZING CANDIDATE TREE SET                      |
--------------------------------------------------------------------
Optimizing NNI: done in 0.0629458 secs using 99.95% CPU
Optimizing NNI: done in 0.0751581 secs using 99.75% CPU
Optimizing NNI: done in 0.0960951 secs using 87.42% CPU
Optimizing NNI: done in 0.0641861 secs using 99.96% CPU
Optimizing NNI: done in 0.17986 secs using 48.1% CPU
Optimizing NNI: done in 0.105955 secs using 75.36% CPU
Optimizing NNI: done in 0.0807912 secs using 84.55% CPU
Optimizing NNI: done in 0.0673039 secs using 80.94% CPU
Optimizing NNI: done in 0.082443 secs using 88.84% CPU
Optimizing NNI: done in 0.158609 secs using 48.28% CPU
Iteration 30 / LogL: -2409.466 / Time: 0h:1m:55s (0h:4m:43s left)
Optimizing NNI: done in 0.0502591 secs using 100% CPU
Optimizing NNI: done in 0.0676141 secs using 82.24% CPU
Optimizing NNI: done in 0.110586 secs using 71.07% CPU
Optimizing NNI: done in 0.056164 secs using 100% CPU
Optimizing NNI: done in 0.068119 secs using 100% CPU
Optimizing NNI: done in 0.105227 secs using 76.21% CPU
Optimizing NNI: done in 0.109206 secs using 70.38% CPU
Optimizing NNI: done in 0.120688 secs using 60.11% CPU
Optimizing NNI: done in 0.080554 secs using 88.85% CPU
Optimizing NNI: done in 0.149159 secs using 51.53% CPU
Iteration 40 / LogL: -2409.466 / Time: 0h:1m:56s (0h:3m:2s left)
Optimizing NNI: done in 0.104999 secs using 100% CPU
Optimizing NNI: done in 0.091203 secs using 86.89% CPU
Optimizing NNI: done in 0.115539 secs using 68.29% CPU
Optimizing NNI: done in 0.079201 secs using 77.95% CPU
Optimizing NNI: done in 0.0712759 secs using 66.55% CPU
Optimizing NNI: done in 0.075954 secs using 100% CPU
Optimizing NNI: done in 0.101794 secs using 90.56% CPU
Optimizing NNI: done in 0.082804 secs using 86.78% CPU
Optimizing NNI: done in 0.07693 secs using 84.42% CPU
Optimizing NNI: done in 0.100243 secs using 88.07% CPU
Iteration 50 / LogL: -2409.466 / Time: 0h:1m:57s (0h:2m:2s left)
Optimizing NNI: done in 0.141261 secs using 57.22% CPU
Optimizing NNI: done in 0.099437 secs using 68.47% CPU
Optimizing NNI: done in 0.116431 secs using 50.67% CPU
Optimizing NNI: done in 0.0653 secs using 81.56% CPU
Optimizing NNI: done in 0.0613132 secs using 80.48% CPU
Optimizing NNI: done in 0.130351 secs using 49.18% CPU
Optimizing NNI: done in 0.100816 secs using 48.94% CPU
Optimizing NNI: done in 0.173666 secs using 44.77% CPU
Optimizing NNI: done in 0.13185 secs using 62.45% CPU
Optimizing NNI: done in 0.200341 secs using 52.07% CPU
Iteration 60 / LogL: -2409.465 / Time: 0h:1m:58s (0h:1m:22s left)
Optimizing NNI: done in 0.128376 secs using 50.14% CPU
Optimizing NNI: done in 0.097379 secs using 50.71% CPU
Optimizing NNI: done in 0.156111 secs using 48.74% CPU
Optimizing NNI: done in 0.126342 secs using 49.2% CPU
Optimizing NNI: done in 0.12372 secs using 74.92% CPU
Optimizing NNI: done in 0.1418 secs using 50.83% CPU
Optimizing NNI: done in 0.0757942 secs using 86.11% CPU
Optimizing NNI: done in 0.0991402 secs using 68.07% CPU
Optimizing NNI: done in 0.156279 secs using 59.39% CPU
Optimizing NNI: done in 0.0717039 secs using 89.33% CPU
Iteration 70 / LogL: -2409.465 / Time: 0h:2m:0s (0h:0m:53s left)
Optimizing NNI: done in 0.0871649 secs using 54.06% CPU
Optimizing NNI: done in 0.0627961 secs using 99.87% CPU
Optimizing NNI: done in 0.076597 secs using 99.75% CPU
Optimizing NNI: done in 0.109472 secs using 80.96% CPU
Optimizing NNI: done in 0.151014 secs using 51.48% CPU
Optimizing NNI: done in 0.068125 secs using 82.09% CPU
Optimizing NNI: done in 0.0736861 secs using 100% CPU
Optimizing NNI: done in 0.087919 secs using 70.06% CPU
Optimizing NNI: done in 0.0739748 secs using 87.89% CPU
Optimizing NNI: done in 0.078203 secs using 84.32% CPU
Iteration 80 / LogL: -2409.466 / Time: 0h:2m:1s (0h:0m:32s left)
Optimizing NNI: done in 0.158425 secs using 46.64% CPU
Optimizing NNI: done in 0.207926 secs using 50.41% CPU
Optimizing NNI: done in 0.176303 secs using 48.5% CPU
Optimizing NNI: done in 0.170614 secs using 50.06% CPU
Optimizing NNI: done in 0.174439 secs using 50.59% CPU
Optimizing NNI: done in 0.170365 secs using 50.7% CPU
Optimizing NNI: done in 0.1417 secs using 47.59% CPU
Optimizing NNI: done in 0.111829 secs using 53.5% CPU
Optimizing NNI: done in 0.148089 secs using 52.7% CPU
Optimizing NNI: done in 0.170609 secs using 49.97% CPU
Iteration 90 / LogL: -2417.821 / Time: 0h:2m:2s (0h:0m:15s left)
Optimizing NNI: done in 0.140937 secs using 51.21% CPU
Optimizing NNI: done in 0.135794 secs using 47.6% CPU
Optimizing NNI: done in 0.100923 secs using 51.46% CPU
Optimizing NNI: done in 0.142588 secs using 50.4% CPU
Optimizing NNI: done in 0.22626 secs using 49.51% CPU
Optimizing NNI: done in 0.205412 secs using 49.32% CPU
Optimizing NNI: done in 0.137055 secs using 48.2% CPU
Optimizing NNI: done in 0.156878 secs using 51.07% CPU
Optimizing NNI: done in 0.149297 secs using 51.33% CPU
Optimizing NNI: done in 0.149601 secs using 49.39% CPU
Iteration 100 / LogL: -2444.734 / Time: 0h:2m:4s (0h:0m:1s left)
Optimizing NNI: done in 0.153348 secs using 52.9% CPU
Optimizing NNI: done in 0.122801 secs using 51.19% CPU
TREE SEARCH COMPLETED AFTER 102 ITERATIONS / Time: 0h:2m:4s

--------------------------------------------------------------------
|                    FINALIZING TREE SEARCH                        |
--------------------------------------------------------------------
Performs final model parameters optimization
Estimate model parameters (epsilon = 0.010)
1. Initial log-likelihood: -2409.465
2. Current log-likelihood: -2409.396
3. Current log-likelihood: -2409.328
4. Current log-likelihood: -2409.262
5. Current log-likelihood: -2409.198
6. Current log-likelihood: -2409.138
7. Current log-likelihood: -2409.080
8. Current log-likelihood: -2409.026
9. Current log-likelihood: -2408.976
10. Current log-likelihood: -2408.929
11. Current log-likelihood: -2408.886
12. Current log-likelihood: -2408.846
13. Current log-likelihood: -2408.809
14. Current log-likelihood: -2408.776
15. Current log-likelihood: -2408.746
16. Current log-likelihood: -2408.719
17. Current log-likelihood: -2408.695
18. Current log-likelihood: -2408.673
19. Current log-likelihood: -2408.653
20. Current log-likelihood: -2408.636
21. Current log-likelihood: -2408.621
22. Current log-likelihood: -2408.607
23. Current log-likelihood: -2408.595
24. Current log-likelihood: -2408.585
Optimal log-likelihood: -2408.574
Rate parameters:  A-C: 1.86979  A-G: 3.83892  A-T: 1.45750  C-G: 1.09106  C-T: 5.49498  G-T: 1.00000
Base frequencies:  A: 0.298  C: 0.253  G: 0.211  T: 0.238
Site proportion and rates:  (0.481,0.118) (0.083,0.253) (0.303,1.546) (0.133,3.402)
Parameters optimization took 24 rounds (1.763 sec)
BEST SCORE FOUND : -2408.574
Total tree length: 1.644

Total number of iterations: 102
CPU time used for tree search: 8.021 sec (0h:0m:8s)
Wall-clock time used for tree search: 11.710 sec (0h:0m:11s)
Total CPU time used: 117.260 sec (0h:1m:57s)
Total wall-clock time used: 126.412 sec (0h:2m:6s)

Analysis results written to: 
  IQ-TREE report:                3G53100_iqtree_preliminary_superstrict_excluding_hybrids.iqtree
  Maximum-likelihood tree:       3G53100_iqtree_preliminary_superstrict_excluding_hybrids.treefile
  Likelihood distances:          3G53100_iqtree_preliminary_superstrict_excluding_hybrids.mldist
  Screen log file:               3G53100_iqtree_preliminary_superstrict_excluding_hybrids.log

ALISIM COMMAND
--------------
--alisim simulated_MSA -t 3G53100_iqtree_preliminary_superstrict_excluding_hybrids.treefile -m "GTR{1.86979,3.83892,1.4575,1.09106,5.49498}+F{0.298152,0.252523,0.210955,0.23837}+R4{0.480786,0.118347,0.0828021,0.253387,0.303016,1.54563,0.133396,3.40167}" --length 255

Date and Time: Fri Jun  2 07:57:24 2023
