IQ-TREE multicore version 2.2.2 COVID-edition for Linux 64-bit built Sep 20 2022
Developed by Bui Quang Minh, James Barbetti, Nguyen Lam Tung,
Olga Chernomor, Heiko Schmidt, Dominik Schrempf, Michael Woodhams, Ly Trong Nhan.

Host:    netdc-bms-c11f (AVX2, FMA3, 377 GB RAM)
Command: /home/kasper.hendriks/iqtree-2.2.2-Linux/bin/iqtree2 -s 4G09140_taper_preliminary_superstrict_excluding_hybrids.fasta -nm 1000 -m GTR+F+R -nt AUTO --prefix 4G09140_iqtree_preliminary_superstrict_excluding_hybrids
Seed:    377607 (Using SPRNG - Scalable Parallel Random Number Generator)
Time:    Fri Jun  2 07:57:41 2023
Kernel:  AVX+FMA - auto-detect threads (56 CPU cores detected)

Reading alignment file 4G09140_taper_preliminary_superstrict_excluding_hybrids.fasta ... Fasta format detected
Reading fasta file: done in 0.000641108 secs using 99.83% CPU
Alignment most likely contains DNA/RNA sequences
Constructing alignment: done in 0.00155807 secs using 890.3% CPU
Alignment has 110 sequences with 210 columns, 160 distinct patterns
99 parsimony-informative, 42 singleton sites, 69 constant sites
             Gap/Ambiguity  Composition  p-value
Analyzing sequences: done in 0.00718498 secs using 948.2% CPU
   1  S0055          0.00%    passed     99.86%
   2  S0196sl        0.00%    passed     99.75%
   3  S0278          0.00%    passed     90.60%
   4  S0281          0.95%    passed     78.12%
   5  S0282          0.00%    passed     96.22%
   6  S0288          0.48%    passed     80.08%
   7  S0289          0.48%    passed     99.56%
   8  S0292          1.43%    passed     99.56%
   9  S0293          0.00%    passed     99.94%
  10  S0299          0.00%    passed     98.83%
  11  S0320          0.00%    passed     92.99%
  12  S0322          0.00%    passed     81.64%
  13  S0335          0.00%    passed     91.52%
  14  S0345          0.48%    passed     95.93%
  15  S0355          0.00%    passed     61.88%
  16  S0376          0.95%    passed     71.87%
  17  S0400          0.00%    passed     99.08%
  18  S0405          0.00%    passed     96.56%
  19  S0407sl        2.86%    passed     59.98%
  20  S0412sl        0.00%    passed     98.17%
  21  S0417          0.00%    passed     89.40%
  22  S0419          0.00%    passed     99.75%
  23  S0427          0.00%    passed     77.87%
  24  S0428sl        0.00%    passed     93.07%
  25  S0478          0.00%    passed     93.07%
  26  S0552sl        0.00%    passed     91.02%
  27  S0558          2.38%    passed     94.07%
  28  S0641          0.00%    passed     99.92%
  29  S0643          0.00%    passed     98.06%
  30  S0645sl        0.00%    passed     97.06%
  31  S0656sl        0.00%    passed     98.52%
  32  S0673          0.00%    passed     95.63%
  33  S0690          1.90%    passed     99.05%
  34  S0720          0.95%    passed     98.98%
  35  S0735          0.00%    passed     92.17%
  36  S0742          0.48%    passed     84.06%
  37  S0748          0.48%    passed     86.47%
  38  S0753          0.00%    passed     90.40%
  39  S0760          0.00%    passed     99.75%
  40  S0763          0.00%    passed     99.85%
  41  S0770          0.48%    passed     91.59%
  42  S0771          0.00%    passed     98.37%
  43  S0827          0.00%    passed     99.41%
  44  S0888          0.00%    passed     96.84%
  45  S0951          0.00%    passed     93.11%
  46  S0952          0.00%    passed     99.14%
  47  S0956          1.43%    passed     98.60%
  48  S0959          0.00%    passed     99.05%
  49  S0960          0.00%    passed     89.99%
  50  S1052sl        0.48%    passed     96.13%
  51  S1083          0.00%    passed     97.73%
  52  S1100          4.29%    passed     81.19%
  53  S1102          0.48%    passed     91.28%
  54  S1110          5.71%    passed     42.15%
  55  S1120          0.00%    passed     97.62%
  56  S1128          0.48%    passed     97.90%
  57  S1129sl        1.43%    passed     71.22%
  58  S1148          0.00%    passed     92.17%
  59  S1177          0.00%    passed     98.36%
  60  S1180          0.00%    passed     85.31%
  61  S1189          0.00%    passed     84.32%
  62  S1201sl        0.00%    passed     97.94%
  63  S1211          0.00%    passed     80.90%
  64  S1214sl        0.00%    passed     93.55%
  65  S1223          0.00%    passed     85.31%
  66  S1227          0.00%    passed     99.52%
  67  S1235sl        0.00%    passed     99.59%
  68  S1238sl       40.00%    passed     51.77%
  69  S1239          0.00%    passed     97.97%
  70  S1245          0.00%    passed     98.90%
  71  S1246          0.00%    passed     98.90%
  72  S1251          0.00%    passed     84.32%
  73  S1260          0.00%    passed     98.06%
  74  S1266sl        0.00%    passed     84.03%
  75  S1269          0.00%    passed     84.03%
  76  S1278          0.00%    passed     99.76%
  77  S1332          9.05%    passed     89.88%
  78  S1366          0.48%    passed     99.51%
  79  S1369          0.00%    passed     99.41%
  80  S1370          0.00%    passed     93.55%
  81  S1375          0.48%    passed     94.19%
  82  S1376          0.00%    passed     97.76%
  83  S1381          0.00%    passed     97.57%
  84  S1405          0.95%    passed     98.76%
  85  S1422          0.48%    passed     98.69%
  86  S1449          0.00%    passed     98.04%
  87  S1451          0.00%    passed     97.83%
  88  S1460          0.48%    passed     99.56%
  89  S1462          0.00%    passed     98.56%
  90  S1498          0.00%    passed     99.30%
  91  S1539          0.00%    passed     97.55%
  92  S_670          0.00%    passed     99.94%
  93  SRR11470320    0.00%    passed     95.41%
  94  SRR8528336     0.00%    passed     99.41%
  95  SRR8528341     0.00%    passed     94.80%
  96  SRR8528343     0.00%    passed     99.94%
  97  SRR8528347     0.00%    passed     88.06%
  98  SRR8528350     0.00%    passed     97.59%
  99  SRR8528354     0.00%    passed     98.52%
 100  SRR8528357     0.00%    passed     99.94%
 101  SRR8528359     0.00%    passed     98.90%
 102  SRR8528365     0.00%    passed     93.57%
 103  SRR8528370     0.00%    passed     99.99%
 104  SRR8528372     0.00%    passed     97.75%
 105  SRR8528379     0.00%    passed     98.67%
 106  SRR8528381     0.00%    passed     69.83%
 107  SRR8528384     0.00%    passed     96.70%
 108  SRR8528389     0.48%    passed     87.26%
 109  SRR8528391     0.00%    passed     71.41%
 110  SRR8528400     0.00%    passed     95.63%
****  TOTAL          0.74%  0 sequences failed composition chi2 test (p-value<5%; df=3)
NOTE: S0419 is identical to S0196sl but kept for subsequent analysis
NOTE: S1148 is identical to S0735 but kept for subsequent analysis
NOTE: S1223 is identical to S1180 but kept for subsequent analysis
NOTE: S1269 is identical to S1266sl but kept for subsequent analysis
NOTE: SRR8528343 is identical to S_670 but kept for subsequent analysis
Checking for duplicate sequences: done in 0.00837398 secs using 981.2% CPU
Identifying sites to remove: done in 0.000636816 secs using 1044% CPU
NOTE: 1 identical sequences (see below) will be ignored for subsequent analysis
NOTE: S0760 (identical to S0196sl) is ignored but added at the end
Alignment was printed to 4G09140_iqtree_preliminary_superstrict_excluding_hybrids.uniqueseq.phy

For your convenience alignment with unique sequences printed to 4G09140_iqtree_preliminary_superstrict_excluding_hybrids.uniqueseq.phy

Create initial parsimony tree by phylogenetic likelihood library (PLL)... 0.041 seconds

NOTE: 2 MB RAM (0 GB) is required!
Measuring multi-threading efficiency up to 56 CPU cores
Increase to 10 rounds for branch lengths
502 trees examined
Threads: 1 / Time: 56.112 sec / Speedup: 1.000 / Efficiency: 100% / LogL: -5789
Threads: 2 / Time: 66.009 sec / Speedup: 0.850 / Efficiency: 43% / LogL: -5789
Determining AUTO threadcount: done in 122.121 secs using 99.65% CPU
BEST NUMBER OF THREADS: 1

Estimate model parameters (epsilon = 0.100)
1. Initial log-likelihood: -3274.415
2. Current log-likelihood: -3152.677
3. Current log-likelihood: -3151.560
4. Current log-likelihood: -3151.315
5. Current log-likelihood: -3151.144
6. Current log-likelihood: -3150.651
Optimal log-likelihood: -3150.571
Rate parameters:  A-C: 0.91399  A-G: 3.80055  A-T: 1.41861  C-G: 1.62851  C-T: 5.11713  G-T: 1.00000
Base frequencies:  A: 0.246  C: 0.186  G: 0.226  T: 0.342
Site proportion and rates:  (0.351,0.153) (0.248,0.406) (0.248,1.380) (0.154,3.283)
Parameters optimization took 6 rounds (1.073 sec)
Wrote distance file to... 
Computing ML distances based on estimated model parameters...
Calculating distance matrix: done in 0.129422 secs using 78.35% CPU
Computing ML distances took 0.129777 sec (of wall-clock time) 0.101759 sec (of CPU time)
Setting up auxiliary I and S matrices: done in 0.00088501 secs using 100.1% CPU
Constructing RapidNJ tree: done in 0.00178909 secs using 317.8% CPU
Computing RapidNJ tree took 0.002831 sec (of wall-clock time) 0.006724 sec (of CPU time)
Log-likelihood of RapidNJ tree: -3163.306
--------------------------------------------------------------------
|             INITIALIZING CANDIDATE TREE SET                      |
--------------------------------------------------------------------
Generating 98 parsimony trees... 2.074 second
Computing log-likelihood of 98 initial trees ... 1.827 seconds
Current best score: -3130.718

Do NNI search on 20 best initial trees
Optimizing NNI: done in 0.252658 secs using 61.82% CPU
Estimate model parameters (epsilon = 0.100)
BETTER TREE FOUND at iteration 1: -3126.029
Optimizing NNI: done in 0.20128 secs using 74.24% CPU
Estimate model parameters (epsilon = 0.100)
BETTER TREE FOUND at iteration 2: -3121.224
Optimizing NNI: done in 0.325727 secs using 59.52% CPU
Estimate model parameters (epsilon = 0.100)
BETTER TREE FOUND at iteration 3: -3117.865
Optimizing NNI: done in 0.227424 secs using 65.67% CPU
Optimizing NNI: done in 0.180531 secs using 77.57% CPU
Optimizing NNI: done in 0.287368 secs using 53.42% CPU
Optimizing NNI: done in 0.152738 secs using 100% CPU
Optimizing NNI: done in 0.191574 secs using 55.33% CPU
Optimizing NNI: done in 0.225555 secs using 75.18% CPU
Optimizing NNI: done in 0.126141 secs using 87.32% CPU
Iteration 10 / LogL: -3127.532 / Time: 0h:2m:10s
Optimizing NNI: done in 0.327143 secs using 59.77% CPU
Optimizing NNI: done in 0.236025 secs using 66.1% CPU
Optimizing NNI: done in 0.290501 secs using 68.42% CPU
Optimizing NNI: done in 0.204509 secs using 66.02% CPU
Optimizing NNI: done in 0.283405 secs using 70.16% CPU
Optimizing NNI: done in 0.188663 secs using 74.3% CPU
Optimizing NNI: done in 0.278303 secs using 66.97% CPU
Optimizing NNI: done in 0.335396 secs using 59.52% CPU
Optimizing NNI: done in 0.18555 secs using 74.79% CPU
Optimizing NNI: done in 0.114435 secs using 100% CPU
Iteration 20 / LogL: -3133.242 / Time: 0h:2m:13s
Finish initializing candidate tree set (20)
Current best tree score: -3117.865 / CPU time: 9.509
Number of iterations: 20
--------------------------------------------------------------------
|               OPTIMIZING CANDIDATE TREE SET                      |
--------------------------------------------------------------------
Optimizing NNI: done in 0.398554 secs using 54.87% CPU
Optimizing NNI: done in 0.293316 secs using 65.74% CPU
Optimizing NNI: done in 0.262901 secs using 62.98% CPU
Optimizing NNI: done in 0.354296 secs using 70.62% CPU
Estimate model parameters (epsilon = 0.100)
BETTER TREE FOUND at iteration 24: -3117.114
Optimizing NNI: done in 0.40092 secs using 57.36% CPU
Estimate model parameters (epsilon = 0.100)
BETTER TREE FOUND at iteration 25: -3114.154
Optimizing NNI: done in 0.308835 secs using 71.75% CPU
Optimizing NNI: done in 0.446598 secs using 71.35% CPU
Optimizing NNI: done in 0.389675 secs using 53.89% CPU
Optimizing NNI: done in 0.32903 secs using 69.51% CPU
Optimizing NNI: done in 0.316922 secs using 75% CPU
Iteration 30 / LogL: -3119.811 / Time: 0h:2m:17s (0h:7m:29s left)
Optimizing NNI: done in 0.257591 secs using 81.34% CPU
Optimizing NNI: done in 0.385037 secs using 62.53% CPU
Optimizing NNI: done in 0.504045 secs using 57.01% CPU
Optimizing NNI: done in 0.460228 secs using 65.13% CPU
Optimizing NNI: done in 0.313928 secs using 63.58% CPU
Optimizing NNI: done in 0.338226 secs using 62.14% CPU
Optimizing NNI: done in 0.380574 secs using 62.19% CPU
Optimizing NNI: done in 0.39498 secs using 60.58% CPU
Estimate model parameters (epsilon = 0.100)
BETTER TREE FOUND at iteration 38: -3113.426
Optimizing NNI: done in 0.435344 secs using 64.75% CPU
Optimizing NNI: done in 0.336129 secs using 69.5% CPU
Iteration 40 / LogL: -3128.643 / Time: 0h:2m:21s (0h:5m:55s left)
Optimizing NNI: done in 0.314193 secs using 73.26% CPU
Optimizing NNI: done in 0.414537 secs using 45.97% CPU
Optimizing NNI: done in 0.314591 secs using 68.2% CPU
Optimizing NNI: done in 0.383937 secs using 65.36% CPU
Optimizing NNI: done in 0.36927 secs using 71.53% CPU
Optimizing NNI: done in 0.369719 secs using 64.86% CPU
Optimizing NNI: done in 0.394944 secs using 58.18% CPU
Optimizing NNI: done in 0.338271 secs using 67.8% CPU
Optimizing NNI: done in 0.420803 secs using 57.78% CPU
Optimizing NNI: done in 0.361119 secs using 66.58% CPU
Iteration 50 / LogL: -3114.910 / Time: 0h:2m:25s (0h:4m:20s left)
Optimizing NNI: done in 0.287293 secs using 68.79% CPU
Optimizing NNI: done in 0.361965 secs using 70.38% CPU
Optimizing NNI: done in 0.228096 secs using 94.42% CPU
Optimizing NNI: done in 0.403555 secs using 54.33% CPU
Optimizing NNI: done in 0.204202 secs using 99.81% CPU
Optimizing NNI: done in 0.361477 secs using 59.03% CPU
Optimizing NNI: done in 0.400196 secs using 65.02% CPU
Optimizing NNI: done in 0.632434 secs using 47.71% CPU
Optimizing NNI: done in 0.336596 secs using 66.73% CPU
Optimizing NNI: done in 0.360735 secs using 60.61% CPU
Iteration 60 / LogL: -3118.923 / Time: 0h:2m:28s (0h:3m:16s left)
Optimizing NNI: done in 0.403664 secs using 72.25% CPU
Optimizing NNI: done in 0.452372 secs using 61.98% CPU
Optimizing NNI: done in 0.334856 secs using 71.33% CPU
Optimizing NNI: done in 0.314929 secs using 69.52% CPU
Optimizing NNI: done in 0.437659 secs using 59.03% CPU
Optimizing NNI: done in 0.326155 secs using 70.55% CPU
Optimizing NNI: done in 0.390222 secs using 68.22% CPU
Optimizing NNI: done in 0.373852 secs using 78.59% CPU
Optimizing NNI: done in 0.37507 secs using 74.4% CPU
Optimizing NNI: done in 0.329594 secs using 70.86% CPU
Iteration 70 / LogL: -3118.530 / Time: 0h:2m:32s (0h:2m:30s left)
Optimizing NNI: done in 0.31813 secs using 69.82% CPU
Optimizing NNI: done in 0.283384 secs using 70.35% CPU
Optimizing NNI: done in 0.409609 secs using 64.85% CPU
Optimizing NNI: done in 0.337303 secs using 72.72% CPU
Optimizing NNI: done in 0.333288 secs using 66.39% CPU
Optimizing NNI: done in 0.346327 secs using 63.56% CPU
Optimizing NNI: done in 0.24022 secs using 76.68% CPU
Optimizing NNI: done in 0.262643 secs using 84.73% CPU
Optimizing NNI: done in 0.315358 secs using 64.48% CPU
Optimizing NNI: done in 0.269493 secs using 76.89% CPU
Iteration 80 / LogL: -3115.904 / Time: 0h:2m:35s (0h:1m:54s left)
Optimizing NNI: done in 0.360895 secs using 80.03% CPU
Optimizing NNI: done in 0.445026 secs using 64.53% CPU
Optimizing NNI: done in 0.332344 secs using 61.49% CPU
Optimizing NNI: done in 0.3775 secs using 67.15% CPU
Optimizing NNI: done in 0.438178 secs using 68.05% CPU
Optimizing NNI: done in 0.506367 secs using 65.24% CPU
Optimizing NNI: done in 0.312283 secs using 74.34% CPU
Optimizing NNI: done in 0.410514 secs using 64.88% CPU
Optimizing NNI: done in 0.429305 secs using 62.74% CPU
Optimizing NNI: done in 0.338327 secs using 70.41% CPU
Iteration 90 / LogL: -3117.963 / Time: 0h:2m:39s (0h:1m:26s left)
Optimizing NNI: done in 0.329471 secs using 63.57% CPU
Optimizing NNI: done in 0.382577 secs using 66.54% CPU
Optimizing NNI: done in 0.386314 secs using 58.59% CPU
Optimizing NNI: done in 0.350402 secs using 63.47% CPU
Optimizing NNI: done in 0.371528 secs using 72.4% CPU
Optimizing NNI: done in 0.308782 secs using 71.5% CPU
Estimate model parameters (epsilon = 0.100)
BETTER TREE FOUND at iteration 96: -3113.166
Optimizing NNI: done in 0.371163 secs using 61.2% CPU
Optimizing NNI: done in 0.390623 secs using 68.26% CPU
Optimizing NNI: done in 0.306904 secs using 67.37% CPU
Optimizing NNI: done in 0.366202 secs using 75.37% CPU
Iteration 100 / LogL: -3113.167 / Time: 0h:2m:43s (0h:2m:38s left)
Optimizing NNI: done in 0.374928 secs using 84.34% CPU
Optimizing NNI: done in 0.340439 secs using 68.26% CPU
Optimizing NNI: done in 0.351976 secs using 60.58% CPU
Optimizing NNI: done in 0.268665 secs using 85.1% CPU
Optimizing NNI: done in 0.303601 secs using 65.74% CPU
Optimizing NNI: done in 0.326818 secs using 61.67% CPU
Optimizing NNI: done in 0.374937 secs using 65.85% CPU
Optimizing NNI: done in 0.34105 secs using 68.33% CPU
Optimizing NNI: done in 0.425573 secs using 62.67% CPU
Optimizing NNI: done in 0.364535 secs using 62.69% CPU
Iteration 110 / LogL: -3180.094 / Time: 0h:2m:47s (0h:2m:12s left)
Optimizing NNI: done in 0.429638 secs using 68.33% CPU
Optimizing NNI: done in 0.416179 secs using 60.59% CPU
Optimizing NNI: done in 0.454268 secs using 59.51% CPU
Optimizing NNI: done in 0.414578 secs using 63.37% CPU
Optimizing NNI: done in 0.357126 secs using 58.56% CPU
Optimizing NNI: done in 0.373089 secs using 60.19% CPU
Optimizing NNI: done in 0.378365 secs using 61.94% CPU
Optimizing NNI: done in 0.351837 secs using 65.85% CPU
Optimizing NNI: done in 0.340486 secs using 63.44% CPU
Optimizing NNI: done in 0.365685 secs using 61.7% CPU
Iteration 120 / LogL: -3113.394 / Time: 0h:2m:51s (0h:1m:49s left)
Optimizing NNI: done in 0.286364 secs using 70.04% CPU
Optimizing NNI: done in 0.2305 secs using 72.24% CPU
Optimizing NNI: done in 0.333796 secs using 65.35% CPU
Optimizing NNI: done in 0.403994 secs using 67.4% CPU
Optimizing NNI: done in 0.298837 secs using 64.09% CPU
Optimizing NNI: done in 0.392489 secs using 61% CPU
Optimizing NNI: done in 0.323907 secs using 63.52% CPU
Optimizing NNI: done in 0.310771 secs using 70.01% CPU
Optimizing NNI: done in 0.355778 secs using 72.83% CPU
Optimizing NNI: done in 0.400436 secs using 66.68% CPU
Iteration 130 / LogL: -3114.133 / Time: 0h:2m:54s (0h:1m:29s left)
Optimizing NNI: done in 0.354736 secs using 73.55% CPU
Optimizing NNI: done in 0.303827 secs using 81.15% CPU
Optimizing NNI: done in 0.479727 secs using 51.98% CPU
Optimizing NNI: done in 0.405061 secs using 54% CPU
Optimizing NNI: done in 0.381153 secs using 61.05% CPU
Optimizing NNI: done in 0.26811 secs using 98.56% CPU
Optimizing NNI: done in 0.295592 secs using 100% CPU
Optimizing NNI: done in 0.171905 secs using 100% CPU
Optimizing NNI: done in 0.223893 secs using 99.99% CPU
Optimizing NNI: done in 0.191656 secs using 100% CPU
Iteration 140 / LogL: -3113.167 / Time: 0h:2m:58s (0h:1m:11s left)
Optimizing NNI: done in 0.223938 secs using 100% CPU
Optimizing NNI: done in 0.221606 secs using 100% CPU
Optimizing NNI: done in 0.249885 secs using 100% CPU
Optimizing NNI: done in 0.186073 secs using 100% CPU
Optimizing NNI: done in 0.289571 secs using 78.68% CPU
Optimizing NNI: done in 0.412425 secs using 63.06% CPU
Optimizing NNI: done in 0.322642 secs using 62.97% CPU
Optimizing NNI: done in 0.330794 secs using 65.58% CPU
Optimizing NNI: done in 0.387689 secs using 62.3% CPU
Optimizing NNI: done in 0.343348 secs using 65.47% CPU
Iteration 150 / LogL: -3123.984 / Time: 0h:3m:1s (0h:0m:55s left)
Optimizing NNI: done in 0.271151 secs using 74.53% CPU
Estimate model parameters (epsilon = 0.100)
BETTER TREE FOUND at iteration 151: -3112.885
Optimizing NNI: done in 0.213612 secs using 79.33% CPU
Optimizing NNI: done in 0.618931 secs using 40.75% CPU
Optimizing NNI: done in 0.29301 secs using 66.1% CPU
Optimizing NNI: done in 0.256069 secs using 68.14% CPU
Optimizing NNI: done in 0.187163 secs using 69.45% CPU
Optimizing NNI: done in 0.348049 secs using 59.2% CPU
Optimizing NNI: done in 0.343978 secs using 55.94% CPU
Optimizing NNI: done in 0.288673 secs using 72.62% CPU
Optimizing NNI: done in 0.324592 secs using 75.35% CPU
Iteration 160 / LogL: -3116.118 / Time: 0h:3m:4s (0h:1m:45s left)
Optimizing NNI: done in 0.362455 secs using 60.98% CPU
Optimizing NNI: done in 0.304327 secs using 74.81% CPU
Optimizing NNI: done in 0.254346 secs using 69.65% CPU
Optimizing NNI: done in 0.396961 secs using 83.88% CPU
Optimizing NNI: done in 0.208884 secs using 77.33% CPU
Optimizing NNI: done in 0.439356 secs using 59.25% CPU
Optimizing NNI: done in 0.41586 secs using 61.04% CPU
Optimizing NNI: done in 0.368866 secs using 62.07% CPU
Optimizing NNI: done in 0.343681 secs using 72.54% CPU
Optimizing NNI: done in 0.295244 secs using 80.06% CPU
Iteration 170 / LogL: -3118.593 / Time: 0h:3m:8s (0h:1m:30s left)
Optimizing NNI: done in 0.297879 secs using 69.12% CPU
Optimizing NNI: done in 0.327535 secs using 71.7% CPU
Optimizing NNI: done in 0.205402 secs using 75.52% CPU
Optimizing NNI: done in 0.311519 secs using 58.33% CPU
Optimizing NNI: done in 0.313581 secs using 66.48% CPU
Optimizing NNI: done in 0.225403 secs using 80.14% CPU
Estimate model parameters (epsilon = 0.100)
BETTER TREE FOUND at iteration 176: -3112.660
Optimizing NNI: done in 0.380827 secs using 63.94% CPU
Optimizing NNI: done in 0.376995 secs using 48.01% CPU
Optimizing NNI: done in 0.410754 secs using 50.28% CPU
Optimizing NNI: done in 0.220822 secs using 84.18% CPU
Iteration 180 / LogL: -3115.156 / Time: 0h:3m:11s (0h:1m:42s left)
Optimizing NNI: done in 0.435364 secs using 61.15% CPU
Optimizing NNI: done in 0.39225 secs using 72.71% CPU
Optimizing NNI: done in 0.353228 secs using 70.06% CPU
Optimizing NNI: done in 0.335336 secs using 69.53% CPU
Optimizing NNI: done in 0.600263 secs using 37.43% CPU
Optimizing NNI: done in 0.401942 secs using 70.54% CPU
Optimizing NNI: done in 0.196238 secs using 99.99% CPU
Optimizing NNI: done in 0.33793 secs using 86.6% CPU
Optimizing NNI: done in 0.37532 secs using 51.72% CPU
Optimizing NNI: done in 0.398219 secs using 66.08% CPU
Iteration 190 / LogL: -3113.174 / Time: 0h:3m:15s (0h:1m:28s left)
Optimizing NNI: done in 0.386006 secs using 62.86% CPU
Optimizing NNI: done in 0.273268 secs using 81.49% CPU
Optimizing NNI: done in 0.385579 secs using 66.56% CPU
Optimizing NNI: done in 0.239694 secs using 99.42% CPU
Optimizing NNI: done in 0.327647 secs using 81.3% CPU
Optimizing NNI: done in 0.306599 secs using 68.98% CPU
Optimizing NNI: done in 0.455756 secs using 56.33% CPU
Optimizing NNI: done in 0.325482 secs using 75.2% CPU
Optimizing NNI: done in 0.347893 secs using 63.98% CPU
Optimizing NNI: done in 0.574707 secs using 64.11% CPU
Iteration 200 / LogL: -3117.631 / Time: 0h:3m:19s (0h:1m:15s left)
Optimizing NNI: done in 0.568273 secs using 61.28% CPU
Optimizing NNI: done in 0.298126 secs using 67.82% CPU
Optimizing NNI: done in 0.397096 secs using 65.75% CPU
Optimizing NNI: done in 0.452205 secs using 57.89% CPU
Optimizing NNI: done in 0.443089 secs using 49.43% CPU
Optimizing NNI: done in 0.388912 secs using 50.63% CPU
Optimizing NNI: done in 0.54817 secs using 50.38% CPU
Optimizing NNI: done in 0.428875 secs using 51.49% CPU
Optimizing NNI: done in 0.311583 secs using 74.32% CPU
Optimizing NNI: done in 0.281761 secs using 60.25% CPU
Iteration 210 / LogL: -3112.883 / Time: 0h:3m:23s (0h:1m:4s left)
Optimizing NNI: done in 0.354242 secs using 63.86% CPU
Optimizing NNI: done in 0.30102 secs using 68.1% CPU
Optimizing NNI: done in 0.249635 secs using 93.59% CPU
Optimizing NNI: done in 0.285218 secs using 77.56% CPU
Optimizing NNI: done in 0.302646 secs using 84.12% CPU
Optimizing NNI: done in 0.25961 secs using 78.46% CPU
Optimizing NNI: done in 0.293935 secs using 83.67% CPU
Optimizing NNI: done in 0.35219 secs using 81.83% CPU
Optimizing NNI: done in 0.328643 secs using 85.39% CPU
Optimizing NNI: done in 0.371726 secs using 51.59% CPU
Iteration 220 / LogL: -3117.944 / Time: 0h:3m:26s (0h:0m:52s left)
Optimizing NNI: done in 0.232869 secs using 86.26% CPU
Optimizing NNI: done in 0.278842 secs using 82.78% CPU
Optimizing NNI: done in 0.275785 secs using 76.77% CPU
Optimizing NNI: done in 0.22302 secs using 92.82% CPU
Optimizing NNI: done in 0.336905 secs using 70.31% CPU
Optimizing NNI: done in 0.426116 secs using 60.57% CPU
Optimizing NNI: done in 0.452152 secs using 51.34% CPU
Optimizing NNI: done in 0.295725 secs using 83.76% CPU
Optimizing NNI: done in 0.34018 secs using 70.6% CPU
Optimizing NNI: done in 0.388917 secs using 66.06% CPU
Iteration 230 / LogL: -3112.661 / Time: 0h:3m:29s (0h:0m:42s left)
Optimizing NNI: done in 0.383224 secs using 67.51% CPU
Optimizing NNI: done in 0.295921 secs using 63.59% CPU
Optimizing NNI: done in 0.565178 secs using 35.82% CPU
Optimizing NNI: done in 0.492927 secs using 51.31% CPU
Optimizing NNI: done in 0.534666 secs using 49.86% CPU
Optimizing NNI: done in 0.419078 secs using 54.19% CPU
Optimizing NNI: done in 0.24727 secs using 87.74% CPU
Optimizing NNI: done in 0.304785 secs using 99.99% CPU
Optimizing NNI: done in 0.318751 secs using 98.83% CPU
Optimizing NNI: done in 0.23111 secs using 99.99% CPU
Iteration 240 / LogL: -3133.357 / Time: 0h:3m:33s (0h:0m:32s left)
Optimizing NNI: done in 0.234977 secs using 98.31% CPU
Optimizing NNI: done in 0.222239 secs using 99.98% CPU
Optimizing NNI: done in 0.429728 secs using 56.25% CPU
Optimizing NNI: done in 0.487168 secs using 75.36% CPU
Optimizing NNI: done in 0.331932 secs using 80.72% CPU
Optimizing NNI: done in 0.25603 secs using 81.23% CPU
Optimizing NNI: done in 0.261853 secs using 80.13% CPU
Optimizing NNI: done in 0.284406 secs using 77.49% CPU
Optimizing NNI: done in 0.24239 secs using 93.39% CPU
Optimizing NNI: done in 0.248197 secs using 67.76% CPU
Iteration 250 / LogL: -3113.846 / Time: 0h:3m:36s (0h:0m:22s left)
Optimizing NNI: done in 0.51606 secs using 51.67% CPU
Optimizing NNI: done in 0.424204 secs using 65.49% CPU
Optimizing NNI: done in 0.277369 secs using 70.98% CPU
Optimizing NNI: done in 0.451854 secs using 64.59% CPU
Optimizing NNI: done in 0.268096 secs using 77.61% CPU
Optimizing NNI: done in 0.423925 secs using 66.03% CPU
Optimizing NNI: done in 0.357461 secs using 68.66% CPU
Optimizing NNI: done in 0.391736 secs using 68.33% CPU
Optimizing NNI: done in 0.348099 secs using 81.61% CPU
Optimizing NNI: done in 0.338172 secs using 75.15% CPU
Iteration 260 / LogL: -3113.620 / Time: 0h:3m:40s (0h:0m:13s left)
Optimizing NNI: done in 0.351283 secs using 63.56% CPU
Optimizing NNI: done in 0.291547 secs using 72.55% CPU
Optimizing NNI: done in 0.448312 secs using 61.63% CPU
Optimizing NNI: done in 0.480603 secs using 50.06% CPU
Optimizing NNI: done in 0.576801 secs using 50.07% CPU
Optimizing NNI: done in 0.454993 secs using 50.77% CPU
Optimizing NNI: done in 0.442147 secs using 52.05% CPU
Optimizing NNI: done in 0.294554 secs using 69.8% CPU
Optimizing NNI: done in 0.332557 secs using 71.13% CPU
Optimizing NNI: done in 0.326661 secs using 70.61% CPU
Iteration 270 / LogL: -3112.988 / Time: 0h:3m:44s (0h:0m:5s left)
Optimizing NNI: done in 0.384314 secs using 66.69% CPU
Optimizing NNI: done in 0.349486 secs using 67.95% CPU
Optimizing NNI: done in 0.337043 secs using 67.95% CPU
Optimizing NNI: done in 0.382567 secs using 66.54% CPU
Optimizing NNI: done in 0.321778 secs using 72.61% CPU
Optimizing NNI: done in 0.31525 secs using 87.31% CPU
Optimizing NNI: done in 0.305698 secs using 76.38% CPU
TREE SEARCH COMPLETED AFTER 277 ITERATIONS / Time: 0h:3m:47s

--------------------------------------------------------------------
|                    FINALIZING TREE SEARCH                        |
--------------------------------------------------------------------
Performs final model parameters optimization
Estimate model parameters (epsilon = 0.010)
1. Initial log-likelihood: -3112.660
Optimal log-likelihood: -3112.655
Rate parameters:  A-C: 1.02381  A-G: 4.02511  A-T: 1.47395  C-G: 1.80385  C-T: 6.19087  G-T: 1.00000
Base frequencies:  A: 0.246  C: 0.186  G: 0.226  T: 0.342
Site proportion and rates:  (0.389,0.162) (0.231,0.467) (0.298,1.646) (0.082,4.138)
Parameters optimization took 1 rounds (0.220 sec)
BEST SCORE FOUND : -3112.655
Total tree length: 2.695

Total number of iterations: 277
CPU time used for tree search: 69.933 sec (0h:1m:9s)
Wall-clock time used for tree search: 103.854 sec (0h:1m:43s)
Total CPU time used: 193.838 sec (0h:3m:13s)
Total wall-clock time used: 227.614 sec (0h:3m:47s)

Analysis results written to: 
  IQ-TREE report:                4G09140_iqtree_preliminary_superstrict_excluding_hybrids.iqtree
  Maximum-likelihood tree:       4G09140_iqtree_preliminary_superstrict_excluding_hybrids.treefile
  Likelihood distances:          4G09140_iqtree_preliminary_superstrict_excluding_hybrids.mldist
  Screen log file:               4G09140_iqtree_preliminary_superstrict_excluding_hybrids.log

ALISIM COMMAND
--------------
--alisim simulated_MSA -t 4G09140_iqtree_preliminary_superstrict_excluding_hybrids.treefile -m "GTR{1.02381,4.02511,1.47395,1.80385,6.19087}+F{0.24595,0.186461,0.225604,0.341985}+R4{0.3892,0.162422,0.231309,0.466934,0.29758,1.6461,0.0819118,4.13779}" --length 210

Date and Time: Fri Jun  2 08:01:29 2023
