IQ-TREE multicore version 2.2.2 COVID-edition for Linux 64-bit built Sep 20 2022
Developed by Bui Quang Minh, James Barbetti, Nguyen Lam Tung,
Olga Chernomor, Heiko Schmidt, Dominik Schrempf, Michael Woodhams, Ly Trong Nhan.

Host:    netdc-bms-c11f (AVX2, FMA3, 377 GB RAM)
Command: /home/kasper.hendriks/iqtree-2.2.2-Linux/bin/iqtree2 -s 4G17370_taper_preliminary_superstrict_excluding_hybrids.fasta -nm 1000 -m GTR+F+R -nt AUTO --prefix 4G17370_iqtree_preliminary_superstrict_excluding_hybrids
Seed:    53507 (Using SPRNG - Scalable Parallel Random Number Generator)
Time:    Fri Jun  2 07:58:11 2023
Kernel:  AVX+FMA - auto-detect threads (56 CPU cores detected)

Reading alignment file 4G17370_taper_preliminary_superstrict_excluding_hybrids.fasta ... Fasta format detected
Reading fasta file: done in 0.000610113 secs
Alignment most likely contains DNA/RNA sequences
Constructing alignment: done in 0.00138211 secs using 1634% CPU
Alignment has 113 sequences with 177 columns, 142 distinct patterns
76 parsimony-informative, 21 singleton sites, 80 constant sites
            Gap/Ambiguity  Composition  p-value
Analyzing sequences: done in 0.0279541 secs using 1528% CPU
   1  S0055         0.00%    passed     97.06%
   2  S0278         4.52%    passed     99.44%
   3  S0281         4.52%    passed     94.25%
   4  S0282         0.56%    passed     97.25%
   5  S0288        20.90%    passed     95.03%
   6  S0289         0.56%    passed     98.93%
   7  S0292         1.13%    passed     91.02%
   8  S0293         0.00%    passed     94.01%
   9  S0294         5.65%    passed     98.22%
  10  S0299         0.00%    passed     98.99%
  11  S0303         3.39%    passed     99.29%
  12  S0308         5.08%    passed     93.76%
  13  S0320         0.00%    passed     99.44%
  14  S0322        10.73%    passed     66.06%
  15  S0327         6.78%    passed     73.91%
  16  S0335         0.00%    passed     74.63%
  17  S0345        10.17%    passed     76.75%
  18  S0355         9.60%    passed     91.01%
  19  S0376         0.00%    passed     98.21%
  20  S0412sl       0.00%    passed     99.87%
  21  S0417         2.26%    passed     98.80%
  22  S0419         2.26%    passed     84.28%
  23  S0427         0.00%    passed     97.40%
  24  S0430        13.56%    passed     91.01%
  25  S0552sl       0.00%    passed     97.34%
  26  S0558         0.00%    passed     98.27%
  27  S0616         3.95%    passed     94.56%
  28  S0620         3.39%    passed     97.80%
  29  S0624         0.00%    passed     94.71%
  30  S0641         0.00%    passed     98.91%
  31  S0643         0.00%    passed     99.14%
  32  S0645sl       2.26%    passed     99.45%
  33  S0656sl       0.56%    passed     77.72%
  34  S0673         0.00%    passed     97.72%
  35  S0689         2.26%    passed     97.50%
  36  S0690         0.56%    passed     98.52%
  37  S0720         4.52%    passed     98.62%
  38  S0724sl       4.52%    passed     93.06%
  39  S0735         6.78%    passed     72.07%
  40  S0742         0.00%    passed     99.87%
  41  S0748         0.00%    passed     98.93%
  42  S0756         0.00%    passed     98.59%
  43  S0760         1.13%    passed     87.33%
  44  S0763         0.00%    passed     97.42%
  45  S0770         0.00%    passed     87.83%
  46  S0771         0.00%    passed     94.33%
  47  S0888         0.00%    passed     99.16%
  48  S0894         2.26%    passed     93.86%
  49  S0899         0.00%    passed     65.05%
  50  S0906         1.69%    passed     99.40%
  51  S0959         0.00%    passed     86.77%
  52  S0960         0.00%    passed     97.18%
  53  S0964         0.00%    passed     95.33%
  54  S1083         0.00%    passed     97.42%
  55  S1100         0.00%    passed     55.24%
  56  S1102         0.00%    passed     98.72%
  57  S1120         6.78%    passed     95.99%
  58  S1128         0.00%    passed     96.74%
  59  S1129sl       0.56%    passed     89.80%
  60  S1148         0.56%    passed     56.34%
  61  S1177         1.13%    passed     85.66%
  62  S1189         0.00%    passed     98.51%
  63  S1201sl       0.00%    passed     98.74%
  64  S1211         0.00%    passed     96.86%
  65  S1214sl       0.00%    passed     89.54%
  66  S1223         0.00%    passed     59.77%
  67  S1227         0.00%    passed     96.37%
  68  S1235sl       0.00%    passed     99.52%
  69  S1239         8.47%    passed     75.99%
  70  S1245         1.13%    passed     96.61%
  71  S1246         0.00%    passed     94.70%
  72  S1249         5.08%    passed     95.89%
  73  S1250sl       0.00%    passed     58.44%
  74  S1251         3.39%    passed     93.76%
  75  S1260         1.13%    passed     97.90%
  76  S1266sl       7.34%    passed     87.06%
  77  S1269         8.47%    passed     83.49%
  78  S1278         0.00%    passed     94.01%
  79  S1315         0.00%    passed     98.51%
  80  S1332         0.00%    passed     91.39%
  81  S1366         1.13%    passed     95.17%
  82  S1369         3.95%    passed     98.99%
  83  S1370         1.69%    passed     99.56%
  84  S1375         0.00%    passed     94.80%
  85  S1376         2.82%    passed     97.62%
  86  S1381         0.00%    passed     93.68%
  87  S1405         6.78%    passed     84.54%
  88  S1422         0.00%    passed     98.51%
  89  S1449         0.00%    passed     78.87%
  90  S1451         3.95%    passed     80.45%
  91  S1460         7.34%    passed     98.80%
  92  S1462         0.00%    passed     87.83%
  93  S1498         0.00%    passed     97.42%
  94  S1539         0.00%    passed     98.91%
  95  S_670         0.56%    passed     98.17%
  96  SRR8528336    0.00%    passed     92.66%
  97  SRR8528341    0.00%    passed     88.40%
  98  SRR8528343    0.00%    passed     93.68%
  99  SRR8528347    0.00%    passed     90.51%
 100  SRR8528350    0.00%    passed     97.06%
 101  SRR8528354    0.00%    passed     41.96%
 102  SRR8528357    0.56%    passed     98.75%
 103  SRR8528359    0.00%    passed     99.91%
 104  SRR8528361    0.56%    passed     94.54%
 105  SRR8528365    0.00%    passed     86.77%
 106  SRR8528370   20.34%    passed     90.96%
 107  SRR8528372    0.00%    passed     88.04%
 108  SRR8528379    0.00%    passed     98.94%
 109  SRR8528381    0.00%    passed     90.91%
 110  SRR8528384    0.00%    passed     96.37%
 111  SRR8528389    0.00%    passed     94.71%
 112  SRR8528391    0.00%    passed     99.87%
 113  SRR8528400    0.56%    passed     98.09%
****  TOTAL         2.03%  0 sequences failed composition chi2 test (p-value<5%; df=3)
NOTE: S1462 is identical to S0770 but kept for subsequent analysis
NOTE: S1498 is identical to S1083 but kept for subsequent analysis
Checking for duplicate sequences: done in 0.012675 secs using 1595% CPU

Create initial parsimony tree by phylogenetic likelihood library (PLL)... 0.030 seconds

NOTE: 2 MB RAM (0 GB) is required!
Measuring multi-threading efficiency up to 56 CPU cores
Increase to 10 rounds for branch lengths
764 trees examined
Threads: 1 / Time: 56.000 sec / Speedup: 1.000 / Efficiency: 100% / LogL: -4259
Threads: 2 / Time: 56.914 sec / Speedup: 0.984 / Efficiency: 49% / LogL: -4259
Determining AUTO threadcount: done in 112.916 secs using 124.9% CPU
BEST NUMBER OF THREADS: 1

Estimate model parameters (epsilon = 0.100)
1. Initial log-likelihood: -2278.990
2. Current log-likelihood: -2198.835
3. Current log-likelihood: -2197.403
4. Current log-likelihood: -2196.894
5. Current log-likelihood: -2196.475
6. Current log-likelihood: -2196.103
7. Current log-likelihood: -2195.768
8. Current log-likelihood: -2195.468
9. Current log-likelihood: -2195.199
10. Current log-likelihood: -2194.965
11. Current log-likelihood: -2194.761
12. Current log-likelihood: -2194.586
13. Current log-likelihood: -2194.441
14. Current log-likelihood: -2194.319
Optimal log-likelihood: -2194.206
Rate parameters:  A-C: 1.72287  A-G: 2.75560  A-T: 1.09092  C-G: 1.45590  C-T: 5.49806  G-T: 1.00000
Base frequencies:  A: 0.252  C: 0.194  G: 0.284  T: 0.270
Site proportion and rates:  (0.513,0.119) (0.034,0.247) (0.355,1.634) (0.098,3.592)
Parameters optimization took 14 rounds (1.708 sec)
Wrote distance file to... 
Computing ML distances based on estimated model parameters...
Calculating distance matrix: done in 0.150998 secs using 78.63% CPU
Computing ML distances took 0.151294 sec (of wall-clock time) 0.119023 sec (of CPU time)
Setting up auxiliary I and S matrices: done in 0.000926018 secs using 98.27% CPU
Constructing RapidNJ tree: done in 0.00196195 secs using 98.32% CPU
Computing RapidNJ tree took 0.003012 sec (of wall-clock time) 0.002961 sec (of CPU time)
Log-likelihood of RapidNJ tree: -2222.037
--------------------------------------------------------------------
|             INITIALIZING CANDIDATE TREE SET                      |
--------------------------------------------------------------------
Generating 98 parsimony trees... 1.622 second
Computing log-likelihood of 98 initial trees ... 1.045 seconds
Current best score: -2171.616

Do NNI search on 20 best initial trees
Optimizing NNI: done in 0.165824 secs using 100% CPU
Estimate model parameters (epsilon = 0.100)
BETTER TREE FOUND at iteration 1: -2166.584
Optimizing NNI: done in 0.175061 secs using 99.99% CPU
Estimate model parameters (epsilon = 0.100)
BETTER TREE FOUND at iteration 2: -2165.730
Optimizing NNI: done in 0.0941639 secs using 100% CPU
Optimizing NNI: done in 0.120992 secs using 100% CPU
Optimizing NNI: done in 0.0960422 secs using 100% CPU
Optimizing NNI: done in 0.165812 secs using 100% CPU
Optimizing NNI: done in 0.0871561 secs using 100% CPU
Optimizing NNI: done in 0.228821 secs using 99.99% CPU
Optimizing NNI: done in 0.216227 secs using 100% CPU
Optimizing NNI: done in 0.149082 secs using 100% CPU
Iteration 10 / LogL: -2178.141 / Time: 0h:1m:59s
Optimizing NNI: done in 0.193769 secs using 100% CPU
Optimizing NNI: done in 0.124896 secs using 100% CPU
Optimizing NNI: done in 0.176462 secs using 87.42% CPU
Optimizing NNI: done in 0.177788 secs using 75.05% CPU
Optimizing NNI: done in 0.30811 secs using 67.53% CPU
Optimizing NNI: done in 0.404515 secs using 48.34% CPU
Optimizing NNI: done in 0.338626 secs using 53.35% CPU
Optimizing NNI: done in 0.322105 secs using 59.58% CPU
Optimizing NNI: done in 0.227356 secs using 75.09% CPU
Optimizing NNI: done in 0.168311 secs using 99.99% CPU
Iteration 20 / LogL: -2179.453 / Time: 0h:2m:2s
Finish initializing candidate tree set (20)
Current best tree score: -2165.730 / CPU time: 7.131
Number of iterations: 20
--------------------------------------------------------------------
|               OPTIMIZING CANDIDATE TREE SET                      |
--------------------------------------------------------------------
Optimizing NNI: done in 0.216311 secs using 99.96% CPU
Optimizing NNI: done in 0.206493 secs using 99.96% CPU
Optimizing NNI: done in 0.232546 secs using 99.97% CPU
Estimate model parameters (epsilon = 0.100)
BETTER TREE FOUND at iteration 23: -2164.841
Optimizing NNI: done in 0.588564 secs using 61.22% CPU
Estimate model parameters (epsilon = 0.100)
BETTER TREE FOUND at iteration 24: -2163.065
Optimizing NNI: done in 0.674485 secs using 50.18% CPU
Optimizing NNI: done in 0.455925 secs using 50.86% CPU
Optimizing NNI: done in 0.481573 secs using 54.3% CPU
Estimate model parameters (epsilon = 0.100)
BETTER TREE FOUND at iteration 27: -2161.424
Optimizing NNI: done in 0.216658 secs using 99.95% CPU
Optimizing NNI: done in 0.265642 secs using 87.95% CPU
Optimizing NNI: done in 0.598954 secs using 55.25% CPU
Iteration 30 / LogL: -2175.622 / Time: 0h:2m:7s (0h:7m:4s left)
Optimizing NNI: done in 0.670572 secs using 49.89% CPU
Optimizing NNI: done in 0.363605 secs using 69.1% CPU
Estimate model parameters (epsilon = 0.100)
BETTER TREE FOUND at iteration 32: -2161.040
Optimizing NNI: done in 0.563633 secs using 49.78% CPU
Optimizing NNI: done in 0.184574 secs using 93.44% CPU
Optimizing NNI: done in 0.325673 secs using 86.49% CPU
Optimizing NNI: done in 0.290728 secs using 67.17% CPU
Optimizing NNI: done in 0.429921 secs using 80.61% CPU
Optimizing NNI: done in 0.232963 secs using 82.65% CPU
Optimizing NNI: done in 0.393129 secs using 59.34% CPU
Estimate model parameters (epsilon = 0.100)
BETTER TREE FOUND at iteration 39: -2160.850
Optimizing NNI: done in 0.328503 secs using 78.38% CPU
Iteration 40 / LogL: -2182.579 / Time: 0h:2m:11s (0h:5m:32s left)
Optimizing NNI: done in 0.316852 secs using 63.37% CPU
Optimizing NNI: done in 0.264662 secs using 81.07% CPU
Optimizing NNI: done in 0.256 secs using 72.05% CPU
Optimizing NNI: done in 0.315004 secs using 87.25% CPU
Optimizing NNI: done in 0.275288 secs using 85.9% CPU
Optimizing NNI: done in 0.37862 secs using 72.58% CPU
Optimizing NNI: done in 0.317451 secs using 76.31% CPU
Optimizing NNI: done in 0.480012 secs using 64.28% CPU
Optimizing NNI: done in 0.333914 secs using 70.31% CPU
Optimizing NNI: done in 0.279531 secs using 87.1% CPU
Iteration 50 / LogL: -2165.610 / Time: 0h:2m:14s (0h:4m:4s left)
Optimizing NNI: done in 0.439388 secs using 64.6% CPU
Optimizing NNI: done in 0.341329 secs using 55.08% CPU
Optimizing NNI: done in 0.34296 secs using 71.37% CPU
Estimate model parameters (epsilon = 0.100)
BETTER TREE FOUND at iteration 53: -2160.803
Optimizing NNI: done in 0.350559 secs using 68.79% CPU
Optimizing NNI: done in 0.366732 secs using 79.99% CPU
Optimizing NNI: done in 0.320758 secs using 71.56% CPU
Optimizing NNI: done in 0.310166 secs using 79.37% CPU
Optimizing NNI: done in 0.239455 secs using 79.83% CPU
Optimizing NNI: done in 0.232464 secs using 86.34% CPU
Optimizing NNI: done in 0.236717 secs using 99.64% CPU
Iteration 60 / LogL: -2163.720 / Time: 0h:2m:17s (0h:3m:37s left)
Optimizing NNI: done in 0.254104 secs using 65.78% CPU
Optimizing NNI: done in 0.454016 secs using 84.2% CPU
Optimizing NNI: done in 0.353622 secs using 85.23% CPU
Optimizing NNI: done in 0.230869 secs using 99.26% CPU
Optimizing NNI: done in 0.324699 secs using 89.85% CPU
Optimizing NNI: done in 0.253635 secs using 87.36% CPU
BETTER TREE FOUND at iteration 66: -2160.801
Optimizing NNI: done in 0.189865 secs using 87.62% CPU
Optimizing NNI: done in 0.297272 secs using 77.77% CPU
Optimizing NNI: done in 0.28979 secs using 91.48% CPU
Optimizing NNI: done in 0.395668 secs using 65.57% CPU
Estimate model parameters (epsilon = 0.100)
BETTER TREE FOUND at iteration 70: -2160.707
Iteration 70 / LogL: -2160.707 / Time: 0h:2m:21s (0h:3m:24s left)
Optimizing NNI: done in 0.301754 secs using 78.47% CPU
Optimizing NNI: done in 0.456245 secs using 62.18% CPU
Estimate model parameters (epsilon = 0.100)
BETTER TREE FOUND at iteration 72: -2160.672
Optimizing NNI: done in 0.336381 secs using 66.25% CPU
Optimizing NNI: done in 0.311408 secs using 66.59% CPU
Optimizing NNI: done in 0.378907 secs using 53.59% CPU
Optimizing NNI: done in 0.280303 secs using 77.9% CPU
Optimizing NNI: done in 0.569911 secs using 58.36% CPU
Optimizing NNI: done in 0.23263 secs using 87.28% CPU
Optimizing NNI: done in 0.316229 secs using 70.9% CPU
Optimizing NNI: done in 0.27065 secs using 86.88% CPU
Iteration 80 / LogL: -2168.335 / Time: 0h:2m:24s (0h:2m:48s left)
Optimizing NNI: done in 0.275032 secs using 78.14% CPU
Optimizing NNI: done in 0.273 secs using 88.28% CPU
Optimizing NNI: done in 0.268972 secs using 71.97% CPU
BETTER TREE FOUND at iteration 83: -2160.670
Optimizing NNI: done in 0.269504 secs using 73.37% CPU
Optimizing NNI: done in 0.263123 secs using 75.54% CPU
Optimizing NNI: done in 0.311454 secs using 83.22% CPU
Optimizing NNI: done in 0.237459 secs using 99.95% CPU
Optimizing NNI: done in 0.361595 secs using 62.82% CPU
Optimizing NNI: done in 0.340506 secs using 60.7% CPU
Optimizing NNI: done in 0.317197 secs using 62.23% CPU
Iteration 90 / LogL: -2161.607 / Time: 0h:2m:27s (0h:2m:34s left)
Optimizing NNI: done in 0.188701 secs using 100% CPU
Optimizing NNI: done in 0.234466 secs using 100% CPU
Optimizing NNI: done in 0.181911 secs using 100% CPU
Optimizing NNI: done in 0.260104 secs using 100% CPU
Optimizing NNI: done in 0.242581 secs using 100% CPU
Optimizing NNI: done in 0.18553 secs using 100% CPU
Optimizing NNI: done in 0.241229 secs using 100% CPU
Optimizing NNI: done in 0.288879 secs using 83.31% CPU
Optimizing NNI: done in 0.496525 secs using 53.59% CPU
Optimizing NNI: done in 0.309468 secs using 71.49% CPU
Iteration 100 / LogL: -2162.693 / Time: 0h:2m:30s (0h:2m:6s left)
Optimizing NNI: done in 0.322426 secs using 71.58% CPU
Optimizing NNI: done in 0.281104 secs using 79.26% CPU
Optimizing NNI: done in 0.256606 secs using 89.29% CPU
Optimizing NNI: done in 0.216752 secs using 100% CPU
Optimizing NNI: done in 0.165246 secs using 99.24% CPU
Optimizing NNI: done in 0.191132 secs using 99.67% CPU
Optimizing NNI: done in 0.229315 secs using 99.76% CPU
Optimizing NNI: done in 0.367897 secs using 71.21% CPU
Estimate model parameters (epsilon = 0.100)
BETTER TREE FOUND at iteration 108: -2160.222
Optimizing NNI: done in 0.354679 secs using 68.43% CPU
Optimizing NNI: done in 0.592187 secs using 53.37% CPU
Iteration 110 / LogL: -2174.273 / Time: 0h:2m:33s (0h:2m:18s left)
Optimizing NNI: done in 0.41647 secs using 63.51% CPU
Optimizing NNI: done in 0.648356 secs using 69.35% CPU
Optimizing NNI: done in 0.500788 secs using 63.19% CPU
Optimizing NNI: done in 0.339101 secs using 62.23% CPU
Optimizing NNI: done in 0.223798 secs using 92.84% CPU
Optimizing NNI: done in 0.167205 secs using 100% CPU
Optimizing NNI: done in 0.245064 secs using 99.99% CPU
BETTER TREE FOUND at iteration 117: -2160.221
Optimizing NNI: done in 0.273639 secs using 99.89% CPU
Optimizing NNI: done in 0.233501 secs using 99.99% CPU
Optimizing NNI: done in 0.185331 secs using 99.99% CPU
Iteration 120 / LogL: -2161.960 / Time: 0h:2m:37s (0h:2m:8s left)
Optimizing NNI: done in 0.265933 secs using 99.99% CPU
Optimizing NNI: done in 0.278657 secs using 99.99% CPU
Optimizing NNI: done in 0.442386 secs using 63.73% CPU
Optimizing NNI: done in 0.275471 secs using 99.99% CPU
Optimizing NNI: done in 0.35963 secs using 99.99% CPU
Optimizing NNI: done in 0.221423 secs using 99.99% CPU
Optimizing NNI: done in 0.216246 secs using 99.98% CPU
Optimizing NNI: done in 0.289459 secs using 100% CPU
Optimizing NNI: done in 0.289962 secs using 88.95% CPU
Optimizing NNI: done in 0.23398 secs using 99.98% CPU
Iteration 130 / LogL: -2162.265 / Time: 0h:2m:40s (0h:1m:47s left)
Optimizing NNI: done in 0.407362 secs using 99.02% CPU
Optimizing NNI: done in 0.23422 secs using 99.97% CPU
Optimizing NNI: done in 0.259419 secs using 99.99% CPU
Optimizing NNI: done in 0.22895 secs using 99.98% CPU
Optimizing NNI: done in 0.281324 secs using 99.97% CPU
Optimizing NNI: done in 0.435776 secs using 98.64% CPU
Optimizing NNI: done in 0.29809 secs using 99.98% CPU
Optimizing NNI: done in 0.271827 secs using 94.1% CPU
Optimizing NNI: done in 0.292901 secs using 98.63% CPU
Optimizing NNI: done in 0.270782 secs using 99.99% CPU
Iteration 140 / LogL: -2161.688 / Time: 0h:2m:43s (0h:1m:30s left)
Optimizing NNI: done in 0.25044 secs using 99.97% CPU
Optimizing NNI: done in 0.227613 secs using 99.99% CPU
Optimizing NNI: done in 0.264064 secs using 99.99% CPU
Optimizing NNI: done in 0.243759 secs using 99.98% CPU
Estimate model parameters (epsilon = 0.100)
BETTER TREE FOUND at iteration 144: -2159.978
Optimizing NNI: done in 0.259088 secs using 99.85% CPU
Optimizing NNI: done in 0.216086 secs using 99.84% CPU
Optimizing NNI: done in 0.283129 secs using 89.31% CPU
Optimizing NNI: done in 0.248062 secs using 99.98% CPU
Optimizing NNI: done in 0.277916 secs using 100% CPU
Optimizing NNI: done in 0.263923 secs using 98.5% CPU
Iteration 150 / LogL: -2160.234 / Time: 0h:2m:45s (0h:1m:44s left)
Optimizing NNI: done in 0.321156 secs using 99.99% CPU
Optimizing NNI: done in 0.221002 secs using 98.19% CPU
Optimizing NNI: done in 0.196682 secs using 99.99% CPU
Optimizing NNI: done in 0.282701 secs using 99.99% CPU
Optimizing NNI: done in 0.266977 secs using 99.99% CPU
Optimizing NNI: done in 0.310312 secs using 99.99% CPU
Optimizing NNI: done in 0.281564 secs using 95.72% CPU
Optimizing NNI: done in 0.534783 secs using 50.2% CPU
Estimate model parameters (epsilon = 0.100)
BETTER TREE FOUND at iteration 158: -2159.757
Optimizing NNI: done in 0.316077 secs using 81.55% CPU
Optimizing NNI: done in 0.452425 secs using 70.18% CPU
Iteration 160 / LogL: -2162.304 / Time: 0h:2m:49s (0h:1m:44s left)
Optimizing NNI: done in 0.32843 secs using 70.12% CPU
Optimizing NNI: done in 0.304947 secs using 100% CPU
Estimate model parameters (epsilon = 0.100)
BETTER TREE FOUND at iteration 162: -2158.352
Optimizing NNI: done in 0.199795 secs using 99.93% CPU
Optimizing NNI: done in 0.315797 secs using 99.97% CPU
Optimizing NNI: done in 0.23874 secs using 100% CPU
BETTER TREE FOUND at iteration 165: -2158.343
Optimizing NNI: done in 0.240087 secs using 100% CPU
Optimizing NNI: done in 0.25162 secs using 80.76% CPU
Estimate model parameters (epsilon = 0.100)
BETTER TREE FOUND at iteration 167: -2158.173
Optimizing NNI: done in 0.263149 secs using 99.94% CPU
Optimizing NNI: done in 0.207709 secs using 100% CPU
Optimizing NNI: done in 0.22985 secs using 100% CPU
Iteration 170 / LogL: -2158.546 / Time: 0h:2m:52s (0h:1m:38s left)
Optimizing NNI: done in 0.276748 secs using 99.99% CPU
Optimizing NNI: done in 0.228694 secs using 100% CPU
Estimate model parameters (epsilon = 0.100)
BETTER TREE FOUND at iteration 172: -2157.733
Optimizing NNI: done in 0.260021 secs using 99.95% CPU
Optimizing NNI: done in 0.229524 secs using 100% CPU
Optimizing NNI: done in 0.311346 secs using 100% CPU
Optimizing NNI: done in 0.310331 secs using 98.95% CPU
Optimizing NNI: done in 0.333755 secs using 84.11% CPU
Optimizing NNI: done in 0.332113 secs using 61.47% CPU
Optimizing NNI: done in 0.304911 secs using 82.92% CPU
Optimizing NNI: done in 0.54772 secs using 59.98% CPU
Iteration 180 / LogL: -2176.974 / Time: 0h:2m:55s (0h:1m:30s left)
Optimizing NNI: done in 0.431927 secs using 99.97% CPU
Optimizing NNI: done in 0.305526 secs using 89.43% CPU
Optimizing NNI: done in 0.249947 secs using 99.95% CPU
Optimizing NNI: done in 0.225049 secs using 99.9% CPU
Optimizing NNI: done in 0.254446 secs using 99.95% CPU
Optimizing NNI: done in 0.205504 secs using 99.91% CPU
Optimizing NNI: done in 0.251693 secs using 99.96% CPU
Optimizing NNI: done in 0.237608 secs using 99.97% CPU
Optimizing NNI: done in 0.333111 secs using 99.96% CPU
Optimizing NNI: done in 0.385787 secs using 98.97% CPU
Iteration 190 / LogL: -2157.946 / Time: 0h:2m:58s (0h:1m:17s left)
Optimizing NNI: done in 0.581281 secs using 79.18% CPU
Optimizing NNI: done in 0.427416 secs using 59.14% CPU
Optimizing NNI: done in 0.338621 secs using 81.09% CPU
Optimizing NNI: done in 0.21279 secs using 99.74% CPU
Optimizing NNI: done in 0.291593 secs using 99.34% CPU
Optimizing NNI: done in 0.241461 secs using 86.64% CPU
Optimizing NNI: done in 0.213142 secs using 98.07% CPU
Optimizing NNI: done in 0.258112 secs using 98.39% CPU
Optimizing NNI: done in 0.211505 secs using 99.86% CPU
Optimizing NNI: done in 0.440504 secs using 58.42% CPU
Iteration 200 / LogL: -2158.664 / Time: 0h:3m:2s (0h:1m:5s left)
Optimizing NNI: done in 0.431307 secs using 100% CPU
Optimizing NNI: done in 0.239823 secs using 100% CPU
Optimizing NNI: done in 0.231634 secs using 100% CPU
Optimizing NNI: done in 0.216243 secs using 99.96% CPU
Optimizing NNI: done in 0.245168 secs using 100% CPU
Optimizing NNI: done in 0.295328 secs using 86.43% CPU
Optimizing NNI: done in 0.227017 secs using 100% CPU
Optimizing NNI: done in 0.264537 secs using 99.99% CPU
Optimizing NNI: done in 0.400609 secs using 75.01% CPU
Optimizing NNI: done in 0.329488 secs using 73.25% CPU
Iteration 210 / LogL: -2159.325 / Time: 0h:3m:5s (0h:0m:54s left)
Optimizing NNI: done in 0.187615 secs using 100% CPU
Optimizing NNI: done in 0.248479 secs using 99.87% CPU
Optimizing NNI: done in 0.285584 secs using 100% CPU
Optimizing NNI: done in 0.283864 secs using 100% CPU
Optimizing NNI: done in 0.24285 secs using 100% CPU
Optimizing NNI: done in 0.284372 secs using 99.91% CPU
Optimizing NNI: done in 0.279907 secs using 100% CPU
Optimizing NNI: done in 0.393609 secs using 78.76% CPU
Optimizing NNI: done in 0.307549 secs using 80.78% CPU
Optimizing NNI: done in 0.275358 secs using 96.39% CPU
BETTER TREE FOUND at iteration 220: -2157.732
Iteration 220 / LogL: -2157.732 / Time: 0h:3m:7s (0h:1m:25s left)
Optimizing NNI: done in 0.455258 secs using 71.55% CPU
Optimizing NNI: done in 0.275538 secs using 72.11% CPU
Optimizing NNI: done in 0.359888 secs using 73.21% CPU
Optimizing NNI: done in 0.302586 secs using 78.84% CPU
Optimizing NNI: done in 0.341271 secs using 67.16% CPU
Optimizing NNI: done in 0.324843 secs using 81% CPU
Optimizing NNI: done in 0.222117 secs using 100% CPU
Estimate model parameters (epsilon = 0.100)
BETTER TREE FOUND at iteration 227: -2157.012
Optimizing NNI: done in 0.230223 secs using 98.29% CPU
Optimizing NNI: done in 0.273903 secs using 99.99% CPU
Optimizing NNI: done in 0.191463 secs using 99.98% CPU
Iteration 230 / LogL: -2160.177 / Time: 0h:3m:11s (0h:1m:20s left)
Optimizing NNI: done in 0.40595 secs using 99.99% CPU
Optimizing NNI: done in 0.252102 secs using 99.99% CPU
Optimizing NNI: done in 0.333387 secs using 99.99% CPU
Optimizing NNI: done in 0.249441 secs using 100% CPU
Optimizing NNI: done in 0.234123 secs using 99.96% CPU
Optimizing NNI: done in 0.201167 secs using 99.99% CPU
Optimizing NNI: done in 0.236217 secs using 99.99% CPU
Optimizing NNI: done in 0.30419 secs using 99.99% CPU
Optimizing NNI: done in 0.240424 secs using 99.99% CPU
Optimizing NNI: done in 0.325669 secs using 99.99% CPU
Iteration 240 / LogL: -2160.224 / Time: 0h:3m:13s (0h:1m:10s left)
Optimizing NNI: done in 0.197365 secs using 99.98% CPU
Optimizing NNI: done in 0.213659 secs using 99.99% CPU
Optimizing NNI: done in 0.161409 secs using 99.68% CPU
Optimizing NNI: done in 0.219131 secs using 98.18% CPU
Optimizing NNI: done in 0.195542 secs using 99.99% CPU
Optimizing NNI: done in 0.287931 secs using 99.99% CPU
Optimizing NNI: done in 0.346665 secs using 99.99% CPU
Optimizing NNI: done in 0.259905 secs using 99.98% CPU
Optimizing NNI: done in 0.249333 secs using 99.99% CPU
Optimizing NNI: done in 0.256726 secs using 99.99% CPU
Iteration 250 / LogL: -2159.108 / Time: 0h:3m:16s (0h:1m:0s left)
Optimizing NNI: done in 0.315361 secs using 99.99% CPU
Optimizing NNI: done in 0.411646 secs using 68.81% CPU
Optimizing NNI: done in 0.233795 secs using 99.99% CPU
Optimizing NNI: done in 0.264747 secs using 99.98% CPU
Optimizing NNI: done in 0.238222 secs using 94.94% CPU
Optimizing NNI: done in 0.368778 secs using 64.17% CPU
Optimizing NNI: done in 0.436541 secs using 50.52% CPU
Optimizing NNI: done in 0.540427 secs using 49.67% CPU
Optimizing NNI: done in 0.500005 secs using 48.8% CPU
Optimizing NNI: done in 0.382369 secs using 49.79% CPU
Iteration 260 / LogL: -2164.366 / Time: 0h:3m:20s (0h:0m:51s left)
Optimizing NNI: done in 0.376482 secs using 49% CPU
Optimizing NNI: done in 0.43778 secs using 47.92% CPU
Optimizing NNI: done in 0.543477 secs using 49.95% CPU
Optimizing NNI: done in 0.503371 secs using 63.01% CPU
Optimizing NNI: done in 0.299373 secs using 71.89% CPU
Optimizing NNI: done in 0.529415 secs using 49.45% CPU
Optimizing NNI: done in 0.312658 secs using 78.05% CPU
BETTER TREE FOUND at iteration 267: -2157.012
Optimizing NNI: done in 0.269764 secs using 88.11% CPU
Optimizing NNI: done in 0.394615 secs using 59.41% CPU
Optimizing NNI: done in 0.327626 secs using 76.42% CPU
Iteration 270 / LogL: -2159.491 / Time: 0h:3m:24s (0h:1m:13s left)
Optimizing NNI: done in 0.485685 secs using 49.2% CPU
Optimizing NNI: done in 0.262988 secs using 80.03% CPU
Optimizing NNI: done in 0.355106 secs using 63.29% CPU
Optimizing NNI: done in 0.368265 secs using 49.33% CPU
Optimizing NNI: done in 0.316111 secs using 68.37% CPU
Optimizing NNI: done in 0.335363 secs using 57.06% CPU
Optimizing NNI: done in 0.446189 secs using 49.78% CPU
Optimizing NNI: done in 0.182871 secs using 93.43% CPU
Optimizing NNI: done in 0.212673 secs using 100% CPU
Optimizing NNI: done in 0.265512 secs using 100% CPU
BETTER TREE FOUND at iteration 280: -2157.011
Iteration 280 / LogL: -2157.011 / Time: 0h:3m:27s (0h:1m:14s left)
Optimizing NNI: done in 0.257285 secs using 99.98% CPU
Optimizing NNI: done in 0.254812 secs using 99.99% CPU
Optimizing NNI: done in 0.253896 secs using 100% CPU
Optimizing NNI: done in 0.326022 secs using 100% CPU
Estimate model parameters (epsilon = 0.100)
BETTER TREE FOUND at iteration 284: -2156.650
Optimizing NNI: done in 0.271642 secs using 99.99% CPU
Optimizing NNI: done in 0.234479 secs using 99.98% CPU
Optimizing NNI: done in 0.246615 secs using 100% CPU
Optimizing NNI: done in 0.290895 secs using 100% CPU
Optimizing NNI: done in 0.389237 secs using 99.67% CPU
Optimizing NNI: done in 0.331425 secs using 99.99% CPU
Iteration 290 / LogL: -2157.011 / Time: 0h:3m:30s (0h:1m:8s left)
Optimizing NNI: done in 0.271542 secs using 99.99% CPU
Optimizing NNI: done in 0.371735 secs using 97.85% CPU
Optimizing NNI: done in 0.243931 secs using 99.99% CPU
Optimizing NNI: done in 0.223729 secs using 98.22% CPU
Optimizing NNI: done in 0.21071 secs using 100% CPU
Optimizing NNI: done in 0.182151 secs using 99.99% CPU
Optimizing NNI: done in 0.234965 secs using 99.99% CPU
Optimizing NNI: done in 0.295033 secs using 99.99% CPU
Optimizing NNI: done in 0.215992 secs using 99.99% CPU
Optimizing NNI: done in 0.260484 secs using 99.99% CPU
Iteration 300 / LogL: -2159.847 / Time: 0h:3m:33s (0h:0m:59s left)
Optimizing NNI: done in 0.243726 secs using 99.43% CPU
Optimizing NNI: done in 0.337792 secs using 98.8% CPU
Optimizing NNI: done in 0.390031 secs using 81.41% CPU
Optimizing NNI: done in 0.300557 secs using 85.74% CPU
Optimizing NNI: done in 0.403011 secs using 67.25% CPU
Optimizing NNI: done in 0.302036 secs using 89.27% CPU
Optimizing NNI: done in 0.386075 secs using 74.12% CPU
Optimizing NNI: done in 0.323595 secs using 76.23% CPU
Optimizing NNI: done in 0.461597 secs using 75.57% CPU
Optimizing NNI: done in 0.312504 secs using 84.6% CPU
Iteration 310 / LogL: -2158.538 / Time: 0h:3m:36s (0h:0m:51s left)
Optimizing NNI: done in 0.417478 secs using 76.76% CPU
Optimizing NNI: done in 0.270761 secs using 92.23% CPU
Optimizing NNI: done in 0.250704 secs using 91.38% CPU
Optimizing NNI: done in 0.435114 secs using 66.3% CPU
Optimizing NNI: done in 0.333888 secs using 73.45% CPU
Optimizing NNI: done in 0.397767 secs using 67.51% CPU
Optimizing NNI: done in 0.480657 secs using 56.92% CPU
Optimizing NNI: done in 0.437251 secs using 71.41% CPU
Optimizing NNI: done in 0.282325 secs using 100% CPU
Optimizing NNI: done in 0.270982 secs using 100% CPU
Iteration 320 / LogL: -2162.404 / Time: 0h:3m:40s (0h:0m:44s left)
Optimizing NNI: done in 0.288138 secs using 100% CPU
Optimizing NNI: done in 0.240231 secs using 100% CPU
Optimizing NNI: done in 0.338205 secs using 100% CPU
Optimizing NNI: done in 0.235827 secs using 100% CPU
Optimizing NNI: done in 0.212435 secs using 100% CPU
Optimizing NNI: done in 0.235403 secs using 100% CPU
Optimizing NNI: done in 0.800164 secs using 58.72% CPU
Optimizing NNI: done in 0.422014 secs using 57.88% CPU
Optimizing NNI: done in 0.206296 secs using 100% CPU
Optimizing NNI: done in 0.1865 secs using 98.1% CPU
Iteration 330 / LogL: -2161.027 / Time: 0h:3m:43s (0h:0m:36s left)
Optimizing NNI: done in 0.182562 secs using 99.99% CPU
Optimizing NNI: done in 0.18972 secs using 99.98% CPU
Optimizing NNI: done in 0.218039 secs using 99.99% CPU
Optimizing NNI: done in 0.22646 secs using 100% CPU
Optimizing NNI: done in 0.298598 secs using 99.99% CPU
Optimizing NNI: done in 0.233279 secs using 99.99% CPU
Optimizing NNI: done in 0.312347 secs using 99.99% CPU
Optimizing NNI: done in 0.252856 secs using 99.99% CPU
Optimizing NNI: done in 0.278831 secs using 70.83% CPU
Optimizing NNI: done in 0.422143 secs using 65.57% CPU
Iteration 340 / LogL: -2158.644 / Time: 0h:3m:46s (0h:0m:29s left)
Optimizing NNI: done in 0.509368 secs using 71.29% CPU
Optimizing NNI: done in 0.253786 secs using 100% CPU
Optimizing NNI: done in 0.202564 secs using 100% CPU
Optimizing NNI: done in 0.266967 secs using 100% CPU
Optimizing NNI: done in 0.356604 secs using 59.8% CPU
Optimizing NNI: done in 0.402627 secs using 77.08% CPU
Optimizing NNI: done in 0.169708 secs using 100% CPU
Optimizing NNI: done in 0.29423 secs using 89.12% CPU
Optimizing NNI: done in 0.357914 secs using 72.05% CPU
Optimizing NNI: done in 0.293469 secs using 100% CPU
Iteration 350 / LogL: -2158.388 / Time: 0h:3m:49s (0h:0m:22s left)
Optimizing NNI: done in 0.264937 secs using 99.97% CPU
Optimizing NNI: done in 0.354947 secs using 75.42% CPU
Optimizing NNI: done in 0.322278 secs using 68.69% CPU
Optimizing NNI: done in 0.194726 secs using 100% CPU
Optimizing NNI: done in 0.220013 secs using 100% CPU
Optimizing NNI: done in 0.192501 secs using 100% CPU
Optimizing NNI: done in 0.201785 secs using 100% CPU
Optimizing NNI: done in 0.200224 secs using 100% CPU
Optimizing NNI: done in 0.232 secs using 100% CPU
Optimizing NNI: done in 0.188147 secs using 100% CPU
Iteration 360 / LogL: -2164.543 / Time: 0h:3m:52s (0h:0m:15s left)
Optimizing NNI: done in 0.289312 secs using 95.72% CPU
Optimizing NNI: done in 0.238967 secs using 99.99% CPU
Optimizing NNI: done in 0.351792 secs using 99.99% CPU
Optimizing NNI: done in 0.235804 secs using 99.79% CPU
Optimizing NNI: done in 0.261059 secs using 92.21% CPU
Optimizing NNI: done in 0.209858 secs using 99.99% CPU
Optimizing NNI: done in 0.224174 secs using 96.42% CPU
Optimizing NNI: done in 0.248848 secs using 96.23% CPU
BETTER TREE FOUND at iteration 368: -2156.649
Optimizing NNI: done in 0.251718 secs using 99.26% CPU
Optimizing NNI: done in 0.229601 secs using 99.89% CPU
Iteration 370 / LogL: -2157.001 / Time: 0h:3m:54s (0h:1m:2s left)
Optimizing NNI: done in 0.411047 secs using 49.68% CPU
Optimizing NNI: done in 0.366262 secs using 70.94% CPU
BETTER TREE FOUND at iteration 372: -2156.649
Optimizing NNI: done in 0.283186 secs using 86.34% CPU
Optimizing NNI: done in 0.255584 secs using 99.08% CPU
Optimizing NNI: done in 0.263624 secs using 99.89% CPU
Optimizing NNI: done in 0.199336 secs using 99.81% CPU
Optimizing NNI: done in 0.267722 secs using 100% CPU
Optimizing NNI: done in 0.225295 secs using 99.83% CPU
Optimizing NNI: done in 0.271218 secs using 99.78% CPU
Optimizing NNI: done in 0.259958 secs using 95.8% CPU
Iteration 380 / LogL: -2160.376 / Time: 0h:3m:57s (0h:0m:57s left)
Optimizing NNI: done in 0.32943 secs using 99.84% CPU
Optimizing NNI: done in 0.214402 secs using 99.99% CPU
Optimizing NNI: done in 0.324378 secs using 76.58% CPU
Optimizing NNI: done in 0.256124 secs using 77.77% CPU
Optimizing NNI: done in 0.215462 secs using 99.84% CPU
Optimizing NNI: done in 0.209026 secs using 99.79% CPU
Optimizing NNI: done in 0.176986 secs using 99.72% CPU
Optimizing NNI: done in 0.30451 secs using 98.06% CPU
Optimizing NNI: done in 0.224908 secs using 99.82% CPU
Optimizing NNI: done in 0.361643 secs using 99.9% CPU
Iteration 390 / LogL: -2157.270 / Time: 0h:4m:0s (0h:0m:50s left)
Optimizing NNI: done in 0.270174 secs using 99.87% CPU
Optimizing NNI: done in 0.236432 secs using 99.88% CPU
Optimizing NNI: done in 0.305341 secs using 99.86% CPU
Optimizing NNI: done in 0.277144 secs using 100% CPU
Optimizing NNI: done in 0.304155 secs using 99.78% CPU
BETTER TREE FOUND at iteration 395: -2156.649
Optimizing NNI: done in 0.379694 secs using 56.7% CPU
Optimizing NNI: done in 0.33924 secs using 88.05% CPU
Optimizing NNI: done in 0.424961 secs using 71.88% CPU
Optimizing NNI: done in 0.416287 secs using 61.89% CPU
Optimizing NNI: done in 0.438053 secs using 71.04% CPU
Iteration 400 / LogL: -2162.199 / Time: 0h:4m:3s (0h:0m:58s left)
Optimizing NNI: done in 0.284316 secs using 99.99% CPU
Optimizing NNI: done in 0.251127 secs using 98.43% CPU
Optimizing NNI: done in 0.143523 secs using 99.99% CPU
Optimizing NNI: done in 0.278647 secs using 94.24% CPU
Optimizing NNI: done in 0.285803 secs using 98.6% CPU
Optimizing NNI: done in 0.291258 secs using 99.99% CPU
Optimizing NNI: done in 0.229452 secs using 98.26% CPU
Optimizing NNI: done in 0.221529 secs using 99.99% CPU
Optimizing NNI: done in 0.374211 secs using 99.99% CPU
Optimizing NNI: done in 0.21516 secs using 99.82% CPU
Iteration 410 / LogL: -2157.348 / Time: 0h:4m:6s (0h:0m:51s left)
Optimizing NNI: done in 0.278628 secs using 99.99% CPU
Optimizing NNI: done in 0.31951 secs using 99.99% CPU
Optimizing NNI: done in 0.263706 secs using 91.58% CPU
Optimizing NNI: done in 0.475129 secs using 82.82% CPU
Optimizing NNI: done in 0.259895 secs using 100% CPU
Optimizing NNI: done in 0.233193 secs using 100% CPU
Optimizing NNI: done in 0.277057 secs using 98.6% CPU
Optimizing NNI: done in 0.360721 secs using 99.99% CPU
Optimizing NNI: done in 0.323208 secs using 90.09% CPU
Optimizing NNI: done in 0.227096 secs using 99.79% CPU
Iteration 420 / LogL: -2159.555 / Time: 0h:4m:9s (0h:0m:44s left)
Optimizing NNI: done in 0.381833 secs using 98.95% CPU
BETTER TREE FOUND at iteration 421: -2156.649
Optimizing NNI: done in 0.278271 secs using 98.48% CPU
Optimizing NNI: done in 0.306575 secs using 99.99% CPU
Optimizing NNI: done in 0.275041 secs using 99.99% CPU
Optimizing NNI: done in 0.285772 secs using 87.36% CPU
BETTER TREE FOUND at iteration 425: -2156.648
Optimizing NNI: done in 0.278815 secs using 75.45% CPU
Optimizing NNI: done in 0.272573 secs using 100% CPU
Optimizing NNI: done in 0.2819 secs using 99.98% CPU
Optimizing NNI: done in 0.318763 secs using 66.35% CPU
Optimizing NNI: done in 0.239591 secs using 100% CPU
Iteration 430 / LogL: -2156.649 / Time: 0h:4m:12s (0h:0m:55s left)
Optimizing NNI: done in 0.195902 secs using 100% CPU
Optimizing NNI: done in 0.319141 secs using 71.03% CPU
Optimizing NNI: done in 0.317654 secs using 71.25% CPU
Optimizing NNI: done in 0.269833 secs using 90.8% CPU
Optimizing NNI: done in 0.361337 secs using 60.67% CPU
Optimizing NNI: done in 0.315838 secs using 62.36% CPU
Optimizing NNI: done in 0.254215 secs using 100% CPU
Optimizing NNI: done in 0.234784 secs using 99.99% CPU
Optimizing NNI: done in 0.248181 secs using 100% CPU
Optimizing NNI: done in 0.59646 secs using 67.74% CPU
Iteration 440 / LogL: -2159.788 / Time: 0h:4m:15s (0h:0m:49s left)
Optimizing NNI: done in 0.265008 secs using 76.52% CPU
Optimizing NNI: done in 0.47468 secs using 53.35% CPU
Optimizing NNI: done in 0.435426 secs using 54.06% CPU
Optimizing NNI: done in 0.382547 secs using 73.94% CPU
Optimizing NNI: done in 0.176136 secs using 100% CPU
Optimizing NNI: done in 0.293237 secs using 100% CPU
Optimizing NNI: done in 0.293446 secs using 99.4% CPU
BETTER TREE FOUND at iteration 447: -2156.648
Optimizing NNI: done in 0.219701 secs using 99.96% CPU
Optimizing NNI: done in 0.264238 secs using 92.41% CPU
Optimizing NNI: done in 0.231297 secs using 96.26% CPU
Iteration 450 / LogL: -2161.289 / Time: 0h:4m:18s (0h:0m:55s left)
Optimizing NNI: done in 0.287191 secs using 99.99% CPU
Optimizing NNI: done in 0.276662 secs using 100% CPU
Optimizing NNI: done in 0.286746 secs using 100% CPU
Optimizing NNI: done in 0.296625 secs using 100% CPU
Optimizing NNI: done in 0.211592 secs using 100% CPU
Optimizing NNI: done in 0.209418 secs using 100% CPU
Optimizing NNI: done in 0.34309 secs using 100% CPU
Optimizing NNI: done in 0.221406 secs using 100% CPU
Optimizing NNI: done in 0.227235 secs using 100% CPU
Optimizing NNI: done in 0.192999 secs using 100% CPU
Iteration 460 / LogL: -2162.031 / Time: 0h:4m:21s (0h:0m:49s left)
Optimizing NNI: done in 0.308161 secs using 98.81% CPU
Optimizing NNI: done in 0.168005 secs using 99.99% CPU
Optimizing NNI: done in 0.294708 secs using 99.99% CPU
Optimizing NNI: done in 0.235512 secs using 99.98% CPU
Optimizing NNI: done in 0.235818 secs using 99.99% CPU
Optimizing NNI: done in 0.267527 secs using 76.53% CPU
Optimizing NNI: done in 0.260486 secs using 100% CPU
Optimizing NNI: done in 0.243794 secs using 99.99% CPU
Optimizing NNI: done in 0.237327 secs using 99.99% CPU
Optimizing NNI: done in 0.227228 secs using 99.99% CPU
Iteration 470 / LogL: -2166.285 / Time: 0h:4m:24s (0h:0m:43s left)
Optimizing NNI: done in 0.279767 secs using 99.85% CPU
Optimizing NNI: done in 0.233654 secs using 99.95% CPU
Optimizing NNI: done in 0.186175 secs using 100% CPU
Optimizing NNI: done in 0.255215 secs using 99.99% CPU
Optimizing NNI: done in 0.204441 secs using 99.97% CPU
Optimizing NNI: done in 0.25222 secs using 99.99% CPU
Optimizing NNI: done in 0.202895 secs using 100% CPU
Optimizing NNI: done in 0.284125 secs using 99.98% CPU
Optimizing NNI: done in 0.238922 secs using 99.98% CPU
Optimizing NNI: done in 0.258162 secs using 100% CPU
Iteration 480 / LogL: -2156.873 / Time: 0h:4m:26s (0h:0m:37s left)
Optimizing NNI: done in 0.271658 secs using 99.99% CPU
BETTER TREE FOUND at iteration 481: -2156.648
Optimizing NNI: done in 0.201756 secs using 98.04% CPU
Optimizing NNI: done in 0.281484 secs using 99.99% CPU
Optimizing NNI: done in 0.393781 secs using 78.43% CPU
Optimizing NNI: done in 0.307081 secs using 84.37% CPU
Optimizing NNI: done in 0.245544 secs using 100% CPU
Optimizing NNI: done in 0.31043 secs using 99.94% CPU
Optimizing NNI: done in 0.289882 secs using 100% CPU
Optimizing NNI: done in 0.19848 secs using 100% CPU
Optimizing NNI: done in 0.242421 secs using 99.99% CPU
Iteration 490 / LogL: -2163.131 / Time: 0h:4m:29s (0h:0m:50s left)
Optimizing NNI: done in 0.262774 secs using 100% CPU
Optimizing NNI: done in 0.24197 secs using 100% CPU
Optimizing NNI: done in 0.288253 secs using 88.88% CPU
Optimizing NNI: done in 0.258427 secs using 99.92% CPU
Optimizing NNI: done in 0.254783 secs using 99.42% CPU
Optimizing NNI: done in 0.229536 secs using 99.7% CPU
Optimizing NNI: done in 0.184884 secs using 99.84% CPU
Optimizing NNI: done in 0.219016 secs using 98.12% CPU
Optimizing NNI: done in 0.367538 secs using 99.81% CPU
Optimizing NNI: done in 0.240115 secs using 99.91% CPU
Iteration 500 / LogL: -2156.926 / Time: 0h:4m:32s (0h:0m:44s left)
Optimizing NNI: done in 0.319551 secs using 99.93% CPU
Optimizing NNI: done in 0.256174 secs using 99.71% CPU
Optimizing NNI: done in 0.342321 secs using 99.53% CPU
Optimizing NNI: done in 0.288218 secs using 99.48% CPU
Optimizing NNI: done in 0.2566 secs using 99.31% CPU
Optimizing NNI: done in 0.429284 secs using 98.59% CPU
Optimizing NNI: done in 0.253939 secs using 99.56% CPU
Optimizing NNI: done in 0.104175 secs using 99.9% CPU
Optimizing NNI: done in 0.264276 secs using 99.75% CPU
Optimizing NNI: done in 0.219806 secs using 99.97% CPU
Iteration 510 / LogL: -2156.871 / Time: 0h:4m:34s (0h:0m:38s left)
Optimizing NNI: done in 0.258777 secs using 99.92% CPU
Optimizing NNI: done in 0.181361 secs using 99.69% CPU
Optimizing NNI: done in 0.291803 secs using 99.86% CPU
Optimizing NNI: done in 0.254151 secs using 99.96% CPU
Optimizing NNI: done in 0.244651 secs using 97.74% CPU
Optimizing NNI: done in 0.335092 secs using 95.01% CPU
Optimizing NNI: done in 0.440444 secs using 62.76% CPU
Optimizing NNI: done in 0.302106 secs using 99.99% CPU
Optimizing NNI: done in 0.295336 secs using 86.91% CPU
Optimizing NNI: done in 0.298129 secs using 81.47% CPU
Iteration 520 / LogL: -2163.684 / Time: 0h:4m:37s (0h:0m:32s left)
Optimizing NNI: done in 0.201659 secs using 100% CPU
Optimizing NNI: done in 0.395789 secs using 99.98% CPU
Optimizing NNI: done in 0.323459 secs using 90.02% CPU
Optimizing NNI: done in 0.344207 secs using 71.55% CPU
Optimizing NNI: done in 0.311601 secs using 70.17% CPU
Optimizing NNI: done in 0.353615 secs using 75.92% CPU
Optimizing NNI: done in 0.277829 secs using 100% CPU
Optimizing NNI: done in 0.321998 secs using 99.89% CPU
Optimizing NNI: done in 0.282801 secs using 82.95% CPU
Optimizing NNI: done in 0.379522 secs using 100% CPU
Iteration 530 / LogL: -2159.345 / Time: 0h:4m:41s (0h:0m:27s left)
Optimizing NNI: done in 0.202929 secs using 100% CPU
Optimizing NNI: done in 0.203311 secs using 99.99% CPU
Optimizing NNI: done in 0.217001 secs using 100% CPU
Optimizing NNI: done in 0.185257 secs using 100% CPU
Optimizing NNI: done in 0.304282 secs using 94.69% CPU
Optimizing NNI: done in 0.257311 secs using 100% CPU
Optimizing NNI: done in 0.3332 secs using 99.98% CPU
Optimizing NNI: done in 0.332617 secs using 100% CPU
Optimizing NNI: done in 0.261139 secs using 99.97% CPU
Optimizing NNI: done in 0.242876 secs using 98.4% CPU
Iteration 540 / LogL: -2156.649 / Time: 0h:4m:43s (0h:0m:21s left)
Optimizing NNI: done in 0.267327 secs using 93.99% CPU
Optimizing NNI: done in 0.245184 secs using 96.15% CPU
Optimizing NNI: done in 0.24857 secs using 99.99% CPU
Optimizing NNI: done in 0.265615 secs using 99.98% CPU
Optimizing NNI: done in 0.262443 secs using 89.55% CPU
Optimizing NNI: done in 0.389778 secs using 74.2% CPU
Optimizing NNI: done in 0.183535 secs using 99.99% CPU
Optimizing NNI: done in 0.252605 secs using 100% CPU
Optimizing NNI: done in 0.332432 secs using 100% CPU
Optimizing NNI: done in 0.323076 secs using 99.99% CPU
Iteration 550 / LogL: -2158.896 / Time: 0h:4m:46s (0h:0m:16s left)
Optimizing NNI: done in 0.23215 secs using 100% CPU
Optimizing NNI: done in 0.241165 secs using 93.36% CPU
Optimizing NNI: done in 0.333012 secs using 67.57% CPU
Optimizing NNI: done in 0.34202 secs using 83.27% CPU
Optimizing NNI: done in 0.215464 secs using 100% CPU
Optimizing NNI: done in 0.268366 secs using 99.99% CPU
Optimizing NNI: done in 0.288597 secs using 99.96% CPU
Optimizing NNI: done in 0.215354 secs using 100% CPU
Optimizing NNI: done in 0.324347 secs using 73.09% CPU
Optimizing NNI: done in 0.431175 secs using 72.16% CPU
Iteration 560 / LogL: -2186.796 / Time: 0h:4m:49s (0h:0m:10s left)
Optimizing NNI: done in 0.287607 secs using 99.98% CPU
Optimizing NNI: done in 0.307096 secs using 66.76% CPU
Optimizing NNI: done in 0.257246 secs using 99.99% CPU
Optimizing NNI: done in 0.241459 secs using 100% CPU
BETTER TREE FOUND at iteration 564: -2156.648
Optimizing NNI: done in 0.286049 secs using 100% CPU
Optimizing NNI: done in 0.211301 secs using 100% CPU
Optimizing NNI: done in 0.167168 secs using 100% CPU
Optimizing NNI: done in 0.339504 secs using 99.98% CPU
Optimizing NNI: done in 0.261817 secs using 100% CPU
Optimizing NNI: done in 0.264074 secs using 100% CPU
Iteration 570 / LogL: -2159.926 / Time: 0h:4m:52s (0h:0m:48s left)
Optimizing NNI: done in 0.298462 secs using 90.44% CPU
Optimizing NNI: done in 0.343076 secs using 77.77% CPU
Optimizing NNI: done in 0.344302 secs using 88.46% CPU
Optimizing NNI: done in 0.27824 secs using 86.87% CPU
Optimizing NNI: done in 0.373804 secs using 79.02% CPU
Optimizing NNI: done in 0.283331 secs using 99.09% CPU
Optimizing NNI: done in 0.283404 secs using 99.97% CPU
Optimizing NNI: done in 0.253594 secs using 100% CPU
Optimizing NNI: done in 0.288638 secs using 99.99% CPU
Optimizing NNI: done in 0.225274 secs using 98.83% CPU
Iteration 580 / LogL: -2156.867 / Time: 0h:4m:55s (0h:0m:42s left)
Optimizing NNI: done in 0.404529 secs using 64.66% CPU
Optimizing NNI: done in 0.388667 secs using 79.41% CPU
Optimizing NNI: done in 0.245198 secs using 100% CPU
Optimizing NNI: done in 0.28561 secs using 99.98% CPU
Optimizing NNI: done in 0.315752 secs using 100% CPU
Optimizing NNI: done in 0.247037 secs using 99.98% CPU
Optimizing NNI: done in 0.24602 secs using 88.68% CPU
Optimizing NNI: done in 0.351661 secs using 88.4% CPU
Optimizing NNI: done in 0.243042 secs using 100% CPU
Optimizing NNI: done in 0.259738 secs using 100% CPU
Iteration 590 / LogL: -2156.648 / Time: 0h:4m:58s (0h:0m:37s left)
Optimizing NNI: done in 0.204324 secs using 99.95% CPU
Optimizing NNI: done in 0.237819 secs using 100% CPU
Optimizing NNI: done in 0.268638 secs using 99.99% CPU
Optimizing NNI: done in 0.241992 secs using 99.99% CPU
Optimizing NNI: done in 0.271045 secs using 99.99% CPU
Optimizing NNI: done in 0.284931 secs using 99.99% CPU
Optimizing NNI: done in 0.172634 secs using 99.99% CPU
Optimizing NNI: done in 0.652877 secs using 61.39% CPU
Optimizing NNI: done in 0.286527 secs using 84.21% CPU
Optimizing NNI: done in 0.470262 secs using 100% CPU
Iteration 600 / LogL: -2159.932 / Time: 0h:5m:1s (0h:0m:32s left)
Optimizing NNI: done in 0.205279 secs using 100% CPU
Optimizing NNI: done in 0.292319 secs using 84.94% CPU
Optimizing NNI: done in 0.324781 secs using 71.74% CPU
Optimizing NNI: done in 0.314366 secs using 99.96% CPU
Optimizing NNI: done in 0.205989 secs using 99.97% CPU
Optimizing NNI: done in 0.241678 secs using 100% CPU
Optimizing NNI: done in 0.34661 secs using 100% CPU
Optimizing NNI: done in 0.26306 secs using 86.33% CPU
Optimizing NNI: done in 0.327538 secs using 85.2% CPU
Optimizing NNI: done in 0.184136 secs using 99.99% CPU
Iteration 610 / LogL: -2164.624 / Time: 0h:5m:4s (0h:0m:26s left)
Optimizing NNI: done in 0.255264 secs using 98.41% CPU
Optimizing NNI: done in 0.427111 secs using 70.39% CPU
Optimizing NNI: done in 0.419531 secs using 62.01% CPU
Optimizing NNI: done in 0.205877 secs using 100% CPU
Optimizing NNI: done in 0.27791 secs using 100% CPU
Optimizing NNI: done in 0.212514 secs using 92.47% CPU
Optimizing NNI: done in 0.455661 secs using 62.28% CPU
Optimizing NNI: done in 0.455838 secs using 53.42% CPU
Optimizing NNI: done in 0.344742 secs using 81.44% CPU
Optimizing NNI: done in 0.191028 secs using 91.63% CPU
Iteration 620 / LogL: -2157.002 / Time: 0h:5m:7s (0h:0m:21s left)
Optimizing NNI: done in 0.246308 secs using 100% CPU
Optimizing NNI: done in 0.294148 secs using 100% CPU
Optimizing NNI: done in 0.296035 secs using 100% CPU
Optimizing NNI: done in 0.243771 secs using 100% CPU
Optimizing NNI: done in 0.287463 secs using 98.76% CPU
Optimizing NNI: done in 0.203412 secs using 100% CPU
Optimizing NNI: done in 0.200578 secs using 100% CPU
Optimizing NNI: done in 0.340725 secs using 80.04% CPU
Optimizing NNI: done in 0.336491 secs using 75.04% CPU
Optimizing NNI: done in 0.559686 secs using 50.68% CPU
Iteration 630 / LogL: -2156.648 / Time: 0h:5m:10s (0h:0m:16s left)
Optimizing NNI: done in 0.264426 secs using 99.97% CPU
Optimizing NNI: done in 0.264783 secs using 99.99% CPU
Optimizing NNI: done in 0.303645 secs using 100% CPU
Optimizing NNI: done in 0.273773 secs using 99.99% CPU
Optimizing NNI: done in 0.313125 secs using 99.98% CPU
Optimizing NNI: done in 0.317112 secs using 98.74% CPU
Optimizing NNI: done in 0.181924 secs using 99.97% CPU
Optimizing NNI: done in 0.274629 secs using 100% CPU
Optimizing NNI: done in 0.259148 secs using 92.29% CPU
Optimizing NNI: done in 0.341556 secs using 71.89% CPU
Iteration 640 / LogL: -2162.240 / Time: 0h:5m:13s (0h:0m:11s left)
Optimizing NNI: done in 0.40285 secs using 76.14% CPU
Optimizing NNI: done in 0.470205 secs using 54.07% CPU
Optimizing NNI: done in 0.345065 secs using 81.44% CPU
Optimizing NNI: done in 0.255406 secs using 100% CPU
Optimizing NNI: done in 0.335216 secs using 93.95% CPU
Optimizing NNI: done in 0.364912 secs using 79.17% CPU
Optimizing NNI: done in 0.326088 secs using 84.29% CPU
Optimizing NNI: done in 0.278245 secs using 100% CPU
Optimizing NNI: done in 0.253872 secs using 100% CPU
Optimizing NNI: done in 0.404535 secs using 99.97% CPU
Iteration 650 / LogL: -2156.825 / Time: 0h:5m:17s (0h:0m:6s left)
Optimizing NNI: done in 0.437454 secs using 79.14% CPU
Optimizing NNI: done in 0.252744 secs using 100% CPU
Optimizing NNI: done in 0.258565 secs using 96.9% CPU
Optimizing NNI: done in 0.521985 secs using 56.34% CPU
Optimizing NNI: done in 0.65002 secs using 50.16% CPU
Optimizing NNI: done in 0.443428 secs using 50.37% CPU
Optimizing NNI: done in 0.214202 secs using 92.53% CPU
Optimizing NNI: done in 0.254157 secs using 98.4% CPU
Optimizing NNI: done in 0.303658 secs using 99.99% CPU
Optimizing NNI: done in 0.228266 secs using 99.99% CPU
Iteration 660 / LogL: -2159.174 / Time: 0h:5m:20s (0h:0m:1s left)
Optimizing NNI: done in 0.248579 secs using 99.99% CPU
Optimizing NNI: done in 0.27654 secs using 99.77% CPU
Optimizing NNI: done in 0.219569 secs using 99.98% CPU
Optimizing NNI: done in 0.316968 secs using 99.99% CPU
Optimizing NNI: done in 0.371161 secs using 79.52% CPU
TREE SEARCH COMPLETED AFTER 665 ITERATIONS / Time: 0h:5m:22s

--------------------------------------------------------------------
|                    FINALIZING TREE SEARCH                        |
--------------------------------------------------------------------
Performs final model parameters optimization
Estimate model parameters (epsilon = 0.010)
1. Initial log-likelihood: -2156.648
Optimal log-likelihood: -2156.640
Rate parameters:  A-C: 2.16069  A-G: 3.43262  A-T: 1.21866  C-G: 1.51075  C-T: 6.10332  G-T: 1.00000
Base frequencies:  A: 0.252  C: 0.194  G: 0.284  T: 0.270
Site proportion and rates:  (0.503,0.087) (0.005,0.181) (0.385,1.452) (0.107,3.699)
Parameters optimization took 1 rounds (0.097 sec)
BEST SCORE FOUND : -2156.640
Total tree length: 2.101

Total number of iterations: 665
CPU time used for tree search: 178.768 sec (0h:2m:58s)
Wall-clock time used for tree search: 207.311 sec (0h:3m:27s)
Total CPU time used: 322.974 sec (0h:5m:22s)
Total wall-clock time used: 322.361 sec (0h:5m:22s)

Analysis results written to: 
  IQ-TREE report:                4G17370_iqtree_preliminary_superstrict_excluding_hybrids.iqtree
  Maximum-likelihood tree:       4G17370_iqtree_preliminary_superstrict_excluding_hybrids.treefile
  Likelihood distances:          4G17370_iqtree_preliminary_superstrict_excluding_hybrids.mldist
  Screen log file:               4G17370_iqtree_preliminary_superstrict_excluding_hybrids.log

ALISIM COMMAND
--------------
--alisim simulated_MSA -t 4G17370_iqtree_preliminary_superstrict_excluding_hybrids.treefile -m "GTR{2.16069,3.43262,1.21866,1.51075,6.10332}+F{0.251764,0.194239,0.284363,0.269634}+R4{0.503057,0.0872385,0.0046079,0.18147,0.385344,1.45213,0.106991,3.69852}" --length 177

Date and Time: Fri Jun  2 08:03:33 2023
