IQ-TREE multicore version 2.2.2 COVID-edition for Linux 64-bit built Sep 20 2022
Developed by Bui Quang Minh, James Barbetti, Nguyen Lam Tung,
Olga Chernomor, Heiko Schmidt, Dominik Schrempf, Michael Woodhams, Ly Trong Nhan.

Host:    netdc-bms-c11f (AVX2, FMA3, 377 GB RAM)
Command: /home/kasper.hendriks/iqtree-2.2.2-Linux/bin/iqtree2 -s 4G20850_taper_preliminary_superstrict_excluding_hybrids.fasta -nm 1000 -m GTR+F+R -nt AUTO --prefix 4G20850_iqtree_preliminary_superstrict_excluding_hybrids
Seed:    165284 (Using SPRNG - Scalable Parallel Random Number Generator)
Time:    Fri Jun  2 07:58:32 2023
Kernel:  AVX+FMA - auto-detect threads (56 CPU cores detected)

Reading alignment file 4G20850_taper_preliminary_superstrict_excluding_hybrids.fasta ... Fasta format detected
Reading fasta file: done in 0.00152111 secs
Alignment most likely contains DNA/RNA sequences
Constructing alignment: done in 0.003371 secs using 1124% CPU
Alignment has 127 sequences with 460 columns, 344 distinct patterns
169 parsimony-informative, 82 singleton sites, 209 constant sites
               Gap/Ambiguity  Composition  p-value
Analyzing sequences: done in 0.0133891 secs using 1473% CPU
   1  PAFTOL_019361   61.09%    passed     89.66%
   2  S0055            0.00%    passed     97.11%
   3  S0196sl         39.35%    passed     95.28%
   4  S0278            0.00%    passed     98.13%
   5  S0281           31.52%    passed     90.70%
   6  S0282            0.00%    passed     92.26%
   7  S0288            1.74%    passed     99.87%
   8  S0289            0.65%    passed     99.02%
   9  S0292            0.00%    passed     99.66%
  10  S0293           45.43%    passed     87.71%
  11  S0299            0.00%    passed     94.01%
  12  S0303            2.17%    passed     90.92%
  13  S0308            0.87%    passed     81.50%
  14  S0320            5.22%    passed     80.80%
  15  S0322           14.35%    passed     55.27%
  16  S0327            3.91%    passed     97.81%
  17  S0335            0.00%    passed     99.54%
  18  S0345           67.39%    passed     72.13%
  19  S0355            1.09%    passed     92.32%
  20  S0376           17.17%    passed     98.12%
  21  S0400            0.00%    passed     92.26%
  22  S0405            0.22%    passed     87.27%
  23  S0407sl         39.57%    passed     50.79%
  24  S0412sl         31.96%    passed     83.73%
  25  S0417            0.43%    passed     97.41%
  26  S0427            0.00%    passed     99.75%
  27  S0430            0.87%    passed     99.01%
  28  S0478           31.52%    passed     83.08%
  29  S0552sl          0.22%    passed     99.07%
  30  S0558            0.22%    passed     94.38%
  31  S0616            2.61%    passed     99.95%
  32  S0624            0.43%    passed     97.56%
  33  S0641            0.43%    passed     97.37%
  34  S0643           24.57%    passed     81.16%
  35  S0645sl          0.65%    passed     95.95%
  36  S0656sl          2.17%    passed     78.19%
  37  S0673            0.00%    passed     87.46%
  38  S0689            1.74%    passed     96.03%
  39  S0690            1.52%    passed     80.29%
  40  S0720           68.48%    passed     85.38%
  41  S0724sl          3.48%    passed     88.33%
  42  S0735            0.00%    passed     95.26%
  43  S0742            0.00%    passed     95.12%
  44  S0748            0.65%    passed     99.63%
  45  S0756            0.65%    passed     85.64%
  46  S0763            0.22%    passed     93.85%
  47  S0765            0.22%    passed     99.52%
  48  S0770            0.00%    passed     99.63%
  49  S0771            0.00%    passed     95.03%
  50  S0795            1.74%    passed     95.05%
  51  S0827            1.74%    passed     86.83%
  52  S0888            0.43%    passed     92.44%
  53  S0894            0.00%    passed     97.26%
  54  S0899            0.00%    passed     83.56%
  55  S0906            0.00%    passed     99.69%
  56  S0951           31.52%    passed     78.05%
  57  S0952            2.17%    passed     97.03%
  58  S0959            0.00%    passed     98.23%
  59  S0960            0.00%    passed     97.53%
  60  S0964            0.00%    passed     99.05%
  61  S1052sl         68.48%    passed     43.17%
  62  S1083            0.00%    passed     94.95%
  63  S1100            0.00%    passed     94.29%
  64  S1102           11.74%    passed     61.29%
  65  S1110            4.78%    passed     86.32%
  66  S1120            0.43%    passed     96.69%
  67  S1128            0.22%    passed     90.72%
  68  S1129sl          0.22%    passed     96.38%
  69  S1148            1.09%    passed     96.52%
  70  S1177           31.52%    passed     90.56%
  71  S1180            0.22%    passed     96.63%
  72  S1189            0.00%    passed     96.71%
  73  S1201sl          0.00%    passed     95.79%
  74  S1210            0.00%    passed     83.44%
  75  S1211            0.00%    passed     98.12%
  76  S1214sl          0.00%    passed     96.39%
  77  S1223            0.22%    passed     99.00%
  78  S1227            0.00%    passed     96.77%
  79  S1235sl          0.00%    passed     94.18%
  80  S1238sl          0.22%    passed     98.25%
  81  S1239            1.52%    passed     97.70%
  82  S1245            0.00%    passed     97.83%
  83  S1246            0.00%    passed     97.26%
  84  S1249            7.83%    passed     69.69%
  85  S1250sl          2.61%    passed     65.35%
  86  S1251            0.43%    passed     98.65%
  87  S1260            0.00%    passed     98.53%
  88  S1266sl          6.30%    passed     86.12%
  89  S1269            1.96%    passed     91.33%
  90  S1278            0.00%    passed     94.08%
  91  S1315            0.00%    passed     86.02%
  92  S1332            0.00%    passed     93.90%
  93  S1366            0.22%    passed     99.26%
  94  S1369            3.91%    passed     95.20%
  95  S1370            1.09%    passed     99.42%
  96  S1375            0.00%    passed     99.98%
  97  S1376            0.00%    passed     99.82%
  98  S1381            0.22%    passed     96.72%
  99  S1405            0.00%    passed     98.45%
 100  S1422            0.00%    passed     95.56%
 101  S1449            1.09%    passed     99.39%
 102  S1451            1.52%    passed     94.75%
 103  S1460            0.22%    passed     97.30%
 104  S1462            0.00%    passed     99.42%
 105  S1475           69.57%    passed     87.09%
 106  S1498            0.00%    passed     96.25%
 107  S1539            1.96%    passed     88.96%
 108  S_670            0.22%    passed     93.85%
 109  SRR11470320     31.52%    passed     83.01%
 110  SRR8528336       1.96%    passed     99.25%
 111  SRR8528341       0.22%    passed     99.96%
 112  SRR8528343       0.22%    passed     90.03%
 113  SRR8528347       0.00%    passed     91.84%
 114  SRR8528350       0.00%    passed     96.56%
 115  SRR8528354       1.30%    passed     71.79%
 116  SRR8528357       0.00%    passed     99.91%
 117  SRR8528359       0.00%    passed     97.47%
 118  SRR8528361       0.65%    passed     99.96%
 119  SRR8528365       0.00%    passed     99.15%
 120  SRR8528370       0.00%    passed     98.99%
 121  SRR8528372       0.22%    passed     93.47%
 122  SRR8528379       0.00%    passed     99.27%
 123  SRR8528381       3.48%    passed     79.28%
 124  SRR8528384       0.00%    passed     94.47%
 125  SRR8528389       0.22%    passed     99.83%
 126  SRR8528391       0.22%    passed     99.97%
 127  SRR8528400       0.43%    passed     99.77%
WARNING: 5 sequences contain more than 50% gaps/ambiguity
****  TOTAL            6.32%  0 sequences failed composition chi2 test (p-value<5%; df=3)
NOTE: S1246 is identical to S0894 but kept for subsequent analysis
Checking for duplicate sequences: done in 0.00753903 secs using 1191% CPU

Create initial parsimony tree by phylogenetic likelihood library (PLL)... 0.057 seconds

NOTE: 5 MB RAM (0 GB) is required!
Measuring multi-threading efficiency up to 56 CPU cores
Increase to 10 rounds for branch lengths
292 trees examined
Threads: 1 / Time: 56.138 sec / Speedup: 1.000 / Efficiency: 100% / LogL: -9443
Threads: 2 / Time: 99.229 sec / Speedup: 0.566 / Efficiency: 28% / LogL: -9443
Determining AUTO threadcount: done in 155.369 secs using 114.1% CPU
BEST NUMBER OF THREADS: 1

Estimate model parameters (epsilon = 0.100)
1. Initial log-likelihood: -5801.829
2. Current log-likelihood: -5607.993
3. Current log-likelihood: -5606.566
4. Current log-likelihood: -5605.780
5. Current log-likelihood: -5605.207
6. Current log-likelihood: -5604.788
7. Current log-likelihood: -5604.483
8. Current log-likelihood: -5604.266
9. Current log-likelihood: -5604.113
10. Current log-likelihood: -5604.005
Optimal log-likelihood: -5603.926
Rate parameters:  A-C: 1.16022  A-G: 3.77641  A-T: 1.04121  C-G: 1.60842  C-T: 3.28347  G-T: 1.00000
Base frequencies:  A: 0.242  C: 0.230  G: 0.217  T: 0.311
Site proportion and rates:  (0.455,0.146) (0.162,0.328) (0.257,1.539) (0.126,3.844)
Parameters optimization took 10 rounds (2.727 sec)
Wrote distance file to... 
Computing ML distances based on estimated model parameters...
Calculating distance matrix: done in 0.266919 secs using 64.03% CPU
Computing ML distances took 0.267508 sec (of wall-clock time) 0.171506 sec (of CPU time)
Setting up auxiliary I and S matrices: done in 0.00106883 secs using 262.2% CPU
Constructing RapidNJ tree: done in 0.00208902 secs using 97.56% CPU
Computing RapidNJ tree took 0.003312 sec (of wall-clock time) 0.004993 sec (of CPU time)
Log-likelihood of RapidNJ tree: -5678.316
--------------------------------------------------------------------
|             INITIALIZING CANDIDATE TREE SET                      |
--------------------------------------------------------------------
Generating 98 parsimony trees... 2.066 second
Computing log-likelihood of 98 initial trees ... 2.449 seconds
Current best score: -5579.181

Do NNI search on 20 best initial trees
Optimizing NNI: done in 0.505536 secs using 89.19% CPU
Estimate model parameters (epsilon = 0.100)
BETTER TREE FOUND at iteration 1: -5571.035
Optimizing NNI: done in 0.322797 secs using 100% CPU
Optimizing NNI: done in 0.34367 secs using 100% CPU
Optimizing NNI: done in 0.533457 secs using 83.04% CPU
Optimizing NNI: done in 0.32877 secs using 99.96% CPU
Optimizing NNI: done in 0.393242 secs using 99.99% CPU
Optimizing NNI: done in 0.334693 secs using 99.42% CPU
Optimizing NNI: done in 0.462324 secs using 89.25% CPU
Optimizing NNI: done in 0.471587 secs using 95.32% CPU
Optimizing NNI: done in 0.392704 secs using 99.93% CPU
Iteration 10 / LogL: -5574.512 / Time: 0h:2m:48s
Optimizing NNI: done in 0.308641 secs using 99.81% CPU
Optimizing NNI: done in 0.432456 secs using 93.15% CPU
Optimizing NNI: done in 0.418531 secs using 89.35% CPU
Optimizing NNI: done in 0.340605 secs using 100% CPU
Optimizing NNI: done in 0.427349 secs using 100% CPU
Optimizing NNI: done in 0.621104 secs using 62.08% CPU
Optimizing NNI: done in 0.501912 secs using 96.99% CPU
Optimizing NNI: done in 0.388141 secs using 100% CPU
Optimizing NNI: done in 0.32141 secs using 99.98% CPU
Optimizing NNI: done in 0.504408 secs using 63.71% CPU
Iteration 20 / LogL: -5583.821 / Time: 0h:2m:52s
Finish initializing candidate tree set (20)
Current best tree score: -5571.035 / CPU time: 13.461
Number of iterations: 20
--------------------------------------------------------------------
|               OPTIMIZING CANDIDATE TREE SET                      |
--------------------------------------------------------------------
Optimizing NNI: done in 0.623872 secs using 96.8% CPU
Optimizing NNI: done in 0.533577 secs using 99.99% CPU
Optimizing NNI: done in 0.864347 secs using 62.74% CPU
Optimizing NNI: done in 0.560067 secs using 78.27% CPU
Optimizing NNI: done in 0.56826 secs using 83.79% CPU
Optimizing NNI: done in 0.553474 secs using 100% CPU
Optimizing NNI: done in 0.730822 secs using 83.84% CPU
Optimizing NNI: done in 0.752213 secs using 75.88% CPU
Estimate model parameters (epsilon = 0.100)
BETTER TREE FOUND at iteration 28: -5570.303
Optimizing NNI: done in 0.492508 secs using 93.45% CPU
Estimate model parameters (epsilon = 0.100)
BETTER TREE FOUND at iteration 29: -5570.222
Optimizing NNI: done in 0.632172 secs using 75.8% CPU
Iteration 30 / LogL: -5579.759 / Time: 0h:2m:59s (0h:10m:12s left)
Optimizing NNI: done in 0.571705 secs using 85.29% CPU
Optimizing NNI: done in 0.557993 secs using 100% CPU
Optimizing NNI: done in 0.602368 secs using 100% CPU
Optimizing NNI: done in 0.704075 secs using 100% CPU
Optimizing NNI: done in 0.466508 secs using 100% CPU
Optimizing NNI: done in 0.512223 secs using 100% CPU
Optimizing NNI: done in 0.786979 secs using 75.6% CPU
Optimizing NNI: done in 0.537935 secs using 100% CPU
Optimizing NNI: done in 0.64605 secs using 85.76% CPU
Optimizing NNI: done in 0.622903 secs using 97.42% CPU
Estimate model parameters (epsilon = 0.100)
BETTER TREE FOUND at iteration 40: -5569.900
Iteration 40 / LogL: -5569.900 / Time: 0h:3m:6s (0h:7m:56s left)
Optimizing NNI: done in 0.564525 secs using 99.99% CPU
Optimizing NNI: done in 0.576363 secs using 100% CPU
Optimizing NNI: done in 0.52004 secs using 99.99% CPU
Optimizing NNI: done in 0.471728 secs using 100% CPU
Optimizing NNI: done in 0.482697 secs using 99.93% CPU
Optimizing NNI: done in 0.542102 secs using 99.83% CPU
Optimizing NNI: done in 0.885453 secs using 76.29% CPU
Optimizing NNI: done in 0.871454 secs using 67.59% CPU
Optimizing NNI: done in 0.681719 secs using 82.81% CPU
Optimizing NNI: done in 0.670984 secs using 67.58% CPU
Iteration 50 / LogL: -5573.393 / Time: 0h:3m:12s (0h:5m:53s left)
Optimizing NNI: done in 0.734674 secs using 72.17% CPU
Optimizing NNI: done in 0.691317 secs using 69.57% CPU
Optimizing NNI: done in 1.05174 secs using 56.59% CPU
Optimizing NNI: done in 0.661819 secs using 78.86% CPU
Optimizing NNI: done in 0.415297 secs using 100% CPU
Optimizing NNI: done in 0.651148 secs using 99.99% CPU
Optimizing NNI: done in 0.666607 secs using 99.66% CPU
Estimate model parameters (epsilon = 0.100)
BETTER TREE FOUND at iteration 57: -5569.494
Optimizing NNI: done in 0.526519 secs using 99.98% CPU
Optimizing NNI: done in 0.507113 secs using 100% CPU
Optimizing NNI: done in 0.680751 secs using 80.69% CPU
Iteration 60 / LogL: -5569.653 / Time: 0h:3m:19s (0h:5m:27s left)
Optimizing NNI: done in 0.475848 secs using 100% CPU
Optimizing NNI: done in 0.532908 secs using 99.93% CPU
Optimizing NNI: done in 0.685688 secs using 83.05% CPU
Optimizing NNI: done in 0.90507 secs using 73.52% CPU
Optimizing NNI: done in 0.620219 secs using 94.78% CPU
Optimizing NNI: done in 0.634063 secs using 99.97% CPU
Optimizing NNI: done in 0.59519 secs using 89.2% CPU
Optimizing NNI: done in 0.725049 secs using 74.55% CPU
Optimizing NNI: done in 0.488292 secs using 99.84% CPU
Optimizing NNI: done in 0.501017 secs using 100% CPU
Iteration 70 / LogL: -5574.677 / Time: 0h:3m:25s (0h:4m:19s left)
Optimizing NNI: done in 0.359558 secs using 100% CPU
Optimizing NNI: done in 0.646325 secs using 99.99% CPU
Optimizing NNI: done in 0.543875 secs using 100% CPU
Optimizing NNI: done in 0.458706 secs using 100% CPU
Optimizing NNI: done in 0.608732 secs using 100% CPU
Optimizing NNI: done in 0.575011 secs using 99.99% CPU
Optimizing NNI: done in 0.47064 secs using 100% CPU
Optimizing NNI: done in 0.779537 secs using 64.14% CPU
Optimizing NNI: done in 0.791857 secs using 75.94% CPU
Optimizing NNI: done in 0.67705 secs using 90.54% CPU
Iteration 80 / LogL: -5575.501 / Time: 0h:3m:31s (0h:3m:26s left)
Optimizing NNI: done in 0.650539 secs using 80.31% CPU
Optimizing NNI: done in 0.818002 secs using 75.88% CPU
Optimizing NNI: done in 0.642401 secs using 81.31% CPU
Optimizing NNI: done in 0.635985 secs using 70.96% CPU
Optimizing NNI: done in 0.553121 secs using 88.02% CPU
Optimizing NNI: done in 0.722648 secs using 74.2% CPU
Optimizing NNI: done in 0.622628 secs using 99.34% CPU
Optimizing NNI: done in 0.433606 secs using 99.98% CPU
Optimizing NNI: done in 0.781037 secs using 79.5% CPU
Optimizing NNI: done in 0.663415 secs using 67.28% CPU
Iteration 90 / LogL: -5573.380 / Time: 0h:3m:38s (0h:2m:44s left)
Optimizing NNI: done in 0.795502 secs using 99.92% CPU
Optimizing NNI: done in 0.559977 secs using 99.97% CPU
Optimizing NNI: done in 0.644544 secs using 99.96% CPU
Optimizing NNI: done in 0.594122 secs using 79.85% CPU
Optimizing NNI: done in 0.64151 secs using 91.91% CPU
Optimizing NNI: done in 0.691661 secs using 77.25% CPU
Optimizing NNI: done in 0.735682 secs using 78.59% CPU
Optimizing NNI: done in 0.433832 secs using 96.31% CPU
Optimizing NNI: done in 0.692597 secs using 100% CPU
Optimizing NNI: done in 0.640003 secs using 93.31% CPU
Estimate model parameters (epsilon = 0.100)
BETTER TREE FOUND at iteration 100: -5569.255
Iteration 100 / LogL: -5569.255 / Time: 0h:3m:45s (0h:3m:47s left)
Optimizing NNI: done in 0.635557 secs using 99.99% CPU
Optimizing NNI: done in 0.725291 secs using 77.99% CPU
Optimizing NNI: done in 0.629515 secs using 71.85% CPU
Optimizing NNI: done in 0.802883 secs using 81.2% CPU
Optimizing NNI: done in 0.654322 secs using 97.55% CPU
Optimizing NNI: done in 0.655549 secs using 97.55% CPU
Optimizing NNI: done in 0.579429 secs using 100% CPU
Optimizing NNI: done in 0.69205 secs using 97.51% CPU
Optimizing NNI: done in 0.716696 secs using 99.55% CPU
Optimizing NNI: done in 0.517888 secs using 99.99% CPU
Iteration 110 / LogL: -5572.096 / Time: 0h:3m:51s (0h:3m:11s left)
Optimizing NNI: done in 0.5388 secs using 100% CPU
Optimizing NNI: done in 0.534738 secs using 100% CPU
Optimizing NNI: done in 0.751141 secs using 72.67% CPU
Optimizing NNI: done in 0.808396 secs using 83.42% CPU
Optimizing NNI: done in 0.543521 secs using 100% CPU
Optimizing NNI: done in 0.539698 secs using 99.69% CPU
Optimizing NNI: done in 0.820558 secs using 64.95% CPU
Optimizing NNI: done in 0.517667 secs using 78.36% CPU
Optimizing NNI: done in 0.473688 secs using 99.99% CPU
Optimizing NNI: done in 0.592746 secs using 89.97% CPU
Iteration 120 / LogL: -5572.132 / Time: 0h:3m:58s (0h:2m:40s left)
Optimizing NNI: done in 0.538609 secs using 82.08% CPU
Optimizing NNI: done in 0.44822 secs using 99.79% CPU
Optimizing NNI: done in 0.490171 secs using 99.84% CPU
Optimizing NNI: done in 0.679068 secs using 80.26% CPU
Optimizing NNI: done in 0.565967 secs using 99.92% CPU
Optimizing NNI: done in 0.650745 secs using 80.18% CPU
Optimizing NNI: done in 0.409066 secs using 100% CPU
Optimizing NNI: done in 0.529188 secs using 100% CPU
Optimizing NNI: done in 0.525377 secs using 100% CPU
Optimizing NNI: done in 0.513191 secs using 100% CPU
Iteration 130 / LogL: -5578.733 / Time: 0h:4m:3s (0h:2m:12s left)
Optimizing NNI: done in 0.582664 secs using 76.9% CPU
Optimizing NNI: done in 0.54221 secs using 90.41% CPU
Optimizing NNI: done in 0.626511 secs using 90.99% CPU
Optimizing NNI: done in 0.585641 secs using 85.46% CPU
Optimizing NNI: done in 0.505407 secs using 95.71% CPU
Optimizing NNI: done in 0.618153 secs using 90.49% CPU
Optimizing NNI: done in 0.801427 secs using 100% CPU
Optimizing NNI: done in 0.596712 secs using 100% CPU
Optimizing NNI: done in 0.614703 secs using 94.79% CPU
Optimizing NNI: done in 0.550721 secs using 88.18% CPU
Iteration 140 / LogL: -5570.201 / Time: 0h:4m:9s (0h:1m:47s left)
Optimizing NNI: done in 0.606474 secs using 100% CPU
Optimizing NNI: done in 0.52733 secs using 100% CPU
Optimizing NNI: done in 0.563027 secs using 99.99% CPU
Optimizing NNI: done in 0.580452 secs using 99.99% CPU
Optimizing NNI: done in 0.419663 secs using 99.98% CPU
Optimizing NNI: done in 0.597519 secs using 99.41% CPU
Optimizing NNI: done in 0.668362 secs using 85.75% CPU
Estimate model parameters (epsilon = 0.100)
BETTER TREE FOUND at iteration 147: -5569.167
Optimizing NNI: done in 0.658074 secs using 82.22% CPU
Optimizing NNI: done in 0.616539 secs using 84.33% CPU
Optimizing NNI: done in 0.716303 secs using 81.59% CPU
Iteration 150 / LogL: -5574.099 / Time: 0h:4m:16s (0h:2m:46s left)
Optimizing NNI: done in 0.623167 secs using 89.72% CPU
Optimizing NNI: done in 0.917449 secs using 85.81% CPU
Optimizing NNI: done in 0.702659 secs using 84.46% CPU
Optimizing NNI: done in 0.509879 secs using 99.4% CPU
Optimizing NNI: done in 0.625138 secs using 84.96% CPU
Optimizing NNI: done in 0.489454 secs using 93.45% CPU
Optimizing NNI: done in 0.632283 secs using 85.96% CPU
Optimizing NNI: done in 0.790796 secs using 71.83% CPU
Optimizing NNI: done in 0.95276 secs using 69.28% CPU
Optimizing NNI: done in 0.702882 secs using 81.38% CPU
Iteration 160 / LogL: -5570.049 / Time: 0h:4m:23s (0h:2m:23s left)
Optimizing NNI: done in 0.5498 secs using 100% CPU
Optimizing NNI: done in 0.675538 secs using 84.69% CPU
BETTER TREE FOUND at iteration 162: -5569.166
Optimizing NNI: done in 0.390248 secs using 100% CPU
Optimizing NNI: done in 0.427066 secs using 99.99% CPU
Optimizing NNI: done in 0.637244 secs using 85.64% CPU
Optimizing NNI: done in 0.780218 secs using 72.67% CPU
Optimizing NNI: done in 0.759974 secs using 67.56% CPU
Optimizing NNI: done in 0.613469 secs using 99.4% CPU
Optimizing NNI: done in 0.549181 secs using 99.59% CPU
Optimizing NNI: done in 0.828021 secs using 84.44% CPU
Iteration 170 / LogL: -5571.287 / Time: 0h:4m:29s (0h:2m:26s left)
Optimizing NNI: done in 0.405416 secs using 100% CPU
Optimizing NNI: done in 0.43444 secs using 99.98% CPU
Optimizing NNI: done in 0.481886 secs using 100% CPU
Optimizing NNI: done in 0.392516 secs using 100% CPU
Optimizing NNI: done in 0.542378 secs using 100% CPU
Optimizing NNI: done in 0.919515 secs using 62.69% CPU
Optimizing NNI: done in 0.892513 secs using 67.44% CPU
Optimizing NNI: done in 0.501785 secs using 100% CPU
Optimizing NNI: done in 0.700877 secs using 78.45% CPU
Optimizing NNI: done in 0.470847 secs using 100% CPU
Iteration 180 / LogL: -5571.986 / Time: 0h:4m:35s (0h:2m:6s left)
Optimizing NNI: done in 0.524948 secs using 100% CPU
BETTER TREE FOUND at iteration 181: -5569.166
Optimizing NNI: done in 0.610295 secs using 90.77% CPU
Optimizing NNI: done in 0.559924 secs using 87.16% CPU
Optimizing NNI: done in 0.583698 secs using 94.47% CPU
Optimizing NNI: done in 0.492747 secs using 100% CPU
Optimizing NNI: done in 0.494716 secs using 100% CPU
Optimizing NNI: done in 0.430964 secs using 99.97% CPU
Optimizing NNI: done in 0.54846 secs using 97.82% CPU
Optimizing NNI: done in 0.635778 secs using 88.64% CPU
Optimizing NNI: done in 0.715311 secs using 95.37% CPU
Iteration 190 / LogL: -5573.340 / Time: 0h:4m:41s (0h:2m:15s left)
Optimizing NNI: done in 0.59327 secs using 99.98% CPU
Optimizing NNI: done in 0.646819 secs using 86.65% CPU
Optimizing NNI: done in 0.492328 secs using 99.97% CPU
Optimizing NNI: done in 0.560515 secs using 100% CPU
Optimizing NNI: done in 0.775523 secs using 71.39% CPU
Optimizing NNI: done in 0.610245 secs using 87.99% CPU
Optimizing NNI: done in 0.546196 secs using 99.92% CPU
Optimizing NNI: done in 0.377636 secs using 96.1% CPU
Optimizing NNI: done in 0.527556 secs using 99.92% CPU
Optimizing NNI: done in 0.545469 secs using 96.89% CPU
Iteration 200 / LogL: -5569.578 / Time: 0h:4m:46s (0h:1m:56s left)
Optimizing NNI: done in 0.684098 secs using 90.5% CPU
Optimizing NNI: done in 0.829508 secs using 69.58% CPU
Optimizing NNI: done in 0.609991 secs using 100% CPU
Optimizing NNI: done in 0.497298 secs using 100% CPU
Optimizing NNI: done in 0.594595 secs using 99.99% CPU
Optimizing NNI: done in 0.535604 secs using 100% CPU
Optimizing NNI: done in 0.587007 secs using 93.94% CPU
Optimizing NNI: done in 0.933254 secs using 56.86% CPU
Optimizing NNI: done in 0.879611 secs using 59.07% CPU
Optimizing NNI: done in 0.558504 secs using 91.41% CPU
Iteration 210 / LogL: -5572.945 / Time: 0h:4m:53s (0h:1m:39s left)
Optimizing NNI: done in 0.637629 secs using 99.55% CPU
Optimizing NNI: done in 0.510582 secs using 92.15% CPU
Optimizing NNI: done in 0.423215 secs using 96.22% CPU
Optimizing NNI: done in 0.503836 secs using 87.01% CPU
BETTER TREE FOUND at iteration 214: -5569.166
Optimizing NNI: done in 0.647092 secs using 90.08% CPU
Optimizing NNI: done in 0.570895 secs using 99.94% CPU
Optimizing NNI: done in 0.594988 secs using 99.94% CPU
Optimizing NNI: done in 0.527143 secs using 96.93% CPU
Optimizing NNI: done in 0.417825 secs using 99.96% CPU
Optimizing NNI: done in 0.715378 secs using 97.7% CPU
Iteration 220 / LogL: -5570.055 / Time: 0h:4m:59s (0h:2m:8s left)
Optimizing NNI: done in 0.542953 secs using 97.33% CPU
Optimizing NNI: done in 0.472721 secs using 99.88% CPU
Optimizing NNI: done in 0.588613 secs using 100% CPU
Optimizing NNI: done in 0.556241 secs using 100% CPU
Optimizing NNI: done in 0.463235 secs using 99.99% CPU
Optimizing NNI: done in 0.599053 secs using 99.99% CPU
Optimizing NNI: done in 0.630047 secs using 100% CPU
Optimizing NNI: done in 0.67735 secs using 79.94% CPU
Optimizing NNI: done in 0.486769 secs using 99.92% CPU
Optimizing NNI: done in 0.537541 secs using 100% CPU
Iteration 230 / LogL: -5569.167 / Time: 0h:5m:5s (0h:1m:51s left)
Optimizing NNI: done in 0.655979 secs using 99.52% CPU
Optimizing NNI: done in 0.545269 secs using 100% CPU
Optimizing NNI: done in 0.599078 secs using 84.9% CPU
Optimizing NNI: done in 0.72121 secs using 75.85% CPU
Optimizing NNI: done in 0.547083 secs using 99.98% CPU
Optimizing NNI: done in 0.636655 secs using 80.32% CPU
Optimizing NNI: done in 0.850175 secs using 61.78% CPU
Optimizing NNI: done in 0.945379 secs using 71.81% CPU
Optimizing NNI: done in 0.797272 secs using 64.88% CPU
Optimizing NNI: done in 0.699285 secs using 74.28% CPU
Iteration 240 / LogL: -5602.300 / Time: 0h:5m:12s (0h:1m:36s left)
Optimizing NNI: done in 0.496866 secs using 99.62% CPU
Optimizing NNI: done in 0.550581 secs using 99.86% CPU
Optimizing NNI: done in 0.539707 secs using 99.99% CPU
Optimizing NNI: done in 0.467224 secs using 99.49% CPU
BETTER TREE FOUND at iteration 244: -5569.165
Optimizing NNI: done in 0.895621 secs using 74.26% CPU
Optimizing NNI: done in 0.696128 secs using 79.9% CPU
Optimizing NNI: done in 0.540288 secs using 99.99% CPU
Optimizing NNI: done in 0.598275 secs using 99.99% CPU
Optimizing NNI: done in 0.546462 secs using 97.77% CPU
Optimizing NNI: done in 0.564983 secs using 99.96% CPU
Iteration 250 / LogL: -5569.358 / Time: 0h:5m:18s (0h:2m:0s left)
Optimizing NNI: done in 0.40509 secs using 99.97% CPU
Optimizing NNI: done in 0.492938 secs using 99.17% CPU
Optimizing NNI: done in 0.541907 secs using 99.86% CPU
Optimizing NNI: done in 0.610355 secs using 99.64% CPU
Optimizing NNI: done in 0.454201 secs using 100% CPU
Optimizing NNI: done in 0.640097 secs using 92.14% CPU
Optimizing NNI: done in 0.512772 secs using 100% CPU
Optimizing NNI: done in 0.542784 secs using 99.99% CPU
Optimizing NNI: done in 0.542424 secs using 99.99% CPU
Optimizing NNI: done in 0.534126 secs using 99.48% CPU
Iteration 260 / LogL: -5614.439 / Time: 0h:5m:23s (0h:1m:44s left)
Optimizing NNI: done in 0.555947 secs using 98.17% CPU
Optimizing NNI: done in 0.73941 secs using 80.71% CPU
Optimizing NNI: done in 0.840147 secs using 73.46% CPU
Optimizing NNI: done in 0.813403 secs using 87.59% CPU
Optimizing NNI: done in 0.604009 secs using 96.35% CPU
Optimizing NNI: done in 0.577317 secs using 99.66% CPU
Optimizing NNI: done in 0.451145 secs using 99.86% CPU
Optimizing NNI: done in 0.468038 secs using 100% CPU
Optimizing NNI: done in 0.500619 secs using 89.66% CPU
Optimizing NNI: done in 0.64929 secs using 79.64% CPU
Iteration 270 / LogL: -5572.182 / Time: 0h:5m:30s (0h:1m:30s left)
Optimizing NNI: done in 0.713929 secs using 70.85% CPU
Optimizing NNI: done in 0.554617 secs using 75.89% CPU
Optimizing NNI: done in 0.501455 secs using 99.95% CPU
Optimizing NNI: done in 0.541983 secs using 99.1% CPU
Optimizing NNI: done in 0.518484 secs using 99.59% CPU
Optimizing NNI: done in 0.454356 secs using 95.59% CPU
Optimizing NNI: done in 0.933831 secs using 52.45% CPU
Optimizing NNI: done in 0.75549 secs using 64.32% CPU
Optimizing NNI: done in 0.747728 secs using 61.4% CPU
Optimizing NNI: done in 0.629817 secs using 92.57% CPU
Iteration 280 / LogL: -5569.168 / Time: 0h:5m:36s (0h:1m:17s left)
Optimizing NNI: done in 0.688014 secs using 79.55% CPU
Estimate model parameters (epsilon = 0.100)
BETTER TREE FOUND at iteration 281: -5568.043
Optimizing NNI: done in 0.47545 secs using 96.63% CPU
Optimizing NNI: done in 0.793347 secs using 57.65% CPU
Optimizing NNI: done in 0.771737 secs using 66.82% CPU
Optimizing NNI: done in 0.684323 secs using 62.59% CPU
Optimizing NNI: done in 0.59247 secs using 73.67% CPU
Optimizing NNI: done in 0.598742 secs using 99.99% CPU
Optimizing NNI: done in 0.536538 secs using 99.97% CPU
Optimizing NNI: done in 0.47075 secs using 99.86% CPU
Optimizing NNI: done in 0.503533 secs using 99.84% CPU
Iteration 290 / LogL: -5570.816 / Time: 0h:5m:42s (0h:1m:47s left)
Optimizing NNI: done in 0.592631 secs using 81.27% CPU
Optimizing NNI: done in 0.579141 secs using 99.99% CPU
Optimizing NNI: done in 0.532186 secs using 99.99% CPU
Optimizing NNI: done in 0.683849 secs using 75.26% CPU
Optimizing NNI: done in 0.720326 secs using 61.89% CPU
Optimizing NNI: done in 0.726115 secs using 65.85% CPU
Optimizing NNI: done in 0.747492 secs using 72.55% CPU
Optimizing NNI: done in 0.554321 secs using 99.57% CPU
BETTER TREE FOUND at iteration 298: -5568.042
Optimizing NNI: done in 0.492797 secs using 99.28% CPU
Optimizing NNI: done in 0.53349 secs using 93.54% CPU
Iteration 300 / LogL: -5568.348 / Time: 0h:5m:49s (0h:1m:54s left)
Optimizing NNI: done in 0.477488 secs using 95.87% CPU
BETTER TREE FOUND at iteration 301: -5568.042
Optimizing NNI: done in 0.501652 secs using 99.98% CPU
Optimizing NNI: done in 0.64625 secs using 87.27% CPU
Optimizing NNI: done in 0.43961 secs using 100% CPU
Optimizing NNI: done in 0.672421 secs using 99.99% CPU
Optimizing NNI: done in 0.487505 secs using 99.85% CPU
Optimizing NNI: done in 0.544105 secs using 100% CPU
Optimizing NNI: done in 0.582493 secs using 99.96% CPU
Optimizing NNI: done in 0.527521 secs using 99.99% CPU
Optimizing NNI: done in 0.474136 secs using 99.97% CPU
Iteration 310 / LogL: -5568.042 / Time: 0h:5m:54s (0h:1m:44s left)
Optimizing NNI: done in 0.513495 secs using 99.74% CPU
Optimizing NNI: done in 0.504074 secs using 100% CPU
Optimizing NNI: done in 0.452087 secs using 100% CPU
Optimizing NNI: done in 0.44862 secs using 99.97% CPU
Optimizing NNI: done in 0.54122 secs using 99.99% CPU
Optimizing NNI: done in 0.509785 secs using 99.96% CPU
Optimizing NNI: done in 0.603516 secs using 99.99% CPU
Optimizing NNI: done in 0.594519 secs using 100% CPU
Optimizing NNI: done in 0.478733 secs using 99.29% CPU
Optimizing NNI: done in 0.470258 secs using 100% CPU
Iteration 320 / LogL: -5570.440 / Time: 0h:5m:59s (0h:1m:31s left)
Optimizing NNI: done in 0.542068 secs using 100% CPU
Optimizing NNI: done in 0.591585 secs using 100% CPU
Optimizing NNI: done in 0.439647 secs using 100% CPU
Optimizing NNI: done in 0.399244 secs using 98% CPU
Optimizing NNI: done in 0.567107 secs using 99.3% CPU
Optimizing NNI: done in 0.469814 secs using 100% CPU
Optimizing NNI: done in 0.764233 secs using 99.99% CPU
Optimizing NNI: done in 0.465454 secs using 100% CPU
Optimizing NNI: done in 0.680463 secs using 70.84% CPU
Optimizing NNI: done in 0.568475 secs using 94.36% CPU
Iteration 330 / LogL: -5574.066 / Time: 0h:6m:5s (0h:1m:18s left)
Optimizing NNI: done in 0.571763 secs using 100% CPU
Optimizing NNI: done in 0.404492 secs using 98.86% CPU
Optimizing NNI: done in 0.675097 secs using 83.61% CPU
Optimizing NNI: done in 0.802564 secs using 77.15% CPU
Optimizing NNI: done in 0.519542 secs using 100% CPU
Optimizing NNI: done in 0.415328 secs using 99.99% CPU
Optimizing NNI: done in 0.497966 secs using 100% CPU
Optimizing NNI: done in 0.543823 secs using 99.98% CPU
Optimizing NNI: done in 0.605514 secs using 100% CPU
Optimizing NNI: done in 0.549434 secs using 99.99% CPU
Iteration 340 / LogL: -5579.345 / Time: 0h:6m:11s (0h:1m:6s left)
Optimizing NNI: done in 0.65095 secs using 99.99% CPU
Optimizing NNI: done in 0.576786 secs using 99.99% CPU
Optimizing NNI: done in 0.508046 secs using 99.99% CPU
Optimizing NNI: done in 0.577811 secs using 99.99% CPU
Optimizing NNI: done in 0.525126 secs using 99.98% CPU
Optimizing NNI: done in 0.699761 secs using 67.52% CPU
Optimizing NNI: done in 0.437029 secs using 99.98% CPU
Optimizing NNI: done in 0.502323 secs using 99.96% CPU
Optimizing NNI: done in 0.513382 secs using 99.98% CPU
Optimizing NNI: done in 0.42697 secs using 99.99% CPU
Iteration 350 / LogL: -5585.595 / Time: 0h:6m:16s (0h:0m:55s left)
Optimizing NNI: done in 0.662321 secs using 99.9% CPU
Optimizing NNI: done in 0.516992 secs using 99.98% CPU
Optimizing NNI: done in 0.594224 secs using 100% CPU
Optimizing NNI: done in 0.561178 secs using 99.99% CPU
Optimizing NNI: done in 0.404564 secs using 100% CPU
Optimizing NNI: done in 0.572168 secs using 99.99% CPU
Optimizing NNI: done in 0.492607 secs using 96.75% CPU
Optimizing NNI: done in 0.448874 secs using 99.99% CPU
Optimizing NNI: done in 0.50583 secs using 99.99% CPU
Optimizing NNI: done in 0.431148 secs using 99.99% CPU
Iteration 360 / LogL: -5568.042 / Time: 0h:6m:22s (0h:0m:43s left)
Optimizing NNI: done in 0.392828 secs using 100% CPU
Optimizing NNI: done in 0.433978 secs using 100% CPU
Optimizing NNI: done in 0.495952 secs using 97.55% CPU
Optimizing NNI: done in 0.470902 secs using 99.99% CPU
Optimizing NNI: done in 0.526255 secs using 99.99% CPU
Optimizing NNI: done in 0.561059 secs using 99.99% CPU
Optimizing NNI: done in 0.605835 secs using 100% CPU
Optimizing NNI: done in 0.416764 secs using 99.95% CPU
Optimizing NNI: done in 0.517608 secs using 100% CPU
Optimizing NNI: done in 0.508711 secs using 99.99% CPU
Iteration 370 / LogL: -5569.368 / Time: 0h:6m:27s (0h:0m:32s left)
Optimizing NNI: done in 0.493302 secs using 100% CPU
Optimizing NNI: done in 0.347075 secs using 98.93% CPU
Optimizing NNI: done in 0.572916 secs using 99.3% CPU
Optimizing NNI: done in 0.472693 secs using 99.99% CPU
Optimizing NNI: done in 0.382186 secs using 100% CPU
Optimizing NNI: done in 0.409458 secs using 100% CPU
Optimizing NNI: done in 0.477618 secs using 86.96% CPU
Optimizing NNI: done in 0.446171 secs using 99.58% CPU
Optimizing NNI: done in 0.552515 secs using 99.94% CPU
Optimizing NNI: done in 0.444421 secs using 98.99% CPU
Iteration 380 / LogL: -5574.314 / Time: 0h:6m:31s (0h:0m:21s left)
Optimizing NNI: done in 0.465392 secs using 100% CPU
Optimizing NNI: done in 0.468256 secs using 99.99% CPU
Optimizing NNI: done in 0.466848 secs using 99.91% CPU
Optimizing NNI: done in 0.470409 secs using 99.98% CPU
Optimizing NNI: done in 0.905032 secs using 61.08% CPU
Optimizing NNI: done in 0.658523 secs using 74.65% CPU
BETTER TREE FOUND at iteration 386: -5568.041
Optimizing NNI: done in 0.458842 secs using 93.88% CPU
Optimizing NNI: done in 0.542418 secs using 100% CPU
Optimizing NNI: done in 0.399634 secs using 100% CPU
Optimizing NNI: done in 0.442075 secs using 98.73% CPU
Iteration 390 / LogL: -5576.637 / Time: 0h:6m:37s (0h:1m:37s left)
Optimizing NNI: done in 0.580256 secs using 98.24% CPU
Optimizing NNI: done in 0.576579 secs using 99.99% CPU
Optimizing NNI: done in 0.448746 secs using 100% CPU
Optimizing NNI: done in 0.487073 secs using 99.95% CPU
Optimizing NNI: done in 0.442035 secs using 99.98% CPU
Optimizing NNI: done in 0.667104 secs using 92.59% CPU
Optimizing NNI: done in 0.435157 secs using 99.96% CPU
Optimizing NNI: done in 0.569253 secs using 99.99% CPU
Optimizing NNI: done in 0.588685 secs using 83% CPU
Optimizing NNI: done in 0.755501 secs using 79.5% CPU
Iteration 400 / LogL: -5572.208 / Time: 0h:6m:42s (0h:1m:26s left)
Optimizing NNI: done in 0.581215 secs using 100% CPU
Optimizing NNI: done in 0.411241 secs using 89.7% CPU
Optimizing NNI: done in 0.504812 secs using 100% CPU
Optimizing NNI: done in 0.47254 secs using 100% CPU
Optimizing NNI: done in 0.581698 secs using 99.98% CPU
Optimizing NNI: done in 0.551697 secs using 99.38% CPU
Optimizing NNI: done in 0.533932 secs using 99.99% CPU
Optimizing NNI: done in 0.453654 secs using 100% CPU
Optimizing NNI: done in 0.472489 secs using 100% CPU
Optimizing NNI: done in 0.596235 secs using 100% CPU
Iteration 410 / LogL: -5570.849 / Time: 0h:6m:48s (0h:1m:15s left)
Optimizing NNI: done in 0.527357 secs using 100% CPU
Optimizing NNI: done in 0.44658 secs using 100% CPU
Optimizing NNI: done in 0.444279 secs using 100% CPU
Optimizing NNI: done in 0.459523 secs using 99.99% CPU
Optimizing NNI: done in 0.641641 secs using 100% CPU
Optimizing NNI: done in 0.508021 secs using 100% CPU
Optimizing NNI: done in 0.526637 secs using 99.98% CPU
Optimizing NNI: done in 0.555498 secs using 99.68% CPU
Optimizing NNI: done in 0.491071 secs using 99.71% CPU
Optimizing NNI: done in 0.533682 secs using 99.87% CPU
Iteration 420 / LogL: -5597.783 / Time: 0h:6m:53s (0h:1m:5s left)
Optimizing NNI: done in 0.462975 secs using 99.84% CPU
Optimizing NNI: done in 0.628414 secs using 83.99% CPU
Optimizing NNI: done in 0.709983 secs using 73.93% CPU
Optimizing NNI: done in 0.382525 secs using 100% CPU
Optimizing NNI: done in 0.641756 secs using 95.54% CPU
Optimizing NNI: done in 0.423081 secs using 99.14% CPU
Optimizing NNI: done in 0.563271 secs using 99.89% CPU
Optimizing NNI: done in 0.651895 secs using 100% CPU
Optimizing NNI: done in 0.565124 secs using 100% CPU
Optimizing NNI: done in 0.517904 secs using 99.22% CPU
Iteration 430 / LogL: -5568.042 / Time: 0h:6m:59s (0h:0m:54s left)
Optimizing NNI: done in 0.593291 secs using 100% CPU
Optimizing NNI: done in 0.411922 secs using 99.99% CPU
Optimizing NNI: done in 0.59252 secs using 99.87% CPU
Optimizing NNI: done in 0.622688 secs using 99.93% CPU
Optimizing NNI: done in 0.504395 secs using 89.31% CPU
Optimizing NNI: done in 0.476327 secs using 100% CPU
Optimizing NNI: done in 0.413194 secs using 100% CPU
Optimizing NNI: done in 0.48532 secs using 99.8% CPU
Optimizing NNI: done in 0.509681 secs using 99.99% CPU
Optimizing NNI: done in 0.48345 secs using 99.22% CPU
Iteration 440 / LogL: -5580.977 / Time: 0h:7m:4s (0h:0m:44s left)
Optimizing NNI: done in 0.634562 secs using 99.99% CPU
Optimizing NNI: done in 0.581686 secs using 100% CPU
Optimizing NNI: done in 0.497949 secs using 96.79% CPU
Optimizing NNI: done in 0.567658 secs using 92.43% CPU
Optimizing NNI: done in 0.593909 secs using 90.39% CPU
Optimizing NNI: done in 0.571523 secs using 82.58% CPU
Optimizing NNI: done in 0.456287 secs using 99.99% CPU
Optimizing NNI: done in 0.484174 secs using 98.14% CPU
Optimizing NNI: done in 0.584124 secs using 99.95% CPU
Optimizing NNI: done in 0.512084 secs using 98.36% CPU
Iteration 450 / LogL: -5570.466 / Time: 0h:7m:9s (0h:0m:34s left)
Optimizing NNI: done in 0.638171 secs using 99.74% CPU
Optimizing NNI: done in 0.380397 secs using 99.85% CPU
Optimizing NNI: done in 0.536541 secs using 99.91% CPU
Optimizing NNI: done in 0.584405 secs using 99.85% CPU
Optimizing NNI: done in 0.580241 secs using 99.99% CPU
Optimizing NNI: done in 0.567811 secs using 99.88% CPU
Optimizing NNI: done in 0.463835 secs using 99.82% CPU
Optimizing NNI: done in 0.568521 secs using 99.97% CPU
Optimizing NNI: done in 0.662761 secs using 89.55% CPU
Optimizing NNI: done in 0.574732 secs using 98.92% CPU
Iteration 460 / LogL: -5571.284 / Time: 0h:7m:15s (0h:0m:24s left)
Optimizing NNI: done in 0.457599 secs using 99.95% CPU
Optimizing NNI: done in 0.490396 secs using 99.84% CPU
Optimizing NNI: done in 0.609875 secs using 99.94% CPU
Optimizing NNI: done in 0.493955 secs using 99.87% CPU
Optimizing NNI: done in 0.524066 secs using 99.88% CPU
Optimizing NNI: done in 0.507758 secs using 95.21% CPU
Optimizing NNI: done in 0.583695 secs using 99.64% CPU
Optimizing NNI: done in 0.509942 secs using 99.89% CPU
Optimizing NNI: done in 0.753302 secs using 71.21% CPU
Optimizing NNI: done in 0.453226 secs using 99.78% CPU
Iteration 470 / LogL: -5568.043 / Time: 0h:7m:21s (0h:0m:15s left)
Optimizing NNI: done in 0.58456 secs using 99.98% CPU
Optimizing NNI: done in 0.650184 secs using 89.26% CPU
Optimizing NNI: done in 0.409628 secs using 100% CPU
Optimizing NNI: done in 0.458697 secs using 99.17% CPU
Optimizing NNI: done in 0.525717 secs using 100% CPU
Optimizing NNI: done in 0.550644 secs using 92.94% CPU
Optimizing NNI: done in 0.505864 secs using 100% CPU
Optimizing NNI: done in 0.452736 secs using 99.98% CPU
Optimizing NNI: done in 0.500079 secs using 93.6% CPU
Optimizing NNI: done in 0.490079 secs using 100% CPU
Iteration 480 / LogL: -5573.043 / Time: 0h:7m:26s (0h:0m:5s left)
Optimizing NNI: done in 0.63232 secs using 100% CPU
Optimizing NNI: done in 0.68679 secs using 99.78% CPU
Optimizing NNI: done in 0.494849 secs using 100% CPU
Optimizing NNI: done in 0.550057 secs using 99.99% CPU
Optimizing NNI: done in 0.567485 secs using 97.64% CPU
Optimizing NNI: done in 0.520862 secs using 99.99% CPU
Optimizing NNI: done in 0.519244 secs using 100% CPU
TREE SEARCH COMPLETED AFTER 487 ITERATIONS / Time: 0h:7m:30s

--------------------------------------------------------------------
|                    FINALIZING TREE SEARCH                        |
--------------------------------------------------------------------
Performs final model parameters optimization
Estimate model parameters (epsilon = 0.010)
1. Initial log-likelihood: -5568.041
2. Current log-likelihood: -5567.967
3. Current log-likelihood: -5567.892
4. Current log-likelihood: -5567.812
5. Current log-likelihood: -5567.728
6. Current log-likelihood: -5567.639
7. Current log-likelihood: -5567.543
8. Current log-likelihood: -5567.441
9. Current log-likelihood: -5567.333
10. Current log-likelihood: -5567.222
11. Current log-likelihood: -5567.103
12. Current log-likelihood: -5566.977
13. Current log-likelihood: -5566.847
14. Current log-likelihood: -5566.711
15. Current log-likelihood: -5566.573
16. Current log-likelihood: -5566.432
17. Current log-likelihood: -5566.291
18. Current log-likelihood: -5566.152
19. Current log-likelihood: -5566.016
20. Current log-likelihood: -5565.887
21. Current log-likelihood: -5565.765
22. Current log-likelihood: -5565.652
23. Current log-likelihood: -5565.547
24. Current log-likelihood: -5565.449
25. Current log-likelihood: -5565.356
26. Current log-likelihood: -5565.267
27. Current log-likelihood: -5565.177
28. Current log-likelihood: -5565.082
29. Current log-likelihood: -5564.976
30. Current log-likelihood: -5564.844
31. Current log-likelihood: -5564.651
32. Current log-likelihood: -5564.328
33. Current log-likelihood: -5564.028
34. Current log-likelihood: -5563.941
35. Current log-likelihood: -5563.890
36. Current log-likelihood: -5563.853
37. Current log-likelihood: -5563.826
38. Current log-likelihood: -5563.805
39. Current log-likelihood: -5563.790
40. Current log-likelihood: -5563.778
Optimal log-likelihood: -5563.768
Rate parameters:  A-C: 1.14489  A-G: 3.78884  A-T: 1.05273  C-G: 1.46937  C-T: 3.31310  G-T: 1.00000
Base frequencies:  A: 0.242  C: 0.230  G: 0.217  T: 0.311
Site proportion and rates:  (0.570,0.157) (0.253,1.196) (0.175,3.311) (0.002,12.145)
Parameters optimization took 40 rounds (8.841 sec)
BEST SCORE FOUND : -5563.768
Total tree length: 2.136

Total number of iterations: 487
CPU time used for tree search: 266.668 sec (0h:4m:26s)
Wall-clock time used for tree search: 291.410 sec (0h:4m:51s)
Total CPU time used: 457.551 sec (0h:7m:37s)
Total wall-clock time used: 459.150 sec (0h:7m:39s)

Analysis results written to: 
  IQ-TREE report:                4G20850_iqtree_preliminary_superstrict_excluding_hybrids.iqtree
  Maximum-likelihood tree:       4G20850_iqtree_preliminary_superstrict_excluding_hybrids.treefile
  Likelihood distances:          4G20850_iqtree_preliminary_superstrict_excluding_hybrids.mldist
  Screen log file:               4G20850_iqtree_preliminary_superstrict_excluding_hybrids.log

ALISIM COMMAND
--------------
--alisim simulated_MSA -t 4G20850_iqtree_preliminary_superstrict_excluding_hybrids.treefile -m "GTR{1.14489,3.78884,1.05273,1.46937,3.3131}+F{0.242443,0.229839,0.217036,0.310683}+R4{0.569892,0.157202,0.25291,1.19614,0.174803,3.31116,0.00239577,12.1452}" --length 460

Date and Time: Fri Jun  2 08:06:11 2023
