IQ-TREE multicore version 2.2.2 COVID-edition for Linux 64-bit built Sep 20 2022
Developed by Bui Quang Minh, James Barbetti, Nguyen Lam Tung,
Olga Chernomor, Heiko Schmidt, Dominik Schrempf, Michael Woodhams, Ly Trong Nhan.

Host:    netdc-bms-c11f (AVX2, FMA3, 377 GB RAM)
Command: /home/kasper.hendriks/iqtree-2.2.2-Linux/bin/iqtree2 -s 4G23940_taper_preliminary_superstrict_excluding_hybrids.fasta -nm 1000 -m GTR+F+R -nt AUTO --prefix 4G23940_iqtree_preliminary_superstrict_excluding_hybrids
Seed:    797561 (Using SPRNG - Scalable Parallel Random Number Generator)
Time:    Fri Jun  2 07:58:52 2023
Kernel:  AVX+FMA - auto-detect threads (56 CPU cores detected)

Reading alignment file 4G23940_taper_preliminary_superstrict_excluding_hybrids.fasta ... Fasta format detected
Reading fasta file: done in 0.00272393 secs using 99.93% CPU
Alignment most likely contains DNA/RNA sequences
Constructing alignment: done in 0.00636315 secs using 1596% CPU
Alignment has 132 sequences with 860 columns, 638 distinct patterns
429 parsimony-informative, 111 singleton sites, 320 constant sites
               Gap/Ambiguity  Composition  p-value
Analyzing sequences: done in 0.011256 secs using 1395% CPU
   1  PAFTOL_019361   37.33%    passed     30.26%
   2  S0055            0.12%    passed     81.81%
   3  S0196sl         22.33%    passed     30.28%
   4  S0278            0.00%    passed     98.57%
   5  S0281            2.09%    passed     49.81%
   6  S0282            0.12%    passed     85.13%
   7  S0288            0.23%    passed     78.12%
   8  S0289            1.28%    passed     91.57%
   9  S0292            0.35%    passed     57.59%
  10  S0293           14.19%    passed     96.37%
  11  S0294            1.51%    passed     63.50%
  12  S0299            0.23%    passed     50.37%
  13  S0303            0.23%    passed     83.63%
  14  S0308            0.12%    passed     54.37%
  15  S0320            3.14%    passed     68.68%
  16  S0322            9.77%    passed     74.52%
  17  S0327            0.00%    passed     96.13%
  18  S0335            0.81%    passed     73.87%
  19  S0345           25.23%    passed     94.34%
  20  S0355            0.00%    passed     80.37%
  21  S0376            1.28%    passed     51.50%
  22  S0400            0.00%    passed     83.53%
  23  S0405            0.23%    passed     84.31%
  24  S0407sl         46.63%    passed      6.84%
  25  S0412sl          2.67%    passed     86.28%
  26  S0417            0.23%    passed     92.06%
  27  S0419            0.12%    passed     93.57%
  28  S0427            0.00%    passed     37.39%
  29  S0428sl         58.60%    passed      5.80%
  30  S0430            1.51%    passed     90.85%
  31  S0478            0.35%    passed     76.13%
  32  S0552sl          1.63%    passed     93.58%
  33  S0558            0.00%    passed     73.10%
  34  S0616            0.00%    passed     32.01%
  35  S0624            0.00%    passed     97.15%
  36  S0641            0.00%    passed     73.50%
  37  S0643           15.00%    passed     73.69%
  38  S0645sl          0.00%    passed     88.29%
  39  S0656sl          0.00%    passed     69.18%
  40  S0689            0.00%    passed     94.32%
  41  S0690            0.47%    passed     94.00%
  42  S0720            1.40%    passed     69.72%
  43  S0724sl          2.21%    passed     83.31%
  44  S0735            0.12%    passed     89.69%
  45  S0742            3.49%    passed     88.74%
  46  S0748            0.00%    passed     76.06%
  47  S0753           21.28%    passed     94.05%
  48  S0756            0.00%    passed     79.09%
  49  S0758            1.05%    passed     60.83%
  50  S0760            0.00%    passed     94.13%
  51  S0763            0.00%    passed     84.45%
  52  S0765            0.00%    passed     97.85%
  53  S0770            0.47%    passed     91.30%
  54  S0771            0.00%    passed     59.61%
  55  S0795            1.86%    passed     68.04%
  56  S0827            0.23%    passed     87.20%
  57  S0888            3.49%    passed     96.15%
  58  S0894            9.77%    passed     58.82%
  59  S0899            1.98%    passed     79.10%
  60  S0906            0.23%    passed     92.17%
  61  S0951           46.86%    passed      9.11%
  62  S0952            8.84%    passed     88.30%
  63  S0956            0.47%    passed     64.80%
  64  S0960            0.00%    passed     91.84%
  65  S1052sl          3.02%    passed     20.36%
  66  S1083            3.37%    passed     39.83%
  67  S1100            4.65%    passed     82.38%
  68  S1102           47.33%    failed      1.54%
  69  S1110           10.81%    passed     67.12%
  70  S1120           12.21%    passed     48.40%
  71  S1128            0.23%    passed     64.61%
  72  S1129sl          0.23%    passed     76.25%
  73  S1148            0.35%    passed     80.46%
  74  S1177           37.21%    passed     39.39%
  75  S1180            3.84%    passed     64.56%
  76  S1187sl         29.07%    passed     60.97%
  77  S1189            0.00%    passed     69.53%
  78  S1201sl          0.00%    passed     65.82%
  79  S1210           20.35%    passed     95.45%
  80  S1211            1.16%    passed     66.59%
  81  S1214sl          0.70%    passed     59.59%
  82  S1223            3.60%    passed     66.72%
  83  S1227            0.12%    passed     86.38%
  84  S1235sl          0.00%    passed     66.06%
  85  S1238sl          9.65%    passed     22.40%
  86  S1239            0.58%    passed     85.71%
  87  S1245            0.35%    passed     92.84%
  88  S1246            0.12%    passed     89.39%
  89  S1249            0.00%    passed     82.44%
  90  S1250sl          0.00%    passed     92.70%
  91  S1251            2.09%    passed     97.78%
  92  S1260            1.05%    passed     67.57%
  93  S1266sl          0.23%    passed     82.41%
  94  S1269           36.98%    passed     95.02%
  95  S1278            0.00%    passed     84.10%
  96  S1315            6.86%    passed     90.98%
  97  S1332            1.40%    passed     11.17%
  98  S1366            0.23%    passed     32.21%
  99  S1369            0.00%    passed     77.96%
 100  S1370            0.23%    passed     91.36%
 101  S1375            0.00%    passed     94.94%
 102  S1376            0.12%    passed     84.45%
 103  S1381            0.47%    passed     91.66%
 104  S1405            0.00%    passed     84.04%
 105  S1422            0.00%    passed     53.68%
 106  S1449            0.23%    passed     14.54%
 107  S1451            0.00%    passed     96.46%
 108  S1460            0.70%    passed     43.13%
 109  S1462            0.00%    passed     99.02%
 110  S1475            0.00%    passed     88.87%
 111  S1498            3.49%    passed     38.29%
 112  S1539            0.00%    passed     71.07%
 113  S_670            0.23%    passed     82.87%
 114  SRR11470320      3.95%    passed     22.89%
 115  SRR8528336       0.12%    passed     81.88%
 116  SRR8528341       0.47%    passed     93.61%
 117  SRR8528343       0.23%    passed     91.76%
 118  SRR8528347       0.00%    passed     89.90%
 119  SRR8528350       0.12%    passed     92.24%
 120  SRR8528354       0.00%    passed     86.17%
 121  SRR8528357       0.00%    passed     97.50%
 122  SRR8528359       0.00%    passed     95.07%
 123  SRR8528361       2.44%    passed     47.12%
 124  SRR8528365       0.70%    passed     73.99%
 125  SRR8528370       1.40%    passed     61.35%
 126  SRR8528372       0.00%    passed     98.28%
 127  SRR8528379       0.12%    passed     96.34%
 128  SRR8528381       0.23%    passed     94.92%
 129  SRR8528384       0.00%    passed     94.72%
 130  SRR8528389       0.35%    passed     85.31%
 131  SRR8528391       0.00%    passed     76.82%
 132  SRR8528400       0.23%    passed     90.49%
WARNING: 1 sequences contain more than 50% gaps/ambiguity
****  TOTAL            4.58%  1 sequences failed composition chi2 test (p-value<5%; df=3)
Checking for duplicate sequences: done in 0.0111039 secs using 1448% CPU

Create initial parsimony tree by phylogenetic likelihood library (PLL)... 0.127 seconds

NOTE: 11 MB RAM (0 GB) is required!
Measuring multi-threading efficiency up to 56 CPU cores
Increase to 10 rounds for branch lengths
113 trees examined
Threads: 1 / Time: 56.285 sec / Speedup: 1.000 / Efficiency: 100% / LogL: -26939
Threads: 2 / Time: 47.143 sec / Speedup: 1.194 / Efficiency: 60% / LogL: -26939
Threads: 3 / Time: 47.640 sec / Speedup: 1.181 / Efficiency: 39% / LogL: -26939
Determining AUTO threadcount: done in 151.071 secs using 120.5% CPU
BEST NUMBER OF THREADS: 2

Estimate model parameters (epsilon = 0.100)
1. Initial log-likelihood: -16811.955
2. Current log-likelihood: -16109.225
3. Current log-likelihood: -16090.055
4. Current log-likelihood: -16083.957
5. Current log-likelihood: -16081.228
6. Current log-likelihood: -16079.459
7. Current log-likelihood: -16078.345
8. Current log-likelihood: -16077.520
9. Current log-likelihood: -16076.898
10. Current log-likelihood: -16076.420
11. Current log-likelihood: -16076.043
12. Current log-likelihood: -16075.741
13. Current log-likelihood: -16075.560
14. Current log-likelihood: -16075.384
15. Current log-likelihood: -16075.214
16. Current log-likelihood: -16075.048
17. Current log-likelihood: -16074.883
18. Current log-likelihood: -16074.720
19. Current log-likelihood: -16074.563
20. Current log-likelihood: -16074.416
21. Current log-likelihood: -16074.281
22. Current log-likelihood: -16074.156
23. Current log-likelihood: -16074.037
24. Current log-likelihood: -16073.922
25. Current log-likelihood: -16073.808
26. Current log-likelihood: -16073.693
27. Current log-likelihood: -16073.576
28. Current log-likelihood: -16073.454
29. Current log-likelihood: -16073.329
30. Current log-likelihood: -16073.199
31. Current log-likelihood: -16073.065
32. Current log-likelihood: -16072.927
33. Current log-likelihood: -16072.785
34. Current log-likelihood: -16072.639
35. Current log-likelihood: -16072.491
36. Current log-likelihood: -16072.339
37. Current log-likelihood: -16072.188
38. Current log-likelihood: -16072.032
39. Current log-likelihood: -16071.875
40. Current log-likelihood: -16071.716
41. Current log-likelihood: -16071.554
42. Current log-likelihood: -16071.391
43. Current log-likelihood: -16071.227
44. Current log-likelihood: -16071.061
45. Current log-likelihood: -16070.894
46. Current log-likelihood: -16070.726
47. Current log-likelihood: -16070.558
48. Current log-likelihood: -16070.388
49. Current log-likelihood: -16070.217
50. Current log-likelihood: -16070.045
51. Current log-likelihood: -16069.872
52. Current log-likelihood: -16069.698
53. Current log-likelihood: -16069.523
54. Current log-likelihood: -16069.347
55. Current log-likelihood: -16069.170
56. Current log-likelihood: -16068.993
57. Current log-likelihood: -16068.815
58. Current log-likelihood: -16068.637
59. Current log-likelihood: -16068.459
60. Current log-likelihood: -16068.280
61. Current log-likelihood: -16068.105
62. Current log-likelihood: -16067.931
63. Current log-likelihood: -16067.762
64. Current log-likelihood: -16067.596
65. Current log-likelihood: -16067.437
66. Current log-likelihood: -16067.284
67. Current log-likelihood: -16067.137
68. Current log-likelihood: -16067.000
69. Current log-likelihood: -16066.875
70. Current log-likelihood: -16066.761
71. Current log-likelihood: -16066.658
Optimal log-likelihood: -16066.564
Rate parameters:  A-C: 1.26695  A-G: 3.36232  A-T: 0.95262  C-G: 1.79336  C-T: 5.14534  G-T: 1.00000
Base frequencies:  A: 0.290  C: 0.177  G: 0.255  T: 0.278
Site proportion and rates:  (0.506,0.102) (0.289,1.128) (0.158,2.419) (0.047,5.067)
Parameters optimization took 71 rounds (24.957 sec)
Wrote distance file to... 
Computing ML distances based on estimated model parameters...
Calculating distance matrix: done in 0.126249 secs using 144.2% CPU
Computing ML distances took 0.142322 sec (of wall-clock time) 0.198811 sec (of CPU time)
Setting up auxiliary I and S matrices: done in 0.000673056 secs using 192.9% CPU
Constructing RapidNJ tree: done in 0.00392699 secs using 197.7% CPU
Computing RapidNJ tree took 0.004724 sec (of wall-clock time) 0.009417 sec (of CPU time)
Log-likelihood of RapidNJ tree: -16168.502
--------------------------------------------------------------------
|             INITIALIZING CANDIDATE TREE SET                      |
--------------------------------------------------------------------
Generating 98 parsimony trees... 5.672 second
Computing log-likelihood of 98 initial trees ... 3.909 seconds
Current best score: -16030.473

Do NNI search on 20 best initial trees
Optimizing NNI: done in 0.408851 secs using 166.8% CPU
Estimate model parameters (epsilon = 0.100)
BETTER TREE FOUND at iteration 1: -16017.437
Optimizing NNI: done in 0.636301 secs using 119.7% CPU
Optimizing NNI: done in 0.718003 secs using 110.7% CPU
Optimizing NNI: done in 0.52187 secs using 151.6% CPU
Optimizing NNI: done in 0.568543 secs using 140.2% CPU
Optimizing NNI: done in 0.50748 secs using 138.3% CPU
Optimizing NNI: done in 0.712559 secs using 115.4% CPU
Optimizing NNI: done in 0.522051 secs using 148.3% CPU
Optimizing NNI: done in 0.528337 secs using 136.4% CPU
Optimizing NNI: done in 0.601715 secs using 119.9% CPU
Iteration 10 / LogL: -16031.311 / Time: 0h:3m:14s
Optimizing NNI: done in 0.718739 secs using 108.3% CPU
Optimizing NNI: done in 0.686713 secs using 107.8% CPU
Optimizing NNI: done in 0.693155 secs using 108.1% CPU
Optimizing NNI: done in 0.950553 secs using 83.99% CPU
Optimizing NNI: done in 0.504506 secs using 124.2% CPU
Optimizing NNI: done in 0.635007 secs using 108.1% CPU
Optimizing NNI: done in 0.722309 secs using 110.5% CPU
Optimizing NNI: done in 0.553865 secs using 130.2% CPU
Optimizing NNI: done in 0.706834 secs using 122.9% CPU
Optimizing NNI: done in 0.46326 secs using 126% CPU
Iteration 20 / LogL: -16036.941 / Time: 0h:3m:21s
Finish initializing candidate tree set (20)
Current best tree score: -16017.437 / CPU time: 24.575
Number of iterations: 20
--------------------------------------------------------------------
|               OPTIMIZING CANDIDATE TREE SET                      |
--------------------------------------------------------------------
Optimizing NNI: done in 1.00967 secs using 116.3% CPU
Optimizing NNI: done in 1.32931 secs using 106.2% CPU
Optimizing NNI: done in 0.770252 secs using 157.5% CPU
Optimizing NNI: done in 0.445954 secs using 173.4% CPU
Optimizing NNI: done in 0.629202 secs using 168.6% CPU
Estimate model parameters (epsilon = 0.100)
BETTER TREE FOUND at iteration 25: -16016.220
Optimizing NNI: done in 0.855883 secs using 129.3% CPU
Optimizing NNI: done in 0.998522 secs using 114.4% CPU
Optimizing NNI: done in 0.924006 secs using 132.2% CPU
Optimizing NNI: done in 1.20707 secs using 110% CPU
Optimizing NNI: done in 0.557858 secs using 145.1% CPU
Iteration 30 / LogL: -16023.780 / Time: 0h:3m:31s (0h:11m:31s left)
Optimizing NNI: done in 0.848145 secs using 136.2% CPU
Estimate model parameters (epsilon = 0.100)
BETTER TREE FOUND at iteration 31: -16014.151
Optimizing NNI: done in 0.521398 secs using 181.3% CPU
Optimizing NNI: done in 0.901883 secs using 134.9% CPU
Optimizing NNI: done in 1.18479 secs using 119.7% CPU
Optimizing NNI: done in 1.23014 secs using 115.9% CPU
Optimizing NNI: done in 1.10832 secs using 123.4% CPU
Optimizing NNI: done in 1.30223 secs using 129.4% CPU
Optimizing NNI: done in 0.901088 secs using 138.7% CPU
Optimizing NNI: done in 0.998018 secs using 134.1% CPU
Estimate model parameters (epsilon = 0.100)
BETTER TREE FOUND at iteration 39: -16013.279
Optimizing NNI: done in 0.875004 secs using 139.5% CPU
Iteration 40 / LogL: -16027.189 / Time: 0h:3m:42s (0h:9m:23s left)
Optimizing NNI: done in 0.526993 secs using 174.9% CPU
Optimizing NNI: done in 0.655739 secs using 169.2% CPU
Optimizing NNI: done in 0.680475 secs using 156.6% CPU
Optimizing NNI: done in 1.01615 secs using 107.8% CPU
Optimizing NNI: done in 0.709933 secs using 137.6% CPU
Optimizing NNI: done in 0.904191 secs using 132.5% CPU
Optimizing NNI: done in 0.524385 secs using 161.9% CPU
Optimizing NNI: done in 0.762852 secs using 158% CPU
Optimizing NNI: done in 0.656303 secs using 162.9% CPU
Optimizing NNI: done in 0.869391 secs using 104.1% CPU
Iteration 50 / LogL: -16014.146 / Time: 0h:3m:49s (0h:6m:56s left)
Optimizing NNI: done in 0.866735 secs using 147.3% CPU
Optimizing NNI: done in 0.738908 secs using 150.2% CPU
UPDATE BEST LOG-LIKELIHOOD: -16013.277
Optimizing NNI: done in 1.20278 secs using 97.89% CPU
Optimizing NNI: done in 0.47569 secs using 173.4% CPU
Optimizing NNI: done in 0.572305 secs using 167.1% CPU
Optimizing NNI: done in 1.10588 secs using 103.6% CPU
Optimizing NNI: done in 0.837398 secs using 141.1% CPU
Optimizing NNI: done in 0.677935 secs using 157.3% CPU
Optimizing NNI: done in 0.678138 secs using 159.1% CPU
Optimizing NNI: done in 0.798433 secs using 126.8% CPU
Iteration 60 / LogL: -16014.985 / Time: 0h:3m:57s (0h:5m:18s left)
Optimizing NNI: done in 0.947035 secs using 144% CPU
Optimizing NNI: done in 0.747725 secs using 157.9% CPU
Optimizing NNI: done in 0.992648 secs using 135% CPU
Optimizing NNI: done in 0.94497 secs using 127.6% CPU
Optimizing NNI: done in 0.883449 secs using 126.7% CPU
Optimizing NNI: done in 0.554486 secs using 158.4% CPU
Optimizing NNI: done in 1.21463 secs using 112.9% CPU
Optimizing NNI: done in 0.917506 secs using 99.62% CPU
Optimizing NNI: done in 0.928593 secs using 124.2% CPU
Optimizing NNI: done in 1.0166 secs using 110.6% CPU
Iteration 70 / LogL: -16013.389 / Time: 0h:4m:7s (0h:4m:7s left)
Optimizing NNI: done in 1.20041 secs using 121% CPU
Optimizing NNI: done in 0.943927 secs using 125.4% CPU
Optimizing NNI: done in 1.0767 secs using 122.7% CPU
Optimizing NNI: done in 0.88941 secs using 124.8% CPU
Optimizing NNI: done in 0.549015 secs using 167% CPU
Optimizing NNI: done in 0.529107 secs using 186.3% CPU
Optimizing NNI: done in 0.737957 secs using 153% CPU
Optimizing NNI: done in 0.864967 secs using 136.2% CPU
Optimizing NNI: done in 0.511382 secs using 151.2% CPU
Optimizing NNI: done in 0.565851 secs using 158.6% CPU
Iteration 80 / LogL: -16014.388 / Time: 0h:4m:15s (0h:3m:10s left)
Optimizing NNI: done in 0.516722 secs using 163.5% CPU
Optimizing NNI: done in 1.05772 secs using 116% CPU
Optimizing NNI: done in 0.821641 secs using 136.8% CPU
Optimizing NNI: done in 0.753558 secs using 125.9% CPU
Optimizing NNI: done in 0.735314 secs using 131.1% CPU
Optimizing NNI: done in 0.854301 secs using 108.3% CPU
Optimizing NNI: done in 0.948721 secs using 119.3% CPU
Optimizing NNI: done in 0.726645 secs using 129.2% CPU
Optimizing NNI: done in 0.531432 secs using 195.5% CPU
Optimizing NNI: done in 0.462887 secs using 192.3% CPU
Iteration 90 / LogL: -16015.384 / Time: 0h:4m:22s (0h:2m:24s left)
Optimizing NNI: done in 0.557334 secs using 173.7% CPU
Optimizing NNI: done in 0.868786 secs using 139.9% CPU
Optimizing NNI: done in 0.991067 secs using 120.2% CPU
Optimizing NNI: done in 0.936762 secs using 125.7% CPU
Optimizing NNI: done in 0.689538 secs using 141% CPU
Optimizing NNI: done in 1.11326 secs using 125.7% CPU
Optimizing NNI: done in 0.638609 secs using 140.9% CPU
Optimizing NNI: done in 0.677057 secs using 147% CPU
Optimizing NNI: done in 0.743625 secs using 135.6% CPU
Optimizing NNI: done in 0.564353 secs using 151.3% CPU
Iteration 100 / LogL: -16013.402 / Time: 0h:4m:30s (0h:1m:46s left)
Optimizing NNI: done in 0.887361 secs using 111.3% CPU
Estimate model parameters (epsilon = 0.100)
BETTER TREE FOUND at iteration 101: -16013.036
Optimizing NNI: done in 1.01683 secs using 118.8% CPU
Optimizing NNI: done in 0.613906 secs using 129.9% CPU
Optimizing NNI: done in 0.533309 secs using 132.7% CPU
Optimizing NNI: done in 0.806459 secs using 135.8% CPU
Optimizing NNI: done in 0.680751 secs using 169.4% CPU
Optimizing NNI: done in 0.930338 secs using 128.8% CPU
Optimizing NNI: done in 1.01845 secs using 132.5% CPU
Optimizing NNI: done in 0.709908 secs using 161.8% CPU
Optimizing NNI: done in 0.805798 secs using 159.1% CPU
Iteration 110 / LogL: -16019.880 / Time: 0h:4m:39s (0h:3m:53s left)
Optimizing NNI: done in 0.763256 secs using 141.6% CPU
Optimizing NNI: done in 0.879954 secs using 130.4% CPU
Optimizing NNI: done in 0.617381 secs using 165.6% CPU
Optimizing NNI: done in 0.772776 secs using 152.3% CPU
Optimizing NNI: done in 0.649419 secs using 157.8% CPU
Optimizing NNI: done in 0.668037 secs using 167.8% CPU
Optimizing NNI: done in 0.721583 secs using 151.4% CPU
Optimizing NNI: done in 0.850728 secs using 151.8% CPU
Optimizing NNI: done in 0.424673 secs using 198.7% CPU
Optimizing NNI: done in 0.754347 secs using 167.3% CPU
Iteration 120 / LogL: -16030.670 / Time: 0h:4m:46s (0h:3m:15s left)
Optimizing NNI: done in 0.748588 secs using 167.4% CPU
Optimizing NNI: done in 0.630462 secs using 166.9% CPU
Optimizing NNI: done in 0.938436 secs using 129.4% CPU
Optimizing NNI: done in 1.06564 secs using 134.6% CPU
Optimizing NNI: done in 0.839142 secs using 159.1% CPU
Optimizing NNI: done in 0.951723 secs using 118% CPU
Optimizing NNI: done in 0.892885 secs using 137.6% CPU
Optimizing NNI: done in 0.756913 secs using 149.7% CPU
Optimizing NNI: done in 1.17303 secs using 100.6% CPU
Optimizing NNI: done in 0.725628 secs using 160.6% CPU
Iteration 130 / LogL: -16026.017 / Time: 0h:4m:55s (0h:2m:42s left)
Optimizing NNI: done in 0.447827 secs using 170.2% CPU
Optimizing NNI: done in 0.403768 secs using 197.7% CPU
Optimizing NNI: done in 0.525829 secs using 178.4% CPU
Optimizing NNI: done in 0.392068 secs using 200% CPU
Optimizing NNI: done in 0.536112 secs using 164.7% CPU
Optimizing NNI: done in 1.12373 secs using 114.7% CPU
Optimizing NNI: done in 0.66989 secs using 164.1% CPU
Optimizing NNI: done in 0.832464 secs using 161.4% CPU
BETTER TREE FOUND at iteration 138: -16013.035
Optimizing NNI: done in 0.537671 secs using 194.4% CPU
Optimizing NNI: done in 0.633518 secs using 167.6% CPU
Iteration 140 / LogL: -16014.057 / Time: 0h:5m:2s (0h:3m:32s left)
Optimizing NNI: done in 0.548223 secs using 194.2% CPU
Estimate model parameters (epsilon = 0.100)
BETTER TREE FOUND at iteration 141: -16012.808
Optimizing NNI: done in 0.454645 secs using 198.4% CPU
Optimizing NNI: done in 0.660179 secs using 159.5% CPU
Optimizing NNI: done in 0.789164 secs using 147.3% CPU
Optimizing NNI: done in 0.794305 secs using 152% CPU
Optimizing NNI: done in 0.624154 secs using 157.3% CPU
Optimizing NNI: done in 0.513873 secs using 198.5% CPU
Optimizing NNI: done in 0.536651 secs using 198.9% CPU
Optimizing NNI: done in 0.579714 secs using 187.6% CPU
Optimizing NNI: done in 0.454604 secs using 196.9% CPU
Iteration 150 / LogL: -16022.073 / Time: 0h:5m:8s (0h:3m:8s left)
Optimizing NNI: done in 0.49118 secs using 200% CPU
Optimizing NNI: done in 0.498756 secs using 198.6% CPU
Optimizing NNI: done in 0.726035 secs using 169.3% CPU
Optimizing NNI: done in 0.633376 secs using 172.1% CPU
Optimizing NNI: done in 0.4085 secs using 198% CPU
Optimizing NNI: done in 0.463524 secs using 200.1% CPU
Optimizing NNI: done in 0.436691 secs using 198.2% CPU
Optimizing NNI: done in 0.561676 secs using 199.8% CPU
Optimizing NNI: done in 0.500846 secs using 199.3% CPU
Optimizing NNI: done in 0.878169 secs using 140.4% CPU
Iteration 160 / LogL: -16054.129 / Time: 0h:5m:14s (0h:2m:40s left)
Optimizing NNI: done in 0.447854 secs using 185.3% CPU
Optimizing NNI: done in 0.439766 secs using 199.2% CPU
Optimizing NNI: done in 0.515944 secs using 198.4% CPU
Optimizing NNI: done in 0.359322 secs using 200.1% CPU
Optimizing NNI: done in 0.772761 secs using 144.6% CPU
Optimizing NNI: done in 1.023 secs using 136.6% CPU
Optimizing NNI: done in 0.463185 secs using 198.7% CPU
Optimizing NNI: done in 0.422159 secs using 200.4% CPU
Optimizing NNI: done in 0.978615 secs using 129.6% CPU
Optimizing NNI: done in 0.471273 secs using 189.9% CPU
Iteration 170 / LogL: -16029.235 / Time: 0h:5m:20s (0h:2m:14s left)
Optimizing NNI: done in 0.59773 secs using 182% CPU
Optimizing NNI: done in 0.451267 secs using 200% CPU
Optimizing NNI: done in 0.605155 secs using 164.8% CPU
Optimizing NNI: done in 1.34612 secs using 125.9% CPU
Optimizing NNI: done in 0.427421 secs using 199.1% CPU
Optimizing NNI: done in 0.43561 secs using 199.1% CPU
Optimizing NNI: done in 0.474449 secs using 198.8% CPU
Optimizing NNI: done in 0.439008 secs using 197.4% CPU
Optimizing NNI: done in 0.519736 secs using 186.5% CPU
Optimizing NNI: done in 0.420241 secs using 199.7% CPU
Iteration 180 / LogL: -16018.567 / Time: 0h:5m:26s (0h:1m:51s left)
Optimizing NNI: done in 0.819381 secs using 142.4% CPU
BETTER TREE FOUND at iteration 181: -16012.808
Optimizing NNI: done in 0.400808 secs using 198.4% CPU
Optimizing NNI: done in 0.531955 secs using 182.9% CPU
Optimizing NNI: done in 0.457411 secs using 200% CPU
Optimizing NNI: done in 0.528671 secs using 168.7% CPU
Optimizing NNI: done in 0.530066 secs using 176.7% CPU
Optimizing NNI: done in 0.431452 secs using 195.6% CPU
Optimizing NNI: done in 0.473792 secs using 180.9% CPU
Optimizing NNI: done in 0.702991 secs using 157.5% CPU
Optimizing NNI: done in 0.775169 secs using 111.8% CPU
Iteration 190 / LogL: -16016.169 / Time: 0h:5m:31s (0h:2m:39s left)
Optimizing NNI: done in 0.566752 secs using 186.1% CPU
Optimizing NNI: done in 0.511163 secs using 199.1% CPU
Optimizing NNI: done in 0.607783 secs using 171.4% CPU
Optimizing NNI: done in 1.14048 secs using 103.5% CPU
Optimizing NNI: done in 0.813945 secs using 138.3% CPU
Optimizing NNI: done in 0.667068 secs using 166.2% CPU
Optimizing NNI: done in 0.57662 secs using 152% CPU
Optimizing NNI: done in 0.815003 secs using 140% CPU
Optimizing NNI: done in 1.0272 secs using 122.2% CPU
Optimizing NNI: done in 1.03268 secs using 130.3% CPU
Iteration 200 / LogL: -16015.881 / Time: 0h:5m:39s (0h:2m:18s left)
Optimizing NNI: done in 1.28515 secs using 128.9% CPU
Optimizing NNI: done in 1.23751 secs using 125.4% CPU
Optimizing NNI: done in 0.810763 secs using 132.6% CPU
Optimizing NNI: done in 0.815793 secs using 131% CPU
Optimizing NNI: done in 0.821338 secs using 125.7% CPU
Optimizing NNI: done in 0.867161 secs using 116.1% CPU
Optimizing NNI: done in 1.07823 secs using 114.6% CPU
Optimizing NNI: done in 1.20776 secs using 133.2% CPU
Optimizing NNI: done in 0.593062 secs using 139.4% CPU
Optimizing NNI: done in 0.800019 secs using 143.9% CPU
Iteration 210 / LogL: -16013.025 / Time: 0h:5m:49s (0h:1m:58s left)
Optimizing NNI: done in 1.02491 secs using 124.2% CPU
Optimizing NNI: done in 0.713208 secs using 125.5% CPU
Optimizing NNI: done in 0.79797 secs using 135.2% CPU
Estimate model parameters (epsilon = 0.100)
BETTER TREE FOUND at iteration 213: -16012.486
Optimizing NNI: done in 0.776927 secs using 149.2% CPU
Optimizing NNI: done in 0.447681 secs using 166.9% CPU
Optimizing NNI: done in 0.599894 secs using 162.1% CPU
Optimizing NNI: done in 0.648981 secs using 151.8% CPU
Optimizing NNI: done in 1.10445 secs using 107.2% CPU
Optimizing NNI: done in 1.01071 secs using 104.8% CPU
Optimizing NNI: done in 0.427076 secs using 170.5% CPU
Iteration 220 / LogL: -16016.515 / Time: 0h:5m:57s (0h:2m:31s left)
Optimizing NNI: done in 0.731847 secs using 164.5% CPU
Optimizing NNI: done in 0.919055 secs using 128.8% CPU
Optimizing NNI: done in 1.26091 secs using 117.8% CPU
Optimizing NNI: done in 0.993739 secs using 124.4% CPU
Optimizing NNI: done in 0.832232 secs using 120.3% CPU
Optimizing NNI: done in 0.879359 secs using 105.4% CPU
Optimizing NNI: done in 0.974808 secs using 106.9% CPU
Optimizing NNI: done in 1.17717 secs using 109.4% CPU
Optimizing NNI: done in 0.943524 secs using 125.9% CPU
Optimizing NNI: done in 1.03796 secs using 130.3% CPU
Iteration 230 / LogL: -16015.634 / Time: 0h:6m:7s (0h:2m:13s left)
Optimizing NNI: done in 1.0148 secs using 121.4% CPU
Optimizing NNI: done in 0.724486 secs using 138.5% CPU
Optimizing NNI: done in 0.924353 secs using 129.7% CPU
Optimizing NNI: done in 1.06945 secs using 115.8% CPU
Optimizing NNI: done in 0.988864 secs using 119% CPU
Optimizing NNI: done in 0.847159 secs using 117.5% CPU
Optimizing NNI: done in 0.858351 secs using 124.8% CPU
Optimizing NNI: done in 0.90346 secs using 115.6% CPU
Optimizing NNI: done in 1.50404 secs using 113% CPU
Optimizing NNI: done in 1.09372 secs using 106.6% CPU
Iteration 240 / LogL: -16013.521 / Time: 0h:6m:17s (0h:1m:55s left)
Optimizing NNI: done in 1.06497 secs using 100.9% CPU
Optimizing NNI: done in 0.731724 secs using 120.5% CPU
Optimizing NNI: done in 1.36856 secs using 98.16% CPU
Optimizing NNI: done in 0.995823 secs using 103% CPU
Optimizing NNI: done in 1.07865 secs using 115.1% CPU
Optimizing NNI: done in 1.27869 secs using 94.99% CPU
Optimizing NNI: done in 0.673224 secs using 132.2% CPU
Optimizing NNI: done in 0.71039 secs using 137.1% CPU
Optimizing NNI: done in 0.739338 secs using 148.3% CPU
Optimizing NNI: done in 1.28924 secs using 115.4% CPU
Iteration 250 / LogL: -16019.156 / Time: 0h:6m:27s (0h:1m:38s left)
Optimizing NNI: done in 1.16726 secs using 107.2% CPU
Optimizing NNI: done in 1.20888 secs using 96.37% CPU
Optimizing NNI: done in 0.925596 secs using 115.1% CPU
Optimizing NNI: done in 0.995835 secs using 116.5% CPU
Optimizing NNI: done in 1.22699 secs using 102% CPU
Optimizing NNI: done in 1.05517 secs using 107.2% CPU
Optimizing NNI: done in 1.01133 secs using 125.8% CPU
Optimizing NNI: done in 1.05024 secs using 102.1% CPU
Optimizing NNI: done in 0.898115 secs using 137.6% CPU
Optimizing NNI: done in 0.897169 secs using 127.9% CPU
Estimate model parameters (epsilon = 0.100)
BETTER TREE FOUND at iteration 260: -16012.418
Iteration 260 / LogL: -16012.418 / Time: 0h:6m:39s (0h:2m:33s left)
Optimizing NNI: done in 1.07339 secs using 125.7% CPU
Optimizing NNI: done in 1.28202 secs using 94.59% CPU
Optimizing NNI: done in 1.33417 secs using 106% CPU
Optimizing NNI: done in 1.32895 secs using 100.7% CPU
Optimizing NNI: done in 1.40998 secs using 119.2% CPU
Optimizing NNI: done in 1.66333 secs using 106.8% CPU
Optimizing NNI: done in 1.35866 secs using 113.7% CPU
Optimizing NNI: done in 1.19754 secs using 104% CPU
Optimizing NNI: done in 1.75344 secs using 77.08% CPU
Optimizing NNI: done in 1.01687 secs using 116.8% CPU
Iteration 270 / LogL: -16013.270 / Time: 0h:6m:52s (0h:2m:18s left)
Optimizing NNI: done in 0.883038 secs using 115.1% CPU
Optimizing NNI: done in 0.851607 secs using 140.1% CPU
Optimizing NNI: done in 0.871489 secs using 147.9% CPU
Optimizing NNI: done in 0.66997 secs using 173.6% CPU
BETTER TREE FOUND at iteration 274: -16012.418
Optimizing NNI: done in 0.815649 secs using 157.5% CPU
BETTER TREE FOUND at iteration 275: -16012.417
Optimizing NNI: done in 0.956787 secs using 117.2% CPU
Optimizing NNI: done in 0.842678 secs using 139.7% CPU
Optimizing NNI: done in 1.1709 secs using 102.3% CPU
Optimizing NNI: done in 0.544143 secs using 188.2% CPU
Optimizing NNI: done in 0.527179 secs using 197.6% CPU
Iteration 280 / LogL: -16027.305 / Time: 0h:7m:1s (0h:2m:23s left)
Optimizing NNI: done in 0.509602 secs using 199.6% CPU
Optimizing NNI: done in 0.665675 secs using 177.7% CPU
Optimizing NNI: done in 0.801871 secs using 159.3% CPU
Optimizing NNI: done in 0.809053 secs using 123.2% CPU
Optimizing NNI: done in 0.761504 secs using 157.8% CPU
Optimizing NNI: done in 0.54317 secs using 168% CPU
Optimizing NNI: done in 0.854771 secs using 155.7% CPU
Optimizing NNI: done in 0.753679 secs using 163% CPU
Optimizing NNI: done in 0.618459 secs using 155.2% CPU
Optimizing NNI: done in 1.08102 secs using 106.7% CPU
Iteration 290 / LogL: -16013.615 / Time: 0h:7m:8s (0h:2m:5s left)
Optimizing NNI: done in 0.559271 secs using 163.4% CPU
Optimizing NNI: done in 0.880432 secs using 134.1% CPU
Optimizing NNI: done in 1.08686 secs using 133% CPU
Optimizing NNI: done in 0.690701 secs using 143.3% CPU
Optimizing NNI: done in 0.867208 secs using 139.2% CPU
Optimizing NNI: done in 1.17143 secs using 125.7% CPU
Optimizing NNI: done in 0.73075 secs using 141.1% CPU
Optimizing NNI: done in 0.834393 secs using 123.3% CPU
Optimizing NNI: done in 1.03535 secs using 103.2% CPU
Optimizing NNI: done in 0.677249 secs using 163.9% CPU
Iteration 300 / LogL: -16021.539 / Time: 0h:7m:17s (0h:1m:49s left)
Optimizing NNI: done in 0.711492 secs using 166.2% CPU
Optimizing NNI: done in 0.773307 secs using 128.7% CPU
Optimizing NNI: done in 0.807287 secs using 124.7% CPU
Optimizing NNI: done in 0.968412 secs using 113.5% CPU
Optimizing NNI: done in 0.811677 secs using 149% CPU
UPDATE BEST LOG-LIKELIHOOD: -16012.416
Optimizing NNI: done in 0.560306 secs using 166.5% CPU
Optimizing NNI: done in 0.578128 secs using 172.1% CPU
Optimizing NNI: done in 0.43131 secs using 184.7% CPU
Optimizing NNI: done in 0.699631 secs using 163.9% CPU
Optimizing NNI: done in 1.24416 secs using 102.8% CPU
Iteration 310 / LogL: -16017.491 / Time: 0h:7m:25s (0h:1m:33s left)
Optimizing NNI: done in 0.850024 secs using 156.3% CPU
Optimizing NNI: done in 0.687497 secs using 165.3% CPU
Optimizing NNI: done in 1.08364 secs using 117.3% CPU
Optimizing NNI: done in 0.929515 secs using 125.9% CPU
Optimizing NNI: done in 0.840931 secs using 131.4% CPU
Optimizing NNI: done in 0.640109 secs using 163.5% CPU
Optimizing NNI: done in 0.465435 secs using 196.3% CPU
Optimizing NNI: done in 0.449477 secs using 176.6% CPU
Optimizing NNI: done in 0.764043 secs using 160.6% CPU
Optimizing NNI: done in 0.726462 secs using 161.3% CPU
Iteration 320 / LogL: -16012.417 / Time: 0h:7m:32s (0h:1m:18s left)
Optimizing NNI: done in 0.8945 secs using 134.6% CPU
Optimizing NNI: done in 1.11757 secs using 115.2% CPU
Optimizing NNI: done in 1.27916 secs using 103.4% CPU
Optimizing NNI: done in 0.748332 secs using 130.2% CPU
Optimizing NNI: done in 1.01263 secs using 139.6% CPU
Optimizing NNI: done in 0.534703 secs using 176.1% CPU
Optimizing NNI: done in 0.525278 secs using 190.7% CPU
Optimizing NNI: done in 0.534638 secs using 168.3% CPU
Optimizing NNI: done in 0.796766 secs using 150.8% CPU
Optimizing NNI: done in 0.764465 secs using 139.1% CPU
Iteration 330 / LogL: -16012.736 / Time: 0h:7m:41s (0h:1m:3s left)
Optimizing NNI: done in 0.757921 secs using 135% CPU
Optimizing NNI: done in 0.710263 secs using 129.7% CPU
Optimizing NNI: done in 0.714725 secs using 139.5% CPU
Optimizing NNI: done in 1.21016 secs using 90.51% CPU
Optimizing NNI: done in 0.691083 secs using 139.9% CPU
Optimizing NNI: done in 0.657287 secs using 154.7% CPU
Optimizing NNI: done in 0.74702 secs using 146.5% CPU
Optimizing NNI: done in 0.809736 secs using 142.7% CPU
Optimizing NNI: done in 0.726361 secs using 152.7% CPU
Optimizing NNI: done in 0.745711 secs using 137.4% CPU
Iteration 340 / LogL: -16013.928 / Time: 0h:7m:48s (0h:0m:48s left)
Optimizing NNI: done in 0.846423 secs using 129.8% CPU
Optimizing NNI: done in 0.569787 secs using 143.9% CPU
Optimizing NNI: done in 0.839426 secs using 118.1% CPU
Optimizing NNI: done in 0.941668 secs using 130.3% CPU
Optimizing NNI: done in 0.958571 secs using 117.2% CPU
Optimizing NNI: done in 0.828776 secs using 130.4% CPU
Optimizing NNI: done in 0.595117 secs using 143% CPU
Optimizing NNI: done in 0.987332 secs using 118.4% CPU
Optimizing NNI: done in 1.19773 secs using 116.9% CPU
Optimizing NNI: done in 0.791266 secs using 126.6% CPU
Iteration 350 / LogL: -16017.246 / Time: 0h:7m:57s (0h:0m:34s left)
Optimizing NNI: done in 0.578441 secs using 160.2% CPU
Optimizing NNI: done in 0.852531 secs using 128.1% CPU
Optimizing NNI: done in 0.630255 secs using 148.9% CPU
Optimizing NNI: done in 0.835015 secs using 152.3% CPU
Optimizing NNI: done in 1.07989 secs using 125.8% CPU
Optimizing NNI: done in 0.941795 secs using 128.6% CPU
Optimizing NNI: done in 0.474287 secs using 191.9% CPU
Optimizing NNI: done in 0.838483 secs using 135.7% CPU
BETTER TREE FOUND at iteration 358: -16012.416
Optimizing NNI: done in 1.0207 secs using 133.7% CPU
Optimizing NNI: done in 0.969167 secs using 112.9% CPU
Iteration 360 / LogL: -16029.951 / Time: 0h:8m:6s (0h:2m:12s left)
Optimizing NNI: done in 1.19831 secs using 102.7% CPU
Optimizing NNI: done in 0.781882 secs using 131.6% CPU
Optimizing NNI: done in 0.709767 secs using 162.6% CPU
Optimizing NNI: done in 0.453109 secs using 184.4% CPU
Optimizing NNI: done in 0.954343 secs using 129.1% CPU
Optimizing NNI: done in 1.07196 secs using 127.6% CPU
Optimizing NNI: done in 0.653975 secs using 170.8% CPU
Optimizing NNI: done in 0.856677 secs using 118.7% CPU
Optimizing NNI: done in 0.900103 secs using 134.3% CPU
Optimizing NNI: done in 0.767835 secs using 155.2% CPU
Iteration 370 / LogL: -16013.851 / Time: 0h:8m:14s (0h:1m:57s left)
Optimizing NNI: done in 0.877353 secs using 125.6% CPU
Optimizing NNI: done in 0.882071 secs using 124.2% CPU
Optimizing NNI: done in 0.665242 secs using 138.7% CPU
Optimizing NNI: done in 0.77075 secs using 133.5% CPU
Optimizing NNI: done in 0.502573 secs using 172.7% CPU
Optimizing NNI: done in 0.832225 secs using 131.3% CPU
Optimizing NNI: done in 0.882393 secs using 121.4% CPU
Optimizing NNI: done in 0.693578 secs using 139.3% CPU
Optimizing NNI: done in 0.871115 secs using 142.9% CPU
Optimizing NNI: done in 0.878983 secs using 126.8% CPU
Iteration 380 / LogL: -16014.795 / Time: 0h:8m:22s (0h:1m:43s left)
Optimizing NNI: done in 0.779501 secs using 152.7% CPU
Optimizing NNI: done in 0.86654 secs using 134.6% CPU
Optimizing NNI: done in 0.952376 secs using 127.4% CPU
Optimizing NNI: done in 0.75115 secs using 125.5% CPU
UPDATE BEST LOG-LIKELIHOOD: -16012.415
Optimizing NNI: done in 0.911351 secs using 135.1% CPU
Optimizing NNI: done in 1.05697 secs using 132.2% CPU
Optimizing NNI: done in 0.697742 secs using 153.8% CPU
Optimizing NNI: done in 1.21611 secs using 121% CPU
Optimizing NNI: done in 0.889157 secs using 134.7% CPU
Optimizing NNI: done in 0.529334 secs using 191.5% CPU
UPDATE BEST LOG-LIKELIHOOD: -16012.415
Iteration 390 / LogL: -16012.415 / Time: 0h:8m:31s (0h:1m:29s left)
Optimizing NNI: done in 1.02996 secs using 102.9% CPU
Optimizing NNI: done in 0.645343 secs using 166.4% CPU
Optimizing NNI: done in 0.670485 secs using 168.3% CPU
Optimizing NNI: done in 0.664218 secs using 177.7% CPU
Optimizing NNI: done in 0.610329 secs using 170.9% CPU
Optimizing NNI: done in 0.607849 secs using 183.6% CPU
Optimizing NNI: done in 0.809813 secs using 135.8% CPU
Optimizing NNI: done in 0.825685 secs using 137.5% CPU
Optimizing NNI: done in 1.12431 secs using 132.6% CPU
Optimizing NNI: done in 1.11226 secs using 131.8% CPU
Iteration 400 / LogL: -16017.764 / Time: 0h:8m:39s (0h:1m:15s left)
Optimizing NNI: done in 0.548868 secs using 163.5% CPU
Optimizing NNI: done in 0.701862 secs using 159.7% CPU
Optimizing NNI: done in 0.875188 secs using 144.4% CPU
Optimizing NNI: done in 0.777703 secs using 144% CPU
Optimizing NNI: done in 0.67485 secs using 144.7% CPU
Optimizing NNI: done in 0.562686 secs using 160.7% CPU
Optimizing NNI: done in 1.16807 secs using 132.6% CPU
Optimizing NNI: done in 1.04769 secs using 168.5% CPU
Optimizing NNI: done in 0.981005 secs using 157.9% CPU
Optimizing NNI: done in 1.34774 secs using 126.3% CPU
Iteration 410 / LogL: -16015.774 / Time: 0h:8m:48s (0h:1m:2s left)
Optimizing NNI: done in 0.923651 secs using 137.8% CPU
Optimizing NNI: done in 1.09437 secs using 128.3% CPU
Optimizing NNI: done in 1.15175 secs using 136% CPU
Optimizing NNI: done in 0.833237 secs using 167.4% CPU
Optimizing NNI: done in 0.767853 secs using 164.8% CPU
Optimizing NNI: done in 0.951741 secs using 170.6% CPU
Optimizing NNI: done in 0.823236 secs using 131.2% CPU
Optimizing NNI: done in 0.794366 secs using 138.2% CPU
Optimizing NNI: done in 1.0703 secs using 104.6% CPU
Optimizing NNI: done in 1.11544 secs using 100% CPU
Iteration 420 / LogL: -16012.461 / Time: 0h:8m:58s (0h:0m:48s left)
Optimizing NNI: done in 0.771716 secs using 142.5% CPU
Optimizing NNI: done in 0.738625 secs using 140.8% CPU
Optimizing NNI: done in 0.596871 secs using 161.7% CPU
Optimizing NNI: done in 0.908844 secs using 134.6% CPU
Optimizing NNI: done in 0.833379 secs using 143.5% CPU
Optimizing NNI: done in 0.777927 secs using 140.9% CPU
Optimizing NNI: done in 0.994991 secs using 125.5% CPU
Optimizing NNI: done in 0.673042 secs using 132.5% CPU
Optimizing NNI: done in 0.881394 secs using 117.7% CPU
Optimizing NNI: done in 0.889422 secs using 114.8% CPU
Iteration 430 / LogL: -16012.734 / Time: 0h:9m:6s (0h:0m:35s left)
Optimizing NNI: done in 0.706616 secs using 121.5% CPU
Optimizing NNI: done in 1.26512 secs using 95.12% CPU
Optimizing NNI: done in 0.71902 secs using 138.6% CPU
Optimizing NNI: done in 0.66924 secs using 150.5% CPU
Optimizing NNI: done in 1.10512 secs using 122.1% CPU
Optimizing NNI: done in 0.773651 secs using 123% CPU
Optimizing NNI: done in 0.947976 secs using 138.7% CPU
Optimizing NNI: done in 1.06709 secs using 122.1% CPU
Optimizing NNI: done in 0.993145 secs using 121.6% CPU
Optimizing NNI: done in 0.779787 secs using 140.2% CPU
Iteration 440 / LogL: -16028.458 / Time: 0h:9m:15s (0h:0m:22s left)
Optimizing NNI: done in 0.866209 secs using 136.7% CPU
Optimizing NNI: done in 0.801132 secs using 122.8% CPU
Optimizing NNI: done in 0.769541 secs using 141.7% CPU
Optimizing NNI: done in 0.848496 secs using 134.3% CPU
Optimizing NNI: done in 0.602396 secs using 142.5% CPU
Optimizing NNI: done in 0.553669 secs using 160.5% CPU
Optimizing NNI: done in 0.945406 secs using 119.9% CPU
Optimizing NNI: done in 0.872595 secs using 139.4% CPU
Optimizing NNI: done in 0.797963 secs using 151.3% CPU
Optimizing NNI: done in 0.595336 secs using 165.3% CPU
Iteration 450 / LogL: -16036.548 / Time: 0h:9m:23s (0h:0m:10s left)
Optimizing NNI: done in 0.709005 secs using 136.2% CPU
Optimizing NNI: done in 1.05459 secs using 116.4% CPU
Optimizing NNI: done in 0.933813 secs using 122.8% CPU
Optimizing NNI: done in 0.684441 secs using 131.1% CPU
Optimizing NNI: done in 1.01185 secs using 129.4% CPU
Optimizing NNI: done in 0.665541 secs using 137.7% CPU
Optimizing NNI: done in 0.781171 secs using 141% CPU
Optimizing NNI: done in 0.843043 secs using 127.8% CPU
Optimizing NNI: done in 0.777928 secs using 128.6% CPU
TREE SEARCH COMPLETED AFTER 459 ITERATIONS / Time: 0h:9m:31s

--------------------------------------------------------------------
|                    FINALIZING TREE SEARCH                        |
--------------------------------------------------------------------
Performs final model parameters optimization
Estimate model parameters (epsilon = 0.010)
1. Initial log-likelihood: -16012.415
2. Current log-likelihood: -16012.398
Optimal log-likelihood: -16012.386
Rate parameters:  A-C: 1.25749  A-G: 3.30684  A-T: 0.95757  C-G: 1.81120  C-T: 5.23731  G-T: 1.00000
Base frequencies:  A: 0.290  C: 0.177  G: 0.255  T: 0.278
Site proportion and rates:  (0.509,0.101) (0.324,1.193) (0.133,2.806) (0.033,5.702)
Parameters optimization took 2 rounds (0.608 sec)
BEST SCORE FOUND : -16012.386
Total tree length: 3.642

Total number of iterations: 459
CPU time used for tree search: 534.094 sec (0h:8m:54s)
Wall-clock time used for tree search: 394.434 sec (0h:6m:34s)
Total CPU time used: 757.951 sec (0h:12m:37s)
Total wall-clock time used: 571.723 sec (0h:9m:31s)

Analysis results written to: 
  IQ-TREE report:                4G23940_iqtree_preliminary_superstrict_excluding_hybrids.iqtree
  Maximum-likelihood tree:       4G23940_iqtree_preliminary_superstrict_excluding_hybrids.treefile
  Likelihood distances:          4G23940_iqtree_preliminary_superstrict_excluding_hybrids.mldist
  Screen log file:               4G23940_iqtree_preliminary_superstrict_excluding_hybrids.log

ALISIM COMMAND
--------------
--alisim simulated_MSA -t 4G23940_iqtree_preliminary_superstrict_excluding_hybrids.treefile -m "GTR{1.25749,3.30684,0.957574,1.8112,5.23731}+F{0.289625,0.177235,0.255215,0.277925}+R4{0.509493,0.101194,0.324467,1.19323,0.133128,2.80641,0.0329119,5.70216}" --length 860

Date and Time: Fri Jun  2 08:08:24 2023
