IQ-TREE multicore version 2.2.2 COVID-edition for Linux 64-bit built Sep 20 2022
Developed by Bui Quang Minh, James Barbetti, Nguyen Lam Tung,
Olga Chernomor, Heiko Schmidt, Dominik Schrempf, Michael Woodhams, Ly Trong Nhan.

Host:    netdc-bms-c11f (AVX2, FMA3, 377 GB RAM)
Command: /home/kasper.hendriks/iqtree-2.2.2-Linux/bin/iqtree2 -s 4G30720_taper_preliminary_superstrict_excluding_hybrids.fasta -nm 1000 -m GTR+F+R -nt AUTO --prefix 4G30720_iqtree_preliminary_superstrict_excluding_hybrids
Seed:    341533 (Using SPRNG - Scalable Parallel Random Number Generator)
Time:    Fri Jun  2 07:59:21 2023
Kernel:  AVX+FMA - auto-detect threads (56 CPU cores detected)

Reading alignment file 4G30720_taper_preliminary_superstrict_excluding_hybrids.fasta ... Fasta format detected
Reading fasta file: done in 0.000848055 secs using 99.88% CPU
Alignment most likely contains DNA/RNA sequences
Constructing alignment: done in 0.00168586 secs using 1344% CPU
Alignment has 134 sequences with 234 columns, 148 distinct patterns
91 parsimony-informative, 22 singleton sites, 121 constant sites
               Gap/Ambiguity  Composition  p-value
Analyzing sequences: done in 0.0173249 secs using 967.6% CPU
   1  PAFTOL_019361    0.00%    passed     66.75%
   2  S0055            0.43%    passed     99.65%
   3  S0196sl          0.00%    passed     94.73%
   4  S0278            0.00%    passed     94.31%
   5  S0281            0.00%    passed     99.58%
   6  S0282            0.00%    passed     99.61%
   7  S0288            0.43%    passed     95.25%
   8  S0289            0.00%    passed     99.50%
   9  S0292            0.43%    passed     96.93%
  10  S0293            0.00%    passed     97.50%
  11  S0294            0.43%    passed     81.09%
  12  S0299            0.00%    passed     92.32%
  13  S0303            0.85%    passed     96.66%
  14  S0308            0.43%    passed     98.41%
  15  S0320            0.00%    passed     99.47%
  16  S0322            0.43%    passed     94.59%
  17  S0327            0.00%    passed     97.63%
  18  S0335            0.00%    passed     95.79%
  19  S0345            0.00%    passed     99.50%
  20  S0355            0.00%    passed     96.24%
  21  S0376            1.28%    passed     99.72%
  22  S0400            0.00%    passed     98.83%
  23  S0405            0.43%    passed     99.65%
  24  S0407sl          2.14%    passed     99.75%
  25  S0412sl          0.00%    passed     97.41%
  26  S0417            0.85%    passed     98.47%
  27  S0419            0.00%    passed     98.00%
  28  S0427            0.00%    passed     98.62%
  29  S0428sl          0.00%    passed     98.81%
  30  S0430            0.00%    passed     97.76%
  31  S0478            0.00%    passed     99.88%
  32  S0552sl          0.00%    passed     86.04%
  33  S0558            1.28%    passed     97.56%
  34  S0616            0.00%    passed     95.72%
  35  S0624            0.85%    passed     89.62%
  36  S0641            0.00%    passed     96.90%
  37  S0643            0.00%    passed     96.90%
  38  S0645sl          0.00%    passed     92.78%
  39  S0656sl          0.85%    passed     96.52%
  40  S0673            0.00%    passed     99.49%
  41  S0689            0.43%    passed     76.23%
  42  S0690            0.00%    passed     98.83%
  43  S0720            0.43%    passed     96.86%
  44  S0724sl          0.00%    passed     97.09%
  45  S0735            0.00%    passed     34.31%
  46  S0742            0.00%    passed     96.33%
  47  S0748            0.43%    passed     97.92%
  48  S0756            0.00%    passed     98.83%
  49  S0758            0.00%    passed     86.04%
  50  S0760            0.00%    passed     94.73%
  51  S0763            0.00%    passed     98.85%
  52  S0765            0.00%    passed     94.73%
  53  S0770            0.43%    passed     90.62%
  54  S0771            0.00%    passed     98.87%
  55  S0795            0.00%    passed     98.62%
  56  S0827            0.00%    passed     98.79%
  57  S0888            0.00%    passed     98.34%
  58  S0894            0.85%    passed     99.87%
  59  S0899            0.00%    passed     98.34%
  60  S0906            0.00%    passed     99.35%
  61  S0951            0.00%    passed     94.31%
  62  S0952            2.14%    passed     94.38%
  63  S0956            0.00%    passed     92.27%
  64  S0959            0.00%    passed     97.50%
  65  S0960            0.00%    passed     86.04%
  66  S0964            0.00%    passed     92.27%
  67  S1052sl          0.00%    passed     96.03%
  68  S1083            0.00%    passed     98.83%
  69  S1100            0.00%    passed     36.61%
  70  S1102            0.00%    passed     98.83%
  71  S1110            0.00%    passed     92.93%
  72  S1120            0.00%    passed     98.00%
  73  S1128            0.43%    passed     89.95%
  74  S1129sl          0.00%    passed     98.83%
  75  S1148            1.71%    passed     44.98%
  76  S1177            0.00%    passed     98.00%
  77  S1180            0.00%    passed     21.40%
  78  S1187sl         18.38%    passed     63.25%
  79  S1189            6.41%    passed     99.96%
  80  S1201sl          0.00%    passed     93.98%
  81  S1210            0.00%    passed     93.02%
  82  S1211            0.85%    passed     99.88%
  83  S1214sl          0.00%    passed     89.45%
  84  S1223            0.00%    passed     34.20%
  85  S1227            0.00%    passed     98.83%
  86  S1235sl          0.00%    passed     82.38%
  87  S1238sl          0.00%    passed     87.98%
  88  S1239            7.26%    passed     98.63%
  89  S1245            0.43%    passed     98.79%
  90  S1246            0.00%    passed     97.90%
  91  S1249            0.43%    passed     94.44%
  92  S1250sl          0.43%    passed     94.01%
  93  S1251            0.00%    passed     99.66%
  94  S1260            1.28%    passed     95.97%
  95  S1266sl          0.00%    passed     96.21%
  96  S1269            0.00%    passed     96.21%
  97  S1278            0.00%    passed     98.83%
  98  S1315            0.00%    passed     99.49%
  99  S1332            0.00%    passed     98.29%
 100  S1366            0.00%    passed     98.43%
 101  S1369            0.00%    passed     98.83%
 102  S1370            0.00%    passed     97.75%
 103  S1375            0.00%    passed     99.35%
 104  S1376            0.43%    passed     96.36%
 105  S1381            5.98%    passed     99.39%
 106  S1405            0.85%    passed     88.05%
 107  S1422            0.00%    passed     86.47%
 108  S1449            0.85%    passed     91.33%
 109  S1451            0.00%    passed     91.78%
 110  S1460            0.00%    passed     99.18%
 111  S1462            0.00%    passed     98.00%
 112  S1475            0.00%    passed     99.32%
 113  S1498            0.00%    passed     98.83%
 114  S1539            1.28%    passed     90.48%
 115  S_670            0.00%    passed     97.99%
 116  SRR11470320      0.00%    passed     98.83%
 117  SRR8528336       0.00%    passed     90.57%
 118  SRR8528341       0.00%    passed     99.61%
 119  SRR8528343       0.00%    passed     98.76%
 120  SRR8528347       0.00%    passed     98.29%
 121  SRR8528350       0.00%    passed     92.18%
 122  SRR8528354       0.00%    passed     98.60%
 123  SRR8528357       0.00%    passed     96.89%
 124  SRR8528359       0.00%    passed     91.49%
 125  SRR8528361       0.43%    passed     99.73%
 126  SRR8528365       0.00%    passed     94.34%
 127  SRR8528370       0.00%    passed     98.83%
 128  SRR8528372       0.00%    passed     92.09%
 129  SRR8528379       0.00%    passed     97.69%
 130  SRR8528381       0.00%    passed     42.36%
 131  SRR8528384       0.00%    passed     99.88%
 132  SRR8528389       0.00%    passed     99.34%
 133  SRR8528391       0.00%    passed     99.58%
 134  SRR8528400       0.00%    passed     97.96%
****  TOTAL            0.47%  0 sequences failed composition chi2 test (p-value<5%; df=3)
NOTE: S0760 is identical to S0196sl but kept for subsequent analysis
NOTE: S0690 is identical to S0400 but kept for subsequent analysis
NOTE: S0758 is identical to S0552sl but kept for subsequent analysis
NOTE: S1498 is identical to S1083 but kept for subsequent analysis
Checking for duplicate sequences: done in 0.011313 secs using 1388% CPU
Identifying sites to remove: done in 0.000717878 secs using 1521% CPU
NOTE: 6 identical sequences (see below) will be ignored for subsequent analysis
NOTE: S0765 (identical to S0196sl) is ignored but added at the end
NOTE: S0756 (identical to S0400) is ignored but added at the end
NOTE: S1227 (identical to S0400) is ignored but added at the end
NOTE: S1278 (identical to S0400) is ignored but added at the end
NOTE: S1369 (identical to S0400) is ignored but added at the end
NOTE: SRR11470320 (identical to S1083) is ignored but added at the end
Alignment was printed to 4G30720_iqtree_preliminary_superstrict_excluding_hybrids.uniqueseq.phy

For your convenience alignment with unique sequences printed to 4G30720_iqtree_preliminary_superstrict_excluding_hybrids.uniqueseq.phy

Create initial parsimony tree by phylogenetic likelihood library (PLL)... 0.066 seconds

NOTE: 2 MB RAM (0 GB) is required!
Measuring multi-threading efficiency up to 56 CPU cores
Increase to 10 rounds for branch lengths
405 trees examined
Threads: 1 / Time: 56.111 sec / Speedup: 1.000 / Efficiency: 100% / LogL: -5407
Threads: 2 / Time: 60.204 sec / Speedup: 0.932 / Efficiency: 47% / LogL: -5407
Determining AUTO threadcount: done in 116.316 secs using 97.88% CPU
BEST NUMBER OF THREADS: 1

Estimate model parameters (epsilon = 0.100)
1. Initial log-likelihood: -3155.665
2. Current log-likelihood: -3030.604
3. Current log-likelihood: -3025.818
4. Current log-likelihood: -3022.893
5. Current log-likelihood: -3020.862
6. Current log-likelihood: -3019.455
7. Current log-likelihood: -3018.456
8. Current log-likelihood: -3017.719
9. Current log-likelihood: -3017.234
10. Current log-likelihood: -3016.855
11. Current log-likelihood: -3016.561
12. Current log-likelihood: -3016.330
13. Current log-likelihood: -3016.147
14. Current log-likelihood: -3015.997
15. Current log-likelihood: -3015.871
16. Current log-likelihood: -3015.763
Optimal log-likelihood: -3015.615
Rate parameters:  A-C: 1.63081  A-G: 5.14099  A-T: 2.90994  C-G: 1.96250  C-T: 6.03760  G-T: 1.00000
Base frequencies:  A: 0.263  C: 0.163  G: 0.293  T: 0.280
Site proportion and rates:  (0.610,0.103) (0.010,0.215) (0.333,1.986) (0.047,5.852)
Parameters optimization took 16 rounds (2.651 sec)
Wrote distance file to... 
Computing ML distances based on estimated model parameters...
Calculating distance matrix: done in 0.110057 secs using 99.96% CPU
Computing ML distances took 0.110421 sec (of wall-clock time) 0.110371 sec (of CPU time)
Setting up auxiliary I and S matrices: done in 0.00109887 secs using 100% CPU
Constructing RapidNJ tree: done in 0.00332403 secs using 220.7% CPU
Computing RapidNJ tree took 0.004553 sec (of wall-clock time) 0.008563 sec (of CPU time)
Log-likelihood of RapidNJ tree: -3025.278
--------------------------------------------------------------------
|             INITIALIZING CANDIDATE TREE SET                      |
--------------------------------------------------------------------
Generating 98 parsimony trees... 2.159 second
Computing log-likelihood of 98 initial trees ... 1.592 seconds
Current best score: -2996.612

Do NNI search on 20 best initial trees
Optimizing NNI: done in 0.179017 secs using 100% CPU
Estimate model parameters (epsilon = 0.100)
BETTER TREE FOUND at iteration 1: -2987.656
Optimizing NNI: done in 0.130877 secs using 91.91% CPU
Optimizing NNI: done in 0.222787 secs using 85.74% CPU
Optimizing NNI: done in 0.234876 secs using 76.1% CPU
Optimizing NNI: done in 0.115978 secs using 86.16% CPU
Optimizing NNI: done in 0.160175 secs using 80.02% CPU
Optimizing NNI: done in 0.318826 secs using 65.69% CPU
Optimizing NNI: done in 0.253587 secs using 68.45% CPU
Optimizing NNI: done in 0.102427 secs using 99.85% CPU
Optimizing NNI: done in 0.151911 secs using 84.27% CPU
Iteration 10 / LogL: -2997.978 / Time: 0h:2m:5s
Optimizing NNI: done in 0.130462 secs using 81.6% CPU
Optimizing NNI: done in 0.231513 secs using 78.74% CPU
Optimizing NNI: done in 0.116091 secs using 79.49% CPU
Optimizing NNI: done in 0.322214 secs using 81.64% CPU
Optimizing NNI: done in 0.206927 secs using 82.59% CPU
Optimizing NNI: done in 0.292823 secs using 87.82% CPU
Estimate model parameters (epsilon = 0.100)
BETTER TREE FOUND at iteration 16: -2984.314
Optimizing NNI: done in 0.208681 secs using 99.99% CPU
Optimizing NNI: done in 0.143134 secs using 100% CPU
Optimizing NNI: done in 0.177036 secs using 100% CPU
Optimizing NNI: done in 0.262229 secs using 99.86% CPU
Iteration 20 / LogL: -3002.475 / Time: 0h:2m:7s
Finish initializing candidate tree set (20)
Current best tree score: -2984.314 / CPU time: 8.432
Number of iterations: 20
--------------------------------------------------------------------
|               OPTIMIZING CANDIDATE TREE SET                      |
--------------------------------------------------------------------
Optimizing NNI: done in 0.2997 secs using 78.4% CPU
Optimizing NNI: done in 0.446456 secs using 62.13% CPU
Optimizing NNI: done in 0.293048 secs using 69.35% CPU
Optimizing NNI: done in 0.380693 secs using 72.43% CPU
Optimizing NNI: done in 0.307468 secs using 58.37% CPU
Optimizing NNI: done in 0.280777 secs using 100% CPU
Estimate model parameters (epsilon = 0.100)
BETTER TREE FOUND at iteration 26: -2983.585
Optimizing NNI: done in 0.312194 secs using 99.99% CPU
Optimizing NNI: done in 0.213076 secs using 100% CPU
Optimizing NNI: done in 0.236628 secs using 100% CPU
Optimizing NNI: done in 0.231483 secs using 100% CPU
Iteration 30 / LogL: -2988.196 / Time: 0h:2m:11s (0h:7m:13s left)
Optimizing NNI: done in 0.315384 secs using 99.99% CPU
Estimate model parameters (epsilon = 0.100)
BETTER TREE FOUND at iteration 31: -2981.668
Optimizing NNI: done in 0.266561 secs using 100% CPU
Optimizing NNI: done in 0.405679 secs using 77.19% CPU
Optimizing NNI: done in 0.36404 secs using 74.62% CPU
Optimizing NNI: done in 0.514601 secs using 64.41% CPU
Optimizing NNI: done in 0.39755 secs using 74.9% CPU
Optimizing NNI: done in 0.489403 secs using 61.66% CPU
Optimizing NNI: done in 0.413138 secs using 66.1% CPU
Optimizing NNI: done in 0.390507 secs using 74.21% CPU
Optimizing NNI: done in 0.354505 secs using 99.77% CPU
Iteration 40 / LogL: -2981.943 / Time: 0h:2m:15s (0h:5m:15s left)
Optimizing NNI: done in 0.382358 secs using 99.95% CPU
Optimizing NNI: done in 0.280944 secs using 99.97% CPU
Optimizing NNI: done in 0.274399 secs using 99.97% CPU
Optimizing NNI: done in 0.261568 secs using 99.96% CPU
Optimizing NNI: done in 0.314051 secs using 99.97% CPU
Optimizing NNI: done in 0.288867 secs using 99.97% CPU
Estimate model parameters (epsilon = 0.100)
BETTER TREE FOUND at iteration 46: -2980.899
Optimizing NNI: done in 0.52464 secs using 50.11% CPU
Optimizing NNI: done in 0.442552 secs using 73.27% CPU
Optimizing NNI: done in 0.409117 secs using 70.71% CPU
Optimizing NNI: done in 0.395303 secs using 62.48% CPU
Iteration 50 / LogL: -2984.014 / Time: 0h:2m:19s (0h:4m:32s left)
Optimizing NNI: done in 0.31176 secs using 70.89% CPU
Optimizing NNI: done in 0.414375 secs using 86% CPU
Optimizing NNI: done in 0.218764 secs using 99.64% CPU
Optimizing NNI: done in 0.401698 secs using 87.73% CPU
Optimizing NNI: done in 0.334506 secs using 82.05% CPU
Optimizing NNI: done in 0.341651 secs using 99.46% CPU
Optimizing NNI: done in 0.296916 secs using 99.97% CPU
Optimizing NNI: done in 0.344304 secs using 99.95% CPU
Optimizing NNI: done in 0.265302 secs using 99.96% CPU
Optimizing NNI: done in 0.208528 secs using 99.96% CPU
Iteration 60 / LogL: -3001.820 / Time: 0h:2m:22s (0h:3m:27s left)
Optimizing NNI: done in 0.308391 secs using 96.42% CPU
BETTER TREE FOUND at iteration 61: -2980.891
Optimizing NNI: done in 0.377644 secs using 72.83% CPU
Optimizing NNI: done in 0.204417 secs using 74.36% CPU
Optimizing NNI: done in 0.394475 secs using 72.42% CPU
Optimizing NNI: done in 0.421514 secs using 77.64% CPU
Optimizing NNI: done in 0.298227 secs using 99.95% CPU
Optimizing NNI: done in 0.240984 secs using 99.6% CPU
Optimizing NNI: done in 0.246963 secs using 90.26% CPU
Estimate model parameters (epsilon = 0.100)
BETTER TREE FOUND at iteration 68: -2980.445
Optimizing NNI: done in 0.281697 secs using 99.89% CPU
Optimizing NNI: done in 0.353368 secs using 64.5% CPU
Iteration 70 / LogL: -2994.589 / Time: 0h:2m:25s (0h:3m:27s left)
Optimizing NNI: done in 0.357507 secs using 76.61% CPU
Optimizing NNI: done in 0.490598 secs using 60.76% CPU
Optimizing NNI: done in 0.188861 secs using 83.3% CPU
Optimizing NNI: done in 0.419062 secs using 64.85% CPU
Optimizing NNI: done in 0.239757 secs using 99.98% CPU
Optimizing NNI: done in 0.407261 secs using 75.32% CPU
Optimizing NNI: done in 0.304736 secs using 100% CPU
Optimizing NNI: done in 0.307741 secs using 100% CPU
Optimizing NNI: done in 0.342611 secs using 99.99% CPU
Optimizing NNI: done in 0.340401 secs using 100% CPU
Iteration 80 / LogL: -2986.473 / Time: 0h:2m:29s (0h:2m:46s left)
Optimizing NNI: done in 0.221012 secs using 100% CPU
Optimizing NNI: done in 0.213975 secs using 98.3% CPU
Optimizing NNI: done in 0.277333 secs using 99.96% CPU
Optimizing NNI: done in 0.389111 secs using 69.8% CPU
Optimizing NNI: done in 0.416252 secs using 61.56% CPU
Optimizing NNI: done in 0.359001 secs using 73.26% CPU
Optimizing NNI: done in 0.371672 secs using 65.53% CPU
Optimizing NNI: done in 0.317175 secs using 90.23% CPU
Optimizing NNI: done in 0.275013 secs using 88.31% CPU
Optimizing NNI: done in 0.490291 secs using 52.71% CPU
Iteration 90 / LogL: -2981.471 / Time: 0h:2m:32s (0h:2m:13s left)
Optimizing NNI: done in 0.426839 secs using 68.88% CPU
Optimizing NNI: done in 0.398068 secs using 62.15% CPU
Optimizing NNI: done in 0.320193 secs using 71.45% CPU
Optimizing NNI: done in 0.403123 secs using 69% CPU
Optimizing NNI: done in 0.478731 secs using 61.58% CPU
Optimizing NNI: done in 0.400027 secs using 61.77% CPU
Optimizing NNI: done in 0.338137 secs using 78.66% CPU
Optimizing NNI: done in 0.359869 secs using 81.3% CPU
Optimizing NNI: done in 0.387546 secs using 57.93% CPU
Optimizing NNI: done in 0.353314 secs using 75.48% CPU
Iteration 100 / LogL: -2984.846 / Time: 0h:2m:36s (0h:1m:47s left)
Optimizing NNI: done in 0.326401 secs using 71.26% CPU
Optimizing NNI: done in 0.394591 secs using 64.59% CPU
Optimizing NNI: done in 0.466914 secs using 71.13% CPU
Optimizing NNI: done in 0.39992 secs using 65.8% CPU
Optimizing NNI: done in 0.297081 secs using 80.49% CPU
Optimizing NNI: done in 0.563773 secs using 56.92% CPU
Optimizing NNI: done in 0.432512 secs using 76.26% CPU
Optimizing NNI: done in 0.564238 secs using 58.44% CPU
Optimizing NNI: done in 0.464556 secs using 62.79% CPU
Optimizing NNI: done in 0.345033 secs using 71.09% CPU
Iteration 110 / LogL: -2981.104 / Time: 0h:2m:41s (0h:1m:25s left)
Optimizing NNI: done in 0.612351 secs using 51.64% CPU
Optimizing NNI: done in 0.555107 secs using 56.37% CPU
Optimizing NNI: done in 0.304505 secs using 75.02% CPU
Optimizing NNI: done in 0.442675 secs using 49.39% CPU
Optimizing NNI: done in 0.512461 secs using 52.57% CPU
Optimizing NNI: done in 0.311588 secs using 87.59% CPU
Optimizing NNI: done in 0.359536 secs using 71.13% CPU
Optimizing NNI: done in 0.344258 secs using 62.39% CPU
Optimizing NNI: done in 0.334481 secs using 72.99% CPU
Optimizing NNI: done in 0.421499 secs using 62.97% CPU
Iteration 120 / LogL: -2982.464 / Time: 0h:2m:45s (0h:1m:6s left)
Optimizing NNI: done in 0.416054 secs using 57.68% CPU
Optimizing NNI: done in 0.309307 secs using 62.48% CPU
Optimizing NNI: done in 0.387478 secs using 58.69% CPU
Optimizing NNI: done in 0.399099 secs using 63.86% CPU
Optimizing NNI: done in 0.395582 secs using 83.8% CPU
Optimizing NNI: done in 0.359162 secs using 67.67% CPU
Optimizing NNI: done in 0.380862 secs using 69.38% CPU
Optimizing NNI: done in 0.638537 secs using 35.83% CPU
Optimizing NNI: done in 0.529684 secs using 57.01% CPU
Optimizing NNI: done in 0.480782 secs using 54.27% CPU
Iteration 130 / LogL: -3010.100 / Time: 0h:2m:49s (0h:0m:50s left)
Optimizing NNI: done in 0.38068 secs using 78.97% CPU
Optimizing NNI: done in 0.363401 secs using 77.78% CPU
Optimizing NNI: done in 0.224103 secs using 100% CPU
Optimizing NNI: done in 0.44323 secs using 67.84% CPU
Optimizing NNI: done in 0.300437 secs using 85.79% CPU
Optimizing NNI: done in 0.255687 secs using 87.11% CPU
Optimizing NNI: done in 0.365954 secs using 62.89% CPU
Optimizing NNI: done in 0.356514 secs using 63.82% CPU
Optimizing NNI: done in 0.513045 secs using 57.27% CPU
Optimizing NNI: done in 0.46286 secs using 64.16% CPU
Iteration 140 / LogL: -2980.992 / Time: 0h:2m:53s (0h:0m:34s left)
Optimizing NNI: done in 0.441817 secs using 59.25% CPU
Estimate model parameters (epsilon = 0.100)
BETTER TREE FOUND at iteration 141: -2980.205
Optimizing NNI: done in 0.421824 secs using 58.28% CPU
Optimizing NNI: done in 0.340867 secs using 85.91% CPU
Optimizing NNI: done in 0.358121 secs using 65.38% CPU
Optimizing NNI: done in 0.427557 secs using 60.33% CPU
Optimizing NNI: done in 0.432248 secs using 76.34% CPU
Optimizing NNI: done in 0.501185 secs using 68.63% CPU
Optimizing NNI: done in 0.351461 secs using 69.15% CPU
Optimizing NNI: done in 0.532664 secs using 54.99% CPU
Estimate model parameters (epsilon = 0.100)
BETTER TREE FOUND at iteration 149: -2980.135
Optimizing NNI: done in 0.310857 secs using 70.98% CPU
BETTER TREE FOUND at iteration 150: -2980.132
Iteration 150 / LogL: -2980.132 / Time: 0h:2m:58s (0h:1m:59s left)
Optimizing NNI: done in 0.398712 secs using 72.05% CPU
Optimizing NNI: done in 0.375993 secs using 65.96% CPU
Optimizing NNI: done in 0.266867 secs using 99.81% CPU
Optimizing NNI: done in 0.255384 secs using 99.97% CPU
Optimizing NNI: done in 0.262389 secs using 99.74% CPU
Optimizing NNI: done in 0.252352 secs using 99.44% CPU
Optimizing NNI: done in 0.311472 secs using 97.73% CPU
Optimizing NNI: done in 0.259978 secs using 97.91% CPU
Optimizing NNI: done in 0.290602 secs using 99.88% CPU
Optimizing NNI: done in 0.291194 secs using 82.1% CPU
Iteration 160 / LogL: -2980.555 / Time: 0h:3m:1s (0h:1m:42s left)
Optimizing NNI: done in 0.18576 secs using 99.98% CPU
Optimizing NNI: done in 0.306329 secs using 99.96% CPU
Optimizing NNI: done in 0.401769 secs using 99.97% CPU
Optimizing NNI: done in 0.286842 secs using 99.95% CPU
Optimizing NNI: done in 0.251391 secs using 99.72% CPU
Optimizing NNI: done in 0.212722 secs using 99.34% CPU
Optimizing NNI: done in 0.272363 secs using 99.91% CPU
Optimizing NNI: done in 0.27745 secs using 82.21% CPU
Optimizing NNI: done in 0.409869 secs using 64.2% CPU
Optimizing NNI: done in 0.439225 secs using 70.86% CPU
Iteration 170 / LogL: -2994.594 / Time: 0h:3m:4s (0h:1m:27s left)
Optimizing NNI: done in 0.342354 secs using 61.44% CPU
Optimizing NNI: done in 0.534825 secs using 49.76% CPU
BETTER TREE FOUND at iteration 172: -2980.131
Optimizing NNI: done in 0.445035 secs using 49.65% CPU
Optimizing NNI: done in 0.609221 secs using 48.91% CPU
Optimizing NNI: done in 0.462745 secs using 64.68% CPU
Optimizing NNI: done in 0.223783 secs using 99.96% CPU
Optimizing NNI: done in 0.267536 secs using 98.13% CPU
Optimizing NNI: done in 0.36538 secs using 85.06% CPU
Optimizing NNI: done in 0.246544 secs using 99.96% CPU
Optimizing NNI: done in 0.242286 secs using 99.99% CPU
Iteration 180 / LogL: -2982.755 / Time: 0h:3m:8s (0h:1m:36s left)
Optimizing NNI: done in 0.309731 secs using 89.62% CPU
Optimizing NNI: done in 0.398304 secs using 67.84% CPU
Optimizing NNI: done in 0.458314 secs using 53.74% CPU
Optimizing NNI: done in 0.476326 secs using 62.33% CPU
Optimizing NNI: done in 0.526667 secs using 67.01% CPU
Estimate model parameters (epsilon = 0.100)
BETTER TREE FOUND at iteration 185: -2980.016
Optimizing NNI: done in 0.406407 secs using 74.63% CPU
Optimizing NNI: done in 0.418487 secs using 74.93% CPU
Optimizing NNI: done in 0.315584 secs using 71.13% CPU
Optimizing NNI: done in 0.467623 secs using 56.24% CPU
Optimizing NNI: done in 0.419719 secs using 58.54% CPU
Iteration 190 / LogL: -2986.488 / Time: 0h:3m:12s (0h:1m:36s left)
Optimizing NNI: done in 0.360645 secs using 70.61% CPU
Optimizing NNI: done in 0.252546 secs using 83.7% CPU
Optimizing NNI: done in 0.309837 secs using 71.76% CPU
Optimizing NNI: done in 0.385425 secs using 75.08% CPU
Optimizing NNI: done in 0.278761 secs using 75.41% CPU
Estimate model parameters (epsilon = 0.100)
BETTER TREE FOUND at iteration 195: -2979.924
Optimizing NNI: done in 0.312003 secs using 81.96% CPU
Optimizing NNI: done in 0.403122 secs using 64.93% CPU
Optimizing NNI: done in 0.459334 secs using 49.21% CPU
Optimizing NNI: done in 0.543281 secs using 40.65% CPU
Optimizing NNI: done in 0.426372 secs using 57.55% CPU
Iteration 200 / LogL: -2980.102 / Time: 0h:3m:16s (0h:1m:33s left)
Optimizing NNI: done in 0.419827 secs using 54.76% CPU
Optimizing NNI: done in 0.411581 secs using 68.2% CPU
Optimizing NNI: done in 0.409541 secs using 69.69% CPU
Optimizing NNI: done in 0.402138 secs using 48.74% CPU
Optimizing NNI: done in 0.464061 secs using 49.59% CPU
Optimizing NNI: done in 0.365446 secs using 85.58% CPU
Optimizing NNI: done in 0.264119 secs using 100% CPU
Optimizing NNI: done in 0.23801 secs using 99.99% CPU
Optimizing NNI: done in 0.234378 secs using 100% CPU
Optimizing NNI: done in 0.305968 secs using 100% CPU
Iteration 210 / LogL: -2982.524 / Time: 0h:3m:20s (0h:1m:21s left)
Optimizing NNI: done in 0.730455 secs using 48.39% CPU
Optimizing NNI: done in 0.290369 secs using 100% CPU
Optimizing NNI: done in 0.283135 secs using 100% CPU
Optimizing NNI: done in 0.241349 secs using 100% CPU
Optimizing NNI: done in 0.232028 secs using 100% CPU
Optimizing NNI: done in 0.242128 secs using 100% CPU
Optimizing NNI: done in 0.42206 secs using 54.87% CPU
Optimizing NNI: done in 0.536201 secs using 39.61% CPU
Optimizing NNI: done in 0.321519 secs using 70.74% CPU
Optimizing NNI: done in 0.442402 secs using 61.24% CPU
Iteration 220 / LogL: -2985.923 / Time: 0h:3m:24s (0h:1m:9s left)
Optimizing NNI: done in 0.376236 secs using 71.31% CPU
Optimizing NNI: done in 0.291778 secs using 98.83% CPU
Optimizing NNI: done in 0.553666 secs using 43.8% CPU
Optimizing NNI: done in 0.549555 secs using 45.35% CPU
Optimizing NNI: done in 0.433507 secs using 66.78% CPU
Optimizing NNI: done in 0.403108 secs using 63.28% CPU
Optimizing NNI: done in 0.358175 secs using 59.77% CPU
Optimizing NNI: done in 0.289487 secs using 73.75% CPU
Optimizing NNI: done in 0.176 secs using 99.99% CPU
Optimizing NNI: done in 0.262059 secs using 99.97% CPU
Iteration 230 / LogL: -2983.310 / Time: 0h:3m:28s (0h:0m:59s left)
Optimizing NNI: done in 0.234155 secs using 99.98% CPU
Optimizing NNI: done in 0.253042 secs using 99.96% CPU
Optimizing NNI: done in 0.274961 secs using 99.14% CPU
Optimizing NNI: done in 0.161021 secs using 98.9% CPU
Optimizing NNI: done in 0.374224 secs using 93.21% CPU
Optimizing NNI: done in 0.437482 secs using 64.04% CPU
Optimizing NNI: done in 0.333513 secs using 83.92% CPU
Optimizing NNI: done in 0.307242 secs using 100% CPU
Optimizing NNI: done in 0.305169 secs using 100% CPU
Optimizing NNI: done in 0.290127 secs using 99.98% CPU
Iteration 240 / LogL: -3027.665 / Time: 0h:3m:31s (0h:0m:48s left)
Optimizing NNI: done in 0.254106 secs using 99.96% CPU
Optimizing NNI: done in 0.231789 secs using 99.97% CPU
Optimizing NNI: done in 0.22568 secs using 99.97% CPU
BETTER TREE FOUND at iteration 243: -2979.922
Optimizing NNI: done in 0.376554 secs using 87.22% CPU
Optimizing NNI: done in 0.345432 secs using 68.7% CPU
Optimizing NNI: done in 0.295807 secs using 74.29% CPU
Optimizing NNI: done in 0.199018 secs using 91.86% CPU
Optimizing NNI: done in 0.490942 secs using 58.67% CPU
Optimizing NNI: done in 0.547701 secs using 49.82% CPU
Optimizing NNI: done in 0.536936 secs using 47.85% CPU
Iteration 250 / LogL: -2987.237 / Time: 0h:3m:34s (0h:1m:20s left)
Optimizing NNI: done in 0.386292 secs using 49.27% CPU
Optimizing NNI: done in 0.451452 secs using 50.38% CPU
Optimizing NNI: done in 0.753698 secs using 60.47% CPU
Optimizing NNI: done in 0.274388 secs using 82.51% CPU
Optimizing NNI: done in 0.254658 secs using 62.3% CPU
Optimizing NNI: done in 0.365036 secs using 77.94% CPU
Optimizing NNI: done in 0.212155 secs using 99.98% CPU
Optimizing NNI: done in 0.473451 secs using 59.12% CPU
Optimizing NNI: done in 0.38152 secs using 74.69% CPU
Estimate model parameters (epsilon = 0.100)
BETTER TREE FOUND at iteration 259: -2979.621
Optimizing NNI: done in 0.449459 secs using 61.25% CPU
Iteration 260 / LogL: -2981.136 / Time: 0h:3m:39s (0h:1m:23s left)
Optimizing NNI: done in 0.343866 secs using 81.21% CPU
Optimizing NNI: done in 0.379911 secs using 75.1% CPU
Optimizing NNI: done in 0.369515 secs using 66.94% CPU
Optimizing NNI: done in 0.340852 secs using 76.39% CPU
Optimizing NNI: done in 0.504008 secs using 73.51% CPU
Optimizing NNI: done in 0.359687 secs using 71.15% CPU
Optimizing NNI: done in 0.518578 secs using 56.39% CPU
Optimizing NNI: done in 0.400047 secs using 55.4% CPU
Optimizing NNI: done in 0.227703 secs using 100% CPU
Optimizing NNI: done in 0.354673 secs using 99.99% CPU
Iteration 270 / LogL: -2983.351 / Time: 0h:3m:43s (0h:1m:13s left)
Optimizing NNI: done in 0.380499 secs using 100% CPU
Optimizing NNI: done in 0.271077 secs using 94.09% CPU
Optimizing NNI: done in 0.363284 secs using 75.76% CPU
Optimizing NNI: done in 0.462947 secs using 55.41% CPU
Optimizing NNI: done in 0.241623 secs using 87.97% CPU
Optimizing NNI: done in 0.321426 secs using 60.74% CPU
Optimizing NNI: done in 0.353077 secs using 68.26% CPU
Optimizing NNI: done in 0.230479 secs using 69.24% CPU
Optimizing NNI: done in 0.599147 secs using 58.04% CPU
Optimizing NNI: done in 0.401579 secs using 63.38% CPU
Iteration 280 / LogL: -2980.204 / Time: 0h:3m:46s (0h:1m:4s left)
Optimizing NNI: done in 0.597774 secs using 64.87% CPU
Optimizing NNI: done in 0.32791 secs using 90.02% CPU
Optimizing NNI: done in 0.296573 secs using 93.25% CPU
Estimate model parameters (epsilon = 0.100)
BETTER TREE FOUND at iteration 283: -2978.868
Optimizing NNI: done in 0.285554 secs using 97.92% CPU
Optimizing NNI: done in 0.251625 secs using 99.3% CPU
Optimizing NNI: done in 0.225142 secs using 100% CPU
Optimizing NNI: done in 0.350823 secs using 88.58% CPU
Optimizing NNI: done in 0.313475 secs using 100% CPU
Optimizing NNI: done in 0.329116 secs using 89.03% CPU
Optimizing NNI: done in 0.435328 secs using 66.32% CPU
Iteration 290 / LogL: -2981.543 / Time: 0h:3m:50s (0h:1m:14s left)
Optimizing NNI: done in 0.376229 secs using 80.89% CPU
Optimizing NNI: done in 0.343539 secs using 63.22% CPU
Optimizing NNI: done in 0.269858 secs using 98.07% CPU
Optimizing NNI: done in 0.340825 secs using 78.29% CPU
Optimizing NNI: done in 0.308363 secs using 70.03% CPU
Optimizing NNI: done in 0.382723 secs using 59.1% CPU
Optimizing NNI: done in 0.43324 secs using 78.12% CPU
Optimizing NNI: done in 0.280683 secs using 100% CPU
Optimizing NNI: done in 0.206435 secs using 99.72% CPU
Optimizing NNI: done in 0.286467 secs using 97.96% CPU
Iteration 300 / LogL: -2987.647 / Time: 0h:3m:53s (0h:1m:4s left)
Optimizing NNI: done in 0.265654 secs using 97.72% CPU
Optimizing NNI: done in 0.267466 secs using 97.95% CPU
Optimizing NNI: done in 0.261055 secs using 94.92% CPU
Estimate model parameters (epsilon = 0.100)
BETTER TREE FOUND at iteration 303: -2978.467
Optimizing NNI: done in 0.280567 secs using 99.98% CPU
Optimizing NNI: done in 0.245325 secs using 99.42% CPU
Optimizing NNI: done in 0.298906 secs using 97.87% CPU
Optimizing NNI: done in 0.30352 secs using 99.94% CPU
Optimizing NNI: done in 0.411277 secs using 71.65% CPU
Optimizing NNI: done in 0.380886 secs using 80.66% CPU
Optimizing NNI: done in 0.40356 secs using 64.96% CPU
Iteration 310 / LogL: -2983.028 / Time: 0h:3m:57s (0h:1m:11s left)
Optimizing NNI: done in 0.242431 secs using 99.56% CPU
Optimizing NNI: done in 0.303098 secs using 99.68% CPU
Estimate model parameters (epsilon = 0.100)
BETTER TREE FOUND at iteration 312: -2976.115
Optimizing NNI: done in 0.276034 secs using 100% CPU
Optimizing NNI: done in 0.228329 secs using 100% CPU
Optimizing NNI: done in 0.336271 secs using 98.92% CPU
Optimizing NNI: done in 0.184315 secs using 98.93% CPU
Optimizing NNI: done in 0.255976 secs using 98.68% CPU
Optimizing NNI: done in 0.29426 secs using 98.66% CPU
Optimizing NNI: done in 0.263559 secs using 83.12% CPU
Optimizing NNI: done in 0.256052 secs using 98.42% CPU
Iteration 320 / LogL: -2976.862 / Time: 0h:4m:0s (0h:1m:9s left)
Optimizing NNI: done in 0.28204 secs using 99.98% CPU
Optimizing NNI: done in 0.469542 secs using 66.87% CPU
Optimizing NNI: done in 0.396571 secs using 71.91% CPU
Optimizing NNI: done in 0.421526 secs using 55.93% CPU
Optimizing NNI: done in 0.380088 secs using 65.94% CPU
Optimizing NNI: done in 0.215774 secs using 99.4% CPU
Optimizing NNI: done in 0.528508 secs using 40.57% CPU
Optimizing NNI: done in 0.362843 secs using 92.19% CPU
Optimizing NNI: done in 0.446396 secs using 64.29% CPU
Optimizing NNI: done in 0.52986 secs using 58.1% CPU
Iteration 330 / LogL: -2980.257 / Time: 0h:4m:4s (0h:1m:0s left)
Optimizing NNI: done in 0.445003 secs using 60.78% CPU
Optimizing NNI: done in 0.338697 secs using 64.57% CPU
Optimizing NNI: done in 0.325006 secs using 70.25% CPU
Optimizing NNI: done in 0.431232 secs using 78.12% CPU
Optimizing NNI: done in 0.48954 secs using 61.35% CPU
Optimizing NNI: done in 0.442787 secs using 64.44% CPU
Optimizing NNI: done in 0.349866 secs using 68.26% CPU
Optimizing NNI: done in 0.385863 secs using 73.86% CPU
Optimizing NNI: done in 0.419812 secs using 69.19% CPU
Optimizing NNI: done in 0.417111 secs using 66.68% CPU
Iteration 340 / LogL: -2976.535 / Time: 0h:4m:8s (0h:0m:52s left)
Optimizing NNI: done in 0.269679 secs using 100% CPU
Optimizing NNI: done in 0.289418 secs using 99.98% CPU
Optimizing NNI: done in 0.263326 secs using 99.99% CPU
Optimizing NNI: done in 0.176298 secs using 99.97% CPU
Optimizing NNI: done in 0.424273 secs using 68.55% CPU
Optimizing NNI: done in 0.370198 secs using 81.59% CPU
Optimizing NNI: done in 0.428294 secs using 68.39% CPU
Optimizing NNI: done in 0.349183 secs using 72.06% CPU
Optimizing NNI: done in 0.536227 secs using 56.95% CPU
Optimizing NNI: done in 0.454028 secs using 64.94% CPU
Iteration 350 / LogL: -2980.102 / Time: 0h:4m:12s (0h:0m:44s left)
Optimizing NNI: done in 0.404962 secs using 56.93% CPU
Optimizing NNI: done in 0.366349 secs using 55.53% CPU
Optimizing NNI: done in 0.207924 secs using 99.71% CPU
Optimizing NNI: done in 0.30708 secs using 99.43% CPU
Optimizing NNI: done in 0.242105 secs using 99.99% CPU
Optimizing NNI: done in 0.264207 secs using 79.95% CPU
Optimizing NNI: done in 0.374015 secs using 85.95% CPU
Optimizing NNI: done in 0.24521 secs using 99.38% CPU
Optimizing NNI: done in 0.241087 secs using 99.79% CPU
Optimizing NNI: done in 0.253257 secs using 100% CPU
Iteration 360 / LogL: -3011.596 / Time: 0h:4m:15s (0h:0m:36s left)
Optimizing NNI: done in 0.27468 secs using 99.98% CPU
Optimizing NNI: done in 0.331494 secs using 76.85% CPU
Optimizing NNI: done in 0.363169 secs using 74.63% CPU
Optimizing NNI: done in 0.396292 secs using 59.47% CPU
Optimizing NNI: done in 0.348838 secs using 72.12% CPU
Optimizing NNI: done in 0.461815 secs using 58.57% CPU
Optimizing NNI: done in 0.500594 secs using 55.19% CPU
Optimizing NNI: done in 0.371028 secs using 56.88% CPU
Optimizing NNI: done in 0.488497 secs using 58.96% CPU
Optimizing NNI: done in 0.474969 secs using 50.39% CPU
Iteration 370 / LogL: -2976.656 / Time: 0h:4m:19s (0h:0m:29s left)
Optimizing NNI: done in 0.478647 secs using 60.79% CPU
Optimizing NNI: done in 0.54562 secs using 50.78% CPU
Optimizing NNI: done in 0.278093 secs using 94.08% CPU
Optimizing NNI: done in 0.29485 secs using 89.04% CPU
Optimizing NNI: done in 0.318557 secs using 70.98% CPU
Optimizing NNI: done in 0.392492 secs using 75.28% CPU
Optimizing NNI: done in 0.365681 secs using 70.64% CPU
Optimizing NNI: done in 0.287277 secs using 73.48% CPU
Optimizing NNI: done in 0.362359 secs using 75.64% CPU
Optimizing NNI: done in 0.696255 secs using 42.38% CPU
Iteration 380 / LogL: -2979.184 / Time: 0h:4m:23s (0h:0m:22s left)
Optimizing NNI: done in 0.288616 secs using 97.9% CPU
Optimizing NNI: done in 0.343061 secs using 99.98% CPU
Optimizing NNI: done in 0.287959 secs using 99.97% CPU
Optimizing NNI: done in 0.24674 secs using 99.93% CPU
Optimizing NNI: done in 0.33795 secs using 84.56% CPU
Optimizing NNI: done in 0.507363 secs using 49.04% CPU
Optimizing NNI: done in 0.520082 secs using 41.44% CPU
Optimizing NNI: done in 0.43006 secs using 58.69% CPU
BETTER TREE FOUND at iteration 388: -2976.114
Optimizing NNI: done in 0.309176 secs using 99.99% CPU
Optimizing NNI: done in 0.29502 secs using 100% CPU
Iteration 390 / LogL: -2978.989 / Time: 0h:4m:27s (0h:1m:7s left)
Optimizing NNI: done in 0.250907 secs using 99.89% CPU
Optimizing NNI: done in 0.279555 secs using 99.99% CPU
Optimizing NNI: done in 0.207878 secs using 99.36% CPU
Optimizing NNI: done in 0.247146 secs using 100% CPU
Optimizing NNI: done in 0.272765 secs using 100% CPU
Optimizing NNI: done in 0.301238 secs using 90.73% CPU
Estimate model parameters (epsilon = 0.100)
BETTER TREE FOUND at iteration 396: -2974.759
Optimizing NNI: done in 0.208309 secs using 100% CPU
Optimizing NNI: done in 0.201242 secs using 99.97% CPU
Optimizing NNI: done in 0.248097 secs using 96.58% CPU
Optimizing NNI: done in 0.775183 secs using 36.78% CPU
Iteration 400 / LogL: -2981.040 / Time: 0h:4m:30s (0h:1m:5s left)
Optimizing NNI: done in 0.319716 secs using 71.21% CPU
Optimizing NNI: done in 0.376497 secs using 83% CPU
Optimizing NNI: done in 0.2862 secs using 88.8% CPU
Optimizing NNI: done in 0.348101 secs using 83.89% CPU
Optimizing NNI: done in 0.277704 secs using 94.24% CPU
Optimizing NNI: done in 0.340612 secs using 99.99% CPU
Optimizing NNI: done in 0.24091 secs using 78.53% CPU
Optimizing NNI: done in 0.242244 secs using 99.42% CPU
Optimizing NNI: done in 0.248152 secs using 100% CPU
Optimizing NNI: done in 0.252215 secs using 100% CPU
Iteration 410 / LogL: -2979.176 / Time: 0h:4m:33s (0h:0m:57s left)
Optimizing NNI: done in 0.288093 secs using 69.34% CPU
Optimizing NNI: done in 0.329614 secs using 72.12% CPU
Optimizing NNI: done in 0.310425 secs using 93.55% CPU
Optimizing NNI: done in 0.213936 secs using 100% CPU
Optimizing NNI: done in 0.190381 secs using 100% CPU
Optimizing NNI: done in 0.221606 secs using 100% CPU
Optimizing NNI: done in 0.22184 secs using 99.97% CPU
Optimizing NNI: done in 0.377754 secs using 99.95% CPU
Optimizing NNI: done in 0.335143 secs using 99.58% CPU
Optimizing NNI: done in 0.358362 secs using 84.37% CPU
Iteration 420 / LogL: -2984.489 / Time: 0h:4m:36s (0h:0m:50s left)
Optimizing NNI: done in 0.234422 secs using 100% CPU
Optimizing NNI: done in 0.342277 secs using 90.65% CPU
Optimizing NNI: done in 0.322596 secs using 81.43% CPU
Optimizing NNI: done in 0.23772 secs using 100% CPU
Optimizing NNI: done in 0.327541 secs using 99.98% CPU
Optimizing NNI: done in 0.312185 secs using 98.93% CPU
Optimizing NNI: done in 0.24018 secs using 99.98% CPU
Optimizing NNI: done in 0.213034 secs using 99.09% CPU
Optimizing NNI: done in 0.267747 secs using 98.75% CPU
Optimizing NNI: done in 0.256506 secs using 99.97% CPU
Iteration 430 / LogL: -2981.974 / Time: 0h:4m:39s (0h:0m:42s left)
Optimizing NNI: done in 0.184523 secs using 99.97% CPU
Optimizing NNI: done in 0.262872 secs using 99.96% CPU
Optimizing NNI: done in 0.300274 secs using 99.98% CPU
Optimizing NNI: done in 0.231062 secs using 99.97% CPU
Optimizing NNI: done in 0.268346 secs using 99.95% CPU
Optimizing NNI: done in 0.252775 secs using 99.97% CPU
Optimizing NNI: done in 0.186532 secs using 99.98% CPU
Optimizing NNI: done in 0.328666 secs using 99.98% CPU
Optimizing NNI: done in 0.297689 secs using 99.97% CPU
Optimizing NNI: done in 0.358143 secs using 99.98% CPU
Iteration 440 / LogL: -2977.100 / Time: 0h:4m:41s (0h:0m:35s left)
Optimizing NNI: done in 0.268281 secs using 99.98% CPU
BETTER TREE FOUND at iteration 441: -2974.757
Optimizing NNI: done in 0.26423 secs using 99.85% CPU
Optimizing NNI: done in 0.319988 secs using 99.98% CPU
Optimizing NNI: done in 0.254375 secs using 99.97% CPU
Optimizing NNI: done in 0.305531 secs using 99.98% CPU
Optimizing NNI: done in 0.294755 secs using 99.98% CPU
Optimizing NNI: done in 0.228407 secs using 99.98% CPU
Optimizing NNI: done in 0.237279 secs using 99.97% CPU
Optimizing NNI: done in 0.247073 secs using 99.98% CPU
Optimizing NNI: done in 0.196754 secs using 99.97% CPU
Iteration 450 / LogL: -2978.463 / Time: 0h:4m:44s (0h:0m:57s left)
Optimizing NNI: done in 0.316726 secs using 99.95% CPU
Optimizing NNI: done in 0.351926 secs using 87.65% CPU
Optimizing NNI: done in 0.441356 secs using 46.61% CPU
Optimizing NNI: done in 0.276002 secs using 100% CPU
Optimizing NNI: done in 0.242865 secs using 99.96% CPU
Optimizing NNI: done in 0.254631 secs using 100% CPU
Optimizing NNI: done in 0.251412 secs using 100% CPU
Optimizing NNI: done in 0.234351 secs using 99.93% CPU
Optimizing NNI: done in 0.271757 secs using 99.98% CPU
Optimizing NNI: done in 0.311741 secs using 99.99% CPU
Iteration 460 / LogL: -2974.997 / Time: 0h:4m:47s (0h:0m:50s left)
Optimizing NNI: done in 0.40934 secs using 51.35% CPU
Optimizing NNI: done in 0.315037 secs using 100% CPU
Optimizing NNI: done in 0.567561 secs using 50.27% CPU
Optimizing NNI: done in 0.235731 secs using 100% CPU
Optimizing NNI: done in 0.216977 secs using 100% CPU
Optimizing NNI: done in 0.22872 secs using 100% CPU
Optimizing NNI: done in 0.245942 secs using 99.99% CPU
Optimizing NNI: done in 0.248513 secs using 100% CPU
Optimizing NNI: done in 0.326382 secs using 53.42% CPU
Optimizing NNI: done in 0.259037 secs using 87.21% CPU
Iteration 470 / LogL: -2978.030 / Time: 0h:4m:50s (0h:0m:44s left)
Optimizing NNI: done in 0.299705 secs using 100% CPU
Optimizing NNI: done in 0.280943 secs using 99.99% CPU
Optimizing NNI: done in 0.252916 secs using 100% CPU
Optimizing NNI: done in 0.259227 secs using 99.99% CPU
Optimizing NNI: done in 0.355247 secs using 99.98% CPU
Optimizing NNI: done in 0.328552 secs using 100% CPU
Optimizing NNI: done in 0.303892 secs using 98.37% CPU
Optimizing NNI: done in 0.258013 secs using 99.99% CPU
Optimizing NNI: done in 0.277494 secs using 99.95% CPU
Optimizing NNI: done in 0.236802 secs using 99.99% CPU
Iteration 480 / LogL: -2976.403 / Time: 0h:4m:53s (0h:0m:37s left)
Optimizing NNI: done in 0.344062 secs using 99.96% CPU
Optimizing NNI: done in 0.321689 secs using 95.88% CPU
Optimizing NNI: done in 0.285227 secs using 99.98% CPU
Optimizing NNI: done in 0.250918 secs using 98.41% CPU
Optimizing NNI: done in 0.263262 secs using 99.98% CPU
Optimizing NNI: done in 0.295535 secs using 98.65% CPU
Optimizing NNI: done in 0.254058 secs using 99.98% CPU
Optimizing NNI: done in 0.254484 secs using 99.97% CPU
Optimizing NNI: done in 0.323729 secs using 99.95% CPU
Optimizing NNI: done in 0.228387 secs using 99.98% CPU
Iteration 490 / LogL: -2977.122 / Time: 0h:4m:56s (0h:0m:30s left)
Optimizing NNI: done in 0.277692 secs using 99.98% CPU
Optimizing NNI: done in 0.243844 secs using 99.98% CPU
Optimizing NNI: done in 0.273953 secs using 99.97% CPU
Optimizing NNI: done in 0.307379 secs using 99.98% CPU
Estimate model parameters (epsilon = 0.100)
BETTER TREE FOUND at iteration 494: -2974.360
Optimizing NNI: done in 0.272867 secs using 99.54% CPU
Optimizing NNI: done in 0.212891 secs using 99.98% CPU
Optimizing NNI: done in 0.245541 secs using 99.78% CPU
Optimizing NNI: done in 0.344773 secs using 98.78% CPU
Optimizing NNI: done in 0.314329 secs using 98.88% CPU
Optimizing NNI: done in 0.35037 secs using 83.79% CPU
Iteration 500 / LogL: -2988.140 / Time: 0h:4m:59s (0h:0m:56s left)
Optimizing NNI: done in 0.281549 secs using 85.76% CPU
Optimizing NNI: done in 0.323882 secs using 83.92% CPU
Optimizing NNI: done in 0.379586 secs using 75.87% CPU
Optimizing NNI: done in 0.348798 secs using 83.93% CPU
Optimizing NNI: done in 0.34908 secs using 80.54% CPU
Optimizing NNI: done in 0.221379 secs using 81.82% CPU
Optimizing NNI: done in 0.347779 secs using 79.67% CPU
Optimizing NNI: done in 0.338102 secs using 85.28% CPU
Optimizing NNI: done in 0.383449 secs using 60.25% CPU
Optimizing NNI: done in 0.581925 secs using 42.3% CPU
Iteration 510 / LogL: -2974.787 / Time: 0h:5m:3s (0h:0m:50s left)
Optimizing NNI: done in 0.331073 secs using 82.03% CPU
Optimizing NNI: done in 0.318479 secs using 63.81% CPU
Optimizing NNI: done in 0.378896 secs using 66.34% CPU
Optimizing NNI: done in 0.302572 secs using 69.31% CPU
Optimizing NNI: done in 0.192869 secs using 98.79% CPU
Optimizing NNI: done in 0.266617 secs using 99.98% CPU
Optimizing NNI: done in 0.616498 secs using 46.45% CPU
Optimizing NNI: done in 0.28252 secs using 100% CPU
Optimizing NNI: done in 0.212498 secs using 100% CPU
Optimizing NNI: done in 0.238549 secs using 99.99% CPU
Iteration 520 / LogL: -2978.121 / Time: 0h:5m:6s (0h:0m:43s left)
Optimizing NNI: done in 0.274126 secs using 100% CPU
Optimizing NNI: done in 0.2155 secs using 99.98% CPU
Optimizing NNI: done in 0.25609 secs using 99.98% CPU
Optimizing NNI: done in 0.30323 secs using 78.85% CPU
Optimizing NNI: done in 0.293965 secs using 61.88% CPU
Optimizing NNI: done in 0.417765 secs using 57.85% CPU
Optimizing NNI: done in 0.457758 secs using 63.25% CPU
Optimizing NNI: done in 0.523857 secs using 57.99% CPU
Optimizing NNI: done in 0.346286 secs using 76.89% CPU
Optimizing NNI: done in 0.385626 secs using 58.5% CPU
BETTER TREE FOUND at iteration 530: -2974.360
Iteration 530 / LogL: -2974.360 / Time: 0h:5m:10s (0h:0m:58s left)
Optimizing NNI: done in 0.461381 secs using 58.38% CPU
Optimizing NNI: done in 0.423277 secs using 62.19% CPU
Optimizing NNI: done in 0.392385 secs using 59.21% CPU
Optimizing NNI: done in 0.443183 secs using 73.81% CPU
Optimizing NNI: done in 0.43917 secs using 70.85% CPU
Optimizing NNI: done in 0.298757 secs using 89.28% CPU
Optimizing NNI: done in 0.250581 secs using 99.95% CPU
Optimizing NNI: done in 0.341002 secs using 88.27% CPU
Optimizing NNI: done in 0.25468 secs using 99.99% CPU
Optimizing NNI: done in 0.252213 secs using 99.97% CPU
Iteration 540 / LogL: -2974.735 / Time: 0h:5m:14s (0h:0m:52s left)
Optimizing NNI: done in 0.224422 secs using 99.98% CPU
Optimizing NNI: done in 0.227863 secs using 99.96% CPU
Optimizing NNI: done in 0.267648 secs using 99.3% CPU
Optimizing NNI: done in 0.411417 secs using 74.57% CPU
Optimizing NNI: done in 0.428359 secs using 75.57% CPU
Optimizing NNI: done in 0.477162 secs using 61.33% CPU
Optimizing NNI: done in 0.313568 secs using 66.67% CPU
Optimizing NNI: done in 0.234542 secs using 82.84% CPU
Optimizing NNI: done in 0.30236 secs using 84.12% CPU
Optimizing NNI: done in 0.43492 secs using 56.48% CPU
Iteration 550 / LogL: -2983.053 / Time: 0h:5m:17s (0h:0m:46s left)
Optimizing NNI: done in 0.461307 secs using 53.01% CPU
Optimizing NNI: done in 0.494662 secs using 68.52% CPU
Optimizing NNI: done in 0.24065 secs using 73.62% CPU
Optimizing NNI: done in 0.528238 secs using 57.53% CPU
Optimizing NNI: done in 0.470581 secs using 59.14% CPU
Optimizing NNI: done in 0.30628 secs using 67.05% CPU
Optimizing NNI: done in 0.389875 secs using 63.03% CPU
Optimizing NNI: done in 0.435275 secs using 65.8% CPU
Optimizing NNI: done in 0.46773 secs using 65.97% CPU
Optimizing NNI: done in 0.424966 secs using 50.87% CPU
Iteration 560 / LogL: -2979.222 / Time: 0h:5m:21s (0h:0m:40s left)
Optimizing NNI: done in 0.383366 secs using 62.65% CPU
Optimizing NNI: done in 0.428386 secs using 53.21% CPU
Optimizing NNI: done in 0.321817 secs using 70.73% CPU
Optimizing NNI: done in 0.335299 secs using 85.68% CPU
Optimizing NNI: done in 0.294071 secs using 75.2% CPU
Optimizing NNI: done in 0.289107 secs using 72.32% CPU
Optimizing NNI: done in 0.385952 secs using 67.55% CPU
Optimizing NNI: done in 0.381897 secs using 62.59% CPU
Optimizing NNI: done in 0.304246 secs using 77.62% CPU
Optimizing NNI: done in 0.285174 secs using 67.07% CPU
Iteration 570 / LogL: -2978.690 / Time: 0h:5m:25s (0h:0m:34s left)
Optimizing NNI: done in 0.336609 secs using 71.85% CPU
Optimizing NNI: done in 0.422982 secs using 73.25% CPU
BETTER TREE FOUND at iteration 572: -2974.360
Optimizing NNI: done in 0.333542 secs using 63.25% CPU
Optimizing NNI: done in 0.535819 secs using 49.95% CPU
Optimizing NNI: done in 0.566912 secs using 44.16% CPU
Optimizing NNI: done in 0.54342 secs using 42.39% CPU
Optimizing NNI: done in 0.384403 secs using 73.78% CPU
Optimizing NNI: done in 0.449949 secs using 64.41% CPU
Optimizing NNI: done in 0.340031 secs using 61.33% CPU
Optimizing NNI: done in 0.287185 secs using 67.36% CPU
Iteration 580 / LogL: -2977.620 / Time: 0h:5m:29s (0h:0m:52s left)
Optimizing NNI: done in 0.320212 secs using 70.94% CPU
Optimizing NNI: done in 0.369756 secs using 71.71% CPU
Optimizing NNI: done in 0.331553 secs using 75.59% CPU
Optimizing NNI: done in 0.381507 secs using 75.78% CPU
Optimizing NNI: done in 0.469097 secs using 60.49% CPU
Optimizing NNI: done in 0.477307 secs using 69.95% CPU
Optimizing NNI: done in 0.37132 secs using 71.28% CPU
Optimizing NNI: done in 0.376983 secs using 58.55% CPU
Optimizing NNI: done in 0.233028 secs using 87.77% CPU
Optimizing NNI: done in 0.373398 secs using 81.37% CPU
Iteration 590 / LogL: -2976.897 / Time: 0h:5m:33s (0h:0m:46s left)
Optimizing NNI: done in 0.328977 secs using 64.09% CPU
Optimizing NNI: done in 0.563704 secs using 40.43% CPU
Optimizing NNI: done in 0.309623 secs using 73.72% CPU
Optimizing NNI: done in 0.295676 secs using 72.75% CPU
Optimizing NNI: done in 0.324635 secs using 84.51% CPU
Optimizing NNI: done in 0.51282 secs using 50.54% CPU
Optimizing NNI: done in 0.462828 secs using 51.61% CPU
Optimizing NNI: done in 0.571269 secs using 56.34% CPU
Optimizing NNI: done in 0.381051 secs using 73.02% CPU
Optimizing NNI: done in 0.417322 secs using 62.73% CPU
Iteration 600 / LogL: -2975.863 / Time: 0h:5m:37s (0h:0m:40s left)
Optimizing NNI: done in 0.475635 secs using 53.59% CPU
Optimizing NNI: done in 0.518336 secs using 47.35% CPU
Optimizing NNI: done in 0.337796 secs using 65.54% CPU
Optimizing NNI: done in 0.408502 secs using 61.83% CPU
Optimizing NNI: done in 0.543182 secs using 52.17% CPU
Optimizing NNI: done in 0.339947 secs using 69.46% CPU
Optimizing NNI: done in 0.372704 secs using 74.24% CPU
Optimizing NNI: done in 0.353964 secs using 78.64% CPU
Optimizing NNI: done in 0.464891 secs using 52.47% CPU
Optimizing NNI: done in 0.367236 secs using 67.06% CPU
Iteration 610 / LogL: -2977.670 / Time: 0h:5m:42s (0h:0m:34s left)
Optimizing NNI: done in 0.398442 secs using 61.31% CPU
Optimizing NNI: done in 0.316113 secs using 58.45% CPU
Optimizing NNI: done in 0.334706 secs using 70.15% CPU
Optimizing NNI: done in 0.325071 secs using 63.66% CPU
Optimizing NNI: done in 0.441968 secs using 53.03% CPU
Optimizing NNI: done in 0.587587 secs using 49.29% CPU
Optimizing NNI: done in 0.441366 secs using 60.02% CPU
BETTER TREE FOUND at iteration 617: -2974.360
Optimizing NNI: done in 0.423086 secs using 60.79% CPU
Optimizing NNI: done in 0.352904 secs using 67.2% CPU
Optimizing NNI: done in 0.343919 secs using 65.43% CPU
Iteration 620 / LogL: -2974.360 / Time: 0h:5m:46s (0h:0m:54s left)
Optimizing NNI: done in 0.472487 secs using 48.38% CPU
Optimizing NNI: done in 0.458527 secs using 48.51% CPU
Optimizing NNI: done in 0.509973 secs using 49.01% CPU
Optimizing NNI: done in 0.524656 secs using 49.67% CPU
Optimizing NNI: done in 0.392101 secs using 58.15% CPU
Optimizing NNI: done in 0.548986 secs using 52.63% CPU
Optimizing NNI: done in 0.476145 secs using 49.57% CPU
Optimizing NNI: done in 0.583244 secs using 49.92% CPU
Optimizing NNI: done in 0.47826 secs using 72.23% CPU
Optimizing NNI: done in 0.496142 secs using 57.03% CPU
Iteration 630 / LogL: -2978.582 / Time: 0h:5m:51s (0h:0m:48s left)
Optimizing NNI: done in 0.417231 secs using 60.23% CPU
Optimizing NNI: done in 0.73822 secs using 41.56% CPU
Optimizing NNI: done in 0.597026 secs using 57.12% CPU
Optimizing NNI: done in 0.304656 secs using 67.42% CPU
Optimizing NNI: done in 0.562644 secs using 49.42% CPU
Optimizing NNI: done in 0.47507 secs using 49.48% CPU
Optimizing NNI: done in 0.800072 secs using 36.02% CPU
Optimizing NNI: done in 0.580816 secs using 49.72% CPU
Optimizing NNI: done in 0.49238 secs using 51.25% CPU
Optimizing NNI: done in 0.417387 secs using 75.32% CPU
Iteration 640 / LogL: -2974.360 / Time: 0h:5m:56s (0h:0m:42s left)
Optimizing NNI: done in 0.423005 secs using 66.26% CPU
Optimizing NNI: done in 0.305387 secs using 78.89% CPU
Optimizing NNI: done in 0.603056 secs using 59.37% CPU
Optimizing NNI: done in 0.53579 secs using 50% CPU
Optimizing NNI: done in 0.32617 secs using 74.75% CPU
Optimizing NNI: done in 0.439424 secs using 75.41% CPU
Optimizing NNI: done in 0.294449 secs using 80.08% CPU
Optimizing NNI: done in 0.462895 secs using 64.86% CPU
Optimizing NNI: done in 0.776029 secs using 34.93% CPU
Optimizing NNI: done in 0.612253 secs using 48.38% CPU
Iteration 650 / LogL: -2975.875 / Time: 0h:6m:1s (0h:0m:37s left)
Optimizing NNI: done in 0.607518 secs using 49.95% CPU
Optimizing NNI: done in 0.520664 secs using 49.3% CPU
Optimizing NNI: done in 0.577493 secs using 53.2% CPU
Optimizing NNI: done in 0.382511 secs using 71.31% CPU
Optimizing NNI: done in 0.520086 secs using 49.6% CPU
Optimizing NNI: done in 0.384194 secs using 70.07% CPU
Optimizing NNI: done in 0.380603 secs using 75.73% CPU
Optimizing NNI: done in 0.320039 secs using 79.59% CPU
Optimizing NNI: done in 0.412492 secs using 73.81% CPU
Optimizing NNI: done in 0.274701 secs using 69.6% CPU
Iteration 660 / LogL: -2977.383 / Time: 0h:6m:6s (0h:0m:31s left)
Optimizing NNI: done in 0.495163 secs using 65.26% CPU
Optimizing NNI: done in 0.495835 secs using 64.89% CPU
Optimizing NNI: done in 0.431937 secs using 70.26% CPU
Optimizing NNI: done in 0.373382 secs using 80.61% CPU
Optimizing NNI: done in 0.264287 secs using 84.18% CPU
Estimate model parameters (epsilon = 0.100)
BETTER TREE FOUND at iteration 665: -2973.921
Optimizing NNI: done in 0.416285 secs using 60.67% CPU
Optimizing NNI: done in 0.348378 secs using 78.16% CPU
Optimizing NNI: done in 0.522503 secs using 50.83% CPU
Optimizing NNI: done in 0.344262 secs using 86.06% CPU
Optimizing NNI: done in 0.267938 secs using 82.46% CPU
Iteration 670 / LogL: -2976.073 / Time: 0h:6m:10s (0h:0m:52s left)
Optimizing NNI: done in 0.364379 secs using 78.08% CPU
Optimizing NNI: done in 0.464577 secs using 72.24% CPU
Optimizing NNI: done in 0.430666 secs using 84.6% CPU
Optimizing NNI: done in 0.538339 secs using 37.47% CPU
Optimizing NNI: done in 0.468558 secs using 52.19% CPU
Optimizing NNI: done in 0.372344 secs using 74.22% CPU
Optimizing NNI: done in 0.279737 secs using 91.45% CPU
Optimizing NNI: done in 0.3228 secs using 78.8% CPU
Optimizing NNI: done in 0.410678 secs using 72.66% CPU
Optimizing NNI: done in 0.771172 secs using 42.65% CPU
Iteration 680 / LogL: -2976.531 / Time: 0h:6m:15s (0h:0m:46s left)
Optimizing NNI: done in 0.482325 secs using 60.19% CPU
Optimizing NNI: done in 0.361536 secs using 82.72% CPU
Estimate model parameters (epsilon = 0.100)
BETTER TREE FOUND at iteration 682: -2973.532
Optimizing NNI: done in 0.328918 secs using 68.18% CPU
Optimizing NNI: done in 0.287053 secs using 76.74% CPU
Optimizing NNI: done in 0.360474 secs using 62.09% CPU
Optimizing NNI: done in 0.330173 secs using 77.63% CPU
Optimizing NNI: done in 0.386212 secs using 81.02% CPU
Optimizing NNI: done in 0.250399 secs using 78.74% CPU
Optimizing NNI: done in 0.334987 secs using 78.72% CPU
Optimizing NNI: done in 0.334445 secs using 75.61% CPU
Iteration 690 / LogL: -2976.319 / Time: 0h:6m:18s (0h:0m:50s left)
Optimizing NNI: done in 0.381211 secs using 75.77% CPU
Optimizing NNI: done in 0.472311 secs using 63.12% CPU
Optimizing NNI: done in 0.40589 secs using 81.28% CPU
Optimizing NNI: done in 0.220471 secs using 87.97% CPU
Optimizing NNI: done in 0.23886 secs using 100% CPU
Optimizing NNI: done in 0.586199 secs using 29.27% CPU
Optimizing NNI: done in 0.572531 secs using 67.67% CPU
Optimizing NNI: done in 0.39457 secs using 61.73% CPU
Optimizing NNI: done in 1.04721 secs using 26.93% CPU
Optimizing NNI: done in 0.504134 secs using 50% CPU
Iteration 700 / LogL: -2988.181 / Time: 0h:6m:23s (0h:0m:44s left)
Optimizing NNI: done in 0.283982 secs using 77.53% CPU
Optimizing NNI: done in 0.290515 secs using 79.39% CPU
Optimizing NNI: done in 0.352742 secs using 84.12% CPU
Optimizing NNI: done in 0.432762 secs using 50.77% CPU
Optimizing NNI: done in 0.344586 secs using 67.79% CPU
Optimizing NNI: done in 0.286632 secs using 99.89% CPU
Optimizing NNI: done in 0.323986 secs using 99.84% CPU
Optimizing NNI: done in 0.217574 secs using 99.82% CPU
Optimizing NNI: done in 0.338943 secs using 85.74% CPU
Optimizing NNI: done in 0.134213 secs using 99.6% CPU
Iteration 710 / LogL: -2975.584 / Time: 0h:6m:26s (0h:0m:39s left)
Optimizing NNI: done in 0.313263 secs using 93.74% CPU
Optimizing NNI: done in 0.230547 secs using 99.48% CPU
Optimizing NNI: done in 0.226341 secs using 99.27% CPU
Optimizing NNI: done in 0.226282 secs using 99.78% CPU
Optimizing NNI: done in 0.20073 secs using 100% CPU
Optimizing NNI: done in 0.306408 secs using 76.41% CPU
Optimizing NNI: done in 0.540137 secs using 48.19% CPU
Optimizing NNI: done in 0.547437 secs using 48.68% CPU
Optimizing NNI: done in 0.328433 secs using 61.94% CPU
Optimizing NNI: done in 0.222896 secs using 73.07% CPU
Iteration 720 / LogL: -2982.323 / Time: 0h:6m:30s (0h:0m:33s left)
Optimizing NNI: done in 0.551588 secs using 41.4% CPU
Optimizing NNI: done in 0.634992 secs using 41.36% CPU
Optimizing NNI: done in 0.339171 secs using 72.54% CPU
Optimizing NNI: done in 0.278115 secs using 66.97% CPU
Optimizing NNI: done in 0.31758 secs using 73.07% CPU
Optimizing NNI: done in 0.424363 secs using 66.73% CPU
Optimizing NNI: done in 0.309869 secs using 83.86% CPU
Optimizing NNI: done in 0.454509 secs using 63.95% CPU
Optimizing NNI: done in 0.383622 secs using 75.83% CPU
Optimizing NNI: done in 0.387628 secs using 68.23% CPU
Iteration 730 / LogL: -2973.536 / Time: 0h:6m:34s (0h:0m:28s left)
Optimizing NNI: done in 0.33377 secs using 67.01% CPU
Optimizing NNI: done in 0.378315 secs using 53.5% CPU
Optimizing NNI: done in 0.516538 secs using 46.4% CPU
Optimizing NNI: done in 0.291288 secs using 85.98% CPU
Optimizing NNI: done in 0.348323 secs using 76.59% CPU
Optimizing NNI: done in 0.474621 secs using 60.56% CPU
Optimizing NNI: done in 0.238572 secs using 81.98% CPU
Optimizing NNI: done in 0.290756 secs using 84.83% CPU
Optimizing NNI: done in 0.330293 secs using 71.98% CPU
Optimizing NNI: done in 0.264033 secs using 82.03% CPU
Iteration 740 / LogL: -2977.688 / Time: 0h:6m:37s (0h:0m:22s left)
Optimizing NNI: done in 0.205294 secs using 99.42% CPU
Optimizing NNI: done in 0.450966 secs using 67.76% CPU
Optimizing NNI: done in 0.370353 secs using 67.35% CPU
Optimizing NNI: done in 0.399132 secs using 62.9% CPU
Optimizing NNI: done in 0.50274 secs using 43.51% CPU
Optimizing NNI: done in 0.626386 secs using 48.91% CPU
Optimizing NNI: done in 0.522868 secs using 52.23% CPU
Optimizing NNI: done in 0.403118 secs using 67.37% CPU
Optimizing NNI: done in 0.385188 secs using 60.22% CPU
BETTER TREE FOUND at iteration 749: -2973.532
Optimizing NNI: done in 0.417323 secs using 73.36% CPU
Iteration 750 / LogL: -2982.853 / Time: 0h:6m:42s (0h:0m:53s left)
Optimizing NNI: done in 0.385483 secs using 64.58% CPU
Optimizing NNI: done in 0.34934 secs using 76.9% CPU
Optimizing NNI: done in 0.342811 secs using 69.96% CPU
Optimizing NNI: done in 0.350266 secs using 72.31% CPU
Optimizing NNI: done in 0.302215 secs using 73.53% CPU
Optimizing NNI: done in 0.370027 secs using 65.39% CPU
Optimizing NNI: done in 0.31268 secs using 65.13% CPU
Optimizing NNI: done in 0.359495 secs using 68.84% CPU
Optimizing NNI: done in 0.428457 secs using 67.23% CPU
Optimizing NNI: done in 0.464532 secs using 51.4% CPU
Iteration 760 / LogL: -2975.986 / Time: 0h:6m:46s (0h:0m:47s left)
Optimizing NNI: done in 0.503154 secs using 56.73% CPU
Optimizing NNI: done in 0.260792 secs using 100% CPU
Optimizing NNI: done in 0.203256 secs using 100% CPU
Optimizing NNI: done in 0.369413 secs using 62.98% CPU
Optimizing NNI: done in 0.51823 secs using 46.2% CPU
Optimizing NNI: done in 0.227566 secs using 99.99% CPU
Optimizing NNI: done in 0.235911 secs using 100% CPU
Optimizing NNI: done in 0.253641 secs using 100% CPU
Optimizing NNI: done in 0.284698 secs using 100% CPU
Optimizing NNI: done in 0.285054 secs using 100% CPU
Iteration 770 / LogL: -2977.997 / Time: 0h:6m:49s (0h:0m:42s left)
Optimizing NNI: done in 0.195366 secs using 100% CPU
Optimizing NNI: done in 0.214489 secs using 100% CPU
Optimizing NNI: done in 0.324224 secs using 93.79% CPU
Optimizing NNI: done in 0.370517 secs using 62.07% CPU
Optimizing NNI: done in 0.421227 secs using 59.22% CPU
Optimizing NNI: done in 0.219205 secs using 95.25% CPU
Optimizing NNI: done in 0.236611 secs using 83.08% CPU
Optimizing NNI: done in 0.239241 secs using 83.27% CPU
Optimizing NNI: done in 0.272104 secs using 79.44% CPU
Optimizing NNI: done in 0.39494 secs using 77.59% CPU
Iteration 780 / LogL: -2975.180 / Time: 0h:6m:52s (0h:0m:36s left)
Optimizing NNI: done in 0.344291 secs using 66.3% CPU
Optimizing NNI: done in 0.233354 secs using 94.95% CPU
Optimizing NNI: done in 0.30563 secs using 86.81% CPU
Optimizing NNI: done in 0.347479 secs using 74.7% CPU
Optimizing NNI: done in 0.415848 secs using 65.24% CPU
Optimizing NNI: done in 0.268633 secs using 85.07% CPU
Optimizing NNI: done in 0.299839 secs using 79.85% CPU
Optimizing NNI: done in 0.320122 secs using 69.42% CPU
Optimizing NNI: done in 0.663572 secs using 43.46% CPU
Optimizing NNI: done in 0.61578 secs using 36.82% CPU
Iteration 790 / LogL: -2981.755 / Time: 0h:6m:56s (0h:0m:31s left)
Optimizing NNI: done in 0.369614 secs using 72.72% CPU
Optimizing NNI: done in 0.370951 secs using 74.37% CPU
Optimizing NNI: done in 0.329961 secs using 87.84% CPU
Optimizing NNI: done in 0.310425 secs using 81.83% CPU
Optimizing NNI: done in 0.330741 secs using 75.63% CPU
Optimizing NNI: done in 0.369428 secs using 76.14% CPU
Optimizing NNI: done in 0.366939 secs using 67.39% CPU
Optimizing NNI: done in 0.47025 secs using 57.29% CPU
Optimizing NNI: done in 0.383048 secs using 84.3% CPU
Optimizing NNI: done in 0.477144 secs using 56.51% CPU
Iteration 800 / LogL: -2976.749 / Time: 0h:7m:0s (0h:0m:25s left)
Optimizing NNI: done in 0.400574 secs using 78.04% CPU
Optimizing NNI: done in 0.269182 secs using 85.08% CPU
Optimizing NNI: done in 0.330655 secs using 72.13% CPU
Optimizing NNI: done in 0.309729 secs using 70.33% CPU
Optimizing NNI: done in 0.283734 secs using 85.9% CPU
Optimizing NNI: done in 0.250234 secs using 83.95% CPU
Optimizing NNI: done in 0.275651 secs using 86.92% CPU
Optimizing NNI: done in 0.275452 secs using 100% CPU
Optimizing NNI: done in 0.276823 secs using 100% CPU
Optimizing NNI: done in 0.330894 secs using 77.04% CPU
Iteration 810 / LogL: -2974.219 / Time: 0h:7m:3s (0h:0m:20s left)
Optimizing NNI: done in 0.369052 secs using 79.41% CPU
Optimizing NNI: done in 0.457862 secs using 58.07% CPU
Optimizing NNI: done in 0.297402 secs using 78.48% CPU
Optimizing NNI: done in 0.475922 secs using 63.87% CPU
Optimizing NNI: done in 0.509582 secs using 51.56% CPU
Optimizing NNI: done in 0.401136 secs using 75.06% CPU
Optimizing NNI: done in 0.80629 secs using 32.47% CPU
Optimizing NNI: done in 0.544021 secs using 56.78% CPU
Optimizing NNI: done in 0.383787 secs using 72.02% CPU
Optimizing NNI: done in 0.327967 secs using 71.48% CPU
Iteration 820 / LogL: -2985.005 / Time: 0h:7m:7s (0h:0m:15s left)
Optimizing NNI: done in 0.488338 secs using 60.39% CPU
Optimizing NNI: done in 0.400793 secs using 82.04% CPU
Optimizing NNI: done in 0.354365 secs using 69.55% CPU
Optimizing NNI: done in 0.269433 secs using 100% CPU
Optimizing NNI: done in 0.248941 secs using 100% CPU
Optimizing NNI: done in 0.232577 secs using 100% CPU
Optimizing NNI: done in 0.320096 secs using 90% CPU
Optimizing NNI: done in 0.313995 secs using 89.79% CPU
Optimizing NNI: done in 0.552738 secs using 56.77% CPU
Optimizing NNI: done in 0.597593 secs using 53.15% CPU
Iteration 830 / LogL: -2975.499 / Time: 0h:7m:11s (0h:0m:9s left)
Optimizing NNI: done in 0.566454 secs using 49.85% CPU
Optimizing NNI: done in 0.376177 secs using 78.73% CPU
Optimizing NNI: done in 0.333209 secs using 80.85% CPU
Optimizing NNI: done in 0.531284 secs using 63.7% CPU
Optimizing NNI: done in 0.256414 secs using 75.04% CPU
Optimizing NNI: done in 0.489491 secs using 59.56% CPU
Optimizing NNI: done in 0.812963 secs using 33.41% CPU
Optimizing NNI: done in 0.286233 secs using 100% CPU
Optimizing NNI: done in 0.261449 secs using 99.99% CPU
Optimizing NNI: done in 0.301271 secs using 100% CPU
Iteration 840 / LogL: -2979.755 / Time: 0h:7m:16s (0h:0m:4s left)
Optimizing NNI: done in 0.255527 secs using 100% CPU
Optimizing NNI: done in 0.254223 secs using 100% CPU
Optimizing NNI: done in 0.345899 secs using 100% CPU
Optimizing NNI: done in 0.281795 secs using 100% CPU
Optimizing NNI: done in 0.471047 secs using 59.24% CPU
Optimizing NNI: done in 0.610457 secs using 50.2% CPU
Optimizing NNI: done in 0.409764 secs using 66.82% CPU
Optimizing NNI: done in 0.362559 secs using 63.59% CPU
Optimizing NNI: done in 0.569892 secs using 55.77% CPU
Optimizing NNI: done in 0.349318 secs using 71.37% CPU
Iteration 850 / LogL: -2991.173 / Time: 0h:7m:20s (0h:0m:-1s left)
TREE SEARCH COMPLETED AFTER 850 ITERATIONS / Time: 0h:7m:20s

--------------------------------------------------------------------
|                    FINALIZING TREE SEARCH                        |
--------------------------------------------------------------------
Performs final model parameters optimization
Estimate model parameters (epsilon = 0.010)
1. Initial log-likelihood: -2973.532
2. Current log-likelihood: -2973.517
Optimal log-likelihood: -2973.510
Rate parameters:  A-C: 2.13654  A-G: 5.74456  A-T: 2.97846  C-G: 1.92748  C-T: 6.83167  G-T: 1.00000
Base frequencies:  A: 0.263  C: 0.163  G: 0.293  T: 0.280
Site proportion and rates:  (0.599,0.074) (0.002,0.154) (0.340,1.811) (0.059,5.800)
Parameters optimization took 2 rounds (0.369 sec)
BEST SCORE FOUND : -2973.510
Total tree length: 2.383

Total number of iterations: 850
CPU time used for tree search: 234.529 sec (0h:3m:54s)
Wall-clock time used for tree search: 320.850 sec (0h:5m:20s)
Total CPU time used: 352.446 sec (0h:5m:52s)
Total wall-clock time used: 440.533 sec (0h:7m:20s)

Analysis results written to: 
  IQ-TREE report:                4G30720_iqtree_preliminary_superstrict_excluding_hybrids.iqtree
  Maximum-likelihood tree:       4G30720_iqtree_preliminary_superstrict_excluding_hybrids.treefile
  Likelihood distances:          4G30720_iqtree_preliminary_superstrict_excluding_hybrids.mldist
  Screen log file:               4G30720_iqtree_preliminary_superstrict_excluding_hybrids.log

ALISIM COMMAND
--------------
--alisim simulated_MSA -t 4G30720_iqtree_preliminary_superstrict_excluding_hybrids.treefile -m "GTR{2.13654,5.74456,2.97846,1.92748,6.83167}+F{0.262967,0.163112,0.29349,0.280431}+R4{0.599159,0.0738618,0.00222027,0.154367,0.340109,1.81133,0.0585122,5.79971}" --length 234

Date and Time: Fri Jun  2 08:06:42 2023
