IQ-TREE multicore version 2.2.2 COVID-edition for Linux 64-bit built Sep 20 2022
Developed by Bui Quang Minh, James Barbetti, Nguyen Lam Tung,
Olga Chernomor, Heiko Schmidt, Dominik Schrempf, Michael Woodhams, Ly Trong Nhan.

Host:    netdc-bms-c11f (AVX2, FMA3, 377 GB RAM)
Command: /home/kasper.hendriks/iqtree-2.2.2-Linux/bin/iqtree2 -s 5104_taper_preliminary_superstrict_excluding_hybrids.fasta -nm 1000 -m GTR+F+R -nt AUTO --prefix 5104_iqtree_preliminary_superstrict_excluding_hybrids
Seed:    24031 (Using SPRNG - Scalable Parallel Random Number Generator)
Time:    Fri Jun  2 08:01:39 2023
Kernel:  AVX+FMA - auto-detect threads (56 CPU cores detected)

Reading alignment file 5104_taper_preliminary_superstrict_excluding_hybrids.fasta ... Fasta format detected
Reading fasta file: done in 0.000648975 secs using 99.7% CPU
Alignment most likely contains DNA/RNA sequences
Constructing alignment: done in 0.0015111 secs using 1424% CPU
Alignment has 113 sequences with 201 columns, 145 distinct patterns
89 parsimony-informative, 22 singleton sites, 90 constant sites
            Gap/Ambiguity  Composition  p-value
Analyzing sequences: done in 0.0159481 secs using 1438% CPU
   1  HYZL          0.00%    passed     74.39%
   2  MYZV          0.00%    passed     84.79%
   3  SRR6441723    0.00%    passed     88.94%
   4  ERR4210213   16.42%    passed     87.51%
   5  ERR2789774    0.00%    passed     82.17%
   6  S0055         0.00%    passed     94.93%
   7  S0196sl       0.00%    passed     98.48%
   8  S0281         0.50%    passed     90.10%
   9  S0282         0.00%    passed     89.40%
  10  S0289         0.00%    passed     99.63%
  11  S0292         0.50%    passed     68.57%
  12  S0293         4.98%    passed     79.91%
  13  S0294         0.00%    passed     95.35%
  14  S0299         1.00%    passed     98.38%
  15  S0303         0.50%    passed     98.94%
  16  S0308         2.49%    passed     80.12%
  17  S0322         0.00%    passed     98.53%
  18  S0327         2.99%    passed     69.68%
  19  S0335         0.00%    passed     79.54%
  20  S0400         2.99%    passed     66.84%
  21  S0405         0.00%    passed     85.55%
  22  S0407sl       0.00%    passed     99.99%
  23  S0412sl       0.50%    passed     99.36%
  24  S0419         0.00%    passed     99.06%
  25  S0427         0.00%    passed     98.64%
  26  S0428sl       1.00%    passed     77.86%
  27  S0478         3.98%    passed     93.37%
  28  S0552sl       1.49%    passed     81.79%
  29  S0558         0.00%    passed     77.59%
  30  S0616         0.00%    passed     91.83%
  31  S0620         0.50%    passed     97.83%
  32  S0624         0.00%    passed     99.60%
  33  S0641         0.00%    passed     98.71%
  34  S0643         0.00%    passed     72.87%
  35  S0645sl       0.50%    passed     97.11%
  36  S0656sl       0.00%    passed     95.32%
  37  S0673         0.00%    passed     77.95%
  38  S0689         1.49%    passed     96.23%
  39  S0690         2.99%    passed     90.66%
  40  S0720         0.00%    passed     98.65%
  41  S0724sl       1.00%    passed     99.97%
  42  S0735         0.50%    passed     90.10%
  43  S0742         0.00%    passed     99.48%
  44  S0748         0.00%    passed     99.57%
  45  S0753         3.98%    passed     90.80%
  46  S0756         0.00%    passed     98.13%
  47  S0760         0.00%    passed     97.75%
  48  S0763         0.00%    passed     77.70%
  49  S0765         0.00%    passed     98.48%
  50  S0770         1.00%    passed     99.04%
  51  S0771         0.00%    passed     96.17%
  52  S0795         0.00%    passed     93.55%
  53  S0827         3.48%    passed     99.90%
  54  S0888         0.50%    passed     93.80%
  55  S0894         2.99%    passed     84.52%
  56  S0906         0.00%    passed     76.42%
  57  S0951         6.97%    passed     75.15%
  58  S0952         0.00%    passed     98.48%
  59  S0956         3.48%    passed     57.87%
  60  S0959         0.00%    passed     62.26%
  61  S0960         0.00%    passed     61.91%
  62  S0964         1.99%    passed     42.77%
  63  S1052sl       1.49%    passed     99.63%
  64  S1083         0.00%    passed     89.33%
  65  S1100         0.00%    passed     86.02%
  66  S1102         0.00%    passed     82.62%
  67  S1110         0.50%    passed     95.37%
  68  S1128         0.00%    passed     87.68%
  69  S1129sl       0.50%    passed     90.99%
  70  S1148        21.39%    passed     83.69%
  71  S1177         0.00%    passed     98.48%
  72  S1180         0.00%    passed     93.09%
  73  S1187sl       0.00%    passed     90.18%
  74  S1189         0.00%    passed     71.84%
  75  S1201sl       0.00%    passed     68.84%
  76  S1210         0.00%    passed     99.63%
  77  S1211         0.00%    passed     96.09%
  78  S1214sl       0.00%    passed     57.92%
  79  S1223         0.50%    passed     74.70%
  80  S1227         0.00%    passed     77.22%
  81  S1235sl       0.00%    passed     94.32%
  82  S1238sl       0.00%    passed     93.04%
  83  S1239         0.50%    passed     98.34%
  84  S1245         1.49%    passed     91.75%
  85  S1246         0.50%    passed     91.20%
  86  S1249         0.00%    passed     95.81%
  87  S1250sl       3.98%    passed     97.58%
  88  S1251         1.49%    passed     81.69%
  89  S1260         1.00%    passed     97.19%
  90  S1266sl       0.00%    passed     96.55%
  91  S1269         0.00%    passed     94.59%
  92  S1278         0.50%    passed     80.37%
  93  S1315         0.00%    passed     86.85%
  94  S1332         0.00%    passed     88.28%
  95  S1366         1.49%    passed     67.26%
  96  S1369         0.00%    passed     77.22%
  97  S1370         4.98%    passed     65.96%
  98  S1375         2.49%    passed     98.96%
  99  S1376         0.00%    passed     85.76%
 100  S1381         1.49%    passed     96.16%
 101  S1405         0.00%    passed     91.06%
 102  S1422         3.98%    passed     60.65%
 103  S1449         2.49%    passed     73.63%
 104  S1451         6.47%    passed     86.00%
 105  S1460         0.00%    passed     96.09%
 106  S1462         0.00%    passed     93.04%
 107  S1475         0.00%    passed     97.78%
 108  S1498         0.00%    passed     80.43%
 109  S1539         0.50%    passed     74.86%
 110  S_670         1.00%    passed     72.65%
 111  SRR8528357    0.00%    passed     50.70%
 112  SRR8528365   44.78%    passed     91.66%
 113  SRR8528379   52.24%    passed     99.71%
WARNING: 1 sequences contain more than 50% gaps/ambiguity
****  TOTAL         2.00%  0 sequences failed composition chi2 test (p-value<5%; df=3)
Checking for duplicate sequences: done in 0.0150139 secs using 1440% CPU

Create initial parsimony tree by phylogenetic likelihood library (PLL)... 0.031 seconds

NOTE: 2 MB RAM (0 GB) is required!
Measuring multi-threading efficiency up to 56 CPU cores
Increase to 10 rounds for branch lengths
517 trees examined
Threads: 1 / Time: 56.070 sec / Speedup: 1.000 / Efficiency: 100% / LogL: -4822
Threads: 2 / Time: 57.942 sec / Speedup: 0.968 / Efficiency: 48% / LogL: -4822
Determining AUTO threadcount: done in 114.013 secs using 108.8% CPU
BEST NUMBER OF THREADS: 1

Estimate model parameters (epsilon = 0.100)
1. Initial log-likelihood: -2994.707
2. Current log-likelihood: -2864.567
3. Current log-likelihood: -2859.474
4. Current log-likelihood: -2858.167
5. Current log-likelihood: -2857.317
6. Current log-likelihood: -2856.683
7. Current log-likelihood: -2856.196
8. Current log-likelihood: -2855.814
9. Current log-likelihood: -2855.502
10. Current log-likelihood: -2855.317
11. Current log-likelihood: -2855.151
12. Current log-likelihood: -2855.004
13. Current log-likelihood: -2854.877
14. Current log-likelihood: -2854.763
Optimal log-likelihood: -2854.608
Rate parameters:  A-C: 2.17743  A-G: 4.57921  A-T: 1.68429  C-G: 1.07055  C-T: 5.07488  G-T: 1.00000
Base frequencies:  A: 0.264  C: 0.184  G: 0.216  T: 0.336
Site proportion and rates:  (0.555,0.107) (0.019,0.235) (0.301,1.235) (0.125,4.520)
Parameters optimization took 14 rounds (2.034 sec)
Wrote distance file to... 
Computing ML distances based on estimated model parameters...
Calculating distance matrix: done in 0.186409 secs using 65.61% CPU
Computing ML distances took 0.186750 sec (of wall-clock time) 0.122647 sec (of CPU time)
Setting up auxiliary I and S matrices: done in 0.000916004 secs using 99.89% CPU
Constructing RapidNJ tree: done in 0.00196695 secs using 106.7% CPU
Computing RapidNJ tree took 0.003012 sec (of wall-clock time) 0.003142 sec (of CPU time)
Log-likelihood of RapidNJ tree: -2861.953
--------------------------------------------------------------------
|             INITIALIZING CANDIDATE TREE SET                      |
--------------------------------------------------------------------
Generating 98 parsimony trees... 1.638 second
Computing log-likelihood of 98 initial trees ... 1.425 seconds
Current best score: -2846.469

Do NNI search on 20 best initial trees
Optimizing NNI: done in 0.241147 secs using 98.59% CPU
Estimate model parameters (epsilon = 0.100)
BETTER TREE FOUND at iteration 1: -2827.406
Optimizing NNI: done in 0.148783 secs using 99.97% CPU
Optimizing NNI: done in 0.183998 secs using 99.99% CPU
Optimizing NNI: done in 0.148899 secs using 99.98% CPU
Estimate model parameters (epsilon = 0.100)
BETTER TREE FOUND at iteration 4: -2822.475
Optimizing NNI: done in 0.203323 secs using 99.96% CPU
Optimizing NNI: done in 0.181588 secs using 99.97% CPU
Optimizing NNI: done in 0.185844 secs using 99.74% CPU
Optimizing NNI: done in 0.155177 secs using 99.99% CPU
Optimizing NNI: done in 0.349205 secs using 45.44% CPU
Optimizing NNI: done in 0.192422 secs using 84.9% CPU
Iteration 10 / LogL: -2834.278 / Time: 0h:2m:2s
Optimizing NNI: done in 0.238063 secs using 77.61% CPU
Optimizing NNI: done in 0.17216 secs using 100% CPU
Optimizing NNI: done in 0.23971 secs using 94.98% CPU
Estimate model parameters (epsilon = 0.100)
BETTER TREE FOUND at iteration 13: -2819.199
Optimizing NNI: done in 0.455137 secs using 50.28% CPU
Optimizing NNI: done in 0.21678 secs using 90.77% CPU
Optimizing NNI: done in 0.292972 secs using 68.7% CPU
Optimizing NNI: done in 0.268629 secs using 100% CPU
Optimizing NNI: done in 0.180696 secs using 99.99% CPU
Optimizing NNI: done in 0.209599 secs using 99.87% CPU
Optimizing NNI: done in 0.21104 secs using 98.67% CPU
Iteration 20 / LogL: -2839.542 / Time: 0h:2m:5s
Finish initializing candidate tree set (20)
Current best tree score: -2819.199 / CPU time: 8.427
Number of iterations: 20
--------------------------------------------------------------------
|               OPTIMIZING CANDIDATE TREE SET                      |
--------------------------------------------------------------------
Optimizing NNI: done in 0.199444 secs using 97.42% CPU
Optimizing NNI: done in 0.233071 secs using 97.6% CPU
Optimizing NNI: done in 0.481751 secs using 42.27% CPU
Optimizing NNI: done in 0.216804 secs using 99.51% CPU
Optimizing NNI: done in 0.187958 secs using 99.68% CPU
Optimizing NNI: done in 0.326477 secs using 100% CPU
Optimizing NNI: done in 0.264367 secs using 100% CPU
Optimizing NNI: done in 0.228389 secs using 100% CPU
Optimizing NNI: done in 0.226053 secs using 100% CPU
Optimizing NNI: done in 0.62372 secs using 43.52% CPU
Iteration 30 / LogL: -2828.553 / Time: 0h:2m:8s (0h:6m:6s left)
Optimizing NNI: done in 0.422708 secs using 44.24% CPU
Estimate model parameters (epsilon = 0.100)
BETTER TREE FOUND at iteration 31: -2818.956
Optimizing NNI: done in 0.328962 secs using 95.14% CPU
Optimizing NNI: done in 0.25164 secs using 100% CPU
Optimizing NNI: done in 0.149433 secs using 100% CPU
Optimizing NNI: done in 0.255462 secs using 99.81% CPU
Optimizing NNI: done in 0.220174 secs using 100% CPU
Optimizing NNI: done in 0.293146 secs using 99.55% CPU
BETTER TREE FOUND at iteration 37: -2818.953
Optimizing NNI: done in 0.318761 secs using 99.98% CPU
Estimate model parameters (epsilon = 0.100)
BETTER TREE FOUND at iteration 38: -2814.155
Optimizing NNI: done in 0.340658 secs using 84.71% CPU
Optimizing NNI: done in 0.355157 secs using 86.77% CPU
Iteration 40 / LogL: -2827.041 / Time: 0h:2m:11s (0h:5m:30s left)
Optimizing NNI: done in 0.292712 secs using 86.6% CPU
BETTER TREE FOUND at iteration 41: -2814.150
Optimizing NNI: done in 0.57179 secs using 43.17% CPU
Optimizing NNI: done in 0.404095 secs using 71.59% CPU
Optimizing NNI: done in 0.357245 secs using 62.71% CPU
Estimate model parameters (epsilon = 0.100)
BETTER TREE FOUND at iteration 44: -2814.033
Optimizing NNI: done in 0.301276 secs using 99.01% CPU
Optimizing NNI: done in 0.516821 secs using 56.01% CPU
Estimate model parameters (epsilon = 0.100)
BETTER TREE FOUND at iteration 46: -2807.600
Optimizing NNI: done in 0.330835 secs using 99.91% CPU
Optimizing NNI: done in 0.292424 secs using 99.77% CPU
Estimate model parameters (epsilon = 0.100)
BETTER TREE FOUND at iteration 48: -2804.651
Optimizing NNI: done in 0.273691 secs using 83.92% CPU
Optimizing NNI: done in 0.230701 secs using 100% CPU
Iteration 50 / LogL: -2810.971 / Time: 0h:2m:18s (0h:4m:36s left)
Optimizing NNI: done in 0.201278 secs using 100% CPU
Optimizing NNI: done in 0.33241 secs using 100% CPU
Optimizing NNI: done in 0.227773 secs using 100% CPU
Optimizing NNI: done in 0.28233 secs using 100% CPU
Estimate model parameters (epsilon = 0.100)
BETTER TREE FOUND at iteration 54: -2801.030
Optimizing NNI: done in 0.371848 secs using 85.27% CPU
Optimizing NNI: done in 0.429736 secs using 64.66% CPU
Optimizing NNI: done in 0.257426 secs using 73.57% CPU
Optimizing NNI: done in 0.332571 secs using 71.22% CPU
Optimizing NNI: done in 0.333285 secs using 99.99% CPU
Optimizing NNI: done in 0.202303 secs using 100% CPU
Iteration 60 / LogL: -2808.087 / Time: 0h:2m:21s (0h:3m:45s left)
Optimizing NNI: done in 0.354411 secs using 100% CPU
Estimate model parameters (epsilon = 0.100)
BETTER TREE FOUND at iteration 61: -2800.718
Optimizing NNI: done in 0.23034 secs using 100% CPU
Estimate model parameters (epsilon = 0.100)
BETTER TREE FOUND at iteration 62: -2800.130
Optimizing NNI: done in 0.216545 secs using 99.97% CPU
Optimizing NNI: done in 0.206751 secs using 99.97% CPU
Optimizing NNI: done in 0.261117 secs using 100% CPU
Optimizing NNI: done in 0.214488 secs using 100% CPU
Optimizing NNI: done in 0.312407 secs using 100% CPU
Optimizing NNI: done in 0.212682 secs using 99.99% CPU
Estimate model parameters (epsilon = 0.100)
BETTER TREE FOUND at iteration 68: -2799.113
Optimizing NNI: done in 0.234007 secs using 100% CPU
Optimizing NNI: done in 0.264096 secs using 100% CPU
Iteration 70 / LogL: -2801.141 / Time: 0h:2m:24s (0h:3m:25s left)
Optimizing NNI: done in 0.192712 secs using 99.36% CPU
Optimizing NNI: done in 0.18733 secs using 99.97% CPU
Optimizing NNI: done in 0.245678 secs using 99.98% CPU
Optimizing NNI: done in 0.234713 secs using 99.98% CPU
Optimizing NNI: done in 0.283592 secs using 99.98% CPU
Optimizing NNI: done in 0.239058 secs using 99.96% CPU
Optimizing NNI: done in 0.157883 secs using 99.98% CPU
Optimizing NNI: done in 0.251741 secs using 99.98% CPU
Optimizing NNI: done in 0.248514 secs using 99.98% CPU
Optimizing NNI: done in 0.248822 secs using 99.98% CPU
Iteration 80 / LogL: -2800.498 / Time: 0h:2m:27s (0h:2m:43s left)
Optimizing NNI: done in 0.216447 secs using 99.98% CPU
Optimizing NNI: done in 0.255076 secs using 99.97% CPU
Optimizing NNI: done in 0.596591 secs using 45.97% CPU
Estimate model parameters (epsilon = 0.100)
BETTER TREE FOUND at iteration 83: -2799.040
Optimizing NNI: done in 0.197834 secs using 99.89% CPU
Optimizing NNI: done in 0.25429 secs using 99.96% CPU
Optimizing NNI: done in 0.141789 secs using 100% CPU
Optimizing NNI: done in 0.197225 secs using 99.88% CPU
Optimizing NNI: done in 0.247795 secs using 99.97% CPU
Optimizing NNI: done in 0.226265 secs using 100% CPU
Optimizing NNI: done in 0.233005 secs using 100% CPU
Estimate model parameters (epsilon = 0.100)
BETTER TREE FOUND at iteration 90: -2798.974
Iteration 90 / LogL: -2798.974 / Time: 0h:2m:30s (0h:2m:48s left)
Optimizing NNI: done in 0.416791 secs using 58.64% CPU
Optimizing NNI: done in 0.272459 secs using 76.83% CPU
Optimizing NNI: done in 0.271127 secs using 99.98% CPU
BETTER TREE FOUND at iteration 93: -2798.966
Optimizing NNI: done in 0.554642 secs using 40.56% CPU
Optimizing NNI: done in 0.289082 secs using 90.25% CPU
Optimizing NNI: done in 0.335901 secs using 99.99% CPU
Optimizing NNI: done in 0.272213 secs using 99.02% CPU
Optimizing NNI: done in 0.243077 secs using 99.98% CPU
Optimizing NNI: done in 0.442655 secs using 52.85% CPU
Optimizing NNI: done in 0.254565 secs using 100% CPU
Iteration 100 / LogL: -2850.282 / Time: 0h:2m:33s (0h:2m:24s left)
Optimizing NNI: done in 0.244547 secs using 98.46% CPU
Optimizing NNI: done in 0.398513 secs using 82.74% CPU
Optimizing NNI: done in 0.21813 secs using 85.3% CPU
Optimizing NNI: done in 0.284714 secs using 99.98% CPU
Optimizing NNI: done in 0.296392 secs using 99.99% CPU
Optimizing NNI: done in 0.176451 secs using 99.96% CPU
Optimizing NNI: done in 0.348404 secs using 99.97% CPU
Optimizing NNI: done in 0.245107 secs using 99.98% CPU
Optimizing NNI: done in 0.293635 secs using 99.98% CPU
Optimizing NNI: done in 0.246081 secs using 99.98% CPU
Iteration 110 / LogL: -2799.973 / Time: 0h:2m:36s (0h:1m:58s left)
Optimizing NNI: done in 0.27182 secs using 99.99% CPU
Optimizing NNI: done in 0.295467 secs using 99.97% CPU
Optimizing NNI: done in 0.288768 secs using 98.62% CPU
Optimizing NNI: done in 0.351152 secs using 99.97% CPU
BETTER TREE FOUND at iteration 114: -2798.966
Optimizing NNI: done in 0.287577 secs using 99.98% CPU
Optimizing NNI: done in 0.255076 secs using 99.99% CPU
Optimizing NNI: done in 0.230539 secs using 99.97% CPU
Optimizing NNI: done in 0.320383 secs using 99.99% CPU
Optimizing NNI: done in 0.265374 secs using 99.94% CPU
Optimizing NNI: done in 0.154948 secs using 99.92% CPU
Iteration 120 / LogL: -2814.148 / Time: 0h:2m:39s (0h:2m:5s left)
Optimizing NNI: done in 0.22062 secs using 99.98% CPU
Optimizing NNI: done in 0.331231 secs using 99.98% CPU
Optimizing NNI: done in 0.189252 secs using 99.94% CPU
Optimizing NNI: done in 0.272725 secs using 98.92% CPU
Optimizing NNI: done in 0.271251 secs using 99.96% CPU
Optimizing NNI: done in 0.275166 secs using 99.99% CPU
BETTER TREE FOUND at iteration 126: -2798.965
Optimizing NNI: done in 0.29613 secs using 99.98% CPU
Optimizing NNI: done in 0.270519 secs using 74.82% CPU
Optimizing NNI: done in 0.295817 secs using 60.94% CPU
Optimizing NNI: done in 0.276953 secs using 83.35% CPU
Iteration 130 / LogL: -2799.250 / Time: 0h:2m:41s (0h:2m:0s left)
Optimizing NNI: done in 0.319396 secs using 87.07% CPU
Optimizing NNI: done in 0.430368 secs using 60.65% CPU
Optimizing NNI: done in 0.352833 secs using 78.9% CPU
Optimizing NNI: done in 0.229422 secs using 99.99% CPU
Optimizing NNI: done in 0.180442 secs using 99.93% CPU
Optimizing NNI: done in 0.247454 secs using 99.98% CPU
Optimizing NNI: done in 0.11769 secs using 99.98% CPU
Optimizing NNI: done in 0.245748 secs using 99.97% CPU
Optimizing NNI: done in 0.326234 secs using 83.28% CPU
Optimizing NNI: done in 0.306536 secs using 82.45% CPU
Iteration 140 / LogL: -2799.250 / Time: 0h:2m:44s (0h:1m:41s left)
Optimizing NNI: done in 0.238608 secs using 91.44% CPU
Optimizing NNI: done in 0.515553 secs using 61.94% CPU
Optimizing NNI: done in 0.378113 secs using 55.72% CPU
Optimizing NNI: done in 0.438095 secs using 65.35% CPU
Optimizing NNI: done in 0.318783 secs using 71.64% CPU
Optimizing NNI: done in 0.385612 secs using 63.77% CPU
Optimizing NNI: done in 0.507891 secs using 62.02% CPU
Optimizing NNI: done in 0.279673 secs using 85.46% CPU
Optimizing NNI: done in 0.59851 secs using 43.89% CPU
Optimizing NNI: done in 0.193424 secs using 99.98% CPU
Iteration 150 / LogL: -2835.545 / Time: 0h:2m:48s (0h:1m:25s left)
Optimizing NNI: done in 0.278236 secs using 99.19% CPU
Optimizing NNI: done in 0.257102 secs using 98.45% CPU
Optimizing NNI: done in 0.219894 secs using 99.98% CPU
Optimizing NNI: done in 0.22326 secs using 99.98% CPU
Optimizing NNI: done in 0.228584 secs using 99.98% CPU
Optimizing NNI: done in 0.21297 secs using 99.96% CPU
Optimizing NNI: done in 0.202415 secs using 76.17% CPU
Optimizing NNI: done in 0.371873 secs using 87.66% CPU
Optimizing NNI: done in 0.213885 secs using 99.94% CPU
Optimizing NNI: done in 0.354854 secs using 91.27% CPU
Iteration 160 / LogL: -2799.636 / Time: 0h:2m:51s (0h:1m:11s left)
Optimizing NNI: done in 0.261806 secs using 95.66% CPU
Optimizing NNI: done in 0.210697 secs using 99.98% CPU
Optimizing NNI: done in 0.272001 secs using 81.11% CPU
Optimizing NNI: done in 0.296349 secs using 99.99% CPU
Optimizing NNI: done in 0.221716 secs using 100% CPU
Optimizing NNI: done in 0.20278 secs using 100% CPU
Optimizing NNI: done in 0.212281 secs using 100% CPU
Optimizing NNI: done in 0.241926 secs using 99.98% CPU
Optimizing NNI: done in 0.228006 secs using 99.99% CPU
Optimizing NNI: done in 0.261569 secs using 99.98% CPU
Iteration 170 / LogL: -2799.639 / Time: 0h:2m:53s (0h:0m:57s left)
Optimizing NNI: done in 0.253311 secs using 99.99% CPU
Optimizing NNI: done in 0.173022 secs using 99.97% CPU
Optimizing NNI: done in 0.207974 secs using 99.99% CPU
Optimizing NNI: done in 0.225765 secs using 99.98% CPU
Optimizing NNI: done in 0.457028 secs using 66.73% CPU
Optimizing NNI: done in 0.505341 secs using 59.86% CPU
Optimizing NNI: done in 0.463602 secs using 55.98% CPU
Optimizing NNI: done in 0.310062 secs using 68.76% CPU
Optimizing NNI: done in 0.346059 secs using 72.25% CPU
Optimizing NNI: done in 0.388176 secs using 64.58% CPU
Iteration 180 / LogL: -2807.881 / Time: 0h:2m:57s (0h:0m:45s left)
Optimizing NNI: done in 0.369257 secs using 69.66% CPU
Optimizing NNI: done in 0.321583 secs using 50.22% CPU
Optimizing NNI: done in 0.330045 secs using 67.31% CPU
Optimizing NNI: done in 0.424666 secs using 65.42% CPU
Optimizing NNI: done in 0.337503 secs using 69.16% CPU
Optimizing NNI: done in 0.456795 secs using 58.96% CPU
Optimizing NNI: done in 0.407217 secs using 63.63% CPU
Optimizing NNI: done in 0.351374 secs using 53.38% CPU
Optimizing NNI: done in 0.316787 secs using 77.16% CPU
Optimizing NNI: done in 0.439867 secs using 61.19% CPU
Iteration 190 / LogL: -2799.972 / Time: 0h:3m:1s (0h:0m:34s left)
Optimizing NNI: done in 0.503929 secs using 70.38% CPU
Optimizing NNI: done in 0.421371 secs using 61.1% CPU
Optimizing NNI: done in 0.547764 secs using 63.49% CPU
Optimizing NNI: done in 0.320861 secs using 71.32% CPU
Optimizing NNI: done in 0.421863 secs using 63.85% CPU
Optimizing NNI: done in 0.29419 secs using 99.4% CPU
Optimizing NNI: done in 0.282068 secs using 98.3% CPU
Optimizing NNI: done in 0.281369 secs using 99.99% CPU
Optimizing NNI: done in 0.320512 secs using 83.84% CPU
Optimizing NNI: done in 0.253923 secs using 99.29% CPU
Iteration 200 / LogL: -2812.376 / Time: 0h:3m:4s (0h:0m:24s left)
Optimizing NNI: done in 0.334719 secs using 97.35% CPU
Optimizing NNI: done in 0.341023 secs using 98.91% CPU
Optimizing NNI: done in 0.228634 secs using 99.97% CPU
Optimizing NNI: done in 0.309906 secs using 83.02% CPU
Optimizing NNI: done in 0.312335 secs using 99.98% CPU
Optimizing NNI: done in 0.263797 secs using 99.95% CPU
Optimizing NNI: done in 0.294492 secs using 98.19% CPU
Optimizing NNI: done in 0.361543 secs using 90.41% CPU
Optimizing NNI: done in 0.313832 secs using 59.2% CPU
Optimizing NNI: done in 0.33725 secs using 65.91% CPU
Iteration 210 / LogL: -2799.921 / Time: 0h:3m:7s (0h:0m:14s left)
Optimizing NNI: done in 0.296053 secs using 76.98% CPU
Optimizing NNI: done in 0.311195 secs using 69.21% CPU
Optimizing NNI: done in 0.373314 secs using 72.33% CPU
Optimizing NNI: done in 0.390166 secs using 49.17% CPU
Optimizing NNI: done in 0.472087 secs using 42.26% CPU
Optimizing NNI: done in 0.279196 secs using 70.18% CPU
Optimizing NNI: done in 0.55016 secs using 37.82% CPU
Optimizing NNI: done in 0.223671 secs using 80.3% CPU
Optimizing NNI: done in 0.311681 secs using 54.21% CPU
Optimizing NNI: done in 0.519428 secs using 54.51% CPU
Iteration 220 / LogL: -2800.414 / Time: 0h:3m:11s (0h:0m:5s left)
Optimizing NNI: done in 0.303774 secs using 61.11% CPU
Optimizing NNI: done in 0.388466 secs using 61.95% CPU
Optimizing NNI: done in 0.421622 secs using 65.83% CPU
Optimizing NNI: done in 0.458473 secs using 50.7% CPU
Optimizing NNI: done in 0.596214 secs using 67.24% CPU
Optimizing NNI: done in 0.564061 secs using 48.24% CPU
Optimizing NNI: done in 0.44286 secs using 80.08% CPU
TREE SEARCH COMPLETED AFTER 227 ITERATIONS / Time: 0h:3m:15s

--------------------------------------------------------------------
|                    FINALIZING TREE SEARCH                        |
--------------------------------------------------------------------
Performs final model parameters optimization
Estimate model parameters (epsilon = 0.010)
1. Initial log-likelihood: -2798.965
2. Current log-likelihood: -2798.929
3. Current log-likelihood: -2798.886
4. Current log-likelihood: -2798.844
5. Current log-likelihood: -2798.805
6. Current log-likelihood: -2798.767
7. Current log-likelihood: -2798.732
8. Current log-likelihood: -2798.698
9. Current log-likelihood: -2798.666
10. Current log-likelihood: -2798.636
11. Current log-likelihood: -2798.608
12. Current log-likelihood: -2798.581
13. Current log-likelihood: -2798.555
14. Current log-likelihood: -2798.530
15. Current log-likelihood: -2798.515
16. Current log-likelihood: -2798.492
17. Current log-likelihood: -2798.478
18. Current log-likelihood: -2798.464
19. Current log-likelihood: -2798.450
20. Current log-likelihood: -2798.437
21. Current log-likelihood: -2798.424
22. Current log-likelihood: -2798.412
23. Current log-likelihood: -2798.400
24. Current log-likelihood: -2798.388
25. Current log-likelihood: -2798.377
26. Current log-likelihood: -2798.365
27. Current log-likelihood: -2798.355
28. Current log-likelihood: -2798.344
29. Current log-likelihood: -2798.334
Optimal log-likelihood: -2798.317
Rate parameters:  A-C: 2.21199  A-G: 4.90381  A-T: 1.83495  C-G: 0.88609  C-T: 5.83109  G-T: 1.00000
Base frequencies:  A: 0.264  C: 0.184  G: 0.216  T: 0.336
Site proportion and rates:  (0.508,0.067) (0.310,0.835) (0.165,3.242) (0.017,10.057)
Parameters optimization took 29 rounds (4.600 sec)
BEST SCORE FOUND : -2798.317
Total tree length: 3.116

Total number of iterations: 227
CPU time used for tree search: 63.754 sec (0h:1m:3s)
Wall-clock time used for tree search: 78.409 sec (0h:1m:18s)
Total CPU time used: 193.845 sec (0h:3m:13s)
Total wall-clock time used: 199.643 sec (0h:3m:19s)

Analysis results written to: 
  IQ-TREE report:                5104_iqtree_preliminary_superstrict_excluding_hybrids.iqtree
  Maximum-likelihood tree:       5104_iqtree_preliminary_superstrict_excluding_hybrids.treefile
  Likelihood distances:          5104_iqtree_preliminary_superstrict_excluding_hybrids.mldist
  Screen log file:               5104_iqtree_preliminary_superstrict_excluding_hybrids.log

ALISIM COMMAND
--------------
--alisim simulated_MSA -t 5104_iqtree_preliminary_superstrict_excluding_hybrids.treefile -m "GTR{2.21199,4.90381,1.83495,0.886094,5.83109}+F{0.26404,0.183981,0.215711,0.336268}+R4{0.507856,0.0671617,0.310078,0.835343,0.164954,3.24205,0.017111,10.0567}" --length 201

Date and Time: Fri Jun  2 08:04:58 2023
