IQ-TREE multicore version 2.2.2 COVID-edition for Linux 64-bit built Sep 20 2022
Developed by Bui Quang Minh, James Barbetti, Nguyen Lam Tung,
Olga Chernomor, Heiko Schmidt, Dominik Schrempf, Michael Woodhams, Ly Trong Nhan.

Host:    netdc-bms-c11f (AVX2, FMA3, 377 GB RAM)
Command: /home/kasper.hendriks/iqtree-2.2.2-Linux/bin/iqtree2 -s 5670_taper_preliminary_superstrict_excluding_hybrids.fasta -nm 1000 -m GTR+F+R -nt AUTO --prefix 5670_iqtree_preliminary_superstrict_excluding_hybrids
Seed:    269918 (Using SPRNG - Scalable Parallel Random Number Generator)
Time:    Fri Jun  2 08:04:24 2023
Kernel:  AVX+FMA - auto-detect threads (56 CPU cores detected)

Reading alignment file 5670_taper_preliminary_superstrict_excluding_hybrids.fasta ... Fasta format detected
Reading fasta file: done in 0.00311589 secs using 99.97% CPU
Alignment most likely contains DNA/RNA sequences
Constructing alignment: done in 0.00726986 secs using 1232% CPU
Alignment has 142 sequences with 913 columns, 697 distinct patterns
416 parsimony-informative, 148 singleton sites, 349 constant sites
               Gap/Ambiguity  Composition  p-value
Analyzing sequences: done in 0.011925 secs using 1458% CPU
   1  CRNC             4.38%    passed     51.38%
   2  HYZL             0.00%    passed     28.51%
   3  MYZV             0.00%    passed     66.93%
   4  SRR6441723       0.00%    passed     99.91%
   5  ERR4210213      88.39%    passed     61.57%
   6  ERR2789774       0.00%    passed     87.08%
   7  PAFTOL_019361    2.08%    passed     66.52%
   8  S0055            0.11%    passed     95.03%
   9  S0196sl          7.01%    passed     73.75%
  10  S0278            1.86%    passed     93.93%
  11  S0281            0.99%    passed     85.89%
  12  S0282            0.22%    passed     98.54%
  13  S0288           31.87%    passed     58.28%
  14  S0289            0.00%    passed     92.67%
  15  S0292            0.00%    passed     99.07%
  16  S0293            2.85%    passed     98.35%
  17  S0294            0.11%    passed     71.63%
  18  S0299            0.00%    passed     73.72%
  19  S0303            3.72%    passed     99.55%
  20  S0308            0.11%    passed     82.61%
  21  S0320            2.52%    passed     92.97%
  22  S0322            2.19%    passed     97.58%
  23  S0327            0.22%    passed     86.34%
  24  S0335            0.00%    passed     98.56%
  25  S0345           28.26%    passed     55.74%
  26  S0355           41.84%    passed     85.64%
  27  S0376            0.44%    passed     99.03%
  28  S0400            0.11%    passed     98.56%
  29  S0405            0.11%    passed     97.55%
  30  S0407sl          0.22%    passed     98.66%
  31  S0412sl          1.97%    passed     99.59%
  32  S0417            0.11%    passed     94.10%
  33  S0419            0.00%    passed     97.68%
  34  S0427            1.10%    passed     93.74%
  35  S0428sl         24.10%    passed     86.51%
  36  S0430            3.50%    passed     97.23%
  37  S0478            0.11%    passed     99.79%
  38  S0552sl          0.66%    passed     98.52%
  39  S0558            0.11%    passed     99.75%
  40  S0616            0.99%    passed     89.46%
  41  S0620            4.71%    passed     96.54%
  42  S0624            0.11%    passed     95.06%
  43  S0641            0.22%    passed     99.88%
  44  S0643            0.22%    passed     96.39%
  45  S0645sl          0.22%    passed     87.69%
  46  S0656sl          3.07%    passed     81.16%
  47  S0673            0.00%    passed     84.33%
  48  S0689           13.69%    passed     76.70%
  49  S0690            6.79%    passed     97.49%
  50  S0720            0.33%    passed     96.78%
  51  S0724sl          0.00%    passed     97.90%
  52  S0735            0.11%    passed     95.00%
  53  S0742            0.33%    passed     92.06%
  54  S0748            4.05%    passed     99.35%
  55  S0753           46.00%    passed     67.75%
  56  S0756            0.33%    passed     98.88%
  57  S0758            0.11%    passed     91.62%
  58  S0760            0.00%    passed     98.66%
  59  S0763            0.11%    passed     98.70%
  60  S0765            0.00%    passed     99.83%
  61  S0770            1.42%    passed     96.59%
  62  S0771            0.00%    passed     98.06%
  63  S0795            0.88%    passed     98.85%
  64  S0827            1.20%    passed     99.20%
  65  S0888            0.77%    passed     99.44%
  66  S0894            0.22%    passed     92.20%
  67  S0899            1.10%    passed     96.40%
  68  S0906            0.11%    passed     94.83%
  69  S0951           61.23%    passed     42.69%
  70  S0952            0.44%    passed     98.80%
  71  S0956            0.44%    passed     98.62%
  72  S0959            0.22%    passed     98.68%
  73  S0960            0.33%    passed     96.06%
  74  S0964            0.44%    passed     99.14%
  75  S1052sl          1.64%    passed     79.49%
  76  S1083            0.00%    passed     99.15%
  77  S1100            0.22%    passed     99.57%
  78  S1102            0.00%    passed     98.56%
  79  S1110            0.99%    passed     96.17%
  80  S1120            3.83%    passed     90.57%
  81  S1128            0.77%    passed     87.40%
  82  S1129sl          0.77%    passed     96.47%
  83  S1148            6.90%    passed     91.86%
  84  S1177            0.33%    passed     99.87%
  85  S1180            0.33%    passed     96.48%
  86  S1187sl         15.01%    passed     69.16%
  87  S1189            0.33%    passed     97.21%
  88  S1201sl          0.11%    passed     99.17%
  89  S1210            0.00%    passed     98.96%
  90  S1211            0.00%    passed     99.40%
  91  S1214sl          0.11%    passed     98.93%
  92  S1223            0.55%    passed     98.52%
  93  S1227            0.00%    passed     94.61%
  94  S1235sl          0.22%    passed     99.27%
  95  S1238sl          0.22%    passed     98.02%
  96  S1239            0.00%    passed     98.09%
  97  S1245            0.00%    passed     93.27%
  98  S1246            0.00%    passed     99.42%
  99  S1249            2.96%    passed     99.43%
 100  S1250sl          0.11%    passed     96.06%
 101  S1251            0.11%    passed     66.25%
 102  S1260            0.77%    passed     96.58%
 103  S1266sl          1.42%    passed     94.41%
 104  S1269            2.96%    passed     99.88%
 105  S1278            0.00%    passed     93.48%
 106  S1315            0.00%    passed     96.62%
 107  S1332            0.00%    passed     96.62%
 108  S1366            0.11%    passed     96.40%
 109  S1369            0.11%    passed     98.33%
 110  S1370            0.11%    passed     97.21%
 111  S1375            0.22%    passed     99.34%
 112  S1376            0.11%    passed     94.11%
 113  S1381            0.66%    passed     92.31%
 114  S1405            4.38%    passed     99.96%
 115  S1422            0.22%    passed     98.90%
 116  S1449            0.55%    passed     90.42%
 117  S1451            0.11%    passed     96.41%
 118  S1460            1.10%    passed     98.35%
 119  S1462            0.22%    passed     99.53%
 120  S1475            3.07%    passed     92.22%
 121  S1498            0.66%    passed     99.73%
 122  S1539            0.11%    passed     92.58%
 123  S_670            0.22%    passed     98.70%
 124  SRR11470320      0.00%    passed     99.52%
 125  SRR8528336       0.33%    passed     99.62%
 126  SRR8528341       0.11%    passed     96.77%
 127  SRR8528343       6.68%    passed     96.75%
 128  SRR8528347       0.33%    passed     85.14%
 129  SRR8528350       0.11%    passed     99.94%
 130  SRR8528354       0.22%    passed     97.42%
 131  SRR8528357       0.00%    passed     97.16%
 132  SRR8528359       3.61%    passed     96.21%
 133  SRR8528361       0.33%    passed     99.55%
 134  SRR8528365       0.11%    passed     94.72%
 135  SRR8528370       1.20%    passed     98.56%
 136  SRR8528372       0.22%    passed     93.88%
 137  SRR8528379       0.33%    passed     98.88%
 138  SRR8528381       0.22%    passed     78.88%
 139  SRR8528384       0.33%    passed     90.02%
 140  SRR8528389       0.11%    passed     97.84%
 141  SRR8528391       6.79%    passed     87.65%
 142  SRR8528400       1.53%    passed     96.90%
WARNING: 2 sequences contain more than 50% gaps/ambiguity
****  TOTAL            3.36%  0 sequences failed composition chi2 test (p-value<5%; df=3)
Checking for duplicate sequences: done in 0.019187 secs using 1274% CPU

Create initial parsimony tree by phylogenetic likelihood library (PLL)... 0.097 seconds

NOTE: 12 MB RAM (0 GB) is required!
Measuring multi-threading efficiency up to 56 CPU cores
Increase to 10 rounds for branch lengths
116 trees examined
Threads: 1 / Time: 56.175 sec / Speedup: 1.000 / Efficiency: 100% / LogL: -23873
Threads: 2 / Time: 49.450 sec / Speedup: 1.136 / Efficiency: 57% / LogL: -23873
Threads: 3 / Time: 52.958 sec / Speedup: 1.061 / Efficiency: 35% / LogL: -23873
Determining AUTO threadcount: done in 158.586 secs using 132.5% CPU
BEST NUMBER OF THREADS: 2

Estimate model parameters (epsilon = 0.100)
1. Initial log-likelihood: -14824.534
2. Current log-likelihood: -14218.856
3. Current log-likelihood: -14208.960
4. Current log-likelihood: -14203.943
5. Current log-likelihood: -14200.912
6. Current log-likelihood: -14199.111
7. Current log-likelihood: -14197.831
8. Current log-likelihood: -14196.642
9. Current log-likelihood: -14195.387
10. Current log-likelihood: -14194.026
11. Current log-likelihood: -14192.658
12. Current log-likelihood: -14191.339
13. Current log-likelihood: -14190.160
14. Current log-likelihood: -14189.189
15. Current log-likelihood: -14188.429
16. Current log-likelihood: -14187.857
17. Current log-likelihood: -14187.420
18. Current log-likelihood: -14187.080
19. Current log-likelihood: -14186.807
20. Current log-likelihood: -14186.579
21. Current log-likelihood: -14186.385
22. Current log-likelihood: -14186.214
23. Current log-likelihood: -14186.062
24. Current log-likelihood: -14185.925
25. Current log-likelihood: -14185.799
26. Current log-likelihood: -14185.682
27. Current log-likelihood: -14185.573
28. Current log-likelihood: -14185.470
Optimal log-likelihood: -14185.315
Rate parameters:  A-C: 0.99151  A-G: 3.15389  A-T: 1.16499  C-G: 1.30301  C-T: 5.18414  G-T: 1.00000
Base frequencies:  A: 0.317  C: 0.182  G: 0.246  T: 0.255
Site proportion and rates:  (0.527,0.148) (0.242,0.945) (0.208,2.602) (0.023,6.544)
Parameters optimization took 28 rounds (11.414 sec)
Wrote distance file to... 
Computing ML distances based on estimated model parameters...
Calculating distance matrix: done in 0.139358 secs using 164.1% CPU
Computing ML distances took 0.140924 sec (of wall-clock time) 0.230330 sec (of CPU time)
Setting up auxiliary I and S matrices: done in 0.000740051 secs using 198% CPU
Constructing RapidNJ tree: done in 0.00412893 secs using 295.1% CPU
Computing RapidNJ tree took 0.005005 sec (of wall-clock time) 0.014051 sec (of CPU time)
Log-likelihood of RapidNJ tree: -14347.753
--------------------------------------------------------------------
|             INITIALIZING CANDIDATE TREE SET                      |
--------------------------------------------------------------------
Generating 98 parsimony trees... 4.742 second
Computing log-likelihood of 98 initial trees ... 5.569 seconds
Current best score: -14160.534

Do NNI search on 20 best initial trees
Optimizing NNI: done in 0.60119 secs using 141.9% CPU
Estimate model parameters (epsilon = 0.100)
BETTER TREE FOUND at iteration 1: -14147.386
Optimizing NNI: done in 0.469812 secs using 166.2% CPU
Optimizing NNI: done in 0.878837 secs using 125% CPU
Optimizing NNI: done in 0.778126 secs using 116.3% CPU
Optimizing NNI: done in 0.599533 secs using 141.2% CPU
Optimizing NNI: done in 0.732336 secs using 126.7% CPU
Optimizing NNI: done in 0.760995 secs using 145% CPU
Optimizing NNI: done in 0.724138 secs using 138.8% CPU
Optimizing NNI: done in 0.727868 secs using 156.6% CPU
Optimizing NNI: done in 0.79301 secs using 144.6% CPU
Iteration 10 / LogL: -14155.404 / Time: 0h:3m:9s
Optimizing NNI: done in 0.532993 secs using 170.7% CPU
Optimizing NNI: done in 0.708165 secs using 122.4% CPU
Optimizing NNI: done in 0.788667 secs using 138% CPU
Optimizing NNI: done in 0.576842 secs using 159.5% CPU
Optimizing NNI: done in 0.525244 secs using 159.3% CPU
Optimizing NNI: done in 0.560372 secs using 171.9% CPU
Optimizing NNI: done in 0.600249 secs using 156% CPU
Optimizing NNI: done in 0.626312 secs using 146.7% CPU
Optimizing NNI: done in 0.648492 secs using 162.5% CPU
Optimizing NNI: done in 0.423556 secs using 184.1% CPU
Iteration 20 / LogL: -14165.463 / Time: 0h:3m:15s
Finish initializing candidate tree set (20)
Current best tree score: -14147.386 / CPU time: 25.053
Number of iterations: 20
--------------------------------------------------------------------
|               OPTIMIZING CANDIDATE TREE SET                      |
--------------------------------------------------------------------
Optimizing NNI: done in 0.952984 secs using 155.7% CPU
Optimizing NNI: done in 0.959075 secs using 152.7% CPU
Optimizing NNI: done in 1.21886 secs using 136.7% CPU
Optimizing NNI: done in 1.01419 secs using 135% CPU
Optimizing NNI: done in 1.0398 secs using 121.9% CPU
Optimizing NNI: done in 0.857978 secs using 148.8% CPU
Optimizing NNI: done in 1.09529 secs using 140.1% CPU
Optimizing NNI: done in 1.04515 secs using 133.1% CPU
Optimizing NNI: done in 1.0464 secs using 143.3% CPU
Optimizing NNI: done in 1.01686 secs using 139.2% CPU
Iteration 30 / LogL: -14149.714 / Time: 0h:3m:26s (0h:8m:24s left)
Optimizing NNI: done in 1.05614 secs using 122.8% CPU
Estimate model parameters (epsilon = 0.100)
BETTER TREE FOUND at iteration 31: -14147.264
Optimizing NNI: done in 1.00637 secs using 156.7% CPU
Optimizing NNI: done in 0.926963 secs using 155.8% CPU
Optimizing NNI: done in 1.82848 secs using 123.9% CPU
Estimate model parameters (epsilon = 0.100)
BETTER TREE FOUND at iteration 34: -14146.643
Optimizing NNI: done in 1.12988 secs using 121% CPU
Optimizing NNI: done in 0.970507 secs using 126.8% CPU
Optimizing NNI: done in 0.79524 secs using 137.6% CPU
Optimizing NNI: done in 1.38028 secs using 135.1% CPU
Optimizing NNI: done in 1.77421 secs using 123% CPU
Optimizing NNI: done in 1.57948 secs using 121.7% CPU
Iteration 40 / LogL: -14148.535 / Time: 0h:3m:40s (0h:8m:50s left)
Optimizing NNI: done in 1.57386 secs using 120.5% CPU
Optimizing NNI: done in 1.53144 secs using 123.2% CPU
Optimizing NNI: done in 1.40823 secs using 122.7% CPU
Optimizing NNI: done in 1.58007 secs using 125.3% CPU
Optimizing NNI: done in 1.11277 secs using 136.7% CPU
Optimizing NNI: done in 0.546811 secs using 200% CPU
Optimizing NNI: done in 1.08549 secs using 162.8% CPU
Estimate model parameters (epsilon = 0.100)
BETTER TREE FOUND at iteration 47: -14145.959
Optimizing NNI: done in 1.08768 secs using 139.6% CPU
Optimizing NNI: done in 1.15699 secs using 123.4% CPU
Optimizing NNI: done in 1.42451 secs using 124% CPU
Iteration 50 / LogL: -14158.998 / Time: 0h:3m:53s (0h:7m:42s left)
Optimizing NNI: done in 1.01952 secs using 160.3% CPU
Optimizing NNI: done in 0.878631 secs using 154.6% CPU
Estimate model parameters (epsilon = 0.100)
BETTER TREE FOUND at iteration 52: -14145.669
Optimizing NNI: done in 1.06528 secs using 151.2% CPU
Optimizing NNI: done in 0.904287 secs using 165.4% CPU
Optimizing NNI: done in 0.825884 secs using 172.5% CPU
Optimizing NNI: done in 0.9535 secs using 157.2% CPU
Optimizing NNI: done in 1.19456 secs using 126.2% CPU
Optimizing NNI: done in 0.94387 secs using 137.9% CPU
Estimate model parameters (epsilon = 0.100)
BETTER TREE FOUND at iteration 58: -14145.561
Optimizing NNI: done in 0.602778 secs using 178.7% CPU
Optimizing NNI: done in 1.05628 secs using 141.3% CPU
Iteration 60 / LogL: -14147.024 / Time: 0h:4m:4s (0h:6m:45s left)
Optimizing NNI: done in 1.10685 secs using 154% CPU
Optimizing NNI: done in 1.26147 secs using 127.9% CPU
Optimizing NNI: done in 1.01248 secs using 154.5% CPU
Optimizing NNI: done in 0.866411 secs using 163.5% CPU
Estimate model parameters (epsilon = 0.100)
BETTER TREE FOUND at iteration 64: -14145.469
Optimizing NNI: done in 0.75154 secs using 176.5% CPU
Optimizing NNI: done in 0.81874 secs using 168.2% CPU
Optimizing NNI: done in 1.12449 secs using 151.8% CPU
Optimizing NNI: done in 0.786765 secs using 174.4% CPU
Optimizing NNI: done in 0.807699 secs using 189.8% CPU
Optimizing NNI: done in 0.501743 secs using 199.1% CPU
Iteration 70 / LogL: -14152.334 / Time: 0h:4m:13s (0h:5m:45s left)
Optimizing NNI: done in 0.665305 secs using 191% CPU
Optimizing NNI: done in 0.849007 secs using 162% CPU
Optimizing NNI: done in 1.02345 secs using 146.6% CPU
Optimizing NNI: done in 0.743938 secs using 168.8% CPU
Optimizing NNI: done in 0.597742 secs using 200% CPU
Optimizing NNI: done in 0.611573 secs using 177.8% CPU
Optimizing NNI: done in 0.547037 secs using 196.9% CPU
Optimizing NNI: done in 0.754076 secs using 175.5% CPU
Optimizing NNI: done in 1.00849 secs using 134.5% CPU
Optimizing NNI: done in 0.857689 secs using 178.5% CPU
Iteration 80 / LogL: -14145.675 / Time: 0h:4m:21s (0h:4m:37s left)
Optimizing NNI: done in 0.561781 secs using 199.3% CPU
Optimizing NNI: done in 0.567277 secs using 200% CPU
Optimizing NNI: done in 0.762984 secs using 182.8% CPU
Optimizing NNI: done in 0.872622 secs using 188.1% CPU
Estimate model parameters (epsilon = 0.100)
BETTER TREE FOUND at iteration 84: -14145.385
Optimizing NNI: done in 0.905129 secs using 162.2% CPU
Optimizing NNI: done in 1.266 secs using 135.9% CPU
Optimizing NNI: done in 0.918956 secs using 165.3% CPU
Optimizing NNI: done in 0.731715 secs using 193% CPU
Optimizing NNI: done in 0.657601 secs using 193.4% CPU
Optimizing NNI: done in 0.564973 secs using 198.7% CPU
Iteration 90 / LogL: -14170.677 / Time: 0h:4m:29s (0h:4m:44s left)
Optimizing NNI: done in 0.737869 secs using 193% CPU
Optimizing NNI: done in 0.574772 secs using 199.4% CPU
Optimizing NNI: done in 0.813039 secs using 180.3% CPU
Optimizing NNI: done in 0.649978 secs using 197.1% CPU
Optimizing NNI: done in 0.934895 secs using 164.7% CPU
Optimizing NNI: done in 1.08718 secs using 172.7% CPU
Optimizing NNI: done in 0.638028 secs using 181.7% CPU
Estimate model parameters (epsilon = 0.100)
BETTER TREE FOUND at iteration 97: -14145.308
Optimizing NNI: done in 0.635079 secs using 200% CPU
Optimizing NNI: done in 0.57953 secs using 198.6% CPU
Optimizing NNI: done in 0.616111 secs using 200% CPU
Iteration 100 / LogL: -14145.622 / Time: 0h:4m:37s (0h:4m:31s left)
Optimizing NNI: done in 0.441486 secs using 198.8% CPU
Optimizing NNI: done in 0.630969 secs using 197.5% CPU
Optimizing NNI: done in 0.819817 secs using 194.9% CPU
Optimizing NNI: done in 0.66953 secs using 188.1% CPU
Optimizing NNI: done in 0.608412 secs using 198.7% CPU
Optimizing NNI: done in 0.568024 secs using 200.1% CPU
Optimizing NNI: done in 0.934119 secs using 173.7% CPU
Optimizing NNI: done in 0.723182 secs using 193.6% CPU
Optimizing NNI: done in 0.562858 secs using 198.5% CPU
Optimizing NNI: done in 0.567523 secs using 200% CPU
BETTER TREE FOUND at iteration 110: -14145.298
Iteration 110 / LogL: -14145.298 / Time: 0h:4m:44s (0h:4m:20s left)
Optimizing NNI: done in 0.606535 secs using 199.4% CPU
Optimizing NNI: done in 0.795415 secs using 200% CPU
Optimizing NNI: done in 0.660263 secs using 199.5% CPU
Optimizing NNI: done in 0.609668 secs using 199.4% CPU
Optimizing NNI: done in 0.566398 secs using 191.6% CPU
Optimizing NNI: done in 0.617866 secs using 197.1% CPU
Optimizing NNI: done in 0.679493 secs using 188.9% CPU
Optimizing NNI: done in 0.587784 secs using 199.8% CPU
Optimizing NNI: done in 0.681925 secs using 199.9% CPU
Optimizing NNI: done in 0.645136 secs using 200% CPU
Iteration 120 / LogL: -14169.748 / Time: 0h:4m:50s (0h:3m:39s left)
Optimizing NNI: done in 0.565781 secs using 197.9% CPU
BETTER TREE FOUND at iteration 121: -14145.297
Optimizing NNI: done in 0.657832 secs using 200% CPU
Optimizing NNI: done in 0.728134 secs using 200% CPU
Optimizing NNI: done in 0.657642 secs using 190.6% CPU
Optimizing NNI: done in 0.705194 secs using 198.9% CPU
Optimizing NNI: done in 0.721126 secs using 199.5% CPU
Optimizing NNI: done in 0.583849 secs using 198% CPU
Optimizing NNI: done in 0.669874 secs using 200% CPU
Optimizing NNI: done in 0.68038 secs using 181.2% CPU
Optimizing NNI: done in 0.601969 secs using 188.7% CPU
Iteration 130 / LogL: -14145.300 / Time: 0h:4m:57s (0h:3m:29s left)
Optimizing NNI: done in 0.611626 secs using 198.7% CPU
Optimizing NNI: done in 0.642634 secs using 200% CPU
Optimizing NNI: done in 0.643692 secs using 199.8% CPU
Optimizing NNI: done in 0.530555 secs using 199.9% CPU
Optimizing NNI: done in 0.737922 secs using 200.3% CPU
Optimizing NNI: done in 0.638556 secs using 200% CPU
Optimizing NNI: done in 0.704642 secs using 178.4% CPU
Optimizing NNI: done in 0.728634 secs using 198.9% CPU
Optimizing NNI: done in 0.616972 secs using 199.4% CPU
Optimizing NNI: done in 0.568919 secs using 199.3% CPU
Iteration 140 / LogL: -14155.521 / Time: 0h:5m:4s (0h:2m:57s left)
Optimizing NNI: done in 0.844122 secs using 189% CPU
Optimizing NNI: done in 0.591328 secs using 198.6% CPU
Optimizing NNI: done in 0.601415 secs using 200.1% CPU
Optimizing NNI: done in 0.670879 secs using 199.5% CPU
Optimizing NNI: done in 0.752946 secs using 198.9% CPU
Optimizing NNI: done in 0.78441 secs using 184.6% CPU
Optimizing NNI: done in 0.661898 secs using 182.6% CPU
Optimizing NNI: done in 0.743998 secs using 158.6% CPU
Optimizing NNI: done in 0.62659 secs using 177.2% CPU
Optimizing NNI: done in 0.630247 secs using 182.4% CPU
Iteration 150 / LogL: -14159.987 / Time: 0h:5m:11s (0h:2m:28s left)
Optimizing NNI: done in 0.587193 secs using 193.7% CPU
Optimizing NNI: done in 0.58346 secs using 200% CPU
Optimizing NNI: done in 0.532854 secs using 198.6% CPU
Optimizing NNI: done in 0.643652 secs using 194.3% CPU
Optimizing NNI: done in 0.932819 secs using 157.2% CPU
Optimizing NNI: done in 0.602954 secs using 200% CPU
Optimizing NNI: done in 0.586077 secs using 199.3% CPU
Optimizing NNI: done in 0.638156 secs using 188.7% CPU
Optimizing NNI: done in 0.572623 secs using 199.3% CPU
Optimizing NNI: done in 0.850405 secs using 200% CPU
Iteration 160 / LogL: -14148.428 / Time: 0h:5m:17s (0h:2m:1s left)
Optimizing NNI: done in 0.5619 secs using 198.7% CPU
Optimizing NNI: done in 0.791974 secs using 199.9% CPU
Optimizing NNI: done in 0.540235 secs using 200.4% CPU
Optimizing NNI: done in 0.944966 secs using 166.3% CPU
Optimizing NNI: done in 0.704547 secs using 186.8% CPU
Optimizing NNI: done in 0.685493 secs using 199.2% CPU
Optimizing NNI: done in 0.578224 secs using 198.7% CPU
Optimizing NNI: done in 0.698484 secs using 188.1% CPU
Optimizing NNI: done in 0.757531 secs using 170.9% CPU
BETTER TREE FOUND at iteration 169: -14145.296
Optimizing NNI: done in 0.664477 secs using 197.6% CPU
Iteration 170 / LogL: -14153.484 / Time: 0h:5m:24s (0h:3m:10s left)
Optimizing NNI: done in 0.709412 secs using 198.6% CPU
Optimizing NNI: done in 0.545832 secs using 200.6% CPU
Optimizing NNI: done in 0.641004 secs using 200% CPU
Optimizing NNI: done in 0.547835 secs using 199.4% CPU
Optimizing NNI: done in 0.53383 secs using 200% CPU
Optimizing NNI: done in 0.721447 secs using 200% CPU
Optimizing NNI: done in 0.619292 secs using 198.1% CPU
Optimizing NNI: done in 0.494597 secs using 199.9% CPU
Optimizing NNI: done in 0.687522 secs using 198.9% CPU
Optimizing NNI: done in 0.732269 secs using 190.1% CPU
Iteration 180 / LogL: -14148.534 / Time: 0h:5m:31s (0h:2m:44s left)
Optimizing NNI: done in 0.609597 secs using 199.4% CPU
Optimizing NNI: done in 0.606956 secs using 198.8% CPU
Optimizing NNI: done in 0.604395 secs using 195.4% CPU
Optimizing NNI: done in 1.00992 secs using 166.3% CPU
Optimizing NNI: done in 0.843754 secs using 155.7% CPU
Optimizing NNI: done in 0.696409 secs using 166.9% CPU
Optimizing NNI: done in 1.07379 secs using 143.1% CPU
Optimizing NNI: done in 0.948802 secs using 169.2% CPU
Optimizing NNI: done in 0.721372 secs using 181.4% CPU
Optimizing NNI: done in 0.876964 secs using 168.2% CPU
Iteration 190 / LogL: -14157.289 / Time: 0h:5m:39s (0h:2m:21s left)
Optimizing NNI: done in 0.757458 secs using 170.1% CPU
Optimizing NNI: done in 1.30973 secs using 141.7% CPU
Optimizing NNI: done in 0.583894 secs using 198.5% CPU
Optimizing NNI: done in 0.530123 secs using 199.2% CPU
Optimizing NNI: done in 0.663728 secs using 167.3% CPU
Optimizing NNI: done in 1.10306 secs using 132.9% CPU
Optimizing NNI: done in 1.00312 secs using 121.1% CPU
Optimizing NNI: done in 1.2139 secs using 123.1% CPU
Optimizing NNI: done in 1.48455 secs using 119.2% CPU
Optimizing NNI: done in 1.05335 secs using 144.6% CPU
Iteration 200 / LogL: -14149.578 / Time: 0h:5m:49s (0h:2m:1s left)
Optimizing NNI: done in 0.587812 secs using 200% CPU
Optimizing NNI: done in 1.13649 secs using 168.4% CPU
Optimizing NNI: done in 0.783588 secs using 157.9% CPU
Optimizing NNI: done in 0.963365 secs using 162% CPU
Optimizing NNI: done in 1.30381 secs using 136.7% CPU
Optimizing NNI: done in 0.554462 secs using 176.5% CPU
Optimizing NNI: done in 0.918353 secs using 158.3% CPU
Optimizing NNI: done in 0.596991 secs using 199.9% CPU
Optimizing NNI: done in 0.581598 secs using 189.9% CPU
Optimizing NNI: done in 0.559022 secs using 195.6% CPU
Iteration 210 / LogL: -14147.988 / Time: 0h:5m:57s (0h:1m:40s left)
Optimizing NNI: done in 0.82195 secs using 178.3% CPU
BETTER TREE FOUND at iteration 211: -14145.296
Optimizing NNI: done in 0.623521 secs using 182.1% CPU
Optimizing NNI: done in 0.650421 secs using 199.3% CPU
Optimizing NNI: done in 0.821269 secs using 177% CPU
Optimizing NNI: done in 0.9576 secs using 171.5% CPU
Optimizing NNI: done in 1.21605 secs using 155.3% CPU
Optimizing NNI: done in 0.611847 secs using 189.8% CPU
Optimizing NNI: done in 0.594883 secs using 198.7% CPU
Optimizing NNI: done in 0.737522 secs using 199.4% CPU
Optimizing NNI: done in 0.641156 secs using 185.7% CPU
Iteration 220 / LogL: -14145.297 / Time: 0h:6m:5s (0h:2m:31s left)
Optimizing NNI: done in 0.569314 secs using 196.6% CPU
Optimizing NNI: done in 0.575916 secs using 199.9% CPU
Optimizing NNI: done in 0.68024 secs using 197.6% CPU
Optimizing NNI: done in 0.6366 secs using 198.7% CPU
Optimizing NNI: done in 0.56536 secs using 198.3% CPU
Optimizing NNI: done in 0.556596 secs using 199.1% CPU
Optimizing NNI: done in 0.938753 secs using 183% CPU
Optimizing NNI: done in 0.577832 secs using 199.9% CPU
Optimizing NNI: done in 0.492359 secs using 198.8% CPU
Optimizing NNI: done in 0.559222 secs using 199.9% CPU
Iteration 230 / LogL: -14147.030 / Time: 0h:6m:11s (0h:2m:11s left)
Optimizing NNI: done in 0.486244 secs using 199.2% CPU
Optimizing NNI: done in 0.689062 secs using 199.4% CPU
Optimizing NNI: done in 0.524222 secs using 200% CPU
Optimizing NNI: done in 0.552846 secs using 199.6% CPU
BETTER TREE FOUND at iteration 234: -14145.296
Optimizing NNI: done in 0.656035 secs using 200% CPU
Optimizing NNI: done in 0.814539 secs using 199.6% CPU
Optimizing NNI: done in 0.601957 secs using 199.3% CPU
Optimizing NNI: done in 0.613323 secs using 200% CPU
Optimizing NNI: done in 0.661245 secs using 194.3% CPU
Optimizing NNI: done in 0.598753 secs using 200% CPU
Iteration 240 / LogL: -14146.779 / Time: 0h:6m:17s (0h:2m:28s left)
Optimizing NNI: done in 0.764755 secs using 183.1% CPU
Optimizing NNI: done in 0.623408 secs using 200% CPU
Optimizing NNI: done in 1.22121 secs using 124.9% CPU
Optimizing NNI: done in 1.88816 secs using 64.63% CPU
Optimizing NNI: done in 1.88314 secs using 80.22% CPU
Optimizing NNI: done in 0.69646 secs using 199.4% CPU
Optimizing NNI: done in 0.739338 secs using 179.3% CPU
Optimizing NNI: done in 0.716605 secs using 198.6% CPU
Optimizing NNI: done in 0.608191 secs using 199% CPU
Optimizing NNI: done in 0.792039 secs using 191.7% CPU
Iteration 250 / LogL: -14151.954 / Time: 0h:6m:28s (0h:2m:10s left)
Optimizing NNI: done in 0.79134 secs using 198.4% CPU
Optimizing NNI: done in 0.750286 secs using 186.3% CPU
Optimizing NNI: done in 0.544236 secs using 200.3% CPU
Optimizing NNI: done in 0.539405 secs using 200% CPU
Optimizing NNI: done in 0.627631 secs using 185.1% CPU
Optimizing NNI: done in 0.615163 secs using 199.8% CPU
Optimizing NNI: done in 0.894416 secs using 153.2% CPU
Optimizing NNI: done in 0.904607 secs using 157.1% CPU
Optimizing NNI: done in 0.730373 secs using 190.3% CPU
Optimizing NNI: done in 0.588242 secs using 196.1% CPU
Iteration 260 / LogL: -14148.401 / Time: 0h:6m:35s (0h:1m:52s left)
Optimizing NNI: done in 0.502374 secs using 199.9% CPU
Optimizing NNI: done in 0.685961 secs using 195.7% CPU
Optimizing NNI: done in 0.633198 secs using 195.2% CPU
Optimizing NNI: done in 0.698816 secs using 199.9% CPU
Optimizing NNI: done in 0.472867 secs using 198.8% CPU
Optimizing NNI: done in 0.634102 secs using 199.2% CPU
Optimizing NNI: done in 0.745041 secs using 170% CPU
Optimizing NNI: done in 0.674367 secs using 168.1% CPU
Optimizing NNI: done in 1.00271 secs using 160.9% CPU
Optimizing NNI: done in 0.656719 secs using 187.8% CPU
Iteration 270 / LogL: -14147.310 / Time: 0h:6m:42s (0h:1m:35s left)
Optimizing NNI: done in 0.70707 secs using 200% CPU
Optimizing NNI: done in 0.547017 secs using 200% CPU
Optimizing NNI: done in 0.663162 secs using 194.8% CPU
Optimizing NNI: done in 0.791552 secs using 176.4% CPU
BETTER TREE FOUND at iteration 274: -14145.295
Optimizing NNI: done in 0.730318 secs using 199.4% CPU
Optimizing NNI: done in 0.665166 secs using 200% CPU
Optimizing NNI: done in 0.66148 secs using 189.5% CPU
Optimizing NNI: done in 0.897278 secs using 177.1% CPU
Optimizing NNI: done in 0.799749 secs using 199.5% CPU
Optimizing NNI: done in 0.625725 secs using 200% CPU
Iteration 280 / LogL: -14152.768 / Time: 0h:6m:49s (0h:2m:17s left)
Optimizing NNI: done in 0.676502 secs using 199.4% CPU
Optimizing NNI: done in 0.652998 secs using 193.6% CPU
Optimizing NNI: done in 0.718714 secs using 199.4% CPU
Optimizing NNI: done in 0.647265 secs using 197.5% CPU
Optimizing NNI: done in 0.51844 secs using 196.9% CPU
Optimizing NNI: done in 0.720577 secs using 200% CPU
Optimizing NNI: done in 0.533268 secs using 197% CPU
Optimizing NNI: done in 0.73716 secs using 199.5% CPU
Optimizing NNI: done in 0.537578 secs using 198.2% CPU
Optimizing NNI: done in 0.622599 secs using 199.9% CPU
Iteration 290 / LogL: -14152.790 / Time: 0h:6m:55s (0h:2m:0s left)
Optimizing NNI: done in 0.568186 secs using 197.9% CPU
Optimizing NNI: done in 0.64999 secs using 186.8% CPU
Optimizing NNI: done in 0.628048 secs using 198.8% CPU
Optimizing NNI: done in 1.08824 secs using 149.7% CPU
Optimizing NNI: done in 0.56116 secs using 197.9% CPU
Optimizing NNI: done in 0.603206 secs using 200% CPU
Optimizing NNI: done in 0.843767 secs using 160% CPU
Optimizing NNI: done in 0.943682 secs using 151.8% CPU
Optimizing NNI: done in 0.623917 secs using 178.9% CPU
Optimizing NNI: done in 0.88195 secs using 136.6% CPU
Iteration 300 / LogL: -14153.371 / Time: 0h:7m:3s (0h:1m:44s left)
Optimizing NNI: done in 0.877667 secs using 162.8% CPU
Optimizing NNI: done in 0.850653 secs using 166% CPU
Optimizing NNI: done in 0.750367 secs using 174.8% CPU
Optimizing NNI: done in 0.680285 secs using 200% CPU
Optimizing NNI: done in 0.508919 secs using 200% CPU
Optimizing NNI: done in 0.650874 secs using 200% CPU
Optimizing NNI: done in 0.489925 secs using 197.3% CPU
Optimizing NNI: done in 0.874424 secs using 149.3% CPU
Optimizing NNI: done in 0.543251 secs using 199.2% CPU
Optimizing NNI: done in 1.07593 secs using 162.4% CPU
Iteration 310 / LogL: -14145.297 / Time: 0h:7m:10s (0h:1m:29s left)
Optimizing NNI: done in 0.745211 secs using 175% CPU
Optimizing NNI: done in 0.615522 secs using 198.8% CPU
Optimizing NNI: done in 0.518872 secs using 199.2% CPU
Optimizing NNI: done in 0.944473 secs using 141.5% CPU
Optimizing NNI: done in 1.03857 secs using 158.8% CPU
Optimizing NNI: done in 0.486232 secs using 197.2% CPU
Optimizing NNI: done in 1.02201 secs using 165.9% CPU
Optimizing NNI: done in 0.92093 secs using 159.1% CPU
Optimizing NNI: done in 0.72803 secs using 197.9% CPU
Optimizing NNI: done in 0.568311 secs using 197.9% CPU
Iteration 320 / LogL: -14149.025 / Time: 0h:7m:18s (0h:1m:14s left)
Optimizing NNI: done in 0.601238 secs using 199.4% CPU
Optimizing NNI: done in 0.683667 secs using 198.3% CPU
Optimizing NNI: done in 0.571659 secs using 200% CPU
Optimizing NNI: done in 0.673982 secs using 200% CPU
Optimizing NNI: done in 0.658262 secs using 199% CPU
Optimizing NNI: done in 0.72526 secs using 190.2% CPU
Optimizing NNI: done in 0.610819 secs using 199.3% CPU
Optimizing NNI: done in 0.605909 secs using 200% CPU
Optimizing NNI: done in 0.63024 secs using 200% CPU
Optimizing NNI: done in 0.47698 secs using 199.3% CPU
Iteration 330 / LogL: -14166.556 / Time: 0h:7m:24s (0h:0m:59s left)
Optimizing NNI: done in 0.729586 secs using 199.4% CPU
Optimizing NNI: done in 0.715662 secs using 199.5% CPU
Optimizing NNI: done in 0.750538 secs using 188.8% CPU
Optimizing NNI: done in 0.530287 secs using 200.1% CPU
Optimizing NNI: done in 0.731857 secs using 167.1% CPU
Optimizing NNI: done in 0.983627 secs using 156.6% CPU
Optimizing NNI: done in 0.608879 secs using 188.5% CPU
Optimizing NNI: done in 0.822261 secs using 169.7% CPU
BETTER TREE FOUND at iteration 338: -14145.295
Optimizing NNI: done in 0.802404 secs using 155.7% CPU
Optimizing NNI: done in 0.692851 secs using 198.9% CPU
Iteration 340 / LogL: -14145.348 / Time: 0h:7m:32s (0h:2m:10s left)
Optimizing NNI: done in 0.756092 secs using 199% CPU
Optimizing NNI: done in 0.730867 secs using 174.1% CPU
Optimizing NNI: done in 0.779625 secs using 173.3% CPU
Optimizing NNI: done in 0.581291 secs using 199.4% CPU
Optimizing NNI: done in 1.3798 secs using 152.7% CPU
Optimizing NNI: done in 1.11529 secs using 147.5% CPU
Optimizing NNI: done in 0.884029 secs using 158.1% CPU
Optimizing NNI: done in 0.927929 secs using 138.8% CPU
Optimizing NNI: done in 0.786039 secs using 160.1% CPU
Optimizing NNI: done in 0.558017 secs using 199.3% CPU
Iteration 350 / LogL: -14145.296 / Time: 0h:7m:41s (0h:1m:56s left)
Optimizing NNI: done in 0.698131 secs using 180.7% CPU
Optimizing NNI: done in 0.843729 secs using 178.6% CPU
Optimizing NNI: done in 0.976209 secs using 156.7% CPU
Optimizing NNI: done in 0.596281 secs using 185.4% CPU
Optimizing NNI: done in 0.529347 secs using 200.4% CPU
Optimizing NNI: done in 0.833076 secs using 176.9% CPU
Optimizing NNI: done in 0.680427 secs using 176.6% CPU
Optimizing NNI: done in 0.787103 secs using 173.6% CPU
Optimizing NNI: done in 0.714519 secs using 192.3% CPU
Optimizing NNI: done in 0.774734 secs using 186.9% CPU
Iteration 360 / LogL: -14149.906 / Time: 0h:7m:48s (0h:1m:41s left)
Optimizing NNI: done in 0.6432 secs using 198.6% CPU
Optimizing NNI: done in 0.679956 secs using 200% CPU
Optimizing NNI: done in 0.706563 secs using 188.2% CPU
Optimizing NNI: done in 0.704215 secs using 189.2% CPU
Optimizing NNI: done in 0.715394 secs using 175.4% CPU
Optimizing NNI: done in 1.05195 secs using 164.4% CPU
Optimizing NNI: done in 0.914816 secs using 158.7% CPU
Optimizing NNI: done in 0.813767 secs using 155.4% CPU
Optimizing NNI: done in 0.793181 secs using 161% CPU
Optimizing NNI: done in 0.55394 secs using 195.4% CPU
Iteration 370 / LogL: -14149.428 / Time: 0h:7m:56s (0h:1m:27s left)
Optimizing NNI: done in 0.602233 secs using 194.4% CPU
Optimizing NNI: done in 0.697356 secs using 190.5% CPU
UPDATE BEST LOG-LIKELIHOOD: -14145.295
Optimizing NNI: done in 0.645076 secs using 191.6% CPU
Optimizing NNI: done in 0.530642 secs using 197.8% CPU
Optimizing NNI: done in 0.517323 secs using 197.5% CPU
Optimizing NNI: done in 0.498013 secs using 199.2% CPU
Optimizing NNI: done in 0.85907 secs using 169.5% CPU
Optimizing NNI: done in 0.62771 secs using 177.5% CPU
Optimizing NNI: done in 0.767432 secs using 173.1% CPU
Optimizing NNI: done in 0.912575 secs using 146.7% CPU
Iteration 380 / LogL: -14145.570 / Time: 0h:8m:3s (0h:1m:13s left)
Optimizing NNI: done in 0.632078 secs using 193.3% CPU
Optimizing NNI: done in 0.797493 secs using 176.4% CPU
Optimizing NNI: done in 0.986297 secs using 145.3% CPU
Optimizing NNI: done in 0.988676 secs using 147.1% CPU
Optimizing NNI: done in 0.761902 secs using 188.1% CPU
Optimizing NNI: done in 0.624132 secs using 179.7% CPU
Optimizing NNI: done in 1.21098 secs using 131.5% CPU
Optimizing NNI: done in 1.01936 secs using 171.5% CPU
Optimizing NNI: done in 0.727363 secs using 171.5% CPU
Optimizing NNI: done in 0.643062 secs using 200% CPU
Iteration 390 / LogL: -14149.911 / Time: 0h:8m:11s (0h:1m:0s left)
Optimizing NNI: done in 0.49581 secs using 200% CPU
Optimizing NNI: done in 0.744929 secs using 189.9% CPU
Optimizing NNI: done in 0.957264 secs using 163.1% CPU
Optimizing NNI: done in 0.907277 secs using 166.5% CPU
Optimizing NNI: done in 0.864016 secs using 161.4% CPU
Optimizing NNI: done in 0.674442 secs using 170.1% CPU
Optimizing NNI: done in 0.612343 secs using 171.7% CPU
Optimizing NNI: done in 0.961703 secs using 155.2% CPU
Optimizing NNI: done in 0.860416 secs using 145.7% CPU
Optimizing NNI: done in 0.694182 secs using 178.8% CPU
Iteration 400 / LogL: -14145.297 / Time: 0h:8m:19s (0h:0m:47s left)
Optimizing NNI: done in 0.414166 secs using 199.1% CPU
Optimizing NNI: done in 0.589298 secs using 184.2% CPU
Optimizing NNI: done in 1.09281 secs using 155% CPU
Optimizing NNI: done in 0.72223 secs using 169.1% CPU
Optimizing NNI: done in 0.928116 secs using 162.6% CPU
Optimizing NNI: done in 1.44632 secs using 120.1% CPU
Optimizing NNI: done in 0.983407 secs using 129.3% CPU
Optimizing NNI: done in 1.07328 secs using 125.1% CPU
Optimizing NNI: done in 1.1017 secs using 133.4% CPU
Optimizing NNI: done in 1.34017 secs using 141.3% CPU
Iteration 410 / LogL: -14158.641 / Time: 0h:8m:29s (0h:0m:34s left)
Optimizing NNI: done in 0.841665 secs using 159.1% CPU
Optimizing NNI: done in 1.18613 secs using 133.9% CPU
Optimizing NNI: done in 0.693654 secs using 172.6% CPU
Optimizing NNI: done in 0.453496 secs using 199.1% CPU
Optimizing NNI: done in 0.648891 secs using 199.4% CPU
Optimizing NNI: done in 0.64664 secs using 200% CPU
Optimizing NNI: done in 0.552225 secs using 198.2% CPU
Optimizing NNI: done in 0.684523 secs using 184% CPU
Optimizing NNI: done in 0.774987 secs using 175.9% CPU
Optimizing NNI: done in 0.935569 secs using 146.4% CPU
Iteration 420 / LogL: -14151.952 / Time: 0h:8m:37s (0h:0m:22s left)
Optimizing NNI: done in 0.720013 secs using 189.5% CPU
Optimizing NNI: done in 0.611464 secs using 189.1% CPU
Optimizing NNI: done in 0.581116 secs using 198.6% CPU
Optimizing NNI: done in 0.498804 secs using 186.6% CPU
Optimizing NNI: done in 0.712972 secs using 174.2% CPU
Optimizing NNI: done in 0.647832 secs using 188.7% CPU
Optimizing NNI: done in 0.53493 secs using 199.3% CPU
Optimizing NNI: done in 0.521917 secs using 199.3% CPU
Optimizing NNI: done in 0.640666 secs using 199.4% CPU
Optimizing NNI: done in 0.583823 secs using 200% CPU
Iteration 430 / LogL: -14145.297 / Time: 0h:8m:43s (0h:0m:9s left)
Optimizing NNI: done in 0.599886 secs using 189.3% CPU
Optimizing NNI: done in 0.595935 secs using 196.8% CPU
Optimizing NNI: done in 0.590396 secs using 199.9% CPU
Optimizing NNI: done in 0.435052 secs using 198.2% CPU
Optimizing NNI: done in 0.496021 secs using 198.6% CPU
Optimizing NNI: done in 0.509226 secs using 194.1% CPU
Optimizing NNI: done in 0.664582 secs using 175.9% CPU
Optimizing NNI: done in 0.468294 secs using 198.3% CPU
Optimizing NNI: done in 0.514575 secs using 198.9% CPU
TREE SEARCH COMPLETED AFTER 439 ITERATIONS / Time: 0h:8m:48s

--------------------------------------------------------------------
|                    FINALIZING TREE SEARCH                        |
--------------------------------------------------------------------
Performs final model parameters optimization
Estimate model parameters (epsilon = 0.010)
1. Initial log-likelihood: -14145.295
2. Current log-likelihood: -14145.253
3. Current log-likelihood: -14145.199
4. Current log-likelihood: -14145.146
5. Current log-likelihood: -14145.095
6. Current log-likelihood: -14145.047
7. Current log-likelihood: -14145.003
8. Current log-likelihood: -14144.962
9. Current log-likelihood: -14144.923
10. Current log-likelihood: -14144.885
11. Current log-likelihood: -14144.848
12. Current log-likelihood: -14144.813
13. Current log-likelihood: -14144.779
14. Current log-likelihood: -14144.746
15. Current log-likelihood: -14144.714
16. Current log-likelihood: -14144.684
17. Current log-likelihood: -14144.655
18. Current log-likelihood: -14144.626
19. Current log-likelihood: -14144.599
20. Current log-likelihood: -14144.573
21. Current log-likelihood: -14144.557
22. Current log-likelihood: -14144.541
23. Current log-likelihood: -14144.516
24. Current log-likelihood: -14144.501
25. Current log-likelihood: -14144.486
26. Current log-likelihood: -14144.471
27. Current log-likelihood: -14144.457
28. Current log-likelihood: -14144.443
29. Current log-likelihood: -14144.429
30. Current log-likelihood: -14144.415
31. Current log-likelihood: -14144.402
32. Current log-likelihood: -14144.389
33. Current log-likelihood: -14144.376
34. Current log-likelihood: -14144.364
35. Current log-likelihood: -14144.352
36. Current log-likelihood: -14144.340
37. Current log-likelihood: -14144.328
38. Current log-likelihood: -14144.317
39. Current log-likelihood: -14144.306
40. Current log-likelihood: -14144.294
41. Current log-likelihood: -14144.284
42. Current log-likelihood: -14144.273
43. Current log-likelihood: -14144.263
44. Current log-likelihood: -14144.253
45. Current log-likelihood: -14144.243
Optimal log-likelihood: -14144.227
Rate parameters:  A-C: 0.94562  A-G: 3.02459  A-T: 1.10540  C-G: 1.25084  C-T: 5.00845  G-T: 1.00000
Base frequencies:  A: 0.317  C: 0.182  G: 0.246  T: 0.255
Site proportion and rates:  (0.465,0.109) (0.290,0.786) (0.224,2.577) (0.021,6.811)
Parameters optimization took 45 rounds (13.399 sec)
BEST SCORE FOUND : -14144.227
Total tree length: 2.891

Total number of iterations: 439
CPU time used for tree search: 605.441 sec (0h:10m:5s)
Wall-clock time used for tree search: 357.599 sec (0h:5m:57s)
Total CPU time used: 862.483 sec (0h:14m:22s)
Total wall-clock time used: 541.716 sec (0h:9m:1s)

Analysis results written to: 
  IQ-TREE report:                5670_iqtree_preliminary_superstrict_excluding_hybrids.iqtree
  Maximum-likelihood tree:       5670_iqtree_preliminary_superstrict_excluding_hybrids.treefile
  Likelihood distances:          5670_iqtree_preliminary_superstrict_excluding_hybrids.mldist
  Screen log file:               5670_iqtree_preliminary_superstrict_excluding_hybrids.log

ALISIM COMMAND
--------------
--alisim simulated_MSA -t 5670_iqtree_preliminary_superstrict_excluding_hybrids.treefile -m "GTR{0.945617,3.02459,1.1054,1.25084,5.00845}+F{0.317045,0.18212,0.245879,0.254955}+R4{0.464704,0.108607,0.29003,0.786421,0.224161,2.57713,0.0211052,6.8112}" --length 913

Date and Time: Fri Jun  2 08:13:26 2023
