IQ-TREE multicore version 2.2.2 COVID-edition for Linux 64-bit built Sep 20 2022
Developed by Bui Quang Minh, James Barbetti, Nguyen Lam Tung,
Olga Chernomor, Heiko Schmidt, Dominik Schrempf, Michael Woodhams, Ly Trong Nhan.

Host:    netdc-bms-c11f (AVX2, FMA3, 377 GB RAM)
Command: /home/kasper.hendriks/iqtree-2.2.2-Linux/bin/iqtree2 -s 5733_taper_preliminary_superstrict_excluding_hybrids.fasta -nm 1000 -m GTR+F+R -nt AUTO --prefix 5733_iqtree_preliminary_superstrict_excluding_hybrids
Seed:    961587 (Using SPRNG - Scalable Parallel Random Number Generator)
Time:    Fri Jun  2 08:04:26 2023
Kernel:  AVX+FMA - auto-detect threads (56 CPU cores detected)

Reading alignment file 5733_taper_preliminary_superstrict_excluding_hybrids.fasta ... Fasta format detected
Reading fasta file: done in 0.000737906 secs using 99.74% CPU
Alignment most likely contains DNA/RNA sequences
Constructing alignment: done in 0.00162292 secs using 1498% CPU
Alignment has 112 sequences with 232 columns, 184 distinct patterns
95 parsimony-informative, 48 singleton sites, 89 constant sites
               Gap/Ambiguity  Composition  p-value
Analyzing sequences: done in 0.0159791 secs using 1408% CPU
   1  CRNC             0.00%    passed     90.49%
   2  HYZL             0.00%    passed     81.54%
   3  MYZV            84.91%    passed     85.79%
   4  SRR6441723       0.00%    passed     99.48%
   5  ERR4210213      85.34%    passed     91.36%
   6  ERR2789774       0.00%    passed     99.18%
   7  PAFTOL_019361   69.83%    passed     58.12%
   8  S0055            0.00%    passed     98.26%
   9  S0196sl         43.97%    passed     82.36%
  10  S0278            0.00%    passed     97.77%
  11  S0281            0.00%    passed     98.89%
  12  S0282            0.00%    passed     96.73%
  13  S0289            6.47%    passed     86.77%
  14  S0292            0.00%    passed     98.35%
  15  S0293           17.67%    passed     71.94%
  16  S0294            0.00%    passed     96.95%
  17  S0299           40.09%    passed     97.12%
  18  S0303           56.03%    passed     83.94%
  19  S0308            0.00%    passed     92.28%
  20  S0320           45.26%    passed     86.84%
  21  S0327            0.00%    passed     99.14%
  22  S0335            0.00%    passed     92.19%
  23  S0376            0.00%    passed     98.35%
  24  S0400            0.00%    passed     97.06%
  25  S0405            0.43%    passed     99.97%
  26  S0407sl         18.10%    passed     88.04%
  27  S0412sl         15.95%    passed     99.11%
  28  S0417            0.00%    passed     99.23%
  29  S0419            0.86%    passed     98.74%
  30  S0427            0.00%    passed     99.72%
  31  S0430           15.95%    passed     98.20%
  32  S0478            0.00%    passed     99.86%
  33  S0552sl          7.76%    passed     91.94%
  34  S0558            0.00%    passed     95.29%
  35  S0616            0.00%    passed     99.90%
  36  S0624            0.00%    passed     99.26%
  37  S0641            0.00%    passed     93.66%
  38  S0643            0.00%    passed     99.86%
  39  S0645sl          0.00%    passed     87.00%
  40  S0656sl          0.86%    passed     97.73%
  41  S0673            0.00%    passed     98.21%
  42  S0690           56.90%    passed     83.26%
  43  S0720            0.00%    passed     99.25%
  44  S0724sl          0.00%    passed     96.88%
  45  S0735            0.43%    passed     98.93%
  46  S0742            0.00%    passed     92.28%
  47  S0748            0.00%    passed     94.01%
  48  S0756            0.00%    passed     96.51%
  49  S0758            0.00%    passed     95.31%
  50  S0760            1.29%    passed     98.03%
  51  S0763            0.00%    passed     99.59%
  52  S0765            0.43%    passed     98.68%
  53  S0770            1.29%    passed     98.51%
  54  S0771            2.59%    passed     99.84%
  55  S0795            1.29%    passed     98.47%
  56  S0827            6.03%    passed     17.97%
  57  S0888            0.00%    passed     99.07%
  58  S0894            0.00%    passed     99.03%
  59  S0899           10.34%    passed     90.84%
  60  S0952            0.00%    passed     94.42%
  61  S0959            0.86%    passed     94.65%
  62  S0960            0.43%    passed     96.97%
  63  S0964            0.43%    passed     96.97%
  64  S1052sl         15.09%    passed     93.59%
  65  S1083            0.00%    passed     98.00%
  66  S1100           12.07%    passed     95.55%
  67  S1110           55.17%    passed     72.56%
  68  S1120           28.88%    passed     88.79%
  69  S1128            0.00%    passed     97.86%
  70  S1129sl          0.86%    passed     99.56%
  71  S1148            0.86%    passed     99.94%
  72  S1177            0.86%    passed     99.32%
  73  S1180            0.00%    passed     99.23%
  74  S1187sl         84.91%    passed     75.50%
  75  S1189           15.95%    passed     82.38%
  76  S1201sl          2.59%    passed     94.15%
  77  S1210            0.00%    passed     91.48%
  78  S1211            0.00%    passed     96.52%
  79  S1214sl          0.00%    passed     98.89%
  80  S1223            0.00%    passed     99.84%
  81  S1227            0.43%    passed     89.98%
  82  S1235sl          0.00%    passed     98.61%
  83  S1239            3.02%    passed     92.30%
  84  S1245            0.86%    passed     99.67%
  85  S1246            0.00%    passed     90.42%
  86  S1249           15.95%    passed     96.76%
  87  S1250sl          0.00%    passed     98.89%
  88  S1251            0.00%    passed     98.35%
  89  S1260            0.00%    passed     86.70%
  90  S1266sl         56.03%    passed     71.74%
  91  S1269           15.95%    passed     98.20%
  92  S1278            0.00%    passed     99.67%
  93  S1315            0.00%    passed     96.57%
  94  S1332            0.00%    passed     84.82%
  95  S1366            0.43%    passed     97.87%
  96  S1369            0.00%    passed     96.76%
  97  S1370            0.00%    passed     98.95%
  98  S1375            1.29%    passed     92.20%
  99  S1376            0.00%    passed     99.44%
 100  S1381            0.00%    passed     99.59%
 101  S1405            0.43%    passed     93.87%
 102  S1422            0.43%    passed     96.55%
 103  S1449            0.00%    passed     98.54%
 104  S1451            0.00%    passed     92.78%
 105  S1460            0.43%    passed     96.98%
 106  S1462            0.00%    passed     98.25%
 107  S1475           41.38%    passed     90.23%
 108  S1498            0.00%    passed     96.10%
 109  S1539            0.00%    passed     97.69%
 110  S_670            0.43%    passed     99.65%
 111  SRR11470320     16.81%    passed     95.31%
 112  SRR8528357       0.00%    passed     99.90%
WARNING: 8 sequences contain more than 50% gaps/ambiguity
****  TOTAL            8.60%  0 sequences failed composition chi2 test (p-value<5%; df=3)
Checking for duplicate sequences: done in 0.0154071 secs using 1253% CPU

Create initial parsimony tree by phylogenetic likelihood library (PLL)... 0.082 seconds

NOTE: 2 MB RAM (0 GB) is required!
Measuring multi-threading efficiency up to 56 CPU cores
Increase to 10 rounds for branch lengths
484 trees examined
Threads: 1 / Time: 56.003 sec / Speedup: 1.000 / Efficiency: 100% / LogL: -5030
Threads: 2 / Time: 66.414 sec / Speedup: 0.843 / Efficiency: 42% / LogL: -5030
Determining AUTO threadcount: done in 122.426 secs using 103.1% CPU
BEST NUMBER OF THREADS: 1

Estimate model parameters (epsilon = 0.100)
1. Initial log-likelihood: -3404.034
2. Current log-likelihood: -3283.130
3. Current log-likelihood: -3279.983
4. Current log-likelihood: -3279.156
5. Current log-likelihood: -3278.789
6. Current log-likelihood: -3278.566
7. Current log-likelihood: -3278.410
8. Current log-likelihood: -3278.287
Optimal log-likelihood: -3278.156
Rate parameters:  A-C: 1.15644  A-G: 2.45610  A-T: 1.68209  C-G: 1.19239  C-T: 5.35540  G-T: 1.00000
Base frequencies:  A: 0.290  C: 0.192  G: 0.256  T: 0.262
Site proportion and rates:  (0.459,0.139) (0.091,0.317) (0.332,1.338) (0.118,3.919)
Parameters optimization took 8 rounds (1.385 sec)
Wrote distance file to... 
Computing ML distances based on estimated model parameters...
Calculating distance matrix: done in 0.177738 secs using 65.72% CPU
Computing ML distances took 0.178072 sec (of wall-clock time) 0.117136 sec (of CPU time)
Setting up auxiliary I and S matrices: done in 0.000858784 secs using 100% CPU
Constructing RapidNJ tree: done in 0.00175619 secs using 328.5% CPU
Computing RapidNJ tree took 0.002725 sec (of wall-clock time) 0.006737 sec (of CPU time)
Log-likelihood of RapidNJ tree: -3339.318
--------------------------------------------------------------------
|             INITIALIZING CANDIDATE TREE SET                      |
--------------------------------------------------------------------
Generating 98 parsimony trees... 1.973 second
Computing log-likelihood of 98 initial trees ... 1.196 seconds
Current best score: -3260.530

Do NNI search on 20 best initial trees
Optimizing NNI: done in 0.20025 secs using 100% CPU
Estimate model parameters (epsilon = 0.100)
BETTER TREE FOUND at iteration 1: -3251.069
Optimizing NNI: done in 0.206766 secs using 100% CPU
Optimizing NNI: done in 0.198571 secs using 100% CPU
Optimizing NNI: done in 0.443358 secs using 95.69% CPU
Optimizing NNI: done in 0.242115 secs using 99.99% CPU
Optimizing NNI: done in 0.835473 secs using 51.32% CPU
Optimizing NNI: done in 0.214851 secs using 99.4% CPU
Estimate model parameters (epsilon = 0.100)
BETTER TREE FOUND at iteration 7: -3247.140
Optimizing NNI: done in 0.163016 secs using 100% CPU
Optimizing NNI: done in 0.221029 secs using 99.99% CPU
Optimizing NNI: done in 0.364344 secs using 100% CPU
Iteration 10 / LogL: -3258.239 / Time: 0h:2m:11s
Optimizing NNI: done in 0.2015 secs using 100% CPU
Optimizing NNI: done in 0.196051 secs using 100% CPU
Optimizing NNI: done in 0.194971 secs using 99.99% CPU
Optimizing NNI: done in 0.232594 secs using 100% CPU
Optimizing NNI: done in 0.488109 secs using 59.84% CPU
Estimate model parameters (epsilon = 0.100)
BETTER TREE FOUND at iteration 15: -3243.946
Optimizing NNI: done in 0.240056 secs using 83.25% CPU
Optimizing NNI: done in 0.5921 secs using 83.78% CPU
Optimizing NNI: done in 0.224525 secs using 100% CPU
Optimizing NNI: done in 0.353957 secs using 100% CPU
Optimizing NNI: done in 0.271483 secs using 100% CPU
Iteration 20 / LogL: -3244.027 / Time: 0h:2m:14s
Finish initializing candidate tree set (20)
Current best tree score: -3243.946 / CPU time: 10.108
Number of iterations: 20
--------------------------------------------------------------------
|               OPTIMIZING CANDIDATE TREE SET                      |
--------------------------------------------------------------------
Optimizing NNI: done in 0.262981 secs using 99.18% CPU
Estimate model parameters (epsilon = 0.100)
BETTER TREE FOUND at iteration 21: -3240.258
Optimizing NNI: done in 0.295829 secs using 99.92% CPU
Optimizing NNI: done in 0.311094 secs using 98.31% CPU
Optimizing NNI: done in 0.246948 secs using 98.9% CPU
Optimizing NNI: done in 0.460883 secs using 59.29% CPU
Optimizing NNI: done in 0.335652 secs using 69.93% CPU
Optimizing NNI: done in 0.514895 secs using 67.87% CPU
Optimizing NNI: done in 0.563338 secs using 83.9% CPU
Optimizing NNI: done in 0.389019 secs using 79.41% CPU
Optimizing NNI: done in 0.337261 secs using 85.62% CPU
Iteration 30 / LogL: -3240.932 / Time: 0h:2m:18s (0h:7m:13s left)
Optimizing NNI: done in 0.459228 secs using 78.22% CPU
Optimizing NNI: done in 0.381823 secs using 64.33% CPU
Optimizing NNI: done in 0.236158 secs using 69.95% CPU
Optimizing NNI: done in 0.427434 secs using 74.08% CPU
Optimizing NNI: done in 0.452612 secs using 79.67% CPU
Optimizing NNI: done in 0.484365 secs using 68.65% CPU
Optimizing NNI: done in 0.409279 secs using 80.43% CPU
Optimizing NNI: done in 0.969973 secs using 67.57% CPU
Optimizing NNI: done in 0.416657 secs using 73.66% CPU
Estimate model parameters (epsilon = 0.100)
BETTER TREE FOUND at iteration 39: -3238.875
Optimizing NNI: done in 0.363633 secs using 74.9% CPU
Iteration 40 / LogL: -3246.458 / Time: 0h:2m:23s (0h:6m:3s left)
Optimizing NNI: done in 0.284412 secs using 84.54% CPU
Optimizing NNI: done in 0.613782 secs using 57.59% CPU
Optimizing NNI: done in 0.407827 secs using 70.49% CPU
Optimizing NNI: done in 1.16688 secs using 58.09% CPU
Optimizing NNI: done in 0.411382 secs using 72.78% CPU
Optimizing NNI: done in 0.662773 secs using 67.37% CPU
Optimizing NNI: done in 1.09719 secs using 58.46% CPU
Optimizing NNI: done in 0.263429 secs using 84.81% CPU
Optimizing NNI: done in 0.424965 secs using 73.65% CPU
Optimizing NNI: done in 0.51235 secs using 63.33% CPU
Iteration 50 / LogL: -3248.398 / Time: 0h:2m:29s (0h:4m:30s left)
Optimizing NNI: done in 0.50499 secs using 59.61% CPU
Optimizing NNI: done in 1.07892 secs using 52.38% CPU
Optimizing NNI: done in 0.396318 secs using 63.59% CPU
Optimizing NNI: done in 0.582099 secs using 60.84% CPU
Optimizing NNI: done in 0.590557 secs using 54.04% CPU
Optimizing NNI: done in 0.469922 secs using 44.52% CPU
Optimizing NNI: done in 0.376654 secs using 62.78% CPU
Optimizing NNI: done in 0.504885 secs using 65.92% CPU
Optimizing NNI: done in 0.592192 secs using 68.3% CPU
Optimizing NNI: done in 0.581233 secs using 58.01% CPU
Iteration 60 / LogL: -3239.673 / Time: 0h:2m:34s (0h:3m:27s left)
Optimizing NNI: done in 0.428798 secs using 56.16% CPU
Optimizing NNI: done in 0.425245 secs using 67.07% CPU
Optimizing NNI: done in 0.589629 secs using 55.21% CPU
Optimizing NNI: done in 0.476704 secs using 61.45% CPU
Optimizing NNI: done in 0.627628 secs using 64.33% CPU
Optimizing NNI: done in 0.425132 secs using 67.1% CPU
Optimizing NNI: done in 0.384592 secs using 58.35% CPU
Optimizing NNI: done in 0.826081 secs using 68.09% CPU
Estimate model parameters (epsilon = 0.100)
BETTER TREE FOUND at iteration 68: -3238.819
Optimizing NNI: done in 0.921693 secs using 69.62% CPU
Optimizing NNI: done in 0.407578 secs using 62.56% CPU
Iteration 70 / LogL: -3239.697 / Time: 0h:2m:40s (0h:3m:48s left)
Optimizing NNI: done in 0.631301 secs using 58.16% CPU
Optimizing NNI: done in 0.877727 secs using 70.04% CPU
Optimizing NNI: done in 0.57655 secs using 62.55% CPU
Optimizing NNI: done in 0.448652 secs using 67.92% CPU
Optimizing NNI: done in 0.400583 secs using 73.05% CPU
Estimate model parameters (epsilon = 0.100)
BETTER TREE FOUND at iteration 75: -3238.185
Optimizing NNI: done in 0.499826 secs using 66.36% CPU
Optimizing NNI: done in 0.537974 secs using 59.09% CPU
Optimizing NNI: done in 0.881965 secs using 68.45% CPU
Optimizing NNI: done in 0.414609 secs using 56.62% CPU
Optimizing NNI: done in 0.366593 secs using 74.88% CPU
Iteration 80 / LogL: -3241.230 / Time: 0h:2m:46s (0h:3m:20s left)
Optimizing NNI: done in 0.770857 secs using 65.04% CPU
Optimizing NNI: done in 1.02391 secs using 59.04% CPU
Optimizing NNI: done in 0.486584 secs using 63.82% CPU
Optimizing NNI: done in 0.51242 secs using 56.27% CPU
Optimizing NNI: done in 1.02136 secs using 61.2% CPU
Optimizing NNI: done in 0.924699 secs using 68.16% CPU
Optimizing NNI: done in 0.397092 secs using 79.89% CPU
Optimizing NNI: done in 0.569697 secs using 58.73% CPU
Optimizing NNI: done in 0.57787 secs using 59.15% CPU
Optimizing NNI: done in 0.278568 secs using 99.99% CPU
Iteration 90 / LogL: -3238.826 / Time: 0h:2m:53s (0h:2m:45s left)
Optimizing NNI: done in 0.332878 secs using 73.54% CPU
Optimizing NNI: done in 0.722432 secs using 63.99% CPU
Optimizing NNI: done in 0.895249 secs using 61.72% CPU
Optimizing NNI: done in 0.499169 secs using 71.22% CPU
Optimizing NNI: done in 0.539279 secs using 99.9% CPU
Optimizing NNI: done in 0.23142 secs using 100% CPU
Optimizing NNI: done in 0.279671 secs using 98.73% CPU
Optimizing NNI: done in 0.260455 secs using 99.93% CPU
Optimizing NNI: done in 0.157899 secs using 99.97% CPU
Optimizing NNI: done in 0.34657 secs using 81.17% CPU
Iteration 100 / LogL: -3242.234 / Time: 0h:2m:57s (0h:2m:14s left)
Optimizing NNI: done in 0.59547 secs using 40.56% CPU
Optimizing NNI: done in 0.204698 secs using 100% CPU
Optimizing NNI: done in 0.335909 secs using 98.98% CPU
Optimizing NNI: done in 0.29768 secs using 99.99% CPU
Optimizing NNI: done in 0.247461 secs using 99.97% CPU
Optimizing NNI: done in 0.34882 secs using 98.85% CPU
Optimizing NNI: done in 0.332488 secs using 99.99% CPU
Optimizing NNI: done in 0.260993 secs using 99.99% CPU
Optimizing NNI: done in 0.369691 secs using 75.76% CPU
Optimizing NNI: done in 0.473466 secs using 64.41% CPU
Iteration 110 / LogL: -3246.185 / Time: 0h:3m:1s (0h:1m:47s left)
Optimizing NNI: done in 0.3051 secs using 76.26% CPU
Optimizing NNI: done in 0.33908 secs using 78.73% CPU
Optimizing NNI: done in 0.645615 secs using 86.26% CPU
Optimizing NNI: done in 0.39484 secs using 67.28% CPU
Optimizing NNI: done in 0.607438 secs using 46.39% CPU
Optimizing NNI: done in 0.611178 secs using 55.06% CPU
Optimizing NNI: done in 0.267906 secs using 75.84% CPU
Optimizing NNI: done in 0.852118 secs using 72.58% CPU
Optimizing NNI: done in 0.313269 secs using 89.79% CPU
Optimizing NNI: done in 0.180194 secs using 99.95% CPU
Iteration 120 / LogL: -3248.113 / Time: 0h:3m:5s (0h:1m:25s left)
Optimizing NNI: done in 0.719109 secs using 66.91% CPU
Optimizing NNI: done in 0.274416 secs using 81.01% CPU
Optimizing NNI: done in 0.487572 secs using 70.87% CPU
Optimizing NNI: done in 0.798777 secs using 60.89% CPU
Optimizing NNI: done in 0.514823 secs using 59.58% CPU
Optimizing NNI: done in 0.525997 secs using 78.71% CPU
Optimizing NNI: done in 0.547565 secs using 49.98% CPU
Optimizing NNI: done in 0.40629 secs using 79.37% CPU
Optimizing NNI: done in 0.299997 secs using 82.29% CPU
Optimizing NNI: done in 0.338372 secs using 73.97% CPU
Iteration 130 / LogL: -3241.539 / Time: 0h:3m:10s (0h:1m:6s left)
Optimizing NNI: done in 0.294661 secs using 86.5% CPU
Optimizing NNI: done in 0.412263 secs using 70.75% CPU
Optimizing NNI: done in 0.256629 secs using 77.77% CPU
Optimizing NNI: done in 0.394634 secs using 81.6% CPU
Optimizing NNI: done in 0.376636 secs using 74.42% CPU
Optimizing NNI: done in 0.917955 secs using 62.82% CPU
Optimizing NNI: done in 0.679809 secs using 69.01% CPU
Optimizing NNI: done in 0.267376 secs using 99.98% CPU
Optimizing NNI: done in 0.374471 secs using 65.83% CPU
Optimizing NNI: done in 0.452181 secs using 59.36% CPU
Iteration 140 / LogL: -3238.793 / Time: 0h:3m:15s (0h:0m:49s left)
Optimizing NNI: done in 0.334967 secs using 86.99% CPU
Optimizing NNI: done in 0.761088 secs using 75.88% CPU
Optimizing NNI: done in 0.527596 secs using 67.16% CPU
Optimizing NNI: done in 0.507539 secs using 61.35% CPU
Optimizing NNI: done in 0.360573 secs using 74.49% CPU
Optimizing NNI: done in 0.928322 secs using 68.5% CPU
Optimizing NNI: done in 0.43472 secs using 65.91% CPU
Optimizing NNI: done in 0.504039 secs using 57.91% CPU
Optimizing NNI: done in 0.666251 secs using 51.01% CPU
Optimizing NNI: done in 0.49621 secs using 50.6% CPU
BETTER TREE FOUND at iteration 150: -3238.178
Iteration 150 / LogL: -3238.178 / Time: 0h:3m:21s (0h:2m:14s left)
Optimizing NNI: done in 0.795682 secs using 53.89% CPU
Optimizing NNI: done in 0.579283 secs using 49.93% CPU
Optimizing NNI: done in 0.523584 secs using 81.3% CPU
Optimizing NNI: done in 0.35857 secs using 59.07% CPU
Optimizing NNI: done in 0.407475 secs using 73.71% CPU
Optimizing NNI: done in 0.493201 secs using 69.71% CPU
Optimizing NNI: done in 0.853863 secs using 67.9% CPU
BETTER TREE FOUND at iteration 157: -3238.168
Optimizing NNI: done in 0.280106 secs using 71.98% CPU
Optimizing NNI: done in 0.431911 secs using 74.09% CPU
Optimizing NNI: done in 0.425327 secs using 62.79% CPU
Iteration 160 / LogL: -3242.985 / Time: 0h:3m:26s (0h:2m:5s left)
Optimizing NNI: done in 0.318671 secs using 88.83% CPU
Optimizing NNI: done in 0.295396 secs using 89.41% CPU
Optimizing NNI: done in 0.254676 secs using 95.27% CPU
Optimizing NNI: done in 0.518722 secs using 69.65% CPU
Optimizing NNI: done in 0.384183 secs using 58.73% CPU
Optimizing NNI: done in 0.340957 secs using 73.4% CPU
Optimizing NNI: done in 0.624272 secs using 79.98% CPU
Optimizing NNI: done in 0.417454 secs using 79.61% CPU
Optimizing NNI: done in 0.7638 secs using 75.38% CPU
Optimizing NNI: done in 0.416678 secs using 76.34% CPU
Estimate model parameters (epsilon = 0.100)
BETTER TREE FOUND at iteration 170: -3237.936
Iteration 170 / LogL: -3237.936 / Time: 0h:3m:30s (0h:2m:4s left)
Optimizing NNI: done in 0.502669 secs using 93.62% CPU
Optimizing NNI: done in 0.664813 secs using 76.38% CPU
Optimizing NNI: done in 0.334502 secs using 83.33% CPU
Estimate model parameters (epsilon = 0.100)
BETTER TREE FOUND at iteration 173: -3237.817
Optimizing NNI: done in 0.225721 secs using 86% CPU
Optimizing NNI: done in 0.736468 secs using 37.76% CPU
Optimizing NNI: done in 0.464462 secs using 56.87% CPU
Optimizing NNI: done in 0.325189 secs using 73.95% CPU
Optimizing NNI: done in 0.476261 secs using 67.66% CPU
Estimate model parameters (epsilon = 0.100)
BETTER TREE FOUND at iteration 178: -3237.707
Optimizing NNI: done in 0.428741 secs using 72% CPU
Optimizing NNI: done in 0.370548 secs using 73.46% CPU
Iteration 180 / LogL: -3242.127 / Time: 0h:3m:35s (0h:1m:58s left)
Optimizing NNI: done in 0.48687 secs using 66.23% CPU
Optimizing NNI: done in 0.224427 secs using 82.71% CPU
Optimizing NNI: done in 0.296995 secs using 73.89% CPU
Optimizing NNI: done in 0.412094 secs using 70.02% CPU
Optimizing NNI: done in 0.403814 secs using 69.23% CPU
Optimizing NNI: done in 0.838608 secs using 66.66% CPU
Optimizing NNI: done in 0.469874 secs using 75.81% CPU
Optimizing NNI: done in 0.413712 secs using 72.6% CPU
Optimizing NNI: done in 0.489549 secs using 65.91% CPU
Optimizing NNI: done in 0.45867 secs using 66.69% CPU
Estimate model parameters (epsilon = 0.100)
BETTER TREE FOUND at iteration 190: -3237.188
Iteration 190 / LogL: -3237.188 / Time: 0h:3m:40s (0h:1m:56s left)
Optimizing NNI: done in 0.546573 secs using 62.26% CPU
Optimizing NNI: done in 0.388169 secs using 84.16% CPU
Optimizing NNI: done in 0.508705 secs using 67.76% CPU
Optimizing NNI: done in 0.461326 secs using 78.28% CPU
Optimizing NNI: done in 0.51305 secs using 59.57% CPU
Optimizing NNI: done in 0.543798 secs using 58.91% CPU
Optimizing NNI: done in 0.359839 secs using 69.6% CPU
Optimizing NNI: done in 0.876458 secs using 68.93% CPU
Estimate model parameters (epsilon = 0.100)
BETTER TREE FOUND at iteration 198: -3236.875
Optimizing NNI: done in 0.345996 secs using 50.93% CPU
Optimizing NNI: done in 0.710482 secs using 78.46% CPU
Iteration 200 / LogL: -3239.965 / Time: 0h:3m:46s (0h:1m:51s left)
Optimizing NNI: done in 0.37823 secs using 75.19% CPU
Optimizing NNI: done in 0.375939 secs using 70.65% CPU
Optimizing NNI: done in 0.62059 secs using 55.09% CPU
Optimizing NNI: done in 0.345266 secs using 88.72% CPU
Optimizing NNI: done in 0.526269 secs using 61.14% CPU
Optimizing NNI: done in 0.499655 secs using 60.02% CPU
Optimizing NNI: done in 0.634104 secs using 64.95% CPU
Optimizing NNI: done in 0.879133 secs using 65.69% CPU
Optimizing NNI: done in 0.55428 secs using 65.87% CPU
Optimizing NNI: done in 0.397375 secs using 75.09% CPU
Iteration 210 / LogL: -3245.034 / Time: 0h:3m:51s (0h:1m:37s left)
Optimizing NNI: done in 0.648426 secs using 59.74% CPU
Optimizing NNI: done in 0.390296 secs using 76.8% CPU
Optimizing NNI: done in 0.604934 secs using 52.99% CPU
Optimizing NNI: done in 0.509441 secs using 60.4% CPU
Optimizing NNI: done in 0.551128 secs using 51.55% CPU
Optimizing NNI: done in 0.404299 secs using 67.51% CPU
Optimizing NNI: done in 0.823058 secs using 63.05% CPU
Optimizing NNI: done in 0.633246 secs using 69.76% CPU
Optimizing NNI: done in 0.502247 secs using 64.83% CPU
Optimizing NNI: done in 0.34763 secs using 68.81% CPU
Iteration 220 / LogL: -3238.776 / Time: 0h:3m:57s (0h:1m:24s left)
Optimizing NNI: done in 0.415215 secs using 65.06% CPU
Optimizing NNI: done in 0.946969 secs using 66.51% CPU
Optimizing NNI: done in 0.506721 secs using 55.01% CPU
Optimizing NNI: done in 0.276174 secs using 52.4% CPU
Optimizing NNI: done in 0.443021 secs using 72.74% CPU
Optimizing NNI: done in 0.482152 secs using 65.99% CPU
Optimizing NNI: done in 0.256722 secs using 99.99% CPU
Optimizing NNI: done in 0.354307 secs using 99.98% CPU
Optimizing NNI: done in 0.410954 secs using 92.19% CPU
Optimizing NNI: done in 0.458877 secs using 57.44% CPU
Iteration 230 / LogL: -3241.638 / Time: 0h:4m:1s (0h:1m:11s left)
Optimizing NNI: done in 0.486349 secs using 49.92% CPU
Optimizing NNI: done in 0.848311 secs using 70.8% CPU
Optimizing NNI: done in 0.613146 secs using 60.08% CPU
Optimizing NNI: done in 0.612466 secs using 67.41% CPU
Optimizing NNI: done in 0.432025 secs using 77.67% CPU
Optimizing NNI: done in 0.447823 secs using 67.64% CPU
Optimizing NNI: done in 0.826649 secs using 40.06% CPU
Optimizing NNI: done in 0.64037 secs using 77.77% CPU
Optimizing NNI: done in 0.638199 secs using 61.49% CPU
Optimizing NNI: done in 0.645023 secs using 61.99% CPU
Iteration 240 / LogL: -3238.165 / Time: 0h:4m:8s (0h:1m:0s left)
Optimizing NNI: done in 0.367637 secs using 71% CPU
Optimizing NNI: done in 0.511034 secs using 53.67% CPU
Optimizing NNI: done in 0.521991 secs using 71.07% CPU
Optimizing NNI: done in 0.687763 secs using 50.11% CPU
Optimizing NNI: done in 0.892465 secs using 73.27% CPU
Optimizing NNI: done in 0.47964 secs using 71.39% CPU
Optimizing NNI: done in 0.598283 secs using 66.87% CPU
Optimizing NNI: done in 0.793379 secs using 64.94% CPU
Optimizing NNI: done in 0.509753 secs using 69.32% CPU
Optimizing NNI: done in 0.592211 secs using 59.41% CPU
Iteration 250 / LogL: -3236.893 / Time: 0h:4m:14s (0h:0m:48s left)
Optimizing NNI: done in 0.470805 secs using 76.48% CPU
Optimizing NNI: done in 0.517694 secs using 53.07% CPU
Optimizing NNI: done in 0.826646 secs using 80.86% CPU
Optimizing NNI: done in 0.244032 secs using 99.07% CPU
Optimizing NNI: done in 0.241956 secs using 99.97% CPU
Optimizing NNI: done in 0.250129 secs using 96.85% CPU
Optimizing NNI: done in 0.599631 secs using 58.6% CPU
Optimizing NNI: done in 0.30278 secs using 69.6% CPU
Optimizing NNI: done in 0.380661 secs using 72.43% CPU
Optimizing NNI: done in 0.360974 secs using 65.07% CPU
Iteration 260 / LogL: -3239.230 / Time: 0h:4m:18s (0h:0m:37s left)
Optimizing NNI: done in 0.514928 secs using 100% CPU
Optimizing NNI: done in 0.413204 secs using 100% CPU
Optimizing NNI: done in 0.311437 secs using 100% CPU
Optimizing NNI: done in 0.214715 secs using 100% CPU
Optimizing NNI: done in 0.291429 secs using 100% CPU
Optimizing NNI: done in 0.312257 secs using 89.67% CPU
Optimizing NNI: done in 0.464399 secs using 82.94% CPU
Optimizing NNI: done in 0.363138 secs using 74.64% CPU
Optimizing NNI: done in 0.729144 secs using 48.96% CPU
Optimizing NNI: done in 0.342754 secs using 69.55% CPU
Iteration 270 / LogL: -3236.897 / Time: 0h:4m:22s (0h:0m:27s left)
Optimizing NNI: done in 0.447073 secs using 69.46% CPU
Optimizing NNI: done in 0.856221 secs using 45.2% CPU
Optimizing NNI: done in 0.688831 secs using 84.09% CPU
Optimizing NNI: done in 0.370472 secs using 100% CPU
Optimizing NNI: done in 0.840154 secs using 81.13% CPU
Optimizing NNI: done in 0.454173 secs using 69.27% CPU
Optimizing NNI: done in 0.462283 secs using 67.79% CPU
Optimizing NNI: done in 0.529225 secs using 62.27% CPU
Optimizing NNI: done in 0.393748 secs using 70.54% CPU
Optimizing NNI: done in 0.365286 secs using 75.12% CPU
Iteration 280 / LogL: -3236.937 / Time: 0h:4m:28s (0h:0m:17s left)
Optimizing NNI: done in 0.448342 secs using 61.17% CPU
Optimizing NNI: done in 0.636396 secs using 99.67% CPU
Optimizing NNI: done in 0.224486 secs using 99.89% CPU
Optimizing NNI: done in 0.275464 secs using 99.3% CPU
Optimizing NNI: done in 0.294978 secs using 100% CPU
Optimizing NNI: done in 0.266249 secs using 99.47% CPU
Optimizing NNI: done in 0.346043 secs using 99.99% CPU
Optimizing NNI: done in 0.568637 secs using 65.41% CPU
Optimizing NNI: done in 0.40484 secs using 71.48% CPU
Optimizing NNI: done in 0.840374 secs using 58.72% CPU
Iteration 290 / LogL: -3239.943 / Time: 0h:4m:32s (0h:0m:7s left)
Optimizing NNI: done in 0.285355 secs using 95.17% CPU
Optimizing NNI: done in 0.504375 secs using 62.53% CPU
Optimizing NNI: done in 0.354732 secs using 81.07% CPU
Optimizing NNI: done in 0.302864 secs using 78.07% CPU
Optimizing NNI: done in 0.425367 secs using 74.6% CPU
Optimizing NNI: done in 1.07264 secs using 63.71% CPU
Optimizing NNI: done in 0.878262 secs using 69.63% CPU
BETTER TREE FOUND at iteration 297: -3236.873
Optimizing NNI: done in 0.703413 secs using 83.96% CPU
Optimizing NNI: done in 0.842936 secs using 76.85% CPU
Optimizing NNI: done in 0.565494 secs using 42.91% CPU
Iteration 300 / LogL: -3244.022 / Time: 0h:4m:38s (0h:1m:30s left)
Optimizing NNI: done in 0.355768 secs using 84.52% CPU
Optimizing NNI: done in 0.438304 secs using 78.52% CPU
Optimizing NNI: done in 0.342422 secs using 77.72% CPU
Optimizing NNI: done in 0.373167 secs using 63.79% CPU
Optimizing NNI: done in 0.532869 secs using 63.16% CPU
Optimizing NNI: done in 0.301434 secs using 100% CPU
Optimizing NNI: done in 0.350407 secs using 99.99% CPU
Optimizing NNI: done in 0.664766 secs using 100% CPU
Optimizing NNI: done in 0.276919 secs using 99.93% CPU
Optimizing NNI: done in 0.251397 secs using 99.97% CPU
Iteration 310 / LogL: -3236.910 / Time: 0h:4m:42s (0h:1m:19s left)
Optimizing NNI: done in 0.247164 secs using 99.97% CPU
Optimizing NNI: done in 0.286856 secs using 99.96% CPU
Optimizing NNI: done in 0.324991 secs using 99.97% CPU
Optimizing NNI: done in 0.295859 secs using 99.97% CPU
Optimizing NNI: done in 0.537134 secs using 99.24% CPU
Optimizing NNI: done in 0.33399 secs using 99.97% CPU
Optimizing NNI: done in 0.796182 secs using 79.5% CPU
Optimizing NNI: done in 0.788842 secs using 83.57% CPU
Optimizing NNI: done in 0.308065 secs using 100% CPU
Estimate model parameters (epsilon = 0.100)
BETTER TREE FOUND at iteration 319: -3236.278
Optimizing NNI: done in 0.643277 secs using 98.73% CPU
Iteration 320 / LogL: -3238.122 / Time: 0h:4m:47s (0h:1m:29s left)
Optimizing NNI: done in 0.361813 secs using 99.97% CPU
Optimizing NNI: done in 0.364005 secs using 99.93% CPU
Optimizing NNI: done in 0.37766 secs using 89.47% CPU
Optimizing NNI: done in 0.453924 secs using 87.14% CPU
Optimizing NNI: done in 0.358159 secs using 59% CPU
Optimizing NNI: done in 0.378982 secs using 87.03% CPU
Optimizing NNI: done in 0.226661 secs using 98.38% CPU
Optimizing NNI: done in 0.239658 secs using 99.96% CPU
Optimizing NNI: done in 0.314356 secs using 99.97% CPU
Optimizing NNI: done in 0.63045 secs using 99.33% CPU
Estimate model parameters (epsilon = 0.100)
BETTER TREE FOUND at iteration 330: -3236.238
Iteration 330 / LogL: -3236.238 / Time: 0h:4m:51s (0h:1m:28s left)
Optimizing NNI: done in 0.264165 secs using 99.95% CPU
Optimizing NNI: done in 0.375662 secs using 99.94% CPU
Optimizing NNI: done in 0.574847 secs using 99.29% CPU
BETTER TREE FOUND at iteration 333: -3236.235
Optimizing NNI: done in 0.190122 secs using 99.87% CPU
Optimizing NNI: done in 0.471845 secs using 80.45% CPU
Optimizing NNI: done in 0.498235 secs using 73.27% CPU
Optimizing NNI: done in 0.332463 secs using 96.38% CPU
Optimizing NNI: done in 0.310125 secs using 100% CPU
Optimizing NNI: done in 0.483475 secs using 77.21% CPU
Optimizing NNI: done in 1.04137 secs using 55.78% CPU
Iteration 340 / LogL: -3236.863 / Time: 0h:4m:55s (0h:1m:21s left)
Optimizing NNI: done in 0.361175 secs using 63.48% CPU
Optimizing NNI: done in 0.518127 secs using 61.68% CPU
Optimizing NNI: done in 0.644751 secs using 54.25% CPU
Optimizing NNI: done in 0.417232 secs using 100% CPU
Optimizing NNI: done in 0.321237 secs using 100% CPU
Optimizing NNI: done in 0.415529 secs using 85.44% CPU
Optimizing NNI: done in 0.388958 secs using 64.89% CPU
Optimizing NNI: done in 0.758007 secs using 43.59% CPU
Optimizing NNI: done in 0.387314 secs using 95.51% CPU
Optimizing NNI: done in 0.278695 secs using 99.95% CPU
Iteration 350 / LogL: -3248.848 / Time: 0h:5m:0s (0h:1m:11s left)
Optimizing NNI: done in 0.269306 secs using 99.96% CPU
Optimizing NNI: done in 0.293736 secs using 99.97% CPU
Optimizing NNI: done in 0.452368 secs using 99.97% CPU
Optimizing NNI: done in 0.377552 secs using 91.49% CPU
Optimizing NNI: done in 0.571665 secs using 62.94% CPU
Optimizing NNI: done in 0.705929 secs using 59.63% CPU
Optimizing NNI: done in 1.00422 secs using 69.34% CPU
Optimizing NNI: done in 0.477848 secs using 71.45% CPU
Optimizing NNI: done in 0.519595 secs using 68.51% CPU
Optimizing NNI: done in 0.578104 secs using 66.77% CPU
Iteration 360 / LogL: -3248.193 / Time: 0h:5m:5s (0h:1m:2s left)
Optimizing NNI: done in 0.480176 secs using 68.95% CPU
Optimizing NNI: done in 0.510574 secs using 64.02% CPU
Optimizing NNI: done in 0.672739 secs using 50.82% CPU
Optimizing NNI: done in 0.457885 secs using 59.78% CPU
Optimizing NNI: done in 0.468453 secs using 64.39% CPU
Optimizing NNI: done in 0.263456 secs using 79.14% CPU
Optimizing NNI: done in 1.26124 secs using 56.06% CPU
Optimizing NNI: done in 0.459368 secs using 75.66% CPU
Optimizing NNI: done in 0.434169 secs using 72.87% CPU
Optimizing NNI: done in 0.353942 secs using 83.12% CPU
Iteration 370 / LogL: -3241.566 / Time: 0h:5m:11s (0h:0m:53s left)
Optimizing NNI: done in 0.407432 secs using 100% CPU
Optimizing NNI: done in 0.491642 secs using 50.62% CPU
Optimizing NNI: done in 0.393202 secs using 99.99% CPU
Optimizing NNI: done in 0.298394 secs using 99.99% CPU
Optimizing NNI: done in 0.357226 secs using 77.2% CPU
Optimizing NNI: done in 0.27173 secs using 99.98% CPU
Optimizing NNI: done in 0.263541 secs using 99.97% CPU
Optimizing NNI: done in 0.339674 secs using 99.97% CPU
Optimizing NNI: done in 0.273395 secs using 99.94% CPU
Optimizing NNI: done in 0.334259 secs using 99.95% CPU
Iteration 380 / LogL: -3251.375 / Time: 0h:5m:14s (0h:0m:43s left)
Optimizing NNI: done in 0.477749 secs using 69.72% CPU
Optimizing NNI: done in 0.319943 secs using 75.3% CPU
Optimizing NNI: done in 0.592227 secs using 73.16% CPU
Optimizing NNI: done in 0.539553 secs using 62.31% CPU
Optimizing NNI: done in 0.343784 secs using 65.76% CPU
Optimizing NNI: done in 0.4571 secs using 64.69% CPU
Optimizing NNI: done in 0.303166 secs using 66.99% CPU
Optimizing NNI: done in 0.489477 secs using 70.67% CPU
Optimizing NNI: done in 0.522533 secs using 66.07% CPU
Optimizing NNI: done in 0.310778 secs using 69.36% CPU
Iteration 390 / LogL: -3251.714 / Time: 0h:5m:19s (0h:0m:35s left)
Optimizing NNI: done in 0.346646 secs using 100% CPU
Optimizing NNI: done in 0.319533 secs using 99.95% CPU
Optimizing NNI: done in 0.31208 secs using 99.97% CPU
Optimizing NNI: done in 0.309583 secs using 94.8% CPU
Optimizing NNI: done in 0.565112 secs using 66.01% CPU
Optimizing NNI: done in 0.997584 secs using 73.5% CPU
Optimizing NNI: done in 0.22166 secs using 99.96% CPU
Optimizing NNI: done in 0.317482 secs using 99.96% CPU
Optimizing NNI: done in 0.242152 secs using 81.82% CPU
Optimizing NNI: done in 0.444195 secs using 62.64% CPU
Iteration 400 / LogL: -3236.239 / Time: 0h:5m:23s (0h:0m:26s left)
Optimizing NNI: done in 0.51959 secs using 61.68% CPU
Optimizing NNI: done in 1.00126 secs using 64.8% CPU
Optimizing NNI: done in 0.512873 secs using 77.35% CPU
Optimizing NNI: done in 0.384937 secs using 64.97% CPU
Optimizing NNI: done in 0.466067 secs using 52.36% CPU
Optimizing NNI: done in 0.61442 secs using 54.63% CPU
Optimizing NNI: done in 0.435771 secs using 68.26% CPU
Optimizing NNI: done in 0.334998 secs using 73.15% CPU
Optimizing NNI: done in 0.439558 secs using 67.53% CPU
Optimizing NNI: done in 0.331548 secs using 99.87% CPU
Iteration 410 / LogL: -3237.430 / Time: 0h:5m:28s (0h:0m:18s left)
Optimizing NNI: done in 0.234246 secs using 99.91% CPU
Optimizing NNI: done in 0.648814 secs using 99.84% CPU
Optimizing NNI: done in 0.264164 secs using 99.86% CPU
Optimizing NNI: done in 0.301844 secs using 90.88% CPU
Optimizing NNI: done in 0.366386 secs using 74.63% CPU
Optimizing NNI: done in 0.502743 secs using 74.19% CPU
Optimizing NNI: done in 0.650459 secs using 54.93% CPU
Optimizing NNI: done in 0.469759 secs using 73.38% CPU
Optimizing NNI: done in 0.283931 secs using 100% CPU
Optimizing NNI: done in 0.299904 secs using 100% CPU
Iteration 420 / LogL: -3236.299 / Time: 0h:5m:32s (0h:0m:10s left)
Optimizing NNI: done in 0.305733 secs using 94.76% CPU
Optimizing NNI: done in 0.331866 secs using 99.99% CPU
Optimizing NNI: done in 0.266587 secs using 99.99% CPU
Optimizing NNI: done in 0.312856 secs using 99.89% CPU
Optimizing NNI: done in 0.453696 secs using 52.67% CPU
Optimizing NNI: done in 0.266835 secs using 67.97% CPU
Optimizing NNI: done in 0.443922 secs using 64.94% CPU
Optimizing NNI: done in 0.454542 secs using 70.1% CPU
Optimizing NNI: done in 0.290265 secs using 96.01% CPU
Optimizing NNI: done in 0.33219 secs using 99.97% CPU
Iteration 430 / LogL: -3239.428 / Time: 0h:5m:36s (0h:0m:2s left)
Optimizing NNI: done in 0.187407 secs using 99.98% CPU
Optimizing NNI: done in 0.376508 secs using 90.31% CPU
Optimizing NNI: done in 0.499489 secs using 81.33% CPU
Optimizing NNI: done in 0.42518 secs using 60.38% CPU
TREE SEARCH COMPLETED AFTER 434 ITERATIONS / Time: 0h:5m:37s

--------------------------------------------------------------------
|                    FINALIZING TREE SEARCH                        |
--------------------------------------------------------------------
Performs final model parameters optimization
Estimate model parameters (epsilon = 0.010)
1. Initial log-likelihood: -3236.235
Optimal log-likelihood: -3236.230
Rate parameters:  A-C: 0.99050  A-G: 2.26322  A-T: 1.44636  C-G: 0.99867  C-T: 5.04976  G-T: 1.00000
Base frequencies:  A: 0.290  C: 0.192  G: 0.256  T: 0.262
Site proportion and rates:  (0.467,0.116) (0.039,0.263) (0.364,1.240) (0.130,3.724)
Parameters optimization took 1 rounds (0.222 sec)
BEST SCORE FOUND : -3236.230
Total tree length: 2.870

Total number of iterations: 434
CPU time used for tree search: 155.286 sec (0h:2m:35s)
Wall-clock time used for tree search: 213.464 sec (0h:3m:33s)
Total CPU time used: 284.786 sec (0h:4m:44s)
Total wall-clock time used: 337.959 sec (0h:5m:37s)

Analysis results written to: 
  IQ-TREE report:                5733_iqtree_preliminary_superstrict_excluding_hybrids.iqtree
  Maximum-likelihood tree:       5733_iqtree_preliminary_superstrict_excluding_hybrids.treefile
  Likelihood distances:          5733_iqtree_preliminary_superstrict_excluding_hybrids.mldist
  Screen log file:               5733_iqtree_preliminary_superstrict_excluding_hybrids.log

ALISIM COMMAND
--------------
--alisim simulated_MSA -t 5733_iqtree_preliminary_superstrict_excluding_hybrids.treefile -m "GTR{0.990495,2.26322,1.44636,0.998671,5.04976}+F{0.289614,0.192443,0.256197,0.261747}+R4{0.4672,0.116143,0.038713,0.263275,0.364048,1.23951,0.130039,3.72431}" --length 232

Date and Time: Fri Jun  2 08:10:05 2023
