IQ-TREE multicore version 2.2.2 COVID-edition for Linux 64-bit built Sep 20 2022
Developed by Bui Quang Minh, James Barbetti, Nguyen Lam Tung,
Olga Chernomor, Heiko Schmidt, Dominik Schrempf, Michael Woodhams, Ly Trong Nhan.

Host:    netdc-bms-c11f (AVX2, FMA3, 377 GB RAM)
Command: /home/kasper.hendriks/iqtree-2.2.2-Linux/bin/iqtree2 -s 5968_taper_preliminary_superstrict_excluding_hybrids.fasta -nm 1000 -m GTR+F+R -nt AUTO --prefix 5968_iqtree_preliminary_superstrict_excluding_hybrids
Seed:    472305 (Using SPRNG - Scalable Parallel Random Number Generator)
Time:    Fri Jun  2 08:05:33 2023
Kernel:  AVX+FMA - auto-detect threads (56 CPU cores detected)

Reading alignment file 5968_taper_preliminary_superstrict_excluding_hybrids.fasta ... Fasta format detected
Reading fasta file: done in 0.000609875 secs using 99.69% CPU
Alignment most likely contains DNA/RNA sequences
Constructing alignment: done in 0.0012269 secs using 1206% CPU
Alignment has 120 sequences with 168 columns, 121 distinct patterns
60 parsimony-informative, 31 singleton sites, 77 constant sites
               Gap/Ambiguity  Composition  p-value
Analyzing sequences: done in 0.00395203 secs using 1190% CPU
   1  CRNC             0.00%    passed     57.31%
   2  HYZL             0.00%    passed     80.67%
   3  MYZV             0.00%    passed     85.75%
   4  SRR6441723       0.00%    passed     99.84%
   5  ERR2789774       0.00%    passed     99.94%
   6  PAFTOL_019361   16.07%    passed     75.85%
   7  S0055            3.57%    passed     99.57%
   8  S0278            0.00%    passed     94.96%
   9  S0281            0.00%    passed     91.77%
  10  S0282            0.00%    passed     99.56%
  11  S0289            0.00%    passed     99.49%
  12  S0292            2.38%    passed     99.95%
  13  S0293           85.12%    passed     46.70%
  14  S0294            2.38%    passed     99.75%
  15  S0299           13.69%    passed     95.86%
  16  S0303           13.10%    passed     92.59%
  17  S0308            0.60%    passed     99.62%
  18  S0320            0.60%    passed     99.60%
  19  S0322            0.00%    passed     99.04%
  20  S0327            0.00%    passed     97.61%
  21  S0335            1.19%    passed     96.31%
  22  S0345           69.05%    passed     26.98%
  23  S0376            3.57%    passed     75.37%
  24  S0400            0.00%    passed     99.92%
  25  S0405            0.00%    passed     97.79%
  26  S0407sl         22.02%    passed     66.01%
  27  S0412sl         25.60%    passed     95.28%
  28  S0417            0.60%    passed     99.96%
  29  S0419            0.00%    passed     97.84%
  30  S0427            0.60%    passed     99.62%
  31  S0428sl         22.02%    passed     88.08%
  32  S0430            0.00%    passed     99.04%
  33  S0478            0.00%    passed     97.38%
  34  S0552sl          2.38%    passed     86.10%
  35  S0558            0.00%    passed     96.69%
  36  S0616            0.00%    passed     93.65%
  37  S0620            8.33%    passed     98.21%
  38  S0624            0.00%    passed     99.49%
  39  S0641            0.00%    passed     97.21%
  40  S0643            0.60%    passed     99.59%
  41  S0645sl          0.00%    passed     99.94%
  42  S0656sl          0.00%    passed     98.41%
  43  S0673            0.00%    passed     99.90%
  44  S0689            0.60%    passed     95.81%
  45  S0690           60.71%    passed     60.27%
  46  S0720            0.60%    passed     96.76%
  47  S0724sl          0.00%    passed     99.90%
  48  S0735            0.00%    passed     98.91%
  49  S0742            0.00%    passed     99.29%
  50  S0748            0.00%    passed     99.04%
  51  S0756            1.19%    passed     97.10%
  52  S0758            2.38%    passed     89.00%
  53  S0760            0.00%    passed     98.10%
  54  S0763            0.00%    passed     99.49%
  55  S0765            0.00%    passed     98.10%
  56  S0770            0.00%    passed     99.07%
  57  S0771            0.00%    passed     90.97%
  58  S0795            0.00%    passed     99.07%
  59  S0827            0.00%    passed     99.00%
  60  S0888            0.60%    passed     88.04%
  61  S0894            0.00%    passed     88.45%
  62  S0899            2.98%    passed     99.09%
  63  S0906            0.00%    passed     98.91%
  64  S0951           34.52%    passed     98.17%
  65  S0952           63.69%    passed     41.81%
  66  S0956            1.19%    passed     94.19%
  67  S0959            0.00%    passed     98.99%
  68  S0960            0.00%    passed     84.58%
  69  S0964            0.60%    passed     83.46%
  70  S1052sl         14.88%    passed     93.74%
  71  S1083            0.00%    passed     96.35%
  72  S1100            0.00%    passed     98.94%
  73  S1102            8.93%    passed     99.68%
  74  S1110           32.14%    passed     82.84%
  75  S1120            0.00%    passed     99.92%
  76  S1128            1.19%    passed     86.87%
  77  S1129sl          1.19%    passed     86.98%
  78  S1148            0.00%    passed     97.34%
  79  S1177            0.00%    passed     98.10%
  80  S1180            4.76%    passed     99.98%
  81  S1187sl         30.95%    passed     80.45%
  82  S1189            0.00%    passed     83.49%
  83  S1201sl          0.00%    passed     98.41%
  84  S1210            0.00%    passed     98.80%
  85  S1211            0.00%    passed     97.43%
  86  S1214sl          0.00%    passed     99.87%
  87  S1223            9.52%    passed     87.61%
  88  S1227            0.00%    passed     99.49%
  89  S1235sl          0.00%    passed     99.00%
  90  S1238sl         22.02%    passed     95.92%
  91  S1239            0.00%    passed     99.10%
  92  S1245            0.00%    passed     95.57%
  93  S1246           13.10%    passed     92.59%
  94  S1249            0.00%    passed     94.05%
  95  S1250sl          0.00%    passed     98.76%
  96  S1251           13.10%    passed     96.94%
  97  S1260            4.17%    passed     97.70%
  98  S1266sl          0.60%    passed     99.55%
  99  S1269            0.00%    passed     99.04%
 100  S1278            0.00%    passed     99.09%
 101  S1315            0.00%    passed     89.73%
 102  S1332            0.00%    passed     99.92%
 103  S1366            0.00%    passed     97.20%
 104  S1369            0.60%    passed     99.00%
 105  S1370            0.00%    passed     97.79%
 106  S1375            0.00%    passed     98.10%
 107  S1376            1.19%    passed     99.73%
 108  S1381           70.24%    passed     19.90%
 109  S1405            0.00%    passed     95.15%
 110  S1422            7.14%    passed     56.61%
 111  S1449            1.19%    passed     97.10%
 112  S1451            0.00%    passed     97.21%
 113  S1460            0.60%    passed     94.51%
 114  S1462            0.60%    passed     96.24%
 115  S1475            0.00%    passed     99.10%
 116  S1498            0.60%    passed     96.45%
 117  S1539            0.00%    passed     98.80%
 118  S_670            0.60%    passed     98.32%
 119  SRR11470320      0.00%    passed     96.35%
 120  SRR8528357       0.00%    passed     97.43%
WARNING: 5 sequences contain more than 50% gaps/ambiguity
****  TOTAL            5.85%  0 sequences failed composition chi2 test (p-value<5%; df=3)
NOTE: S0430 is identical to S0322 but kept for subsequent analysis
NOTE: S1177 is identical to S0765 but kept for subsequent analysis
NOTE: SRR11470320 is identical to S1083 but kept for subsequent analysis
Checking for duplicate sequences: done in 0.00702786 secs using 1443% CPU
Identifying sites to remove: done in 0.000502825 secs using 1505% CPU
NOTE: 2 identical sequences (see below) will be ignored for subsequent analysis
NOTE: S0748 (identical to S0322) is ignored but added at the end
NOTE: S1269 (identical to S0322) is ignored but added at the end
Alignment was printed to 5968_iqtree_preliminary_superstrict_excluding_hybrids.uniqueseq.phy

For your convenience alignment with unique sequences printed to 5968_iqtree_preliminary_superstrict_excluding_hybrids.uniqueseq.phy

Create initial parsimony tree by phylogenetic likelihood library (PLL)... 0.034 seconds

NOTE: 1 MB RAM (0 GB) is required!
Measuring multi-threading efficiency up to 56 CPU cores
Increase to 10 rounds for branch lengths
717 trees examined
Threads: 1 / Time: 56.025 sec / Speedup: 1.000 / Efficiency: 100% / LogL: -3030
Threads: 2 / Time: 110.930 sec / Speedup: 0.505 / Efficiency: 25% / LogL: -3030
Determining AUTO threadcount: done in 166.956 secs using 128.1% CPU
BEST NUMBER OF THREADS: 1

Estimate model parameters (epsilon = 0.100)
1. Initial log-likelihood: -2097.210
2. Current log-likelihood: -2002.305
3. Current log-likelihood: -1998.962
4. Current log-likelihood: -1996.300
5. Current log-likelihood: -1994.617
6. Current log-likelihood: -1994.328
Optimal log-likelihood: -1994.223
Rate parameters:  A-C: 0.95666  A-G: 3.02841  A-T: 1.82265  C-G: 0.86619  C-T: 4.19785  G-T: 1.00000
Base frequencies:  A: 0.223  C: 0.200  G: 0.265  T: 0.312
Site proportion and rates:  (0.527,0.189) (0.208,0.455) (0.226,2.246) (0.040,7.532)
Parameters optimization took 6 rounds (0.930 sec)
Wrote distance file to... 
Computing ML distances based on estimated model parameters...
Calculating distance matrix: done in 0.136996 secs using 97.06% CPU
Computing ML distances took 0.137337 sec (of wall-clock time) 0.133202 sec (of CPU time)
Setting up auxiliary I and S matrices: done in 0.00103402 secs using 486% CPU
Constructing RapidNJ tree: done in 0.00213385 secs using 100% CPU
Computing RapidNJ tree took 0.003378 sec (of wall-clock time) 0.007367 sec (of CPU time)
Log-likelihood of RapidNJ tree: -2018.167
--------------------------------------------------------------------
|             INITIALIZING CANDIDATE TREE SET                      |
--------------------------------------------------------------------
Generating 98 parsimony trees... 1.388 second
Computing log-likelihood of 98 initial trees ... 1.371 seconds
Current best score: -1988.445

Do NNI search on 20 best initial trees
Optimizing NNI: done in 0.163851 secs using 100% CPU
Estimate model parameters (epsilon = 0.100)
BETTER TREE FOUND at iteration 1: -1980.047
Optimizing NNI: done in 0.255604 secs using 99.47% CPU
Estimate model parameters (epsilon = 0.100)
BETTER TREE FOUND at iteration 2: -1966.320
Optimizing NNI: done in 0.137384 secs using 100% CPU
Optimizing NNI: done in 0.3455 secs using 90% CPU
Optimizing NNI: done in 0.34559 secs using 82.3% CPU
Optimizing NNI: done in 0.381399 secs using 52.99% CPU
Optimizing NNI: done in 0.503444 secs using 78.97% CPU
Optimizing NNI: done in 0.305768 secs using 56.47% CPU
Optimizing NNI: done in 0.319154 secs using 73.66% CPU
Optimizing NNI: done in 0.217635 secs using 100% CPU
Iteration 10 / LogL: -1984.264 / Time: 0h:2m:54s
Optimizing NNI: done in 0.301925 secs using 98.77% CPU
Optimizing NNI: done in 0.222418 secs using 99.98% CPU
Optimizing NNI: done in 0.279526 secs using 100% CPU
Optimizing NNI: done in 0.20387 secs using 100% CPU
Optimizing NNI: done in 0.127342 secs using 100% CPU
Optimizing NNI: done in 0.195934 secs using 99.97% CPU
Optimizing NNI: done in 0.180635 secs using 100% CPU
Optimizing NNI: done in 0.370491 secs using 66.53% CPU
Optimizing NNI: done in 0.436078 secs using 73.39% CPU
Optimizing NNI: done in 0.348241 secs using 66.67% CPU
Iteration 20 / LogL: -1985.714 / Time: 0h:2m:57s
Finish initializing candidate tree set (20)
Current best tree score: -1966.320 / CPU time: 9.040
Number of iterations: 20
--------------------------------------------------------------------
|               OPTIMIZING CANDIDATE TREE SET                      |
--------------------------------------------------------------------
Optimizing NNI: done in 0.496903 secs using 66.93% CPU
Optimizing NNI: done in 0.31342 secs using 78.18% CPU
Optimizing NNI: done in 0.255291 secs using 100% CPU
Estimate model parameters (epsilon = 0.100)
BETTER TREE FOUND at iteration 23: -1964.846
Optimizing NNI: done in 0.270738 secs using 99.17% CPU
Optimizing NNI: done in 0.202589 secs using 99.97% CPU
Optimizing NNI: done in 0.202542 secs using 100% CPU
Optimizing NNI: done in 0.29085 secs using 100% CPU
Optimizing NNI: done in 0.226738 secs using 100% CPU
Estimate model parameters (epsilon = 0.100)
BETTER TREE FOUND at iteration 28: -1963.876
Optimizing NNI: done in 0.340455 secs using 92.93% CPU
Optimizing NNI: done in 0.406136 secs using 62.51% CPU
Iteration 30 / LogL: -1967.010 / Time: 0h:3m:0s (0h:10m:11s left)
Optimizing NNI: done in 0.605284 secs using 53.48% CPU
Optimizing NNI: done in 0.296132 secs using 88% CPU
Estimate model parameters (epsilon = 0.100)
BETTER TREE FOUND at iteration 32: -1961.158
Optimizing NNI: done in 0.233684 secs using 99.97% CPU
Estimate model parameters (epsilon = 0.100)
BETTER TREE FOUND at iteration 33: -1960.619
Optimizing NNI: done in 0.187167 secs using 99.97% CPU
Optimizing NNI: done in 0.263232 secs using 100% CPU
Estimate model parameters (epsilon = 0.100)
BETTER TREE FOUND at iteration 35: -1956.272
Optimizing NNI: done in 0.364322 secs using 60.03% CPU
Estimate model parameters (epsilon = 0.100)
BETTER TREE FOUND at iteration 36: -1955.877
Optimizing NNI: done in 0.166736 secs using 99.6% CPU
Optimizing NNI: done in 0.215174 secs using 100% CPU
Optimizing NNI: done in 0.234608 secs using 100% CPU
Optimizing NNI: done in 0.231737 secs using 99.67% CPU
Estimate model parameters (epsilon = 0.100)
BETTER TREE FOUND at iteration 40: -1954.344
Iteration 40 / LogL: -1954.344 / Time: 0h:3m:5s (0h:7m:54s left)
Optimizing NNI: done in 0.234334 secs using 99.91% CPU
Optimizing NNI: done in 0.243184 secs using 99.88% CPU
Optimizing NNI: done in 0.245794 secs using 100% CPU
Optimizing NNI: done in 0.34419 secs using 99.99% CPU
Optimizing NNI: done in 0.254806 secs using 99.98% CPU
Optimizing NNI: done in 0.22159 secs using 100% CPU
Optimizing NNI: done in 0.262643 secs using 100% CPU
Optimizing NNI: done in 0.229686 secs using 99.99% CPU
Optimizing NNI: done in 0.215643 secs using 99.99% CPU
Optimizing NNI: done in 0.243115 secs using 99.89% CPU
Iteration 50 / LogL: -1955.381 / Time: 0h:3m:7s (0h:5m:44s left)
Optimizing NNI: done in 0.208681 secs using 100% CPU
Optimizing NNI: done in 0.217575 secs using 99.99% CPU
Estimate model parameters (epsilon = 0.100)
BETTER TREE FOUND at iteration 52: -1952.480
Optimizing NNI: done in 0.236128 secs using 99.99% CPU
Estimate model parameters (epsilon = 0.100)
BETTER TREE FOUND at iteration 53: -1948.955
Optimizing NNI: done in 0.307967 secs using 99.99% CPU
Optimizing NNI: done in 0.285809 secs using 99.98% CPU
Optimizing NNI: done in 0.237577 secs using 100% CPU
Optimizing NNI: done in 0.303965 secs using 100% CPU
Optimizing NNI: done in 0.190972 secs using 100% CPU
Optimizing NNI: done in 0.301806 secs using 100% CPU
Estimate model parameters (epsilon = 0.100)
BETTER TREE FOUND at iteration 59: -1946.923
Optimizing NNI: done in 0.235197 secs using 98.35% CPU
Iteration 60 / LogL: -1951.870 / Time: 0h:3m:11s (0h:5m:20s left)
Optimizing NNI: done in 0.277105 secs using 99.99% CPU
Optimizing NNI: done in 0.290283 secs using 100% CPU
Optimizing NNI: done in 0.21722 secs using 100% CPU
Optimizing NNI: done in 0.426248 secs using 81.33% CPU
Optimizing NNI: done in 0.296798 secs using 100% CPU
Optimizing NNI: done in 0.273013 secs using 100% CPU
Optimizing NNI: done in 0.265769 secs using 100% CPU
Optimizing NNI: done in 0.218357 secs using 100% CPU
Optimizing NNI: done in 0.237971 secs using 99.96% CPU
Optimizing NNI: done in 0.245015 secs using 100% CPU
Iteration 70 / LogL: -1952.657 / Time: 0h:3m:13s (0h:4m:10s left)
Optimizing NNI: done in 0.372476 secs using 72.27% CPU
Optimizing NNI: done in 0.207948 secs using 100% CPU
Optimizing NNI: done in 0.233651 secs using 100% CPU
Optimizing NNI: done in 0.38421 secs using 70.51% CPU
Optimizing NNI: done in 0.317627 secs using 71.11% CPU
Optimizing NNI: done in 0.209111 secs using 85.43% CPU
Optimizing NNI: done in 0.292893 secs using 99.03% CPU
Optimizing NNI: done in 0.271009 secs using 100% CPU
Optimizing NNI: done in 0.220191 secs using 100% CPU
Optimizing NNI: done in 0.261325 secs using 100% CPU
Iteration 80 / LogL: -1949.084 / Time: 0h:3m:16s (0h:3m:16s left)
Optimizing NNI: done in 0.564644 secs using 59.71% CPU
Optimizing NNI: done in 0.499341 secs using 51.07% CPU
Optimizing NNI: done in 0.221462 secs using 98.83% CPU
Estimate model parameters (epsilon = 0.100)
BETTER TREE FOUND at iteration 83: -1946.187
Optimizing NNI: done in 0.162077 secs using 99.96% CPU
Optimizing NNI: done in 0.274202 secs using 100% CPU
Optimizing NNI: done in 0.207046 secs using 100% CPU
Optimizing NNI: done in 0.284584 secs using 99.99% CPU
Optimizing NNI: done in 0.24123 secs using 100% CPU
Optimizing NNI: done in 0.223944 secs using 100% CPU
Estimate model parameters (epsilon = 0.100)
BETTER TREE FOUND at iteration 89: -1945.339
Optimizing NNI: done in 0.25656 secs using 99.94% CPU
Iteration 90 / LogL: -1948.218 / Time: 0h:3m:20s (0h:3m:42s left)
Optimizing NNI: done in 0.338952 secs using 100% CPU
Optimizing NNI: done in 0.256865 secs using 100% CPU
Optimizing NNI: done in 0.304402 secs using 99.98% CPU
Optimizing NNI: done in 0.279503 secs using 100% CPU
Optimizing NNI: done in 0.259027 secs using 100% CPU
Optimizing NNI: done in 0.29766 secs using 100% CPU
Optimizing NNI: done in 0.224405 secs using 78.6% CPU
Optimizing NNI: done in 0.191994 secs using 86.98% CPU
Optimizing NNI: done in 0.428536 secs using 56.5% CPU
Optimizing NNI: done in 0.235109 secs using 100% CPU
Iteration 100 / LogL: -1954.090 / Time: 0h:3m:23s (0h:3m:2s left)
Optimizing NNI: done in 0.217491 secs using 99.99% CPU
Optimizing NNI: done in 0.216397 secs using 100% CPU
Optimizing NNI: done in 0.213669 secs using 99.99% CPU
Optimizing NNI: done in 0.316547 secs using 100% CPU
Optimizing NNI: done in 0.194802 secs using 100% CPU
Optimizing NNI: done in 0.314925 secs using 100% CPU
Optimizing NNI: done in 0.343421 secs using 81.36% CPU
Optimizing NNI: done in 0.45411 secs using 64.77% CPU
Optimizing NNI: done in 0.292448 secs using 69.9% CPU
Optimizing NNI: done in 0.484611 secs using 49.98% CPU
Estimate model parameters (epsilon = 0.100)
BETTER TREE FOUND at iteration 110: -1944.996
Iteration 110 / LogL: -1944.996 / Time: 0h:3m:26s (0h:3m:9s left)
Optimizing NNI: done in 0.166976 secs using 100% CPU
Optimizing NNI: done in 0.254205 secs using 100% CPU
Optimizing NNI: done in 0.264399 secs using 93.95% CPU
Estimate model parameters (epsilon = 0.100)
BETTER TREE FOUND at iteration 113: -1943.658
Optimizing NNI: done in 0.22204 secs using 97.96% CPU
Optimizing NNI: done in 0.15188 secs using 100% CPU
Optimizing NNI: done in 0.21073 secs using 99.99% CPU
Optimizing NNI: done in 0.255306 secs using 100% CPU
Optimizing NNI: done in 0.265123 secs using 100% CPU
Optimizing NNI: done in 0.202077 secs using 100% CPU
Optimizing NNI: done in 0.282778 secs using 77.55% CPU
Iteration 120 / LogL: -1953.432 / Time: 0h:3m:29s (0h:2m:43s left)
Optimizing NNI: done in 0.245636 secs using 93.22% CPU
Optimizing NNI: done in 0.200487 secs using 100% CPU
Optimizing NNI: done in 0.213059 secs using 100% CPU
Optimizing NNI: done in 0.20031 secs using 100% CPU
Optimizing NNI: done in 0.276548 secs using 99.99% CPU
BETTER TREE FOUND at iteration 125: -1943.655
Optimizing NNI: done in 0.226268 secs using 99.96% CPU
Optimizing NNI: done in 0.358555 secs using 67.68% CPU
Optimizing NNI: done in 0.255107 secs using 99.46% CPU
Optimizing NNI: done in 0.245694 secs using 99.97% CPU
Optimizing NNI: done in 0.195512 secs using 100% CPU
Iteration 130 / LogL: -1945.660 / Time: 0h:3m:31s (0h:2m:35s left)
Optimizing NNI: done in 0.200565 secs using 100% CPU
Optimizing NNI: done in 0.163028 secs using 100% CPU
Optimizing NNI: done in 0.245862 secs using 99.99% CPU
Optimizing NNI: done in 0.252712 secs using 71.24% CPU
Optimizing NNI: done in 0.219969 secs using 88.59% CPU
Optimizing NNI: done in 0.271877 secs using 100% CPU
Optimizing NNI: done in 0.268903 secs using 99.99% CPU
Optimizing NNI: done in 0.222798 secs using 100% CPU
Optimizing NNI: done in 0.302602 secs using 98.75% CPU
Optimizing NNI: done in 0.402302 secs using 75.16% CPU
Iteration 140 / LogL: -1955.581 / Time: 0h:3m:34s (0h:2m:11s left)
Optimizing NNI: done in 0.259005 secs using 98.88% CPU
Optimizing NNI: done in 0.19788 secs using 100% CPU
Optimizing NNI: done in 0.276872 secs using 99.99% CPU
Optimizing NNI: done in 0.271528 secs using 100% CPU
Optimizing NNI: done in 0.291978 secs using 100% CPU
BETTER TREE FOUND at iteration 145: -1943.655
Optimizing NNI: done in 0.262546 secs using 82.49% CPU
Optimizing NNI: done in 0.287333 secs using 88.86% CPU
BETTER TREE FOUND at iteration 147: -1943.655
Optimizing NNI: done in 0.213623 secs using 99.93% CPU
Optimizing NNI: done in 0.230828 secs using 100% CPU
Optimizing NNI: done in 0.232195 secs using 100% CPU
Iteration 150 / LogL: -1952.706 / Time: 0h:3m:37s (0h:2m:21s left)
Optimizing NNI: done in 0.303965 secs using 100% CPU
Optimizing NNI: done in 0.294015 secs using 83.67% CPU
Optimizing NNI: done in 0.201653 secs using 100% CPU
Optimizing NNI: done in 0.288258 secs using 100% CPU
Optimizing NNI: done in 0.367502 secs using 72.61% CPU
Optimizing NNI: done in 0.384105 secs using 72.92% CPU
Optimizing NNI: done in 0.236108 secs using 86.44% CPU
Optimizing NNI: done in 0.351066 secs using 74.93% CPU
Optimizing NNI: done in 0.268198 secs using 82.28% CPU
Optimizing NNI: done in 0.209393 secs using 99.94% CPU
Iteration 160 / LogL: -1970.337 / Time: 0h:3m:40s (0h:2m:0s left)
Optimizing NNI: done in 0.187535 secs using 99.95% CPU
Optimizing NNI: done in 0.23444 secs using 99.91% CPU
Optimizing NNI: done in 0.205586 secs using 99.54% CPU
Optimizing NNI: done in 0.355701 secs using 99.93% CPU
Optimizing NNI: done in 0.204933 secs using 99.78% CPU
Estimate model parameters (epsilon = 0.100)
BETTER TREE FOUND at iteration 165: -1943.272
Optimizing NNI: done in 0.237983 secs using 100% CPU
Optimizing NNI: done in 0.180473 secs using 99.78% CPU
BETTER TREE FOUND at iteration 167: -1943.268
Optimizing NNI: done in 0.204745 secs using 99.94% CPU
Optimizing NNI: done in 0.306043 secs using 99.73% CPU
BETTER TREE FOUND at iteration 169: -1943.267
Optimizing NNI: done in 0.192642 secs using 99.28% CPU
Iteration 170 / LogL: -1944.879 / Time: 0h:3m:42s (0h:2m:10s left)
Optimizing NNI: done in 0.199717 secs using 99.95% CPU
Optimizing NNI: done in 0.232599 secs using 99.96% CPU
Optimizing NNI: done in 0.176844 secs using 99.51% CPU
Optimizing NNI: done in 0.219729 secs using 99.94% CPU
Optimizing NNI: done in 0.306293 secs using 99.97% CPU
Optimizing NNI: done in 0.281045 secs using 99.75% CPU
Optimizing NNI: done in 0.227361 secs using 99.93% CPU
Optimizing NNI: done in 0.333182 secs using 99.36% CPU
Estimate model parameters (epsilon = 0.100)
BETTER TREE FOUND at iteration 178: -1943.167
Optimizing NNI: done in 0.184008 secs using 99.99% CPU
Optimizing NNI: done in 0.308531 secs using 79.76% CPU
Iteration 180 / LogL: -1966.034 / Time: 0h:3m:45s (0h:2m:3s left)
Optimizing NNI: done in 0.224149 secs using 99.85% CPU
BETTER TREE FOUND at iteration 181: -1943.162
Optimizing NNI: done in 0.306098 secs using 99.87% CPU
Optimizing NNI: done in 0.177938 secs using 99.67% CPU
Optimizing NNI: done in 0.22576 secs using 99.92% CPU
Optimizing NNI: done in 0.287056 secs using 99.63% CPU
Optimizing NNI: done in 0.274504 secs using 99.79% CPU
Optimizing NNI: done in 0.266234 secs using 99.93% CPU
Optimizing NNI: done in 0.20545 secs using 99.93% CPU
Optimizing NNI: done in 0.222191 secs using 99.17% CPU
Optimizing NNI: done in 0.254714 secs using 99.77% CPU
Iteration 190 / LogL: -1967.446 / Time: 0h:3m:47s (0h:1m:49s left)
Optimizing NNI: done in 0.19157 secs using 99.94% CPU
Optimizing NNI: done in 0.156702 secs using 99.98% CPU
Optimizing NNI: done in 0.225193 secs using 99.95% CPU
Optimizing NNI: done in 0.246624 secs using 99.65% CPU
Optimizing NNI: done in 0.331393 secs using 99.94% CPU
Optimizing NNI: done in 0.310019 secs using 99.93% CPU
Estimate model parameters (epsilon = 0.100)
BETTER TREE FOUND at iteration 196: -1941.805
Optimizing NNI: done in 0.197078 secs using 99.98% CPU
Optimizing NNI: done in 0.192802 secs using 100% CPU
Optimizing NNI: done in 0.250439 secs using 99.9% CPU
Optimizing NNI: done in 0.258632 secs using 99.74% CPU
Iteration 200 / LogL: -1944.515 / Time: 0h:3m:50s (0h:1m:51s left)
Optimizing NNI: done in 0.224575 secs using 99.84% CPU
Optimizing NNI: done in 0.232592 secs using 99.96% CPU
Optimizing NNI: done in 0.293402 secs using 99.91% CPU
Optimizing NNI: done in 0.257914 secs using 98.99% CPU
Optimizing NNI: done in 0.245228 secs using 99.85% CPU
Optimizing NNI: done in 0.242803 secs using 99.92% CPU
Optimizing NNI: done in 0.21762 secs using 83.16% CPU
Optimizing NNI: done in 0.212373 secs using 99.95% CPU
Optimizing NNI: done in 0.284676 secs using 99.58% CPU
Optimizing NNI: done in 0.294425 secs using 80.92% CPU
Iteration 210 / LogL: -1943.352 / Time: 0h:3m:53s (0h:1m:35s left)
Optimizing NNI: done in 0.317968 secs using 91.61% CPU
Optimizing NNI: done in 0.33741 secs using 100% CPU
Estimate model parameters (epsilon = 0.100)
BETTER TREE FOUND at iteration 212: -1941.727
Optimizing NNI: done in 0.320417 secs using 99.99% CPU
Optimizing NNI: done in 0.194474 secs using 99.98% CPU
Optimizing NNI: done in 0.237541 secs using 100% CPU
Optimizing NNI: done in 0.291657 secs using 100% CPU
Optimizing NNI: done in 0.214684 secs using 100% CPU
Optimizing NNI: done in 0.259179 secs using 100% CPU
Optimizing NNI: done in 0.314387 secs using 100% CPU
Optimizing NNI: done in 0.239683 secs using 99.99% CPU
Iteration 220 / LogL: -1973.092 / Time: 0h:3m:56s (0h:1m:39s left)
Optimizing NNI: done in 0.267702 secs using 100% CPU
Optimizing NNI: done in 0.211617 secs using 100% CPU
Optimizing NNI: done in 0.262292 secs using 100% CPU
Optimizing NNI: done in 0.17059 secs using 99.99% CPU
Optimizing NNI: done in 0.2359 secs using 100% CPU
Optimizing NNI: done in 0.239999 secs using 98.45% CPU
Optimizing NNI: done in 0.314478 secs using 83.31% CPU
Optimizing NNI: done in 0.253088 secs using 93.63% CPU
Optimizing NNI: done in 0.141111 secs using 100% CPU
Optimizing NNI: done in 0.252921 secs using 99.96% CPU
Iteration 230 / LogL: -1941.790 / Time: 0h:3m:58s (0h:1m:25s left)
Optimizing NNI: done in 0.240024 secs using 99.75% CPU
Optimizing NNI: done in 0.181262 secs using 97.71% CPU
Optimizing NNI: done in 0.199372 secs using 99.93% CPU
Optimizing NNI: done in 0.201063 secs using 99.91% CPU
Optimizing NNI: done in 0.270685 secs using 99.78% CPU
Optimizing NNI: done in 0.259386 secs using 99.76% CPU
Optimizing NNI: done in 0.250651 secs using 100% CPU
Optimizing NNI: done in 0.171894 secs using 93.09% CPU
Optimizing NNI: done in 0.285198 secs using 99.78% CPU
Optimizing NNI: done in 0.265664 secs using 99.92% CPU
Iteration 240 / LogL: -1947.929 / Time: 0h:4m:0s (0h:1m:12s left)
Optimizing NNI: done in 0.350919 secs using 77.17% CPU
Optimizing NNI: done in 0.296302 secs using 99.5% CPU
Optimizing NNI: done in 0.263268 secs using 99.66% CPU
Optimizing NNI: done in 0.325979 secs using 99.93% CPU
Optimizing NNI: done in 0.232466 secs using 99.72% CPU
Optimizing NNI: done in 0.26518 secs using 99.96% CPU
Optimizing NNI: done in 0.305245 secs using 94.68% CPU
Optimizing NNI: done in 0.260511 secs using 99.57% CPU
Optimizing NNI: done in 0.210009 secs using 99.9% CPU
Optimizing NNI: done in 0.327071 secs using 96.23% CPU
Iteration 250 / LogL: -1944.546 / Time: 0h:4m:3s (0h:1m:0s left)
Optimizing NNI: done in 0.493119 secs using 50.51% CPU
Optimizing NNI: done in 0.22044 secs using 79.98% CPU
Optimizing NNI: done in 0.294902 secs using 89.11% CPU
Optimizing NNI: done in 0.306787 secs using 99.94% CPU
Optimizing NNI: done in 0.203544 secs using 99.92% CPU
Optimizing NNI: done in 0.248436 secs using 99.95% CPU
Optimizing NNI: done in 0.218743 secs using 99.75% CPU
Optimizing NNI: done in 0.171416 secs using 99.94% CPU
Optimizing NNI: done in 0.268808 secs using 98.65% CPU
Optimizing NNI: done in 0.264275 secs using 98.41% CPU
Iteration 260 / LogL: -1947.049 / Time: 0h:4m:6s (0h:0m:49s left)
Optimizing NNI: done in 0.293085 secs using 99.06% CPU
Optimizing NNI: done in 0.206161 secs using 100% CPU
Optimizing NNI: done in 0.434051 secs using 99.92% CPU
Optimizing NNI: done in 0.209629 secs using 99.42% CPU
Optimizing NNI: done in 0.191045 secs using 99.95% CPU
Optimizing NNI: done in 0.190638 secs using 99.94% CPU
Optimizing NNI: done in 0.224633 secs using 99.91% CPU
Optimizing NNI: done in 0.235514 secs using 99.75% CPU
Optimizing NNI: done in 0.244364 secs using 99.96% CPU
Optimizing NNI: done in 0.260489 secs using 99.96% CPU
Iteration 270 / LogL: -1941.869 / Time: 0h:4m:9s (0h:0m:38s left)
Optimizing NNI: done in 0.315886 secs using 99.76% CPU
Optimizing NNI: done in 0.30117 secs using 99.96% CPU
Optimizing NNI: done in 0.14851 secs using 99.92% CPU
Optimizing NNI: done in 0.277187 secs using 99.96% CPU
Optimizing NNI: done in 0.222229 secs using 99.76% CPU
Optimizing NNI: done in 0.27054 secs using 99.91% CPU
Optimizing NNI: done in 0.29511 secs using 99.96% CPU
Optimizing NNI: done in 0.264382 secs using 99.69% CPU
Optimizing NNI: done in 0.213701 secs using 99.95% CPU
Optimizing NNI: done in 0.249508 secs using 88.94% CPU
Iteration 280 / LogL: -1945.956 / Time: 0h:4m:11s (0h:0m:28s left)
Optimizing NNI: done in 0.352766 secs using 73.71% CPU
Optimizing NNI: done in 0.426407 secs using 62.31% CPU
Optimizing NNI: done in 0.215616 secs using 99.63% CPU
Optimizing NNI: done in 0.30247 secs using 99.78% CPU
BETTER TREE FOUND at iteration 284: -1941.725
Optimizing NNI: done in 0.265925 secs using 99.93% CPU
Optimizing NNI: done in 0.223401 secs using 99.94% CPU
Optimizing NNI: done in 0.22894 secs using 99.79% CPU
Optimizing NNI: done in 0.202791 secs using 99.95% CPU
Optimizing NNI: done in 0.267558 secs using 99.9% CPU
Optimizing NNI: done in 0.30501 secs using 71.06% CPU
Iteration 290 / LogL: -1942.357 / Time: 0h:4m:14s (0h:1m:22s left)
Optimizing NNI: done in 0.413502 secs using 61.74% CPU
Optimizing NNI: done in 0.242884 secs using 93.08% CPU
Optimizing NNI: done in 0.241284 secs using 100% CPU
Optimizing NNI: done in 0.167803 secs using 99.72% CPU
Optimizing NNI: done in 0.174597 secs using 100% CPU
Optimizing NNI: done in 0.174926 secs using 99.94% CPU
Optimizing NNI: done in 0.397431 secs using 67.82% CPU
Optimizing NNI: done in 0.163266 secs using 99.65% CPU
Optimizing NNI: done in 0.239783 secs using 99.88% CPU
Optimizing NNI: done in 0.291507 secs using 94.42% CPU
Iteration 300 / LogL: -1946.511 / Time: 0h:4m:17s (0h:1m:12s left)
Optimizing NNI: done in 0.309308 secs using 74.7% CPU
Optimizing NNI: done in 0.228653 secs using 100% CPU
Optimizing NNI: done in 0.206841 secs using 100% CPU
Optimizing NNI: done in 0.238168 secs using 99.99% CPU
Optimizing NNI: done in 0.208269 secs using 100% CPU
Optimizing NNI: done in 0.318064 secs using 100% CPU
Optimizing NNI: done in 0.244479 secs using 100% CPU
Optimizing NNI: done in 0.228242 secs using 99.99% CPU
Optimizing NNI: done in 0.234888 secs using 99.99% CPU
Optimizing NNI: done in 0.185241 secs using 100% CPU
Iteration 310 / LogL: -1972.969 / Time: 0h:4m:19s (0h:1m:2s left)
Optimizing NNI: done in 0.242126 secs using 100% CPU
Optimizing NNI: done in 0.250093 secs using 100% CPU
Optimizing NNI: done in 0.239246 secs using 100% CPU
Optimizing NNI: done in 0.235082 secs using 100% CPU
Optimizing NNI: done in 0.225026 secs using 100% CPU
Optimizing NNI: done in 0.274048 secs using 100% CPU
Optimizing NNI: done in 0.282725 secs using 100% CPU
Optimizing NNI: done in 0.420441 secs using 87.3% CPU
Optimizing NNI: done in 0.206641 secs using 98.48% CPU
Optimizing NNI: done in 0.285361 secs using 99.99% CPU
Iteration 320 / LogL: -1942.985 / Time: 0h:4m:22s (0h:0m:52s left)
Optimizing NNI: done in 0.211181 secs using 99.78% CPU
Optimizing NNI: done in 0.445957 secs using 94.92% CPU
Optimizing NNI: done in 0.206194 secs using 100% CPU
Optimizing NNI: done in 0.210842 secs using 100% CPU
Optimizing NNI: done in 0.209835 secs using 100% CPU
Optimizing NNI: done in 0.280803 secs using 100% CPU
Optimizing NNI: done in 0.217481 secs using 98.24% CPU
Optimizing NNI: done in 0.189467 secs using 93.61% CPU
Optimizing NNI: done in 0.253865 secs using 100% CPU
Optimizing NNI: done in 0.241138 secs using 100% CPU
Iteration 330 / LogL: -1950.586 / Time: 0h:4m:25s (0h:0m:43s left)
Optimizing NNI: done in 0.226268 secs using 100% CPU
Optimizing NNI: done in 0.320638 secs using 65.32% CPU
Optimizing NNI: done in 0.347436 secs using 87.91% CPU
Optimizing NNI: done in 0.337938 secs using 72.78% CPU
Optimizing NNI: done in 0.474088 secs using 59.5% CPU
Optimizing NNI: done in 0.230046 secs using 100% CPU
Optimizing NNI: done in 0.303972 secs using 78.95% CPU
Optimizing NNI: done in 0.407318 secs using 99.08% CPU
Optimizing NNI: done in 0.219669 secs using 98.18% CPU
Optimizing NNI: done in 0.418027 secs using 58.85% CPU
Iteration 340 / LogL: -1941.725 / Time: 0h:4m:28s (0h:0m:34s left)
Optimizing NNI: done in 0.47907 secs using 49.07% CPU
Optimizing NNI: done in 0.571713 secs using 58.72% CPU
Optimizing NNI: done in 0.249325 secs using 100% CPU
Optimizing NNI: done in 0.265274 secs using 100% CPU
Optimizing NNI: done in 0.250717 secs using 100% CPU
Optimizing NNI: done in 0.355142 secs using 74.11% CPU
Optimizing NNI: done in 0.475856 secs using 94.07% CPU
Optimizing NNI: done in 0.254101 secs using 99.7% CPU
Optimizing NNI: done in 0.253641 secs using 100% CPU
Optimizing NNI: done in 0.197015 secs using 97.97% CPU
Iteration 350 / LogL: -1957.251 / Time: 0h:4m:31s (0h:0m:26s left)
Optimizing NNI: done in 0.197486 secs using 97.66% CPU
Optimizing NNI: done in 0.188622 secs using 100% CPU
Optimizing NNI: done in 0.220262 secs using 99.72% CPU
Optimizing NNI: done in 0.21098 secs using 100% CPU
Optimizing NNI: done in 0.215553 secs using 100% CPU
Optimizing NNI: done in 0.403089 secs using 87.39% CPU
Optimizing NNI: done in 0.3956 secs using 65.65% CPU
Optimizing NNI: done in 0.222517 secs using 98.74% CPU
Optimizing NNI: done in 0.214926 secs using 100% CPU
Optimizing NNI: done in 0.213512 secs using 88.13% CPU
Iteration 360 / LogL: -1951.825 / Time: 0h:4m:34s (0h:0m:18s left)
Optimizing NNI: done in 0.278477 secs using 84.74% CPU
Optimizing NNI: done in 0.350225 secs using 60.1% CPU
Optimizing NNI: done in 0.367111 secs using 56.17% CPU
Optimizing NNI: done in 0.338022 secs using 64.81% CPU
Optimizing NNI: done in 0.288708 secs using 67.76% CPU
Optimizing NNI: done in 0.383952 secs using 68.5% CPU
Optimizing NNI: done in 0.294573 secs using 71.3% CPU
Optimizing NNI: done in 0.342097 secs using 70.03% CPU
Optimizing NNI: done in 0.254232 secs using 78.01% CPU
Optimizing NNI: done in 0.397818 secs using 53.3% CPU
Iteration 370 / LogL: -1941.825 / Time: 0h:4m:37s (0h:0m:10s left)
Optimizing NNI: done in 0.27308 secs using 69.31% CPU
Optimizing NNI: done in 0.289225 secs using 98.83% CPU
Optimizing NNI: done in 0.297727 secs using 99.85% CPU
Optimizing NNI: done in 0.277323 secs using 94.23% CPU
Optimizing NNI: done in 0.349748 secs using 74.84% CPU
Optimizing NNI: done in 0.245301 secs using 65.78% CPU
Optimizing NNI: done in 0.393409 secs using 51.17% CPU
Optimizing NNI: done in 0.314117 secs using 64.35% CPU
Optimizing NNI: done in 0.331686 secs using 71.1% CPU
Optimizing NNI: done in 0.28796 secs using 52.87% CPU
Iteration 380 / LogL: -1950.639 / Time: 0h:4m:41s (0h:0m:2s left)
Optimizing NNI: done in 0.355751 secs using 62.92% CPU
Optimizing NNI: done in 0.203915 secs using 92.16% CPU
Optimizing NNI: done in 0.331086 secs using 78.19% CPU
Optimizing NNI: done in 0.230178 secs using 100% CPU
Optimizing NNI: done in 0.224443 secs using 100% CPU
TREE SEARCH COMPLETED AFTER 385 ITERATIONS / Time: 0h:4m:42s

--------------------------------------------------------------------
|                    FINALIZING TREE SEARCH                        |
--------------------------------------------------------------------
Performs final model parameters optimization
Estimate model parameters (epsilon = 0.010)
1. Initial log-likelihood: -1941.725
Optimal log-likelihood: -1941.715
Rate parameters:  A-C: 0.64835  A-G: 3.28061  A-T: 2.06974  C-G: 0.85252  C-T: 4.80995  G-T: 1.00000
Base frequencies:  A: 0.223  C: 0.200  G: 0.265  T: 0.312
Site proportion and rates:  (0.595,0.154) (0.292,1.133) (0.101,3.963) (0.012,14.745)
Parameters optimization took 1 rounds (0.096 sec)
BEST SCORE FOUND : -1941.715
Total tree length: 2.682

Total number of iterations: 385
CPU time used for tree search: 103.089 sec (0h:1m:43s)
Wall-clock time used for tree search: 114.188 sec (0h:1m:54s)
Total CPU time used: 319.531 sec (0h:5m:19s)
Total wall-clock time used: 282.506 sec (0h:4m:42s)

Analysis results written to: 
  IQ-TREE report:                5968_iqtree_preliminary_superstrict_excluding_hybrids.iqtree
  Maximum-likelihood tree:       5968_iqtree_preliminary_superstrict_excluding_hybrids.treefile
  Likelihood distances:          5968_iqtree_preliminary_superstrict_excluding_hybrids.mldist
  Screen log file:               5968_iqtree_preliminary_superstrict_excluding_hybrids.log

ALISIM COMMAND
--------------
--alisim simulated_MSA -t 5968_iqtree_preliminary_superstrict_excluding_hybrids.treefile -m "GTR{0.648352,3.28061,2.06974,0.852521,4.80995}+F{0.222687,0.200076,0.2651,0.312137}+R4{0.595488,0.153808,0.291737,1.13258,0.10062,3.96314,0.0121551,14.7445}" --length 168

Date and Time: Fri Jun  2 08:10:16 2023
