IQ-TREE multicore version 2.2.2 COVID-edition for Linux 64-bit built Sep 20 2022
Developed by Bui Quang Minh, James Barbetti, Nguyen Lam Tung,
Olga Chernomor, Heiko Schmidt, Dominik Schrempf, Michael Woodhams, Ly Trong Nhan.

Host:    netdc-bms-c11f (AVX2, FMA3, 377 GB RAM)
Command: /home/kasper.hendriks/iqtree-2.2.2-Linux/bin/iqtree2 -s 5980_taper_preliminary_superstrict_excluding_hybrids.fasta -nm 1000 -m GTR+F+R -nt AUTO --prefix 5980_iqtree_preliminary_superstrict_excluding_hybrids
Seed:    905592 (Using SPRNG - Scalable Parallel Random Number Generator)
Time:    Fri Jun  2 08:05:43 2023
Kernel:  AVX+FMA - auto-detect threads (56 CPU cores detected)

Reading alignment file 5980_taper_preliminary_superstrict_excluding_hybrids.fasta ... Fasta format detected
Reading fasta file: done in 0.00142813 secs using 99.78% CPU
Alignment most likely contains DNA/RNA sequences
Constructing alignment: done in 0.00321794 secs using 1856% CPU
Alignment has 118 sequences with 480 columns, 386 distinct patterns
226 parsimony-informative, 77 singleton sites, 177 constant sites
               Gap/Ambiguity  Composition  p-value
Analyzing sequences: done in 0.0159812 secs using 1326% CPU
   1  CRNC             0.00%    passed     70.71%
   2  HYZL            66.46%    passed     90.65%
   3  MYZV            72.08%    passed     97.34%
   4  SRR6441723       0.00%    passed     99.55%
   5  ERR4210213      78.12%    passed     66.50%
   6  ERR2789774       7.29%    passed     93.37%
   7  PAFTOL_019361   36.25%    passed     97.74%
   8  S0055            0.21%    passed     97.84%
   9  S0196sl         60.62%    passed     88.77%
  10  S0278            5.83%    passed     99.11%
  11  S0281            0.21%    passed     96.54%
  12  S0282            0.21%    passed     99.04%
  13  S0289            0.00%    passed     94.93%
  14  S0292            0.21%    passed     73.06%
  15  S0293            0.42%    passed     80.17%
  16  S0294            4.17%    passed     85.35%
  17  S0299            0.00%    passed     95.41%
  18  S0303            0.21%    passed     93.41%
  19  S0308            0.21%    passed     93.93%
  20  S0320            0.00%    passed     99.83%
  21  S0322            0.00%    passed     91.58%
  22  S0327            0.00%    passed     86.30%
  23  S0335            0.00%    passed     91.15%
  24  S0345           33.75%    passed     84.05%
  25  S0376            0.21%    passed     96.00%
  26  S0400            0.42%    passed     98.83%
  27  S0405            1.04%    passed     95.04%
  28  S0407sl          0.00%    passed     62.23%
  29  S0412sl          0.21%    passed     94.00%
  30  S0417            0.83%    passed     95.61%
  31  S0419            0.21%    passed     93.50%
  32  S0427            0.00%    passed     99.06%
  33  S0428sl         19.58%    passed     60.33%
  34  S0478            0.00%    passed     95.82%
  35  S0552sl          0.42%    passed     84.19%
  36  S0558            0.00%    passed     77.07%
  37  S0616            0.00%    passed     66.07%
  38  S0624            5.42%    passed     96.97%
  39  S0641            1.04%    passed     97.05%
  40  S0643            0.00%    passed     95.19%
  41  S0645sl          6.25%    passed     93.07%
  42  S0656sl          0.42%    passed     67.23%
  43  S0673            2.71%    passed     91.34%
  44  S0689            0.00%    passed     81.91%
  45  S0690           46.46%    passed     68.54%
  46  S0720            0.00%    passed     82.97%
  47  S0724sl          0.00%    passed     81.37%
  48  S0735            0.00%    passed     98.56%
  49  S0742            0.00%    passed     99.12%
  50  S0748            0.21%    passed     91.11%
  51  S0753            0.00%    passed     96.47%
  52  S0756            0.00%    passed     94.70%
  53  S0758            1.04%    passed     75.03%
  54  S0760            0.00%    passed     94.36%
  55  S0763            0.42%    passed     96.91%
  56  S0765            0.00%    passed     99.06%
  57  S0770            0.00%    passed     97.59%
  58  S0771            0.21%    passed     75.21%
  59  S0795            0.00%    passed     88.64%
  60  S0827            0.21%    passed     79.05%
  61  S0888            0.00%    passed     74.57%
  62  S0894            1.88%    passed     94.30%
  63  S0906            0.00%    passed     96.17%
  64  S0952           13.12%    passed     92.72%
  65  S0956            0.83%    passed     70.76%
  66  S0959            0.00%    passed     99.85%
  67  S0960            0.62%    passed     77.65%
  68  S0964            0.21%    passed     73.77%
  69  S1052sl         36.67%    passed     51.54%
  70  S1083            0.00%    passed     95.17%
  71  S1100            0.21%    passed     80.39%
  72  S1102            0.00%    passed     99.35%
  73  S1110            0.83%    passed     97.71%
  74  S1120            0.00%    passed     89.95%
  75  S1128            2.71%    passed     98.99%
  76  S1129sl          2.29%    passed     99.29%
  77  S1148            4.38%    passed     95.52%
  78  S1177            0.00%    passed     96.64%
  79  S1180            0.42%    passed     97.96%
  80  S1187sl         48.12%    passed     79.68%
  81  S1189            0.21%    passed     96.53%
  82  S1201sl          0.00%    passed     97.70%
  83  S1210            0.00%    passed     92.43%
  84  S1211            0.00%    passed     99.95%
  85  S1214sl          0.00%    passed     96.14%
  86  S1223            0.21%    passed     95.53%
  87  S1227            0.00%    passed     90.03%
  88  S1235sl          0.00%    passed     95.04%
  89  S1239            0.00%    passed     98.67%
  90  S1245            2.29%    passed     97.26%
  91  S1246            2.08%    passed     89.12%
  92  S1249            0.00%    passed     89.95%
  93  S1250sl          2.50%    passed     85.51%
  94  S1251            8.54%    passed     93.86%
  95  S1260            1.25%    passed     58.00%
  96  S1266sl          0.21%    passed     96.13%
  97  S1269            0.00%    passed     84.45%
  98  S1278            0.00%    passed     96.91%
  99  S1315            0.42%    passed     73.90%
 100  S1332            0.00%    passed     99.44%
 101  S1366            0.00%    passed     83.33%
 102  S1369            0.00%    passed     90.73%
 103  S1370            0.21%    passed     97.70%
 104  S1375            0.83%    passed     94.40%
 105  S1376            0.00%    passed     86.02%
 106  S1381            0.21%    passed     99.53%
 107  S1405            5.42%    passed     61.18%
 108  S1422            0.21%    passed     87.92%
 109  S1449            0.00%    passed     86.02%
 110  S1451            0.00%    passed     98.85%
 111  S1460            0.21%    passed     97.15%
 112  S1462            0.21%    passed     97.52%
 113  S1475            6.25%    passed     92.03%
 114  S1498            0.00%    passed     90.46%
 115  S1539            0.00%    passed     90.21%
 116  S_670            0.00%    passed     96.52%
 117  SRR11470320      0.00%    passed     95.35%
 118  SRR8528357       0.00%    passed     92.54%
WARNING: 4 sequences contain more than 50% gaps/ambiguity
****  TOTAL            5.06%  0 sequences failed composition chi2 test (p-value<5%; df=3)
Checking for duplicate sequences: done in 0.01931 secs using 1295% CPU

Create initial parsimony tree by phylogenetic likelihood library (PLL)... 0.067 seconds

NOTE: 6 MB RAM (0 GB) is required!
Measuring multi-threading efficiency up to 56 CPU cores
Increase to 10 rounds for branch lengths
285 trees examined
Threads: 1 / Time: 56.200 sec / Speedup: 1.000 / Efficiency: 100% / LogL: -12572
Threads: 2 / Time: 79.113 sec / Speedup: 0.710 / Efficiency: 36% / LogL: -12572
Determining AUTO threadcount: done in 135.315 secs using 126.2% CPU
BEST NUMBER OF THREADS: 1

Estimate model parameters (epsilon = 0.100)
1. Initial log-likelihood: -8083.684
2. Current log-likelihood: -7716.091
3. Current log-likelihood: -7704.286
4. Current log-likelihood: -7701.071
5. Current log-likelihood: -7698.778
6. Current log-likelihood: -7694.733
7. Current log-likelihood: -7682.713
8. Current log-likelihood: -7675.407
9. Current log-likelihood: -7671.446
10. Current log-likelihood: -7669.282
11. Current log-likelihood: -7667.878
12. Current log-likelihood: -7666.865
13. Current log-likelihood: -7666.052
14. Current log-likelihood: -7665.382
15. Current log-likelihood: -7664.823
16. Current log-likelihood: -7664.351
17. Current log-likelihood: -7663.953
18. Current log-likelihood: -7663.618
19. Current log-likelihood: -7663.332
20. Current log-likelihood: -7663.086
21. Current log-likelihood: -7662.937
22. Current log-likelihood: -7662.797
23. Current log-likelihood: -7662.670
24. Current log-likelihood: -7662.554
25. Current log-likelihood: -7662.449
Optimal log-likelihood: -7662.296
Rate parameters:  A-C: 1.88853  A-G: 3.56898  A-T: 1.48881  C-G: 1.50777  C-T: 6.26202  G-T: 1.00000
Base frequencies:  A: 0.291  C: 0.187  G: 0.259  T: 0.263
Site proportion and rates:  (0.535,0.127) (0.298,1.020) (0.150,2.971) (0.017,10.672)
Parameters optimization took 25 rounds (8.808 sec)
Wrote distance file to... 
Computing ML distances based on estimated model parameters...
Calculating distance matrix: done in 0.247554 secs using 54.63% CPU
Computing ML distances took 0.248037 sec (of wall-clock time) 0.135736 sec (of CPU time)
Setting up auxiliary I and S matrices: done in 0.000993967 secs using 99.9% CPU
Constructing RapidNJ tree: done in 0.00237203 secs using 269.1% CPU
Computing RapidNJ tree took 0.003561 sec (of wall-clock time) 0.007570 sec (of CPU time)
Log-likelihood of RapidNJ tree: -7766.179
--------------------------------------------------------------------
|             INITIALIZING CANDIDATE TREE SET                      |
--------------------------------------------------------------------
Generating 98 parsimony trees... 3.069 second
Computing log-likelihood of 98 initial trees ... 2.790 seconds
Current best score: -7650.358

Do NNI search on 20 best initial trees
Optimizing NNI: done in 0.44417 secs using 73.32% CPU
Estimate model parameters (epsilon = 0.100)
BETTER TREE FOUND at iteration 1: -7622.684
Optimizing NNI: done in 0.708483 secs using 61.91% CPU
Estimate model parameters (epsilon = 0.100)
BETTER TREE FOUND at iteration 2: -7622.242
Optimizing NNI: done in 0.452298 secs using 89.39% CPU
Optimizing NNI: done in 0.716593 secs using 58.85% CPU
Optimizing NNI: done in 0.425006 secs using 85.48% CPU
Optimizing NNI: done in 0.35585 secs using 100% CPU
Optimizing NNI: done in 0.41975 secs using 100% CPU
Optimizing NNI: done in 0.374556 secs using 100% CPU
Optimizing NNI: done in 0.479264 secs using 83.61% CPU
Optimizing NNI: done in 0.414306 secs using 91.44% CPU
Iteration 10 / LogL: -7635.287 / Time: 0h:2m:36s
Optimizing NNI: done in 0.460503 secs using 61.67% CPU
Optimizing NNI: done in 0.482003 secs using 84.25% CPU
Optimizing NNI: done in 0.380097 secs using 89.54% CPU
Optimizing NNI: done in 0.387084 secs using 100% CPU
Optimizing NNI: done in 0.312067 secs using 100% CPU
Optimizing NNI: done in 0.436252 secs using 92.66% CPU
Optimizing NNI: done in 0.522391 secs using 77.43% CPU
Optimizing NNI: done in 0.429571 secs using 87.89% CPU
Optimizing NNI: done in 0.320852 secs using 100% CPU
Optimizing NNI: done in 0.362918 secs using 99.76% CPU
Iteration 20 / LogL: -7633.362 / Time: 0h:2m:40s
Finish initializing candidate tree set (20)
Current best tree score: -7622.242 / CPU time: 16.153
Number of iterations: 20
--------------------------------------------------------------------
|               OPTIMIZING CANDIDATE TREE SET                      |
--------------------------------------------------------------------
Optimizing NNI: done in 0.483495 secs using 93.18% CPU
Optimizing NNI: done in 0.449037 secs using 99.64% CPU
Estimate model parameters (epsilon = 0.100)
BETTER TREE FOUND at iteration 22: -7619.910
Optimizing NNI: done in 0.546861 secs using 93.71% CPU
Optimizing NNI: done in 0.406909 secs using 100% CPU
Optimizing NNI: done in 0.637599 secs using 100% CPU
Optimizing NNI: done in 0.464405 secs using 100% CPU
Optimizing NNI: done in 0.613187 secs using 89.34% CPU
Optimizing NNI: done in 0.558644 secs using 99.87% CPU
Optimizing NNI: done in 0.533053 secs using 100% CPU
Optimizing NNI: done in 0.547152 secs using 90.67% CPU
Iteration 30 / LogL: -7621.990 / Time: 0h:2m:46s (0h:8m:48s left)
Optimizing NNI: done in 0.50984 secs using 100% CPU
Optimizing NNI: done in 0.604367 secs using 83.82% CPU
Optimizing NNI: done in 0.528491 secs using 93.9% CPU
Estimate model parameters (epsilon = 0.100)
BETTER TREE FOUND at iteration 33: -7619.013
Optimizing NNI: done in 0.637476 secs using 91.17% CPU
Optimizing NNI: done in 0.539452 secs using 93.4% CPU
BETTER TREE FOUND at iteration 35: -7619.005
Optimizing NNI: done in 0.632868 secs using 99.98% CPU
BETTER TREE FOUND at iteration 36: -7619.005
Optimizing NNI: done in 0.513618 secs using 88.04% CPU
Optimizing NNI: done in 0.674263 secs using 83.99% CPU
Estimate model parameters (epsilon = 0.100)
BETTER TREE FOUND at iteration 38: -7618.172
Optimizing NNI: done in 0.517369 secs using 96.91% CPU
Optimizing NNI: done in 0.529724 secs using 95.31% CPU
Iteration 40 / LogL: -7619.621 / Time: 0h:2m:53s (0h:7m:15s left)
Optimizing NNI: done in 0.560677 secs using 100% CPU
Optimizing NNI: done in 0.533879 secs using 100% CPU
Optimizing NNI: done in 0.520458 secs using 100% CPU
Optimizing NNI: done in 0.699381 secs using 86.27% CPU
Optimizing NNI: done in 0.483349 secs using 80.14% CPU
Optimizing NNI: done in 0.577441 secs using 77.83% CPU
Optimizing NNI: done in 0.693153 secs using 67.32% CPU
Estimate model parameters (epsilon = 0.100)
BETTER TREE FOUND at iteration 47: -7616.633
Optimizing NNI: done in 1.12998 secs using 50.43% CPU
Optimizing NNI: done in 0.526472 secs using 84.79% CPU
Optimizing NNI: done in 0.451624 secs using 100% CPU
Iteration 50 / LogL: -7617.800 / Time: 0h:3m:0s (0h:5m:57s left)
Optimizing NNI: done in 0.571428 secs using 94.24% CPU
Optimizing NNI: done in 0.458541 secs using 93.01% CPU
Optimizing NNI: done in 0.532517 secs using 100% CPU
Optimizing NNI: done in 0.459373 secs using 100% CPU
Optimizing NNI: done in 0.581787 secs using 78.04% CPU
Optimizing NNI: done in 0.519103 secs using 93.84% CPU
Optimizing NNI: done in 0.664311 secs using 85.54% CPU
Optimizing NNI: done in 0.446891 secs using 100% CPU
Optimizing NNI: done in 0.644299 secs using 91.27% CPU
Optimizing NNI: done in 0.613986 secs using 84.69% CPU
Iteration 60 / LogL: -7618.257 / Time: 0h:3m:6s (0h:4m:34s left)
Optimizing NNI: done in 0.483972 secs using 99.99% CPU
Optimizing NNI: done in 0.380411 secs using 100% CPU
Optimizing NNI: done in 0.364121 secs using 100% CPU
Optimizing NNI: done in 0.39042 secs using 100% CPU
Optimizing NNI: done in 0.839746 secs using 61.9% CPU
Optimizing NNI: done in 0.805008 secs using 74.62% CPU
Optimizing NNI: done in 0.511269 secs using 100% CPU
Estimate model parameters (epsilon = 0.100)
BETTER TREE FOUND at iteration 67: -7615.981
Optimizing NNI: done in 0.556989 secs using 89.85% CPU
Estimate model parameters (epsilon = 0.100)
BETTER TREE FOUND at iteration 68: -7615.569
Optimizing NNI: done in 0.666447 secs using 66.92% CPU
Optimizing NNI: done in 0.496426 secs using 83.86% CPU
Iteration 70 / LogL: -7617.402 / Time: 0h:3m:12s (0h:4m:33s left)
Optimizing NNI: done in 0.455688 secs using 99.12% CPU
Optimizing NNI: done in 0.443549 secs using 96.39% CPU
BETTER TREE FOUND at iteration 72: -7615.566
Optimizing NNI: done in 0.554271 secs using 97.11% CPU
Estimate model parameters (epsilon = 0.100)
BETTER TREE FOUND at iteration 73: -7614.938
Optimizing NNI: done in 0.558715 secs using 99.96% CPU
Optimizing NNI: done in 0.455975 secs using 87.94% CPU
Optimizing NNI: done in 0.379666 secs using 99.96% CPU
Optimizing NNI: done in 0.7404 secs using 71.38% CPU
Optimizing NNI: done in 0.566166 secs using 89.15% CPU
Optimizing NNI: done in 0.55707 secs using 100% CPU
Optimizing NNI: done in 0.466848 secs using 100% CPU
Iteration 80 / LogL: -7616.778 / Time: 0h:3m:18s (0h:3m:53s left)
Optimizing NNI: done in 0.469286 secs using 100% CPU
Optimizing NNI: done in 0.510995 secs using 100% CPU
Optimizing NNI: done in 0.592176 secs using 100% CPU
Optimizing NNI: done in 0.46355 secs using 100% CPU
Optimizing NNI: done in 0.537187 secs using 88.09% CPU
Optimizing NNI: done in 0.570799 secs using 81.78% CPU
Optimizing NNI: done in 0.504435 secs using 99.99% CPU
Optimizing NNI: done in 0.433881 secs using 100% CPU
Optimizing NNI: done in 0.578256 secs using 100% CPU
Optimizing NNI: done in 0.481149 secs using 100% CPU
Iteration 90 / LogL: -7638.338 / Time: 0h:3m:23s (0h:3m:9s left)
Optimizing NNI: done in 0.461936 secs using 99.98% CPU
Optimizing NNI: done in 0.539921 secs using 99.31% CPU
Optimizing NNI: done in 0.543872 secs using 99.25% CPU
Estimate model parameters (epsilon = 0.100)
BETTER TREE FOUND at iteration 93: -7614.263
Optimizing NNI: done in 0.498274 secs using 99.97% CPU
Optimizing NNI: done in 0.483419 secs using 100% CPU
Optimizing NNI: done in 0.475705 secs using 100% CPU
Optimizing NNI: done in 0.519003 secs using 100% CPU
Optimizing NNI: done in 0.464803 secs using 99.99% CPU
Optimizing NNI: done in 0.519069 secs using 100% CPU
Optimizing NNI: done in 0.420111 secs using 100% CPU
Iteration 100 / LogL: -7619.865 / Time: 0h:3m:28s (0h:3m:16s left)
Optimizing NNI: done in 0.511435 secs using 100% CPU
Optimizing NNI: done in 0.541646 secs using 99.99% CPU
BETTER TREE FOUND at iteration 102: -7614.261
Optimizing NNI: done in 0.600865 secs using 99.98% CPU
Optimizing NNI: done in 0.587332 secs using 100% CPU
Optimizing NNI: done in 0.656943 secs using 99.99% CPU
Optimizing NNI: done in 0.506997 secs using 100% CPU
Optimizing NNI: done in 0.598916 secs using 100% CPU
Optimizing NNI: done in 0.499047 secs using 100% CPU
Optimizing NNI: done in 0.521576 secs using 99.22% CPU
Optimizing NNI: done in 0.506425 secs using 100% CPU
Iteration 110 / LogL: -7617.462 / Time: 0h:3m:34s (0h:3m:0s left)
Optimizing NNI: done in 0.548807 secs using 100% CPU
Optimizing NNI: done in 0.47012 secs using 100% CPU
Optimizing NNI: done in 0.444848 secs using 99.98% CPU
Optimizing NNI: done in 0.462756 secs using 100% CPU
Optimizing NNI: done in 0.555055 secs using 100% CPU
Optimizing NNI: done in 0.834 secs using 76.02% CPU
Optimizing NNI: done in 0.439632 secs using 99.99% CPU
Optimizing NNI: done in 0.44927 secs using 100% CPU
Optimizing NNI: done in 0.46358 secs using 100% CPU
Optimizing NNI: done in 0.398424 secs using 100% CPU
Iteration 120 / LogL: -7618.208 / Time: 0h:3m:39s (0h:2m:31s left)
Optimizing NNI: done in 0.561266 secs using 99.99% CPU
Optimizing NNI: done in 0.500483 secs using 99.2% CPU
Optimizing NNI: done in 0.538631 secs using 100% CPU
Optimizing NNI: done in 0.583333 secs using 87.66% CPU
Optimizing NNI: done in 0.429102 secs using 99.99% CPU
Optimizing NNI: done in 0.556366 secs using 85.62% CPU
Optimizing NNI: done in 0.575199 secs using 100% CPU
Optimizing NNI: done in 0.504599 secs using 100% CPU
Optimizing NNI: done in 0.578288 secs using 100% CPU
Optimizing NNI: done in 0.621985 secs using 99.36% CPU
Iteration 130 / LogL: -7617.492 / Time: 0h:3m:45s (0h:2m:5s left)
Optimizing NNI: done in 0.494006 secs using 100% CPU
Optimizing NNI: done in 0.494669 secs using 100% CPU
Optimizing NNI: done in 0.404649 secs using 100% CPU
Optimizing NNI: done in 0.461115 secs using 99.99% CPU
Optimizing NNI: done in 0.490182 secs using 100% CPU
Optimizing NNI: done in 0.538151 secs using 100% CPU
Optimizing NNI: done in 0.43116 secs using 99.99% CPU
Optimizing NNI: done in 0.523216 secs using 100% CPU
Optimizing NNI: done in 0.463554 secs using 100% CPU
Optimizing NNI: done in 0.485992 secs using 100% CPU
Iteration 140 / LogL: -7614.263 / Time: 0h:3m:50s (0h:1m:42s left)
Optimizing NNI: done in 0.506599 secs using 100% CPU
Optimizing NNI: done in 0.551572 secs using 100% CPU
Optimizing NNI: done in 0.465022 secs using 100% CPU
BETTER TREE FOUND at iteration 143: -7614.260
Optimizing NNI: done in 0.571653 secs using 99.96% CPU
Optimizing NNI: done in 0.527217 secs using 100% CPU
Optimizing NNI: done in 0.444566 secs using 100% CPU
Optimizing NNI: done in 0.647632 secs using 100% CPU
Optimizing NNI: done in 0.537684 secs using 98.51% CPU
Optimizing NNI: done in 0.549803 secs using 99.99% CPU
Optimizing NNI: done in 0.514222 secs using 100% CPU
Iteration 150 / LogL: -7616.681 / Time: 0h:3m:55s (0h:2m:26s left)
Optimizing NNI: done in 0.50537 secs using 100% CPU
Optimizing NNI: done in 0.542994 secs using 100% CPU
Optimizing NNI: done in 0.511063 secs using 99.87% CPU
BETTER TREE FOUND at iteration 153: -7614.260
Optimizing NNI: done in 0.630873 secs using 99.98% CPU
Optimizing NNI: done in 0.537376 secs using 99.26% CPU
Optimizing NNI: done in 0.531863 secs using 100% CPU
Optimizing NNI: done in 0.634401 secs using 99.99% CPU
Optimizing NNI: done in 0.537133 secs using 100% CPU
Optimizing NNI: done in 0.579451 secs using 100% CPU
Optimizing NNI: done in 0.436542 secs using 100% CPU
BETTER TREE FOUND at iteration 160: -7614.260
Iteration 160 / LogL: -7614.260 / Time: 0h:4m:1s (0h:2m:31s left)
Optimizing NNI: done in 0.384278 secs using 99.97% CPU
Optimizing NNI: done in 0.510611 secs using 92.16% CPU
Optimizing NNI: done in 0.428327 secs using 100% CPU
Optimizing NNI: done in 0.440004 secs using 100% CPU
Optimizing NNI: done in 0.717704 secs using 86.1% CPU
Optimizing NNI: done in 0.562069 secs using 100% CPU
Optimizing NNI: done in 0.516913 secs using 96.9% CPU
Optimizing NNI: done in 0.539131 secs using 100% CPU
Optimizing NNI: done in 0.537722 secs using 99.99% CPU
Optimizing NNI: done in 0.572833 secs using 90.93% CPU
Iteration 170 / LogL: -7615.801 / Time: 0h:4m:6s (0h:2m:11s left)
Optimizing NNI: done in 0.51149 secs using 99.99% CPU
Optimizing NNI: done in 0.53515 secs using 100% CPU
Optimizing NNI: done in 0.513239 secs using 100% CPU
Optimizing NNI: done in 0.568309 secs using 100% CPU
Optimizing NNI: done in 0.567554 secs using 100% CPU
Optimizing NNI: done in 0.430726 secs using 100% CPU
Optimizing NNI: done in 0.456588 secs using 100% CPU
Optimizing NNI: done in 0.569617 secs using 100% CPU
Optimizing NNI: done in 0.599335 secs using 90.28% CPU
Optimizing NNI: done in 0.473854 secs using 88.05% CPU
Iteration 180 / LogL: -7614.262 / Time: 0h:4m:11s (0h:1m:52s left)
Optimizing NNI: done in 0.445055 secs using 100% CPU
Optimizing NNI: done in 0.622309 secs using 89.71% CPU
Optimizing NNI: done in 0.706824 secs using 62.56% CPU
Optimizing NNI: done in 0.402069 secs using 100% CPU
Optimizing NNI: done in 0.599187 secs using 82.79% CPU
Optimizing NNI: done in 0.559218 secs using 99.3% CPU
Optimizing NNI: done in 0.496159 secs using 99.98% CPU
Optimizing NNI: done in 0.534068 secs using 100% CPU
Optimizing NNI: done in 0.549553 secs using 100% CPU
Optimizing NNI: done in 0.489047 secs using 91.8% CPU
Iteration 190 / LogL: -7617.620 / Time: 0h:4m:17s (0h:1m:35s left)
Optimizing NNI: done in 0.686814 secs using 74.79% CPU
Optimizing NNI: done in 0.607774 secs using 98.52% CPU
Optimizing NNI: done in 0.634007 secs using 90.52% CPU
Optimizing NNI: done in 0.432816 secs using 92.48% CPU
Optimizing NNI: done in 0.592274 secs using 83.11% CPU
Optimizing NNI: done in 0.537055 secs using 100% CPU
Optimizing NNI: done in 0.544845 secs using 99.72% CPU
Optimizing NNI: done in 0.706724 secs using 78.9% CPU
Optimizing NNI: done in 0.635751 secs using 85.37% CPU
Optimizing NNI: done in 0.500876 secs using 81.76% CPU
Iteration 200 / LogL: -7615.883 / Time: 0h:4m:23s (0h:1m:19s left)
Optimizing NNI: done in 0.47972 secs using 100% CPU
Optimizing NNI: done in 0.482119 secs using 98.7% CPU
Optimizing NNI: done in 0.584621 secs using 91.49% CPU
Optimizing NNI: done in 0.589609 secs using 99.51% CPU
Optimizing NNI: done in 0.584838 secs using 78.03% CPU
BETTER TREE FOUND at iteration 205: -7614.260
Optimizing NNI: done in 0.721565 secs using 67.39% CPU
Optimizing NNI: done in 0.725195 secs using 71.32% CPU
Optimizing NNI: done in 0.448134 secs using 94.67% CPU
Optimizing NNI: done in 0.659295 secs using 73.98% CPU
Optimizing NNI: done in 0.911812 secs using 52.63% CPU
Iteration 210 / LogL: -7621.728 / Time: 0h:4m:29s (0h:2m:2s left)
Optimizing NNI: done in 0.787831 secs using 67.02% CPU
Optimizing NNI: done in 0.599803 secs using 73.31% CPU
Optimizing NNI: done in 0.498712 secs using 100% CPU
Optimizing NNI: done in 0.725003 secs using 69.65% CPU
Optimizing NNI: done in 0.676131 secs using 79.2% CPU
Optimizing NNI: done in 0.451843 secs using 99.46% CPU
Optimizing NNI: done in 0.504931 secs using 93.79% CPU
Optimizing NNI: done in 0.444359 secs using 100% CPU
Optimizing NNI: done in 0.508914 secs using 87.45% CPU
Optimizing NNI: done in 0.486317 secs using 100% CPU
Iteration 220 / LogL: -7614.885 / Time: 0h:4m:35s (0h:1m:46s left)
Optimizing NNI: done in 0.717837 secs using 59.88% CPU
Optimizing NNI: done in 0.801287 secs using 58.06% CPU
Optimizing NNI: done in 0.835247 secs using 57.86% CPU
Optimizing NNI: done in 0.734155 secs using 75.13% CPU
Optimizing NNI: done in 0.548491 secs using 100% CPU
Optimizing NNI: done in 0.46601 secs using 100% CPU
Optimizing NNI: done in 0.585585 secs using 95.9% CPU
Optimizing NNI: done in 0.608725 secs using 100% CPU
Optimizing NNI: done in 0.463043 secs using 100% CPU
Optimizing NNI: done in 0.604986 secs using 100% CPU
Iteration 230 / LogL: -7620.119 / Time: 0h:4m:41s (0h:1m:32s left)
Optimizing NNI: done in 0.55916 secs using 100% CPU
Optimizing NNI: done in 0.461978 secs using 100% CPU
Optimizing NNI: done in 0.541514 secs using 100% CPU
Optimizing NNI: done in 0.610311 secs using 100% CPU
Optimizing NNI: done in 0.444599 secs using 100% CPU
Optimizing NNI: done in 0.495913 secs using 99.86% CPU
Optimizing NNI: done in 0.50806 secs using 99.77% CPU
Optimizing NNI: done in 0.521002 secs using 99.75% CPU
Optimizing NNI: done in 0.584752 secs using 100% CPU
Optimizing NNI: done in 0.442011 secs using 100% CPU
Iteration 240 / LogL: -7616.926 / Time: 0h:4m:47s (0h:1m:18s left)
Optimizing NNI: done in 0.424883 secs using 99.06% CPU
Optimizing NNI: done in 0.48748 secs using 100% CPU
Optimizing NNI: done in 0.527574 secs using 99.24% CPU
Optimizing NNI: done in 0.439238 secs using 99.99% CPU
Optimizing NNI: done in 0.524829 secs using 96.19% CPU
Optimizing NNI: done in 0.445629 secs using 100% CPU
Optimizing NNI: done in 0.444015 secs using 100% CPU
Optimizing NNI: done in 0.422805 secs using 99.99% CPU
Optimizing NNI: done in 0.496524 secs using 99.2% CPU
Optimizing NNI: done in 0.59125 secs using 100% CPU
Iteration 250 / LogL: -7619.746 / Time: 0h:4m:52s (0h:1m:4s left)
Optimizing NNI: done in 0.506046 secs using 99.98% CPU
Optimizing NNI: done in 0.527688 secs using 100% CPU
Optimizing NNI: done in 0.581691 secs using 100% CPU
Optimizing NNI: done in 0.579327 secs using 99.95% CPU
Optimizing NNI: done in 0.570227 secs using 99.97% CPU
Optimizing NNI: done in 0.568949 secs using 100% CPU
Optimizing NNI: done in 0.609536 secs using 100% CPU
Optimizing NNI: done in 0.542653 secs using 99.99% CPU
Optimizing NNI: done in 0.570781 secs using 100% CPU
Optimizing NNI: done in 0.6515 secs using 95.09% CPU
Iteration 260 / LogL: -7618.103 / Time: 0h:4m:57s (0h:0m:51s left)
Optimizing NNI: done in 0.489045 secs using 93.45% CPU
Optimizing NNI: done in 0.719519 secs using 99.91% CPU
Optimizing NNI: done in 0.464017 secs using 99.99% CPU
Optimizing NNI: done in 0.95 secs using 56.2% CPU
Optimizing NNI: done in 0.845282 secs using 53.23% CPU
Optimizing NNI: done in 1.36037 secs using 33.42% CPU
Optimizing NNI: done in 1.28708 secs using 33.28% CPU
Optimizing NNI: done in 0.899186 secs using 66.5% CPU
Optimizing NNI: done in 0.487551 secs using 98.32% CPU
Optimizing NNI: done in 0.483428 secs using 99.97% CPU
Iteration 270 / LogL: -7620.529 / Time: 0h:5m:6s (0h:0m:39s left)
Optimizing NNI: done in 0.383951 secs using 99.98% CPU
Optimizing NNI: done in 0.580008 secs using 100% CPU
Optimizing NNI: done in 0.574961 secs using 99.99% CPU
Optimizing NNI: done in 0.493097 secs using 100% CPU
Optimizing NNI: done in 0.486077 secs using 99.99% CPU
Optimizing NNI: done in 0.513631 secs using 99.99% CPU
Optimizing NNI: done in 0.457355 secs using 100% CPU
Optimizing NNI: done in 0.504419 secs using 99.99% CPU
Optimizing NNI: done in 0.488338 secs using 99.18% CPU
Optimizing NNI: done in 0.506983 secs using 100% CPU
Iteration 280 / LogL: -7630.520 / Time: 0h:5m:11s (0h:0m:27s left)
Optimizing NNI: done in 0.555426 secs using 100% CPU
Optimizing NNI: done in 0.480416 secs using 99.96% CPU
Optimizing NNI: done in 0.581194 secs using 99.99% CPU
Optimizing NNI: done in 0.672898 secs using 99.65% CPU
Optimizing NNI: done in 0.46661 secs using 99.69% CPU
Optimizing NNI: done in 0.502725 secs using 100% CPU
Optimizing NNI: done in 0.665391 secs using 100% CPU
Optimizing NNI: done in 0.514355 secs using 100% CPU
Optimizing NNI: done in 0.652672 secs using 100% CPU
Optimizing NNI: done in 0.500215 secs using 99.97% CPU
Iteration 290 / LogL: -7616.293 / Time: 0h:5m:16s (0h:0m:16s left)
Optimizing NNI: done in 0.635981 secs using 99.98% CPU
Optimizing NNI: done in 0.558975 secs using 100% CPU
Optimizing NNI: done in 0.505253 secs using 100% CPU
Optimizing NNI: done in 0.412561 secs using 100% CPU
Optimizing NNI: done in 0.549374 secs using 99.26% CPU
Optimizing NNI: done in 0.697565 secs using 99.99% CPU
Optimizing NNI: done in 0.567154 secs using 100% CPU
Optimizing NNI: done in 0.594068 secs using 99.99% CPU
Optimizing NNI: done in 0.62011 secs using 100% CPU
Optimizing NNI: done in 0.477979 secs using 99.99% CPU
Iteration 300 / LogL: -7614.262 / Time: 0h:5m:22s (0h:0m:5s left)
Optimizing NNI: done in 0.585299 secs using 100% CPU
Optimizing NNI: done in 0.476407 secs using 99.99% CPU
Optimizing NNI: done in 0.51125 secs using 99.99% CPU
Optimizing NNI: done in 0.500263 secs using 100% CPU
Optimizing NNI: done in 0.529458 secs using 88.67% CPU
UPDATE BEST LOG-LIKELIHOOD: -7614.260
Optimizing NNI: done in 0.54176 secs using 99.96% CPU
TREE SEARCH COMPLETED AFTER 306 ITERATIONS / Time: 0h:5m:25s

--------------------------------------------------------------------
|                    FINALIZING TREE SEARCH                        |
--------------------------------------------------------------------
Performs final model parameters optimization
Estimate model parameters (epsilon = 0.010)
1. Initial log-likelihood: -7614.260
2. Current log-likelihood: -7614.241
3. Current log-likelihood: -7614.215
4. Current log-likelihood: -7614.190
5. Current log-likelihood: -7614.167
6. Current log-likelihood: -7614.152
7. Current log-likelihood: -7614.138
8. Current log-likelihood: -7614.125
9. Current log-likelihood: -7614.113
10. Current log-likelihood: -7614.101
11. Current log-likelihood: -7614.090
12. Current log-likelihood: -7614.080
Optimal log-likelihood: -7614.064
Rate parameters:  A-C: 1.90758  A-G: 3.55878  A-T: 1.47981  C-G: 1.48110  C-T: 6.55403  G-T: 1.00000
Base frequencies:  A: 0.291  C: 0.187  G: 0.259  T: 0.263
Site proportion and rates:  (0.500,0.100) (0.327,0.909) (0.154,2.888) (0.019,10.801)
Parameters optimization took 12 rounds (2.408 sec)
BEST SCORE FOUND : -7614.064
Total tree length: 4.050

Total number of iterations: 306
CPU time used for tree search: 164.865 sec (0h:2m:44s)
Wall-clock time used for tree search: 181.057 sec (0h:3m:1s)
Total CPU time used: 346.577 sec (0h:5m:46s)
Total wall-clock time used: 328.232 sec (0h:5m:28s)

Analysis results written to: 
  IQ-TREE report:                5980_iqtree_preliminary_superstrict_excluding_hybrids.iqtree
  Maximum-likelihood tree:       5980_iqtree_preliminary_superstrict_excluding_hybrids.treefile
  Likelihood distances:          5980_iqtree_preliminary_superstrict_excluding_hybrids.mldist
  Screen log file:               5980_iqtree_preliminary_superstrict_excluding_hybrids.log

ALISIM COMMAND
--------------
--alisim simulated_MSA -t 5980_iqtree_preliminary_superstrict_excluding_hybrids.treefile -m "GTR{1.90758,3.55878,1.47981,1.4811,6.55403}+F{0.290669,0.187055,0.258971,0.263305}+R4{0.499518,0.100344,0.327165,0.909261,0.154128,2.88811,0.0191895,10.8007}" --length 480

Date and Time: Fri Jun  2 08:11:12 2023
