IQ-TREE multicore version 2.2.2 COVID-edition for Linux 64-bit built Sep 20 2022
Developed by Bui Quang Minh, James Barbetti, Nguyen Lam Tung,
Olga Chernomor, Heiko Schmidt, Dominik Schrempf, Michael Woodhams, Ly Trong Nhan.

Host:    netdc-bms-c11f (AVX2, FMA3, 377 GB RAM)
Command: /home/kasper.hendriks/iqtree-2.2.2-Linux/bin/iqtree2 -s 5G07590_taper_preliminary_superstrict_excluding_hybrids.fasta -nm 1000 -m GTR+F+R -nt AUTO --prefix 5G07590_iqtree_preliminary_superstrict_excluding_hybrids
Seed:    333626 (Using SPRNG - Scalable Parallel Random Number Generator)
Time:    Fri Jun  2 08:05:56 2023
Kernel:  AVX+FMA - auto-detect threads (56 CPU cores detected)

Reading alignment file 5G07590_taper_preliminary_superstrict_excluding_hybrids.fasta ... Fasta format detected
Reading fasta file: done in 0.00225782 secs using 99.87% CPU
Alignment most likely contains DNA/RNA sequences
Constructing alignment: done in 0.00476193 secs using 1707% CPU
Alignment has 133 sequences with 711 columns, 396 distinct patterns
225 parsimony-informative, 67 singleton sites, 418 constant sites
               Gap/Ambiguity  Composition  p-value
Analyzing sequences: done in 0.000314951 secs using 1630% CPU
   1  PAFTOL_019361    0.00%    passed     55.74%
   2  S0055            0.00%    passed     99.24%
   3  S0196sl         73.00%    passed     56.51%
   4  S0278            0.00%    passed     83.43%
   5  S0281            0.00%    passed     77.82%
   6  S0282            0.84%    passed     99.88%
   7  S0288           41.21%    passed     21.10%
   8  S0289            0.56%    passed     94.81%
   9  S0292            0.70%    passed     64.69%
  10  S0293           60.90%    passed     54.68%
  11  S0294            0.28%    passed     98.41%
  12  S0299           12.80%    passed     77.64%
  13  S0303            0.00%    passed     50.76%
  14  S0308            0.00%    passed     79.05%
  15  S0320            0.00%    passed     93.10%
  16  S0322            0.00%    passed     56.05%
  17  S0327            0.00%    passed     97.37%
  18  S0335            0.00%    passed     73.23%
  19  S0345           71.31%    passed     88.76%
  20  S0355            0.14%    passed     57.44%
  21  S0376            0.70%    passed     78.93%
  22  S0400            0.00%    passed     99.83%
  23  S0405            0.14%    passed     99.91%
  24  S0412sl          0.42%    passed     98.74%
  25  S0417            0.28%    passed     98.03%
  26  S0419            0.14%    passed     87.35%
  27  S0427            0.00%    passed     69.99%
  28  S0430            0.70%    passed     60.16%
  29  S0478            0.00%    passed     99.59%
  30  S0552sl          0.56%    passed     85.22%
  31  S0558            0.00%    passed     99.17%
  32  S0616            0.14%    passed     24.88%
  33  S0620            0.00%    passed     55.58%
  34  S0624            0.00%    passed     96.57%
  35  S0641            0.00%    passed     91.80%
  36  S0643            1.27%    passed     99.33%
  37  S0645sl          0.28%    passed     73.11%
  38  S0656sl          1.83%    passed     97.91%
  39  S0673            0.00%    passed     95.61%
  40  S0689            0.28%    passed     99.11%
  41  S0690           13.78%    passed     85.24%
  42  S0720            1.41%    passed     96.68%
  43  S0724sl          0.00%    passed     52.89%
  44  S0735            0.14%    passed     92.49%
  45  S0742            0.00%    passed     92.52%
  46  S0748            0.56%    passed     54.73%
  47  S0756            0.00%    passed     99.91%
  48  S0758           28.83%    passed     72.91%
  49  S0760            0.00%    passed     91.34%
  50  S0763            0.14%    passed     99.90%
  51  S0765            0.00%    passed     85.69%
  52  S0770            0.00%    passed     85.69%
  53  S0771            0.00%    passed     85.46%
  54  S0795            3.38%    passed     90.41%
  55  S0827            0.00%    passed     97.66%
  56  S0888            2.25%    passed     42.87%
  57  S0894            0.28%    passed     93.77%
  58  S0899            1.27%    passed     99.06%
  59  S0906            0.00%    passed     80.36%
  60  S0951            2.53%    passed     95.79%
  61  S0952            1.69%    passed     88.63%
  62  S0956            0.98%    passed     88.23%
  63  S0959            0.00%    passed     94.50%
  64  S0960            0.14%    passed     85.70%
  65  S0964            0.14%    passed     88.73%
  66  S1052sl          9.00%    passed     99.83%
  67  S1083            0.00%    passed     47.99%
  68  S1100            0.00%    passed     74.69%
  69  S1102            0.00%    passed     89.80%
  70  S1110            0.00%    passed     37.64%
  71  S1120            2.25%    passed     55.77%
  72  S1128            0.42%    passed     97.01%
  73  S1129sl          1.41%    passed     98.77%
  74  S1148            0.14%    passed     78.72%
  75  S1177            0.00%    passed     85.01%
  76  S1180            0.28%    passed     86.24%
  77  S1187sl         71.31%    passed     63.45%
  78  S1189            0.28%    passed     75.80%
  79  S1201sl          0.00%    passed     82.02%
  80  S1210            0.00%    passed     39.02%
  81  S1211            0.00%    passed     79.95%
  82  S1214sl          0.00%    passed     81.57%
  83  S1223            0.14%    passed     81.57%
  84  S1227            1.69%    passed     99.19%
  85  S1235sl          0.00%    passed     98.22%
  86  S1238sl          0.00%    passed     84.17%
  87  S1239            0.00%    passed     96.98%
  88  S1245            0.00%    passed     95.61%
  89  S1246            0.98%    passed     92.06%
  90  S1249            0.28%    passed     63.92%
  91  S1250sl          0.00%    passed     98.19%
  92  S1251            0.00%    passed     65.85%
  93  S1260            3.09%    passed     31.16%
  94  S1266sl          0.00%    passed     58.35%
  95  S1269            0.56%    passed     72.92%
  96  S1278            0.00%    passed     99.50%
  97  S1315            1.55%    passed     16.88%
  98  S1332            0.00%    passed     93.01%
  99  S1366            0.28%    passed     68.45%
 100  S1369            0.00%    passed     99.98%
 101  S1370            0.14%    passed     98.97%
 102  S1375            0.42%    passed     94.45%
 103  S1376            1.69%    passed     78.02%
 104  S1381            0.42%    passed     87.67%
 105  S1405            0.28%    passed     98.40%
 106  S1422            0.14%    passed     59.05%
 107  S1449            0.42%    passed     56.47%
 108  S1451            0.14%    passed     96.38%
 109  S1460            0.14%    passed     95.06%
 110  S1462            0.00%    passed     89.02%
 111  S1475            0.14%    passed     99.31%
 112  S1498            0.00%    passed     48.16%
 113  S1539            0.00%    passed     92.08%
 114  S_670            0.84%    passed     98.65%
 115  SRR11470320      0.00%    passed     27.63%
 116  SRR8528336       0.00%    passed     70.32%
 117  SRR8528341       0.00%    passed     74.88%
 118  SRR8528343       0.14%    passed     99.58%
 119  SRR8528347       0.00%    passed     92.18%
 120  SRR8528350       0.00%    passed     97.80%
 121  SRR8528354       0.00%    passed     99.69%
 122  SRR8528357       0.00%    passed     98.76%
 123  SRR8528359       0.00%    passed     92.90%
 124  SRR8528361       1.41%    passed     73.73%
 125  SRR8528365       0.00%    passed     80.82%
 126  SRR8528370       0.00%    passed     94.01%
 127  SRR8528372       0.14%    passed     92.68%
 128  SRR8528379       0.00%    passed     81.65%
 129  SRR8528381       0.00%    passed     16.22%
 130  SRR8528384       0.14%    passed     98.83%
 131  SRR8528389       0.00%    passed     74.46%
 132  SRR8528391       0.00%    passed     85.62%
 133  SRR8528400       0.00%    passed     81.97%
WARNING: 4 sequences contain more than 50% gaps/ambiguity
****  TOTAL            3.21%  0 sequences failed composition chi2 test (p-value<5%; df=3)
Checking for duplicate sequences: done in 0.00863504 secs using 1187% CPU

Create initial parsimony tree by phylogenetic likelihood library (PLL)... 0.043 seconds

NOTE: 6 MB RAM (0 GB) is required!
Measuring multi-threading efficiency up to 56 CPU cores
Increase to 10 rounds for branch lengths
258 trees examined
Threads: 1 / Time: 56.065 sec / Speedup: 1.000 / Efficiency: 100% / LogL: -16547
Threads: 2 / Time: 81.182 sec / Speedup: 0.691 / Efficiency: 35% / LogL: -16547
Determining AUTO threadcount: done in 137.249 secs using 121.8% CPU
BEST NUMBER OF THREADS: 1

Estimate model parameters (epsilon = 0.100)
1. Initial log-likelihood: -10447.946
2. Current log-likelihood: -9694.309
3. Current log-likelihood: -9664.013
4. Current log-likelihood: -9648.344
5. Current log-likelihood: -9638.900
6. Current log-likelihood: -9632.635
7. Current log-likelihood: -9628.387
8. Current log-likelihood: -9625.409
9. Current log-likelihood: -9623.181
10. Current log-likelihood: -9621.547
11. Current log-likelihood: -9620.290
12. Current log-likelihood: -9619.400
13. Current log-likelihood: -9618.687
14. Current log-likelihood: -9618.105
15. Current log-likelihood: -9617.629
16. Current log-likelihood: -9617.237
17. Current log-likelihood: -9616.914
18. Current log-likelihood: -9616.645
19. Current log-likelihood: -9616.488
20. Current log-likelihood: -9616.342
21. Current log-likelihood: -9616.211
22. Current log-likelihood: -9616.096
23. Current log-likelihood: -9615.994
Optimal log-likelihood: -9615.850
Rate parameters:  A-C: 1.36085  A-G: 4.83837  A-T: 1.44216  C-G: 1.35104  C-T: 6.52727  G-T: 1.00000
Base frequencies:  A: 0.233  C: 0.194  G: 0.245  T: 0.328
Site proportion and rates:  (0.680,0.075) (0.013,0.121) (0.231,1.974) (0.076,6.443)
Parameters optimization took 23 rounds (8.288 sec)
Wrote distance file to... 
Computing ML distances based on estimated model parameters...
Calculating distance matrix: done in 0.166116 secs using 100% CPU
Computing ML distances took 0.166714 sec (of wall-clock time) 0.166715 sec (of CPU time)
Setting up auxiliary I and S matrices: done in 0.00115991 secs using 444.8% CPU
Constructing RapidNJ tree: done in 0.00347114 secs using 215.3% CPU
Computing RapidNJ tree took 0.004867 sec (of wall-clock time) 0.012867 sec (of CPU time)
Log-likelihood of RapidNJ tree: -9635.980
--------------------------------------------------------------------
|             INITIALIZING CANDIDATE TREE SET                      |
--------------------------------------------------------------------
Generating 98 parsimony trees... 2.719 second
Computing log-likelihood of 98 initial trees ... 3.381 seconds
Current best score: -9552.232

Do NNI search on 20 best initial trees
Optimizing NNI: done in 0.62776 secs using 72.96% CPU
Estimate model parameters (epsilon = 0.100)
BETTER TREE FOUND at iteration 1: -9536.895
Optimizing NNI: done in 0.51731 secs using 69.84% CPU
Optimizing NNI: done in 0.31446 secs using 100% CPU
Optimizing NNI: done in 0.330153 secs using 100% CPU
Optimizing NNI: done in 0.447976 secs using 91.95% CPU
Optimizing NNI: done in 0.598896 secs using 61.11% CPU
Optimizing NNI: done in 0.414424 secs using 82.08% CPU
Optimizing NNI: done in 0.299872 secs using 99.99% CPU
Optimizing NNI: done in 0.36867 secs using 99.91% CPU
Optimizing NNI: done in 0.393824 secs using 100% CPU
Iteration 10 / LogL: -9544.477 / Time: 0h:2m:37s
Optimizing NNI: done in 0.410008 secs using 100% CPU
Optimizing NNI: done in 0.404038 secs using 100% CPU
Optimizing NNI: done in 0.324629 secs using 100% CPU
Optimizing NNI: done in 0.311565 secs using 96.42% CPU
Optimizing NNI: done in 0.5057 secs using 100% CPU
Estimate model parameters (epsilon = 0.100)
BETTER TREE FOUND at iteration 15: -9536.386
Optimizing NNI: done in 0.304915 secs using 99.87% CPU
Optimizing NNI: done in 0.403824 secs using 90.06% CPU
Optimizing NNI: done in 0.451559 secs using 100% CPU
Optimizing NNI: done in 0.421083 secs using 75.76% CPU
Optimizing NNI: done in 0.525403 secs using 72.46% CPU
Iteration 20 / LogL: -9544.213 / Time: 0h:2m:42s
Finish initializing candidate tree set (20)
Current best tree score: -9536.386 / CPU time: 16.172
Number of iterations: 20
--------------------------------------------------------------------
|               OPTIMIZING CANDIDATE TREE SET                      |
--------------------------------------------------------------------
Optimizing NNI: done in 0.867515 secs using 60.39% CPU
Estimate model parameters (epsilon = 0.100)
BETTER TREE FOUND at iteration 21: -9534.840
Optimizing NNI: done in 0.593377 secs using 86.51% CPU
BETTER TREE FOUND at iteration 22: -9534.833
Optimizing NNI: done in 0.488605 secs using 99.99% CPU
Optimizing NNI: done in 0.557303 secs using 94.25% CPU
Optimizing NNI: done in 0.749911 secs using 60.32% CPU
Optimizing NNI: done in 0.507699 secs using 99.99% CPU
Optimizing NNI: done in 0.613628 secs using 90.89% CPU
Optimizing NNI: done in 0.87467 secs using 61.91% CPU
Optimizing NNI: done in 0.653673 secs using 91.36% CPU
Optimizing NNI: done in 0.697808 secs using 100% CPU
Iteration 30 / LogL: -9539.046 / Time: 0h:2m:49s (0h:8m:57s left)
Optimizing NNI: done in 0.571492 secs using 99.55% CPU
Optimizing NNI: done in 0.581273 secs using 100% CPU
Optimizing NNI: done in 0.776443 secs using 64.05% CPU
Optimizing NNI: done in 0.536094 secs using 100% CPU
Estimate model parameters (epsilon = 0.100)
BETTER TREE FOUND at iteration 34: -9534.303
Optimizing NNI: done in 0.780191 secs using 64.8% CPU
Optimizing NNI: done in 0.58831 secs using 100% CPU
Optimizing NNI: done in 0.505946 secs using 90.51% CPU
Estimate model parameters (epsilon = 0.100)
BETTER TREE FOUND at iteration 37: -9533.955
Optimizing NNI: done in 0.934799 secs using 61.17% CPU
Optimizing NNI: done in 0.730605 secs using 66.61% CPU
Optimizing NNI: done in 0.57681 secs using 84.77% CPU
Iteration 40 / LogL: -9534.868 / Time: 0h:2m:56s (0h:7m:19s left)
Optimizing NNI: done in 0.512523 secs using 99.98% CPU
Optimizing NNI: done in 0.571196 secs using 100% CPU
Optimizing NNI: done in 0.639256 secs using 97.5% CPU
Optimizing NNI: done in 0.526957 secs using 99.99% CPU
Optimizing NNI: done in 0.477462 secs using 100% CPU
Optimizing NNI: done in 0.550309 secs using 93.52% CPU
Optimizing NNI: done in 0.635148 secs using 97.9% CPU
Estimate model parameters (epsilon = 0.100)
BETTER TREE FOUND at iteration 47: -9533.376
Optimizing NNI: done in 0.850728 secs using 68.55% CPU
Optimizing NNI: done in 0.632007 secs using 79.26% CPU
Estimate model parameters (epsilon = 0.100)
BETTER TREE FOUND at iteration 49: -9531.730
Optimizing NNI: done in 0.846696 secs using 62.03% CPU
Estimate model parameters (epsilon = 0.100)
BETTER TREE FOUND at iteration 50: -9529.091
Iteration 50 / LogL: -9529.091 / Time: 0h:3m:4s (0h:6m:15s left)
Optimizing NNI: done in 0.512185 secs using 99.99% CPU
Optimizing NNI: done in 0.597344 secs using 88.3% CPU
Optimizing NNI: done in 0.807858 secs using 66.7% CPU
Optimizing NNI: done in 0.426993 secs using 99.44% CPU
Optimizing NNI: done in 0.522394 secs using 99.76% CPU
Optimizing NNI: done in 0.597379 secs using 94.47% CPU
Optimizing NNI: done in 0.649435 secs using 99.72% CPU
Optimizing NNI: done in 0.805753 secs using 78.63% CPU
Optimizing NNI: done in 0.643757 secs using 86.87% CPU
Optimizing NNI: done in 0.447417 secs using 100% CPU
Iteration 60 / LogL: -9538.737 / Time: 0h:3m:10s (0h:4m:50s left)
Optimizing NNI: done in 0.456072 secs using 100% CPU
Optimizing NNI: done in 0.497766 secs using 100% CPU
Estimate model parameters (epsilon = 0.100)
BETTER TREE FOUND at iteration 62: -9528.270
Optimizing NNI: done in 0.560053 secs using 99.99% CPU
Optimizing NNI: done in 0.509812 secs using 99.98% CPU
Optimizing NNI: done in 0.449223 secs using 100% CPU
Optimizing NNI: done in 0.462637 secs using 100% CPU
Optimizing NNI: done in 0.445365 secs using 99.53% CPU
Optimizing NNI: done in 0.391167 secs using 100% CPU
Estimate model parameters (epsilon = 0.100)
BETTER TREE FOUND at iteration 68: -9528.173
Optimizing NNI: done in 0.477785 secs using 99.99% CPU
Optimizing NNI: done in 0.490504 secs using 100% CPU
Iteration 70 / LogL: -9542.989 / Time: 0h:3m:15s (0h:4m:38s left)
Optimizing NNI: done in 0.509473 secs using 100% CPU
Optimizing NNI: done in 0.617437 secs using 100% CPU
Optimizing NNI: done in 0.490179 secs using 100% CPU
Optimizing NNI: done in 0.489112 secs using 100% CPU
Optimizing NNI: done in 0.503224 secs using 99.99% CPU
Optimizing NNI: done in 0.530218 secs using 100% CPU
Optimizing NNI: done in 0.404153 secs using 100% CPU
Optimizing NNI: done in 0.461537 secs using 100% CPU
Optimizing NNI: done in 0.631649 secs using 100% CPU
Optimizing NNI: done in 0.524544 secs using 100% CPU
Iteration 80 / LogL: -9535.218 / Time: 0h:3m:21s (0h:3m:44s left)
Optimizing NNI: done in 0.668265 secs using 85.23% CPU
Optimizing NNI: done in 0.505983 secs using 99.99% CPU
BETTER TREE FOUND at iteration 82: -9528.172
Optimizing NNI: done in 0.453701 secs using 99.99% CPU
Optimizing NNI: done in 0.773483 secs using 70% CPU
Optimizing NNI: done in 0.651862 secs using 74.84% CPU
Optimizing NNI: done in 0.655593 secs using 74.9% CPU
Optimizing NNI: done in 0.572645 secs using 86.72% CPU
Optimizing NNI: done in 0.602991 secs using 100% CPU
Optimizing NNI: done in 0.520715 secs using 99.99% CPU
Optimizing NNI: done in 0.571821 secs using 100% CPU
Iteration 90 / LogL: -9530.953 / Time: 0h:3m:27s (0h:3m:34s left)
Optimizing NNI: done in 0.501892 secs using 99.19% CPU
Optimizing NNI: done in 0.598875 secs using 99.33% CPU
Optimizing NNI: done in 0.462036 secs using 100% CPU
Optimizing NNI: done in 0.477398 secs using 100% CPU
Optimizing NNI: done in 0.519331 secs using 99.99% CPU
Optimizing NNI: done in 0.608579 secs using 100% CPU
Optimizing NNI: done in 0.550223 secs using 100% CPU
Optimizing NNI: done in 0.561967 secs using 99.99% CPU
Optimizing NNI: done in 0.49121 secs using 99.96% CPU
Optimizing NNI: done in 0.548612 secs using 100% CPU
Iteration 100 / LogL: -9537.039 / Time: 0h:3m:32s (0h:2m:56s left)
Optimizing NNI: done in 0.460059 secs using 100% CPU
Optimizing NNI: done in 0.498479 secs using 100% CPU
Optimizing NNI: done in 0.448181 secs using 100% CPU
Optimizing NNI: done in 0.617159 secs using 99.36% CPU
Optimizing NNI: done in 0.420596 secs using 92.69% CPU
Optimizing NNI: done in 0.653428 secs using 100% CPU
Optimizing NNI: done in 0.762301 secs using 93.7% CPU
Optimizing NNI: done in 0.53146 secs using 99.95% CPU
Optimizing NNI: done in 0.646868 secs using 100% CPU
Optimizing NNI: done in 0.559028 secs using 74.87% CPU
Iteration 110 / LogL: -9531.580 / Time: 0h:3m:38s (0h:2m:24s left)
Optimizing NNI: done in 0.526832 secs using 96.96% CPU
Optimizing NNI: done in 0.530266 secs using 90.88% CPU
Optimizing NNI: done in 0.736541 secs using 73.41% CPU
Optimizing NNI: done in 0.522939 secs using 95.43% CPU
Optimizing NNI: done in 0.546139 secs using 100% CPU
Optimizing NNI: done in 0.453692 secs using 92.95% CPU
Optimizing NNI: done in 0.479554 secs using 99.99% CPU
Optimizing NNI: done in 0.437113 secs using 100% CPU
Optimizing NNI: done in 0.494279 secs using 100% CPU
Optimizing NNI: done in 0.509317 secs using 100% CPU
Iteration 120 / LogL: -9540.618 / Time: 0h:3m:44s (0h:1m:56s left)
Optimizing NNI: done in 0.469361 secs using 100% CPU
Optimizing NNI: done in 0.52813 secs using 100% CPU
Optimizing NNI: done in 0.497739 secs using 100% CPU
Optimizing NNI: done in 0.489892 secs using 100% CPU
Optimizing NNI: done in 0.533373 secs using 100% CPU
BETTER TREE FOUND at iteration 125: -9528.171
Optimizing NNI: done in 0.668082 secs using 92.82% CPU
Optimizing NNI: done in 0.515056 secs using 81.35% CPU
Optimizing NNI: done in 0.566351 secs using 90.28% CPU
Optimizing NNI: done in 0.605357 secs using 90.02% CPU
Optimizing NNI: done in 0.456161 secs using 96.49% CPU
Iteration 130 / LogL: -9540.307 / Time: 0h:3m:49s (0h:2m:48s left)
Optimizing NNI: done in 0.664708 secs using 90.3% CPU
Optimizing NNI: done in 0.430479 secs using 100% CPU
BETTER TREE FOUND at iteration 132: -9528.171
Optimizing NNI: done in 0.529093 secs using 92.43% CPU
Optimizing NNI: done in 0.516988 secs using 91.62% CPU
Optimizing NNI: done in 0.478265 secs using 100% CPU
Optimizing NNI: done in 0.524723 secs using 100% CPU
Optimizing NNI: done in 0.633808 secs using 80.42% CPU
Optimizing NNI: done in 0.902815 secs using 56.57% CPU
Optimizing NNI: done in 0.600784 secs using 84.85% CPU
Optimizing NNI: done in 0.471432 secs using 96.61% CPU
Iteration 140 / LogL: -9534.906 / Time: 0h:3m:55s (0h:2m:35s left)
Optimizing NNI: done in 0.494173 secs using 97.6% CPU
Optimizing NNI: done in 0.513938 secs using 100% CPU
Optimizing NNI: done in 0.494524 secs using 100% CPU
Optimizing NNI: done in 0.470944 secs using 100% CPU
Optimizing NNI: done in 0.57317 secs using 100% CPU
Optimizing NNI: done in 0.460633 secs using 100% CPU
Optimizing NNI: done in 0.538807 secs using 100% CPU
Optimizing NNI: done in 0.577352 secs using 100% CPU
Optimizing NNI: done in 0.63005 secs using 85.03% CPU
Optimizing NNI: done in 0.562355 secs using 99.93% CPU
UPDATE BEST LOG-LIKELIHOOD: -9528.170
Iteration 150 / LogL: -9528.170 / Time: 0h:4m:0s (0h:2m:12s left)
Optimizing NNI: done in 0.572501 secs using 99.89% CPU
Optimizing NNI: done in 0.603625 secs using 86.74% CPU
Optimizing NNI: done in 0.506808 secs using 100% CPU
Optimizing NNI: done in 0.605993 secs using 100% CPU
Optimizing NNI: done in 0.637498 secs using 80.11% CPU
Optimizing NNI: done in 0.510265 secs using 90.07% CPU
Optimizing NNI: done in 0.867463 secs using 73.11% CPU
Optimizing NNI: done in 0.435334 secs using 100% CPU
Optimizing NNI: done in 0.497143 secs using 100% CPU
Optimizing NNI: done in 0.586101 secs using 100% CPU
Iteration 160 / LogL: -9529.062 / Time: 0h:4m:6s (0h:1m:51s left)
Optimizing NNI: done in 0.615454 secs using 81.54% CPU
Optimizing NNI: done in 0.722259 secs using 72.7% CPU
Optimizing NNI: done in 0.513329 secs using 100% CPU
Optimizing NNI: done in 0.572049 secs using 98.85% CPU
Optimizing NNI: done in 0.602232 secs using 86.47% CPU
Optimizing NNI: done in 1.06268 secs using 49.94% CPU
Optimizing NNI: done in 0.841531 secs using 63.95% CPU
Optimizing NNI: done in 0.43614 secs using 92.66% CPU
Optimizing NNI: done in 0.517059 secs using 99.57% CPU
Optimizing NNI: done in 0.380712 secs using 98.93% CPU
Iteration 170 / LogL: -9529.070 / Time: 0h:4m:13s (0h:1m:32s left)
Optimizing NNI: done in 0.46577 secs using 100% CPU
Optimizing NNI: done in 0.470533 secs using 100% CPU
Optimizing NNI: done in 0.463863 secs using 100% CPU
Optimizing NNI: done in 0.453796 secs using 99.98% CPU
Optimizing NNI: done in 0.467958 secs using 99.93% CPU
Optimizing NNI: done in 0.515475 secs using 99.87% CPU
Optimizing NNI: done in 0.618624 secs using 84.48% CPU
Optimizing NNI: done in 0.69903 secs using 82.95% CPU
Optimizing NNI: done in 0.460425 secs using 93.04% CPU
Optimizing NNI: done in 0.721135 secs using 71.71% CPU
Iteration 180 / LogL: -9528.230 / Time: 0h:4m:18s (0h:1m:15s left)
Optimizing NNI: done in 0.833607 secs using 61.6% CPU
Optimizing NNI: done in 0.523082 secs using 87.73% CPU
Optimizing NNI: done in 0.56826 secs using 98.58% CPU
Optimizing NNI: done in 0.531008 secs using 99.55% CPU
Optimizing NNI: done in 0.650156 secs using 91.52% CPU
Optimizing NNI: done in 0.426106 secs using 99.55% CPU
Optimizing NNI: done in 0.619085 secs using 83.8% CPU
Optimizing NNI: done in 0.562885 secs using 93.57% CPU
Optimizing NNI: done in 0.562625 secs using 99.96% CPU
Optimizing NNI: done in 0.490732 secs using 99.93% CPU
Iteration 190 / LogL: -9533.043 / Time: 0h:4m:24s (0h:0m:58s left)
Optimizing NNI: done in 0.468933 secs using 99.94% CPU
Optimizing NNI: done in 0.679628 secs using 94.66% CPU
Optimizing NNI: done in 0.501359 secs using 93.32% CPU
Optimizing NNI: done in 0.536233 secs using 99.65% CPU
Optimizing NNI: done in 0.571727 secs using 99.97% CPU
Optimizing NNI: done in 0.507484 secs using 99.97% CPU
Optimizing NNI: done in 0.752243 secs using 65.91% CPU
Optimizing NNI: done in 0.52404 secs using 100% CPU
Optimizing NNI: done in 0.676267 secs using 74.89% CPU
Optimizing NNI: done in 0.527897 secs using 100% CPU
Iteration 200 / LogL: -9530.455 / Time: 0h:4m:30s (0h:0m:43s left)
Optimizing NNI: done in 0.550346 secs using 100% CPU
Optimizing NNI: done in 0.636315 secs using 98.83% CPU
Optimizing NNI: done in 0.49402 secs using 99.9% CPU
Optimizing NNI: done in 0.503444 secs using 99.87% CPU
Optimizing NNI: done in 0.509187 secs using 96.43% CPU
Optimizing NNI: done in 0.487197 secs using 99.73% CPU
Optimizing NNI: done in 0.528921 secs using 100% CPU
Optimizing NNI: done in 0.510629 secs using 98.46% CPU
Optimizing NNI: done in 0.515532 secs using 100% CPU
Optimizing NNI: done in 0.537671 secs using 100% CPU
Iteration 210 / LogL: -9544.856 / Time: 0h:4m:35s (0h:0m:29s left)
Optimizing NNI: done in 0.528877 secs using 100% CPU
Optimizing NNI: done in 0.469145 secs using 100% CPU
Optimizing NNI: done in 0.531148 secs using 100% CPU
Optimizing NNI: done in 0.637333 secs using 88.83% CPU
Optimizing NNI: done in 0.497088 secs using 95.08% CPU
Optimizing NNI: done in 0.555372 secs using 100% CPU
Optimizing NNI: done in 0.652192 secs using 100% CPU
Optimizing NNI: done in 0.49839 secs using 100% CPU
Optimizing NNI: done in 0.550363 secs using 100% CPU
Optimizing NNI: done in 0.589198 secs using 100% CPU
Iteration 220 / LogL: -9536.669 / Time: 0h:4m:41s (0h:0m:15s left)
Optimizing NNI: done in 0.555127 secs using 99.99% CPU
Optimizing NNI: done in 0.460404 secs using 100% CPU
Optimizing NNI: done in 0.505315 secs using 99.98% CPU
Optimizing NNI: done in 0.452734 secs using 99.98% CPU
Optimizing NNI: done in 0.489499 secs using 100% CPU
Optimizing NNI: done in 0.653377 secs using 100% CPU
Optimizing NNI: done in 0.485333 secs using 100% CPU
Optimizing NNI: done in 0.607726 secs using 99.39% CPU
Optimizing NNI: done in 0.58214 secs using 96.05% CPU
Optimizing NNI: done in 0.490732 secs using 99.99% CPU
Iteration 230 / LogL: -9528.490 / Time: 0h:4m:47s (0h:0m:2s left)
Optimizing NNI: done in 0.481214 secs using 100% CPU
Optimizing NNI: done in 0.876595 secs using 52.95% CPU
Optimizing NNI: done in 1.00413 secs using 44.26% CPU
TREE SEARCH COMPLETED AFTER 233 ITERATIONS / Time: 0h:4m:49s

--------------------------------------------------------------------
|                    FINALIZING TREE SEARCH                        |
--------------------------------------------------------------------
Performs final model parameters optimization
Estimate model parameters (epsilon = 0.010)
1. Initial log-likelihood: -9528.170
2. Current log-likelihood: -9528.129
3. Current log-likelihood: -9528.039
4. Current log-likelihood: -9527.856
5. Current log-likelihood: -9527.539
6. Current log-likelihood: -9527.114
7. Current log-likelihood: -9526.630
8. Current log-likelihood: -9526.094
9. Current log-likelihood: -9525.524
10. Current log-likelihood: -9524.928
11. Current log-likelihood: -9524.353
12. Current log-likelihood: -9523.818
13. Current log-likelihood: -9523.335
14. Current log-likelihood: -9522.904
15. Current log-likelihood: -9522.521
16. Current log-likelihood: -9522.187
17. Current log-likelihood: -9521.883
18. Current log-likelihood: -9521.614
19. Current log-likelihood: -9521.377
20. Current log-likelihood: -9521.166
21. Current log-likelihood: -9520.983
22. Current log-likelihood: -9520.821
23. Current log-likelihood: -9520.680
24. Current log-likelihood: -9520.554
25. Current log-likelihood: -9520.445
26. Current log-likelihood: -9520.349
27. Current log-likelihood: -9520.274
28. Current log-likelihood: -9520.197
29. Current log-likelihood: -9520.137
30. Current log-likelihood: -9520.078
31. Current log-likelihood: -9520.033
32. Current log-likelihood: -9519.993
33. Current log-likelihood: -9519.957
34. Current log-likelihood: -9519.926
35. Current log-likelihood: -9519.898
36. Current log-likelihood: -9519.873
37. Current log-likelihood: -9519.851
38. Current log-likelihood: -9519.831
39. Current log-likelihood: -9519.812
40. Current log-likelihood: -9519.795
41. Current log-likelihood: -9519.780
42. Current log-likelihood: -9519.766
43. Current log-likelihood: -9519.753
44. Current log-likelihood: -9519.742
45. Current log-likelihood: -9519.732
Optimal log-likelihood: -9519.717
Rate parameters:  A-C: 1.33534  A-G: 5.17341  A-T: 1.52535  C-G: 1.36438  C-T: 6.87745  G-T: 1.00000
Base frequencies:  A: 0.233  C: 0.194  G: 0.245  T: 0.328
Site proportion and rates:  (0.671,0.058) (0.168,1.358) (0.110,3.258) (0.050,7.415)
Parameters optimization took 45 rounds (13.305 sec)
BEST SCORE FOUND : -9519.717
Total tree length: 2.683

Total number of iterations: 233
CPU time used for tree search: 130.054 sec (0h:2m:10s)
Wall-clock time used for tree search: 143.470 sec (0h:2m:23s)
Total CPU time used: 316.893 sec (0h:5m:16s)
Total wall-clock time used: 302.753 sec (0h:5m:2s)

Analysis results written to: 
  IQ-TREE report:                5G07590_iqtree_preliminary_superstrict_excluding_hybrids.iqtree
  Maximum-likelihood tree:       5G07590_iqtree_preliminary_superstrict_excluding_hybrids.treefile
  Likelihood distances:          5G07590_iqtree_preliminary_superstrict_excluding_hybrids.mldist
  Screen log file:               5G07590_iqtree_preliminary_superstrict_excluding_hybrids.log

ALISIM COMMAND
--------------
--alisim simulated_MSA -t 5G07590_iqtree_preliminary_superstrict_excluding_hybrids.treefile -m "GTR{1.33534,5.17341,1.52535,1.36438,6.87745}+F{0.233308,0.193685,0.245374,0.327633}+R4{0.671497,0.0581096,0.167872,1.35836,0.110197,3.2578,0.0504342,7.41459}" --length 711

Date and Time: Fri Jun  2 08:10:59 2023
