IQ-TREE multicore version 2.2.2 COVID-edition for Linux 64-bit built Sep 20 2022
Developed by Bui Quang Minh, James Barbetti, Nguyen Lam Tung,
Olga Chernomor, Heiko Schmidt, Dominik Schrempf, Michael Woodhams, Ly Trong Nhan.

Host:    netdc-bms-c11f (AVX2, FMA3, 377 GB RAM)
Command: /home/kasper.hendriks/iqtree-2.2.2-Linux/bin/iqtree2 -s 5G13690_taper_preliminary_superstrict_excluding_hybrids.fasta -nm 1000 -m GTR+F+R -nt AUTO --prefix 5G13690_iqtree_preliminary_superstrict_excluding_hybrids
Seed:    214644 (Using SPRNG - Scalable Parallel Random Number Generator)
Time:    Fri Jun  2 08:06:20 2023
Kernel:  AVX+FMA - auto-detect threads (56 CPU cores detected)

Reading alignment file 5G13690_taper_preliminary_superstrict_excluding_hybrids.fasta ... Fasta format detected
Reading fasta file: done in 0.00264406 secs using 99.96% CPU
Alignment most likely contains DNA/RNA sequences
Constructing alignment: done in 0.00680208 secs using 1389% CPU
Alignment has 131 sequences with 832 columns, 647 distinct patterns
418 parsimony-informative, 155 singleton sites, 259 constant sites
               Gap/Ambiguity  Composition  p-value
Analyzing sequences: done in 0.000272036 secs using 1586% CPU
   1  PAFTOL_019361   76.44%    failed      0.85%
   2  S0055            0.00%    passed     99.79%
   3  S0196sl         19.83%    passed     90.76%
   4  S0278            0.00%    passed     99.22%
   5  S0281            1.80%    passed     99.68%
   6  S0282            0.00%    passed     99.52%
   7  S0288           13.22%    passed     78.55%
   8  S0289            0.36%    passed     97.70%
   9  S0292            0.12%    passed     92.57%
  10  S0293            0.00%    passed     99.78%
  11  S0294            0.60%    passed     83.44%
  12  S0299            0.12%    passed     77.31%
  13  S0303           13.94%    passed     89.84%
  14  S0308            1.32%    passed     84.46%
  15  S0320            1.56%    passed     99.54%
  16  S0322           13.46%    passed     90.49%
  17  S0327            0.00%    passed     99.36%
  18  S0335            0.00%    passed     97.71%
  19  S0345           71.88%    passed     37.72%
  20  S0355            0.00%    passed     88.71%
  21  S0376            5.05%    passed     94.51%
  22  S0400            0.00%    passed     98.66%
  23  S0405            0.24%    passed     99.22%
  24  S0407sl          0.00%    passed     98.50%
  25  S0412sl          0.00%    passed     93.66%
  26  S0417            0.12%    passed     99.13%
  27  S0419           23.56%    passed     68.67%
  28  S0427            0.12%    passed     77.42%
  29  S0430            0.12%    passed     77.24%
  30  S0478            0.36%    passed     90.15%
  31  S0552sl          0.48%    passed     97.93%
  32  S0558            0.00%    passed     99.96%
  33  S0616            0.00%    passed     92.17%
  34  S0624            4.09%    passed     99.91%
  35  S0641            0.00%    passed     85.32%
  36  S0643            0.24%    passed     95.01%
  37  S0645sl          0.00%    passed     99.83%
  38  S0656sl         24.04%    passed     43.63%
  39  S0673            0.72%    passed     98.67%
  40  S0689            0.48%    passed     87.86%
  41  S0690           40.62%    passed     70.77%
  42  S0720            0.48%    passed     98.11%
  43  S0724sl          0.00%    passed     90.08%
  44  S0742            0.00%    passed     94.22%
  45  S0748            0.00%    passed     82.49%
  46  S0753           71.88%    passed     16.24%
  47  S0756            0.00%    passed     99.78%
  48  S0758            0.24%    passed     95.72%
  49  S0760           23.56%    passed     71.78%
  50  S0763            0.00%    passed     99.78%
  51  S0765           23.56%    passed     68.67%
  52  S0770           23.68%    passed     68.27%
  53  S0771            0.12%    passed     93.80%
  54  S0795            0.24%    passed     93.69%
  55  S0827           30.17%    passed     35.21%
  56  S0888            0.24%    passed     96.26%
  57  S0894            0.24%    passed     99.08%
  58  S0899           23.80%    passed     50.32%
  59  S0906            0.00%    passed     96.20%
  60  S0951           28.12%    passed     70.37%
  61  S0952           29.09%    passed     44.65%
  62  S0956            1.92%    passed     90.45%
  63  S0959            0.12%    passed     86.49%
  64  S0960            0.00%    passed     89.65%
  65  S0964            0.48%    passed     99.22%
  66  S1052sl         30.65%    passed     43.03%
  67  S1083            0.00%    passed     90.92%
  68  S1100            0.00%    passed     97.54%
  69  S1102            3.25%    passed     96.67%
  70  S1110            0.48%    passed     74.03%
  71  S1120           12.86%    passed     49.44%
  72  S1128            0.12%    passed     93.85%
  73  S1129sl          1.44%    passed     95.83%
  74  S1148            0.24%    passed     90.68%
  75  S1177           23.56%    passed     74.42%
  76  S1180            0.24%    passed     84.45%
  77  S1189            0.36%    passed     93.57%
  78  S1201sl          0.00%    passed     96.93%
  79  S1210            0.00%    passed     97.65%
  80  S1211            0.00%    passed     91.36%
  81  S1214sl          0.00%    passed     78.44%
  82  S1223            0.00%    passed     79.19%
  83  S1227            0.00%    passed     99.92%
  84  S1235sl          0.00%    passed     96.91%
  85  S1238sl          0.12%    passed     77.65%
  86  S1239            0.00%    passed     99.28%
  87  S1245            0.12%    passed     99.31%
  88  S1246            0.72%    passed     72.67%
  89  S1249            0.12%    passed     84.13%
  90  S1250sl         23.68%    passed     59.35%
  91  S1251            0.00%    passed     95.96%
  92  S1260           48.32%    passed     94.22%
  93  S1266sl          0.60%    passed     78.02%
  94  S1269            0.00%    passed     84.51%
  95  S1278            0.00%    passed     99.52%
  96  S1315           66.83%    failed      2.62%
  97  S1332            1.56%    passed     96.12%
  98  S1366            0.24%    passed     93.42%
  99  S1369            0.48%    passed     99.98%
 100  S1370            2.16%    passed     98.66%
 101  S1375            2.04%    passed     89.26%
 102  S1376            0.24%    passed     93.79%
 103  S1381            0.36%    passed     88.97%
 104  S1405            0.72%    passed     99.95%
 105  S1422            0.12%    passed     89.69%
 106  S1449            0.24%    passed     83.27%
 107  S1451            0.60%    passed     97.26%
 108  S1460            0.60%    passed     90.17%
 109  S1462           23.68%    passed     72.73%
 110  S1475            4.09%    passed     98.74%
 111  S1498            0.00%    passed     91.94%
 112  S1539            1.08%    passed     97.11%
 113  S_670            0.48%    passed     99.88%
 114  SRR8528336       0.48%    passed     81.34%
 115  SRR8528341       0.12%    passed     78.93%
 116  SRR8528343       5.05%    passed     97.25%
 117  SRR8528347       0.00%    passed     96.47%
 118  SRR8528350       0.00%    passed     98.73%
 119  SRR8528354       0.48%    passed     99.37%
 120  SRR8528357       0.00%    passed     99.66%
 121  SRR8528359       0.12%    passed     99.02%
 122  SRR8528361       2.28%    passed     95.31%
 123  SRR8528365       0.00%    passed     99.39%
 124  SRR8528370       0.00%    passed     99.58%
 125  SRR8528372       0.12%    passed     96.55%
 126  SRR8528379       0.00%    passed     90.83%
 127  SRR8528381       0.00%    passed     31.26%
 128  SRR8528384       0.00%    passed     92.29%
 129  SRR8528389       0.00%    passed     90.52%
 130  SRR8528391       0.12%    passed     98.13%
 131  SRR8528400       0.36%    passed     77.97%
WARNING: 4 sequences contain more than 50% gaps/ambiguity
****  TOTAL            6.37%  2 sequences failed composition chi2 test (p-value<5%; df=3)
Checking for duplicate sequences: done in 0.00912905 secs using 1368% CPU

Create initial parsimony tree by phylogenetic likelihood library (PLL)... 0.076 seconds

NOTE: 11 MB RAM (0 GB) is required!
Measuring multi-threading efficiency up to 56 CPU cores
Increase to 10 rounds for branch lengths
161 trees examined
Threads: 1 / Time: 56.372 sec / Speedup: 1.000 / Efficiency: 100% / LogL: -23103
Threads: 2 / Time: 83.273 sec / Speedup: 0.677 / Efficiency: 34% / LogL: -23103
Determining AUTO threadcount: done in 139.647 secs using 122.7% CPU
BEST NUMBER OF THREADS: 1

Estimate model parameters (epsilon = 0.100)
1. Initial log-likelihood: -15190.800
2. Current log-likelihood: -14664.122
3. Current log-likelihood: -14645.298
4. Current log-likelihood: -14637.272
5. Current log-likelihood: -14635.094
6. Current log-likelihood: -14634.468
7. Current log-likelihood: -14634.122
8. Current log-likelihood: -14633.844
9. Current log-likelihood: -14633.611
10. Current log-likelihood: -14633.418
11. Current log-likelihood: -14633.255
12. Current log-likelihood: -14633.115
13. Current log-likelihood: -14632.989
14. Current log-likelihood: -14632.872
15. Current log-likelihood: -14632.759
16. Current log-likelihood: -14632.650
17. Current log-likelihood: -14632.542
18. Current log-likelihood: -14632.435
19. Current log-likelihood: -14632.328
20. Current log-likelihood: -14632.222
21. Current log-likelihood: -14632.117
22. Current log-likelihood: -14632.012
23. Current log-likelihood: -14631.908
24. Current log-likelihood: -14631.804
25. Current log-likelihood: -14631.702
26. Current log-likelihood: -14631.600
27. Current log-likelihood: -14631.499
Optimal log-likelihood: -14631.393
Rate parameters:  A-C: 1.17486  A-G: 3.19723  A-T: 0.84331  C-G: 1.18206  C-T: 3.62564  G-T: 1.00000
Base frequencies:  A: 0.304  C: 0.174  G: 0.240  T: 0.282
Site proportion and rates:  (0.459,0.153) (0.218,0.896) (0.278,1.849) (0.045,4.888)
Parameters optimization took 27 rounds (12.007 sec)
Wrote distance file to... 
Computing ML distances based on estimated model parameters...
Calculating distance matrix: done in 0.187913 secs using 100% CPU
Computing ML distances took 0.188899 sec (of wall-clock time) 0.188901 sec (of CPU time)
Setting up auxiliary I and S matrices: done in 0.00113893 secs using 100% CPU
Constructing RapidNJ tree: done in 0.0025599 secs using 256.3% CPU
Computing RapidNJ tree took 0.003906 sec (of wall-clock time) 0.007904 sec (of CPU time)
Log-likelihood of RapidNJ tree: -14780.593
--------------------------------------------------------------------
|             INITIALIZING CANDIDATE TREE SET                      |
--------------------------------------------------------------------
Generating 98 parsimony trees... 3.822 second
Computing log-likelihood of 98 initial trees ... 4.854 seconds
Current best score: -14611.770

Do NNI search on 20 best initial trees
Optimizing NNI: done in 0.695347 secs using 100% CPU
Estimate model parameters (epsilon = 0.100)
BETTER TREE FOUND at iteration 1: -14590.339
Optimizing NNI: done in 0.741823 secs using 86.49% CPU
Estimate model parameters (epsilon = 0.100)
BETTER TREE FOUND at iteration 2: -14589.352
Optimizing NNI: done in 0.765568 secs using 93.73% CPU
Estimate model parameters (epsilon = 0.100)
BETTER TREE FOUND at iteration 3: -14584.752
Optimizing NNI: done in 0.699624 secs using 99.97% CPU
Optimizing NNI: done in 0.653795 secs using 99.95% CPU
Estimate model parameters (epsilon = 0.100)
BETTER TREE FOUND at iteration 5: -14583.885
Optimizing NNI: done in 0.73282 secs using 99.96% CPU
Optimizing NNI: done in 0.7878 secs using 85.48% CPU
Optimizing NNI: done in 0.828221 secs using 81.57% CPU
Optimizing NNI: done in 0.770847 secs using 87.84% CPU
Optimizing NNI: done in 0.978855 secs using 95.06% CPU
Iteration 10 / LogL: -14584.365 / Time: 0h:2m:52s
Optimizing NNI: done in 0.636192 secs using 99.94% CPU
Optimizing NNI: done in 0.706459 secs using 100% CPU
Optimizing NNI: done in 0.528139 secs using 100% CPU
Optimizing NNI: done in 0.55967 secs using 100% CPU
Optimizing NNI: done in 0.704846 secs using 100% CPU
Estimate model parameters (epsilon = 0.100)
BETTER TREE FOUND at iteration 15: -14579.864
Optimizing NNI: done in 0.602227 secs using 100% CPU
Optimizing NNI: done in 0.582532 secs using 100% CPU
Optimizing NNI: done in 0.533666 secs using 89.42% CPU
Optimizing NNI: done in 0.814724 secs using 100% CPU
Optimizing NNI: done in 0.647274 secs using 100% CPU
Iteration 20 / LogL: -14593.648 / Time: 0h:3m:0s
Finish initializing candidate tree set (20)
Current best tree score: -14579.864 / CPU time: 27.668
Number of iterations: 20
--------------------------------------------------------------------
|               OPTIMIZING CANDIDATE TREE SET                      |
--------------------------------------------------------------------
Optimizing NNI: done in 1.00622 secs using 99.99% CPU
Estimate model parameters (epsilon = 0.100)
BETTER TREE FOUND at iteration 21: -14578.241
Optimizing NNI: done in 0.755141 secs using 99.98% CPU
Optimizing NNI: done in 0.996357 secs using 100% CPU
Optimizing NNI: done in 0.934093 secs using 99.99% CPU
Optimizing NNI: done in 0.975357 secs using 100% CPU
Optimizing NNI: done in 0.779651 secs using 99.99% CPU
Optimizing NNI: done in 0.943023 secs using 99.59% CPU
Optimizing NNI: done in 0.806973 secs using 100% CPU
Optimizing NNI: done in 0.846249 secs using 100% CPU
Optimizing NNI: done in 0.818439 secs using 100% CPU
Iteration 30 / LogL: -14604.385 / Time: 0h:3m:9s (0h:9m:54s left)
Optimizing NNI: done in 0.980427 secs using 100% CPU
Optimizing NNI: done in 0.813502 secs using 100% CPU
Optimizing NNI: done in 0.987398 secs using 99.62% CPU
Optimizing NNI: done in 0.845982 secs using 100% CPU
Optimizing NNI: done in 0.940382 secs using 100% CPU
Optimizing NNI: done in 1.32709 secs using 73.39% CPU
Optimizing NNI: done in 1.10445 secs using 91.31% CPU
Optimizing NNI: done in 1.15529 secs using 89.96% CPU
Optimizing NNI: done in 0.885119 secs using 96.48% CPU
Optimizing NNI: done in 0.947715 secs using 90.62% CPU
Iteration 40 / LogL: -14580.689 / Time: 0h:3m:19s (0h:6m:54s left)
Optimizing NNI: done in 0.90069 secs using 100% CPU
Estimate model parameters (epsilon = 0.100)
BETTER TREE FOUND at iteration 41: -14578.050
Optimizing NNI: done in 0.912465 secs using 99.64% CPU
Optimizing NNI: done in 0.846241 secs using 100% CPU
Optimizing NNI: done in 0.832303 secs using 100% CPU
Optimizing NNI: done in 1.00246 secs using 100% CPU
Optimizing NNI: done in 0.857817 secs using 100% CPU
Optimizing NNI: done in 1.15379 secs using 83.57% CPU
Optimizing NNI: done in 1.14671 secs using 85.69% CPU
Optimizing NNI: done in 0.81915 secs using 99.99% CPU
Optimizing NNI: done in 0.809664 secs using 100% CPU
Iteration 50 / LogL: -14578.938 / Time: 0h:3m:29s (0h:6m:28s left)
Optimizing NNI: done in 1.07144 secs using 100% CPU
Optimizing NNI: done in 1.25951 secs using 73.3% CPU
Optimizing NNI: done in 0.956873 secs using 100% CPU
Optimizing NNI: done in 0.812122 secs using 99.99% CPU
Optimizing NNI: done in 0.920251 secs using 99.57% CPU
Optimizing NNI: done in 0.945159 secs using 94.74% CPU
Optimizing NNI: done in 0.847315 secs using 100% CPU
UPDATE BEST LOG-LIKELIHOOD: -14578.050
Optimizing NNI: done in 0.867277 secs using 84.67% CPU
Optimizing NNI: done in 1.00791 secs using 80.08% CPU
Optimizing NNI: done in 0.999719 secs using 96.7% CPU
Iteration 60 / LogL: -14587.677 / Time: 0h:3m:39s (0h:5m:1s left)
Optimizing NNI: done in 0.929365 secs using 91.23% CPU
Optimizing NNI: done in 1.38218 secs using 67.66% CPU
BETTER TREE FOUND at iteration 62: -14578.045
Optimizing NNI: done in 1.07951 secs using 99.46% CPU
Optimizing NNI: done in 0.748779 secs using 99.88% CPU
Optimizing NNI: done in 0.896828 secs using 99.91% CPU
Optimizing NNI: done in 1.07889 secs using 92.08% CPU
Optimizing NNI: done in 1.15484 secs using 73.1% CPU
Estimate model parameters (epsilon = 0.100)
BETTER TREE FOUND at iteration 67: -14575.278
Optimizing NNI: done in 1.24774 secs using 66.14% CPU
Optimizing NNI: done in 0.825776 secs using 90.3% CPU
Optimizing NNI: done in 1.14828 secs using 94.08% CPU
Iteration 70 / LogL: -14578.301 / Time: 0h:3m:52s (0h:5m:27s left)
Optimizing NNI: done in 1.04464 secs using 95.09% CPU
Optimizing NNI: done in 0.76045 secs using 100% CPU
BETTER TREE FOUND at iteration 72: -14575.268
Optimizing NNI: done in 1.15558 secs using 92.73% CPU
Optimizing NNI: done in 1.10216 secs using 65.49% CPU
Optimizing NNI: done in 1.40846 secs using 73.61% CPU
Optimizing NNI: done in 0.904958 secs using 100% CPU
Optimizing NNI: done in 1.24516 secs using 66.38% CPU
Optimizing NNI: done in 1.05648 secs using 76.29% CPU
Optimizing NNI: done in 1.0132 secs using 90.95% CPU
Optimizing NNI: done in 0.951121 secs using 100% CPU
Iteration 80 / LogL: -14575.873 / Time: 0h:4m:3s (0h:4m:43s left)
Optimizing NNI: done in 1.05768 secs using 100% CPU
Optimizing NNI: done in 0.950123 secs using 94.08% CPU
Optimizing NNI: done in 1.17916 secs using 67.34% CPU
Optimizing NNI: done in 0.89577 secs using 100% CPU
Optimizing NNI: done in 1.05849 secs using 100% CPU
Optimizing NNI: done in 1.07354 secs using 99.81% CPU
Optimizing NNI: done in 1.01148 secs using 100% CPU
Optimizing NNI: done in 0.875109 secs using 99.98% CPU
Estimate model parameters (epsilon = 0.100)
BETTER TREE FOUND at iteration 88: -14574.936
Optimizing NNI: done in 0.965642 secs using 99.39% CPU
Optimizing NNI: done in 0.965537 secs using 97.48% CPU
Iteration 90 / LogL: -14575.970 / Time: 0h:4m:14s (0h:4m:39s left)
Optimizing NNI: done in 1.14963 secs using 100% CPU
Optimizing NNI: done in 1.00409 secs using 99.61% CPU
Optimizing NNI: done in 0.857313 secs using 100% CPU
Optimizing NNI: done in 0.81006 secs using 99.98% CPU
Optimizing NNI: done in 1.13641 secs using 100% CPU
Optimizing NNI: done in 0.83708 secs using 99.99% CPU
Optimizing NNI: done in 1.0194 secs using 90.58% CPU
Optimizing NNI: done in 0.650825 secs using 100% CPU
Optimizing NNI: done in 0.716016 secs using 99.41% CPU
Optimizing NNI: done in 0.899128 secs using 99.99% CPU
Iteration 100 / LogL: -14584.597 / Time: 0h:4m:23s (0h:3m:54s left)
Optimizing NNI: done in 1.15604 secs using 65.1% CPU
Optimizing NNI: done in 1.84298 secs using 37.03% CPU
BETTER TREE FOUND at iteration 102: -14574.934
Optimizing NNI: done in 1.89092 secs using 34.78% CPU
Optimizing NNI: done in 1.03322 secs using 88.8% CPU
Optimizing NNI: done in 0.950048 secs using 89.88% CPU
Optimizing NNI: done in 1.07352 secs using 100% CPU
Optimizing NNI: done in 0.774323 secs using 99.99% CPU
Optimizing NNI: done in 0.906838 secs using 100% CPU
Optimizing NNI: done in 0.946462 secs using 99.99% CPU
Optimizing NNI: done in 0.854848 secs using 100% CPU
Iteration 110 / LogL: -14584.927 / Time: 0h:4m:35s (0h:3m:52s left)
Optimizing NNI: done in 0.808218 secs using 99.99% CPU
Optimizing NNI: done in 0.745175 secs using 99.99% CPU
Optimizing NNI: done in 0.71196 secs using 90.25% CPU
Optimizing NNI: done in 0.74619 secs using 100% CPU
Optimizing NNI: done in 0.993292 secs using 95.71% CPU
Optimizing NNI: done in 1.05167 secs using 99.36% CPU
Optimizing NNI: done in 1.04495 secs using 99.98% CPU
Optimizing NNI: done in 0.812751 secs using 99.98% CPU
Optimizing NNI: done in 0.98597 secs using 100% CPU
Optimizing NNI: done in 0.985138 secs using 99.99% CPU
Iteration 120 / LogL: -14579.448 / Time: 0h:4m:44s (0h:3m:15s left)
Optimizing NNI: done in 0.828828 secs using 93.91% CPU
BETTER TREE FOUND at iteration 121: -14574.932
Optimizing NNI: done in 0.813287 secs using 100% CPU
Optimizing NNI: done in 0.866882 secs using 100% CPU
Optimizing NNI: done in 0.765825 secs using 100% CPU
Optimizing NNI: done in 0.962838 secs using 97.71% CPU
Optimizing NNI: done in 0.65891 secs using 100% CPU
Optimizing NNI: done in 0.835797 secs using 100% CPU
Optimizing NNI: done in 0.922665 secs using 99.98% CPU
Optimizing NNI: done in 0.552944 secs using 100% CPU
Optimizing NNI: done in 0.779023 secs using 99.34% CPU
Iteration 130 / LogL: -14577.301 / Time: 0h:4m:52s (0h:3m:26s left)
Optimizing NNI: done in 0.852979 secs using 99.99% CPU
Optimizing NNI: done in 0.654295 secs using 100% CPU
Optimizing NNI: done in 0.755383 secs using 99.99% CPU
Optimizing NNI: done in 0.874085 secs using 100% CPU
Optimizing NNI: done in 0.920158 secs using 99.84% CPU
Optimizing NNI: done in 0.660679 secs using 99.39% CPU
Optimizing NNI: done in 0.883201 secs using 100% CPU
Optimizing NNI: done in 0.883856 secs using 100% CPU
Optimizing NNI: done in 0.893415 secs using 100% CPU
Optimizing NNI: done in 0.974371 secs using 93.85% CPU
Iteration 140 / LogL: -14586.618 / Time: 0h:5m:0s (0h:2m:55s left)
Optimizing NNI: done in 0.63981 secs using 99.39% CPU
Optimizing NNI: done in 0.866362 secs using 100% CPU
Optimizing NNI: done in 0.849121 secs using 99.99% CPU
Optimizing NNI: done in 0.816276 secs using 99.99% CPU
Optimizing NNI: done in 0.941438 secs using 98.81% CPU
Optimizing NNI: done in 0.779959 secs using 99.32% CPU
Optimizing NNI: done in 0.744023 secs using 99.93% CPU
Optimizing NNI: done in 1.06088 secs using 81.43% CPU
Optimizing NNI: done in 0.941147 secs using 99.92% CPU
Optimizing NNI: done in 0.62349 secs using 99.21% CPU
Iteration 150 / LogL: -14584.738 / Time: 0h:5m:9s (0h:2m:27s left)
Optimizing NNI: done in 0.78508 secs using 100% CPU
Optimizing NNI: done in 0.72074 secs using 100% CPU
Optimizing NNI: done in 0.837068 secs using 100% CPU
Optimizing NNI: done in 0.673756 secs using 95.25% CPU
Optimizing NNI: done in 0.791627 secs using 88.88% CPU
Optimizing NNI: done in 1.08275 secs using 83.37% CPU
Optimizing NNI: done in 1.04776 secs using 97.96% CPU
Optimizing NNI: done in 1.02764 secs using 89.58% CPU
Optimizing NNI: done in 1.3692 secs using 92.99% CPU
Optimizing NNI: done in 0.852251 secs using 96.69% CPU
Iteration 160 / LogL: -14580.080 / Time: 0h:5m:18s (0h:2m:2s left)
Optimizing NNI: done in 0.939459 secs using 86.32% CPU
Optimizing NNI: done in 1.22499 secs using 96.06% CPU
Optimizing NNI: done in 0.92705 secs using 100% CPU
Optimizing NNI: done in 0.783049 secs using 100% CPU
Optimizing NNI: done in 0.861757 secs using 100% CPU
Optimizing NNI: done in 0.769825 secs using 100% CPU
Optimizing NNI: done in 0.966114 secs using 100% CPU
Optimizing NNI: done in 0.997434 secs using 100% CPU
Optimizing NNI: done in 0.99735 secs using 99.97% CPU
Optimizing NNI: done in 0.785876 secs using 99.49% CPU
Iteration 170 / LogL: -14574.934 / Time: 0h:5m:27s (0h:1m:38s left)
Optimizing NNI: done in 1.09318 secs using 100% CPU
Optimizing NNI: done in 0.896117 secs using 100% CPU
Optimizing NNI: done in 0.974969 secs using 100% CPU
Optimizing NNI: done in 0.986757 secs using 100% CPU
Optimizing NNI: done in 0.769725 secs using 100% CPU
Optimizing NNI: done in 0.913393 secs using 99.99% CPU
Optimizing NNI: done in 0.820413 secs using 100% CPU
Optimizing NNI: done in 1.08357 secs using 98.88% CPU
Optimizing NNI: done in 1.07454 secs using 81.77% CPU
Optimizing NNI: done in 1.02736 secs using 86% CPU
Iteration 180 / LogL: -14577.254 / Time: 0h:5m:37s (0h:1m:17s left)
Optimizing NNI: done in 0.944479 secs using 99.61% CPU
Optimizing NNI: done in 0.852988 secs using 93.91% CPU
Optimizing NNI: done in 1.37343 secs using 97.57% CPU
Optimizing NNI: done in 1.00815 secs using 100% CPU
Optimizing NNI: done in 1.14281 secs using 92.74% CPU
Optimizing NNI: done in 1.2376 secs using 90.29% CPU
Optimizing NNI: done in 1.35497 secs using 79.03% CPU
Optimizing NNI: done in 1.04334 secs using 72.7% CPU
Optimizing NNI: done in 0.749262 secs using 99.96% CPU
Optimizing NNI: done in 1.07412 secs using 97.39% CPU
Iteration 190 / LogL: -14576.180 / Time: 0h:5m:48s (0h:0m:57s left)
Optimizing NNI: done in 1.16917 secs using 76.04% CPU
Optimizing NNI: done in 0.869895 secs using 100% CPU
Optimizing NNI: done in 0.806973 secs using 100% CPU
Optimizing NNI: done in 0.802834 secs using 99.85% CPU
Optimizing NNI: done in 1.05205 secs using 99.88% CPU
Optimizing NNI: done in 0.813884 secs using 100% CPU
Optimizing NNI: done in 0.935104 secs using 90.97% CPU
Optimizing NNI: done in 1.16003 secs using 89.47% CPU
Optimizing NNI: done in 0.855952 secs using 100% CPU
Optimizing NNI: done in 0.970286 secs using 100% CPU
Iteration 200 / LogL: -14577.056 / Time: 0h:5m:58s (0h:0m:37s left)
Optimizing NNI: done in 1.04532 secs using 88.51% CPU
Optimizing NNI: done in 0.748341 secs using 98.14% CPU
Optimizing NNI: done in 1.20884 secs using 71.75% CPU
Optimizing NNI: done in 1.28906 secs using 85% CPU
Optimizing NNI: done in 1.19301 secs using 74.06% CPU
Optimizing NNI: done in 0.775356 secs using 100% CPU
Optimizing NNI: done in 1.16444 secs using 72.81% CPU
Optimizing NNI: done in 1.13383 secs using 79.5% CPU
Optimizing NNI: done in 0.749607 secs using 96.79% CPU
Optimizing NNI: done in 0.991509 secs using 99.99% CPU
Iteration 210 / LogL: -14579.670 / Time: 0h:6m:8s (0h:0m:19s left)
Optimizing NNI: done in 0.840485 secs using 99.91% CPU
Optimizing NNI: done in 1.04545 secs using 100% CPU
Optimizing NNI: done in 1.16053 secs using 90.24% CPU
Optimizing NNI: done in 0.886809 secs using 100% CPU
Optimizing NNI: done in 1.25514 secs using 73.41% CPU
Optimizing NNI: done in 0.966082 secs using 95.81% CPU
Optimizing NNI: done in 0.932584 secs using 100% CPU
Optimizing NNI: done in 1.00142 secs using 89.79% CPU
Optimizing NNI: done in 0.763144 secs using 100% CPU
Optimizing NNI: done in 0.895277 secs using 81.7% CPU
Iteration 220 / LogL: -14586.557 / Time: 0h:6m:18s (0h:0m:1s left)
Optimizing NNI: done in 0.802464 secs using 100% CPU
Optimizing NNI: done in 1.00771 secs using 96.02% CPU
TREE SEARCH COMPLETED AFTER 222 ITERATIONS / Time: 0h:6m:20s

--------------------------------------------------------------------
|                    FINALIZING TREE SEARCH                        |
--------------------------------------------------------------------
Performs final model parameters optimization
Estimate model parameters (epsilon = 0.010)
1. Initial log-likelihood: -14574.932
2. Current log-likelihood: -14574.845
3. Current log-likelihood: -14574.761
4. Current log-likelihood: -14574.680
5. Current log-likelihood: -14574.603
6. Current log-likelihood: -14574.529
7. Current log-likelihood: -14574.460
8. Current log-likelihood: -14574.395
9. Current log-likelihood: -14574.335
10. Current log-likelihood: -14574.280
11. Current log-likelihood: -14574.231
12. Current log-likelihood: -14574.186
13. Current log-likelihood: -14574.146
14. Current log-likelihood: -14574.112
15. Current log-likelihood: -14574.081
16. Current log-likelihood: -14574.055
17. Current log-likelihood: -14574.033
18. Current log-likelihood: -14574.014
19. Current log-likelihood: -14573.999
20. Current log-likelihood: -14573.987
21. Current log-likelihood: -14573.976
Optimal log-likelihood: -14573.968
Rate parameters:  A-C: 1.20647  A-G: 3.28928  A-T: 0.86422  C-G: 1.23097  C-T: 3.75723  G-T: 1.00000
Base frequencies:  A: 0.304  C: 0.174  G: 0.240  T: 0.282
Site proportion and rates:  (0.474,0.149) (0.377,1.205) (0.127,2.673) (0.022,6.114)
Parameters optimization took 21 rounds (7.696 sec)
BEST SCORE FOUND : -14573.968
Total tree length: 3.371

Total number of iterations: 222
CPU time used for tree search: 212.579 sec (0h:3m:32s)
Wall-clock time used for tree search: 228.115 sec (0h:3m:48s)
Total CPU time used: 404.751 sec (0h:6m:44s)
Total wall-clock time used: 388.186 sec (0h:6m:28s)

Analysis results written to: 
  IQ-TREE report:                5G13690_iqtree_preliminary_superstrict_excluding_hybrids.iqtree
  Maximum-likelihood tree:       5G13690_iqtree_preliminary_superstrict_excluding_hybrids.treefile
  Likelihood distances:          5G13690_iqtree_preliminary_superstrict_excluding_hybrids.mldist
  Screen log file:               5G13690_iqtree_preliminary_superstrict_excluding_hybrids.log

ALISIM COMMAND
--------------
--alisim simulated_MSA -t 5G13690_iqtree_preliminary_superstrict_excluding_hybrids.treefile -m "GTR{1.20647,3.28928,0.864223,1.23097,3.75723}+F{0.303594,0.174474,0.240187,0.281745}+R4{0.474068,0.149377,0.376592,1.20528,0.127207,2.67264,0.022132,6.11361}" --length 832

Date and Time: Fri Jun  2 08:12:48 2023
