IQ-TREE multicore version 2.2.2 COVID-edition for Linux 64-bit built Sep 20 2022
Developed by Bui Quang Minh, James Barbetti, Nguyen Lam Tung,
Olga Chernomor, Heiko Schmidt, Dominik Schrempf, Michael Woodhams, Ly Trong Nhan.

Host:    netdc-bms-c11f (AVX2, FMA3, 377 GB RAM)
Command: /home/kasper.hendriks/iqtree-2.2.2-Linux/bin/iqtree2 -s 5G23880_taper_preliminary_superstrict_excluding_hybrids.fasta -nm 1000 -m GTR+F+R -nt AUTO --prefix 5G23880_iqtree_preliminary_superstrict_excluding_hybrids
Seed:    173679 (Using SPRNG - Scalable Parallel Random Number Generator)
Time:    Fri Jun  2 08:09:05 2023
Kernel:  AVX+FMA - auto-detect threads (56 CPU cores detected)

Reading alignment file 5G23880_taper_preliminary_superstrict_excluding_hybrids.fasta ... Fasta format detected
Reading fasta file: done in 0.00135088 secs using 99.86% CPU
Alignment most likely contains DNA/RNA sequences
Constructing alignment: done in 0.00316715 secs using 1551% CPU
Alignment has 122 sequences with 426 columns, 325 distinct patterns
193 parsimony-informative, 67 singleton sites, 166 constant sites
               Gap/Ambiguity  Composition  p-value
Analyzing sequences: done in 0.00638103 secs using 1518% CPU
   1  PAFTOL_019361    0.00%    passed     97.95%
   2  S0055            0.00%    passed     98.09%
   3  S0196sl          4.69%    passed     98.61%
   4  S0278            0.00%    passed     99.84%
   5  S0281            0.23%    passed     99.59%
   6  S0282            0.00%    passed     99.73%
   7  S0288            0.47%    passed     91.10%
   8  S0289            4.46%    passed     99.92%
   9  S0292            0.00%    passed     96.94%
  10  S0293            0.23%    passed     98.35%
  11  S0294            5.87%    passed     78.37%
  12  S0299           42.96%    passed     96.36%
  13  S0303            0.00%    passed     94.32%
  14  S0308            0.00%    passed     79.43%
  15  S0322            0.00%    passed     90.62%
  16  S0327            0.00%    passed     91.79%
  17  S0335            0.00%    passed     87.62%
  18  S0345           46.48%    passed     98.82%
  19  S0355            0.00%    passed     96.66%
  20  S0376            0.23%    passed     78.61%
  21  S0400           22.30%    passed     82.57%
  22  S0405            0.70%    passed     98.64%
  23  S0412sl          7.04%    passed     83.28%
  24  S0417            0.00%    passed     89.03%
  25  S0419            0.00%    passed     95.49%
  26  S0427            0.00%    passed     89.54%
  27  S0428sl         57.04%    passed     81.65%
  28  S0430            0.23%    passed     87.92%
  29  S0478            0.23%    passed     99.99%
  30  S0552sl          0.23%    passed     99.16%
  31  S0558            0.00%    passed     98.05%
  32  S0616            2.35%    passed     84.59%
  33  S0624            0.00%    passed     92.79%
  34  S0641            0.00%    passed     99.25%
  35  S0643           43.43%    passed     87.59%
  36  S0645sl          0.00%    passed     82.27%
  37  S0656sl          0.23%    passed     97.25%
  38  S0673            0.00%    passed     95.36%
  39  S0689            1.41%    passed     89.79%
  40  S0690           43.19%    passed     86.81%
  41  S0720            0.00%    passed     92.46%
  42  S0724sl          0.00%    passed     97.48%
  43  S0735            2.35%    passed     82.10%
  44  S0742            0.00%    passed     99.99%
  45  S0748            0.00%    passed     91.15%
  46  S0756            0.00%    passed     97.95%
  47  S0760            0.00%    passed     98.32%
  48  S0763            0.23%    passed     99.46%
  49  S0770            0.47%    passed     96.72%
  50  S0771            0.00%    passed     98.39%
  51  S0888            5.63%    passed     88.66%
  52  S0899            2.58%    passed     88.95%
  53  S0906            0.00%    passed     99.82%
  54  S0951            0.23%    passed     98.05%
  55  S0952            2.11%    passed     76.01%
  56  S0959            0.00%    passed     93.12%
  57  S0960            0.23%    passed     98.77%
  58  S0964            0.23%    passed     99.64%
  59  S1083            5.63%    passed     99.80%
  60  S1100            2.11%    passed     87.26%
  61  S1102           42.96%    passed     94.46%
  62  S1110           42.96%    passed     93.09%
  63  S1120           36.15%    passed     69.63%
  64  S1128            0.23%    passed     98.84%
  65  S1129sl          0.00%    passed     98.32%
  66  S1148            2.11%    passed     78.67%
  67  S1177           42.96%    passed     87.01%
  68  S1180            2.11%    passed     68.59%
  69  S1189            0.00%    passed     99.32%
  70  S1201sl          0.47%    passed     92.11%
  71  S1210            0.00%    passed     93.64%
  72  S1211            0.00%    passed     93.70%
  73  S1214sl          0.00%    passed     96.94%
  74  S1223            2.58%    passed     70.68%
  75  S1227            0.00%    passed     99.70%
  76  S1235sl          0.00%    passed     90.94%
  77  S1239            4.23%    passed     98.66%
  78  S1245            0.00%    passed     97.98%
  79  S1246            0.00%    passed     97.98%
  80  S1249            0.00%    passed     91.15%
  81  S1250sl          0.00%    passed     89.08%
  82  S1251            0.00%    passed     99.74%
  83  S1260            2.11%    passed     69.61%
  84  S1266sl          0.23%    passed     91.98%
  85  S1278            0.00%    passed     98.78%
  86  S1315            4.23%    passed     68.68%
  87  S1332            0.00%    passed     93.60%
  88  S1366            2.82%    passed     98.03%
  89  S1369            0.70%    passed     96.65%
  90  S1370            1.88%    passed     99.55%
  91  S1375            0.70%    passed     94.75%
  92  S1376            0.00%    passed     99.10%
  93  S1381            0.00%    passed     99.85%
  94  S1405            0.23%    passed     93.55%
  95  S1422            0.23%    passed     91.22%
  96  S1449            0.23%    passed     96.06%
  97  S1451            0.00%    passed     95.61%
  98  S1460            0.47%    passed     90.76%
  99  S1462            0.00%    passed     99.70%
 100  S1475            0.94%    passed     98.97%
 101  S1498            5.40%    passed     99.70%
 102  S1539            0.00%    passed     92.56%
 103  S_670            0.00%    passed     96.42%
 104  SRR11470320      2.82%    passed     97.35%
 105  SRR8528336       0.23%    passed     98.76%
 106  SRR8528341       0.00%    passed     97.03%
 107  SRR8528343       0.23%    passed     99.82%
 108  SRR8528347       0.00%    passed     99.73%
 109  SRR8528350       0.23%    passed     99.51%
 110  SRR8528354       0.00%    passed     89.40%
 111  SRR8528357       0.00%    passed     94.53%
 112  SRR8528359       0.00%    passed     99.70%
 113  SRR8528361       0.47%    passed     94.23%
 114  SRR8528365       0.23%    passed     92.07%
 115  SRR8528370       0.00%    passed     99.39%
 116  SRR8528372       0.00%    passed     90.23%
 117  SRR8528379       0.00%    passed     99.56%
 118  SRR8528381       6.10%    passed     57.57%
 119  SRR8528384       0.00%    passed     96.40%
 120  SRR8528389       0.00%    passed     97.22%
 121  SRR8528391       0.00%    passed     90.03%
 122  SRR8528400       0.00%    passed     99.85%
WARNING: 1 sequences contain more than 50% gaps/ambiguity
****  TOTAL            4.21%  0 sequences failed composition chi2 test (p-value<5%; df=3)
NOTE: S1246 is identical to S1245 but kept for subsequent analysis
Checking for duplicate sequences: done in 0.00644803 secs using 1625% CPU

Create initial parsimony tree by phylogenetic likelihood library (PLL)... 0.088 seconds

NOTE: 5 MB RAM (0 GB) is required!
Measuring multi-threading efficiency up to 56 CPU cores
Increase to 10 rounds for branch lengths
321 trees examined
Threads: 1 / Time: 56.014 sec / Speedup: 1.000 / Efficiency: 100% / LogL: -10324
Threads: 2 / Time: 67.737 sec / Speedup: 0.827 / Efficiency: 41% / LogL: -10324
Determining AUTO threadcount: done in 123.752 secs using 119.7% CPU
BEST NUMBER OF THREADS: 1

Estimate model parameters (epsilon = 0.100)
1. Initial log-likelihood: -6268.955
2. Current log-likelihood: -6048.485
3. Current log-likelihood: -6046.158
4. Current log-likelihood: -6045.298
5. Current log-likelihood: -6044.594
6. Current log-likelihood: -6044.031
7. Current log-likelihood: -6043.586
8. Current log-likelihood: -6043.236
9. Current log-likelihood: -6042.961
10. Current log-likelihood: -6042.744
11. Current log-likelihood: -6042.571
12. Current log-likelihood: -6042.432
13. Current log-likelihood: -6042.316
14. Current log-likelihood: -6042.213
15. Current log-likelihood: -6042.112
16. Current log-likelihood: -6042.000
17. Current log-likelihood: -6041.867
18. Current log-likelihood: -6041.695
19. Current log-likelihood: -6041.469
20. Current log-likelihood: -6041.166
21. Current log-likelihood: -6040.749
22. Current log-likelihood: -6040.166
23. Current log-likelihood: -6039.343
24. Current log-likelihood: -6038.272
25. Current log-likelihood: -6037.252
26. Current log-likelihood: -6036.639
27. Current log-likelihood: -6036.290
28. Current log-likelihood: -6036.037
29. Current log-likelihood: -6035.843
30. Current log-likelihood: -6035.690
31. Current log-likelihood: -6035.565
32. Current log-likelihood: -6035.462
Optimal log-likelihood: -6035.359
Rate parameters:  A-C: 1.09225  A-G: 3.42475  A-T: 1.33678  C-G: 0.84926  C-T: 4.52050  G-T: 1.00000
Base frequencies:  A: 0.299  C: 0.205  G: 0.241  T: 0.255
Site proportion and rates:  (0.485,0.140) (0.220,0.911) (0.284,2.279) (0.012,7.069)
Parameters optimization took 32 rounds (6.601 sec)
Wrote distance file to... 
Computing ML distances based on estimated model parameters...
Calculating distance matrix: done in 0.151362 secs using 99.94% CPU
Computing ML distances took 0.151936 sec (of wall-clock time) 0.151847 sec (of CPU time)
Setting up auxiliary I and S matrices: done in 0.00109887 secs using 100% CPU
Constructing RapidNJ tree: done in 0.00350499 secs using 214.1% CPU
Computing RapidNJ tree took 0.004775 sec (of wall-clock time) 0.008774 sec (of CPU time)
Log-likelihood of RapidNJ tree: -6087.833
--------------------------------------------------------------------
|             INITIALIZING CANDIDATE TREE SET                      |
--------------------------------------------------------------------
Generating 98 parsimony trees... 2.430 second
Computing log-likelihood of 98 initial trees ... 2.637 seconds
Current best score: -6026.475

Do NNI search on 20 best initial trees
Optimizing NNI: done in 0.280383 secs using 100% CPU
Estimate model parameters (epsilon = 0.100)
BETTER TREE FOUND at iteration 1: -6023.417
Optimizing NNI: done in 0.304603 secs using 100% CPU
Estimate model parameters (epsilon = 0.100)
BETTER TREE FOUND at iteration 2: -6017.066
Optimizing NNI: done in 0.255677 secs using 100% CPU
Optimizing NNI: done in 0.296878 secs using 100% CPU
Optimizing NNI: done in 0.25742 secs using 100% CPU
Optimizing NNI: done in 0.232894 secs using 100% CPU
Optimizing NNI: done in 0.285619 secs using 100% CPU
Optimizing NNI: done in 0.343218 secs using 88.32% CPU
Optimizing NNI: done in 0.32477 secs using 100% CPU
Optimizing NNI: done in 0.229504 secs using 99.94% CPU
Iteration 10 / LogL: -6024.791 / Time: 0h:2m:19s
Optimizing NNI: done in 0.23328 secs using 99.99% CPU
Optimizing NNI: done in 0.237095 secs using 99.99% CPU
Optimizing NNI: done in 0.29945 secs using 99.99% CPU
Optimizing NNI: done in 0.451963 secs using 100% CPU
Optimizing NNI: done in 0.193435 secs using 100% CPU
Optimizing NNI: done in 0.333457 secs using 100% CPU
Optimizing NNI: done in 0.307392 secs using 100% CPU
Optimizing NNI: done in 0.262536 secs using 100% CPU
Optimizing NNI: done in 0.343646 secs using 98.97% CPU
Optimizing NNI: done in 0.498788 secs using 52.2% CPU
Iteration 20 / LogL: -6028.290 / Time: 0h:2m:22s
Finish initializing candidate tree set (20)
Current best tree score: -6017.066 / CPU time: 11.786
Number of iterations: 20
--------------------------------------------------------------------
|               OPTIMIZING CANDIDATE TREE SET                      |
--------------------------------------------------------------------
Optimizing NNI: done in 0.748659 secs using 62.7% CPU
Optimizing NNI: done in 1.22119 secs using 46.72% CPU
Optimizing NNI: done in 0.368134 secs using 100% CPU
Optimizing NNI: done in 0.425005 secs using 99.57% CPU
Optimizing NNI: done in 0.431942 secs using 100% CPU
Optimizing NNI: done in 0.527261 secs using 100% CPU
Optimizing NNI: done in 0.404522 secs using 100% CPU
Optimizing NNI: done in 0.492917 secs using 87.02% CPU
Optimizing NNI: done in 0.622205 secs using 81.34% CPU
Optimizing NNI: done in 0.579492 secs using 99.34% CPU
Iteration 30 / LogL: -6026.804 / Time: 0h:2m:28s (0h:6m:8s left)
Optimizing NNI: done in 0.467957 secs using 98.62% CPU
Optimizing NNI: done in 0.463346 secs using 99.98% CPU
Optimizing NNI: done in 0.468183 secs using 98.14% CPU
Optimizing NNI: done in 0.520595 secs using 100% CPU
Optimizing NNI: done in 0.483575 secs using 96.69% CPU
Optimizing NNI: done in 0.554394 secs using 100% CPU
Optimizing NNI: done in 0.467559 secs using 100% CPU
Optimizing NNI: done in 0.510727 secs using 100% CPU
Optimizing NNI: done in 0.459109 secs using 99.99% CPU
Optimizing NNI: done in 0.510446 secs using 100% CPU
Iteration 40 / LogL: -6020.013 / Time: 0h:2m:33s (0h:4m:3s left)
Optimizing NNI: done in 0.427509 secs using 99.94% CPU
Optimizing NNI: done in 0.497537 secs using 83.27% CPU
Optimizing NNI: done in 0.506537 secs using 99.88% CPU
Optimizing NNI: done in 0.45565 secs using 100% CPU
Optimizing NNI: done in 0.390656 secs using 100% CPU
Optimizing NNI: done in 0.512007 secs using 99.98% CPU
Optimizing NNI: done in 0.477163 secs using 94.15% CPU
Optimizing NNI: done in 0.71035 secs using 72.28% CPU
Optimizing NNI: done in 0.651101 secs using 75.22% CPU
Optimizing NNI: done in 0.379635 secs using 100% CPU
Iteration 50 / LogL: -6035.727 / Time: 0h:2m:38s (0h:2m:48s left)
Optimizing NNI: done in 0.551473 secs using 99.88% CPU
Optimizing NNI: done in 0.374803 secs using 99.38% CPU
Optimizing NNI: done in 0.36857 secs using 100% CPU
Optimizing NNI: done in 0.535946 secs using 99.99% CPU
Optimizing NNI: done in 0.405354 secs using 99.94% CPU
Optimizing NNI: done in 0.609262 secs using 67.96% CPU
Optimizing NNI: done in 0.856107 secs using 58.93% CPU
Optimizing NNI: done in 0.475931 secs using 100% CPU
Optimizing NNI: done in 0.505047 secs using 100% CPU
Optimizing NNI: done in 0.46878 secs using 100% CPU
Iteration 60 / LogL: -6034.232 / Time: 0h:2m:43s (0h:1m:56s left)
Optimizing NNI: done in 0.46626 secs using 99.99% CPU
Optimizing NNI: done in 0.443393 secs using 100% CPU
Optimizing NNI: done in 0.582055 secs using 100% CPU
Optimizing NNI: done in 0.49312 secs using 94.94% CPU
Optimizing NNI: done in 0.695511 secs using 70.36% CPU
Optimizing NNI: done in 0.646707 secs using 65.77% CPU
Optimizing NNI: done in 0.895012 secs using 65.81% CPU
Optimizing NNI: done in 0.384652 secs using 98.98% CPU
Optimizing NNI: done in 0.605092 secs using 75.3% CPU
BETTER TREE FOUND at iteration 69: -6017.064
Optimizing NNI: done in 0.534552 secs using 81.59% CPU
Iteration 70 / LogL: -6025.338 / Time: 0h:2m:49s (0h:4m:3s left)
Optimizing NNI: done in 0.69849 secs using 75.47% CPU
Optimizing NNI: done in 0.747128 secs using 67.62% CPU
Optimizing NNI: done in 0.628238 secs using 66.28% CPU
BETTER TREE FOUND at iteration 73: -6017.060
Optimizing NNI: done in 0.451713 secs using 81.55% CPU
Optimizing NNI: done in 0.877148 secs using 54.64% CPU
Optimizing NNI: done in 0.622917 secs using 74.71% CPU
Optimizing NNI: done in 0.571162 secs using 75.08% CPU
Optimizing NNI: done in 0.831493 secs using 52.99% CPU
Optimizing NNI: done in 0.653803 secs using 72.33% CPU
Optimizing NNI: done in 0.519787 secs using 87.12% CPU
Iteration 80 / LogL: -6019.747 / Time: 0h:2m:56s (0h:3m:27s left)
Optimizing NNI: done in 0.631648 secs using 68.31% CPU
Optimizing NNI: done in 0.74358 secs using 64.61% CPU
Optimizing NNI: done in 0.626645 secs using 76.07% CPU
Optimizing NNI: done in 0.456871 secs using 80.3% CPU
Optimizing NNI: done in 0.525261 secs using 72.43% CPU
Optimizing NNI: done in 0.609713 secs using 75.89% CPU
Optimizing NNI: done in 0.756394 secs using 60.79% CPU
Optimizing NNI: done in 0.687721 secs using 64.47% CPU
Optimizing NNI: done in 0.608476 secs using 88.36% CPU
Optimizing NNI: done in 0.824313 secs using 64.81% CPU
Iteration 90 / LogL: -6017.064 / Time: 0h:3m:3s (0h:2m:50s left)
Optimizing NNI: done in 0.47193 secs using 100% CPU
Optimizing NNI: done in 0.641147 secs using 67.98% CPU
Optimizing NNI: done in 0.776594 secs using 58.98% CPU
Optimizing NNI: done in 0.540926 secs using 63.45% CPU
Optimizing NNI: done in 0.573471 secs using 71.73% CPU
Optimizing NNI: done in 0.604447 secs using 77.11% CPU
Optimizing NNI: done in 0.551059 secs using 72.95% CPU
Optimizing NNI: done in 0.602612 secs using 64.79% CPU
Optimizing NNI: done in 0.495644 secs using 80.92% CPU
Optimizing NNI: done in 0.677159 secs using 74.03% CPU
Iteration 100 / LogL: -6017.684 / Time: 0h:3m:9s (0h:2m:19s left)
Optimizing NNI: done in 0.702134 secs using 60.81% CPU
Optimizing NNI: done in 0.409705 secs using 71.7% CPU
Optimizing NNI: done in 0.639088 secs using 76.24% CPU
Optimizing NNI: done in 0.527927 secs using 79.96% CPU
Optimizing NNI: done in 0.46103 secs using 93.72% CPU
Optimizing NNI: done in 0.637161 secs using 72.36% CPU
Optimizing NNI: done in 0.733153 secs using 67.68% CPU
Optimizing NNI: done in 0.671798 secs using 68.28% CPU
Optimizing NNI: done in 0.962617 secs using 59.61% CPU
Optimizing NNI: done in 0.908168 secs using 58.6% CPU
Iteration 110 / LogL: -6018.880 / Time: 0h:3m:16s (0h:1m:53s left)
Optimizing NNI: done in 0.554222 secs using 67.86% CPU
Optimizing NNI: done in 0.739068 secs using 64.28% CPU
Optimizing NNI: done in 0.519702 secs using 87.68% CPU
Optimizing NNI: done in 0.425887 secs using 99.94% CPU
Optimizing NNI: done in 0.478438 secs using 99.99% CPU
Optimizing NNI: done in 0.55273 secs using 90.67% CPU
Optimizing NNI: done in 0.444692 secs using 81.97% CPU
Optimizing NNI: done in 0.475202 secs using 86.54% CPU
Optimizing NNI: done in 0.505913 secs using 87.34% CPU
Optimizing NNI: done in 0.709187 secs using 61.19% CPU
Iteration 120 / LogL: -6017.062 / Time: 0h:3m:21s (0h:1m:29s left)
Optimizing NNI: done in 0.798366 secs using 62.94% CPU
Optimizing NNI: done in 0.863552 secs using 54.12% CPU
Optimizing NNI: done in 0.985765 secs using 53.85% CPU
Optimizing NNI: done in 0.622329 secs using 60.04% CPU
Optimizing NNI: done in 0.924591 secs using 50.34% CPU
Optimizing NNI: done in 0.757546 secs using 56.29% CPU
Optimizing NNI: done in 0.543368 secs using 64.54% CPU
Optimizing NNI: done in 0.875588 secs using 72.3% CPU
Optimizing NNI: done in 0.638 secs using 61.4% CPU
Optimizing NNI: done in 0.56038 secs using 77.11% CPU
Iteration 130 / LogL: -6031.611 / Time: 0h:3m:29s (0h:1m:9s left)
Optimizing NNI: done in 0.723457 secs using 70.65% CPU
Optimizing NNI: done in 0.466732 secs using 77.45% CPU
Optimizing NNI: done in 0.821265 secs using 58.8% CPU
Optimizing NNI: done in 0.721895 secs using 61.03% CPU
Optimizing NNI: done in 0.53553 secs using 70.57% CPU
Optimizing NNI: done in 0.516259 secs using 82% CPU
Optimizing NNI: done in 0.498072 secs using 74.45% CPU
Optimizing NNI: done in 0.726252 secs using 63.63% CPU
Optimizing NNI: done in 0.463827 secs using 85.31% CPU
Optimizing NNI: done in 0.811625 secs using 56.83% CPU
Iteration 140 / LogL: -6017.785 / Time: 0h:3m:35s (0h:0m:51s left)
Optimizing NNI: done in 0.844063 secs using 50.72% CPU
Optimizing NNI: done in 0.9644 secs using 50.23% CPU
Optimizing NNI: done in 0.86826 secs using 50.25% CPU
Optimizing NNI: done in 0.974295 secs using 43.15% CPU
Optimizing NNI: done in 0.732851 secs using 49.46% CPU
Optimizing NNI: done in 0.729763 secs using 60.27% CPU
Optimizing NNI: done in 0.660049 secs using 69.97% CPU
Optimizing NNI: done in 0.489683 secs using 74.56% CPU
Optimizing NNI: done in 0.847359 secs using 56.56% CPU
Optimizing NNI: done in 0.91893 secs using 45.7% CPU
Iteration 150 / LogL: -6024.891 / Time: 0h:3m:44s (0h:0m:34s left)
Optimizing NNI: done in 0.777214 secs using 50.59% CPU
Optimizing NNI: done in 0.852538 secs using 41.12% CPU
Optimizing NNI: done in 0.950225 secs using 49.85% CPU
Optimizing NNI: done in 0.802889 secs using 50.03% CPU
Optimizing NNI: done in 1.11461 secs using 41.94% CPU
Optimizing NNI: done in 0.548535 secs using 100% CPU
Optimizing NNI: done in 0.653929 secs using 60.85% CPU
Optimizing NNI: done in 0.635596 secs using 68.4% CPU
Optimizing NNI: done in 0.423184 secs using 100% CPU
Optimizing NNI: done in 0.59163 secs using 97.81% CPU
Iteration 160 / LogL: -6018.740 / Time: 0h:3m:51s (0h:0m:18s left)
Optimizing NNI: done in 0.41448 secs using 95.85% CPU
Optimizing NNI: done in 0.636353 secs using 83.5% CPU
Optimizing NNI: done in 0.84872 secs using 49.86% CPU
Optimizing NNI: done in 1.03102 secs using 50.33% CPU
Optimizing NNI: done in 0.923977 secs using 49.78% CPU
Optimizing NNI: done in 0.855673 secs using 48.57% CPU
Optimizing NNI: done in 0.637553 secs using 50.42% CPU
Optimizing NNI: done in 0.865043 secs using 44.31% CPU
Optimizing NNI: done in 0.764842 secs using 48.75% CPU
Optimizing NNI: done in 1.46878 secs using 34.68% CPU
Iteration 170 / LogL: -6017.325 / Time: 0h:4m:0s (0h:0m:4s left)
Optimizing NNI: done in 0.759367 secs using 55.15% CPU
Optimizing NNI: done in 0.624262 secs using 66.02% CPU
Optimizing NNI: done in 0.485488 secs using 71.14% CPU
Optimizing NNI: done in 0.757626 secs using 49.7% CPU
TREE SEARCH COMPLETED AFTER 174 ITERATIONS / Time: 0h:4m:2s

--------------------------------------------------------------------
|                    FINALIZING TREE SEARCH                        |
--------------------------------------------------------------------
Performs final model parameters optimization
Estimate model parameters (epsilon = 0.010)
1. Initial log-likelihood: -6017.060
2. Current log-likelihood: -6017.021
3. Current log-likelihood: -6016.963
4. Current log-likelihood: -6016.908
5. Current log-likelihood: -6016.854
6. Current log-likelihood: -6016.803
7. Current log-likelihood: -6016.754
8. Current log-likelihood: -6016.706
9. Current log-likelihood: -6016.661
10. Current log-likelihood: -6016.617
11. Current log-likelihood: -6016.574
12. Current log-likelihood: -6016.533
13. Current log-likelihood: -6016.493
14. Current log-likelihood: -6016.454
15. Current log-likelihood: -6016.417
16. Current log-likelihood: -6016.381
17. Current log-likelihood: -6016.346
18. Current log-likelihood: -6016.312
19. Current log-likelihood: -6016.279
20. Current log-likelihood: -6016.248
21. Current log-likelihood: -6016.217
22. Current log-likelihood: -6016.187
23. Current log-likelihood: -6016.158
24. Current log-likelihood: -6016.139
25. Current log-likelihood: -6016.113
26. Current log-likelihood: -6016.095
27. Current log-likelihood: -6016.070
28. Current log-likelihood: -6016.053
29. Current log-likelihood: -6016.028
30. Current log-likelihood: -6016.012
31. Current log-likelihood: -6015.988
32. Current log-likelihood: -6015.971
33. Current log-likelihood: -6015.948
34. Current log-likelihood: -6015.933
35. Current log-likelihood: -6015.917
36. Current log-likelihood: -6015.902
37. Current log-likelihood: -6015.887
38. Current log-likelihood: -6015.871
39. Current log-likelihood: -6015.857
40. Current log-likelihood: -6015.843
41. Current log-likelihood: -6015.829
42. Current log-likelihood: -6015.816
43. Current log-likelihood: -6015.803
44. Current log-likelihood: -6015.790
45. Current log-likelihood: -6015.778
46. Current log-likelihood: -6015.766
47. Current log-likelihood: -6015.755
48. Current log-likelihood: -6015.743
49. Current log-likelihood: -6015.732
50. Current log-likelihood: -6015.721
51. Current log-likelihood: -6015.710
52. Current log-likelihood: -6015.700
53. Current log-likelihood: -6015.689
54. Current log-likelihood: -6015.679
55. Current log-likelihood: -6015.668
56. Current log-likelihood: -6015.658
57. Current log-likelihood: -6015.648
Optimal log-likelihood: -6015.632
Rate parameters:  A-C: 1.07877  A-G: 3.37115  A-T: 1.36962  C-G: 0.79983  C-T: 4.62527  G-T: 1.00000
Base frequencies:  A: 0.299  C: 0.205  G: 0.241  T: 0.255
Site proportion and rates:  (0.427,0.095) (0.290,0.821) (0.271,2.319) (0.013,7.216)
Parameters optimization took 57 rounds (17.585 sec)
BEST SCORE FOUND : -6015.632
Total tree length: 2.499

Total number of iterations: 174
CPU time used for tree search: 81.421 sec (0h:1m:21s)
Wall-clock time used for tree search: 112.079 sec (0h:1m:52s)
Total CPU time used: 248.739 sec (0h:4m:8s)
Total wall-clock time used: 260.472 sec (0h:4m:20s)

Analysis results written to: 
  IQ-TREE report:                5G23880_iqtree_preliminary_superstrict_excluding_hybrids.iqtree
  Maximum-likelihood tree:       5G23880_iqtree_preliminary_superstrict_excluding_hybrids.treefile
  Likelihood distances:          5G23880_iqtree_preliminary_superstrict_excluding_hybrids.mldist
  Screen log file:               5G23880_iqtree_preliminary_superstrict_excluding_hybrids.log

ALISIM COMMAND
--------------
--alisim simulated_MSA -t 5G23880_iqtree_preliminary_superstrict_excluding_hybrids.treefile -m "GTR{1.07877,3.37115,1.36962,0.799831,4.62527}+F{0.298852,0.20538,0.240838,0.254931}+R4{0.426644,0.0945238,0.289707,0.821111,0.270557,2.31862,0.0130916,7.21613}" --length 426

Date and Time: Fri Jun  2 08:13:25 2023
