IQ-TREE multicore version 2.2.2 COVID-edition for Linux 64-bit built Sep 20 2022
Developed by Bui Quang Minh, James Barbetti, Nguyen Lam Tung,
Olga Chernomor, Heiko Schmidt, Dominik Schrempf, Michael Woodhams, Ly Trong Nhan.

Host:    netdc-bms-c11f (AVX2, FMA3, 377 GB RAM)
Command: /home/kasper.hendriks/iqtree-2.2.2-Linux/bin/iqtree2 -s 5G35410_taper_preliminary_superstrict_excluding_hybrids.fasta -nm 1000 -m GTR+F+R -nt AUTO --prefix 5G35410_iqtree_preliminary_superstrict_excluding_hybrids
Seed:    261738 (Using SPRNG - Scalable Parallel Random Number Generator)
Time:    Fri Jun  2 08:09:26 2023
Kernel:  AVX+FMA - auto-detect threads (56 CPU cores detected)

Reading alignment file 5G35410_taper_preliminary_superstrict_excluding_hybrids.fasta ... Fasta format detected
Reading fasta file: done in 0.000425816 secs using 99.34% CPU
Alignment most likely contains DNA/RNA sequences
Constructing alignment: done in 0.00114107 secs using 1587% CPU
Alignment has 77 sequences with 180 columns, 95 distinct patterns
65 parsimony-informative, 19 singleton sites, 96 constant sites
               Gap/Ambiguity  Composition  p-value
Analyzing sequences: done in 0.0161231 secs using 1497% CPU
   1  PAFTOL_019361    0.00%    passed     93.53%
   2  S0055            0.00%    passed     98.86%
   3  S0281            0.00%    passed     98.49%
   4  S0289            0.00%    passed     95.69%
   5  S0293            0.00%    passed     89.55%
   6  S0299            0.56%    passed     98.19%
   7  S0308            0.00%    passed     86.13%
   8  S0320            0.00%    passed     98.68%
   9  S0335            0.00%    passed     94.14%
  10  S0355            0.56%    passed    100.00%
  11  S0376            0.00%    passed     90.12%
  12  S0405            1.11%    passed     98.34%
  13  S0417            0.56%    passed     99.88%
  14  S0427            0.00%    passed     83.65%
  15  S0478            0.00%    passed     90.09%
  16  S0552sl          7.22%    passed     87.16%
  17  S0558            0.00%    passed     99.38%
  18  S0641            0.00%    passed     99.49%
  19  S0643            0.00%    passed     98.40%
  20  S0645sl          0.56%    passed     96.82%
  21  S0673            0.00%    passed     99.43%
  22  S0689            0.00%    passed     97.77%
  23  S0720            0.00%    passed     99.38%
  24  S0742            0.00%    passed     92.16%
  25  S0748            0.00%    passed     99.91%
  26  S0756            0.00%    passed     97.22%
  27  S0763            0.00%    passed     98.40%
  28  S0771            0.00%    passed     94.05%
  29  S0894            0.00%    passed     99.43%
  30  S0899            0.00%    passed     95.69%
  31  S0959            0.00%    passed     98.69%
  32  S0960            5.00%    passed     94.55%
  33  S1052sl          0.00%    passed     97.43%
  34  S1083            0.00%    passed     99.99%
  35  S1128            0.56%    passed     97.18%
  36  S1129sl          1.67%    passed     95.31%
  37  S1177            0.00%    passed     99.86%
  38  S1189            0.56%    passed     91.79%
  39  S1201sl          0.00%    passed     85.88%
  40  S1210            0.00%    passed     96.81%
  41  S1211            0.00%    passed     97.66%
  42  S1214sl          0.00%    passed     86.69%
  43  S1227            0.00%    passed     98.40%
  44  S1235sl          0.00%    passed     94.11%
  45  S1239            0.00%    passed     98.14%
  46  S1245            0.00%    passed     99.43%
  47  S1246            0.00%    passed     99.43%
  48  S1251            0.00%    passed     97.75%
  49  S1278            0.00%    passed     97.72%
  50  S1315            0.56%    passed     97.12%
  51  S1332            0.00%    passed     99.03%
  52  S1369            0.00%    passed     99.03%
  53  S1370            0.56%    passed     97.71%
  54  S1375            0.00%    passed     95.86%
  55  S1381            0.00%    passed     98.94%
  56  S1449            0.00%    passed     87.15%
  57  S1460            0.56%    passed     95.63%
  58  S1462            0.00%    passed     99.86%
  59  S1498            0.00%    passed     99.99%
  60  S1539            0.00%    passed     98.29%
  61  S_670            0.00%    passed     94.36%
  62  SRR8528336       2.22%    passed     86.83%
  63  SRR8528341       5.00%    passed     95.46%
  64  SRR8528343       0.00%    passed     96.44%
  65  SRR8528347       0.00%    passed     97.43%
  66  SRR8528350       0.00%    passed     98.30%
  67  SRR8528354       0.00%    passed     97.99%
  68  SRR8528357       0.00%    passed     98.98%
  69  SRR8528359       0.00%    passed     97.71%
  70  SRR8528361       1.67%    passed     99.16%
  71  SRR8528365       0.00%    passed     94.94%
  72  SRR8528370       0.00%    passed     99.43%
  73  SRR8528372       0.00%    passed     95.76%
  74  SRR8528381       0.00%    passed     83.58%
  75  SRR8528384       0.00%    passed     94.31%
  76  SRR8528389       0.00%    passed     95.15%
  77  SRR8528391       0.00%    passed     99.65%
****  TOTAL            0.38%  0 sequences failed composition chi2 test (p-value<5%; df=3)
NOTE: S0763 is identical to S0643 but kept for subsequent analysis
NOTE: S0894 is identical to S0673 but kept for subsequent analysis
NOTE: S1498 is identical to S1083 but kept for subsequent analysis
NOTE: S1462 is identical to S1177 but kept for subsequent analysis
Checking for duplicate sequences: done in 0.00742388 secs using 1500% CPU
Identifying sites to remove: done in 0.000443935 secs using 1392% CPU
NOTE: 4 identical sequences (see below) will be ignored for subsequent analysis
NOTE: S1227 (identical to S0643) is ignored but added at the end
NOTE: S1245 (identical to S0673) is ignored but added at the end
NOTE: S1246 (identical to S0673) is ignored but added at the end
NOTE: SRR8528370 (identical to S0673) is ignored but added at the end
Alignment was printed to 5G35410_iqtree_preliminary_superstrict_excluding_hybrids.uniqueseq.phy

For your convenience alignment with unique sequences printed to 5G35410_iqtree_preliminary_superstrict_excluding_hybrids.uniqueseq.phy

Create initial parsimony tree by phylogenetic likelihood library (PLL)... 0.021 seconds

NOTE: 0 MB RAM (0 GB) is required!
Measuring multi-threading efficiency up to 56 CPU cores
Increase to 10 rounds for branch lengths
1720 trees examined
Threads: 1 / Time: 56.005 sec / Speedup: 1.000 / Efficiency: 100% / LogL: -2755
Threads: 2 / Time: 49.851 sec / Speedup: 1.123 / Efficiency: 56% / LogL: -2755
Threads: 3 / Time: 55.822 sec / Speedup: 1.003 / Efficiency: 33% / LogL: -2755
Determining AUTO threadcount: done in 161.678 secs using 182.5% CPU
BEST NUMBER OF THREADS: 2

Estimate model parameters (epsilon = 0.100)
1. Initial log-likelihood: -1810.510
2. Current log-likelihood: -1724.508
3. Current log-likelihood: -1721.520
4. Current log-likelihood: -1720.482
5. Current log-likelihood: -1719.683
6. Current log-likelihood: -1718.984
7. Current log-likelihood: -1718.402
8. Current log-likelihood: -1717.933
9. Current log-likelihood: -1717.557
10. Current log-likelihood: -1717.252
11. Current log-likelihood: -1716.996
12. Current log-likelihood: -1716.777
13. Current log-likelihood: -1716.586
14. Current log-likelihood: -1716.417
15. Current log-likelihood: -1716.265
16. Current log-likelihood: -1716.128
17. Current log-likelihood: -1716.004
18. Current log-likelihood: -1715.890
19. Current log-likelihood: -1715.786
Optimal log-likelihood: -1715.637
Rate parameters:  A-C: 1.56346  A-G: 5.94081  A-T: 1.75362  C-G: 1.15340  C-T: 6.32956  G-T: 1.00000
Base frequencies:  A: 0.229  C: 0.195  G: 0.256  T: 0.320
Site proportion and rates:  (0.558,0.089) (0.007,0.206) (0.330,1.553) (0.106,4.126)
Parameters optimization took 19 rounds (1.358 sec)
Wrote distance file to... 
Computing ML distances based on estimated model parameters...
Calculating distance matrix: done in 0.0196712 secs using 199.9% CPU
Computing ML distances took 0.019853 sec (of wall-clock time) 0.039610 sec (of CPU time)
Setting up auxiliary I and S matrices: done in 0.000348091 secs using 197.6% CPU
Constructing RapidNJ tree: done in 0.00178909 secs using 185.3% CPU
Computing RapidNJ tree took 0.002266 sec (of wall-clock time) 0.004551 sec (of CPU time)
Log-likelihood of RapidNJ tree: -1717.522
--------------------------------------------------------------------
|             INITIALIZING CANDIDATE TREE SET                      |
--------------------------------------------------------------------
Generating 98 parsimony trees... 0.582 second
Computing log-likelihood of 98 initial trees ... 0.654 seconds
Current best score: -1713.146

Do NNI search on 20 best initial trees
Optimizing NNI: done in 0.087729 secs using 182.6% CPU
Estimate model parameters (epsilon = 0.100)
BETTER TREE FOUND at iteration 1: -1709.778
Optimizing NNI: done in 0.124703 secs using 176.3% CPU
Estimate model parameters (epsilon = 0.100)
BETTER TREE FOUND at iteration 2: -1709.090
Optimizing NNI: done in 0.0904531 secs using 200% CPU
Estimate model parameters (epsilon = 0.100)
BETTER TREE FOUND at iteration 3: -1706.775
Optimizing NNI: done in 0.0683558 secs using 199.3% CPU
Estimate model parameters (epsilon = 0.100)
BETTER TREE FOUND at iteration 4: -1703.628
Optimizing NNI: done in 0.101172 secs using 200.3% CPU
Optimizing NNI: done in 0.089448 secs using 200% CPU
Optimizing NNI: done in 0.090138 secs using 199.7% CPU
Optimizing NNI: done in 0.117189 secs using 178.6% CPU
Optimizing NNI: done in 0.098455 secs using 196.2% CPU
Optimizing NNI: done in 0.0638351 secs using 200.1% CPU
Iteration 10 / LogL: -1710.730 / Time: 0h:2m:45s
Optimizing NNI: done in 0.100447 secs using 200.4% CPU
Optimizing NNI: done in 0.0670691 secs using 199.4% CPU
Optimizing NNI: done in 0.143619 secs using 169.6% CPU
Optimizing NNI: done in 0.126098 secs using 193.7% CPU
Optimizing NNI: done in 0.100695 secs using 200.5% CPU
Optimizing NNI: done in 0.103734 secs using 194.5% CPU
Optimizing NNI: done in 0.0868878 secs using 200% CPU
Optimizing NNI: done in 0.097389 secs using 198.7% CPU
Optimizing NNI: done in 0.08992 secs using 197.7% CPU
Optimizing NNI: done in 0.14502 secs using 194.2% CPU
Iteration 20 / LogL: -1709.272 / Time: 0h:2m:46s
Finish initializing candidate tree set (20)
Current best tree score: -1703.628 / CPU time: 3.576
Number of iterations: 20
--------------------------------------------------------------------
|               OPTIMIZING CANDIDATE TREE SET                      |
--------------------------------------------------------------------
Optimizing NNI: done in 0.114619 secs using 168.7% CPU
Optimizing NNI: done in 0.200148 secs using 148.5% CPU
Optimizing NNI: done in 0.146478 secs using 179.1% CPU
BETTER TREE FOUND at iteration 23: -1703.623
Optimizing NNI: done in 0.187974 secs using 177.6% CPU
Optimizing NNI: done in 0.100386 secs using 196.2% CPU
Optimizing NNI: done in 0.286346 secs using 153.9% CPU
Optimizing NNI: done in 0.198627 secs using 158.8% CPU
Optimizing NNI: done in 0.19064 secs using 166.9% CPU
Optimizing NNI: done in 0.0904169 secs using 199.9% CPU
Optimizing NNI: done in 0.157853 secs using 177.6% CPU
Iteration 30 / LogL: -1704.974 / Time: 0h:2m:48s (0h:9m:0s left)
Optimizing NNI: done in 0.166039 secs using 170.9% CPU
Optimizing NNI: done in 0.225384 secs using 152.7% CPU
Optimizing NNI: done in 0.093266 secs using 202% CPU
Optimizing NNI: done in 0.223309 secs using 155.1% CPU
Optimizing NNI: done in 0.174191 secs using 148.3% CPU
Optimizing NNI: done in 0.0952899 secs using 190.5% CPU
Optimizing NNI: done in 0.106128 secs using 200% CPU
Optimizing NNI: done in 0.0863588 secs using 200% CPU
Optimizing NNI: done in 0.106187 secs using 199.8% CPU
Optimizing NNI: done in 0.0987151 secs using 198% CPU
Iteration 40 / LogL: -1706.210 / Time: 0h:2m:49s (0h:6m:1s left)
Optimizing NNI: done in 0.079653 secs using 198.3% CPU
Optimizing NNI: done in 0.0984621 secs using 199% CPU
Optimizing NNI: done in 0.109442 secs using 200% CPU
Optimizing NNI: done in 0.204626 secs using 170.7% CPU
Optimizing NNI: done in 0.229583 secs using 115.5% CPU
Optimizing NNI: done in 0.239128 secs using 143.5% CPU
Optimizing NNI: done in 0.134361 secs using 185% CPU
Optimizing NNI: done in 0.10093 secs using 201.3% CPU
Optimizing NNI: done in 0.088325 secs using 200% CPU
Optimizing NNI: done in 0.082901 secs using 199.9% CPU
Iteration 50 / LogL: -1708.728 / Time: 0h:2m:51s (0h:4m:15s left)
Optimizing NNI: done in 0.185431 secs using 170.1% CPU
Optimizing NNI: done in 0.115356 secs using 195.4% CPU
Optimizing NNI: done in 0.115276 secs using 199.7% CPU
Optimizing NNI: done in 0.126193 secs using 199.9% CPU
Optimizing NNI: done in 0.102842 secs using 198.7% CPU
Optimizing NNI: done in 0.117551 secs using 199.9% CPU
Optimizing NNI: done in 0.080097 secs using 197% CPU
Optimizing NNI: done in 0.0985789 secs using 199.2% CPU
Optimizing NNI: done in 0.090198 secs using 199.9% CPU
Optimizing NNI: done in 0.125154 secs using 200% CPU
Iteration 60 / LogL: -1703.624 / Time: 0h:2m:52s (0h:3m:4s left)
Optimizing NNI: done in 0.142299 secs using 200% CPU
Optimizing NNI: done in 0.133703 secs using 200% CPU
Optimizing NNI: done in 0.118088 secs using 200% CPU
Optimizing NNI: done in 0.108216 secs using 170.3% CPU
Optimizing NNI: done in 0.0908301 secs using 195.9% CPU
Optimizing NNI: done in 0.116806 secs using 190.8% CPU
Optimizing NNI: done in 0.101113 secs using 199.7% CPU
Optimizing NNI: done in 0.089361 secs using 199.6% CPU
Optimizing NNI: done in 0.149058 secs using 200% CPU
Optimizing NNI: done in 0.085793 secs using 195.1% CPU
Iteration 70 / LogL: -1703.624 / Time: 0h:2m:53s (0h:2m:13s left)
Optimizing NNI: done in 0.129475 secs using 199.8% CPU
Optimizing NNI: done in 0.152432 secs using 183.1% CPU
Optimizing NNI: done in 0.090229 secs using 200% CPU
Optimizing NNI: done in 0.132906 secs using 198.8% CPU
Optimizing NNI: done in 0.105754 secs using 199.6% CPU
Optimizing NNI: done in 0.068248 secs using 199.9% CPU
Optimizing NNI: done in 0.133264 secs using 197% CPU
Optimizing NNI: done in 0.11628 secs using 199.7% CPU
Optimizing NNI: done in 0.137518 secs using 164.4% CPU
Optimizing NNI: done in 0.0930002 secs using 198.7% CPU
Iteration 80 / LogL: -1704.851 / Time: 0h:2m:54s (0h:1m:35s left)
Optimizing NNI: done in 0.091639 secs using 195.6% CPU
Optimizing NNI: done in 0.140364 secs using 199.7% CPU
Optimizing NNI: done in 0.090344 secs using 199.1% CPU
Optimizing NNI: done in 0.119462 secs using 197% CPU
Optimizing NNI: done in 0.114218 secs using 201.5% CPU
Optimizing NNI: done in 0.102717 secs using 199.6% CPU
Optimizing NNI: done in 0.232983 secs using 163.4% CPU
Optimizing NNI: done in 0.159325 secs using 167% CPU
Optimizing NNI: done in 0.122927 secs using 200% CPU
Optimizing NNI: done in 0.110469 secs using 199.6% CPU
Iteration 90 / LogL: -1703.942 / Time: 0h:2m:56s (0h:1m:5s left)
Optimizing NNI: done in 0.0863369 secs using 199.8% CPU
Optimizing NNI: done in 0.132373 secs using 199.8% CPU
Optimizing NNI: done in 0.0797012 secs using 188.3% CPU
Optimizing NNI: done in 0.137131 secs using 199.8% CPU
Optimizing NNI: done in 0.084914 secs using 199.7% CPU
Optimizing NNI: done in 0.0947881 secs using 199.5% CPU
Optimizing NNI: done in 0.099735 secs using 199.9% CPU
Optimizing NNI: done in 0.127184 secs using 200% CPU
Optimizing NNI: done in 0.138415 secs using 199.7% CPU
Optimizing NNI: done in 0.104128 secs using 196.7% CPU
Iteration 100 / LogL: -1712.368 / Time: 0h:2m:57s (0h:0m:41s left)
Optimizing NNI: done in 0.146436 secs using 200.8% CPU
Optimizing NNI: done in 0.142082 secs using 195.1% CPU
Optimizing NNI: done in 0.0840211 secs using 199.8% CPU
Optimizing NNI: done in 0.131407 secs using 198.6% CPU
Optimizing NNI: done in 0.0980589 secs using 199.9% CPU
Optimizing NNI: done in 0.0938509 secs using 195.3% CPU
Optimizing NNI: done in 0.102059 secs using 199.8% CPU
Optimizing NNI: done in 0.117387 secs using 168.5% CPU
Optimizing NNI: done in 0.13901 secs using 200% CPU
Optimizing NNI: done in 0.154025 secs using 146.9% CPU
Iteration 110 / LogL: -1711.019 / Time: 0h:2m:58s (0h:0m:21s left)
Optimizing NNI: done in 0.098063 secs using 200% CPU
Optimizing NNI: done in 0.178183 secs using 164.1% CPU
Optimizing NNI: done in 0.098794 secs using 200% CPU
Optimizing NNI: done in 0.098794 secs using 200% CPU
Optimizing NNI: done in 0.105523 secs using 200% CPU
Optimizing NNI: done in 0.131188 secs using 200% CPU
Optimizing NNI: done in 0.086139 secs using 200% CPU
Optimizing NNI: done in 0.106792 secs using 197.8% CPU
Optimizing NNI: done in 0.103498 secs using 200.5% CPU
Optimizing NNI: done in 0.091644 secs using 200.9% CPU
Iteration 120 / LogL: -1716.229 / Time: 0h:2m:59s (0h:0m:4s left)
Optimizing NNI: done in 0.168941 secs using 164% CPU
Optimizing NNI: done in 0.144871 secs using 199.2% CPU
Optimizing NNI: done in 0.141733 secs using 197.2% CPU
Optimizing NNI: done in 0.126151 secs using 200% CPU
TREE SEARCH COMPLETED AFTER 124 ITERATIONS / Time: 0h:3m:0s

--------------------------------------------------------------------
|                    FINALIZING TREE SEARCH                        |
--------------------------------------------------------------------
Performs final model parameters optimization
Estimate model parameters (epsilon = 0.010)
1. Initial log-likelihood: -1703.623
2. Current log-likelihood: -1703.585
3. Current log-likelihood: -1703.527
4. Current log-likelihood: -1703.474
5. Current log-likelihood: -1703.424
6. Current log-likelihood: -1703.377
7. Current log-likelihood: -1703.334
8. Current log-likelihood: -1703.293
9. Current log-likelihood: -1703.254
10. Current log-likelihood: -1703.218
11. Current log-likelihood: -1703.183
12. Current log-likelihood: -1703.151
13. Current log-likelihood: -1703.119
14. Current log-likelihood: -1703.090
15. Current log-likelihood: -1703.061
16. Current log-likelihood: -1703.035
17. Current log-likelihood: -1703.009
18. Current log-likelihood: -1702.984
19. Current log-likelihood: -1702.960
20. Current log-likelihood: -1702.944
21. Current log-likelihood: -1702.928
22. Current log-likelihood: -1702.912
23. Current log-likelihood: -1702.896
24. Current log-likelihood: -1702.882
25. Current log-likelihood: -1702.867
26. Current log-likelihood: -1702.854
27. Current log-likelihood: -1702.840
28. Current log-likelihood: -1702.827
29. Current log-likelihood: -1702.814
30. Current log-likelihood: -1702.802
31. Current log-likelihood: -1702.789
32. Current log-likelihood: -1702.777
33. Current log-likelihood: -1702.766
34. Current log-likelihood: -1702.754
35. Current log-likelihood: -1702.743
36. Current log-likelihood: -1702.733
37. Current log-likelihood: -1702.722
38. Current log-likelihood: -1702.712
Optimal log-likelihood: -1702.705
Rate parameters:  A-C: 1.56505  A-G: 6.77025  A-T: 1.76603  C-G: 1.21630  C-T: 6.62884  G-T: 1.00000
Base frequencies:  A: 0.229  C: 0.195  G: 0.256  T: 0.320
Site proportion and rates:  (0.538,0.049) (0.000,0.114) (0.331,1.456) (0.130,3.771)
Parameters optimization took 38 rounds (1.946 sec)
BEST SCORE FOUND : -1702.705
Total tree length: 1.710

Total number of iterations: 124
CPU time used for tree search: 31.634 sec (0h:0m:31s)
Wall-clock time used for tree search: 17.142 sec (0h:0m:17s)
Total CPU time used: 334.103 sec (0h:5m:34s)
Total wall-clock time used: 182.283 sec (0h:3m:2s)

Analysis results written to: 
  IQ-TREE report:                5G35410_iqtree_preliminary_superstrict_excluding_hybrids.iqtree
  Maximum-likelihood tree:       5G35410_iqtree_preliminary_superstrict_excluding_hybrids.treefile
  Likelihood distances:          5G35410_iqtree_preliminary_superstrict_excluding_hybrids.mldist
  Screen log file:               5G35410_iqtree_preliminary_superstrict_excluding_hybrids.log

ALISIM COMMAND
--------------
--alisim simulated_MSA -t 5G35410_iqtree_preliminary_superstrict_excluding_hybrids.treefile -m "GTR{1.56505,6.77025,1.76603,1.2163,6.62884}+F{0.228954,0.194895,0.256208,0.319943}+R4{0.538469,0.0493529,0.000101301,0.113847,0.331243,1.45649,0.130187,3.77119}" --length 180

Date and Time: Fri Jun  2 08:12:28 2023
