IQ-TREE multicore version 2.2.2 COVID-edition for Linux 64-bit built Sep 20 2022
Developed by Bui Quang Minh, James Barbetti, Nguyen Lam Tung,
Olga Chernomor, Heiko Schmidt, Dominik Schrempf, Michael Woodhams, Ly Trong Nhan.

Host:    netdc-bms-c11f (AVX2, FMA3, 377 GB RAM)
Command: /home/kasper.hendriks/iqtree-2.2.2-Linux/bin/iqtree2 -s 5G45900_taper_preliminary_superstrict_excluding_hybrids.fasta -nm 1000 -m GTR+F+R -nt AUTO --prefix 5G45900_iqtree_preliminary_superstrict_excluding_hybrids
Seed:    578100 (Using SPRNG - Scalable Parallel Random Number Generator)
Time:    Fri Jun  2 08:10:52 2023
Kernel:  AVX+FMA - auto-detect threads (56 CPU cores detected)

Reading alignment file 5G45900_taper_preliminary_superstrict_excluding_hybrids.fasta ... Fasta format detected
Reading fasta file: done in 0.000475883 secs using 99.6% CPU
Alignment most likely contains DNA/RNA sequences
Constructing alignment: done in 0.00143218 secs using 1600% CPU
Alignment has 82 sequences with 198 columns, 142 distinct patterns
80 parsimony-informative, 39 singleton sites, 79 constant sites
            Gap/Ambiguity  Composition  p-value
Analyzing sequences: done in 0.00819087 secs using 1342% CPU
   1  S0281         3.54%    passed     90.12%
   2  S0282         0.51%    passed     83.73%
   3  S0293         0.51%    passed     96.84%
   4  S0299         0.00%    passed     79.42%
   5  S0320         0.00%    passed     91.94%
   6  S0335         0.00%    passed     70.32%
   7  S0376         0.00%    passed     96.95%
   8  S0400         6.06%    passed     97.08%
   9  S0405         0.00%    passed     85.73%
  10  S0412sl       0.00%    passed     74.63%
  11  S0419         0.00%    passed     99.06%
  12  S0552sl       0.51%    passed     61.49%
  13  S0558         0.00%    passed     89.35%
  14  S0620         1.52%    passed     46.87%
  15  S0641         0.00%    passed     92.20%
  16  S0643         0.00%    passed     85.11%
  17  S0645sl       0.00%    passed     90.49%
  18  S0689         0.00%    passed     82.73%
  19  S0690         0.00%    passed     90.66%
  20  S0724sl       4.55%    passed     85.93%
  21  S0735         0.00%    passed     96.95%
  22  S0742         0.00%    passed     88.30%
  23  S0756         0.00%    passed     79.72%
  24  S0763         0.00%    passed     95.91%
  25  S0765         0.00%    passed     99.71%
  26  S0795         0.00%    passed     93.01%
  27  S0906         0.00%    passed     90.91%
  28  S0960         0.00%    passed     83.08%
  29  S0964         0.00%    passed     77.82%
  30  S1052sl       7.07%    passed     94.82%
  31  S1100         0.00%    passed     89.67%
  32  S1128         1.52%    passed     97.97%
  33  S1129sl       0.51%    passed     97.39%
  34  S1148         1.01%    passed     94.67%
  35  S1177         0.00%    passed     99.71%
  36  S1180         0.00%    passed     92.00%
  37  S1189         0.00%    passed     88.95%
  38  S1201sl       0.00%    passed     80.98%
  39  S1211         0.00%    passed     85.11%
  40  S1214sl       0.00%    passed     99.62%
  41  S1223         2.53%    passed     90.56%
  42  S1227         0.00%    passed     95.91%
  43  S1235sl       0.00%    passed     83.91%
  44  S1239         0.00%    passed     88.52%
  45  S1245         0.00%    passed     94.27%
  46  S1246         0.00%    passed     97.50%
  47  S1250sl       0.00%    passed     97.18%
  48  S1251         0.00%    passed     62.97%
  49  S1266sl       4.55%    passed     60.13%
  50  S1269        17.17%    passed     63.37%
  51  S1278         0.00%    passed     95.91%
  52  S1332         0.00%    passed     98.73%
  53  S1369         0.00%    passed     92.00%
  54  S1370         0.00%    passed     91.23%
  55  S1375         6.57%    passed     73.06%
  56  S1381         0.00%    passed     95.72%
  57  S1422         0.00%    passed     94.83%
  58  S1449         2.02%    passed     42.93%
  59  S1451         0.00%    passed     55.46%
  60  S1460         2.02%    passed     91.81%
  61  S1462         0.00%    passed     99.71%
  62  S1475         0.00%    passed     96.43%
  63  S1498         8.59%    passed     95.96%
  64  S1539         0.00%    passed     98.75%
  65  S_670         0.00%    passed     90.74%
  66  SRR8528336    0.00%    passed     95.29%
  67  SRR8528341    0.00%    passed     95.96%
  68  SRR8528343    0.00%    passed     83.40%
  69  SRR8528347    0.00%    passed     84.89%
  70  SRR8528350    0.00%    passed     90.31%
  71  SRR8528354    0.00%    passed     95.45%
  72  SRR8528357    0.00%    passed     93.24%
  73  SRR8528359    1.01%    passed     98.86%
  74  SRR8528361    1.01%    passed     94.87%
  75  SRR8528365    0.00%    passed     70.32%
  76  SRR8528370    0.00%    passed     94.83%
  77  SRR8528372    0.00%    passed     99.71%
  78  SRR8528379    0.00%    passed     84.67%
  79  SRR8528384    0.00%    passed     96.47%
  80  SRR8528389    0.00%    passed     89.16%
  81  SRR8528391    0.00%    passed     60.86%
  82  SRR8528400    0.00%    passed     91.82%
****  TOTAL         0.89%  0 sequences failed composition chi2 test (p-value<5%; df=3)
NOTE: S1227 is identical to S0763 but kept for subsequent analysis
NOTE: S1177 is identical to S0765 but kept for subsequent analysis
Checking for duplicate sequences: done in 0.006392 secs using 1703% CPU
Identifying sites to remove: done in 0.000563145 secs using 569.7% CPU
NOTE: 1 identical sequences (see below) will be ignored for subsequent analysis
NOTE: S1462 (identical to S0765) is ignored but added at the end
Alignment was printed to 5G45900_iqtree_preliminary_superstrict_excluding_hybrids.uniqueseq.phy

For your convenience alignment with unique sequences printed to 5G45900_iqtree_preliminary_superstrict_excluding_hybrids.uniqueseq.phy

Create initial parsimony tree by phylogenetic likelihood library (PLL)... 0.030 seconds

NOTE: 1 MB RAM (0 GB) is required!
Measuring multi-threading efficiency up to 56 CPU cores
Increase to 10 rounds for branch lengths
1130 trees examined
Threads: 1 / Time: 56.044 sec / Speedup: 1.000 / Efficiency: 100% / LogL: -4188
Threads: 2 / Time: 100.893 sec / Speedup: 0.555 / Efficiency: 28% / LogL: -4188
Determining AUTO threadcount: done in 156.938 secs using 130.5% CPU
BEST NUMBER OF THREADS: 1

Estimate model parameters (epsilon = 0.100)
1. Initial log-likelihood: -2565.312
2. Current log-likelihood: -2459.461
3. Current log-likelihood: -2458.897
4. Current log-likelihood: -2458.794
Optimal log-likelihood: -2458.703
Rate parameters:  A-C: 0.97595  A-G: 4.11576  A-T: 0.96008  C-G: 0.81997  C-T: 3.96923  G-T: 1.00000
Base frequencies:  A: 0.327  C: 0.212  G: 0.177  T: 0.284
Site proportion and rates:  (0.354,0.136) (0.190,0.315) (0.226,1.071) (0.229,2.831)
Parameters optimization took 4 rounds (0.372 sec)
Wrote distance file to... 
Computing ML distances based on estimated model parameters...
Calculating distance matrix: done in 0.0692589 secs using 99.98% CPU
Computing ML distances took 0.069490 sec (of wall-clock time) 0.069478 sec (of CPU time)
Setting up auxiliary I and S matrices: done in 0.00058794 secs using 99.84% CPU
Constructing RapidNJ tree: done in 0.00109291 secs using 465.8% CPU
Computing RapidNJ tree took 0.001801 sec (of wall-clock time) 0.005798 sec (of CPU time)
Log-likelihood of RapidNJ tree: -2475.264
--------------------------------------------------------------------
|             INITIALIZING CANDIDATE TREE SET                      |
--------------------------------------------------------------------
Generating 98 parsimony trees... 1.330 second
Computing log-likelihood of 98 initial trees ... 0.982 seconds
Current best score: -2448.643

Do NNI search on 20 best initial trees
Optimizing NNI: done in 0.108489 secs using 92.45% CPU
Estimate model parameters (epsilon = 0.100)
BETTER TREE FOUND at iteration 1: -2442.742
Optimizing NNI: done in 0.148215 secs using 56.18% CPU
Optimizing NNI: done in 0.145021 secs using 100% CPU
Optimizing NNI: done in 0.100033 secs using 99.9% CPU
Optimizing NNI: done in 0.099057 secs using 100% CPU
Optimizing NNI: done in 0.131645 secs using 70.63% CPU
Optimizing NNI: done in 0.097275 secs using 100% CPU
Optimizing NNI: done in 0.182046 secs using 57.86% CPU
Optimizing NNI: done in 0.195321 secs using 58.47% CPU
Estimate model parameters (epsilon = 0.100)
BETTER TREE FOUND at iteration 9: -2441.267
Optimizing NNI: done in 0.0829971 secs using 100% CPU
Iteration 10 / LogL: -2445.882 / Time: 0h:2m:41s
Optimizing NNI: done in 0.0992179 secs using 100% CPU
Optimizing NNI: done in 0.110397 secs using 100% CPU
Optimizing NNI: done in 0.0869009 secs using 100% CPU
Optimizing NNI: done in 0.092118 secs using 100% CPU
Optimizing NNI: done in 0.134145 secs using 70.01% CPU
Optimizing NNI: done in 0.108817 secs using 74.61% CPU
Optimizing NNI: done in 0.090965 secs using 100% CPU
Optimizing NNI: done in 0.083817 secs using 100% CPU
Optimizing NNI: done in 0.106617 secs using 100% CPU
Optimizing NNI: done in 0.110343 secs using 99.96% CPU
Iteration 20 / LogL: -2444.526 / Time: 0h:2m:42s
Finish initializing candidate tree set (20)
Current best tree score: -2441.267 / CPU time: 5.117
Number of iterations: 20
--------------------------------------------------------------------
|               OPTIMIZING CANDIDATE TREE SET                      |
--------------------------------------------------------------------
Optimizing NNI: done in 0.155863 secs using 99.85% CPU
Optimizing NNI: done in 0.200656 secs using 99.84% CPU
Estimate model parameters (epsilon = 0.100)
BETTER TREE FOUND at iteration 22: -2441.130
Optimizing NNI: done in 0.174231 secs using 99.98% CPU
Optimizing NNI: done in 0.166748 secs using 100% CPU
Optimizing NNI: done in 0.161569 secs using 95.8% CPU
Optimizing NNI: done in 0.160098 secs using 99.99% CPU
Optimizing NNI: done in 0.216937 secs using 63.4% CPU
Optimizing NNI: done in 0.13587 secs using 99.97% CPU
BETTER TREE FOUND at iteration 28: -2441.130
Optimizing NNI: done in 0.172665 secs using 97.84% CPU
Optimizing NNI: done in 0.140361 secs using 100% CPU
Iteration 30 / LogL: -2444.227 / Time: 0h:2m:44s (0h:9m:15s left)
Optimizing NNI: done in 0.136522 secs using 99.99% CPU
Optimizing NNI: done in 0.259826 secs using 71.2% CPU
Optimizing NNI: done in 0.178614 secs using 70.67% CPU
Optimizing NNI: done in 0.306596 secs using 59.36% CPU
Optimizing NNI: done in 0.187916 secs using 91.41% CPU
Optimizing NNI: done in 0.144979 secs using 100% CPU
Optimizing NNI: done in 0.140254 secs using 100% CPU
Optimizing NNI: done in 0.165129 secs using 100% CPU
Optimizing NNI: done in 0.145109 secs using 97.92% CPU
Optimizing NNI: done in 0.150735 secs using 100% CPU
Iteration 40 / LogL: -2441.131 / Time: 0h:2m:46s (0h:6m:15s left)
Optimizing NNI: done in 0.137788 secs using 100% CPU
Optimizing NNI: done in 0.172239 secs using 100% CPU
BETTER TREE FOUND at iteration 42: -2441.130
Optimizing NNI: done in 0.179374 secs using 99.97% CPU
Optimizing NNI: done in 0.156928 secs using 100% CPU
Optimizing NNI: done in 0.172473 secs using 100% CPU
Optimizing NNI: done in 0.150916 secs using 99.96% CPU
Optimizing NNI: done in 0.152667 secs using 86.82% CPU
Optimizing NNI: done in 0.292402 secs using 50.67% CPU
Optimizing NNI: done in 0.223293 secs using 70.21% CPU
Estimate model parameters (epsilon = 0.100)
BETTER TREE FOUND at iteration 49: -2439.033
Optimizing NNI: done in 0.202312 secs using 90.68% CPU
Iteration 50 / LogL: -2441.027 / Time: 0h:2m:48s (0h:5m:40s left)
Optimizing NNI: done in 0.180631 secs using 82.71% CPU
Optimizing NNI: done in 0.210624 secs using 99.99% CPU
Optimizing NNI: done in 0.149723 secs using 100% CPU
Optimizing NNI: done in 0.139032 secs using 100% CPU
Optimizing NNI: done in 0.145988 secs using 100% CPU
Optimizing NNI: done in 0.163407 secs using 100% CPU
Optimizing NNI: done in 0.151937 secs using 100% CPU
Optimizing NNI: done in 0.143755 secs using 100% CPU
Optimizing NNI: done in 0.17989 secs using 100% CPU
Optimizing NNI: done in 0.148708 secs using 100% CPU
Iteration 60 / LogL: -2442.254 / Time: 0h:2m:50s (0h:4m:16s left)
Optimizing NNI: done in 0.141141 secs using 100% CPU
Optimizing NNI: done in 0.169661 secs using 100% CPU
Optimizing NNI: done in 0.143792 secs using 100% CPU
Optimizing NNI: done in 0.130263 secs using 100% CPU
Optimizing NNI: done in 0.155879 secs using 100% CPU
Optimizing NNI: done in 0.213928 secs using 98.56% CPU
Optimizing NNI: done in 0.267739 secs using 59.41% CPU
Estimate model parameters (epsilon = 0.100)
BETTER TREE FOUND at iteration 67: -2438.884
Optimizing NNI: done in 0.144471 secs using 100% CPU
BETTER TREE FOUND at iteration 68: -2438.883
Optimizing NNI: done in 0.240072 secs using 99.95% CPU
BETTER TREE FOUND at iteration 69: -2438.883
Optimizing NNI: done in 0.178844 secs using 99.94% CPU
Iteration 70 / LogL: -2438.884 / Time: 0h:2m:51s (0h:4m:6s left)
Optimizing NNI: done in 0.176207 secs using 99.99% CPU
Optimizing NNI: done in 0.149847 secs using 100% CPU
Optimizing NNI: done in 0.146479 secs using 99.99% CPU
Optimizing NNI: done in 0.148274 secs using 100% CPU
Optimizing NNI: done in 0.173987 secs using 100% CPU
Optimizing NNI: done in 0.157194 secs using 100% CPU
Optimizing NNI: done in 0.16139 secs using 100% CPU
Optimizing NNI: done in 0.15542 secs using 100% CPU
Optimizing NNI: done in 0.155071 secs using 97.59% CPU
Optimizing NNI: done in 0.185141 secs using 100% CPU
Iteration 80 / LogL: -2440.392 / Time: 0h:2m:53s (0h:3m:15s left)
Optimizing NNI: done in 0.225282 secs using 61.76% CPU
Optimizing NNI: done in 0.115974 secs using 100% CPU
Optimizing NNI: done in 0.150616 secs using 100% CPU
Optimizing NNI: done in 0.159843 secs using 100% CPU
Optimizing NNI: done in 0.163989 secs using 100% CPU
Optimizing NNI: done in 0.193512 secs using 78.93% CPU
Optimizing NNI: done in 0.281948 secs using 64.69% CPU
Optimizing NNI: done in 0.249231 secs using 53.35% CPU
Optimizing NNI: done in 0.180539 secs using 76.63% CPU
Optimizing NNI: done in 0.158315 secs using 100% CPU
Iteration 90 / LogL: -2441.365 / Time: 0h:2m:55s (0h:2m:35s left)
Optimizing NNI: done in 0.147899 secs using 100% CPU
Optimizing NNI: done in 0.149983 secs using 100% CPU
BETTER TREE FOUND at iteration 92: -2438.882
Optimizing NNI: done in 0.150446 secs using 100% CPU
Optimizing NNI: done in 0.162562 secs using 99.99% CPU
Optimizing NNI: done in 0.223886 secs using 71.53% CPU
Optimizing NNI: done in 0.228353 secs using 64.5% CPU
Optimizing NNI: done in 0.189564 secs using 68.38% CPU
Optimizing NNI: done in 0.239815 secs using 74.93% CPU
Optimizing NNI: done in 0.161697 secs using 100% CPU
Optimizing NNI: done in 0.145052 secs using 99.97% CPU
Iteration 100 / LogL: -2442.165 / Time: 0h:2m:57s (0h:2m:44s left)
Optimizing NNI: done in 0.146218 secs using 100% CPU
Optimizing NNI: done in 0.171758 secs using 100% CPU
Optimizing NNI: done in 0.185066 secs using 100% CPU
Optimizing NNI: done in 0.193473 secs using 100% CPU
Optimizing NNI: done in 0.182521 secs using 100% CPU
Optimizing NNI: done in 0.126242 secs using 100% CPU
Optimizing NNI: done in 0.128412 secs using 99.94% CPU
Optimizing NNI: done in 0.125072 secs using 100% CPU
Optimizing NNI: done in 0.129814 secs using 100% CPU
Optimizing NNI: done in 0.139183 secs using 100% CPU
Iteration 110 / LogL: -2438.883 / Time: 0h:2m:58s (0h:2m:14s left)
Optimizing NNI: done in 0.232627 secs using 94.12% CPU
Optimizing NNI: done in 0.143325 secs using 100% CPU
Optimizing NNI: done in 0.125176 secs using 100% CPU
Optimizing NNI: done in 0.137035 secs using 99.97% CPU
Optimizing NNI: done in 0.133114 secs using 100% CPU
Optimizing NNI: done in 0.130738 secs using 100% CPU
Optimizing NNI: done in 0.178718 secs using 93.25% CPU
Optimizing NNI: done in 0.124637 secs using 100% CPU
Optimizing NNI: done in 0.171103 secs using 100% CPU
Optimizing NNI: done in 0.137771 secs using 100% CPU
Iteration 120 / LogL: -2439.012 / Time: 0h:3m:0s (0h:1m:49s left)
Optimizing NNI: done in 0.173904 secs using 99.98% CPU
Optimizing NNI: done in 0.20713 secs using 100% CPU
Optimizing NNI: done in 0.183668 secs using 100% CPU
Optimizing NNI: done in 0.168745 secs using 100% CPU
Optimizing NNI: done in 0.16051 secs using 99.98% CPU
Optimizing NNI: done in 0.142458 secs using 100% CPU
Optimizing NNI: done in 0.169975 secs using 100% CPU
Optimizing NNI: done in 0.178248 secs using 100% CPU
Optimizing NNI: done in 0.15441 secs using 100% CPU
Optimizing NNI: done in 0.145227 secs using 100% CPU
Iteration 130 / LogL: -2438.883 / Time: 0h:3m:2s (0h:1m:27s left)
Optimizing NNI: done in 0.15706 secs using 100% CPU
Optimizing NNI: done in 0.142851 secs using 99.95% CPU
Optimizing NNI: done in 0.170387 secs using 100% CPU
Optimizing NNI: done in 0.133987 secs using 100% CPU
Optimizing NNI: done in 0.162995 secs using 100% CPU
Optimizing NNI: done in 0.174063 secs using 100% CPU
Optimizing NNI: done in 0.174004 secs using 100% CPU
Optimizing NNI: done in 0.132976 secs using 100% CPU
Optimizing NNI: done in 0.114157 secs using 100% CPU
Optimizing NNI: done in 0.151483 secs using 99.99% CPU
Iteration 140 / LogL: -2439.861 / Time: 0h:3m:3s (0h:1m:8s left)
Optimizing NNI: done in 0.153426 secs using 100% CPU
Optimizing NNI: done in 0.169839 secs using 100% CPU
Optimizing NNI: done in 0.132342 secs using 100% CPU
Optimizing NNI: done in 0.145193 secs using 100% CPU
Optimizing NNI: done in 0.219981 secs using 85.23% CPU
Optimizing NNI: done in 0.167267 secs using 80.86% CPU
Optimizing NNI: done in 0.276356 secs using 62.38% CPU
Optimizing NNI: done in 0.2095 secs using 57.97% CPU
Optimizing NNI: done in 0.173045 secs using 90.75% CPU
Optimizing NNI: done in 0.24193 secs using 71.99% CPU
Iteration 150 / LogL: -2438.884 / Time: 0h:3m:5s (0h:0m:52s left)
Optimizing NNI: done in 0.273951 secs using 51.96% CPU
Optimizing NNI: done in 0.185363 secs using 99.99% CPU
Optimizing NNI: done in 0.141041 secs using 100% CPU
Optimizing NNI: done in 0.138145 secs using 97.73% CPU
Optimizing NNI: done in 0.131818 secs using 100% CPU
Optimizing NNI: done in 0.167323 secs using 100% CPU
Optimizing NNI: done in 0.119597 secs using 100% CPU
Optimizing NNI: done in 0.174763 secs using 90.84% CPU
Optimizing NNI: done in 0.161286 secs using 100% CPU
Optimizing NNI: done in 0.148941 secs using 100% CPU
Iteration 160 / LogL: -2440.266 / Time: 0h:3m:7s (0h:0m:37s left)
Optimizing NNI: done in 0.140112 secs using 100% CPU
Optimizing NNI: done in 0.201527 secs using 100% CPU
Optimizing NNI: done in 0.219972 secs using 76.35% CPU
Optimizing NNI: done in 0.247856 secs using 54.79% CPU
Optimizing NNI: done in 0.289701 secs using 58.68% CPU
Optimizing NNI: done in 0.258898 secs using 67.14% CPU
Optimizing NNI: done in 0.324201 secs using 54.26% CPU
Optimizing NNI: done in 0.246082 secs using 79.76% CPU
Optimizing NNI: done in 0.151159 secs using 100% CPU
Optimizing NNI: done in 0.130762 secs using 100% CPU
Iteration 170 / LogL: -2438.883 / Time: 0h:3m:9s (0h:0m:24s left)
Optimizing NNI: done in 0.138765 secs using 100% CPU
Optimizing NNI: done in 0.183853 secs using 99.97% CPU
Optimizing NNI: done in 0.174053 secs using 100% CPU
Optimizing NNI: done in 0.271326 secs using 47.48% CPU
Optimizing NNI: done in 0.260793 secs using 64.36% CPU
Optimizing NNI: done in 0.220365 secs using 70.73% CPU
Optimizing NNI: done in 0.212069 secs using 94.34% CPU
Optimizing NNI: done in 0.164332 secs using 100% CPU
Optimizing NNI: done in 0.225739 secs using 99.98% CPU
Optimizing NNI: done in 0.180916 secs using 99.98% CPU
Iteration 180 / LogL: -2442.946 / Time: 0h:3m:11s (0h:0m:12s left)
Optimizing NNI: done in 0.1852 secs using 100% CPU
Optimizing NNI: done in 0.157202 secs using 100% CPU
Optimizing NNI: done in 0.197383 secs using 100% CPU
Optimizing NNI: done in 0.162454 secs using 100% CPU
Optimizing NNI: done in 0.19614 secs using 99.99% CPU
Optimizing NNI: done in 0.172281 secs using 100% CPU
Optimizing NNI: done in 0.160731 secs using 100% CPU
Optimizing NNI: done in 0.172221 secs using 100% CPU
Optimizing NNI: done in 0.173788 secs using 100% CPU
Optimizing NNI: done in 0.204379 secs using 100% CPU
Iteration 190 / LogL: -2473.648 / Time: 0h:3m:13s (0h:0m:2s left)
Optimizing NNI: done in 0.172771 secs using 99.99% CPU
Optimizing NNI: done in 0.202092 secs using 83.9% CPU
Optimizing NNI: done in 0.237327 secs using 73.01% CPU
TREE SEARCH COMPLETED AFTER 193 ITERATIONS / Time: 0h:3m:14s

--------------------------------------------------------------------
|                    FINALIZING TREE SEARCH                        |
--------------------------------------------------------------------
Performs final model parameters optimization
Estimate model parameters (epsilon = 0.010)
1. Initial log-likelihood: -2438.882
2. Current log-likelihood: -2438.871
3. Current log-likelihood: -2438.860
4. Current log-likelihood: -2438.850
Optimal log-likelihood: -2438.837
Rate parameters:  A-C: 0.95385  A-G: 4.38488  A-T: 1.00595  C-G: 0.78055  C-T: 4.24217  G-T: 1.00000
Base frequencies:  A: 0.327  C: 0.212  G: 0.177  T: 0.284
Site proportion and rates:  (0.389,0.126) (0.130,0.290) (0.238,1.015) (0.243,2.762)
Parameters optimization took 4 rounds (0.268 sec)
BEST SCORE FOUND : -2438.837
Total tree length: 2.200

Total number of iterations: 193
CPU time used for tree search: 32.673 sec (0h:0m:32s)
Wall-clock time used for tree search: 36.770 sec (0h:0m:36s)
Total CPU time used: 239.532 sec (0h:3m:59s)
Total wall-clock time used: 194.536 sec (0h:3m:14s)

Analysis results written to: 
  IQ-TREE report:                5G45900_iqtree_preliminary_superstrict_excluding_hybrids.iqtree
  Maximum-likelihood tree:       5G45900_iqtree_preliminary_superstrict_excluding_hybrids.treefile
  Likelihood distances:          5G45900_iqtree_preliminary_superstrict_excluding_hybrids.mldist
  Screen log file:               5G45900_iqtree_preliminary_superstrict_excluding_hybrids.log

ALISIM COMMAND
--------------
--alisim simulated_MSA -t 5G45900_iqtree_preliminary_superstrict_excluding_hybrids.treefile -m "GTR{0.953847,4.38488,1.00595,0.780549,4.24217}+F{0.326589,0.212221,0.177342,0.283848}+R4{0.389144,0.125596,0.12962,0.290103,0.237889,1.01461,0.243348,2.76213}" --length 198

Date and Time: Fri Jun  2 08:14:07 2023
