IQ-TREE multicore version 2.2.2 COVID-edition for Linux 64-bit built Sep 20 2022
Developed by Bui Quang Minh, James Barbetti, Nguyen Lam Tung,
Olga Chernomor, Heiko Schmidt, Dominik Schrempf, Michael Woodhams, Ly Trong Nhan.

Host:    netdc-bms-c11f (AVX2, FMA3, 377 GB RAM)
Command: /home/kasper.hendriks/iqtree-2.2.2-Linux/bin/iqtree2 -s 5G49830_taper_preliminary_superstrict_excluding_hybrids.fasta -nm 1000 -m GTR+F+R -nt AUTO --prefix 5G49830_iqtree_preliminary_superstrict_excluding_hybrids
Seed:    957154 (Using SPRNG - Scalable Parallel Random Number Generator)
Time:    Fri Jun  2 08:11:28 2023
Kernel:  AVX+FMA - auto-detect threads (56 CPU cores detected)

Reading alignment file 5G49830_taper_preliminary_superstrict_excluding_hybrids.fasta ... Fasta format detected
Reading fasta file: done in 0.00488901 secs using 98.92% CPU
Alignment most likely contains DNA/RNA sequences
Constructing alignment: done in 0.0656989 secs using 907.1% CPU
Alignment has 135 sequences with 1612 columns, 1096 distinct patterns
642 parsimony-informative, 249 singleton sites, 721 constant sites
               Gap/Ambiguity  Composition  p-value
Analyzing sequences: done in 0.00138783 secs using 1059% CPU
   1  PAFTOL_019361    0.00%    passed     93.59%
   2  S0055            0.06%    passed     99.30%
   3  S0196sl         34.31%    passed     28.86%
   4  S0278            0.00%    passed     71.29%
   5  S0281            0.87%    passed     96.82%
   6  S0282            0.06%    passed     99.16%
   7  S0288            0.00%    passed     96.50%
   8  S0289            0.00%    passed     96.93%
   9  S0292            0.25%    passed     96.93%
  10  S0293           13.21%    passed     88.46%
  11  S0294            0.12%    passed     82.07%
  12  S0299            0.25%    passed     72.95%
  13  S0303            0.00%    passed     95.33%
  14  S0308            0.06%    passed     83.91%
  15  S0320            0.00%    passed     95.07%
  16  S0322            0.00%    passed     88.57%
  17  S0327            0.00%    passed     98.42%
  18  S0335            0.56%    passed     99.37%
  19  S0345           39.45%    passed     60.98%
  20  S0355            0.06%    passed     95.89%
  21  S0376            7.20%    passed     88.62%
  22  S0400            0.00%    passed     99.49%
  23  S0405            0.37%    passed     95.07%
  24  S0407sl          0.00%    passed     98.84%
  25  S0412sl          7.82%    passed     99.69%
  26  S0417            0.06%    passed     98.14%
  27  S0419            0.06%    passed     94.73%
  28  S0427            0.06%    passed     99.93%
  29  S0428sl          2.30%    passed     97.92%
  30  S0430            0.06%    passed     95.89%
  31  S0478            0.06%    passed     90.27%
  32  S0552sl          0.25%    passed     52.02%
  33  S0558            0.19%    passed     78.40%
  34  S0616            0.00%    passed     97.83%
  35  S0620           24.69%    passed     87.38%
  36  S0624            0.00%    passed     91.58%
  37  S0641            0.00%    passed     98.86%
  38  S0643            0.50%    passed     98.39%
  39  S0645sl          0.06%    passed     87.97%
  40  S0656sl          0.43%    passed     98.36%
  41  S0673            0.00%    passed     96.71%
  42  S0689           42.68%    passed     79.59%
  43  S0690           13.83%    passed     99.58%
  44  S0720            0.12%    passed     92.95%
  45  S0724sl          0.00%    passed     97.58%
  46  S0735            0.00%    passed     80.00%
  47  S0742            0.00%    passed     96.07%
  48  S0748            0.00%    passed     97.97%
  49  S0753           11.29%    passed     89.87%
  50  S0756            0.00%    passed     99.82%
  51  S0758            7.13%    passed     63.30%
  52  S0760            4.59%    passed     64.00%
  53  S0763            0.68%    passed     98.83%
  54  S0765            4.09%    passed     86.93%
  55  S0770            0.12%    passed     88.06%
  56  S0771            0.00%    passed     98.41%
  57  S0795            0.00%    passed     97.19%
  58  S0827            0.06%    passed     97.51%
  59  S0888            0.00%    passed     88.66%
  60  S0894            0.06%    passed     98.33%
  61  S0899            2.05%    passed     98.67%
  62  S0906            0.37%    passed     99.76%
  63  S0952            0.00%    passed     96.40%
  64  S0956            0.19%    passed     51.59%
  65  S0959            0.62%    passed     99.36%
  66  S0960            0.25%    passed     64.13%
  67  S0964            0.06%    passed     34.93%
  68  S1052sl         38.09%    passed     55.51%
  69  S1083            0.74%    passed     95.62%
  70  S1100            0.25%    passed     78.50%
  71  S1102            7.26%    passed     98.46%
  72  S1110            0.06%    passed     96.09%
  73  S1120            0.00%    passed     85.99%
  74  S1128            0.12%    passed     95.20%
  75  S1129sl          0.87%    passed     87.79%
  76  S1148            0.06%    passed     69.57%
  77  S1177           11.85%    passed     86.21%
  78  S1180            0.00%    passed     71.68%
  79  S1187sl         32.63%    passed     92.61%
  80  S1189            0.68%    passed     92.74%
  81  S1201sl          0.00%    passed     95.13%
  82  S1210            0.06%    passed     93.30%
  83  S1211            0.00%    passed     98.98%
  84  S1214sl          0.00%    passed     95.46%
  85  S1223            0.06%    passed     69.44%
  86  S1227            0.00%    passed     99.67%
  87  S1235sl          0.00%    passed     94.10%
  88  S1238sl          0.00%    passed     98.53%
  89  S1239            0.31%    passed     91.49%
  90  S1245            0.06%    passed     97.18%
  91  S1246            6.08%    passed     99.80%
  92  S1249            8.06%    passed     99.79%
  93  S1250sl          0.43%    passed     99.70%
  94  S1251            0.00%    passed     77.47%
  95  S1260            0.93%    passed     97.73%
  96  S1266sl          9.43%    passed     97.75%
  97  S1269            0.00%    passed     96.40%
  98  S1278            0.00%    passed     97.12%
  99  S1315            0.31%    passed     98.21%
 100  S1332            0.19%    passed     95.49%
 101  S1366            0.50%    passed     82.68%
 102  S1369            0.06%    passed     96.35%
 103  S1370            0.12%    passed     98.11%
 104  S1375            0.00%    passed     99.18%
 105  S1376            0.68%    passed     94.86%
 106  S1381            1.24%    passed     99.28%
 107  S1405            0.68%    passed     99.83%
 108  S1422            0.19%    passed     95.75%
 109  S1449            0.00%    passed     91.29%
 110  S1451            0.00%    passed     77.31%
 111  S1460            0.12%    passed     97.41%
 112  S1462            0.00%    passed     90.50%
 113  S1475            4.22%    passed     98.20%
 114  S1498            0.74%    passed     97.68%
 115  S1539            0.00%    passed     90.87%
 116  S_670            0.37%    passed     99.06%
 117  SRR11470320      0.74%    passed     96.22%
 118  SRR8528336       0.19%    passed     99.61%
 119  SRR8528341       0.00%    passed     98.19%
 120  SRR8528343       0.06%    passed     98.81%
 121  SRR8528347       0.00%    passed     97.68%
 122  SRR8528350       0.06%    passed     99.72%
 123  SRR8528354      14.64%    passed     93.95%
 124  SRR8528357       0.00%    passed     99.90%
 125  SRR8528359       0.00%    passed     95.19%
 126  SRR8528361       0.19%    passed     94.03%
 127  SRR8528365       0.00%    passed     99.68%
 128  SRR8528370       0.19%    passed     92.70%
 129  SRR8528372       0.19%    passed     96.46%
 130  SRR8528379       0.12%    passed     98.11%
 131  SRR8528381       3.10%    passed     81.92%
 132  SRR8528384       0.06%    passed     98.24%
 133  SRR8528389       0.00%    passed     99.83%
 134  SRR8528391       0.06%    passed     98.84%
 135  SRR8528400       0.00%    passed     99.28%
****  TOTAL            2.73%  0 sequences failed composition chi2 test (p-value<5%; df=3)
Checking for duplicate sequences: done in 0.00867391 secs using 959.4% CPU

Create initial parsimony tree by phylogenetic likelihood library (PLL)... 0.140 seconds

NOTE: 19 MB RAM (0 GB) is required!
Measuring multi-threading efficiency up to 56 CPU cores
Increase to 10 rounds for branch lengths
83 trees examined
Threads: 1 / Time: 56.231 sec / Speedup: 1.000 / Efficiency: 100% / LogL: -37810
Threads: 2 / Time: 62.617 sec / Speedup: 0.898 / Efficiency: 45% / LogL: -37810
Determining AUTO threadcount: done in 118.852 secs using 97.9% CPU
BEST NUMBER OF THREADS: 1

Estimate model parameters (epsilon = 0.100)
1. Initial log-likelihood: -23377.222
2. Current log-likelihood: -22480.690
3. Current log-likelihood: -22460.975
4. Current log-likelihood: -22447.850
5. Current log-likelihood: -22439.131
6. Current log-likelihood: -22434.048
7. Current log-likelihood: -22431.391
8. Current log-likelihood: -22429.907
9. Current log-likelihood: -22429.029
10. Current log-likelihood: -22428.440
11. Current log-likelihood: -22428.008
12. Current log-likelihood: -22427.677
13. Current log-likelihood: -22427.482
14. Current log-likelihood: -22427.303
15. Current log-likelihood: -22427.132
16. Current log-likelihood: -22426.959
17. Current log-likelihood: -22426.777
18. Current log-likelihood: -22426.577
19. Current log-likelihood: -22426.350
20. Current log-likelihood: -22426.093
21. Current log-likelihood: -22425.805
22. Current log-likelihood: -22425.493
23. Current log-likelihood: -22425.166
24. Current log-likelihood: -22424.841
25. Current log-likelihood: -22424.526
26. Current log-likelihood: -22424.223
27. Current log-likelihood: -22423.934
28. Current log-likelihood: -22423.655
29. Current log-likelihood: -22423.381
30. Current log-likelihood: -22423.106
31. Current log-likelihood: -22422.827
32. Current log-likelihood: -22422.542
33. Current log-likelihood: -22422.248
34. Current log-likelihood: -22421.945
35. Current log-likelihood: -22421.632
36. Current log-likelihood: -22421.311
37. Current log-likelihood: -22420.982
38. Current log-likelihood: -22420.644
39. Current log-likelihood: -22420.298
40. Current log-likelihood: -22419.944
41. Current log-likelihood: -22419.581
42. Current log-likelihood: -22419.212
43. Current log-likelihood: -22418.836
44. Current log-likelihood: -22418.450
45. Current log-likelihood: -22418.060
46. Current log-likelihood: -22417.660
47. Current log-likelihood: -22417.257
48. Current log-likelihood: -22416.849
49. Current log-likelihood: -22416.435
50. Current log-likelihood: -22416.021
51. Current log-likelihood: -22415.607
52. Current log-likelihood: -22415.195
53. Current log-likelihood: -22414.795
54. Current log-likelihood: -22414.407
55. Current log-likelihood: -22414.043
56. Current log-likelihood: -22413.703
57. Current log-likelihood: -22413.394
58. Current log-likelihood: -22413.116
59. Current log-likelihood: -22412.870
60. Current log-likelihood: -22412.656
61. Current log-likelihood: -22412.471
62. Current log-likelihood: -22412.312
63. Current log-likelihood: -22412.176
64. Current log-likelihood: -22412.060
Optimal log-likelihood: -22411.949
Rate parameters:  A-C: 1.02954  A-G: 3.70079  A-T: 1.11825  C-G: 1.02585  C-T: 3.89921  G-T: 1.00000
Base frequencies:  A: 0.272  C: 0.207  G: 0.239  T: 0.282
Site proportion and rates:  (0.566,0.119) (0.278,1.324) (0.142,3.233) (0.014,7.626)
Parameters optimization took 64 rounds (63.837 sec)
Wrote distance file to... 
Computing ML distances based on estimated model parameters...
Calculating distance matrix: done in 0.31671 secs using 76.69% CPU
Computing ML distances took 0.334842 sec (of wall-clock time) 0.245005 sec (of CPU time)
Setting up auxiliary I and S matrices: done in 0.00117683 secs using 100% CPU
Constructing RapidNJ tree: done in 0.00375295 secs using 205.8% CPU
Computing RapidNJ tree took 0.005069 sec (of wall-clock time) 0.009036 sec (of CPU time)
Log-likelihood of RapidNJ tree: -22498.785
--------------------------------------------------------------------
|             INITIALIZING CANDIDATE TREE SET                      |
--------------------------------------------------------------------
Generating 98 parsimony trees... 6.791 second
Computing log-likelihood of 98 initial trees ... 10.008 seconds
Current best score: -22391.077

Do NNI search on 20 best initial trees
Optimizing NNI: done in 1.22207 secs using 59.25% CPU
Estimate model parameters (epsilon = 0.100)
BETTER TREE FOUND at iteration 1: -22384.258
Optimizing NNI: done in 1.12494 secs using 78.41% CPU
Optimizing NNI: done in 1.05816 secs using 78.11% CPU
Optimizing NNI: done in 1.51008 secs using 54.08% CPU
Optimizing NNI: done in 1.87997 secs using 50.04% CPU
Estimate model parameters (epsilon = 0.100)
BETTER TREE FOUND at iteration 5: -22381.035
Optimizing NNI: done in 1.15374 secs using 68.76% CPU
Optimizing NNI: done in 1.31458 secs using 60.72% CPU
Optimizing NNI: done in 1.33398 secs using 58.62% CPU
Optimizing NNI: done in 0.923877 secs using 82.85% CPU
Optimizing NNI: done in 1.11924 secs using 72.73% CPU
Iteration 10 / LogL: -22383.313 / Time: 0h:3m:37s
Optimizing NNI: done in 1.56074 secs using 54.65% CPU
Optimizing NNI: done in 1.55601 secs using 49.87% CPU
Optimizing NNI: done in 1.30592 secs using 65.04% CPU
Optimizing NNI: done in 1.34633 secs using 77.5% CPU
Optimizing NNI: done in 1.79089 secs using 53.85% CPU
Optimizing NNI: done in 1.48147 secs using 58.92% CPU
Optimizing NNI: done in 1.71462 secs using 50.2% CPU
Optimizing NNI: done in 1.38149 secs using 57.63% CPU
Optimizing NNI: done in 1.61988 secs using 56.32% CPU
Optimizing NNI: done in 1.27696 secs using 61.44% CPU
Iteration 20 / LogL: -22388.202 / Time: 0h:3m:53s
Finish initializing candidate tree set (20)
Current best tree score: -22381.035 / CPU time: 49.397
Number of iterations: 20
--------------------------------------------------------------------
|               OPTIMIZING CANDIDATE TREE SET                      |
--------------------------------------------------------------------
Optimizing NNI: done in 1.4821 secs using 71.38% CPU
Optimizing NNI: done in 2.16867 secs using 57.78% CPU
Optimizing NNI: done in 2.35128 secs using 49.92% CPU
Optimizing NNI: done in 2.26641 secs using 49.83% CPU
Optimizing NNI: done in 1.93254 secs using 65.68% CPU
Optimizing NNI: done in 2.26353 secs using 62.52% CPU
Optimizing NNI: done in 1.9456 secs using 57.19% CPU
Optimizing NNI: done in 1.46968 secs using 72.79% CPU
Optimizing NNI: done in 2.25049 secs using 60.95% CPU
Optimizing NNI: done in 2.06351 secs using 66.62% CPU
Iteration 30 / LogL: -22386.423 / Time: 0h:4m:13s (0h:10m:55s left)
Optimizing NNI: done in 2.22456 secs using 58.64% CPU
Estimate model parameters (epsilon = 0.100)
BETTER TREE FOUND at iteration 31: -22379.373
Optimizing NNI: done in 1.46285 secs using 86.15% CPU
Estimate model parameters (epsilon = 0.100)
BETTER TREE FOUND at iteration 32: -22377.876
Optimizing NNI: done in 1.46681 secs using 65.78% CPU
Optimizing NNI: done in 1.98142 secs using 67.46% CPU
Optimizing NNI: done in 1.90001 secs using 71.11% CPU
Optimizing NNI: done in 1.78909 secs using 69.83% CPU
Optimizing NNI: done in 1.52967 secs using 89.9% CPU
Estimate model parameters (epsilon = 0.100)
BETTER TREE FOUND at iteration 37: -22376.990
Optimizing NNI: done in 1.21028 secs using 99.98% CPU
Optimizing NNI: done in 1.86992 secs using 76.09% CPU
Optimizing NNI: done in 1.86891 secs using 69.29% CPU
Iteration 40 / LogL: -22379.292 / Time: 0h:4m:35s (0h:11m:24s left)
Optimizing NNI: done in 1.94419 secs using 72.61% CPU
Optimizing NNI: done in 1.34733 secs using 83.92% CPU
Optimizing NNI: done in 1.32652 secs using 90.31% CPU
Optimizing NNI: done in 2.12115 secs using 66.12% CPU
Optimizing NNI: done in 1.73259 secs using 75.03% CPU
Optimizing NNI: done in 2.68559 secs using 53.81% CPU
Optimizing NNI: done in 1.89322 secs using 76.5% CPU
Optimizing NNI: done in 1.28788 secs using 99.9% CPU
Optimizing NNI: done in 1.84915 secs using 64.33% CPU
Optimizing NNI: done in 1.48179 secs using 76.76% CPU
BETTER TREE FOUND at iteration 50: -22376.986
Iteration 50 / LogL: -22376.986 / Time: 0h:4m:53s (0h:9m:58s left)
Optimizing NNI: done in 1.89516 secs using 86.33% CPU
Optimizing NNI: done in 1.40342 secs using 88.59% CPU
Optimizing NNI: done in 1.53031 secs using 78.75% CPU
Optimizing NNI: done in 2.03626 secs using 65.65% CPU
Estimate model parameters (epsilon = 0.100)
BETTER TREE FOUND at iteration 54: -22375.856
Optimizing NNI: done in 2.26284 secs using 69.49% CPU
Optimizing NNI: done in 2.19175 secs using 71.85% CPU
Optimizing NNI: done in 1.7863 secs using 81.14% CPU
Optimizing NNI: done in 1.74752 secs using 77.2% CPU
Optimizing NNI: done in 2.04226 secs using 62.38% CPU
Optimizing NNI: done in 2.38785 secs using 68.81% CPU
Iteration 60 / LogL: -22382.999 / Time: 0h:5m:13s (0h:8m:19s left)
Optimizing NNI: done in 1.74188 secs using 71.07% CPU
Optimizing NNI: done in 1.78813 secs using 65.58% CPU
BETTER TREE FOUND at iteration 62: -22375.855
Optimizing NNI: done in 2.02507 secs using 60.92% CPU
Optimizing NNI: done in 2.28869 secs using 68.72% CPU
Optimizing NNI: done in 1.52222 secs using 81.24% CPU
Optimizing NNI: done in 1.26923 secs using 85.21% CPU
Optimizing NNI: done in 1.77109 secs using 69.52% CPU
Optimizing NNI: done in 1.7401 secs using 70.86% CPU
Optimizing NNI: done in 1.97693 secs using 72.51% CPU
Optimizing NNI: done in 1.64614 secs using 65.38% CPU
Iteration 70 / LogL: -22378.293 / Time: 0h:5m:31s (0h:7m:22s left)
Optimizing NNI: done in 1.49676 secs using 74.12% CPU
Optimizing NNI: done in 1.83063 secs using 65.03% CPU
Optimizing NNI: done in 1.72735 secs using 66.33% CPU
Optimizing NNI: done in 1.35746 secs using 99.88% CPU
Optimizing NNI: done in 1.49464 secs using 99.99% CPU
Optimizing NNI: done in 1.7758 secs using 70.75% CPU
Optimizing NNI: done in 1.68058 secs using 82.14% CPU
Optimizing NNI: done in 1.77835 secs using 78.3% CPU
Optimizing NNI: done in 1.49832 secs using 82.06% CPU
Optimizing NNI: done in 1.77672 secs using 79.66% CPU
Iteration 80 / LogL: -22377.831 / Time: 0h:5m:48s (0h:6m:1s left)
Optimizing NNI: done in 1.78419 secs using 64.18% CPU
Optimizing NNI: done in 2.02891 secs using 80.05% CPU
Optimizing NNI: done in 1.18328 secs using 99.03% CPU
Optimizing NNI: done in 1.40715 secs using 75.52% CPU
Optimizing NNI: done in 1.15511 secs using 96.01% CPU
Optimizing NNI: done in 1.40133 secs using 91.19% CPU
Optimizing NNI: done in 1.49226 secs using 75.25% CPU
Optimizing NNI: done in 2.47573 secs using 70.07% CPU
Estimate model parameters (epsilon = 0.100)
BETTER TREE FOUND at iteration 88: -22375.644
Optimizing NNI: done in 1.64242 secs using 66.55% CPU
Optimizing NNI: done in 1.88906 secs using 54.7% CPU
Iteration 90 / LogL: -22724.803 / Time: 0h:6m:6s (0h:6m:42s left)
Optimizing NNI: done in 1.61478 secs using 71.2% CPU
Optimizing NNI: done in 1.58561 secs using 77.13% CPU
Optimizing NNI: done in 1.77208 secs using 76.1% CPU
Optimizing NNI: done in 1.28859 secs using 97.65% CPU
Optimizing NNI: done in 2.10584 secs using 60.31% CPU
Optimizing NNI: done in 2.05211 secs using 63.49% CPU
Optimizing NNI: done in 2.19793 secs using 63.09% CPU
Optimizing NNI: done in 2.54487 secs using 60.5% CPU
Optimizing NNI: done in 1.77466 secs using 82.91% CPU
Optimizing NNI: done in 1.59156 secs using 83.19% CPU
Iteration 100 / LogL: -22382.729 / Time: 0h:6m:24s (0h:5m:41s left)
Optimizing NNI: done in 1.30451 secs using 99.66% CPU
Optimizing NNI: done in 1.57098 secs using 78.66% CPU
Optimizing NNI: done in 1.71703 secs using 87.8% CPU
Estimate model parameters (epsilon = 0.100)
BETTER TREE FOUND at iteration 103: -22373.591
Optimizing NNI: done in 1.85882 secs using 91.51% CPU
Optimizing NNI: done in 1.4498 secs using 88.58% CPU
Optimizing NNI: done in 2.38384 secs using 70.91% CPU
Optimizing NNI: done in 1.88459 secs using 63.24% CPU
Optimizing NNI: done in 1.6598 secs using 63.31% CPU
Optimizing NNI: done in 1.45536 secs using 86.62% CPU
Optimizing NNI: done in 1.00637 secs using 98.34% CPU
Iteration 110 / LogL: -22382.509 / Time: 0h:6m:42s (0h:5m:43s left)
Optimizing NNI: done in 2.28088 secs using 55.86% CPU
Optimizing NNI: done in 1.81433 secs using 75.13% CPU
Optimizing NNI: done in 1.88902 secs using 66.65% CPU
Optimizing NNI: done in 1.92639 secs using 64.58% CPU
Optimizing NNI: done in 1.88464 secs using 59.07% CPU
Optimizing NNI: done in 1.97514 secs using 69.65% CPU
Optimizing NNI: done in 1.32631 secs using 99.99% CPU
Optimizing NNI: done in 0.98538 secs using 99.96% CPU
Optimizing NNI: done in 2.60646 secs using 62.57% CPU
Optimizing NNI: done in 2.19785 secs using 61.59% CPU
Iteration 120 / LogL: -22375.800 / Time: 0h:7m:1s (0h:4m:53s left)
Optimizing NNI: done in 1.91785 secs using 63.35% CPU
Optimizing NNI: done in 2.12279 secs using 61.27% CPU
Optimizing NNI: done in 1.7785 secs using 61.63% CPU
BETTER TREE FOUND at iteration 123: -22373.591
Optimizing NNI: done in 2.53513 secs using 57.15% CPU
Optimizing NNI: done in 2.20417 secs using 66.83% CPU
BETTER TREE FOUND at iteration 125: -22373.586
Optimizing NNI: done in 2.30554 secs using 58.04% CPU
Optimizing NNI: done in 1.39408 secs using 93.11% CPU
Optimizing NNI: done in 1.72206 secs using 76.75% CPU
Optimizing NNI: done in 1.81915 secs using 62.67% CPU
Optimizing NNI: done in 2.14635 secs using 59.66% CPU
Iteration 130 / LogL: -22382.823 / Time: 0h:7m:21s (0h:5m:25s left)
Optimizing NNI: done in 1.82779 secs using 63.01% CPU
Optimizing NNI: done in 1.84259 secs using 65.58% CPU
Optimizing NNI: done in 2.24257 secs using 59.71% CPU
Optimizing NNI: done in 1.81022 secs using 63.31% CPU
Optimizing NNI: done in 1.60738 secs using 75.09% CPU
Optimizing NNI: done in 1.74487 secs using 75.22% CPU
Optimizing NNI: done in 2.92404 secs using 53.28% CPU
Optimizing NNI: done in 1.82783 secs using 64.97% CPU
Optimizing NNI: done in 1.44761 secs using 99.99% CPU
Optimizing NNI: done in 1.90343 secs using 71.9% CPU
Iteration 140 / LogL: -22375.799 / Time: 0h:7m:41s (0h:4m:41s left)
Optimizing NNI: done in 1.95081 secs using 67.69% CPU
Optimizing NNI: done in 2.01011 secs using 61.74% CPU
Optimizing NNI: done in 2.00062 secs using 67.14% CPU
Optimizing NNI: done in 1.42894 secs using 74.95% CPU
Optimizing NNI: done in 2.19927 secs using 58.42% CPU
Optimizing NNI: done in 2.04849 secs using 67.91% CPU
Optimizing NNI: done in 1.46561 secs using 81.4% CPU
Optimizing NNI: done in 1.79076 secs using 76.36% CPU
Optimizing NNI: done in 2.27236 secs using 69.37% CPU
Optimizing NNI: done in 1.31853 secs using 78.27% CPU
Iteration 150 / LogL: -22385.267 / Time: 0h:7m:59s (0h:4m:1s left)
Optimizing NNI: done in 1.51301 secs using 100% CPU
Optimizing NNI: done in 1.44088 secs using 74.77% CPU
Optimizing NNI: done in 1.58871 secs using 80.72% CPU
Optimizing NNI: done in 1.44432 secs using 82.25% CPU
Optimizing NNI: done in 1.83627 secs using 79.07% CPU
Optimizing NNI: done in 1.5537 secs using 96% CPU
Optimizing NNI: done in 2.19256 secs using 63.56% CPU
Optimizing NNI: done in 1.83168 secs using 66.35% CPU
Optimizing NNI: done in 1.44207 secs using 79.18% CPU
Optimizing NNI: done in 1.06716 secs using 99.97% CPU
Iteration 160 / LogL: -22374.142 / Time: 0h:8m:16s (0h:3m:22s left)
Optimizing NNI: done in 1.79169 secs using 75.69% CPU
Optimizing NNI: done in 1.77284 secs using 66.98% CPU
Optimizing NNI: done in 2.43393 secs using 61.76% CPU
Optimizing NNI: done in 2.15779 secs using 64.2% CPU
Optimizing NNI: done in 2.06858 secs using 67.73% CPU
Optimizing NNI: done in 2.10853 secs using 66.77% CPU
Optimizing NNI: done in 1.7102 secs using 65.64% CPU
Optimizing NNI: done in 1.96671 secs using 75.11% CPU
Optimizing NNI: done in 1.80924 secs using 62.96% CPU
Optimizing NNI: done in 2.02875 secs using 59.51% CPU
Iteration 170 / LogL: -22373.769 / Time: 0h:8m:36s (0h:2m:47s left)
Optimizing NNI: done in 2.42979 secs using 63.02% CPU
Optimizing NNI: done in 1.8779 secs using 60.64% CPU
Optimizing NNI: done in 2.28831 secs using 50.78% CPU
Optimizing NNI: done in 2.54864 secs using 53.88% CPU
Optimizing NNI: done in 1.79945 secs using 64.28% CPU
Optimizing NNI: done in 2.35353 secs using 55.13% CPU
Optimizing NNI: done in 2.82404 secs using 61.61% CPU
Optimizing NNI: done in 1.25064 secs using 80.8% CPU
Optimizing NNI: done in 2.32594 secs using 66.44% CPU
Optimizing NNI: done in 2.03151 secs using 59.81% CPU
Iteration 180 / LogL: -22373.594 / Time: 0h:8m:58s (0h:2m:15s left)
Optimizing NNI: done in 2.19005 secs using 44.98% CPU
Optimizing NNI: done in 1.46802 secs using 95.74% CPU
Optimizing NNI: done in 1.13749 secs using 99.06% CPU
Optimizing NNI: done in 1.04242 secs using 99.87% CPU
Optimizing NNI: done in 1.79422 secs using 67.77% CPU
Optimizing NNI: done in 1.77425 secs using 72.04% CPU
Optimizing NNI: done in 1.69727 secs using 69.36% CPU
Optimizing NNI: done in 1.6594 secs using 74% CPU
Optimizing NNI: done in 1.52596 secs using 72.99% CPU
Optimizing NNI: done in 1.54086 secs using 67.24% CPU
Iteration 190 / LogL: -22378.395 / Time: 0h:9m:14s (0h:1m:42s left)
Optimizing NNI: done in 1.86288 secs using 76.83% CPU
Optimizing NNI: done in 1.88812 secs using 65.16% CPU
Optimizing NNI: done in 2.04656 secs using 62.73% CPU
Optimizing NNI: done in 1.55971 secs using 77.72% CPU
Optimizing NNI: done in 1.24228 secs using 84.95% CPU
Optimizing NNI: done in 2.2812 secs using 49.99% CPU
Optimizing NNI: done in 2.10861 secs using 64.57% CPU
Optimizing NNI: done in 1.58959 secs using 70.47% CPU
Optimizing NNI: done in 1.78122 secs using 74.07% CPU
Optimizing NNI: done in 1.85331 secs using 67.89% CPU
Iteration 200 / LogL: -22376.386 / Time: 0h:9m:32s (0h:1m:11s left)
Optimizing NNI: done in 1.93919 secs using 47.92% CPU
Optimizing NNI: done in 1.81396 secs using 78.08% CPU
Optimizing NNI: done in 1.73692 secs using 63.88% CPU
Optimizing NNI: done in 1.85946 secs using 79.8% CPU
Optimizing NNI: done in 1.20573 secs using 99.72% CPU
Optimizing NNI: done in 2.00349 secs using 89.02% CPU
Optimizing NNI: done in 2.20356 secs using 59.15% CPU
Optimizing NNI: done in 1.81525 secs using 72.55% CPU
Optimizing NNI: done in 1.54478 secs using 87.32% CPU
Optimizing NNI: done in 2.13381 secs using 63.59% CPU
BETTER TREE FOUND at iteration 210: -22373.584
Iteration 210 / LogL: -22373.584 / Time: 0h:9m:51s (0h:4m:42s left)
Optimizing NNI: done in 1.72256 secs using 64.26% CPU
Optimizing NNI: done in 1.86565 secs using 63.62% CPU
Optimizing NNI: done in 1.55134 secs using 73.85% CPU
Optimizing NNI: done in 1.55647 secs using 88.71% CPU
Optimizing NNI: done in 1.18163 secs using 98.68% CPU
Optimizing NNI: done in 1.08206 secs using 98.53% CPU
Optimizing NNI: done in 1.44246 secs using 94.38% CPU
Optimizing NNI: done in 1.44055 secs using 92.13% CPU
Optimizing NNI: done in 1.71649 secs using 71.17% CPU
Optimizing NNI: done in 1.89985 secs using 63.46% CPU
Iteration 220 / LogL: -22431.258 / Time: 0h:10m:7s (0h:4m:9s left)
Optimizing NNI: done in 1.99432 secs using 64.16% CPU
Optimizing NNI: done in 1.43179 secs using 90.97% CPU
Optimizing NNI: done in 1.3324 secs using 89.33% CPU
Optimizing NNI: done in 1.81476 secs using 79.91% CPU
Optimizing NNI: done in 1.85119 secs using 64.84% CPU
Optimizing NNI: done in 2.05203 secs using 49.73% CPU
Optimizing NNI: done in 1.90977 secs using 68.14% CPU
Optimizing NNI: done in 1.52474 secs using 70.5% CPU
Optimizing NNI: done in 2.05913 secs using 68.12% CPU
Optimizing NNI: done in 2.21701 secs using 66.02% CPU
Iteration 230 / LogL: -22373.590 / Time: 0h:10m:25s (0h:3m:38s left)
Optimizing NNI: done in 2.05478 secs using 58.38% CPU
Optimizing NNI: done in 1.83184 secs using 63.55% CPU
Optimizing NNI: done in 1.97558 secs using 61.12% CPU
Optimizing NNI: done in 1.87362 secs using 75.44% CPU
Optimizing NNI: done in 2.35286 secs using 57.21% CPU
Optimizing NNI: done in 1.97025 secs using 53.39% CPU
Optimizing NNI: done in 1.77819 secs using 73.67% CPU
Optimizing NNI: done in 1.71952 secs using 82.65% CPU
Optimizing NNI: done in 1.44314 secs using 96.55% CPU
Optimizing NNI: done in 1.54271 secs using 82.09% CPU
Iteration 240 / LogL: -22381.878 / Time: 0h:10m:44s (0h:3m:8s left)
Optimizing NNI: done in 2.26785 secs using 54.51% CPU
Optimizing NNI: done in 2.11074 secs using 70.12% CPU
Optimizing NNI: done in 1.31984 secs using 98.1% CPU
Optimizing NNI: done in 1.31907 secs using 99.09% CPU
Optimizing NNI: done in 1.23791 secs using 99.8% CPU
Optimizing NNI: done in 1.18979 secs using 99.97% CPU
Optimizing NNI: done in 1.09199 secs using 99.97% CPU
Optimizing NNI: done in 1.54358 secs using 71.08% CPU
Optimizing NNI: done in 1.11307 secs using 88.95% CPU
Optimizing NNI: done in 1.84309 secs using 61.99% CPU
Iteration 250 / LogL: -22378.163 / Time: 0h:10m:59s (0h:2m:38s left)
Optimizing NNI: done in 1.14896 secs using 99.8% CPU
Optimizing NNI: done in 1.44963 secs using 99.96% CPU
Optimizing NNI: done in 2.33271 secs using 58.84% CPU
Optimizing NNI: done in 2.10218 secs using 55.54% CPU
Optimizing NNI: done in 1.60885 secs using 89.52% CPU
Optimizing NNI: done in 1.35906 secs using 99.94% CPU
Optimizing NNI: done in 1.38327 secs using 78.01% CPU
Optimizing NNI: done in 2.10263 secs using 58.15% CPU
Optimizing NNI: done in 1.25434 secs using 87.55% CPU
Optimizing NNI: done in 1.76286 secs using 74.95% CPU
Iteration 260 / LogL: -22382.150 / Time: 0h:11m:16s (0h:2m:10s left)
Optimizing NNI: done in 1.23064 secs using 99.99% CPU
Optimizing NNI: done in 1.80814 secs using 86.92% CPU
Optimizing NNI: done in 1.95543 secs using 73.7% CPU
Optimizing NNI: done in 1.85699 secs using 46.59% CPU
Optimizing NNI: done in 1.30498 secs using 80.68% CPU
Optimizing NNI: done in 1.99634 secs using 59.35% CPU
Optimizing NNI: done in 2.49906 secs using 57.97% CPU
Optimizing NNI: done in 2.45839 secs using 51.28% CPU
Optimizing NNI: done in 2.69222 secs using 49.76% CPU
Optimizing NNI: done in 2.00355 secs using 50.1% CPU
Iteration 270 / LogL: -22374.420 / Time: 0h:11m:36s (0h:1m:43s left)
Optimizing NNI: done in 2.49782 secs using 45.41% CPU
Optimizing NNI: done in 2.27244 secs using 61.58% CPU
Optimizing NNI: done in 1.81362 secs using 68.14% CPU
Optimizing NNI: done in 2.07981 secs using 66.25% CPU
Optimizing NNI: done in 2.00115 secs using 58.74% CPU
Optimizing NNI: done in 1.85928 secs using 61.71% CPU
Optimizing NNI: done in 2.01017 secs using 60.07% CPU
Optimizing NNI: done in 2.28113 secs using 61.55% CPU
Optimizing NNI: done in 1.62803 secs using 61.78% CPU
Optimizing NNI: done in 2.61267 secs using 49.63% CPU
Iteration 280 / LogL: -22445.303 / Time: 0h:11m:57s (0h:1m:17s left)
Optimizing NNI: done in 2.30366 secs using 54.73% CPU
Optimizing NNI: done in 2.75215 secs using 62.35% CPU
Optimizing NNI: done in 1.69389 secs using 76.13% CPU
Optimizing NNI: done in 2.02963 secs using 63.72% CPU
Optimizing NNI: done in 2.16739 secs using 59.33% CPU
Optimizing NNI: done in 1.50891 secs using 72.95% CPU
Optimizing NNI: done in 2.27726 secs using 64.68% CPU
Optimizing NNI: done in 1.97065 secs using 70.5% CPU
Optimizing NNI: done in 1.95673 secs using 68.58% CPU
Optimizing NNI: done in 1.79389 secs using 71.99% CPU
Iteration 290 / LogL: -22375.596 / Time: 0h:12m:18s (0h:0m:51s left)
Optimizing NNI: done in 1.82054 secs using 77.61% CPU
Optimizing NNI: done in 1.30032 secs using 92.9% CPU
Optimizing NNI: done in 1.55737 secs using 83.22% CPU
Optimizing NNI: done in 2.37134 secs using 60.66% CPU
Optimizing NNI: done in 1.80497 secs using 66.08% CPU
Optimizing NNI: done in 1.78983 secs using 62.19% CPU
Optimizing NNI: done in 1.72682 secs using 68.42% CPU
Optimizing NNI: done in 1.42096 secs using 74.13% CPU
Optimizing NNI: done in 2.33733 secs using 66.6% CPU
Optimizing NNI: done in 1.66198 secs using 85.72% CPU
Iteration 300 / LogL: -22379.224 / Time: 0h:12m:36s (0h:0m:25s left)
Optimizing NNI: done in 2.14914 secs using 60.97% CPU
Optimizing NNI: done in 1.65472 secs using 58.31% CPU
Optimizing NNI: done in 2.08857 secs using 63.82% CPU
Optimizing NNI: done in 1.98145 secs using 67.46% CPU
Optimizing NNI: done in 2.83309 secs using 50.98% CPU
Optimizing NNI: done in 1.90646 secs using 66.12% CPU
Optimizing NNI: done in 1.94422 secs using 65.25% CPU
Optimizing NNI: done in 1.56357 secs using 77.02% CPU
Optimizing NNI: done in 1.87392 secs using 67.29% CPU
Optimizing NNI: done in 1.63506 secs using 71.04% CPU
Iteration 310 / LogL: -22373.591 / Time: 0h:12m:56s (0h:0m:0s left)
Optimizing NNI: done in 2.10496 secs using 50.84% CPU
TREE SEARCH COMPLETED AFTER 311 ITERATIONS / Time: 0h:12m:58s

--------------------------------------------------------------------
|                    FINALIZING TREE SEARCH                        |
--------------------------------------------------------------------
Performs final model parameters optimization
Estimate model parameters (epsilon = 0.010)
1. Initial log-likelihood: -22373.584
2. Current log-likelihood: -22373.565
3. Current log-likelihood: -22373.550
4. Current log-likelihood: -22373.537
5. Current log-likelihood: -22373.526
Optimal log-likelihood: -22373.513
Rate parameters:  A-C: 1.04503  A-G: 3.78546  A-T: 1.13546  C-G: 1.04179  C-T: 3.98528  G-T: 1.00000
Base frequencies:  A: 0.272  C: 0.207  G: 0.239  T: 0.282
Site proportion and rates:  (0.567,0.115) (0.303,1.402) (0.121,3.543) (0.010,8.319)
Parameters optimization took 5 rounds (4.119 sec)
BEST SCORE FOUND : -22373.513
Total tree length: 2.412

Total number of iterations: 311
CPU time used for tree search: 412.401 sec (0h:6m:52s)
Wall-clock time used for tree search: 594.899 sec (0h:9m:54s)
Total CPU time used: 575.272 sec (0h:9m:35s)
Total wall-clock time used: 782.903 sec (0h:13m:2s)

Analysis results written to: 
  IQ-TREE report:                5G49830_iqtree_preliminary_superstrict_excluding_hybrids.iqtree
  Maximum-likelihood tree:       5G49830_iqtree_preliminary_superstrict_excluding_hybrids.treefile
  Likelihood distances:          5G49830_iqtree_preliminary_superstrict_excluding_hybrids.mldist
  Screen log file:               5G49830_iqtree_preliminary_superstrict_excluding_hybrids.log

ALISIM COMMAND
--------------
--alisim simulated_MSA -t 5G49830_iqtree_preliminary_superstrict_excluding_hybrids.treefile -m "GTR{1.04503,3.78546,1.13546,1.04179,3.98528}+F{0.272095,0.207161,0.239111,0.281634}+R4{0.566563,0.114524,0.302571,1.40198,0.12096,3.54261,0.00990553,8.31891}" --length 1612

Date and Time: Fri Jun  2 08:24:32 2023
