IQ-TREE multicore version 2.2.2 COVID-edition for Linux 64-bit built Sep 20 2022
Developed by Bui Quang Minh, James Barbetti, Nguyen Lam Tung,
Olga Chernomor, Heiko Schmidt, Dominik Schrempf, Michael Woodhams, Ly Trong Nhan.

Host:    netdc-bms-c11f (AVX2, FMA3, 377 GB RAM)
Command: /home/kasper.hendriks/iqtree-2.2.2-Linux/bin/iqtree2 -s 5G50170_taper_preliminary_superstrict_excluding_hybrids.fasta -nm 1000 -m GTR+F+R -nt AUTO --prefix 5G50170_iqtree_preliminary_superstrict_excluding_hybrids
Seed:    553994 (Using SPRNG - Scalable Parallel Random Number Generator)
Time:    Fri Jun  2 08:11:42 2023
Kernel:  AVX+FMA - auto-detect threads (56 CPU cores detected)

Reading alignment file 5G50170_taper_preliminary_superstrict_excluding_hybrids.fasta ... Fasta format detected
Reading fasta file: done in 0.00388598 secs using 43.62% CPU
Alignment most likely contains DNA/RNA sequences
Constructing alignment: done in 0.0259709 secs using 1420% CPU
Alignment has 132 sequences with 1290 columns, 932 distinct patterns
614 parsimony-informative, 201 singleton sites, 475 constant sites
            Gap/Ambiguity  Composition  p-value
Analyzing sequences: done in 0.0119469 secs using 1680% CPU
   1  S0055         0.08%    passed     99.44%
   2  S0196sl      67.21%    passed     11.09%
   3  S0278         0.00%    passed     97.84%
   4  S0281         0.23%    passed     99.89%
   5  S0282         0.08%    passed     99.39%
   6  S0288        14.65%    passed     25.22%
   7  S0289         0.00%    passed     98.75%
   8  S0292         0.62%    passed     76.11%
   9  S0293        21.09%    passed     95.61%
  10  S0294         1.32%    passed     76.86%
  11  S0299         0.08%    passed     98.91%
  12  S0303         0.00%    passed     29.55%
  13  S0308         1.16%    passed     51.34%
  14  S0320         0.00%    passed     93.84%
  15  S0322         0.08%    passed     23.38%
  16  S0327         0.00%    passed     98.97%
  17  S0335         0.00%    passed     99.95%
  18  S0345        31.63%    passed     96.88%
  19  S0355         0.08%    passed     24.40%
  20  S0376         0.08%    passed     59.91%
  21  S0400         0.00%    passed     99.61%
  22  S0405         0.00%    passed     86.22%
  23  S0407sl      40.54%    passed     91.92%
  24  S0412sl       0.00%    passed     75.24%
  25  S0417         0.16%    passed     98.86%
  26  S0419         0.23%    passed     89.75%
  27  S0427         0.00%    passed     65.40%
  28  S0428sl      36.05%    passed     75.74%
  29  S0430        21.40%    passed     28.08%
  30  S0478         0.54%    passed     99.91%
  31  S0552sl       0.08%    passed     92.64%
  32  S0558         0.00%    passed     31.29%
  33  S0616        19.46%    passed     79.14%
  34  S0624         0.78%    passed     98.96%
  35  S0641         0.00%    passed     95.46%
  36  S0643         1.01%    passed     86.68%
  37  S0645sl       0.00%    passed     83.47%
  38  S0656sl      40.54%    passed     88.27%
  39  S0673         0.00%    passed     95.93%
  40  S0689         2.40%    passed     98.78%
  41  S0690         2.56%    passed     96.53%
  42  S0720         0.08%    passed     97.07%
  43  S0724sl       0.00%    passed     23.84%
  44  S0735         2.17%    passed     73.37%
  45  S0742         0.08%    passed     78.13%
  46  S0748         0.08%    passed     18.22%
  47  S0753        50.93%    passed     81.51%
  48  S0756         0.00%    passed     92.68%
  49  S0758         0.39%    passed     71.83%
  50  S0760         0.00%    passed     87.04%
  51  S0763         0.00%    passed     99.26%
  52  S0765         0.23%    passed     93.19%
  53  S0770         0.00%    passed     90.86%
  54  S0771         0.00%    passed     93.30%
  55  S0795         0.70%    passed     95.41%
  56  S0827         0.00%    passed     99.53%
  57  S0888         0.08%    passed     96.16%
  58  S0894         0.23%    passed     99.35%
  59  S0899         1.01%    passed     90.70%
  60  S0906         0.08%    passed     95.93%
  61  S0951        48.60%    passed     62.63%
  62  S0952         0.00%    passed     98.96%
  63  S0956        17.44%    passed     41.07%
  64  S0959         0.08%    passed     88.54%
  65  S0960         3.88%    passed     80.12%
  66  S0964         0.39%    passed     74.48%
  67  S1052sl       4.11%    passed     51.73%
  68  S1083         0.00%    passed     99.20%
  69  S1100        81.40%    passed     43.26%
  70  S1102        18.37%    passed     86.00%
  71  S1110        21.86%    passed     81.47%
  72  S1120        15.19%    passed     27.19%
  73  S1128         0.47%    passed     83.65%
  74  S1129sl       0.31%    passed     85.62%
  75  S1148         0.08%    passed     85.03%
  76  S1177         0.00%    passed     90.86%
  77  S1180        81.40%    passed     20.44%
  78  S1187sl      36.43%    passed     69.67%
  79  S1189         0.16%    passed     93.42%
  80  S1201sl       0.00%    passed     97.30%
  81  S1210        18.37%    passed     67.51%
  82  S1211         0.00%    passed     98.51%
  83  S1214sl       0.00%    passed     99.46%
  84  S1223        81.40%    passed     33.84%
  85  S1227         0.00%    passed     99.61%
  86  S1235sl       0.00%    passed     99.24%
  87  S1238sl       0.00%    passed     97.39%
  88  S1239         0.00%    passed     99.13%
  89  S1245         0.16%    passed     99.89%
  90  S1246         0.16%    passed     99.11%
  91  S1249         0.23%    passed     11.34%
  92  S1250sl       0.39%    passed     97.84%
  93  S1251         0.00%    passed     92.41%
  94  S1260         0.78%    passed     67.40%
  95  S1266sl       0.00%    passed     20.25%
  96  S1269        18.45%    passed     48.96%
  97  S1278         0.00%    passed     89.82%
  98  S1315         0.00%    passed     98.00%
  99  S1332         0.23%    passed     99.61%
 100  S1366         0.16%    passed     77.75%
 101  S1369         0.23%    passed     98.87%
 102  S1370         0.08%    passed     93.47%
 103  S1375         0.00%    passed     98.71%
 104  S1376         0.00%    passed     98.47%
 105  S1381         0.08%    passed     99.28%
 106  S1405         0.54%    passed     98.33%
 107  S1422         0.31%    passed     95.76%
 108  S1449         0.00%    passed     94.75%
 109  S1451         0.08%    passed     79.22%
 110  S1460         0.08%    passed     95.56%
 111  S1462         0.00%    passed     97.66%
 112  S1475         0.16%    passed     97.29%
 113  S1498         0.08%    passed     99.13%
 114  S1539         0.00%    passed     99.47%
 115  S_670         0.54%    passed     98.83%
 116  SRR8528336    1.63%    passed     93.62%
 117  SRR8528341    0.00%    passed     88.71%
 118  SRR8528343    0.00%    passed     98.65%
 119  SRR8528347    0.23%    passed     99.92%
 120  SRR8528350    0.08%    passed     95.13%
 121  SRR8528354    0.00%    passed     88.41%
 122  SRR8528357    0.00%    passed     91.29%
 123  SRR8528359    0.00%    passed     96.97%
 124  SRR8528365    0.00%    passed     87.61%
 125  SRR8528370    0.00%    passed     99.85%
 126  SRR8528372    0.00%    passed     96.21%
 127  SRR8528379    0.00%    passed     98.83%
 128  SRR8528381    0.47%    passed     83.05%
 129  SRR8528384    0.00%    passed     93.55%
 130  SRR8528389    0.00%    passed     89.68%
 131  SRR8528391    0.08%    passed     49.14%
 132  SRR8528400    0.08%    passed     95.90%
WARNING: 5 sequences contain more than 50% gaps/ambiguity
****  TOTAL         6.18%  0 sequences failed composition chi2 test (p-value<5%; df=3)
Checking for duplicate sequences: done in 0.014349 secs using 1474% CPU

Create initial parsimony tree by phylogenetic likelihood library (PLL)... 0.157 seconds

NOTE: 16 MB RAM (0 GB) is required!
Measuring multi-threading efficiency up to 56 CPU cores
Increase to 10 rounds for branch lengths
95 trees examined
Threads: 1 / Time: 56.038 sec / Speedup: 1.000 / Efficiency: 100% / LogL: -37864
Threads: 2 / Time: 56.798 sec / Speedup: 0.987 / Efficiency: 49% / LogL: -37864
Determining AUTO threadcount: done in 112.839 secs using 95.33% CPU
BEST NUMBER OF THREADS: 1

Estimate model parameters (epsilon = 0.100)
1. Initial log-likelihood: -23099.646
2. Current log-likelihood: -22343.495
3. Current log-likelihood: -22333.230
4. Current log-likelihood: -22327.087
5. Current log-likelihood: -22323.409
6. Current log-likelihood: -22321.306
7. Current log-likelihood: -22320.154
8. Current log-likelihood: -22319.471
9. Current log-likelihood: -22318.962
10. Current log-likelihood: -22318.483
11. Current log-likelihood: -22317.973
12. Current log-likelihood: -22317.423
13. Current log-likelihood: -22316.855
14. Current log-likelihood: -22316.298
15. Current log-likelihood: -22315.775
16. Current log-likelihood: -22315.292
17. Current log-likelihood: -22314.842
18. Current log-likelihood: -22314.419
19. Current log-likelihood: -22314.011
20. Current log-likelihood: -22313.615
21. Current log-likelihood: -22313.232
22. Current log-likelihood: -22312.862
23. Current log-likelihood: -22312.506
24. Current log-likelihood: -22312.168
25. Current log-likelihood: -22311.846
26. Current log-likelihood: -22311.544
27. Current log-likelihood: -22311.260
28. Current log-likelihood: -22310.995
29. Current log-likelihood: -22310.748
30. Current log-likelihood: -22310.518
31. Current log-likelihood: -22310.304
32. Current log-likelihood: -22310.105
33. Current log-likelihood: -22309.921
34. Current log-likelihood: -22309.749
35. Current log-likelihood: -22309.590
36. Current log-likelihood: -22309.441
37. Current log-likelihood: -22309.303
38. Current log-likelihood: -22309.177
39. Current log-likelihood: -22309.057
40. Current log-likelihood: -22308.946
41. Current log-likelihood: -22308.842
Optimal log-likelihood: -22308.708
Rate parameters:  A-C: 1.35733  A-G: 3.34486  A-T: 0.97373  C-G: 1.37382  C-T: 3.75719  G-T: 1.00000
Base frequencies:  A: 0.286  C: 0.177  G: 0.237  T: 0.300
Site proportion and rates:  (0.502,0.128) (0.217,0.932) (0.235,2.212) (0.045,4.715)
Parameters optimization took 41 rounds (32.026 sec)
Wrote distance file to... 
Computing ML distances based on estimated model parameters...
Calculating distance matrix: done in 0.406928 secs using 47.9% CPU
Computing ML distances took 0.408919 sec (of wall-clock time) 0.196926 sec (of CPU time)
Setting up auxiliary I and S matrices: done in 0.00115299 secs using 100% CPU
Constructing RapidNJ tree: done in 0.00243402 secs using 264% CPU
Computing RapidNJ tree took 0.003711 sec (of wall-clock time) 0.007702 sec (of CPU time)
Log-likelihood of RapidNJ tree: -22528.644
--------------------------------------------------------------------
|             INITIALIZING CANDIDATE TREE SET                      |
--------------------------------------------------------------------
Generating 98 parsimony trees... 5.526 second
Computing log-likelihood of 98 initial trees ... 9.813 seconds
Current best score: -22281.214

Do NNI search on 20 best initial trees
Optimizing NNI: done in 0.404172 secs using 100% CPU
Estimate model parameters (epsilon = 0.100)
BETTER TREE FOUND at iteration 1: -22261.333
Optimizing NNI: done in 0.850836 secs using 62.06% CPU
Optimizing NNI: done in 0.930107 secs using 53.23% CPU
BETTER TREE FOUND at iteration 3: -22261.327
Optimizing NNI: done in 1.2466 secs using 49.65% CPU
Optimizing NNI: done in 0.771873 secs using 77.83% CPU
Estimate model parameters (epsilon = 0.100)
BETTER TREE FOUND at iteration 5: -22260.703
Optimizing NNI: done in 0.922662 secs using 61.5% CPU
Optimizing NNI: done in 1.31837 secs using 44.68% CPU
Optimizing NNI: done in 1.10338 secs using 55.48% CPU
Optimizing NNI: done in 0.726196 secs using 87.27% CPU
Optimizing NNI: done in 0.569028 secs using 89.25% CPU
Iteration 10 / LogL: -22276.917 / Time: 0h:2m:53s
Optimizing NNI: done in 0.85894 secs using 74.08% CPU
Optimizing NNI: done in 0.780646 secs using 80.39% CPU
Optimizing NNI: done in 0.974386 secs using 63.52% CPU
Optimizing NNI: done in 0.670417 secs using 83.29% CPU
Optimizing NNI: done in 0.669865 secs using 84.01% CPU
Optimizing NNI: done in 1.00199 secs using 60.7% CPU
Optimizing NNI: done in 1.10939 secs using 64.76% CPU
Optimizing NNI: done in 0.978246 secs using 52.94% CPU
Optimizing NNI: done in 0.805681 secs using 63.66% CPU
Optimizing NNI: done in 0.865154 secs using 68.53% CPU
Iteration 20 / LogL: -22276.274 / Time: 0h:3m:2s
Finish initializing candidate tree set (20)
Current best tree score: -22260.703 / CPU time: 35.820
Number of iterations: 20
--------------------------------------------------------------------
|               OPTIMIZING CANDIDATE TREE SET                      |
--------------------------------------------------------------------
Optimizing NNI: done in 1.50728 secs using 76.91% CPU
Estimate model parameters (epsilon = 0.100)
BETTER TREE FOUND at iteration 21: -22259.323
Optimizing NNI: done in 0.972344 secs using 84.47% CPU
Optimizing NNI: done in 1.44475 secs using 72.37% CPU
Optimizing NNI: done in 1.72332 secs using 65.22% CPU
BETTER TREE FOUND at iteration 24: -22259.319
Optimizing NNI: done in 1.21674 secs using 73.43% CPU
Optimizing NNI: done in 1.54409 secs using 74.66% CPU
Optimizing NNI: done in 1.1529 secs using 70.16% CPU
Optimizing NNI: done in 1.09606 secs using 79.12% CPU
Optimizing NNI: done in 1.46856 secs using 67.88% CPU
Optimizing NNI: done in 1.49035 secs using 68.92% CPU
Iteration 30 / LogL: -22297.989 / Time: 0h:3m:16s (0h:10m:36s left)
Optimizing NNI: done in 1.17354 secs using 79.42% CPU
Optimizing NNI: done in 1.38587 secs using 74.22% CPU
Optimizing NNI: done in 2.22286 secs using 50.27% CPU
Optimizing NNI: done in 1.98464 secs using 50.27% CPU
Estimate model parameters (epsilon = 0.100)
BETTER TREE FOUND at iteration 34: -22258.617
Optimizing NNI: done in 1.37709 secs using 69.68% CPU
Optimizing NNI: done in 1.79414 secs using 71.6% CPU
Optimizing NNI: done in 1.35141 secs using 76.92% CPU
Optimizing NNI: done in 1.2123 secs using 74.21% CPU
Optimizing NNI: done in 1.83309 secs using 55.98% CPU
Optimizing NNI: done in 1.81813 secs using 49.92% CPU
Estimate model parameters (epsilon = 0.100)
BETTER TREE FOUND at iteration 40: -22258.018
Iteration 40 / LogL: -22258.018 / Time: 0h:3m:35s (0h:9m:10s left)
Optimizing NNI: done in 1.57662 secs using 57.66% CPU
Optimizing NNI: done in 1.92757 secs using 57.53% CPU
UPDATE BEST LOG-LIKELIHOOD: -22258.009
Optimizing NNI: done in 1.38214 secs using 78.77% CPU
Optimizing NNI: done in 1.27008 secs using 68.28% CPU
Optimizing NNI: done in 1.55698 secs using 68.12% CPU
Optimizing NNI: done in 2.23601 secs using 64.41% CPU
Optimizing NNI: done in 1.8892 secs using 62.21% CPU
Optimizing NNI: done in 1.87999 secs using 66.02% CPU
Optimizing NNI: done in 1.39749 secs using 70.75% CPU
Optimizing NNI: done in 1.20262 secs using 66.62% CPU
Iteration 50 / LogL: -22259.700 / Time: 0h:3m:51s (0h:7m:5s left)
Optimizing NNI: done in 1.4806 secs using 67.95% CPU
Optimizing NNI: done in 1.53811 secs using 70.47% CPU
Optimizing NNI: done in 1.23363 secs using 60.2% CPU
Optimizing NNI: done in 2.2846 secs using 50.86% CPU
Optimizing NNI: done in 1.3396 secs using 68.59% CPU
Optimizing NNI: done in 1.95283 secs using 60.66% CPU
Optimizing NNI: done in 1.78961 secs using 62.02% CPU
Optimizing NNI: done in 1.53437 secs using 70.68% CPU
Optimizing NNI: done in 1.72533 secs using 64.54% CPU
Optimizing NNI: done in 1.42672 secs using 70.1% CPU
Iteration 60 / LogL: -22258.543 / Time: 0h:4m:8s (0h:5m:36s left)
Optimizing NNI: done in 1.33317 secs using 73.85% CPU
Optimizing NNI: done in 1.45755 secs using 77.9% CPU
Optimizing NNI: done in 1.72113 secs using 67.07% CPU
Optimizing NNI: done in 1.60623 secs using 66.34% CPU
Optimizing NNI: done in 1.41514 secs using 71.11% CPU
Optimizing NNI: done in 1.59107 secs using 67.76% CPU
Optimizing NNI: done in 1.70014 secs using 64.65% CPU
Optimizing NNI: done in 1.48598 secs using 67.48% CPU
Optimizing NNI: done in 1.4053 secs using 66.41% CPU
Optimizing NNI: done in 1.57974 secs using 65.45% CPU
Iteration 70 / LogL: -22260.486 / Time: 0h:4m:23s (0h:4m:27s left)
Optimizing NNI: done in 2.03911 secs using 63.55% CPU
Optimizing NNI: done in 1.71534 secs using 68.67% CPU
Optimizing NNI: done in 1.62801 secs using 65.99% CPU
Optimizing NNI: done in 1.69197 secs using 68.56% CPU
Optimizing NNI: done in 1.72146 secs using 74.9% CPU
Optimizing NNI: done in 1.46513 secs using 77.61% CPU
Optimizing NNI: done in 1.83414 secs using 59.61% CPU
Optimizing NNI: done in 1.7489 secs using 57.14% CPU
Optimizing NNI: done in 1.28688 secs using 84.3% CPU
Optimizing NNI: done in 1.51747 secs using 67.55% CPU
Iteration 80 / LogL: -22261.694 / Time: 0h:4m:40s (0h:3m:33s left)
Optimizing NNI: done in 1.46161 secs using 75.45% CPU
Optimizing NNI: done in 1.09045 secs using 88.67% CPU
Optimizing NNI: done in 1.15892 secs using 81.08% CPU
Optimizing NNI: done in 1.68813 secs using 66.88% CPU
Optimizing NNI: done in 1.47297 secs using 61.48% CPU
Optimizing NNI: done in 1.13837 secs using 67.2% CPU
Optimizing NNI: done in 1.69069 secs using 68.61% CPU
Optimizing NNI: done in 1.36829 secs using 70.94% CPU
Optimizing NNI: done in 1.6623 secs using 64.19% CPU
Optimizing NNI: done in 1.17103 secs using 94.77% CPU
Iteration 90 / LogL: -22258.540 / Time: 0h:4m:54s (0h:2m:45s left)
Optimizing NNI: done in 1.59306 secs using 84% CPU
Optimizing NNI: done in 1.75632 secs using 72.49% CPU
Optimizing NNI: done in 1.28159 secs using 88.65% CPU
Optimizing NNI: done in 1.17733 secs using 91.81% CPU
Optimizing NNI: done in 1.06933 secs using 99.59% CPU
Optimizing NNI: done in 1.23694 secs using 96.65% CPU
Optimizing NNI: done in 1.50995 secs using 56.14% CPU
Optimizing NNI: done in 1.70244 secs using 63.55% CPU
Optimizing NNI: done in 1.19706 secs using 83.82% CPU
BETTER TREE FOUND at iteration 99: -22258.009
Optimizing NNI: done in 1.63811 secs using 69.2% CPU
Iteration 100 / LogL: -22263.275 / Time: 0h:5m:9s (0h:5m:9s left)
Optimizing NNI: done in 1.27612 secs using 67.69% CPU
Optimizing NNI: done in 1.6841 secs using 66.73% CPU
Optimizing NNI: done in 1.3753 secs using 68.55% CPU
Optimizing NNI: done in 1.37928 secs using 80.6% CPU
Optimizing NNI: done in 1.43513 secs using 75.1% CPU
Optimizing NNI: done in 1.99756 secs using 64.1% CPU
Optimizing NNI: done in 2.04891 secs using 65.98% CPU
Optimizing NNI: done in 1.66037 secs using 72.49% CPU
Optimizing NNI: done in 1.48741 secs using 67.49% CPU
Optimizing NNI: done in 1.02125 secs using 99.99% CPU
Iteration 110 / LogL: -22261.817 / Time: 0h:5m:25s (0h:4m:25s left)
Optimizing NNI: done in 1.27883 secs using 99.73% CPU
Optimizing NNI: done in 0.95918 secs using 91.32% CPU
Optimizing NNI: done in 1.04866 secs using 99.74% CPU
Optimizing NNI: done in 1.4233 secs using 75.8% CPU
Optimizing NNI: done in 1.13214 secs using 99.97% CPU
Optimizing NNI: done in 0.919338 secs using 99.97% CPU
Optimizing NNI: done in 1.31972 secs using 68.85% CPU
Optimizing NNI: done in 1.74134 secs using 58.08% CPU
Optimizing NNI: done in 1.80323 secs using 59.81% CPU
Optimizing NNI: done in 1.35545 secs using 73.98% CPU
Iteration 120 / LogL: -22320.645 / Time: 0h:5m:38s (0h:3m:44s left)
Optimizing NNI: done in 0.9291 secs using 95.77% CPU
Optimizing NNI: done in 0.816047 secs using 99.94% CPU
Optimizing NNI: done in 2.10353 secs using 60.94% CPU
Optimizing NNI: done in 1.53231 secs using 67.05% CPU
Optimizing NNI: done in 1.44025 secs using 77.38% CPU
Optimizing NNI: done in 1.52897 secs using 56.4% CPU
Optimizing NNI: done in 1.00684 secs using 91.44% CPU
Optimizing NNI: done in 1.47108 secs using 74.41% CPU
Optimizing NNI: done in 0.953766 secs using 99.95% CPU
Optimizing NNI: done in 1.47317 secs using 73.27% CPU
Iteration 130 / LogL: -22343.131 / Time: 0h:5m:51s (0h:3m:7s left)
Optimizing NNI: done in 1.46111 secs using 59.5% CPU
Optimizing NNI: done in 1.83169 secs using 56.61% CPU
Optimizing NNI: done in 1.25598 secs using 89.9% CPU
Optimizing NNI: done in 1.1104 secs using 99.99% CPU
Optimizing NNI: done in 0.987867 secs using 87.41% CPU
Optimizing NNI: done in 1.66893 secs using 74.53% CPU
Optimizing NNI: done in 1.11409 secs using 97.55% CPU
Optimizing NNI: done in 1.02538 secs using 99.79% CPU
Optimizing NNI: done in 1.72114 secs using 64.93% CPU
Optimizing NNI: done in 1.03938 secs using 88.4% CPU
Iteration 140 / LogL: -22258.013 / Time: 0h:6m:5s (0h:2m:34s left)
Optimizing NNI: done in 1.48518 secs using 68.85% CPU
Optimizing NNI: done in 1.84094 secs using 51.76% CPU
Optimizing NNI: done in 1.92421 secs using 66.98% CPU
Optimizing NNI: done in 0.917316 secs using 99.56% CPU
Optimizing NNI: done in 1.35573 secs using 77.01% CPU
Optimizing NNI: done in 1.02284 secs using 99.97% CPU
Optimizing NNI: done in 1.18304 secs using 86.41% CPU
Optimizing NNI: done in 1.45375 secs using 86.89% CPU
Optimizing NNI: done in 1.17425 secs using 86.34% CPU
Optimizing NNI: done in 1.34314 secs using 93.68% CPU
Iteration 150 / LogL: -22270.157 / Time: 0h:6m:19s (0h:2m:4s left)
Optimizing NNI: done in 1.1506 secs using 99.61% CPU
Optimizing NNI: done in 1.71451 secs using 69.66% CPU
Optimizing NNI: done in 1.08073 secs using 97.35% CPU
Optimizing NNI: done in 1.4388 secs using 72.43% CPU
Optimizing NNI: done in 1.05904 secs using 100% CPU
Optimizing NNI: done in 1.2566 secs using 92.97% CPU
Optimizing NNI: done in 0.989616 secs using 99.97% CPU
Optimizing NNI: done in 1.07916 secs using 99.92% CPU
Optimizing NNI: done in 1.82516 secs using 63.05% CPU
Optimizing NNI: done in 1.80628 secs using 56.32% CPU
Iteration 160 / LogL: -22273.228 / Time: 0h:6m:32s (0h:1m:36s left)
Optimizing NNI: done in 1.57541 secs using 87.05% CPU
Optimizing NNI: done in 1.37042 secs using 78.98% CPU
UPDATE BEST LOG-LIKELIHOOD: -22258.008
Optimizing NNI: done in 0.971179 secs using 99.97% CPU
Optimizing NNI: done in 1.44095 secs using 76.86% CPU
Optimizing NNI: done in 1.07038 secs using 97.08% CPU
Optimizing NNI: done in 1.45746 secs using 67.36% CPU
Optimizing NNI: done in 0.953116 secs using 99.98% CPU
Optimizing NNI: done in 0.84556 secs using 99.98% CPU
Optimizing NNI: done in 1.29441 secs using 78.71% CPU
Optimizing NNI: done in 1.59484 secs using 61.83% CPU
Iteration 170 / LogL: -22260.062 / Time: 0h:6m:45s (0h:1m:9s left)
Optimizing NNI: done in 1.46121 secs using 73.18% CPU
Optimizing NNI: done in 1.54212 secs using 73.09% CPU
Optimizing NNI: done in 1.40648 secs using 69.08% CPU
Optimizing NNI: done in 1.36607 secs using 68.33% CPU
Optimizing NNI: done in 1.44498 secs using 69.03% CPU
Optimizing NNI: done in 1.31427 secs using 70.83% CPU
Optimizing NNI: done in 1.65534 secs using 71.19% CPU
Optimizing NNI: done in 1.39578 secs using 83.83% CPU
Optimizing NNI: done in 1.85332 secs using 65.12% CPU
Optimizing NNI: done in 1.58842 secs using 60.36% CPU
Iteration 180 / LogL: -22259.978 / Time: 0h:7m:0s (0h:0m:44s left)
Optimizing NNI: done in 1.76713 secs using 64.96% CPU
Optimizing NNI: done in 1.64354 secs using 66.62% CPU
Optimizing NNI: done in 1.57499 secs using 61.87% CPU
Optimizing NNI: done in 1.67343 secs using 67.62% CPU
Optimizing NNI: done in 1.79977 secs using 67.04% CPU
Optimizing NNI: done in 1.97391 secs using 48.89% CPU
Optimizing NNI: done in 1.55987 secs using 69.29% CPU
Optimizing NNI: done in 1.37728 secs using 69.47% CPU
Optimizing NNI: done in 1.62413 secs using 65.54% CPU
Optimizing NNI: done in 1.44663 secs using 72% CPU
Iteration 190 / LogL: -22258.011 / Time: 0h:7m:17s (0h:0m:20s left)
Optimizing NNI: done in 1.80191 secs using 64.62% CPU
Optimizing NNI: done in 1.47092 secs using 63.04% CPU
Optimizing NNI: done in 1.83832 secs using 50.53% CPU
Optimizing NNI: done in 2.20325 secs using 46.58% CPU
Optimizing NNI: done in 2.04647 secs using 58.72% CPU
Optimizing NNI: done in 1.65283 secs using 71.85% CPU
Optimizing NNI: done in 1.34065 secs using 68% CPU
Optimizing NNI: done in 1.1462 secs using 68.99% CPU
Optimizing NNI: done in 1.50408 secs using 64.13% CPU
Optimizing NNI: done in 1.02415 secs using 72.68% CPU
Iteration 200 / LogL: -22258.012 / Time: 0h:7m:33s (0h:0m:-3s left)
TREE SEARCH COMPLETED AFTER 200 ITERATIONS / Time: 0h:7m:33s

--------------------------------------------------------------------
|                    FINALIZING TREE SEARCH                        |
--------------------------------------------------------------------
Performs final model parameters optimization
Estimate model parameters (epsilon = 0.010)
1. Initial log-likelihood: -22258.008
2. Current log-likelihood: -22257.964
3. Current log-likelihood: -22257.915
4. Current log-likelihood: -22257.867
5. Current log-likelihood: -22257.822
6. Current log-likelihood: -22257.781
7. Current log-likelihood: -22257.743
8. Current log-likelihood: -22257.708
9. Current log-likelihood: -22257.675
10. Current log-likelihood: -22257.644
11. Current log-likelihood: -22257.625
12. Current log-likelihood: -22257.606
13. Current log-likelihood: -22257.589
14. Current log-likelihood: -22257.571
15. Current log-likelihood: -22257.555
16. Current log-likelihood: -22257.540
17. Current log-likelihood: -22257.526
18. Current log-likelihood: -22257.512
19. Current log-likelihood: -22257.498
20. Current log-likelihood: -22257.485
21. Current log-likelihood: -22257.472
22. Current log-likelihood: -22257.462
23. Current log-likelihood: -22257.450
24. Current log-likelihood: -22257.440
25. Current log-likelihood: -22257.429
Optimal log-likelihood: -22257.414
Rate parameters:  A-C: 1.39342  A-G: 3.39254  A-T: 1.00840  C-G: 1.35582  C-T: 3.86839  G-T: 1.00000
Base frequencies:  A: 0.286  C: 0.177  G: 0.237  T: 0.300
Site proportion and rates:  (0.490,0.113) (0.236,0.923) (0.228,2.233) (0.046,4.755)
Parameters optimization took 25 rounds (15.318 sec)
BEST SCORE FOUND : -22257.414
Total tree length: 3.238

Total number of iterations: 200
CPU time used for tree search: 217.067 sec (0h:3m:37s)
Wall-clock time used for tree search: 307.400 sec (0h:5m:7s)
Total CPU time used: 361.269 sec (0h:6m:1s)
Total wall-clock time used: 468.988 sec (0h:7m:48s)

Analysis results written to: 
  IQ-TREE report:                5G50170_iqtree_preliminary_superstrict_excluding_hybrids.iqtree
  Maximum-likelihood tree:       5G50170_iqtree_preliminary_superstrict_excluding_hybrids.treefile
  Likelihood distances:          5G50170_iqtree_preliminary_superstrict_excluding_hybrids.mldist
  Screen log file:               5G50170_iqtree_preliminary_superstrict_excluding_hybrids.log

ALISIM COMMAND
--------------
--alisim simulated_MSA -t 5G50170_iqtree_preliminary_superstrict_excluding_hybrids.treefile -m "GTR{1.39342,3.39254,1.0084,1.35582,3.86839}+F{0.286277,0.177123,0.23672,0.299879}+R4{0.489728,0.112716,0.236482,0.923484,0.228138,2.23263,0.0456525,4.75472}" --length 1290

Date and Time: Fri Jun  2 08:19:31 2023
