IQ-TREE multicore version 2.2.2 COVID-edition for Linux 64-bit built Sep 20 2022
Developed by Bui Quang Minh, James Barbetti, Nguyen Lam Tung,
Olga Chernomor, Heiko Schmidt, Dominik Schrempf, Michael Woodhams, Ly Trong Nhan.

Host:    netdc-bms-c11f (AVX2, FMA3, 377 GB RAM)
Command: /home/kasper.hendriks/iqtree-2.2.2-Linux/bin/iqtree2 -s 5G51750_taper_preliminary_superstrict_excluding_hybrids.fasta -nm 1000 -m GTR+F+R -nt AUTO --prefix 5G51750_iqtree_preliminary_superstrict_excluding_hybrids
Seed:    902123 (Using SPRNG - Scalable Parallel Random Number Generator)
Time:    Fri Jun  2 08:12:54 2023
Kernel:  AVX+FMA - auto-detect threads (56 CPU cores detected)

Reading alignment file 5G51750_taper_preliminary_superstrict_excluding_hybrids.fasta ... Fasta format detected
Reading fasta file: done in 0.00472212 secs using 99.93% CPU
Alignment most likely contains DNA/RNA sequences
Constructing alignment: done in 0.046571 secs using 1315% CPU
Alignment has 130 sequences with 1517 columns, 1172 distinct patterns
730 parsimony-informative, 242 singleton sites, 545 constant sites
             Gap/Ambiguity  Composition  p-value
Analyzing sequences: done in 0.00846195 secs using 1500% CPU
   1  S0055          0.00%    passed      6.92%
   2  S0196sl       33.36%    passed     49.54%
   3  S0278          4.15%    passed     32.03%
   4  S0281          6.39%    passed     51.47%
   5  S0282          0.00%    passed     43.20%
   6  S0288         55.44%    passed     54.39%
   7  S0289          0.33%    failed      2.38%
   8  S0292          0.40%    failed      0.27%
   9  S0293          0.26%    passed     32.72%
  10  S0294          0.59%    failed      0.01%
  11  S0299         25.44%    passed     59.81%
  12  S0303         70.93%    passed     19.50%
  13  S0320          7.45%    passed     27.13%
  14  S0322         59.39%    passed     24.00%
  15  S0327          0.07%    passed     68.85%
  16  S0335          0.00%    passed     85.72%
  17  S0345         20.04%    passed     93.16%
  18  S0355         14.90%    passed      7.20%
  19  S0376         12.92%    failed      0.01%
  20  S0400          0.07%    passed     46.41%
  21  S0405          0.13%    passed     35.16%
  22  S0407sl       81.21%    failed      0.30%
  23  S0412sl        0.73%    passed     10.05%
  24  S0417          0.07%    passed     32.91%
  25  S0419          0.59%    passed     58.43%
  26  S0427          0.00%    failed      0.01%
  27  S0430          5.08%    passed      8.73%
  28  S0478          1.71%    passed     10.00%
  29  S0552sl        0.13%    passed     60.18%
  30  S0558          0.00%    passed     12.03%
  31  S0616          1.25%    passed     89.58%
  32  S0624         20.30%    failed      3.99%
  33  S0641          0.00%    passed     30.50%
  34  S0643          0.07%    passed     24.29%
  35  S0645sl        0.13%    passed     34.65%
  36  S0656sl        7.45%    passed     29.31%
  37  S0673          0.00%    passed     76.25%
  38  S0689          1.12%    passed     26.43%
  39  S0690          0.20%    passed     30.83%
  40  S0720          0.20%    passed     96.53%
  41  S0724sl        1.25%    passed     39.10%
  42  S0735         22.15%    failed      0.40%
  43  S0742          0.07%    passed     32.48%
  44  S0748          0.13%    passed     61.39%
  45  S0753          0.00%    passed     97.86%
  46  S0756          0.00%    passed     33.32%
  47  S0758          2.64%    passed     38.74%
  48  S0760          0.53%    passed     63.25%
  49  S0763          0.00%    passed     29.38%
  50  S0765          0.59%    passed     67.59%
  51  S0770          0.53%    passed     56.78%
  52  S0771          0.00%    passed     78.19%
  53  S0795          0.13%    passed     90.42%
  54  S0827          0.00%    passed      6.16%
  55  S0888          0.00%    passed     52.67%
  56  S0894         18.59%    passed     54.17%
  57  S0899         13.58%    passed     38.02%
  58  S0906          0.00%    passed     71.52%
  59  S0952          8.77%    passed      6.39%
  60  S0956          0.13%    passed     38.22%
  61  S0959          0.59%    passed     76.79%
  62  S0960          0.26%    passed     64.00%
  63  S0964          0.53%    passed     64.57%
  64  S1052sl       54.58%    failed      0.97%
  65  S1083          0.00%    passed     98.19%
  66  S1100          1.38%    passed     51.98%
  67  S1102          0.20%    passed     88.55%
  68  S1110          0.00%    passed     41.30%
  69  S1120          2.90%    passed     92.53%
  70  S1128          0.26%    passed     81.60%
  71  S1129sl        0.13%    passed     75.16%
  72  S1148          1.85%    failed      4.18%
  73  S1177          1.98%    passed     71.29%
  74  S1180         14.90%    failed      2.97%
  75  S1189          0.00%    passed     66.41%
  76  S1201sl        0.00%    passed     96.03%
  77  S1210          0.07%    passed     46.41%
  78  S1211          0.00%    failed      4.37%
  79  S1214sl        0.00%    passed      5.24%
  80  S1223         28.81%    failed      0.25%
  81  S1227          0.00%    passed     41.34%
  82  S1235sl        0.00%    failed      1.77%
  83  S1238sl        0.00%    passed     27.44%
  84  S1239          0.00%    passed     61.27%
  85  S1245          0.59%    passed     48.16%
  86  S1246          2.11%    passed     56.64%
  87  S1249         43.84%    failed      2.40%
  88  S1250sl        1.45%    passed     11.99%
  89  S1251          0.00%    passed     39.28%
  90  S1260          1.12%    passed     75.49%
  91  S1266sl        5.47%    passed      5.27%
  92  S1269         29.40%    failed      0.49%
  93  S1278          0.00%    passed     44.70%
  94  S1315          0.00%    passed     73.52%
  95  S1332          0.00%    passed     97.81%
  96  S1366         22.87%    failed      1.41%
  97  S1369          0.40%    passed     39.80%
  98  S1370          1.52%    passed     21.11%
  99  S1375          2.04%    passed     21.43%
 100  S1376          0.26%    failed      3.12%
 101  S1381          2.24%    failed      4.02%
 102  S1405         27.36%    passed     19.24%
 103  S1422          0.07%    failed      1.12%
 104  S1449          0.00%    failed      0.27%
 105  S1451          0.33%    passed     75.83%
 106  S1460          0.53%    failed      3.78%
 107  S1462          0.00%    passed     54.60%
 108  S1475         12.85%    passed     81.30%
 109  S1498          0.07%    passed     97.29%
 110  S1539          0.00%    passed     79.04%
 111  S_670          0.20%    passed     52.55%
 112  SRR11470320    0.00%    passed     91.83%
 113  SRR8528336     0.07%    passed      5.02%
 114  SRR8528341     0.00%    passed     93.34%
 115  SRR8528343     0.00%    passed     37.02%
 116  SRR8528347     0.00%    passed     31.01%
 117  SRR8528350     0.00%    passed      6.06%
 118  SRR8528354     0.00%    passed     25.04%
 119  SRR8528357     0.00%    passed     39.51%
 120  SRR8528359     0.53%    passed     25.76%
 121  SRR8528361     0.99%    passed     99.37%
 122  SRR8528365     0.00%    passed     88.91%
 123  SRR8528370     0.07%    passed     79.88%
 124  SRR8528372     0.00%    passed     83.26%
 125  SRR8528379     0.00%    passed     84.95%
 126  SRR8528381    18.00%    failed      0.00%
 127  SRR8528384     0.00%    passed     63.97%
 128  SRR8528389     0.00%    passed     91.27%
 129  SRR8528391     0.00%    failed      0.03%
 130  SRR8528400     0.13%    passed     81.36%
WARNING: 5 sequences contain more than 50% gaps/ambiguity
****  TOTAL          6.03%  24 sequences failed composition chi2 test (p-value<5%; df=3)
Checking for duplicate sequences: done in 0.00956106 secs using 1557% CPU

Create initial parsimony tree by phylogenetic likelihood library (PLL)... 0.185 seconds

NOTE: 19 MB RAM (0 GB) is required!
Measuring multi-threading efficiency up to 56 CPU cores
Increase to 10 rounds for branch lengths
60 trees examined
Threads: 1 / Time: 56.537 sec / Speedup: 1.000 / Efficiency: 100% / LogL: -55254
Threads: 2 / Time: 35.351 sec / Speedup: 1.599 / Efficiency: 80% / LogL: -55254
Threads: 3 / Time: 29.707 sec / Speedup: 1.903 / Efficiency: 63% / LogL: -55254
Threads: 4 / Time: 36.200 sec / Speedup: 1.562 / Efficiency: 39% / LogL: -55254
Determining AUTO threadcount: done in 157.799 secs using 159.8% CPU
BEST NUMBER OF THREADS: 3

Estimate model parameters (epsilon = 0.100)
1. Initial log-likelihood: -32504.442
2. Current log-likelihood: -31201.401
3. Current log-likelihood: -31177.582
4. Current log-likelihood: -31171.625
5. Current log-likelihood: -31167.550
6. Current log-likelihood: -31164.234
7. Current log-likelihood: -31161.370
8. Current log-likelihood: -31159.031
9. Current log-likelihood: -31157.236
10. Current log-likelihood: -31155.664
11. Current log-likelihood: -31154.215
12. Current log-likelihood: -31152.836
13. Current log-likelihood: -31151.518
14. Current log-likelihood: -31150.267
15. Current log-likelihood: -31149.093
16. Current log-likelihood: -31148.002
17. Current log-likelihood: -31146.992
18. Current log-likelihood: -31146.062
19. Current log-likelihood: -31145.211
20. Current log-likelihood: -31144.431
21. Current log-likelihood: -31143.721
22. Current log-likelihood: -31143.073
23. Current log-likelihood: -31142.484
24. Current log-likelihood: -31142.038
25. Current log-likelihood: -31141.535
26. Current log-likelihood: -31141.169
27. Current log-likelihood: -31140.828
28. Current log-likelihood: -31140.515
29. Current log-likelihood: -31140.229
30. Current log-likelihood: -31139.967
31. Current log-likelihood: -31139.728
32. Current log-likelihood: -31139.507
33. Current log-likelihood: -31139.305
34. Current log-likelihood: -31139.119
35. Current log-likelihood: -31138.948
36. Current log-likelihood: -31138.790
37. Current log-likelihood: -31138.645
38. Current log-likelihood: -31138.512
39. Current log-likelihood: -31138.388
40. Current log-likelihood: -31138.274
41. Current log-likelihood: -31138.168
Optimal log-likelihood: -31138.018
Rate parameters:  A-C: 1.30314  A-G: 3.04954  A-T: 1.38236  C-G: 1.30228  C-T: 4.58284  G-T: 1.00000
Base frequencies:  A: 0.274  C: 0.214  G: 0.262  T: 0.250
Site proportion and rates:  (0.519,0.102) (0.214,0.825) (0.184,2.098) (0.082,4.668)
Parameters optimization took 41 rounds (19.048 sec)
Wrote distance file to... 
Computing ML distances based on estimated model parameters...
Calculating distance matrix: done in 0.0687959 secs using 282.2% CPU
Computing ML distances took 0.069440 sec (of wall-clock time) 0.196028 sec (of CPU time)
Setting up auxiliary I and S matrices: done in 0.000596046 secs using 289.4% CPU
Constructing RapidNJ tree: done in 0.00616407 secs using 359.8% CPU
Computing RapidNJ tree took 0.006881 sec (of wall-clock time) 0.024367 sec (of CPU time)
Log-likelihood of RapidNJ tree: -31317.493
--------------------------------------------------------------------
|             INITIALIZING CANDIDATE TREE SET                      |
--------------------------------------------------------------------
Generating 98 parsimony trees... 6.770 second
Computing log-likelihood of 98 initial trees ... 8.803 seconds
Current best score: -31060.688

Do NNI search on 20 best initial trees
Optimizing NNI: done in 0.879536 secs using 205.1% CPU
Estimate model parameters (epsilon = 0.100)
BETTER TREE FOUND at iteration 1: -31011.048
Optimizing NNI: done in 0.741386 secs using 220.6% CPU
Optimizing NNI: done in 0.862671 secs using 224.9% CPU
Optimizing NNI: done in 0.730236 secs using 234.5% CPU
Optimizing NNI: done in 0.459558 secs using 285% CPU
Optimizing NNI: done in 0.452884 secs using 270.3% CPU
Estimate model parameters (epsilon = 0.100)
BETTER TREE FOUND at iteration 6: -31008.718
Optimizing NNI: done in 0.531207 secs using 267% CPU
Optimizing NNI: done in 0.484152 secs using 267.5% CPU
Optimizing NNI: done in 0.533313 secs using 244.6% CPU
Optimizing NNI: done in 0.461411 secs using 278.1% CPU
Estimate model parameters (epsilon = 0.100)
BETTER TREE FOUND at iteration 10: -31007.435
Iteration 10 / LogL: -31007.435 / Time: 0h:3m:22s
Optimizing NNI: done in 0.630339 secs using 238.6% CPU
Optimizing NNI: done in 0.933793 secs using 217.1% CPU
Optimizing NNI: done in 1.03873 secs using 215% CPU
Optimizing NNI: done in 0.655977 secs using 231.9% CPU
Optimizing NNI: done in 0.719382 secs using 243.3% CPU
Optimizing NNI: done in 0.622663 secs using 252.2% CPU
Optimizing NNI: done in 0.746695 secs using 228% CPU
Optimizing NNI: done in 0.736153 secs using 240% CPU
Optimizing NNI: done in 0.487154 secs using 260.3% CPU
Optimizing NNI: done in 0.663787 secs using 262.2% CPU
Iteration 20 / LogL: -31036.091 / Time: 0h:3m:29s
Finish initializing candidate tree set (19)
Current best tree score: -31007.435 / CPU time: 31.875
Number of iterations: 20
--------------------------------------------------------------------
|               OPTIMIZING CANDIDATE TREE SET                      |
--------------------------------------------------------------------
Optimizing NNI: done in 0.723749 secs using 268.4% CPU
Estimate model parameters (epsilon = 0.100)
BETTER TREE FOUND at iteration 21: -31006.366
Optimizing NNI: done in 0.912149 secs using 254.7% CPU
Optimizing NNI: done in 1.56996 secs using 208% CPU
Optimizing NNI: done in 1.61732 secs using 183.6% CPU
Optimizing NNI: done in 1.34666 secs using 226.2% CPU
Optimizing NNI: done in 1.11135 secs using 230.2% CPU
Optimizing NNI: done in 0.672194 secs using 287.6% CPU
Optimizing NNI: done in 0.692245 secs using 273.4% CPU
Optimizing NNI: done in 0.995899 secs using 234.6% CPU
Optimizing NNI: done in 0.843998 secs using 241.2% CPU
Iteration 30 / LogL: -31007.210 / Time: 0h:3m:40s (0h:11m:32s left)
Optimizing NNI: done in 1.22441 secs using 223.2% CPU
Optimizing NNI: done in 0.897293 secs using 253.4% CPU
Optimizing NNI: done in 0.805068 secs using 258.2% CPU
Optimizing NNI: done in 0.82452 secs using 241.9% CPU
Optimizing NNI: done in 1.01892 secs using 232.2% CPU
Optimizing NNI: done in 0.768538 secs using 272.4% CPU
Optimizing NNI: done in 0.530982 secs using 281.7% CPU
Optimizing NNI: done in 0.654969 secs using 299.4% CPU
Optimizing NNI: done in 0.840003 secs using 250.4% CPU
Optimizing NNI: done in 0.816466 secs using 266.7% CPU
Iteration 40 / LogL: -31010.361 / Time: 0h:3m:49s (0h:7m:55s left)
Optimizing NNI: done in 0.885216 secs using 257.8% CPU
Optimizing NNI: done in 0.80477 secs using 243.4% CPU
Optimizing NNI: done in 0.65474 secs using 291.1% CPU
Optimizing NNI: done in 0.62159 secs using 299.4% CPU
Optimizing NNI: done in 0.6638 secs using 298.1% CPU
Optimizing NNI: done in 1.00477 secs using 255.6% CPU
Optimizing NNI: done in 0.567679 secs using 297.2% CPU
Optimizing NNI: done in 1.17803 secs using 255.8% CPU
Optimizing NNI: done in 0.437456 secs using 295.9% CPU
Optimizing NNI: done in 0.773305 secs using 258.5% CPU
Iteration 50 / LogL: -31008.360 / Time: 0h:3m:57s (0h:5m:43s left)
Optimizing NNI: done in 0.674469 secs using 264.3% CPU
Optimizing NNI: done in 0.491284 secs using 300.1% CPU
Optimizing NNI: done in 0.708445 secs using 283.2% CPU
Optimizing NNI: done in 0.562439 secs using 295.7% CPU
Optimizing NNI: done in 0.618899 secs using 299.9% CPU
Optimizing NNI: done in 0.692048 secs using 298.9% CPU
Optimizing NNI: done in 1.05917 secs using 252.9% CPU
Optimizing NNI: done in 0.976847 secs using 236.7% CPU
Optimizing NNI: done in 0.717559 secs using 270.4% CPU
Optimizing NNI: done in 0.874223 secs using 259.5% CPU
Iteration 60 / LogL: -31006.986 / Time: 0h:4m:4s (0h:4m:12s left)
Optimizing NNI: done in 0.643281 secs using 279.6% CPU
Optimizing NNI: done in 1.05344 secs using 249.6% CPU
Optimizing NNI: done in 0.626673 secs using 285.8% CPU
Optimizing NNI: done in 0.689301 secs using 275.3% CPU
Optimizing NNI: done in 0.849373 secs using 266.6% CPU
Optimizing NNI: done in 0.594211 secs using 298.8% CPU
Estimate model parameters (epsilon = 0.100)
BETTER TREE FOUND at iteration 66: -31005.092
Optimizing NNI: done in 0.824608 secs using 232.4% CPU
Optimizing NNI: done in 1.16832 secs using 238.6% CPU
Optimizing NNI: done in 0.781761 secs using 263% CPU
Optimizing NNI: done in 0.827049 secs using 231.3% CPU
Iteration 70 / LogL: -31007.303 / Time: 0h:4m:13s (0h:5m:52s left)
Optimizing NNI: done in 0.925717 secs using 226.2% CPU
Optimizing NNI: done in 0.892358 secs using 249.5% CPU
Optimizing NNI: done in 1.58301 secs using 212.1% CPU
Optimizing NNI: done in 1.16628 secs using 213.1% CPU
Optimizing NNI: done in 1.06868 secs using 240.1% CPU
Optimizing NNI: done in 0.523228 secs using 298.5% CPU
Optimizing NNI: done in 0.784074 secs using 264.4% CPU
Optimizing NNI: done in 0.924263 secs using 252.6% CPU
Optimizing NNI: done in 0.753925 secs using 248.5% CPU
Optimizing NNI: done in 0.583838 secs using 287% CPU
Iteration 80 / LogL: -31016.251 / Time: 0h:4m:22s (0h:4m:45s left)
Optimizing NNI: done in 0.499336 secs using 300.1% CPU
Optimizing NNI: done in 0.513067 secs using 300.1% CPU
Optimizing NNI: done in 0.475251 secs using 297.5% CPU
Optimizing NNI: done in 0.474107 secs using 297.8% CPU
Optimizing NNI: done in 0.538599 secs using 299.2% CPU
Optimizing NNI: done in 0.560643 secs using 299.3% CPU
Optimizing NNI: done in 0.540058 secs using 297.4% CPU
Optimizing NNI: done in 0.496844 secs using 297.9% CPU
Optimizing NNI: done in 0.487131 secs using 298.1% CPU
Optimizing NNI: done in 0.515072 secs using 296.8% CPU
Iteration 90 / LogL: -31006.566 / Time: 0h:4m:28s (0h:3m:48s left)
Optimizing NNI: done in 0.598697 secs using 298.8% CPU
Optimizing NNI: done in 0.494616 secs using 297% CPU
Optimizing NNI: done in 0.527047 secs using 300% CPU
Optimizing NNI: done in 0.596754 secs using 297.1% CPU
Optimizing NNI: done in 0.583121 secs using 262.6% CPU
Optimizing NNI: done in 0.738252 secs using 258.2% CPU
Optimizing NNI: done in 0.929009 secs using 251.9% CPU
Optimizing NNI: done in 0.574578 secs using 294.6% CPU
UPDATE BEST LOG-LIKELIHOOD: -31005.091
Optimizing NNI: done in 0.537823 secs using 299% CPU
Optimizing NNI: done in 0.44713 secs using 299.6% CPU
Iteration 100 / LogL: -31017.414 / Time: 0h:4m:34s (0h:3m:2s left)
Optimizing NNI: done in 0.403235 secs using 298.4% CPU
Optimizing NNI: done in 0.501967 secs using 297.4% CPU
Optimizing NNI: done in 0.59383 secs using 299.6% CPU
Optimizing NNI: done in 0.487171 secs using 298.4% CPU
Optimizing NNI: done in 0.606539 secs using 294.5% CPU
Optimizing NNI: done in 0.905188 secs using 250.4% CPU
Optimizing NNI: done in 0.724875 secs using 268.1% CPU
Optimizing NNI: done in 0.740199 secs using 270.2% CPU
Optimizing NNI: done in 0.598192 secs using 298.6% CPU
Optimizing NNI: done in 0.515301 secs using 297.5% CPU
Iteration 110 / LogL: -31007.198 / Time: 0h:4m:40s (0h:2m:24s left)
Optimizing NNI: done in 0.527914 secs using 295.3% CPU
Optimizing NNI: done in 0.618615 secs using 298.5% CPU
Optimizing NNI: done in 0.534658 secs using 298.9% CPU
Optimizing NNI: done in 0.937079 secs using 269.1% CPU
Optimizing NNI: done in 0.710294 secs using 283.7% CPU
Optimizing NNI: done in 0.70141 secs using 263.6% CPU
Optimizing NNI: done in 0.53067 secs using 291.3% CPU
Optimizing NNI: done in 0.855722 secs using 252.5% CPU
Optimizing NNI: done in 0.667525 secs using 262.6% CPU
Optimizing NNI: done in 0.562903 secs using 300.1% CPU
Iteration 120 / LogL: -31007.124 / Time: 0h:4m:47s (0h:1m:50s left)
Optimizing NNI: done in 0.518273 secs using 299.4% CPU
Optimizing NNI: done in 0.6656 secs using 291.4% CPU
Optimizing NNI: done in 0.624269 secs using 283% CPU
Optimizing NNI: done in 0.709166 secs using 271.2% CPU
Optimizing NNI: done in 0.578034 secs using 270% CPU
Optimizing NNI: done in 0.493207 secs using 295.6% CPU
Optimizing NNI: done in 0.667881 secs using 294.4% CPU
Optimizing NNI: done in 0.515353 secs using 297.7% CPU
Optimizing NNI: done in 0.497814 secs using 300% CPU
Optimizing NNI: done in 0.594242 secs using 279.4% CPU
Iteration 130 / LogL: -31006.733 / Time: 0h:4m:53s (0h:1m:21s left)
Optimizing NNI: done in 0.606589 secs using 296.8% CPU
Optimizing NNI: done in 0.551155 secs using 297.3% CPU
Optimizing NNI: done in 0.535881 secs using 299.3% CPU
Optimizing NNI: done in 0.563983 secs using 297.4% CPU
Optimizing NNI: done in 0.520539 secs using 288.3% CPU
Optimizing NNI: done in 0.568368 secs using 292.5% CPU
Optimizing NNI: done in 0.526538 secs using 291% CPU
Optimizing NNI: done in 0.575806 secs using 294% CPU
Optimizing NNI: done in 0.47283 secs using 297.2% CPU
Optimizing NNI: done in 0.389289 secs using 296.9% CPU
Iteration 140 / LogL: -31019.701 / Time: 0h:4m:58s (0h:0m:55s left)
Optimizing NNI: done in 0.600285 secs using 282.8% CPU
Optimizing NNI: done in 0.636768 secs using 282.8% CPU
Optimizing NNI: done in 0.778481 secs using 259.1% CPU
Optimizing NNI: done in 0.716221 secs using 272.8% CPU
Optimizing NNI: done in 0.520531 secs using 283% CPU
Optimizing NNI: done in 0.646452 secs using 276.9% CPU
Optimizing NNI: done in 0.970281 secs using 238.6% CPU
Optimizing NNI: done in 0.842187 secs using 261.2% CPU
Optimizing NNI: done in 0.751293 secs using 259.6% CPU
Optimizing NNI: done in 0.712652 secs using 276.9% CPU
Iteration 150 / LogL: -31019.979 / Time: 0h:5m:6s (0h:0m:32s left)
Optimizing NNI: done in 0.491673 secs using 290.9% CPU
Optimizing NNI: done in 0.535965 secs using 299.2% CPU
Optimizing NNI: done in 0.695702 secs using 268.3% CPU
Optimizing NNI: done in 0.778087 secs using 255.5% CPU
Optimizing NNI: done in 0.756739 secs using 272.3% CPU
Optimizing NNI: done in 0.51108 secs using 300% CPU
Optimizing NNI: done in 0.60854 secs using 298.6% CPU
Optimizing NNI: done in 0.580724 secs using 298.6% CPU
Optimizing NNI: done in 1.08195 secs using 218% CPU
Optimizing NNI: done in 1.02322 secs using 235.7% CPU
Iteration 160 / LogL: -31020.318 / Time: 0h:5m:13s (0h:0m:11s left)
Optimizing NNI: done in 0.524572 secs using 299.1% CPU
Optimizing NNI: done in 0.466224 secs using 299.9% CPU
Optimizing NNI: done in 0.664411 secs using 287.2% CPU
Optimizing NNI: done in 0.566348 secs using 264.5% CPU
Optimizing NNI: done in 0.689508 secs using 285.4% CPU
Optimizing NNI: done in 0.523935 secs using 296.5% CPU
Optimizing NNI: done in 0.453158 secs using 298.4% CPU
TREE SEARCH COMPLETED AFTER 167 ITERATIONS / Time: 0h:5m:17s

--------------------------------------------------------------------
|                    FINALIZING TREE SEARCH                        |
--------------------------------------------------------------------
Performs final model parameters optimization
Estimate model parameters (epsilon = 0.010)
1. Initial log-likelihood: -31005.091
2. Current log-likelihood: -31005.057
3. Current log-likelihood: -31005.015
4. Current log-likelihood: -31004.975
5. Current log-likelihood: -31004.938
6. Current log-likelihood: -31004.904
7. Current log-likelihood: -31004.871
8. Current log-likelihood: -31004.841
9. Current log-likelihood: -31004.815
10. Current log-likelihood: -31004.800
11. Current log-likelihood: -31004.786
12. Current log-likelihood: -31004.772
13. Current log-likelihood: -31004.759
14. Current log-likelihood: -31004.746
15. Current log-likelihood: -31004.733
16. Current log-likelihood: -31004.720
17. Current log-likelihood: -31004.708
18. Current log-likelihood: -31004.697
19. Current log-likelihood: -31004.685
20. Current log-likelihood: -31004.674
21. Current log-likelihood: -31004.663
22. Current log-likelihood: -31004.652
23. Current log-likelihood: -31004.642
24. Current log-likelihood: -31004.632
Optimal log-likelihood: -31004.615
Rate parameters:  A-C: 1.28320  A-G: 3.11985  A-T: 1.38525  C-G: 1.28637  C-T: 4.68261  G-T: 1.00000
Base frequencies:  A: 0.274  C: 0.214  G: 0.262  T: 0.250
Site proportion and rates:  (0.504,0.091) (0.226,0.774) (0.195,2.126) (0.075,4.870)
Parameters optimization took 24 rounds (7.059 sec)
BEST SCORE FOUND : -31004.615
Total tree length: 4.510

Total number of iterations: 167
CPU time used for tree search: 350.470 sec (0h:5m:50s)
Wall-clock time used for tree search: 139.724 sec (0h:2m:19s)
Total CPU time used: 669.438 sec (0h:11m:9s)
Total wall-clock time used: 324.342 sec (0h:5m:24s)

Analysis results written to: 
  IQ-TREE report:                5G51750_iqtree_preliminary_superstrict_excluding_hybrids.iqtree
  Maximum-likelihood tree:       5G51750_iqtree_preliminary_superstrict_excluding_hybrids.treefile
  Likelihood distances:          5G51750_iqtree_preliminary_superstrict_excluding_hybrids.mldist
  Screen log file:               5G51750_iqtree_preliminary_superstrict_excluding_hybrids.log

ALISIM COMMAND
--------------
--alisim simulated_MSA -t 5G51750_iqtree_preliminary_superstrict_excluding_hybrids.treefile -m "GTR{1.2832,3.11985,1.38525,1.28637,4.68261}+F{0.274406,0.213668,0.261889,0.250037}+R4{0.504088,0.0914028,0.226269,0.773874,0.194758,2.12637,0.0748846,4.87009}" --length 1517

Date and Time: Fri Jun  2 08:18:19 2023
