IQ-TREE multicore version 2.2.2 COVID-edition for Linux 64-bit built Sep 20 2022
Developed by Bui Quang Minh, James Barbetti, Nguyen Lam Tung,
Olga Chernomor, Heiko Schmidt, Dominik Schrempf, Michael Woodhams, Ly Trong Nhan.

Host:    netdc-bms-c11f (AVX2, FMA3, 377 GB RAM)
Command: /home/kasper.hendriks/iqtree-2.2.2-Linux/bin/iqtree2 -s 5G51070_taper_preliminary_superstrict_excluding_hybrids.fasta -nm 1000 -m GTR+F+R -nt AUTO --prefix 5G51070_iqtree_preliminary_superstrict_excluding_hybrids
Seed:    505832 (Using SPRNG - Scalable Parallel Random Number Generator)
Time:    Fri Jun  2 08:12:09 2023
Kernel:  AVX+FMA - auto-detect threads (56 CPU cores detected)

Reading alignment file 5G51070_taper_preliminary_superstrict_excluding_hybrids.fasta ... Fasta format detected
Reading fasta file: done in 0.00399208 secs using 100% CPU
Alignment most likely contains DNA/RNA sequences
Constructing alignment: done in 0.0252099 secs using 1369% CPU
Alignment has 134 sequences with 1257 columns, 786 distinct patterns
461 parsimony-informative, 156 singleton sites, 640 constant sites
               Gap/Ambiguity  Composition  p-value
Analyzing sequences: done in 0.00991797 secs using 1396% CPU
   1  PAFTOL_019361   21.16%    passed     44.96%
   2  S0055            1.27%    passed     98.65%
   3  S0196sl         46.78%    passed     70.80%
   4  S0278            0.24%    passed     81.73%
   5  S0281            0.24%    passed     97.60%
   6  S0282            1.43%    passed     78.78%
   7  S0288            1.11%    passed     97.00%
   8  S0289            0.00%    passed     89.44%
   9  S0292            0.32%    passed     67.94%
  10  S0293           38.03%    passed     37.23%
  11  S0294            1.27%    passed     74.81%
  12  S0299            0.24%    passed     71.75%
  13  S0303            0.00%    passed     91.70%
  14  S0308            0.00%    passed     85.46%
  15  S0320            0.00%    passed     84.96%
  16  S0322            0.95%    passed     97.27%
  17  S0327            0.24%    passed     98.57%
  18  S0335            2.55%    passed     86.59%
  19  S0345           80.19%    passed     88.90%
  20  S0355           17.02%    passed     74.12%
  21  S0376            0.24%    passed     99.58%
  22  S0400            1.91%    passed     96.52%
  23  S0405            0.08%    passed     93.34%
  24  S0407sl          1.11%    passed     95.87%
  25  S0412sl          8.91%    passed     79.84%
  26  S0417            0.40%    passed     93.59%
  27  S0419            0.00%    passed     99.36%
  28  S0427            0.00%    passed     93.70%
  29  S0428sl         17.26%    passed     89.68%
  30  S0430            2.78%    passed     96.13%
  31  S0478            0.32%    passed     99.98%
  32  S0552sl          0.08%    passed     90.77%
  33  S0558            0.24%    passed     93.09%
  34  S0616           17.34%    passed     77.92%
  35  S0620           16.39%    passed     78.94%
  36  S0624            0.08%    passed     99.55%
  37  S0641            0.00%    passed     87.93%
  38  S0643            0.08%    passed     87.18%
  39  S0645sl          0.00%    passed     92.75%
  40  S0656sl          0.08%    passed     98.90%
  41  S0673            0.00%    passed     97.75%
  42  S0689            0.00%    passed     97.27%
  43  S0690            4.85%    passed     85.29%
  44  S0720            0.00%    passed     94.96%
  45  S0724sl          0.24%    passed     94.90%
  46  S0735            0.08%    passed     96.48%
  47  S0742            0.08%    passed     98.21%
  48  S0748            0.08%    passed     94.63%
  49  S0756            0.00%    passed     96.71%
  50  S0758            0.16%    passed     54.41%
  51  S0760            0.00%    passed     99.94%
  52  S0763            1.43%    passed     96.27%
  53  S0765            0.00%    passed     99.04%
  54  S0770            0.00%    passed     99.23%
  55  S0771            0.00%    passed     82.45%
  56  S0795            0.00%    passed     99.28%
  57  S0827            0.24%    passed     95.92%
  58  S0888            0.00%    passed     94.63%
  59  S0894            1.11%    passed     94.47%
  60  S0899            0.00%    passed     99.23%
  61  S0906            0.72%    passed     88.59%
  62  S0951           54.18%    passed     93.28%
  63  S0952            0.08%    passed     94.91%
  64  S0956            0.08%    passed     87.52%
  65  S0959            0.00%    passed     71.92%
  66  S0960            0.32%    passed     53.02%
  67  S0964            0.32%    passed     55.62%
  68  S1052sl         90.37%    passed     58.28%
  69  S1083            0.00%    passed     99.61%
  70  S1100            0.00%    passed     99.17%
  71  S1102            0.00%    passed     92.68%
  72  S1110            0.24%    passed     87.36%
  73  S1120            1.43%    passed     95.85%
  74  S1128            0.32%    passed     36.53%
  75  S1129sl          0.16%    passed     57.25%
  76  S1148            0.08%    passed     98.03%
  77  S1177           16.71%    passed     98.12%
  78  S1180            0.24%    passed     98.10%
  79  S1189            0.00%    passed     74.82%
  80  S1201sl          0.00%    passed     93.97%
  81  S1210           16.71%    passed     94.57%
  82  S1211            0.00%    passed     97.20%
  83  S1214sl          0.16%    passed     68.91%
  84  S1223           18.93%    passed     85.51%
  85  S1227            0.00%    passed     91.23%
  86  S1235sl          0.00%    passed     97.90%
  87  S1238sl          0.40%    passed     89.62%
  88  S1239            0.00%    passed     87.17%
  89  S1245            0.00%    passed     99.84%
  90  S1246            0.24%    passed     99.83%
  91  S1249           18.93%    passed     42.69%
  92  S1250sl          0.08%    passed     99.85%
  93  S1251            0.08%    passed     65.17%
  94  S1260            0.16%    passed     91.92%
  95  S1266sl          0.00%    passed     84.09%
  96  S1269           16.79%    passed     78.28%
  97  S1278            0.00%    passed     96.15%
  98  S1315            2.55%    passed     96.74%
  99  S1332            0.00%    passed     87.91%
 100  S1366            0.00%    passed     69.05%
 101  S1369            0.00%    passed     97.75%
 102  S1370            0.24%    passed     96.81%
 103  S1375            0.56%    passed     98.35%
 104  S1376            0.16%    passed     88.32%
 105  S1381            0.00%    passed     98.92%
 106  S1405            1.19%    passed     87.76%
 107  S1422            0.08%    passed     98.34%
 108  S1449            0.00%    passed     64.24%
 109  S1451            0.00%    passed     59.25%
 110  S1460            0.08%    passed     94.60%
 111  S1462            0.00%    passed     97.35%
 112  S1475            0.08%    passed     95.14%
 113  S1498            0.16%    passed     99.92%
 114  S1539            0.08%    passed     99.92%
 115  S_670            1.83%    passed     87.04%
 116  SRR11470320      2.39%    passed     99.22%
 117  SRR8528336       0.32%    passed     95.97%
 118  SRR8528341       0.00%    passed     96.57%
 119  SRR8528343       0.16%    passed     97.40%
 120  SRR8528347       2.15%    passed     98.23%
 121  SRR8528350       0.08%    passed     99.23%
 122  SRR8528354       0.00%    passed     98.57%
 123  SRR8528357       2.23%    passed     96.08%
 124  SRR8528359       0.16%    passed     99.64%
 125  SRR8528361       0.64%    passed     96.95%
 126  SRR8528365       0.08%    passed     90.45%
 127  SRR8528370       0.00%    passed     97.49%
 128  SRR8528372       0.00%    passed     70.46%
 129  SRR8528379       0.08%    passed     99.66%
 130  SRR8528381       0.16%    passed      5.48%
 131  SRR8528384       0.00%    passed     92.62%
 132  SRR8528389       0.00%    passed     95.69%
 133  SRR8528391       1.43%    passed     83.48%
 134  SRR8528400       0.48%    passed     94.55%
WARNING: 3 sequences contain more than 50% gaps/ambiguity
****  TOTAL            4.06%  0 sequences failed composition chi2 test (p-value<5%; df=3)
Checking for duplicate sequences: done in 0.011348 secs using 1347% CPU

Create initial parsimony tree by phylogenetic likelihood library (PLL)... 0.120 seconds

NOTE: 13 MB RAM (0 GB) is required!
Measuring multi-threading efficiency up to 56 CPU cores
Increase to 10 rounds for branch lengths
92 trees examined
Threads: 1 / Time: 56.637 sec / Speedup: 1.000 / Efficiency: 100% / LogL: -29754
Threads: 2 / Time: 52.239 sec / Speedup: 1.084 / Efficiency: 54% / LogL: -29754
Threads: 3 / Time: 50.714 sec / Speedup: 1.117 / Efficiency: 37% / LogL: -29754
Determining AUTO threadcount: done in 159.604 secs using 116.9% CPU
BEST NUMBER OF THREADS: 2

Estimate model parameters (epsilon = 0.100)
1. Initial log-likelihood: -18314.290
2. Current log-likelihood: -17463.529
3. Current log-likelihood: -17368.350
4. Current log-likelihood: -17353.172
5. Current log-likelihood: -17343.843
6. Current log-likelihood: -17337.978
7. Current log-likelihood: -17334.191
8. Current log-likelihood: -17331.627
9. Current log-likelihood: -17329.823
10. Current log-likelihood: -17328.609
11. Current log-likelihood: -17327.702
12. Current log-likelihood: -17327.006
13. Current log-likelihood: -17326.458
14. Current log-likelihood: -17326.022
15. Current log-likelihood: -17325.671
16. Current log-likelihood: -17325.387
17. Current log-likelihood: -17325.223
18. Current log-likelihood: -17325.078
19. Current log-likelihood: -17324.951
20. Current log-likelihood: -17324.841
Optimal log-likelihood: -17324.692
Rate parameters:  A-C: 1.43991  A-G: 3.95255  A-T: 1.39640  C-G: 1.27231  C-T: 5.81775  G-T: 1.00000
Base frequencies:  A: 0.285  C: 0.192  G: 0.255  T: 0.268
Site proportion and rates:  (0.624,0.107) (0.021,0.215) (0.288,1.961) (0.067,5.415)
Parameters optimization took 20 rounds (13.133 sec)
Wrote distance file to... 
Computing ML distances based on estimated model parameters...
Calculating distance matrix: done in 0.140092 secs using 103.3% CPU
Computing ML distances took 0.155191 sec (of wall-clock time) 0.153523 sec (of CPU time)
Setting up auxiliary I and S matrices: done in 0.000702858 secs using 766.6% CPU
Constructing RapidNJ tree: done in 0.00415206 secs using 293.2% CPU
Computing RapidNJ tree took 0.004981 sec (of wall-clock time) 0.018003 sec (of CPU time)
Log-likelihood of RapidNJ tree: -17381.453
--------------------------------------------------------------------
|             INITIALIZING CANDIDATE TREE SET                      |
--------------------------------------------------------------------
Generating 98 parsimony trees... 4.978 second
Computing log-likelihood of 98 initial trees ... 7.880 seconds
Current best score: -17317.432

Do NNI search on 20 best initial trees
Optimizing NNI: done in 1.05374 secs using 107.1% CPU
Estimate model parameters (epsilon = 0.100)
BETTER TREE FOUND at iteration 1: -17302.504
Optimizing NNI: done in 0.936539 secs using 131.4% CPU
Estimate model parameters (epsilon = 0.100)
BETTER TREE FOUND at iteration 2: -17299.792
Optimizing NNI: done in 1.06633 secs using 121.8% CPU
Optimizing NNI: done in 0.874646 secs using 126.4% CPU
Optimizing NNI: done in 1.0668 secs using 101.5% CPU
Optimizing NNI: done in 1.17728 secs using 111.5% CPU
Optimizing NNI: done in 1.21324 secs using 113.4% CPU
Optimizing NNI: done in 0.881685 secs using 125.3% CPU
Optimizing NNI: done in 0.877741 secs using 119.3% CPU
Optimizing NNI: done in 1.05995 secs using 103.3% CPU
Iteration 10 / LogL: -17304.840 / Time: 0h:3m:18s
Optimizing NNI: done in 0.959153 secs using 97.08% CPU
Optimizing NNI: done in 0.846034 secs using 112% CPU
Optimizing NNI: done in 0.95381 secs using 101.1% CPU
Optimizing NNI: done in 1.01927 secs using 118.5% CPU
Optimizing NNI: done in 1.11676 secs using 113.7% CPU
Optimizing NNI: done in 0.880063 secs using 130.6% CPU
Optimizing NNI: done in 0.905243 secs using 120.4% CPU
Optimizing NNI: done in 0.732997 secs using 122% CPU
Optimizing NNI: done in 1.19339 secs using 104.7% CPU
Optimizing NNI: done in 0.975452 secs using 104.7% CPU
Iteration 20 / LogL: -17307.308 / Time: 0h:3m:28s
Finish initializing candidate tree set (20)
Current best tree score: -17299.792 / CPU time: 34.743
Number of iterations: 20
--------------------------------------------------------------------
|               OPTIMIZING CANDIDATE TREE SET                      |
--------------------------------------------------------------------
Optimizing NNI: done in 1.91414 secs using 105.3% CPU
Optimizing NNI: done in 1.53862 secs using 98.52% CPU
Optimizing NNI: done in 1.32031 secs using 132.5% CPU
Optimizing NNI: done in 1.22193 secs using 121.6% CPU
Optimizing NNI: done in 1.87797 secs using 95.78% CPU
Optimizing NNI: done in 1.43477 secs using 108.9% CPU
Optimizing NNI: done in 1.41406 secs using 117.6% CPU
Optimizing NNI: done in 1.41028 secs using 130.6% CPU
Optimizing NNI: done in 1.35093 secs using 122.6% CPU
Estimate model parameters (epsilon = 0.100)
BETTER TREE FOUND at iteration 29: -17299.544
Optimizing NNI: done in 1.29075 secs using 135.5% CPU
Iteration 30 / LogL: -17301.883 / Time: 0h:3m:43s (0h:12m:43s left)
Optimizing NNI: done in 0.964031 secs using 164.6% CPU
Optimizing NNI: done in 0.953342 secs using 146.7% CPU
BETTER TREE FOUND at iteration 32: -17299.535
Optimizing NNI: done in 1.33059 secs using 119.3% CPU
Estimate model parameters (epsilon = 0.100)
BETTER TREE FOUND at iteration 33: -17299.389
Optimizing NNI: done in 1.10786 secs using 141.5% CPU
Optimizing NNI: done in 0.750286 secs using 172.7% CPU
Optimizing NNI: done in 1.15519 secs using 157.3% CPU
BETTER TREE FOUND at iteration 36: -17299.384
Optimizing NNI: done in 0.869234 secs using 158.1% CPU
Optimizing NNI: done in 1.30331 secs using 129.7% CPU
Optimizing NNI: done in 0.922735 secs using 139% CPU
Optimizing NNI: done in 0.886501 secs using 136% CPU
Iteration 40 / LogL: -17306.793 / Time: 0h:3m:54s (0h:9m:37s left)
Optimizing NNI: done in 1.05505 secs using 128.6% CPU
Optimizing NNI: done in 0.94548 secs using 149.7% CPU
Optimizing NNI: done in 0.825552 secs using 178.1% CPU
Optimizing NNI: done in 1.31282 secs using 138.7% CPU
Optimizing NNI: done in 1.0586 secs using 139.6% CPU
Optimizing NNI: done in 0.793597 secs using 160.9% CPU
Optimizing NNI: done in 0.762328 secs using 196.3% CPU
Optimizing NNI: done in 0.621633 secs using 188.3% CPU
Optimizing NNI: done in 0.667591 secs using 189.8% CPU
Optimizing NNI: done in 0.68055 secs using 185.9% CPU
Iteration 50 / LogL: -17325.658 / Time: 0h:4m:3s (0h:7m:7s left)
Optimizing NNI: done in 1.1196 secs using 126.4% CPU
Optimizing NNI: done in 0.906512 secs using 160.2% CPU
Optimizing NNI: done in 0.867373 secs using 167.7% CPU
Optimizing NNI: done in 0.521329 secs using 199.3% CPU
Optimizing NNI: done in 0.841557 secs using 179% CPU
Optimizing NNI: done in 1.09746 secs using 150.1% CPU
Optimizing NNI: done in 1.44155 secs using 129.1% CPU
Optimizing NNI: done in 1.89807 secs using 109.9% CPU
Optimizing NNI: done in 1.09606 secs using 147.4% CPU
BETTER TREE FOUND at iteration 59: -17299.383
Optimizing NNI: done in 1.37263 secs using 128.9% CPU
Iteration 60 / LogL: -17312.504 / Time: 0h:4m:14s (0h:7m:7s left)
Optimizing NNI: done in 1.05283 secs using 146.5% CPU
Optimizing NNI: done in 1.52606 secs using 117.9% CPU
Optimizing NNI: done in 1.08931 secs using 141% CPU
Estimate model parameters (epsilon = 0.100)
BETTER TREE FOUND at iteration 63: -17298.577
Optimizing NNI: done in 1.26044 secs using 129.2% CPU
Optimizing NNI: done in 1.03391 secs using 148.2% CPU
Estimate model parameters (epsilon = 0.100)
BETTER TREE FOUND at iteration 65: -17298.394
Optimizing NNI: done in 0.827124 secs using 176.7% CPU
Optimizing NNI: done in 0.602301 secs using 191.7% CPU
Optimizing NNI: done in 0.65583 secs using 198.5% CPU
Optimizing NNI: done in 0.945498 secs using 152% CPU
Optimizing NNI: done in 1.35689 secs using 115.7% CPU
Iteration 70 / LogL: -17304.982 / Time: 0h:4m:26s (0h:6m:6s left)
Optimizing NNI: done in 0.932622 secs using 171.3% CPU
Optimizing NNI: done in 0.944812 secs using 148.9% CPU
Optimizing NNI: done in 0.759208 secs using 169.4% CPU
Optimizing NNI: done in 1.15182 secs using 164% CPU
Optimizing NNI: done in 0.863582 secs using 159.6% CPU
Optimizing NNI: done in 0.950088 secs using 168.1% CPU
Optimizing NNI: done in 1.11985 secs using 142.4% CPU
Optimizing NNI: done in 0.94887 secs using 163.5% CPU
Optimizing NNI: done in 0.979603 secs using 174.4% CPU
Optimizing NNI: done in 0.662946 secs using 190.8% CPU
Iteration 80 / LogL: -17299.316 / Time: 0h:4m:35s (0h:4m:56s left)
Optimizing NNI: done in 0.624963 secs using 199.3% CPU
Optimizing NNI: done in 1.0755 secs using 130.4% CPU
Optimizing NNI: done in 0.68616 secs using 176.9% CPU
Optimizing NNI: done in 0.806475 secs using 173.8% CPU
Optimizing NNI: done in 0.612327 secs using 188.8% CPU
Optimizing NNI: done in 1.30992 secs using 137.6% CPU
Optimizing NNI: done in 1.18839 secs using 141.4% CPU
Optimizing NNI: done in 1.49092 secs using 131.3% CPU
Optimizing NNI: done in 0.918594 secs using 172.4% CPU
BETTER TREE FOUND at iteration 89: -17298.394
Optimizing NNI: done in 0.853826 secs using 165.3% CPU
Iteration 90 / LogL: -17309.430 / Time: 0h:4m:45s (0h:5m:17s left)
Optimizing NNI: done in 0.814203 secs using 182.6% CPU
Optimizing NNI: done in 1.26781 secs using 139.4% CPU
Optimizing NNI: done in 1.44628 secs using 124.7% CPU
Optimizing NNI: done in 1.58275 secs using 121.4% CPU
Estimate model parameters (epsilon = 0.100)
BETTER TREE FOUND at iteration 94: -17297.811
Optimizing NNI: done in 0.99694 secs using 145.5% CPU
Optimizing NNI: done in 0.910227 secs using 156.7% CPU
Optimizing NNI: done in 1.1089 secs using 158.2% CPU
Optimizing NNI: done in 0.951092 secs using 169.9% CPU
Optimizing NNI: done in 0.732714 secs using 188.3% CPU
Optimizing NNI: done in 1.23987 secs using 131.4% CPU
Iteration 100 / LogL: -17385.968 / Time: 0h:4m:57s (0h:4m:42s left)
Optimizing NNI: done in 1.46333 secs using 121.2% CPU
Optimizing NNI: done in 0.875234 secs using 159.2% CPU
Optimizing NNI: done in 1.25913 secs using 111.9% CPU
Optimizing NNI: done in 0.74829 secs using 172.5% CPU
Optimizing NNI: done in 1.00926 secs using 129.3% CPU
Optimizing NNI: done in 0.746081 secs using 161.1% CPU
Optimizing NNI: done in 0.957558 secs using 150.2% CPU
Optimizing NNI: done in 0.88328 secs using 177% CPU
Optimizing NNI: done in 1.05448 secs using 162.3% CPU
Optimizing NNI: done in 0.823922 secs using 168.4% CPU
Iteration 110 / LogL: -17299.971 / Time: 0h:5m:7s (0h:3m:56s left)
Optimizing NNI: done in 1.05886 secs using 142.1% CPU
Optimizing NNI: done in 1.28031 secs using 127.7% CPU
Optimizing NNI: done in 1.0747 secs using 142.8% CPU
Optimizing NNI: done in 1.48369 secs using 128.9% CPU
Optimizing NNI: done in 1.02632 secs using 145% CPU
Optimizing NNI: done in 0.472253 secs using 200% CPU
Optimizing NNI: done in 0.567192 secs using 199.4% CPU
Optimizing NNI: done in 0.595405 secs using 200% CPU
Optimizing NNI: done in 0.634217 secs using 198.3% CPU
Optimizing NNI: done in 0.630255 secs using 198.2% CPU
Iteration 120 / LogL: -17298.507 / Time: 0h:5m:16s (0h:3m:16s left)
Optimizing NNI: done in 1.5982 secs using 109% CPU
Optimizing NNI: done in 1.48545 secs using 94.69% CPU
Optimizing NNI: done in 0.76124 secs using 180.5% CPU
Optimizing NNI: done in 0.746792 secs using 159.7% CPU
Optimizing NNI: done in 0.980151 secs using 146.5% CPU
Optimizing NNI: done in 1.0497 secs using 155.3% CPU
Optimizing NNI: done in 0.83367 secs using 163.1% CPU
Optimizing NNI: done in 1.58791 secs using 106.4% CPU
Optimizing NNI: done in 0.918675 secs using 131.2% CPU
Optimizing NNI: done in 0.554329 secs using 192.2% CPU
Iteration 130 / LogL: -17308.396 / Time: 0h:5m:27s (0h:2m:42s left)
Optimizing NNI: done in 0.918082 secs using 111.2% CPU
Optimizing NNI: done in 0.537651 secs using 190.2% CPU
Optimizing NNI: done in 1.72757 secs using 124.2% CPU
Optimizing NNI: done in 1.33904 secs using 121.1% CPU
Optimizing NNI: done in 1.19164 secs using 124.9% CPU
Optimizing NNI: done in 2.13356 secs using 107% CPU
Optimizing NNI: done in 0.729845 secs using 143.4% CPU
Optimizing NNI: done in 0.521325 secs using 199.9% CPU
Optimizing NNI: done in 0.607688 secs using 199.9% CPU
Optimizing NNI: done in 0.63962 secs using 178.7% CPU
Iteration 140 / LogL: -17302.384 / Time: 0h:5m:37s (0h:2m:11s left)
Optimizing NNI: done in 1.22422 secs using 123.4% CPU
Optimizing NNI: done in 0.73438 secs using 159.7% CPU
Optimizing NNI: done in 0.475973 secs using 199.5% CPU
Optimizing NNI: done in 0.996986 secs using 157.5% CPU
Optimizing NNI: done in 0.700463 secs using 181.2% CPU
Optimizing NNI: done in 0.612465 secs using 181.9% CPU
Optimizing NNI: done in 1.04777 secs using 128.9% CPU
Optimizing NNI: done in 0.833906 secs using 169.1% CPU
Optimizing NNI: done in 1.08557 secs using 129.1% CPU
Optimizing NNI: done in 1.23938 secs using 146% CPU
Iteration 150 / LogL: -17298.356 / Time: 0h:5m:46s (0h:1m:42s left)
Optimizing NNI: done in 1.5799 secs using 132.9% CPU
Optimizing NNI: done in 0.97044 secs using 155.3% CPU
Optimizing NNI: done in 0.831299 secs using 166.5% CPU
Optimizing NNI: done in 0.75983 secs using 178.5% CPU
Optimizing NNI: done in 0.715327 secs using 190.3% CPU
Optimizing NNI: done in 0.852157 secs using 165% CPU
Optimizing NNI: done in 1.0171 secs using 166.4% CPU
Optimizing NNI: done in 1.07737 secs using 141.8% CPU
Optimizing NNI: done in 0.733722 secs using 170.6% CPU
UPDATE BEST LOG-LIKELIHOOD: -17297.805
Optimizing NNI: done in 0.658221 secs using 194% CPU
Iteration 160 / LogL: -17302.416 / Time: 0h:5m:56s (0h:1m:16s left)
Optimizing NNI: done in 1.11775 secs using 130.1% CPU
Optimizing NNI: done in 1.40093 secs using 127.8% CPU
Optimizing NNI: done in 1.28477 secs using 137.2% CPU
Optimizing NNI: done in 1.03803 secs using 158.3% CPU
Optimizing NNI: done in 0.586251 secs using 198.3% CPU
Optimizing NNI: done in 0.716706 secs using 193.6% CPU
Optimizing NNI: done in 1.42611 secs using 130.4% CPU
Optimizing NNI: done in 0.966894 secs using 122.1% CPU
Optimizing NNI: done in 0.887628 secs using 148.4% CPU
Optimizing NNI: done in 1.06348 secs using 135.9% CPU
Iteration 170 / LogL: -17301.508 / Time: 0h:6m:6s (0h:0m:52s left)
Optimizing NNI: done in 0.928832 secs using 152% CPU
Optimizing NNI: done in 1.02505 secs using 151.8% CPU
Optimizing NNI: done in 0.897407 secs using 149.7% CPU
Optimizing NNI: done in 0.772098 secs using 171% CPU
Optimizing NNI: done in 0.963271 secs using 130.9% CPU
Optimizing NNI: done in 0.875966 secs using 159.6% CPU
Optimizing NNI: done in 0.990775 secs using 155.9% CPU
Optimizing NNI: done in 0.788809 secs using 168.6% CPU
Optimizing NNI: done in 0.840836 secs using 167.1% CPU
Optimizing NNI: done in 0.952756 secs using 151% CPU
Iteration 180 / LogL: -17332.558 / Time: 0h:6m:16s (0h:0m:29s left)
Optimizing NNI: done in 1.23862 secs using 131.9% CPU
Optimizing NNI: done in 1.08987 secs using 143.7% CPU
Optimizing NNI: done in 1.06531 secs using 147.3% CPU
Optimizing NNI: done in 0.751296 secs using 165.2% CPU
Optimizing NNI: done in 0.854119 secs using 167.6% CPU
Optimizing NNI: done in 0.784632 secs using 175% CPU
Optimizing NNI: done in 0.742994 secs using 174.6% CPU
Optimizing NNI: done in 1.02579 secs using 133% CPU
Optimizing NNI: done in 1.23327 secs using 122.3% CPU
Optimizing NNI: done in 1.09221 secs using 116.3% CPU
Iteration 190 / LogL: -17303.306 / Time: 0h:6m:26s (0h:0m:8s left)
Optimizing NNI: done in 1.03991 secs using 152% CPU
Optimizing NNI: done in 1.12822 secs using 138.8% CPU
Optimizing NNI: done in 0.973511 secs using 142.7% CPU
Optimizing NNI: done in 1.11985 secs using 137.9% CPU
Optimizing NNI: done in 1.10514 secs using 136% CPU
TREE SEARCH COMPLETED AFTER 195 ITERATIONS / Time: 0h:6m:31s

--------------------------------------------------------------------
|                    FINALIZING TREE SEARCH                        |
--------------------------------------------------------------------
Performs final model parameters optimization
Estimate model parameters (epsilon = 0.010)
1. Initial log-likelihood: -17297.805
2. Current log-likelihood: -17297.761
3. Current log-likelihood: -17297.709
4. Current log-likelihood: -17297.636
5. Current log-likelihood: -17297.534
6. Current log-likelihood: -17297.394
7. Current log-likelihood: -17297.214
8. Current log-likelihood: -17296.999
9. Current log-likelihood: -17296.759
10. Current log-likelihood: -17296.505
11. Current log-likelihood: -17296.236
12. Current log-likelihood: -17295.948
13. Current log-likelihood: -17295.632
14. Current log-likelihood: -17295.281
15. Current log-likelihood: -17294.885
16. Current log-likelihood: -17294.441
17. Current log-likelihood: -17293.942
18. Current log-likelihood: -17293.385
19. Current log-likelihood: -17292.768
20. Current log-likelihood: -17292.089
21. Current log-likelihood: -17291.347
22. Current log-likelihood: -17290.543
23. Current log-likelihood: -17289.680
24. Current log-likelihood: -17288.770
25. Current log-likelihood: -17287.823
26. Current log-likelihood: -17286.863
27. Current log-likelihood: -17285.911
28. Current log-likelihood: -17284.992
29. Current log-likelihood: -17284.125
30. Current log-likelihood: -17283.321
31. Current log-likelihood: -17282.576
32. Current log-likelihood: -17281.875
33. Current log-likelihood: -17281.190
34. Current log-likelihood: -17280.500
35. Current log-likelihood: -17279.748
36. Current log-likelihood: -17278.889
37. Current log-likelihood: -17278.005
38. Current log-likelihood: -17277.461
39. Current log-likelihood: -17277.206
40. Current log-likelihood: -17277.049
41. Current log-likelihood: -17276.932
42. Current log-likelihood: -17276.838
43. Current log-likelihood: -17276.759
44. Current log-likelihood: -17276.690
45. Current log-likelihood: -17276.629
46. Current log-likelihood: -17276.576
47. Current log-likelihood: -17276.529
48. Current log-likelihood: -17276.490
49. Current log-likelihood: -17276.455
50. Current log-likelihood: -17276.424
51. Current log-likelihood: -17276.396
52. Current log-likelihood: -17276.381
53. Current log-likelihood: -17276.366
54. Current log-likelihood: -17276.353
55. Current log-likelihood: -17276.341
56. Current log-likelihood: -17276.329
Optimal log-likelihood: -17276.314
Rate parameters:  A-C: 1.44727  A-G: 3.91675  A-T: 1.37526  C-G: 1.25738  C-T: 5.91304  G-T: 1.00000
Base frequencies:  A: 0.285  C: 0.192  G: 0.255  T: 0.268
Site proportion and rates:  (0.619,0.089) (0.255,1.548) (0.121,4.041) (0.006,11.235)
Parameters optimization took 56 rounds (29.687 sec)
BEST SCORE FOUND : -17276.314
Total tree length: 2.558

Total number of iterations: 195
CPU time used for tree search: 303.598 sec (0h:5m:3s)
Wall-clock time used for tree search: 218.240 sec (0h:3m:38s)
Total CPU time used: 545.754 sec (0h:9m:5s)
Total wall-clock time used: 421.238 sec (0h:7m:1s)

Analysis results written to: 
  IQ-TREE report:                5G51070_iqtree_preliminary_superstrict_excluding_hybrids.iqtree
  Maximum-likelihood tree:       5G51070_iqtree_preliminary_superstrict_excluding_hybrids.treefile
  Likelihood distances:          5G51070_iqtree_preliminary_superstrict_excluding_hybrids.mldist
  Screen log file:               5G51070_iqtree_preliminary_superstrict_excluding_hybrids.log

ALISIM COMMAND
--------------
--alisim simulated_MSA -t 5G51070_iqtree_preliminary_superstrict_excluding_hybrids.treefile -m "GTR{1.44727,3.91675,1.37526,1.25738,5.91304}+F{0.284593,0.192201,0.25488,0.268325}+R4{0.618837,0.088618,0.254721,1.54793,0.120888,4.04066,0.0055542,11.2353}" --length 1257

Date and Time: Fri Jun  2 08:19:11 2023
