IQ-TREE multicore version 2.2.2 COVID-edition for Linux 64-bit built Sep 20 2022
Developed by Bui Quang Minh, James Barbetti, Nguyen Lam Tung,
Olga Chernomor, Heiko Schmidt, Dominik Schrempf, Michael Woodhams, Ly Trong Nhan.

Host:    netdc-bms-c11f (AVX2, FMA3, 377 GB RAM)
Command: /home/kasper.hendriks/iqtree-2.2.2-Linux/bin/iqtree2 -s 5G58480_taper_preliminary_superstrict_excluding_hybrids.fasta -nm 1000 -m GTR+F+R -nt AUTO --prefix 5G58480_iqtree_preliminary_superstrict_excluding_hybrids
Seed:    370344 (Using SPRNG - Scalable Parallel Random Number Generator)
Time:    Fri Jun  2 08:13:04 2023
Kernel:  AVX+FMA - auto-detect threads (56 CPU cores detected)

Reading alignment file 5G58480_taper_preliminary_superstrict_excluding_hybrids.fasta ... Fasta format detected
Reading fasta file: done in 0.003016 secs using 99.93% CPU
Alignment most likely contains DNA/RNA sequences
Constructing alignment: done in 0.00665212 secs using 889.9% CPU
Alignment has 126 sequences with 975 columns, 799 distinct patterns
489 parsimony-informative, 179 singleton sites, 307 constant sites
               Gap/Ambiguity  Composition  p-value
Analyzing sequences: done in 0.02231 secs using 1250% CPU
   1  PAFTOL_019361    8.31%    failed      4.40%
   2  S0055            0.00%    passed     99.15%
   3  S0196sl         65.54%    passed     18.58%
   4  S0278            0.00%    passed     86.98%
   5  S0281            0.31%    passed     95.83%
   6  S0282            0.10%    passed     99.06%
   7  S0288           60.92%    passed     30.72%
   8  S0289            0.72%    passed     97.39%
   9  S0292            0.31%    passed     86.99%
  10  S0293           13.44%    passed     93.81%
  11  S0294            0.51%    passed     66.96%
  12  S0299           25.95%    passed     62.52%
  13  S0303           14.97%    passed     98.72%
  14  S0308            0.00%    passed     87.83%
  15  S0320           14.05%    passed     81.52%
  16  S0322            1.33%    passed     61.36%
  17  S0327            0.00%    passed     99.67%
  18  S0335            0.00%    passed     87.47%
  19  S0345           51.08%    passed     26.40%
  20  S0355            3.59%    passed     86.77%
  21  S0376            0.10%    passed     98.40%
  22  S0400            0.00%    passed     99.09%
  23  S0405            0.21%    passed     99.71%
  24  S0407sl         35.90%    passed     51.19%
  25  S0412sl         69.33%    failed      3.74%
  26  S0417            0.10%    passed     97.71%
  27  S0419            0.62%    passed     61.26%
  28  S0427            0.00%    passed     93.33%
  29  S0478           34.87%    passed     58.76%
  30  S0552sl          0.51%    passed     90.74%
  31  S0558            0.00%    passed     99.55%
  32  S0616            0.00%    passed     95.41%
  33  S0624            0.00%    passed     87.21%
  34  S0641            0.00%    passed     95.18%
  35  S0643            4.41%    passed     98.92%
  36  S0645sl          0.00%    passed     91.02%
  37  S0656sl         55.49%    failed      3.52%
  38  S0673            0.00%    passed     90.86%
  39  S0689            0.00%    passed     97.39%
  40  S0690            3.08%    passed     99.06%
  41  S0720            1.23%    passed     98.12%
  42  S0724sl          2.77%    passed     68.14%
  43  S0735            0.10%    passed     95.16%
  44  S0742            0.10%    passed     89.55%
  45  S0748            0.00%    passed     91.77%
  46  S0756            0.00%    passed     97.89%
  47  S0760            0.00%    passed     74.22%
  48  S0763            0.00%    passed     96.07%
  49  S0765            8.62%    passed     67.79%
  50  S0771            0.00%    passed     98.81%
  51  S0795            0.62%    passed     99.20%
  52  S0827            0.31%    passed     97.82%
  53  S0888            0.00%    passed     92.64%
  54  S0899            0.00%    passed     98.91%
  55  S0906            0.31%    passed     99.81%
  56  S0952            0.00%    passed     94.81%
  57  S0959            0.00%    passed     99.99%
  58  S0960            7.59%    passed     73.45%
  59  S0964            0.00%    passed     72.32%
  60  S1052sl         39.49%    passed     42.20%
  61  S1083            0.00%    passed     93.31%
  62  S1100            0.00%    passed     98.39%
  63  S1110            0.82%    passed     98.23%
  64  S1120            8.10%    passed     85.37%
  65  S1128            0.21%    passed     96.98%
  66  S1129sl          0.62%    passed     97.62%
  67  S1148            0.31%    passed     94.65%
  68  S1177            0.00%    passed     66.40%
  69  S1180            0.82%    passed     95.47%
  70  S1187sl         50.46%    passed     11.77%
  71  S1189            0.00%    passed     90.52%
  72  S1201sl          0.00%    passed     95.33%
  73  S1210            0.00%    passed     99.53%
  74  S1211            0.62%    passed     57.98%
  75  S1214sl          0.00%    passed     67.99%
  76  S1223            0.31%    passed     99.10%
  77  S1227            0.00%    passed     99.82%
  78  S1235sl          0.00%    passed     89.17%
  79  S1238sl          0.10%    passed     86.81%
  80  S1239            0.00%    passed     97.32%
  81  S1245            3.08%    passed     94.70%
  82  S1246            0.62%    passed     99.51%
  83  S1249           27.69%    passed     74.09%
  84  S1250sl          0.31%    passed     91.22%
  85  S1251            0.00%    passed     91.78%
  86  S1260           12.62%    passed     98.48%
  87  S1266sl          1.64%    passed     72.92%
  88  S1269            0.72%    passed     90.10%
  89  S1278            0.00%    passed     99.95%
  90  S1315            0.21%    passed     98.43%
  91  S1332            0.82%    passed     98.11%
  92  S1366            0.00%    passed     70.70%
  93  S1369            0.00%    passed     99.33%
  94  S1370            0.21%    passed     99.24%
  95  S1375            0.82%    passed     99.64%
  96  S1376            0.00%    passed     49.67%
  97  S1381            2.26%    passed     98.59%
  98  S1405            0.31%    passed     87.94%
  99  S1422            0.10%    passed     62.69%
 100  S1449            0.41%    passed     56.45%
 101  S1451           12.31%    passed     94.01%
 102  S1460            0.41%    passed     98.56%
 103  S1462            0.00%    passed     77.79%
 104  S1475           25.54%    passed     85.02%
 105  S1498            1.13%    passed     93.78%
 106  S1539            0.21%    passed     97.89%
 107  S_670            0.21%    passed     99.90%
 108  SRR11470320      0.00%    passed     97.15%
 109  SRR8528336       0.00%    passed     87.00%
 110  SRR8528341       0.00%    passed     75.86%
 111  SRR8528343       0.00%    passed     97.78%
 112  SRR8528347       3.08%    passed     85.94%
 113  SRR8528350       0.00%    passed     99.01%
 114  SRR8528354       0.00%    passed     99.02%
 115  SRR8528357       0.00%    passed     95.89%
 116  SRR8528359       0.00%    passed     78.07%
 117  SRR8528361       0.00%    passed     93.78%
 118  SRR8528365       0.00%    passed     87.28%
 119  SRR8528370       0.00%    passed     88.18%
 120  SRR8528372       0.00%    passed     97.23%
 121  SRR8528379       0.00%    passed     96.89%
 122  SRR8528381       1.23%    passed     15.23%
 123  SRR8528384       0.00%    passed     76.16%
 124  SRR8528389       0.00%    passed     86.54%
 125  SRR8528391       0.00%    passed     89.36%
 126  SRR8528400       0.62%    passed     99.97%
WARNING: 6 sequences contain more than 50% gaps/ambiguity
****  TOTAL            5.44%  3 sequences failed composition chi2 test (p-value<5%; df=3)
Checking for duplicate sequences: done in 0.0152199 secs using 1357% CPU

Create initial parsimony tree by phylogenetic likelihood library (PLL)... 0.114 seconds

NOTE: 13 MB RAM (0 GB) is required!
Measuring multi-threading efficiency up to 56 CPU cores
Increase to 10 rounds for branch lengths
105 trees examined
Threads: 1 / Time: 56.390 sec / Speedup: 1.000 / Efficiency: 100% / LogL: -29937
Threads: 2 / Time: 53.824 sec / Speedup: 1.048 / Efficiency: 52% / LogL: -29937
Threads: 3 / Time: 59.898 sec / Speedup: 0.941 / Efficiency: 31% / LogL: -29937
Determining AUTO threadcount: done in 170.116 secs using 121.3% CPU
BEST NUMBER OF THREADS: 1

Estimate model parameters (epsilon = 0.100)
1. Initial log-likelihood: -19585.599
2. Current log-likelihood: -18846.491
3. Current log-likelihood: -18835.816
4. Current log-likelihood: -18833.496
5. Current log-likelihood: -18832.250
6. Current log-likelihood: -18831.426
7. Current log-likelihood: -18830.849
8. Current log-likelihood: -18830.431
9. Current log-likelihood: -18830.183
10. Current log-likelihood: -18829.978
11. Current log-likelihood: -18829.808
12. Current log-likelihood: -18829.668
13. Current log-likelihood: -18829.551
Optimal log-likelihood: -18829.427
Rate parameters:  A-C: 0.83612  A-G: 2.82151  A-T: 0.80642  C-G: 0.87363  C-T: 3.14569  G-T: 1.00000
Base frequencies:  A: 0.268  C: 0.242  G: 0.224  T: 0.266
Site proportion and rates:  (0.485,0.142) (0.057,0.501) (0.331,1.291) (0.127,3.744)
Parameters optimization took 13 rounds (7.120 sec)
Wrote distance file to... 
Computing ML distances based on estimated model parameters...
Calculating distance matrix: done in 0.209606 secs using 75.39% CPU
Computing ML distances took 0.210706 sec (of wall-clock time) 0.159130 sec (of CPU time)
Setting up auxiliary I and S matrices: done in 0.00107193 secs using 100% CPU
Constructing RapidNJ tree: done in 0.003371 secs using 218.6% CPU
Computing RapidNJ tree took 0.004577 sec (of wall-clock time) 0.008574 sec (of CPU time)
Log-likelihood of RapidNJ tree: -18913.911
--------------------------------------------------------------------
|             INITIALIZING CANDIDATE TREE SET                      |
--------------------------------------------------------------------
Generating 98 parsimony trees... 4.318 second
Computing log-likelihood of 98 initial trees ... 7.576 seconds
Current best score: -18816.079

Do NNI search on 20 best initial trees
Optimizing NNI: done in 0.465341 secs using 100% CPU
Estimate model parameters (epsilon = 0.100)
BETTER TREE FOUND at iteration 1: -18807.742
Optimizing NNI: done in 0.680077 secs using 64.26% CPU
Optimizing NNI: done in 0.638202 secs using 70.2% CPU
Estimate model parameters (epsilon = 0.100)
BETTER TREE FOUND at iteration 3: -18804.922
Optimizing NNI: done in 0.538431 secs using 100% CPU
Estimate model parameters (epsilon = 0.100)
BETTER TREE FOUND at iteration 4: -18803.327
Optimizing NNI: done in 0.509145 secs using 100% CPU
Optimizing NNI: done in 0.845345 secs using 55.35% CPU
Optimizing NNI: done in 0.775095 secs using 68.5% CPU
Optimizing NNI: done in 0.732496 secs using 72.66% CPU
Optimizing NNI: done in 0.564975 secs using 79.26% CPU
Optimizing NNI: done in 0.776978 secs using 61.55% CPU
Iteration 10 / LogL: -18814.096 / Time: 0h:3m:18s
Optimizing NNI: done in 0.643615 secs using 78.24% CPU
Optimizing NNI: done in 0.579459 secs using 75.82% CPU
Optimizing NNI: done in 0.648432 secs using 86.43% CPU
Optimizing NNI: done in 0.955002 secs using 57.7% CPU
Optimizing NNI: done in 1.01539 secs using 68.08% CPU
Estimate model parameters (epsilon = 0.100)
BETTER TREE FOUND at iteration 15: -18801.706
Optimizing NNI: done in 1.01813 secs using 56.68% CPU
Optimizing NNI: done in 0.76884 secs using 71.97% CPU
Optimizing NNI: done in 0.657157 secs using 82.55% CPU
Optimizing NNI: done in 0.506407 secs using 100% CPU
Estimate model parameters (epsilon = 0.100)
BETTER TREE FOUND at iteration 19: -18800.148
Optimizing NNI: done in 0.846159 secs using 67.36% CPU
Iteration 20 / LogL: -18816.153 / Time: 0h:3m:27s
Finish initializing candidate tree set (20)
Current best tree score: -18800.148 / CPU time: 29.333
Number of iterations: 20
--------------------------------------------------------------------
|               OPTIMIZING CANDIDATE TREE SET                      |
--------------------------------------------------------------------
Optimizing NNI: done in 1.12867 secs using 80.1% CPU
Optimizing NNI: done in 0.84029 secs using 100% CPU
Optimizing NNI: done in 0.734872 secs using 100% CPU
Optimizing NNI: done in 1.26191 secs using 71.19% CPU
Optimizing NNI: done in 0.97405 secs using 99.2% CPU
Optimizing NNI: done in 1.50464 secs using 63.03% CPU
Optimizing NNI: done in 1.00171 secs using 68.81% CPU
Optimizing NNI: done in 1.02098 secs using 73.62% CPU
Optimizing NNI: done in 0.888561 secs using 99.95% CPU
Optimizing NNI: done in 0.849756 secs using 99.93% CPU
Iteration 30 / LogL: -18803.739 / Time: 0h:3m:37s (0h:11m:7s left)
Optimizing NNI: done in 1.37315 secs using 65.24% CPU
Optimizing NNI: done in 1.29602 secs using 65.44% CPU
Optimizing NNI: done in 1.41593 secs using 59.88% CPU
Optimizing NNI: done in 1.0888 secs using 56.03% CPU
Optimizing NNI: done in 1.01911 secs using 72.16% CPU
Optimizing NNI: done in 1.23126 secs using 73.69% CPU
Optimizing NNI: done in 1.23294 secs using 69.17% CPU
Optimizing NNI: done in 1.33588 secs using 73.81% CPU
Optimizing NNI: done in 0.712892 secs using 99.99% CPU
Optimizing NNI: done in 0.756628 secs using 100% CPU
Iteration 40 / LogL: -18816.469 / Time: 0h:3m:49s (0h:7m:44s left)
Optimizing NNI: done in 0.762769 secs using 100% CPU
Optimizing NNI: done in 1.02432 secs using 73.35% CPU
Optimizing NNI: done in 0.799055 secs using 99.72% CPU
Optimizing NNI: done in 0.854291 secs using 99.99% CPU
Optimizing NNI: done in 0.841986 secs using 99.65% CPU
Optimizing NNI: done in 1.24569 secs using 66.23% CPU
Optimizing NNI: done in 0.911215 secs using 94.34% CPU
Estimate model parameters (epsilon = 0.100)
BETTER TREE FOUND at iteration 47: -18799.621
Optimizing NNI: done in 1.19731 secs using 69.56% CPU
Optimizing NNI: done in 0.977052 secs using 74.61% CPU
Optimizing NNI: done in 0.65397 secs using 99.87% CPU
Iteration 50 / LogL: -18817.061 / Time: 0h:3m:59s (0h:7m:53s left)
Optimizing NNI: done in 0.757087 secs using 99.79% CPU
Optimizing NNI: done in 1.28126 secs using 67.72% CPU
Optimizing NNI: done in 1.25937 secs using 65.79% CPU
Optimizing NNI: done in 0.97588 secs using 91.74% CPU
Optimizing NNI: done in 0.796366 secs using 100% CPU
Optimizing NNI: done in 1.13265 secs using 76.99% CPU
Optimizing NNI: done in 0.877055 secs using 98.99% CPU
Estimate model parameters (epsilon = 0.100)
BETTER TREE FOUND at iteration 57: -18797.651
Optimizing NNI: done in 1.1702 secs using 72.08% CPU
Optimizing NNI: done in 1.0735 secs using 75.78% CPU
Optimizing NNI: done in 0.761512 secs using 100% CPU
Iteration 60 / LogL: -18841.914 / Time: 0h:4m:9s (0h:6m:50s left)
Optimizing NNI: done in 0.969624 secs using 96.45% CPU
Optimizing NNI: done in 0.836901 secs using 88.05% CPU
Optimizing NNI: done in 1.0887 secs using 73.02% CPU
Optimizing NNI: done in 1.08846 secs using 63.93% CPU
Optimizing NNI: done in 1.1785 secs using 69.66% CPU
Optimizing NNI: done in 0.869197 secs using 97.69% CPU
Optimizing NNI: done in 0.949187 secs using 80.36% CPU
Optimizing NNI: done in 1.03936 secs using 76.3% CPU
Optimizing NNI: done in 1.038 secs using 68.37% CPU
Optimizing NNI: done in 1.2269 secs using 75.82% CPU
Iteration 70 / LogL: -18800.493 / Time: 0h:4m:20s (0h:5m:28s left)
Optimizing NNI: done in 1.03606 secs using 79.92% CPU
Optimizing NNI: done in 0.978708 secs using 60.9% CPU
Optimizing NNI: done in 1.25928 secs using 49.76% CPU
Estimate model parameters (epsilon = 0.100)
BETTER TREE FOUND at iteration 73: -18797.267
Optimizing NNI: done in 1.00231 secs using 60.38% CPU
Optimizing NNI: done in 1.09086 secs using 69.2% CPU
BETTER TREE FOUND at iteration 75: -18797.262
Optimizing NNI: done in 0.80954 secs using 100% CPU
Optimizing NNI: done in 0.666081 secs using 99.96% CPU
Optimizing NNI: done in 1.50719 secs using 67.12% CPU
Optimizing NNI: done in 1.0487 secs using 79.64% CPU
Optimizing NNI: done in 0.931951 secs using 77.51% CPU
Iteration 80 / LogL: -18798.754 / Time: 0h:4m:31s (0h:5m:26s left)
Optimizing NNI: done in 1.23344 secs using 67.43% CPU
Optimizing NNI: done in 0.761174 secs using 100% CPU
Optimizing NNI: done in 0.73867 secs using 99.99% CPU
Optimizing NNI: done in 1.13715 secs using 80.08% CPU
Optimizing NNI: done in 1.06983 secs using 70.43% CPU
Optimizing NNI: done in 1.44748 secs using 54.38% CPU
Optimizing NNI: done in 1.23735 secs using 70.72% CPU
Optimizing NNI: done in 0.919037 secs using 75.18% CPU
Optimizing NNI: done in 1.02565 secs using 71.64% CPU
Optimizing NNI: done in 1.36446 secs using 63.63% CPU
Iteration 90 / LogL: -18799.518 / Time: 0h:4m:43s (0h:4m:30s left)
Optimizing NNI: done in 1.10357 secs using 71.17% CPU
Optimizing NNI: done in 0.701586 secs using 99.92% CPU
Optimizing NNI: done in 0.966136 secs using 75.69% CPU
Optimizing NNI: done in 0.895846 secs using 79.79% CPU
Optimizing NNI: done in 1.08 secs using 66.17% CPU
Optimizing NNI: done in 1.1189 secs using 69.82% CPU
Optimizing NNI: done in 1.08423 secs using 73.17% CPU
Optimizing NNI: done in 1.0567 secs using 75.74% CPU
Optimizing NNI: done in 0.903422 secs using 92.46% CPU
Optimizing NNI: done in 0.714718 secs using 99.68% CPU
Iteration 100 / LogL: -18797.695 / Time: 0h:4m:52s (0h:3m:41s left)
Optimizing NNI: done in 1.27045 secs using 96.99% CPU
Optimizing NNI: done in 0.950475 secs using 78.12% CPU
Optimizing NNI: done in 1.1487 secs using 72.14% CPU
Optimizing NNI: done in 1.40019 secs using 61.53% CPU
Optimizing NNI: done in 1.55201 secs using 69.34% CPU
Optimizing NNI: done in 1.44438 secs using 75.44% CPU
Optimizing NNI: done in 0.888271 secs using 82.99% CPU
Optimizing NNI: done in 0.993238 secs using 72.06% CPU
Optimizing NNI: done in 0.563399 secs using 100% CPU
Optimizing NNI: done in 0.836334 secs using 100% CPU
Iteration 110 / LogL: -18797.317 / Time: 0h:5m:4s (0h:3m:1s left)
Optimizing NNI: done in 0.88859 secs using 82.33% CPU
Optimizing NNI: done in 1.28732 secs using 63.31% CPU
Optimizing NNI: done in 1.37474 secs using 64.02% CPU
Optimizing NNI: done in 1.57886 secs using 47.59% CPU
Optimizing NNI: done in 0.911639 secs using 69.36% CPU
Optimizing NNI: done in 0.732874 secs using 93.44% CPU
Optimizing NNI: done in 1.20406 secs using 71.1% CPU
Optimizing NNI: done in 1.02757 secs using 77.46% CPU
Optimizing NNI: done in 1.25228 secs using 67.09% CPU
Optimizing NNI: done in 1.32554 secs using 61.08% CPU
Iteration 120 / LogL: -18797.692 / Time: 0h:5m:15s (0h:2m:25s left)
Optimizing NNI: done in 1.19197 secs using 69.55% CPU
Optimizing NNI: done in 0.889718 secs using 100% CPU
Optimizing NNI: done in 0.783707 secs using 93.87% CPU
Optimizing NNI: done in 1.39693 secs using 64.67% CPU
Optimizing NNI: done in 0.794164 secs using 90.14% CPU
Optimizing NNI: done in 0.772268 secs using 100% CPU
Optimizing NNI: done in 1.17632 secs using 64.15% CPU
Optimizing NNI: done in 1.10166 secs using 68.43% CPU
Optimizing NNI: done in 1.2687 secs using 65.36% CPU
Optimizing NNI: done in 1.18542 secs using 67.12% CPU
Iteration 130 / LogL: -18821.074 / Time: 0h:5m:26s (0h:1m:53s left)
Optimizing NNI: done in 1.26446 secs using 69.62% CPU
Optimizing NNI: done in 1.45787 secs using 58.7% CPU
Optimizing NNI: done in 1.40732 secs using 57.09% CPU
Optimizing NNI: done in 1.08099 secs using 71.6% CPU
Optimizing NNI: done in 1.09888 secs using 76.74% CPU
Optimizing NNI: done in 1.00301 secs using 68.26% CPU
Optimizing NNI: done in 1.16723 secs using 63.16% CPU
Optimizing NNI: done in 1.70757 secs using 57.79% CPU
Optimizing NNI: done in 1.55803 secs using 61.25% CPU
Optimizing NNI: done in 1.18328 secs using 62.19% CPU
Iteration 140 / LogL: -18803.530 / Time: 0h:5m:39s (0h:1m:25s left)
Optimizing NNI: done in 1.06485 secs using 60.28% CPU
Optimizing NNI: done in 1.27552 secs using 66.7% CPU
Optimizing NNI: done in 1.34323 secs using 62.9% CPU
Optimizing NNI: done in 0.97884 secs using 70.76% CPU
Optimizing NNI: done in 1.06925 secs using 64.24% CPU
Optimizing NNI: done in 1.0242 secs using 64.89% CPU
Optimizing NNI: done in 1.03128 secs using 67.84% CPU
Optimizing NNI: done in 1.1848 secs using 70.77% CPU
Optimizing NNI: done in 1.23818 secs using 64.24% CPU
Optimizing NNI: done in 1.16516 secs using 58.78% CPU
Iteration 150 / LogL: -18797.266 / Time: 0h:5m:51s (0h:0m:58s left)
Optimizing NNI: done in 1.38944 secs using 64.68% CPU
Optimizing NNI: done in 1.86665 secs using 53.87% CPU
Optimizing NNI: done in 1.52206 secs using 55.62% CPU
Optimizing NNI: done in 0.981618 secs using 70.63% CPU
Optimizing NNI: done in 0.974935 secs using 73.68% CPU
Optimizing NNI: done in 1.10232 secs using 63.58% CPU
Optimizing NNI: done in 1.32629 secs using 44.28% CPU
Optimizing NNI: done in 1.59671 secs using 49.21% CPU
Optimizing NNI: done in 1.30612 secs using 75% CPU
Optimizing NNI: done in 0.849705 secs using 83.96% CPU
Iteration 160 / LogL: -18797.263 / Time: 0h:6m:4s (0h:0m:34s left)
Optimizing NNI: done in 1.03477 secs using 82.81% CPU
Optimizing NNI: done in 1.30475 secs using 67.74% CPU
Optimizing NNI: done in 1.34388 secs using 65.52% CPU
Optimizing NNI: done in 1.37132 secs using 58.5% CPU
Optimizing NNI: done in 1.559 secs using 65.81% CPU
Optimizing NNI: done in 1.35402 secs using 65.77% CPU
Optimizing NNI: done in 1.18415 secs using 72.97% CPU
Optimizing NNI: done in 1.285 secs using 64.2% CPU
Optimizing NNI: done in 0.91464 secs using 87.32% CPU
Optimizing NNI: done in 1.16005 secs using 66.92% CPU
Iteration 170 / LogL: -18797.737 / Time: 0h:6m:17s (0h:0m:11s left)
Optimizing NNI: done in 1.2494 secs using 67.42% CPU
Optimizing NNI: done in 1.65865 secs using 55.37% CPU
Optimizing NNI: done in 0.897862 secs using 100% CPU
Optimizing NNI: done in 1.00285 secs using 78.05% CPU
Optimizing NNI: done in 1.2516 secs using 77.13% CPU
Optimizing NNI: done in 0.850071 secs using 84.43% CPU
TREE SEARCH COMPLETED AFTER 176 ITERATIONS / Time: 0h:6m:24s

--------------------------------------------------------------------
|                    FINALIZING TREE SEARCH                        |
--------------------------------------------------------------------
Performs final model parameters optimization
Estimate model parameters (epsilon = 0.010)
1. Initial log-likelihood: -18797.262
2. Current log-likelihood: -18797.246
3. Current log-likelihood: -18797.231
4. Current log-likelihood: -18797.216
5. Current log-likelihood: -18797.201
6. Current log-likelihood: -18797.186
7. Current log-likelihood: -18797.171
8. Current log-likelihood: -18797.157
9. Current log-likelihood: -18797.142
10. Current log-likelihood: -18797.127
11. Current log-likelihood: -18797.111
12. Current log-likelihood: -18797.096
13. Current log-likelihood: -18797.081
14. Current log-likelihood: -18797.065
15. Current log-likelihood: -18797.049
16. Current log-likelihood: -18797.033
17. Current log-likelihood: -18797.017
18. Current log-likelihood: -18797.002
19. Current log-likelihood: -18796.986
20. Current log-likelihood: -18796.970
21. Current log-likelihood: -18796.953
22. Current log-likelihood: -18796.936
23. Current log-likelihood: -18796.920
24. Current log-likelihood: -18796.902
25. Current log-likelihood: -18796.885
26. Current log-likelihood: -18796.868
27. Current log-likelihood: -18796.850
28. Current log-likelihood: -18796.833
29. Current log-likelihood: -18796.814
30. Current log-likelihood: -18796.797
31. Current log-likelihood: -18796.778
32. Current log-likelihood: -18796.760
33. Current log-likelihood: -18796.741
34. Current log-likelihood: -18796.722
35. Current log-likelihood: -18796.703
36. Current log-likelihood: -18796.684
37. Current log-likelihood: -18796.664
38. Current log-likelihood: -18796.644
39. Current log-likelihood: -18796.624
40. Current log-likelihood: -18796.604
41. Current log-likelihood: -18796.583
42. Current log-likelihood: -18796.562
43. Current log-likelihood: -18796.541
44. Current log-likelihood: -18796.520
45. Current log-likelihood: -18796.498
46. Current log-likelihood: -18796.475
47. Current log-likelihood: -18796.453
48. Current log-likelihood: -18796.430
49. Current log-likelihood: -18796.406
50. Current log-likelihood: -18796.382
51. Current log-likelihood: -18796.357
52. Current log-likelihood: -18796.332
53. Current log-likelihood: -18796.306
54. Current log-likelihood: -18796.280
55. Current log-likelihood: -18796.252
56. Current log-likelihood: -18796.224
57. Current log-likelihood: -18796.195
58. Current log-likelihood: -18796.164
59. Current log-likelihood: -18796.133
60. Current log-likelihood: -18796.100
61. Current log-likelihood: -18796.065
62. Current log-likelihood: -18796.030
63. Current log-likelihood: -18795.992
64. Current log-likelihood: -18795.952
65. Current log-likelihood: -18795.910
66. Current log-likelihood: -18795.866
67. Current log-likelihood: -18795.818
68. Current log-likelihood: -18795.768
69. Current log-likelihood: -18795.714
70. Current log-likelihood: -18795.655
71. Current log-likelihood: -18795.591
72. Current log-likelihood: -18795.522
73. Current log-likelihood: -18795.446
74. Current log-likelihood: -18795.360
75. Current log-likelihood: -18795.266
76. Current log-likelihood: -18795.159
77. Current log-likelihood: -18795.039
78. Current log-likelihood: -18794.905
79. Current log-likelihood: -18794.748
80. Current log-likelihood: -18794.568
81. Current log-likelihood: -18794.359
82. Current log-likelihood: -18794.114
83. Current log-likelihood: -18793.813
84. Current log-likelihood: -18793.459
85. Current log-likelihood: -18793.046
86. Current log-likelihood: -18792.558
87. Current log-likelihood: -18792.014
88. Current log-likelihood: -18791.432
89. Current log-likelihood: -18790.851
90. Current log-likelihood: -18790.280
91. Current log-likelihood: -18789.782
92. Current log-likelihood: -18789.330
93. Current log-likelihood: -18788.954
94. Current log-likelihood: -18788.611
95. Current log-likelihood: -18788.348
96. Current log-likelihood: -18788.130
97. Current log-likelihood: -18787.981
98. Current log-likelihood: -18787.876
99. Current log-likelihood: -18787.801
Optimal log-likelihood: -18787.801
Rate parameters:  A-C: 0.88234  A-G: 2.88603  A-T: 0.83627  C-G: 0.92006  C-T: 3.31740  G-T: 1.00000
Base frequencies:  A: 0.268  C: 0.242  G: 0.224  T: 0.266
Site proportion and rates:  (0.503,0.141) (0.341,1.135) (0.141,3.185) (0.015,6.203)
Parameters optimization took 99 rounds (51.489 sec)
BEST SCORE FOUND : -18787.801
Total tree length: 3.843

Total number of iterations: 176
CPU time used for tree search: 150.763 sec (0h:2m:30s)
Wall-clock time used for tree search: 206.245 sec (0h:3m:26s)
Total CPU time used: 402.280 sec (0h:6m:42s)
Total wall-clock time used: 435.809 sec (0h:7m:15s)

Analysis results written to: 
  IQ-TREE report:                5G58480_iqtree_preliminary_superstrict_excluding_hybrids.iqtree
  Maximum-likelihood tree:       5G58480_iqtree_preliminary_superstrict_excluding_hybrids.treefile
  Likelihood distances:          5G58480_iqtree_preliminary_superstrict_excluding_hybrids.mldist
  Screen log file:               5G58480_iqtree_preliminary_superstrict_excluding_hybrids.log

ALISIM COMMAND
--------------
--alisim simulated_MSA -t 5G58480_iqtree_preliminary_superstrict_excluding_hybrids.treefile -m "GTR{0.882345,2.88603,0.836271,0.920061,3.3174}+F{0.26817,0.242104,0.223584,0.266142}+R4{0.50298,0.140879,0.340968,1.1351,0.141092,3.18454,0.0149603,6.2028}" --length 975

Date and Time: Fri Jun  2 08:20:20 2023
