IQ-TREE multicore version 2.2.2 COVID-edition for Linux 64-bit built Sep 20 2022
Developed by Bui Quang Minh, James Barbetti, Nguyen Lam Tung,
Olga Chernomor, Heiko Schmidt, Dominik Schrempf, Michael Woodhams, Ly Trong Nhan.

Host:    netdc-bms-c11f (AVX2, FMA3, 377 GB RAM)
Command: /home/kasper.hendriks/iqtree-2.2.2-Linux/bin/iqtree2 -s 5G65950_taper_preliminary_superstrict_excluding_hybrids.fasta -nm 1000 -m GTR+F+R -nt AUTO --prefix 5G65950_iqtree_preliminary_superstrict_excluding_hybrids
Seed:    241755 (Using SPRNG - Scalable Parallel Random Number Generator)
Time:    Fri Jun  2 08:14:04 2023
Kernel:  AVX+FMA - auto-detect threads (56 CPU cores detected)

Reading alignment file 5G65950_taper_preliminary_superstrict_excluding_hybrids.fasta ... Fasta format detected
Reading fasta file: done in 0.00778794 secs using 99.98% CPU
Alignment most likely contains DNA/RNA sequences
Constructing alignment: done in 0.0911322 secs using 1330% CPU
Alignment has 135 sequences with 2472 columns, 1969 distinct patterns
1264 parsimony-informative, 381 singleton sites, 827 constant sites
               Gap/Ambiguity  Composition  p-value
Analyzing sequences: done in 0.011374 secs using 1071% CPU
   1  PAFTOL_019361   26.98%    passed     93.48%
   2  S0055            0.08%    passed     99.99%
   3  S0196sl         13.19%    passed     93.51%
   4  S0278            0.49%    passed     58.92%
   5  S0281            0.16%    passed     93.33%
   6  S0282            0.00%    passed     86.27%
   7  S0288           15.09%    passed     89.78%
   8  S0289            0.40%    passed     66.36%
   9  S0292            0.08%    passed     97.56%
  10  S0293           16.26%    passed     96.13%
  11  S0294            1.42%    passed     46.44%
  12  S0299            1.01%    passed     32.46%
  13  S0303            0.04%    passed     88.26%
  14  S0308            0.44%    passed     90.68%
  15  S0320            0.85%    passed     26.81%
  16  S0322            0.36%    passed     92.10%
  17  S0327            0.77%    passed     99.60%
  18  S0335            0.65%    passed     98.27%
  19  S0345           28.76%    passed     89.86%
  20  S0355            0.85%    passed     85.64%
  21  S0376            0.93%    passed     79.87%
  22  S0400            0.04%    passed     99.25%
  23  S0405            0.24%    passed     94.37%
  24  S0407sl          9.87%    passed     54.73%
  25  S0412sl          2.06%    passed     83.87%
  26  S0417            1.33%    passed     88.97%
  27  S0419            0.77%    passed     98.34%
  28  S0427            0.04%    passed     53.66%
  29  S0428sl          7.48%    passed     94.79%
  30  S0430            0.57%    passed     92.27%
  31  S0478            2.83%    passed     98.05%
  32  S0552sl          0.12%    passed     91.21%
  33  S0558            0.24%    passed     94.05%
  34  S0616            0.40%    passed     98.98%
  35  S0624            1.01%    passed     95.15%
  36  S0641            0.04%    passed     71.49%
  37  S0643            5.18%    passed     80.17%
  38  S0645sl          1.46%    passed     79.60%
  39  S0656sl          1.33%    passed     94.22%
  40  S0673            0.00%    passed     92.51%
  41  S0689            0.00%    passed     99.45%
  42  S0690           15.66%    passed     98.59%
  43  S0720            0.00%    passed     97.80%
  44  S0724sl          0.00%    passed     91.18%
  45  S0735            0.16%    passed     96.74%
  46  S0742            0.04%    passed     97.05%
  47  S0748            0.12%    passed     94.41%
  48  S0753            2.95%    passed     98.52%
  49  S0756            3.24%    passed     83.46%
  50  S0758            7.04%    passed     90.95%
  51  S0760            0.00%    passed     97.57%
  52  S0763            0.00%    passed     98.70%
  53  S0765            2.91%    passed     99.93%
  54  S0770            0.20%    passed     99.51%
  55  S0771            0.24%    passed     93.71%
  56  S0795            0.28%    passed     97.67%
  57  S0827            0.20%    passed     86.94%
  58  S0888            1.13%    passed     77.54%
  59  S0894            0.16%    passed     89.47%
  60  S0899            2.18%    passed     98.14%
  61  S0906            0.00%    passed     98.07%
  62  S0951           55.50%    passed     79.23%
  63  S0952            0.12%    passed     88.64%
  64  S0956            0.04%    passed     85.31%
  65  S0959            0.49%    passed     93.16%
  66  S0960            0.16%    passed     94.24%
  67  S0964            4.21%    passed     82.89%
  68  S1052sl         27.14%    passed     58.98%
  69  S1083            0.04%    passed     99.32%
  70  S1100            0.16%    passed     89.42%
  71  S1102            9.22%    passed     41.60%
  72  S1110            0.04%    passed     82.63%
  73  S1120            1.17%    passed     98.60%
  74  S1128            0.53%    passed     96.34%
  75  S1129sl          0.28%    passed     92.05%
  76  S1148            0.16%    passed     95.30%
  77  S1177            0.08%    passed     96.21%
  78  S1180            2.87%    passed     65.64%
  79  S1187sl         36.33%    passed     74.63%
  80  S1189            1.05%    passed     95.75%
  81  S1201sl          0.04%    passed     94.93%
  82  S1210            0.28%    passed     85.68%
  83  S1211            0.00%    passed     87.71%
  84  S1214sl          0.36%    passed     96.67%
  85  S1223            0.57%    passed     90.00%
  86  S1227            0.04%    passed     86.90%
  87  S1235sl          0.00%    passed     78.78%
  88  S1238sl          0.00%    passed     96.62%
  89  S1239            0.44%    passed     79.73%
  90  S1245            0.04%    passed     97.41%
  91  S1246            0.57%    passed     99.16%
  92  S1249            0.00%    passed     84.19%
  93  S1250sl          2.59%    passed     91.86%
  94  S1251            0.65%    passed     75.56%
  95  S1260            0.81%    passed     96.70%
  96  S1266sl          1.25%    passed     87.94%
  97  S1269            1.74%    passed     82.41%
  98  S1278            0.00%    passed     97.23%
  99  S1315            1.29%    passed     78.53%
 100  S1332            0.04%    passed     95.62%
 101  S1366            0.53%    passed     97.18%
 102  S1369            0.44%    passed     93.73%
 103  S1370            0.73%    passed     98.32%
 104  S1375            0.20%    passed     99.41%
 105  S1376            0.24%    passed     95.26%
 106  S1381            0.00%    passed     91.47%
 107  S1405           14.93%    passed     73.35%
 108  S1422            0.16%    passed     94.97%
 109  S1449            7.81%    passed     98.96%
 110  S1451            0.40%    passed     24.91%
 111  S1460            0.04%    passed     89.58%
 112  S1462            0.04%    passed     98.99%
 113  S1475           20.95%    passed     86.39%
 114  S1498            0.12%    passed     99.52%
 115  S1539            0.04%    passed     94.15%
 116  S_670            0.28%    passed     96.04%
 117  SRR11470320      0.00%    passed     96.06%
 118  SRR8528336       0.04%    passed     99.31%
 119  SRR8528341       0.04%    passed     99.55%
 120  SRR8528343       0.20%    passed     82.37%
 121  SRR8528347       1.33%    passed     85.70%
 122  SRR8528350       0.04%    passed     95.48%
 123  SRR8528354       2.59%    passed     94.08%
 124  SRR8528357       0.00%    passed     97.57%
 125  SRR8528359       0.00%    passed     99.11%
 126  SRR8528361       0.04%    passed     94.09%
 127  SRR8528365       0.04%    passed     98.94%
 128  SRR8528370       0.00%    passed     96.81%
 129  SRR8528372       0.04%    passed     99.18%
 130  SRR8528379       0.04%    passed     98.39%
 131  SRR8528381       1.17%    passed     92.15%
 132  SRR8528384       0.04%    passed     99.13%
 133  SRR8528389       0.04%    passed     99.10%
 134  SRR8528391       0.08%    passed     67.19%
 135  SRR8528400       0.04%    passed     97.21%
WARNING: 1 sequences contain more than 50% gaps/ambiguity
****  TOTAL            2.84%  0 sequences failed composition chi2 test (p-value<5%; df=3)
Checking for duplicate sequences: done in 0.0121429 secs using 1373% CPU

Create initial parsimony tree by phylogenetic likelihood library (PLL)... 0.171 seconds

NOTE: 34 MB RAM (0 GB) is required!
Measuring multi-threading efficiency up to 56 CPU cores
Increase to 10 rounds for branch lengths
48 trees examined
Threads: 1 / Time: 56.555 sec / Speedup: 1.000 / Efficiency: 100% / LogL: -70513
Threads: 2 / Time: 71.392 sec / Speedup: 0.792 / Efficiency: 40% / LogL: -70513
Determining AUTO threadcount: done in 127.967 secs using 110% CPU
BEST NUMBER OF THREADS: 1

Estimate model parameters (epsilon = 0.100)
1. Initial log-likelihood: -41902.184
2. Current log-likelihood: -40664.701
3. Current log-likelihood: -40644.336
4. Current log-likelihood: -40629.095
5. Current log-likelihood: -40618.425
6. Current log-likelihood: -40612.121
7. Current log-likelihood: -40608.754
8. Current log-likelihood: -40606.968
9. Current log-likelihood: -40605.904
10. Current log-likelihood: -40605.151
11. Current log-likelihood: -40604.544
12. Current log-likelihood: -40604.025
13. Current log-likelihood: -40603.562
14. Current log-likelihood: -40603.137
15. Current log-likelihood: -40602.738
16. Current log-likelihood: -40602.355
17. Current log-likelihood: -40601.982
18. Current log-likelihood: -40601.616
19. Current log-likelihood: -40601.255
20. Current log-likelihood: -40600.898
21. Current log-likelihood: -40600.547
22. Current log-likelihood: -40600.200
23. Current log-likelihood: -40599.859
24. Current log-likelihood: -40599.524
25. Current log-likelihood: -40599.196
26. Current log-likelihood: -40598.875
27. Current log-likelihood: -40598.563
28. Current log-likelihood: -40598.259
29. Current log-likelihood: -40597.963
30. Current log-likelihood: -40597.676
31. Current log-likelihood: -40597.398
32. Current log-likelihood: -40597.129
33. Current log-likelihood: -40596.869
34. Current log-likelihood: -40596.619
35. Current log-likelihood: -40596.377
36. Current log-likelihood: -40596.149
37. Current log-likelihood: -40595.925
38. Current log-likelihood: -40595.714
39. Current log-likelihood: -40595.512
40. Current log-likelihood: -40595.318
41. Current log-likelihood: -40595.129
42. Current log-likelihood: -40594.948
43. Current log-likelihood: -40594.775
44. Current log-likelihood: -40594.610
45. Current log-likelihood: -40594.452
46. Current log-likelihood: -40594.302
47. Current log-likelihood: -40594.158
48. Current log-likelihood: -40594.021
49. Current log-likelihood: -40593.891
50. Current log-likelihood: -40593.767
51. Current log-likelihood: -40593.650
52. Current log-likelihood: -40593.538
53. Current log-likelihood: -40593.430
54. Current log-likelihood: -40593.328
Optimal log-likelihood: -40593.199
Rate parameters:  A-C: 1.15645  A-G: 3.77346  A-T: 1.11461  C-G: 1.20361  C-T: 3.50652  G-T: 1.00000
Base frequencies:  A: 0.274  C: 0.199  G: 0.242  T: 0.285
Site proportion and rates:  (0.435,0.131) (0.308,0.968) (0.227,2.167) (0.030,5.096)
Parameters optimization took 54 rounds (68.727 sec)
Wrote distance file to... 
Computing ML distances based on estimated model parameters...
Calculating distance matrix: done in 0.274553 secs using 100% CPU
Computing ML distances took 0.278986 sec (of wall-clock time) 0.278988 sec (of CPU time)
Setting up auxiliary I and S matrices: done in 0.00120902 secs using 430.7% CPU
Constructing RapidNJ tree: done in 0.00392604 secs using 201.9% CPU
Computing RapidNJ tree took 0.005279 sec (of wall-clock time) 0.013279 sec (of CPU time)
Log-likelihood of RapidNJ tree: -40739.941
--------------------------------------------------------------------
|             INITIALIZING CANDIDATE TREE SET                      |
--------------------------------------------------------------------
Generating 98 parsimony trees... 6.959 second
Computing log-likelihood of 98 initial trees ... 13.336 seconds
Current best score: -40592.028

Do NNI search on 20 best initial trees
Optimizing NNI: done in 1.09036 secs using 95.73% CPU
Estimate model parameters (epsilon = 0.100)
BETTER TREE FOUND at iteration 1: -40568.579
Optimizing NNI: done in 0.975406 secs using 94.26% CPU
Optimizing NNI: done in 0.844636 secs using 100% CPU
Optimizing NNI: done in 0.753991 secs using 99.74% CPU
Optimizing NNI: done in 1.03298 secs using 90.03% CPU
Optimizing NNI: done in 1.22492 secs using 90.22% CPU
Optimizing NNI: done in 1.05714 secs using 94.08% CPU
Optimizing NNI: done in 1.10602 secs using 100% CPU
Optimizing NNI: done in 1.18149 secs using 99.96% CPU
Optimizing NNI: done in 0.806007 secs using 99.77% CPU
Iteration 10 / LogL: -40578.993 / Time: 0h:3m:54s
Optimizing NNI: done in 0.995203 secs using 89.92% CPU
Optimizing NNI: done in 1.26632 secs using 78.73% CPU
Optimizing NNI: done in 0.970938 secs using 81.98% CPU
Optimizing NNI: done in 0.914675 secs using 99.16% CPU
Optimizing NNI: done in 1.52698 secs using 65.73% CPU
Optimizing NNI: done in 0.76903 secs using 99.93% CPU
Optimizing NNI: done in 0.953513 secs using 94.74% CPU
Optimizing NNI: done in 0.908728 secs using 99.95% CPU
Optimizing NNI: done in 0.90603 secs using 100% CPU
Optimizing NNI: done in 0.917227 secs using 99.89% CPU
Iteration 20 / LogL: -40572.563 / Time: 0h:4m:4s
Finish initializing candidate tree set (16)
Current best tree score: -40568.579 / CPU time: 45.279
Number of iterations: 20
--------------------------------------------------------------------
|               OPTIMIZING CANDIDATE TREE SET                      |
--------------------------------------------------------------------
Optimizing NNI: done in 1.81801 secs using 98.23% CPU
Optimizing NNI: done in 1.56501 secs using 92.69% CPU
Optimizing NNI: done in 1.619 secs using 99.73% CPU
Optimizing NNI: done in 1.91225 secs using 94.54% CPU
Optimizing NNI: done in 1.64262 secs using 99.24% CPU
Optimizing NNI: done in 1.7962 secs using 94.66% CPU
Optimizing NNI: done in 1.8948 secs using 96.31% CPU
Optimizing NNI: done in 1.9502 secs using 100% CPU
Optimizing NNI: done in 1.68575 secs using 99.99% CPU
Optimizing NNI: done in 2.61973 secs using 69.76% CPU
Iteration 30 / LogL: -40572.747 / Time: 0h:4m:23s (0h:10m:44s left)
Optimizing NNI: done in 2.55582 secs using 77.14% CPU
Optimizing NNI: done in 2.3624 secs using 67.81% CPU
Optimizing NNI: done in 2.09776 secs using 85.06% CPU
Optimizing NNI: done in 2.30981 secs using 86.15% CPU
Optimizing NNI: done in 2.04043 secs using 98.99% CPU
Optimizing NNI: done in 2.00245 secs using 88.11% CPU
Optimizing NNI: done in 2.57726 secs using 91.3% CPU
Optimizing NNI: done in 2.30278 secs using 80.98% CPU
Optimizing NNI: done in 1.97055 secs using 86.04% CPU
Optimizing NNI: done in 2.22759 secs using 77.49% CPU
Iteration 40 / LogL: -40568.887 / Time: 0h:4m:46s (0h:7m:27s left)
Optimizing NNI: done in 1.98896 secs using 95.67% CPU
Optimizing NNI: done in 2.35525 secs using 99.99% CPU
Optimizing NNI: done in 1.80945 secs using 97.19% CPU
Optimizing NNI: done in 2.04227 secs using 86.67% CPU
Optimizing NNI: done in 2.83139 secs using 62.34% CPU
Optimizing NNI: done in 2.39646 secs using 95.14% CPU
Optimizing NNI: done in 1.77921 secs using 88.96% CPU
Optimizing NNI: done in 1.45814 secs using 99.71% CPU
Optimizing NNI: done in 2.08452 secs using 86.22% CPU
Optimizing NNI: done in 2.18579 secs using 76.07% CPU
Iteration 50 / LogL: -40568.652 / Time: 0h:5m:7s (0h:5m:19s left)
Optimizing NNI: done in 2.769 secs using 56.29% CPU
Optimizing NNI: done in 2.3613 secs using 82.14% CPU
Optimizing NNI: done in 1.98988 secs using 89.46% CPU
Optimizing NNI: done in 1.87471 secs using 97.35% CPU
Optimizing NNI: done in 1.96881 secs using 90.58% CPU
Optimizing NNI: done in 2.61579 secs using 79.74% CPU
Optimizing NNI: done in 2.50802 secs using 71.14% CPU
Optimizing NNI: done in 2.62287 secs using 73.89% CPU
Optimizing NNI: done in 2.01682 secs using 88.82% CPU
Optimizing NNI: done in 2.47716 secs using 69% CPU
Iteration 60 / LogL: -40584.784 / Time: 0h:5m:31s (0h:3m:49s left)
Optimizing NNI: done in 1.74283 secs using 87.69% CPU
Optimizing NNI: done in 1.91833 secs using 92.9% CPU
Optimizing NNI: done in 2.08266 secs using 92.67% CPU
Optimizing NNI: done in 1.58964 secs using 98.49% CPU
Optimizing NNI: done in 2.63362 secs using 66.45% CPU
Optimizing NNI: done in 2.87249 secs using 67.63% CPU
BETTER TREE FOUND at iteration 66: -40568.577
Optimizing NNI: done in 2.09809 secs using 82.16% CPU
Optimizing NNI: done in 1.96386 secs using 94.07% CPU
Optimizing NNI: done in 1.75692 secs using 96.58% CPU
Optimizing NNI: done in 2.03841 secs using 73.18% CPU
Iteration 70 / LogL: -40582.890 / Time: 0h:5m:52s (0h:8m:9s left)
Optimizing NNI: done in 1.96137 secs using 92.28% CPU
Optimizing NNI: done in 1.92794 secs using 98.95% CPU
Optimizing NNI: done in 1.7623 secs using 100% CPU
Optimizing NNI: done in 1.91446 secs using 90.3% CPU
Optimizing NNI: done in 1.5345 secs using 100% CPU
Optimizing NNI: done in 2.1841 secs using 84.53% CPU
Optimizing NNI: done in 2.16102 secs using 97.7% CPU
Optimizing NNI: done in 2.65535 secs using 69.64% CPU
Optimizing NNI: done in 1.70991 secs using 100% CPU
Optimizing NNI: done in 2.84824 secs using 68.31% CPU
Iteration 80 / LogL: -40568.662 / Time: 0h:6m:13s (0h:6m:46s left)
Optimizing NNI: done in 2.16402 secs using 99.05% CPU
Optimizing NNI: done in 1.74511 secs using 86.35% CPU
Optimizing NNI: done in 1.8411 secs using 99.98% CPU
Optimizing NNI: done in 1.74653 secs using 99.98% CPU
Optimizing NNI: done in 1.98691 secs using 99.98% CPU
Optimizing NNI: done in 2.12165 secs using 77.59% CPU
Optimizing NNI: done in 2.12236 secs using 89.56% CPU
Optimizing NNI: done in 2.40561 secs using 81.81% CPU
Optimizing NNI: done in 1.68943 secs using 87.88% CPU
Optimizing NNI: done in 1.8133 secs using 90.92% CPU
Iteration 90 / LogL: -40569.280 / Time: 0h:6m:33s (0h:5m:35s left)
Optimizing NNI: done in 1.87162 secs using 91.8% CPU
Optimizing NNI: done in 2.11959 secs using 95.47% CPU
Optimizing NNI: done in 1.7617 secs using 99.34% CPU
Optimizing NNI: done in 1.9145 secs using 99.93% CPU
Optimizing NNI: done in 2.37005 secs using 83.42% CPU
Optimizing NNI: done in 1.78922 secs using 97.76% CPU
Optimizing NNI: done in 2.28737 secs using 95.1% CPU
Optimizing NNI: done in 1.77947 secs using 99.99% CPU
Optimizing NNI: done in 1.55953 secs using 100% CPU
Optimizing NNI: done in 1.84196 secs using 100% CPU
Iteration 100 / LogL: -40568.592 / Time: 0h:6m:52s (0h:4m:35s left)
Optimizing NNI: done in 1.80705 secs using 92.03% CPU
Optimizing NNI: done in 1.8039 secs using 99.11% CPU
Optimizing NNI: done in 1.59901 secs using 100% CPU
Optimizing NNI: done in 1.83382 secs using 100% CPU
Optimizing NNI: done in 1.92679 secs using 100% CPU
Optimizing NNI: done in 1.80204 secs using 100% CPU
Optimizing NNI: done in 2.14639 secs using 97.02% CPU
Optimizing NNI: done in 2.27135 secs using 83.45% CPU
UPDATE BEST LOG-LIKELIHOOD: -40568.576
Optimizing NNI: done in 2.12048 secs using 100% CPU
Optimizing NNI: done in 1.93331 secs using 89.46% CPU
Iteration 110 / LogL: -40568.705 / Time: 0h:7m:12s (0h:3m:42s left)
Optimizing NNI: done in 1.82837 secs using 92.59% CPU
Optimizing NNI: done in 2.02811 secs using 89.85% CPU
Optimizing NNI: done in 2.43227 secs using 77.38% CPU
Optimizing NNI: done in 2.33079 secs using 82.8% CPU
Optimizing NNI: done in 2.20906 secs using 81.64% CPU
Optimizing NNI: done in 1.96855 secs using 80.02% CPU
Optimizing NNI: done in 2.32616 secs using 87.25% CPU
Optimizing NNI: done in 1.9739 secs using 91.48% CPU
Optimizing NNI: done in 1.87053 secs using 99.96% CPU
Optimizing NNI: done in 1.74237 secs using 99.83% CPU
Iteration 120 / LogL: -40575.621 / Time: 0h:7m:33s (0h:2m:55s left)
Optimizing NNI: done in 1.79322 secs using 100% CPU
Optimizing NNI: done in 1.82373 secs using 99.92% CPU
Optimizing NNI: done in 1.93224 secs using 97.52% CPU
Optimizing NNI: done in 2.03543 secs using 86.05% CPU
Optimizing NNI: done in 2.01834 secs using 97.82% CPU
Optimizing NNI: done in 1.68721 secs using 98.22% CPU
Optimizing NNI: done in 1.72659 secs using 93.73% CPU
Optimizing NNI: done in 2.10781 secs using 94.44% CPU
Optimizing NNI: done in 1.8993 secs using 87.41% CPU
Optimizing NNI: done in 1.47102 secs using 99.99% CPU
Iteration 130 / LogL: -40571.646 / Time: 0h:7m:52s (0h:2m:11s left)
Optimizing NNI: done in 1.80424 secs using 91.89% CPU
Optimizing NNI: done in 1.9985 secs using 91.14% CPU
Optimizing NNI: done in 2.10485 secs using 86.96% CPU
Optimizing NNI: done in 1.72557 secs using 99.94% CPU
Optimizing NNI: done in 1.85552 secs using 99.97% CPU
Optimizing NNI: done in 1.68114 secs using 99.99% CPU
Optimizing NNI: done in 1.94538 secs using 92.41% CPU
Optimizing NNI: done in 1.98845 secs using 99.99% CPU
Optimizing NNI: done in 1.61749 secs using 100% CPU
Optimizing NNI: done in 2.27286 secs using 100% CPU
Iteration 140 / LogL: -40569.211 / Time: 0h:8m:11s (0h:1m:31s left)
Optimizing NNI: done in 1.64849 secs using 100% CPU
Optimizing NNI: done in 2.11914 secs using 83.63% CPU
Optimizing NNI: done in 2.35208 secs using 80.63% CPU
Optimizing NNI: done in 2.36834 secs using 83.8% CPU
Optimizing NNI: done in 1.82648 secs using 93.37% CPU
Optimizing NNI: done in 1.51339 secs using 97.44% CPU
Optimizing NNI: done in 2.17642 secs using 85.01% CPU
Optimizing NNI: done in 2.46743 secs using 88.86% CPU
Optimizing NNI: done in 1.93222 secs using 96.67% CPU
Optimizing NNI: done in 2.00243 secs using 92.2% CPU
Iteration 150 / LogL: -40568.600 / Time: 0h:8m:32s (0h:0m:55s left)
Optimizing NNI: done in 2.08688 secs using 98.01% CPU
Optimizing NNI: done in 1.86224 secs using 99.82% CPU
Optimizing NNI: done in 1.92588 secs using 100% CPU
Optimizing NNI: done in 1.98786 secs using 98.78% CPU
Optimizing NNI: done in 1.80074 secs using 100% CPU
Optimizing NNI: done in 1.98901 secs using 100% CPU
Optimizing NNI: done in 1.74346 secs using 89.41% CPU
Optimizing NNI: done in 1.75545 secs using 99.93% CPU
Optimizing NNI: done in 1.69103 secs using 100% CPU
Optimizing NNI: done in 1.78376 secs using 98.43% CPU
Iteration 160 / LogL: -40568.605 / Time: 0h:8m:51s (0h:0m:20s left)
Optimizing NNI: done in 1.82702 secs using 88.12% CPU
Optimizing NNI: done in 1.87462 secs using 95.6% CPU
Optimizing NNI: done in 2.58646 secs using 81.67% CPU
Optimizing NNI: done in 1.66886 secs using 91.23% CPU
Optimizing NNI: done in 1.69702 secs using 94.38% CPU
Optimizing NNI: done in 1.66315 secs using 99.01% CPU
Optimizing NNI: done in 2.31624 secs using 99.99% CPU
TREE SEARCH COMPLETED AFTER 167 ITERATIONS / Time: 0h:9m:5s

--------------------------------------------------------------------
|                    FINALIZING TREE SEARCH                        |
--------------------------------------------------------------------
Performs final model parameters optimization
Estimate model parameters (epsilon = 0.010)
1. Initial log-likelihood: -40568.576
2. Current log-likelihood: -40568.494
3. Current log-likelihood: -40568.399
4. Current log-likelihood: -40568.308
5. Current log-likelihood: -40568.222
6. Current log-likelihood: -40568.141
7. Current log-likelihood: -40568.064
8. Current log-likelihood: -40567.991
9. Current log-likelihood: -40567.923
10. Current log-likelihood: -40567.859
11. Current log-likelihood: -40567.798
12. Current log-likelihood: -40567.739
13. Current log-likelihood: -40567.685
14. Current log-likelihood: -40567.638
15. Current log-likelihood: -40567.594
16. Current log-likelihood: -40567.550
17. Current log-likelihood: -40567.509
18. Current log-likelihood: -40567.471
19. Current log-likelihood: -40567.433
20. Current log-likelihood: -40567.397
21. Current log-likelihood: -40567.361
22. Current log-likelihood: -40567.329
23. Current log-likelihood: -40567.298
24. Current log-likelihood: -40567.278
25. Current log-likelihood: -40567.248
26. Current log-likelihood: -40567.228
27. Current log-likelihood: -40567.199
28. Current log-likelihood: -40567.181
29. Current log-likelihood: -40567.154
30. Current log-likelihood: -40567.128
31. Current log-likelihood: -40567.102
32. Current log-likelihood: -40567.085
33. Current log-likelihood: -40567.060
34. Current log-likelihood: -40567.045
35. Current log-likelihood: -40567.031
36. Current log-likelihood: -40567.018
37. Current log-likelihood: -40567.005
38. Current log-likelihood: -40566.991
39. Current log-likelihood: -40566.977
40. Current log-likelihood: -40566.964
41. Current log-likelihood: -40566.952
42. Current log-likelihood: -40566.940
43. Current log-likelihood: -40566.927
44. Current log-likelihood: -40566.914
45. Current log-likelihood: -40566.903
46. Current log-likelihood: -40566.892
47. Current log-likelihood: -40566.881
48. Current log-likelihood: -40566.869
49. Current log-likelihood: -40566.857
50. Current log-likelihood: -40566.846
Optimal log-likelihood: -40566.830
Rate parameters:  A-C: 1.15719  A-G: 3.79075  A-T: 1.12337  C-G: 1.18905  C-T: 3.52252  G-T: 1.00000
Base frequencies:  A: 0.274  C: 0.199  G: 0.242  T: 0.285
Site proportion and rates:  (0.418,0.113) (0.342,0.958) (0.216,2.282) (0.024,5.405)
Parameters optimization took 50 rounds (50.256 sec)
BEST SCORE FOUND : -40566.830
Total tree length: 2.924

Total number of iterations: 167
CPU time used for tree search: 314.139 sec (0h:5m:14s)
Wall-clock time used for tree search: 346.119 sec (0h:5m:46s)
Total CPU time used: 564.811 sec (0h:9m:24s)
Total wall-clock time used: 595.634 sec (0h:9m:55s)

Analysis results written to: 
  IQ-TREE report:                5G65950_iqtree_preliminary_superstrict_excluding_hybrids.iqtree
  Maximum-likelihood tree:       5G65950_iqtree_preliminary_superstrict_excluding_hybrids.treefile
  Likelihood distances:          5G65950_iqtree_preliminary_superstrict_excluding_hybrids.mldist
  Screen log file:               5G65950_iqtree_preliminary_superstrict_excluding_hybrids.log

ALISIM COMMAND
--------------
--alisim simulated_MSA -t 5G65950_iqtree_preliminary_superstrict_excluding_hybrids.treefile -m "GTR{1.15719,3.79075,1.12337,1.18905,3.52252}+F{0.274313,0.199081,0.241743,0.284863}+R4{0.417732,0.11342,0.341639,0.957961,0.216214,2.28191,0.0244152,5.40497}" --length 2472

Date and Time: Fri Jun  2 08:24:00 2023
