IQ-TREE multicore version 2.2.2 COVID-edition for Linux 64-bit built Sep 20 2022
Developed by Bui Quang Minh, James Barbetti, Nguyen Lam Tung,
Olga Chernomor, Heiko Schmidt, Dominik Schrempf, Michael Woodhams, Ly Trong Nhan.

Host:    netdc-bms-c11f (AVX2, FMA3, 377 GB RAM)
Command: /home/kasper.hendriks/iqtree-2.2.2-Linux/bin/iqtree2 -s 6227_taper_preliminary_superstrict_excluding_hybrids.fasta -nm 1000 -m GTR+F+R -nt AUTO --prefix 6227_iqtree_preliminary_superstrict_excluding_hybrids
Seed:    430054 (Using SPRNG - Scalable Parallel Random Number Generator)
Time:    Fri Jun  2 08:16:46 2023
Kernel:  AVX+FMA - auto-detect threads (56 CPU cores detected)

Reading alignment file 6227_taper_preliminary_superstrict_excluding_hybrids.fasta ... Fasta format detected
Reading fasta file: done in 0.00152206 secs using 99.93% CPU
Alignment most likely contains DNA/RNA sequences
Constructing alignment: done in 0.0036118 secs using 1565% CPU
Alignment has 119 sequences with 507 columns, 398 distinct patterns
203 parsimony-informative, 80 singleton sites, 224 constant sites
               Gap/Ambiguity  Composition  p-value
Analyzing sequences: done in 0.0119159 secs using 1519% CPU
   1  CRNC             0.00%    passed     81.23%
   2  HYZL             0.00%    passed     99.43%
   3  MYZV             0.00%    passed     79.74%
   4  SRR6441723       2.96%    passed     84.41%
   5  ERR4210213      66.86%    passed     93.76%
   6  ERR2789774       0.00%    passed     99.19%
   7  PAFTOL_019361   14.99%    passed     21.98%
   8  S0055            0.00%    passed     95.29%
   9  S0196sl         15.38%    failed      2.58%
  10  S0278            0.00%    passed     99.84%
  11  S0281            2.96%    passed     94.47%
  12  S0282            0.00%    passed     98.83%
  13  S0289            0.00%    passed     99.66%
  14  S0292            2.17%    passed     98.24%
  15  S0293            4.54%    passed     90.49%
  16  S0294            0.79%    passed     98.35%
  17  S0299            0.20%    passed     98.47%
  18  S0303            0.20%    passed     97.87%
  19  S0308            0.20%    passed     69.22%
  20  S0320            0.00%    passed     99.91%
  21  S0322            2.56%    passed     98.17%
  22  S0327            0.00%    passed     97.78%
  23  S0335            0.00%    passed     95.29%
  24  S0376           21.10%    passed     99.01%
  25  S0400           20.91%    passed     98.88%
  26  S0405            0.39%    passed     99.67%
  27  S0407sl          0.00%    passed     97.72%
  28  S0412sl         29.59%    passed     95.71%
  29  S0417            3.16%    passed     94.78%
  30  S0419            0.79%    passed     98.21%
  31  S0427            0.00%    passed     99.89%
  32  S0428sl         16.37%    passed     66.72%
  33  S0430            2.96%    passed     88.88%
  34  S0478           31.95%    passed     82.23%
  35  S0552sl          0.39%    passed     75.71%
  36  S0558            0.00%    passed     99.51%
  37  S0616            1.78%    passed     93.41%
  38  S0620            7.30%    passed     82.51%
  39  S0624            4.73%    passed     94.53%
  40  S0641            0.00%    passed     99.52%
  41  S0643            0.20%    passed     99.52%
  42  S0645sl          0.00%    passed     98.57%
  43  S0656sl          0.00%    passed     98.54%
  44  S0673            0.00%    passed     90.00%
  45  S0690           31.36%    passed     68.38%
  46  S0720            0.00%    passed     99.97%
  47  S0724sl          4.34%    passed     89.43%
  48  S0735            0.20%    passed     30.24%
  49  S0742            0.00%    passed     97.21%
  50  S0748            3.94%    passed     80.66%
  51  S0756            3.55%    passed     98.05%
  52  S0758            0.00%    passed     54.62%
  53  S0760            0.00%    passed     95.67%
  54  S0763            0.00%    passed     98.46%
  55  S0765            0.00%    passed     97.78%
  56  S0770            0.00%    passed     98.61%
  57  S0771            0.00%    passed     78.77%
  58  S0795            0.20%    passed     99.35%
  59  S0827            1.97%    passed     99.48%
  60  S0888            0.20%    passed     97.13%
  61  S0894            0.39%    passed     92.90%
  62  S0899            0.00%    passed     99.12%
  63  S0906            0.20%    passed     99.68%
  64  S0951            5.92%    passed     85.73%
  65  S0952           15.38%    passed     86.69%
  66  S0956            0.39%    passed     73.32%
  67  S0959            0.20%    passed     61.21%
  68  S0960            0.00%    passed     71.01%
  69  S0964            0.00%    passed     67.86%
  70  S1052sl         59.76%    passed     99.47%
  71  S1083            0.00%    passed     99.01%
  72  S1100            0.00%    passed     18.64%
  73  S1102            0.59%    passed     88.37%
  74  S1110           46.75%    passed     94.65%
  75  S1120           15.19%    passed     97.22%
  76  S1128            0.00%    passed     92.71%
  77  S1129sl          0.20%    passed     85.17%
  78  S1148            0.99%    passed     13.17%
  79  S1177            0.39%    passed     99.53%
  80  S1180            0.00%    passed     14.87%
  81  S1187sl         99.41%    passed     76.57%
  82  S1189            0.20%    passed     68.55%
  83  S1201sl          0.20%    passed     91.18%
  84  S1210            4.73%    passed     96.63%
  85  S1211            0.00%    passed     97.06%
  86  S1214sl          0.00%    passed     97.27%
  87  S1223            0.79%    passed     17.34%
  88  S1227            0.39%    passed     98.90%
  89  S1235sl          0.20%    passed     98.17%
  90  S1238sl          0.39%    passed     93.29%
  91  S1239            1.38%    passed     98.83%
  92  S1245            0.00%    passed     94.17%
  93  S1249            2.96%    passed     95.62%
  94  S1250sl         18.93%    passed     51.73%
  95  S1251            0.00%    passed     99.59%
  96  S1260            3.94%    passed     97.11%
  97  S1266sl          4.73%    passed     93.50%
  98  S1269            2.96%    passed     89.38%
  99  S1278            0.00%    passed     99.98%
 100  S1315            2.17%    passed     91.34%
 101  S1332            0.00%    passed     99.88%
 102  S1366            4.14%    passed     98.29%
 103  S1369            0.00%    passed     98.95%
 104  S1370            0.99%    passed     99.73%
 105  S1375            0.00%    passed     97.58%
 106  S1376            0.00%    passed     93.01%
 107  S1381            0.00%    passed     98.70%
 108  S1405            0.39%    passed     96.96%
 109  S1422            0.00%    passed     99.53%
 110  S1449            0.39%    passed     96.22%
 111  S1451            0.99%    passed     98.65%
 112  S1460            1.38%    passed     98.71%
 113  S1462            0.00%    passed     95.23%
 114  S1475           15.58%    passed     99.78%
 115  S1498            0.00%    passed     98.95%
 116  S1539            0.20%    passed     82.68%
 117  S_670            0.00%    passed     98.54%
 118  SRR11470320      0.00%    passed     98.04%
 119  SRR8528357       0.00%    passed     99.99%
WARNING: 3 sequences contain more than 50% gaps/ambiguity
****  TOTAL            5.17%  1 sequences failed composition chi2 test (p-value<5%; df=3)
Checking for duplicate sequences: done in 0.0115659 secs using 1427% CPU

Create initial parsimony tree by phylogenetic likelihood library (PLL)... 0.046 seconds

NOTE: 6 MB RAM (0 GB) is required!
Measuring multi-threading efficiency up to 56 CPU cores
Increase to 10 rounds for branch lengths
268 trees examined
Threads: 1 / Time: 56.052 sec / Speedup: 1.000 / Efficiency: 100% / LogL: -12262
Threads: 2 / Time: 56.491 sec / Speedup: 0.992 / Efficiency: 50% / LogL: -12262
Determining AUTO threadcount: done in 112.544 secs using 110.8% CPU
BEST NUMBER OF THREADS: 1

Estimate model parameters (epsilon = 0.100)
1. Initial log-likelihood: -7673.462
2. Current log-likelihood: -7338.664
3. Current log-likelihood: -7318.554
4. Current log-likelihood: -7312.146
5. Current log-likelihood: -7310.055
6. Current log-likelihood: -7308.912
7. Current log-likelihood: -7308.164
8. Current log-likelihood: -7307.593
9. Current log-likelihood: -7307.097
10. Current log-likelihood: -7306.672
11. Current log-likelihood: -7306.206
12. Current log-likelihood: -7305.759
13. Current log-likelihood: -7305.345
14. Current log-likelihood: -7304.950
15. Current log-likelihood: -7304.553
16. Current log-likelihood: -7304.138
17. Current log-likelihood: -7303.693
18. Current log-likelihood: -7303.208
19. Current log-likelihood: -7302.671
20. Current log-likelihood: -7302.057
21. Current log-likelihood: -7301.331
22. Current log-likelihood: -7300.436
23. Current log-likelihood: -7299.362
24. Current log-likelihood: -7298.277
25. Current log-likelihood: -7297.383
26. Current log-likelihood: -7296.680
27. Current log-likelihood: -7296.110
28. Current log-likelihood: -7295.648
29. Current log-likelihood: -7295.284
30. Current log-likelihood: -7294.992
31. Current log-likelihood: -7294.754
32. Current log-likelihood: -7294.567
33. Current log-likelihood: -7294.409
34. Current log-likelihood: -7294.290
Optimal log-likelihood: -7294.177
Rate parameters:  A-C: 1.49987  A-G: 3.01451  A-T: 1.67227  C-G: 1.18160  C-T: 6.30053  G-T: 1.00000
Base frequencies:  A: 0.284  C: 0.186  G: 0.283  T: 0.247
Site proportion and rates:  (0.599,0.113) (0.279,1.389) (0.108,3.632) (0.015,10.514)
Parameters optimization took 34 rounds (11.478 sec)
Wrote distance file to... 
Computing ML distances based on estimated model parameters...
Calculating distance matrix: done in 0.139085 secs using 100% CPU
Computing ML distances took 0.139636 sec (of wall-clock time) 0.139638 sec (of CPU time)
WARNING: Some pairwise ML distances are too long (saturated)
Setting up auxiliary I and S matrices: done in 0.000967026 secs using 100% CPU
Constructing RapidNJ tree: done in 0.00191402 secs using 100% CPU
Computing RapidNJ tree took 0.003002 sec (of wall-clock time) 0.003000 sec (of CPU time)
Log-likelihood of RapidNJ tree: -7489.831
--------------------------------------------------------------------
|             INITIALIZING CANDIDATE TREE SET                      |
--------------------------------------------------------------------
Generating 98 parsimony trees... 3.093 second
Computing log-likelihood of 98 initial trees ... 4.146 seconds
Current best score: -7274.085

Do NNI search on 20 best initial trees
Optimizing NNI: done in 0.658495 secs using 67.18% CPU
Estimate model parameters (epsilon = 0.100)
BETTER TREE FOUND at iteration 1: -7258.939
Optimizing NNI: done in 0.555175 secs using 81.95% CPU
Optimizing NNI: done in 0.584664 secs using 69.88% CPU
Optimizing NNI: done in 0.56035 secs using 75.91% CPU
Optimizing NNI: done in 0.769053 secs using 61.21% CPU
Optimizing NNI: done in 0.518504 secs using 76.85% CPU
Optimizing NNI: done in 0.455025 secs using 98.48% CPU
Optimizing NNI: done in 0.392598 secs using 99.82% CPU
Optimizing NNI: done in 0.476871 secs using 89.65% CPU
Optimizing NNI: done in 0.417677 secs using 100% CPU
Iteration 10 / LogL: -7262.099 / Time: 0h:2m:18s
Optimizing NNI: done in 0.458129 secs using 81.25% CPU
Optimizing NNI: done in 0.922445 secs using 49.19% CPU
Optimizing NNI: done in 0.374528 secs using 100% CPU
Optimizing NNI: done in 0.461808 secs using 100% CPU
Optimizing NNI: done in 0.430971 secs using 99.99% CPU
Optimizing NNI: done in 0.465411 secs using 92.06% CPU
Optimizing NNI: done in 0.556428 secs using 77.12% CPU
Optimizing NNI: done in 0.647674 secs using 62.45% CPU
Optimizing NNI: done in 0.570628 secs using 71.09% CPU
Optimizing NNI: done in 0.709043 secs using 76.57% CPU
Iteration 20 / LogL: -7273.379 / Time: 0h:2m:23s
Finish initializing candidate tree set (20)
Current best tree score: -7258.939 / CPU time: 19.118
Number of iterations: 20
--------------------------------------------------------------------
|               OPTIMIZING CANDIDATE TREE SET                      |
--------------------------------------------------------------------
Optimizing NNI: done in 0.848614 secs using 53.2% CPU
Optimizing NNI: done in 1.10307 secs using 58.98% CPU
Estimate model parameters (epsilon = 0.100)
BETTER TREE FOUND at iteration 22: -7258.550
Optimizing NNI: done in 0.696355 secs using 76.76% CPU
Estimate model parameters (epsilon = 0.100)
BETTER TREE FOUND at iteration 23: -7257.430
Optimizing NNI: done in 0.849756 secs using 66.27% CPU
Optimizing NNI: done in 0.664039 secs using 72.36% CPU
Optimizing NNI: done in 0.79619 secs using 72.96% CPU
Optimizing NNI: done in 0.776149 secs using 53.96% CPU
Optimizing NNI: done in 0.904739 secs using 65.97% CPU
Optimizing NNI: done in 0.889106 secs using 46.62% CPU
Optimizing NNI: done in 0.822854 secs using 59.97% CPU
Iteration 30 / LogL: -7259.043 / Time: 0h:2m:33s (0h:8m:12s left)
Optimizing NNI: done in 0.628377 secs using 75.08% CPU
Optimizing NNI: done in 0.580111 secs using 70.3% CPU
Optimizing NNI: done in 1.0314 secs using 58.17% CPU
Optimizing NNI: done in 0.828894 secs using 67.28% CPU
Optimizing NNI: done in 0.748622 secs using 66.85% CPU
Optimizing NNI: done in 0.766884 secs using 80.78% CPU
Optimizing NNI: done in 0.832741 secs using 64.82% CPU
Optimizing NNI: done in 0.650234 secs using 64.01% CPU
Optimizing NNI: done in 1.0189 secs using 62.51% CPU
Optimizing NNI: done in 0.800958 secs using 64.36% CPU
Iteration 40 / LogL: -7300.748 / Time: 0h:2m:41s (0h:5m:43s left)
Optimizing NNI: done in 0.675502 secs using 66.02% CPU
Optimizing NNI: done in 0.621351 secs using 66.52% CPU
Optimizing NNI: done in 0.813591 secs using 63.13% CPU
Optimizing NNI: done in 0.793712 secs using 65.69% CPU
Optimizing NNI: done in 0.919831 secs using 68.73% CPU
Optimizing NNI: done in 0.636885 secs using 98% CPU
Optimizing NNI: done in 0.623199 secs using 75.62% CPU
Optimizing NNI: done in 1.12743 secs using 50.33% CPU
Optimizing NNI: done in 0.620685 secs using 64.56% CPU
Optimizing NNI: done in 1.04936 secs using 47.91% CPU
Iteration 50 / LogL: -7257.728 / Time: 0h:2m:49s (0h:4m:12s left)
Optimizing NNI: done in 0.478461 secs using 86.83% CPU
Optimizing NNI: done in 0.551871 secs using 97.36% CPU
Optimizing NNI: done in 0.436967 secs using 99.95% CPU
BETTER TREE FOUND at iteration 53: -7257.429
Optimizing NNI: done in 0.535466 secs using 93.04% CPU
Optimizing NNI: done in 0.694029 secs using 80.61% CPU
Optimizing NNI: done in 0.763843 secs using 70.43% CPU
Optimizing NNI: done in 1.06335 secs using 56.78% CPU
Optimizing NNI: done in 0.525435 secs using 100% CPU
Optimizing NNI: done in 0.940644 secs using 84.07% CPU
Optimizing NNI: done in 0.868977 secs using 66.46% CPU
Iteration 60 / LogL: -7268.492 / Time: 0h:2m:56s (0h:4m:38s left)
Optimizing NNI: done in 0.72348 secs using 70.03% CPU
Optimizing NNI: done in 0.49453 secs using 76.35% CPU
Optimizing NNI: done in 0.565553 secs using 100% CPU
Optimizing NNI: done in 0.574252 secs using 97.21% CPU
Optimizing NNI: done in 0.68411 secs using 82.73% CPU
Optimizing NNI: done in 0.68864 secs using 79.15% CPU
BETTER TREE FOUND at iteration 66: -7257.422
Optimizing NNI: done in 0.473574 secs using 100% CPU
Optimizing NNI: done in 0.43602 secs using 100% CPU
Optimizing NNI: done in 0.546922 secs using 100% CPU
Optimizing NNI: done in 0.448573 secs using 100% CPU
Iteration 70 / LogL: -7258.516 / Time: 0h:3m:2s (0h:4m:13s left)
Optimizing NNI: done in 0.402346 secs using 99.99% CPU
Optimizing NNI: done in 0.544381 secs using 83.82% CPU
Optimizing NNI: done in 0.626848 secs using 73.81% CPU
Optimizing NNI: done in 0.615545 secs using 97.88% CPU
Optimizing NNI: done in 0.519948 secs using 99.74% CPU
Optimizing NNI: done in 0.577505 secs using 99.51% CPU
Optimizing NNI: done in 0.504019 secs using 99.9% CPU
Optimizing NNI: done in 0.466302 secs using 99.83% CPU
Optimizing NNI: done in 0.58883 secs using 99.98% CPU
Optimizing NNI: done in 0.711854 secs using 78.43% CPU
Iteration 80 / LogL: -7268.733 / Time: 0h:3m:8s (0h:3m:24s left)
Optimizing NNI: done in 0.603245 secs using 79.03% CPU
Optimizing NNI: done in 0.901312 secs using 65.57% CPU
Optimizing NNI: done in 0.691428 secs using 65.78% CPU
Optimizing NNI: done in 0.562464 secs using 76.53% CPU
Optimizing NNI: done in 0.956045 secs using 50.21% CPU
Optimizing NNI: done in 0.669395 secs using 58.78% CPU
Optimizing NNI: done in 0.564125 secs using 68.09% CPU
Optimizing NNI: done in 0.872308 secs using 56.92% CPU
Optimizing NNI: done in 0.941457 secs using 52.83% CPU
Optimizing NNI: done in 1.11701 secs using 71.69% CPU
Iteration 90 / LogL: -7267.261 / Time: 0h:3m:16s (0h:2m:47s left)
Optimizing NNI: done in 0.836855 secs using 75.13% CPU
Optimizing NNI: done in 0.839822 secs using 69.5% CPU
Optimizing NNI: done in 0.841085 secs using 70.3% CPU
Optimizing NNI: done in 0.925717 secs using 69.75% CPU
Optimizing NNI: done in 0.518801 secs using 69.07% CPU
Optimizing NNI: done in 0.651266 secs using 74.68% CPU
Optimizing NNI: done in 0.773525 secs using 67.4% CPU
Optimizing NNI: done in 1.04195 secs using 54.31% CPU
Optimizing NNI: done in 0.657404 secs using 66.52% CPU
Optimizing NNI: done in 0.678775 secs using 63.42% CPU
Iteration 100 / LogL: -7259.401 / Time: 0h:3m:24s (0h:2m:15s left)
Optimizing NNI: done in 0.813853 secs using 64.6% CPU
Optimizing NNI: done in 0.69514 secs using 83.92% CPU
Optimizing NNI: done in 0.555155 secs using 70.57% CPU
Optimizing NNI: done in 0.851638 secs using 54.99% CPU
Optimizing NNI: done in 1.12679 secs using 50.3% CPU
Optimizing NNI: done in 0.909356 secs using 49.87% CPU
Optimizing NNI: done in 0.851824 secs using 58.78% CPU
Optimizing NNI: done in 0.838267 secs using 62.3% CPU
Optimizing NNI: done in 0.590907 secs using 68.18% CPU
Optimizing NNI: done in 0.937193 secs using 57.4% CPU
Iteration 110 / LogL: -7260.030 / Time: 0h:3m:32s (0h:1m:49s left)
Optimizing NNI: done in 1.07655 secs using 53.21% CPU
Optimizing NNI: done in 0.578949 secs using 71.64% CPU
Estimate model parameters (epsilon = 0.100)
BETTER TREE FOUND at iteration 112: -7257.290
Optimizing NNI: done in 0.54655 secs using 73.65% CPU
Optimizing NNI: done in 0.855488 secs using 62.58% CPU
Optimizing NNI: done in 1.13905 secs using 50.83% CPU
Optimizing NNI: done in 1.13763 secs using 46.27% CPU
Optimizing NNI: done in 1.14952 secs using 50.24% CPU
Optimizing NNI: done in 0.807929 secs using 57.92% CPU
Optimizing NNI: done in 0.754534 secs using 59.54% CPU
Optimizing NNI: done in 1.19949 secs using 40.55% CPU
Iteration 120 / LogL: -7258.631 / Time: 0h:3m:42s (0h:2m:51s left)
Optimizing NNI: done in 0.987005 secs using 44.23% CPU
Optimizing NNI: done in 0.849662 secs using 59.13% CPU
Optimizing NNI: done in 0.92331 secs using 68.25% CPU
Optimizing NNI: done in 0.591342 secs using 71.53% CPU
Optimizing NNI: done in 0.677679 secs using 64.4% CPU
Optimizing NNI: done in 0.766986 secs using 64.42% CPU
Optimizing NNI: done in 1.14282 secs using 60.51% CPU
Optimizing NNI: done in 0.965515 secs using 55.55% CPU
Optimizing NNI: done in 0.569072 secs using 80.1% CPU
Optimizing NNI: done in 0.627498 secs using 73.86% CPU
Iteration 130 / LogL: -7262.207 / Time: 0h:3m:50s (0h:2m:26s left)
Optimizing NNI: done in 0.818782 secs using 67.75% CPU
Optimizing NNI: done in 0.68213 secs using 64.46% CPU
Optimizing NNI: done in 0.667524 secs using 63.7% CPU
Optimizing NNI: done in 0.836371 secs using 65.75% CPU
Optimizing NNI: done in 0.760434 secs using 70.08% CPU
Optimizing NNI: done in 0.782086 secs using 73.96% CPU
Optimizing NNI: done in 0.804111 secs using 55.82% CPU
Optimizing NNI: done in 0.657056 secs using 75.4% CPU
Estimate model parameters (epsilon = 0.100)
BETTER TREE FOUND at iteration 138: -7257.142
Optimizing NNI: done in 0.753941 secs using 64.19% CPU
Optimizing NNI: done in 0.590741 secs using 81.11% CPU
Iteration 140 / LogL: -7257.929 / Time: 0h:3m:58s (0h:2m:47s left)
Optimizing NNI: done in 0.610676 secs using 73.25% CPU
Optimizing NNI: done in 0.67056 secs using 72% CPU
Optimizing NNI: done in 0.735197 secs using 65.86% CPU
Optimizing NNI: done in 0.991502 secs using 46.28% CPU
Optimizing NNI: done in 0.843726 secs using 61.79% CPU
Optimizing NNI: done in 0.685565 secs using 68.33% CPU
Optimizing NNI: done in 0.80929 secs using 59.38% CPU
Optimizing NNI: done in 0.955903 secs using 64.44% CPU
Optimizing NNI: done in 0.764162 secs using 64.88% CPU
Optimizing NNI: done in 0.560946 secs using 73.65% CPU
Iteration 150 / LogL: -7258.499 / Time: 0h:4m:6s (0h:2m:25s left)
Optimizing NNI: done in 0.867576 secs using 49.15% CPU
Optimizing NNI: done in 1.22479 secs using 47.2% CPU
Optimizing NNI: done in 0.976905 secs using 57.87% CPU
Optimizing NNI: done in 0.727431 secs using 67.56% CPU
Optimizing NNI: done in 0.912172 secs using 73.65% CPU
Optimizing NNI: done in 0.916144 secs using 65.29% CPU
Optimizing NNI: done in 0.614224 secs using 67.05% CPU
Estimate model parameters (epsilon = 0.100)
BETTER TREE FOUND at iteration 157: -7257.007
Optimizing NNI: done in 0.815388 secs using 65.23% CPU
Optimizing NNI: done in 0.816197 secs using 57.02% CPU
Optimizing NNI: done in 0.892208 secs using 55.22% CPU
Iteration 160 / LogL: -7261.340 / Time: 0h:4m:15s (0h:2m:35s left)
Optimizing NNI: done in 0.765468 secs using 66.66% CPU
Optimizing NNI: done in 0.563265 secs using 72.84% CPU
Optimizing NNI: done in 1.07328 secs using 58.01% CPU
Optimizing NNI: done in 0.340181 secs using 96.97% CPU
Optimizing NNI: done in 0.826925 secs using 61.08% CPU
Optimizing NNI: done in 0.732652 secs using 77.08% CPU
Optimizing NNI: done in 0.828886 secs using 65.21% CPU
Optimizing NNI: done in 0.712199 secs using 68.17% CPU
Optimizing NNI: done in 0.780293 secs using 71.24% CPU
Optimizing NNI: done in 1.20179 secs using 49.03% CPU
Iteration 170 / LogL: -7257.631 / Time: 0h:4m:23s (0h:2m:15s left)
Optimizing NNI: done in 0.772376 secs using 65.2% CPU
Optimizing NNI: done in 0.579722 secs using 90.03% CPU
Optimizing NNI: done in 0.623199 secs using 99.47% CPU
Optimizing NNI: done in 0.461174 secs using 99.87% CPU
Optimizing NNI: done in 0.445047 secs using 99.89% CPU
Optimizing NNI: done in 0.897041 secs using 58.26% CPU
Optimizing NNI: done in 0.720451 secs using 94.43% CPU
Optimizing NNI: done in 0.638584 secs using 61.78% CPU
Optimizing NNI: done in 0.795178 secs using 67.79% CPU
Optimizing NNI: done in 0.503891 secs using 87.3% CPU
Iteration 180 / LogL: -7259.742 / Time: 0h:4m:29s (0h:1m:56s left)
Optimizing NNI: done in 0.502786 secs using 100% CPU
Optimizing NNI: done in 0.444222 secs using 99.01% CPU
Optimizing NNI: done in 0.434654 secs using 99.95% CPU
UPDATE BEST LOG-LIKELIHOOD: -7256.998
Optimizing NNI: done in 0.570357 secs using 96.26% CPU
Optimizing NNI: done in 0.584578 secs using 99.2% CPU
Optimizing NNI: done in 0.486564 secs using 99.81% CPU
Optimizing NNI: done in 0.604605 secs using 89.4% CPU
Optimizing NNI: done in 0.686598 secs using 65.76% CPU
Optimizing NNI: done in 0.804587 secs using 66.21% CPU
Optimizing NNI: done in 0.893084 secs using 61.97% CPU
Iteration 190 / LogL: -7257.648 / Time: 0h:4m:36s (0h:1m:37s left)
Optimizing NNI: done in 0.896034 secs using 56.21% CPU
Optimizing NNI: done in 0.68931 secs using 69.19% CPU
Optimizing NNI: done in 0.919509 secs using 75.18% CPU
Optimizing NNI: done in 0.743466 secs using 69.84% CPU
Optimizing NNI: done in 0.481074 secs using 83.31% CPU
Optimizing NNI: done in 0.67123 secs using 64.65% CPU
Optimizing NNI: done in 0.801392 secs using 69.49% CPU
Optimizing NNI: done in 0.654702 secs using 74.44% CPU
Estimate model parameters (epsilon = 0.100)
BETTER TREE FOUND at iteration 198: -7256.875
Optimizing NNI: done in 0.816904 secs using 67.89% CPU
Optimizing NNI: done in 0.760047 secs using 56.73% CPU
Iteration 200 / LogL: -7257.002 / Time: 0h:4m:44s (0h:2m:19s left)
Optimizing NNI: done in 0.752603 secs using 77.15% CPU
BETTER TREE FOUND at iteration 201: -7256.874
Optimizing NNI: done in 0.679319 secs using 62.83% CPU
Optimizing NNI: done in 0.487467 secs using 76.82% CPU
Optimizing NNI: done in 0.568448 secs using 79.67% CPU
Optimizing NNI: done in 0.784299 secs using 67.37% CPU
Optimizing NNI: done in 0.64549 secs using 80.23% CPU
Optimizing NNI: done in 1.11249 secs using 52.55% CPU
Optimizing NNI: done in 0.7038 secs using 59.22% CPU
Optimizing NNI: done in 0.756874 secs using 59.93% CPU
Optimizing NNI: done in 0.785837 secs using 69.69% CPU
Iteration 210 / LogL: -7257.601 / Time: 0h:4m:51s (0h:2m:6s left)
Optimizing NNI: done in 0.720938 secs using 65.61% CPU
Optimizing NNI: done in 0.682153 secs using 52.84% CPU
Optimizing NNI: done in 0.754694 secs using 61.44% CPU
Optimizing NNI: done in 0.808654 secs using 63.27% CPU
Optimizing NNI: done in 0.380476 secs using 99.88% CPU
Optimizing NNI: done in 0.45725 secs using 99.72% CPU
Optimizing NNI: done in 0.503494 secs using 99.58% CPU
Optimizing NNI: done in 0.514566 secs using 99.22% CPU
Optimizing NNI: done in 0.516033 secs using 99.87% CPU
Optimizing NNI: done in 0.489669 secs using 99.31% CPU
Iteration 220 / LogL: -7286.755 / Time: 0h:4m:57s (0h:1m:49s left)
Optimizing NNI: done in 0.544192 secs using 99.85% CPU
Optimizing NNI: done in 0.431273 secs using 99.43% CPU
Optimizing NNI: done in 0.787977 secs using 55.97% CPU
Optimizing NNI: done in 0.647703 secs using 62.24% CPU
Optimizing NNI: done in 0.539364 secs using 71.78% CPU
Optimizing NNI: done in 0.692942 secs using 66.16% CPU
Optimizing NNI: done in 0.660575 secs using 75.78% CPU
Optimizing NNI: done in 0.830515 secs using 63.61% CPU
Optimizing NNI: done in 0.844513 secs using 71.87% CPU
Optimizing NNI: done in 0.627727 secs using 74.64% CPU
Iteration 230 / LogL: -7261.769 / Time: 0h:5m:4s (0h:1m:34s left)
Optimizing NNI: done in 0.757742 secs using 78.81% CPU
Optimizing NNI: done in 0.799237 secs using 66.96% CPU
Optimizing NNI: done in 0.705567 secs using 73.06% CPU
Optimizing NNI: done in 0.507711 secs using 99.99% CPU
Optimizing NNI: done in 0.606609 secs using 99.98% CPU
Optimizing NNI: done in 1.01968 secs using 70.57% CPU
Optimizing NNI: done in 0.585659 secs using 66.85% CPU
Optimizing NNI: done in 0.606096 secs using 86.6% CPU
Optimizing NNI: done in 0.507465 secs using 97.85% CPU
Optimizing NNI: done in 0.469648 secs using 99.98% CPU
Iteration 240 / LogL: -7257.322 / Time: 0h:5m:10s (0h:1m:19s left)
Optimizing NNI: done in 0.68023 secs using 67.6% CPU
Optimizing NNI: done in 0.448841 secs using 82.84% CPU
Optimizing NNI: done in 0.388082 secs using 99.89% CPU
Optimizing NNI: done in 0.462797 secs using 85.53% CPU
Optimizing NNI: done in 0.889265 secs using 54.12% CPU
Optimizing NNI: done in 0.442763 secs using 99.98% CPU
Optimizing NNI: done in 0.593464 secs using 94.59% CPU
Optimizing NNI: done in 0.618404 secs using 86.18% CPU
Optimizing NNI: done in 0.493789 secs using 77.46% CPU
Optimizing NNI: done in 0.883206 secs using 53.89% CPU
Iteration 250 / LogL: -7263.452 / Time: 0h:5m:16s (0h:1m:4s left)
Optimizing NNI: done in 0.687798 secs using 66.53% CPU
Optimizing NNI: done in 0.734377 secs using 73.82% CPU
Optimizing NNI: done in 0.847414 secs using 56.32% CPU
Optimizing NNI: done in 0.876465 secs using 46.15% CPU
Optimizing NNI: done in 0.792252 secs using 61.55% CPU
Optimizing NNI: done in 0.873129 secs using 64.16% CPU
Optimizing NNI: done in 0.605365 secs using 72.44% CPU
Optimizing NNI: done in 0.606134 secs using 60.06% CPU
Optimizing NNI: done in 0.592273 secs using 81.29% CPU
Optimizing NNI: done in 0.566641 secs using 91.01% CPU
Iteration 260 / LogL: -7261.091 / Time: 0h:5m:24s (0h:0m:51s left)
Optimizing NNI: done in 0.684901 secs using 76.4% CPU
Optimizing NNI: done in 0.71319 secs using 67.55% CPU
Optimizing NNI: done in 0.663761 secs using 70.33% CPU
Optimizing NNI: done in 0.58678 secs using 77.38% CPU
Optimizing NNI: done in 0.635468 secs using 73.07% CPU
Optimizing NNI: done in 0.932665 secs using 64.13% CPU
Optimizing NNI: done in 0.637301 secs using 63.09% CPU
Optimizing NNI: done in 1.00286 secs using 62.8% CPU
Optimizing NNI: done in 0.337115 secs using 99.9% CPU
Optimizing NNI: done in 0.560579 secs using 87.03% CPU
Iteration 270 / LogL: -7259.700 / Time: 0h:5m:31s (0h:0m:38s left)
Optimizing NNI: done in 0.785218 secs using 57.8% CPU
Optimizing NNI: done in 0.603214 secs using 73.28% CPU
Optimizing NNI: done in 0.817528 secs using 61.01% CPU
Optimizing NNI: done in 0.560845 secs using 69.76% CPU
Optimizing NNI: done in 0.710506 secs using 63.19% CPU
Optimizing NNI: done in 0.570422 secs using 78.7% CPU
Optimizing NNI: done in 0.63919 secs using 67.47% CPU
Optimizing NNI: done in 0.695434 secs using 66.61% CPU
Optimizing NNI: done in 0.69913 secs using 63.4% CPU
Optimizing NNI: done in 0.604406 secs using 79.39% CPU
Iteration 280 / LogL: -7300.344 / Time: 0h:5m:37s (0h:0m:25s left)
Optimizing NNI: done in 0.595074 secs using 67.11% CPU
Optimizing NNI: done in 0.576843 secs using 79.47% CPU
Optimizing NNI: done in 0.635745 secs using 80.4% CPU
Optimizing NNI: done in 1.04563 secs using 51.16% CPU
Optimizing NNI: done in 0.922931 secs using 52.22% CPU
Optimizing NNI: done in 0.573162 secs using 68.38% CPU
Optimizing NNI: done in 1.10088 secs using 55.32% CPU
Optimizing NNI: done in 0.679561 secs using 72.73% CPU
Optimizing NNI: done in 0.490392 secs using 74.65% CPU
Optimizing NNI: done in 1.05529 secs using 51.53% CPU
Iteration 290 / LogL: -7269.539 / Time: 0h:5m:45s (0h:0m:13s left)
Optimizing NNI: done in 0.542811 secs using 100% CPU
Optimizing NNI: done in 0.383536 secs using 95.13% CPU
BETTER TREE FOUND at iteration 292: -7256.872
Optimizing NNI: done in 0.679012 secs using 69.45% CPU
Optimizing NNI: done in 1.04196 secs using 44.92% CPU
Optimizing NNI: done in 0.726672 secs using 83.84% CPU
Optimizing NNI: done in 0.893978 secs using 63.36% CPU
Optimizing NNI: done in 0.701291 secs using 71.28% CPU
Optimizing NNI: done in 0.824506 secs using 79.62% CPU
Optimizing NNI: done in 0.546324 secs using 79.69% CPU
Optimizing NNI: done in 0.769166 secs using 72.85% CPU
Iteration 300 / LogL: -7263.049 / Time: 0h:5m:53s (0h:1m:48s left)
Optimizing NNI: done in 0.913502 secs using 62.41% CPU
Optimizing NNI: done in 0.676336 secs using 74.72% CPU
Optimizing NNI: done in 0.527837 secs using 75.45% CPU
Optimizing NNI: done in 0.667343 secs using 61.74% CPU
Optimizing NNI: done in 0.816518 secs using 66.2% CPU
Optimizing NNI: done in 0.692218 secs using 62.82% CPU
Optimizing NNI: done in 0.793466 secs using 66.43% CPU
Optimizing NNI: done in 0.761322 secs using 68.18% CPU
Optimizing NNI: done in 0.59159 secs using 76.21% CPU
Optimizing NNI: done in 0.590941 secs using 78.6% CPU
Iteration 310 / LogL: -7256.920 / Time: 0h:6m:0s (0h:1m:35s left)
Optimizing NNI: done in 0.757795 secs using 70.76% CPU
Optimizing NNI: done in 0.786947 secs using 71.78% CPU
Optimizing NNI: done in 0.635759 secs using 72.82% CPU
Optimizing NNI: done in 0.656079 secs using 68.9% CPU
Optimizing NNI: done in 0.528557 secs using 80.45% CPU
Optimizing NNI: done in 0.673823 secs using 61.65% CPU
Optimizing NNI: done in 1.12205 secs using 48.05% CPU
Optimizing NNI: done in 0.80089 secs using 64.07% CPU
Optimizing NNI: done in 0.607971 secs using 83.62% CPU
Optimizing NNI: done in 0.819544 secs using 55.02% CPU
Iteration 320 / LogL: -7259.119 / Time: 0h:6m:7s (0h:1m:22s left)
Optimizing NNI: done in 0.919471 secs using 49.67% CPU
Optimizing NNI: done in 1.20556 secs using 49.1% CPU
Optimizing NNI: done in 1.1789 secs using 41.98% CPU
Optimizing NNI: done in 0.67638 secs using 66.88% CPU
Optimizing NNI: done in 0.639092 secs using 80.02% CPU
Optimizing NNI: done in 0.910251 secs using 46.9% CPU
Optimizing NNI: done in 0.853807 secs using 58.33% CPU
Optimizing NNI: done in 0.814193 secs using 57.67% CPU
Optimizing NNI: done in 0.79486 secs using 49.76% CPU
Optimizing NNI: done in 1.00551 secs using 50.04% CPU
Iteration 330 / LogL: -7266.690 / Time: 0h:6m:16s (0h:1m:10s left)
Optimizing NNI: done in 0.622187 secs using 79.42% CPU
Optimizing NNI: done in 0.605093 secs using 78.86% CPU
Optimizing NNI: done in 0.63552 secs using 79.08% CPU
Optimizing NNI: done in 0.66461 secs using 70.98% CPU
Optimizing NNI: done in 0.679534 secs using 67.64% CPU
Optimizing NNI: done in 0.695305 secs using 66.46% CPU
Optimizing NNI: done in 0.681821 secs using 47.42% CPU
Optimizing NNI: done in 0.614478 secs using 68.08% CPU
Optimizing NNI: done in 0.542852 secs using 77.91% CPU
Optimizing NNI: done in 0.603839 secs using 84.12% CPU
Iteration 340 / LogL: -7257.626 / Time: 0h:6m:23s (0h:0m:58s left)
Optimizing NNI: done in 0.646035 secs using 90.26% CPU
Optimizing NNI: done in 0.505203 secs using 87.34% CPU
Optimizing NNI: done in 0.444103 secs using 92.24% CPU
Estimate model parameters (epsilon = 0.100)
BETTER TREE FOUND at iteration 343: -7256.412
Optimizing NNI: done in 0.596911 secs using 95.52% CPU
Optimizing NNI: done in 0.612444 secs using 77.04% CPU
Optimizing NNI: done in 1.0432 secs using 49.6% CPU
Optimizing NNI: done in 0.929206 secs using 49.67% CPU
Optimizing NNI: done in 1.22767 secs using 45.18% CPU
Optimizing NNI: done in 0.398427 secs using 80.73% CPU
Optimizing NNI: done in 1.10905 secs using 53.39% CPU
Iteration 350 / LogL: -7261.102 / Time: 0h:6m:31s (0h:1m:44s left)
Optimizing NNI: done in 0.779394 secs using 64.58% CPU
Optimizing NNI: done in 0.868495 secs using 56.02% CPU
Optimizing NNI: done in 0.68152 secs using 65.7% CPU
Optimizing NNI: done in 0.847425 secs using 66.97% CPU
Optimizing NNI: done in 1.13301 secs using 49.05% CPU
Optimizing NNI: done in 1.21584 secs using 43.68% CPU
Optimizing NNI: done in 0.486821 secs using 80.23% CPU
Optimizing NNI: done in 0.724179 secs using 73.62% CPU
Optimizing NNI: done in 1.022 secs using 57.26% CPU
Optimizing NNI: done in 0.644076 secs using 72.31% CPU
Iteration 360 / LogL: -7259.587 / Time: 0h:6m:39s (0h:1m:32s left)
Optimizing NNI: done in 1.20446 secs using 50.64% CPU
Optimizing NNI: done in 0.720586 secs using 62.72% CPU
Optimizing NNI: done in 0.764344 secs using 66.36% CPU
Optimizing NNI: done in 0.900575 secs using 54.12% CPU
Optimizing NNI: done in 0.466499 secs using 99.9% CPU
Estimate model parameters (epsilon = 0.100)
BETTER TREE FOUND at iteration 365: -7256.096
Optimizing NNI: done in 0.5276 secs using 99.91% CPU
Optimizing NNI: done in 0.55335 secs using 99.9% CPU
Optimizing NNI: done in 0.72859 secs using 70.6% CPU
Optimizing NNI: done in 0.538448 secs using 90.48% CPU
Optimizing NNI: done in 0.463794 secs using 71.67% CPU
Iteration 370 / LogL: -7355.702 / Time: 0h:6m:47s (0h:1m:44s left)
Optimizing NNI: done in 0.550552 secs using 77.75% CPU
Optimizing NNI: done in 0.834139 secs using 62.58% CPU
Optimizing NNI: done in 0.622203 secs using 64.97% CPU
Optimizing NNI: done in 0.616558 secs using 60.34% CPU
Optimizing NNI: done in 0.70553 secs using 61.02% CPU
Optimizing NNI: done in 0.695355 secs using 68.78% CPU
Optimizing NNI: done in 0.622747 secs using 77.11% CPU
Optimizing NNI: done in 0.638305 secs using 77.94% CPU
Optimizing NNI: done in 0.435989 secs using 95.4% CPU
Optimizing NNI: done in 0.506422 secs using 99.99% CPU
Iteration 380 / LogL: -7256.559 / Time: 0h:6m:53s (0h:1m:32s left)
Optimizing NNI: done in 0.466508 secs using 99.94% CPU
Optimizing NNI: done in 0.619409 secs using 73.33% CPU
Optimizing NNI: done in 0.400128 secs using 99.84% CPU
Optimizing NNI: done in 0.863929 secs using 65.93% CPU
Optimizing NNI: done in 0.935176 secs using 73.09% CPU
Optimizing NNI: done in 0.792898 secs using 58.84% CPU
Optimizing NNI: done in 0.650616 secs using 71.68% CPU
Optimizing NNI: done in 0.553269 secs using 88.83% CPU
Optimizing NNI: done in 0.532581 secs using 99.87% CPU
Optimizing NNI: done in 0.668552 secs using 71.59% CPU
Iteration 390 / LogL: -7256.229 / Time: 0h:7m:0s (0h:1m:20s left)
Optimizing NNI: done in 0.715153 secs using 72.88% CPU
Optimizing NNI: done in 0.714584 secs using 81.1% CPU
Optimizing NNI: done in 0.558998 secs using 99.88% CPU
Optimizing NNI: done in 0.730999 secs using 83.13% CPU
Optimizing NNI: done in 0.725011 secs using 70.87% CPU
Optimizing NNI: done in 0.623133 secs using 66.98% CPU
Optimizing NNI: done in 0.745852 secs using 71.53% CPU
Optimizing NNI: done in 0.455419 secs using 99.98% CPU
Optimizing NNI: done in 0.377127 secs using 99.99% CPU
Estimate model parameters (epsilon = 0.100)
BETTER TREE FOUND at iteration 399: -7256.006
Optimizing NNI: done in 0.477433 secs using 99.68% CPU
Iteration 400 / LogL: -7256.010 / Time: 0h:7m:6s (0h:1m:45s left)
Optimizing NNI: done in 0.427588 secs using 99.9% CPU
Optimizing NNI: done in 0.465689 secs using 99.98% CPU
Optimizing NNI: done in 0.690228 secs using 77.45% CPU
Optimizing NNI: done in 0.902439 secs using 60.66% CPU
Optimizing NNI: done in 0.608392 secs using 69.62% CPU
Optimizing NNI: done in 0.625577 secs using 73.91% CPU
Optimizing NNI: done in 0.796365 secs using 59.06% CPU
Optimizing NNI: done in 0.466393 secs using 99.89% CPU
Optimizing NNI: done in 0.55627 secs using 90.74% CPU
Optimizing NNI: done in 0.887597 secs using 61.93% CPU
Iteration 410 / LogL: -7276.552 / Time: 0h:7m:13s (0h:1m:34s left)
Optimizing NNI: done in 0.726894 secs using 69.14% CPU
Optimizing NNI: done in 0.679075 secs using 68.62% CPU
Optimizing NNI: done in 0.84308 secs using 66.41% CPU
Optimizing NNI: done in 0.78591 secs using 64.69% CPU
Optimizing NNI: done in 0.808321 secs using 61.98% CPU
Optimizing NNI: done in 0.827006 secs using 70.13% CPU
Optimizing NNI: done in 0.790612 secs using 68.96% CPU
Optimizing NNI: done in 0.699017 secs using 72.67% CPU
Optimizing NNI: done in 0.724593 secs using 67.79% CPU
Optimizing NNI: done in 0.785388 secs using 75.1% CPU
Iteration 420 / LogL: -7286.767 / Time: 0h:7m:20s (0h:1m:23s left)
Optimizing NNI: done in 0.682316 secs using 75.06% CPU
Optimizing NNI: done in 1.00081 secs using 49.19% CPU
Optimizing NNI: done in 0.710588 secs using 66.56% CPU
Optimizing NNI: done in 0.75059 secs using 74.93% CPU
Optimizing NNI: done in 0.41378 secs using 99.34% CPU
Optimizing NNI: done in 0.426963 secs using 99.87% CPU
Optimizing NNI: done in 0.493056 secs using 99.73% CPU
Optimizing NNI: done in 0.80102 secs using 66.54% CPU
Optimizing NNI: done in 0.881622 secs using 62.98% CPU
Optimizing NNI: done in 0.888273 secs using 51.88% CPU
Iteration 430 / LogL: -7256.774 / Time: 0h:7m:28s (0h:1m:12s left)
Optimizing NNI: done in 1.02649 secs using 55.48% CPU
Optimizing NNI: done in 0.843936 secs using 65.19% CPU
Optimizing NNI: done in 0.863405 secs using 49.35% CPU
Optimizing NNI: done in 0.987278 secs using 50.34% CPU
Optimizing NNI: done in 0.917974 secs using 58.24% CPU
Optimizing NNI: done in 0.948579 secs using 58.22% CPU
Optimizing NNI: done in 0.714894 secs using 69.76% CPU
Optimizing NNI: done in 0.857769 secs using 78.54% CPU
Optimizing NNI: done in 1.03396 secs using 53.19% CPU
Optimizing NNI: done in 0.545281 secs using 82.39% CPU
Iteration 440 / LogL: -7257.571 / Time: 0h:7m:36s (0h:1m:1s left)
Optimizing NNI: done in 0.498352 secs using 83.95% CPU
Optimizing NNI: done in 0.646851 secs using 82.39% CPU
Optimizing NNI: done in 0.704559 secs using 77.84% CPU
Optimizing NNI: done in 0.79248 secs using 67.68% CPU
Optimizing NNI: done in 0.77477 secs using 71.07% CPU
Optimizing NNI: done in 1.26139 secs using 49.47% CPU
Optimizing NNI: done in 0.674515 secs using 65.01% CPU
Optimizing NNI: done in 0.771675 secs using 65.78% CPU
Optimizing NNI: done in 0.938367 secs using 50.55% CPU
Optimizing NNI: done in 0.989721 secs using 55.74% CPU
Iteration 450 / LogL: -7270.694 / Time: 0h:7m:45s (0h:0m:50s left)
Optimizing NNI: done in 1.19184 secs using 51.87% CPU
Optimizing NNI: done in 0.684773 secs using 92.99% CPU
Optimizing NNI: done in 0.520314 secs using 87.7% CPU
Optimizing NNI: done in 0.977699 secs using 49.72% CPU
Optimizing NNI: done in 1.25307 secs using 49.45% CPU
Optimizing NNI: done in 0.717184 secs using 63.08% CPU
Optimizing NNI: done in 0.622079 secs using 72.3% CPU
Optimizing NNI: done in 0.726182 secs using 69.66% CPU
Optimizing NNI: done in 0.66885 secs using 67.17% CPU
Optimizing NNI: done in 0.540693 secs using 83.76% CPU
Iteration 460 / LogL: -7256.006 / Time: 0h:7m:53s (0h:0m:40s left)
Optimizing NNI: done in 0.789944 secs using 65.82% CPU
Optimizing NNI: done in 0.977933 secs using 54.98% CPU
Optimizing NNI: done in 0.422338 secs using 100% CPU
Optimizing NNI: done in 0.800534 secs using 63.43% CPU
Optimizing NNI: done in 0.52707 secs using 61.67% CPU
Optimizing NNI: done in 0.705285 secs using 68.22% CPU
Optimizing NNI: done in 0.97766 secs using 59.52% CPU
Optimizing NNI: done in 0.565031 secs using 75.22% CPU
Optimizing NNI: done in 0.542607 secs using 79.33% CPU
Optimizing NNI: done in 0.637041 secs using 69.43% CPU
Iteration 470 / LogL: -7270.368 / Time: 0h:8m:0s (0h:0m:29s left)
Optimizing NNI: done in 0.567316 secs using 73.2% CPU
Optimizing NNI: done in 0.543833 secs using 87.53% CPU
Optimizing NNI: done in 0.527661 secs using 99.98% CPU
Optimizing NNI: done in 0.440337 secs using 99.98% CPU
Optimizing NNI: done in 0.552604 secs using 99.98% CPU
Optimizing NNI: done in 0.448284 secs using 99.98% CPU
Optimizing NNI: done in 0.628587 secs using 99.97% CPU
Optimizing NNI: done in 0.636958 secs using 90.58% CPU
Optimizing NNI: done in 0.570005 secs using 67% CPU
Optimizing NNI: done in 0.633557 secs using 81.69% CPU
Iteration 480 / LogL: -7270.281 / Time: 0h:8m:6s (0h:0m:19s left)
Optimizing NNI: done in 0.525483 secs using 84.65% CPU
Optimizing NNI: done in 0.757534 secs using 71.47% CPU
Optimizing NNI: done in 0.684282 secs using 65.48% CPU
Optimizing NNI: done in 1.07803 secs using 57.32% CPU
Optimizing NNI: done in 0.840779 secs using 60.5% CPU
Optimizing NNI: done in 0.667692 secs using 80.32% CPU
Estimate model parameters (epsilon = 0.100)
BETTER TREE FOUND at iteration 486: -7255.899
Optimizing NNI: done in 0.894122 secs using 54.36% CPU
Optimizing NNI: done in 0.69696 secs using 75.88% CPU
Optimizing NNI: done in 0.603475 secs using 56.91% CPU
Optimizing NNI: done in 0.930244 secs using 54.84% CPU
Iteration 490 / LogL: -7256.014 / Time: 0h:8m:14s (0h:1m:36s left)
Optimizing NNI: done in 1.21156 secs using 50.47% CPU
Optimizing NNI: done in 0.757521 secs using 73.05% CPU
Optimizing NNI: done in 0.740277 secs using 64.44% CPU
Optimizing NNI: done in 0.707237 secs using 76.63% CPU
Optimizing NNI: done in 0.56669 secs using 80.23% CPU
Optimizing NNI: done in 0.745597 secs using 74.24% CPU
Optimizing NNI: done in 0.770185 secs using 66.23% CPU
Optimizing NNI: done in 0.617571 secs using 74.07% CPU
Optimizing NNI: done in 0.817956 secs using 70.04% CPU
Optimizing NNI: done in 0.570534 secs using 70.14% CPU
Iteration 500 / LogL: -7258.831 / Time: 0h:8m:21s (0h:1m:26s left)
Optimizing NNI: done in 0.819554 secs using 73.13% CPU
Optimizing NNI: done in 0.822833 secs using 68.26% CPU
Optimizing NNI: done in 0.53763 secs using 99.99% CPU
Optimizing NNI: done in 0.646548 secs using 85.67% CPU
Optimizing NNI: done in 0.788071 secs using 74.59% CPU
Optimizing NNI: done in 0.43141 secs using 100% CPU
Optimizing NNI: done in 0.410048 secs using 99.99% CPU
Optimizing NNI: done in 0.445038 secs using 99.98% CPU
Optimizing NNI: done in 0.392652 secs using 99.98% CPU
Optimizing NNI: done in 0.427996 secs using 99.99% CPU
Iteration 510 / LogL: -7260.251 / Time: 0h:8m:27s (0h:1m:15s left)
Optimizing NNI: done in 0.618116 secs using 91.58% CPU
Optimizing NNI: done in 0.635154 secs using 71.27% CPU
Optimizing NNI: done in 0.580433 secs using 88.98% CPU
Optimizing NNI: done in 0.642257 secs using 75.39% CPU
Optimizing NNI: done in 0.769961 secs using 69.16% CPU
Optimizing NNI: done in 0.668877 secs using 62.78% CPU
Optimizing NNI: done in 0.888856 secs using 54.42% CPU
Optimizing NNI: done in 0.597702 secs using 75.91% CPU
Optimizing NNI: done in 0.708435 secs using 71.3% CPU
Optimizing NNI: done in 0.593392 secs using 75.68% CPU
Iteration 520 / LogL: -7257.293 / Time: 0h:8m:34s (0h:1m:5s left)
Optimizing NNI: done in 0.622224 secs using 71.67% CPU
Optimizing NNI: done in 1.0284 secs using 51.34% CPU
Optimizing NNI: done in 0.874818 secs using 59.9% CPU
Optimizing NNI: done in 0.45144 secs using 99.99% CPU
Optimizing NNI: done in 0.40191 secs using 99.9% CPU
Optimizing NNI: done in 0.43574 secs using 99.98% CPU
Optimizing NNI: done in 0.702725 secs using 83.4% CPU
Optimizing NNI: done in 0.651748 secs using 77.84% CPU
Optimizing NNI: done in 0.670896 secs using 76.69% CPU
Optimizing NNI: done in 0.662549 secs using 75.84% CPU
Iteration 530 / LogL: -7256.144 / Time: 0h:8m:41s (0h:0m:55s left)
Optimizing NNI: done in 0.8409 secs using 77.08% CPU
Optimizing NNI: done in 0.473794 secs using 90.69% CPU
Optimizing NNI: done in 0.525646 secs using 99.91% CPU
Optimizing NNI: done in 0.595219 secs using 72.5% CPU
Optimizing NNI: done in 0.751006 secs using 64.48% CPU
Optimizing NNI: done in 0.974341 secs using 60.09% CPU
Optimizing NNI: done in 0.709257 secs using 73.44% CPU
Optimizing NNI: done in 0.572201 secs using 82.7% CPU
Optimizing NNI: done in 0.569516 secs using 77.32% CPU
Optimizing NNI: done in 0.555986 secs using 70.06% CPU
BETTER TREE FOUND at iteration 540: -7255.898
Iteration 540 / LogL: -7255.898 / Time: 0h:8m:47s (0h:1m:37s left)
Optimizing NNI: done in 0.449235 secs using 83.86% CPU
Optimizing NNI: done in 0.776963 secs using 62.35% CPU
Optimizing NNI: done in 0.687907 secs using 67.64% CPU
Optimizing NNI: done in 0.776427 secs using 57.07% CPU
Optimizing NNI: done in 0.776473 secs using 62.12% CPU
Optimizing NNI: done in 0.807074 secs using 61.46% CPU
Optimizing NNI: done in 0.70714 secs using 71.09% CPU
Optimizing NNI: done in 0.717798 secs using 69.28% CPU
Optimizing NNI: done in 0.642859 secs using 71.05% CPU
Optimizing NNI: done in 0.775397 secs using 66.44% CPU
Iteration 550 / LogL: -7258.027 / Time: 0h:8m:54s (0h:1m:27s left)
Optimizing NNI: done in 0.800752 secs using 65.59% CPU
Optimizing NNI: done in 0.68577 secs using 62.75% CPU
Optimizing NNI: done in 0.83272 secs using 64.05% CPU
Optimizing NNI: done in 0.585467 secs using 79.93% CPU
Optimizing NNI: done in 0.901873 secs using 54.95% CPU
Optimizing NNI: done in 0.99147 secs using 54.95% CPU
Optimizing NNI: done in 0.70058 secs using 61.33% CPU
Optimizing NNI: done in 0.784239 secs using 59.18% CPU
Optimizing NNI: done in 0.462733 secs using 99.3% CPU
Optimizing NNI: done in 0.549923 secs using 81.25% CPU
Iteration 560 / LogL: -7274.786 / Time: 0h:9m:2s (0h:1m:17s left)
Optimizing NNI: done in 0.490174 secs using 99.19% CPU
Optimizing NNI: done in 0.683711 secs using 78.15% CPU
Optimizing NNI: done in 0.454496 secs using 99.5% CPU
Optimizing NNI: done in 0.437112 secs using 99.36% CPU
Optimizing NNI: done in 0.557731 secs using 86.99% CPU
Optimizing NNI: done in 0.816506 secs using 49.71% CPU
Optimizing NNI: done in 0.82925 secs using 59.51% CPU
Optimizing NNI: done in 0.584769 secs using 83.72% CPU
Optimizing NNI: done in 0.421512 secs using 95.85% CPU
BETTER TREE FOUND at iteration 569: -7255.897
Optimizing NNI: done in 0.410716 secs using 99.07% CPU
Iteration 570 / LogL: -7409.330 / Time: 0h:9m:8s (0h:1m:35s left)
Optimizing NNI: done in 0.607825 secs using 75.08% CPU
Optimizing NNI: done in 0.665564 secs using 60.35% CPU
Optimizing NNI: done in 0.70632 secs using 62.88% CPU
Optimizing NNI: done in 0.934796 secs using 44.69% CPU
Optimizing NNI: done in 0.830054 secs using 61.99% CPU
Optimizing NNI: done in 0.639182 secs using 66.17% CPU
Optimizing NNI: done in 0.999662 secs using 41.73% CPU
Optimizing NNI: done in 1.05938 secs using 65.26% CPU
Optimizing NNI: done in 0.827428 secs using 58.25% CPU
Optimizing NNI: done in 1.21185 secs using 59.38% CPU
Iteration 580 / LogL: -7263.438 / Time: 0h:9m:16s (0h:1m:25s left)
Optimizing NNI: done in 0.645632 secs using 78.79% CPU
Optimizing NNI: done in 0.603115 secs using 67.04% CPU
Optimizing NNI: done in 0.702142 secs using 72.01% CPU
Optimizing NNI: done in 0.860851 secs using 57.23% CPU
Optimizing NNI: done in 0.895536 secs using 62.14% CPU
Optimizing NNI: done in 0.841688 secs using 65.15% CPU
Optimizing NNI: done in 0.703345 secs using 74.56% CPU
Optimizing NNI: done in 0.883088 secs using 59.96% CPU
Optimizing NNI: done in 0.416342 secs using 99.98% CPU
Optimizing NNI: done in 0.576964 secs using 99.98% CPU
Iteration 590 / LogL: -7256.880 / Time: 0h:9m:24s (0h:1m:15s left)
Optimizing NNI: done in 0.619954 secs using 87.08% CPU
Optimizing NNI: done in 0.968565 secs using 62.41% CPU
Optimizing NNI: done in 0.44845 secs using 99.05% CPU
Optimizing NNI: done in 0.613072 secs using 99.98% CPU
Optimizing NNI: done in 0.444946 secs using 99.98% CPU
Optimizing NNI: done in 0.55653 secs using 99.98% CPU
Optimizing NNI: done in 0.408323 secs using 85.29% CPU
Optimizing NNI: done in 0.375929 secs using 99.98% CPU
Optimizing NNI: done in 0.698671 secs using 90.83% CPU
Optimizing NNI: done in 0.554727 secs using 97.1% CPU
Iteration 600 / LogL: -7278.156 / Time: 0h:9m:29s (0h:1m:5s left)
Optimizing NNI: done in 0.66988 secs using 98.19% CPU
Optimizing NNI: done in 0.5902 secs using 99.97% CPU
Optimizing NNI: done in 0.572367 secs using 95.79% CPU
Optimizing NNI: done in 0.723792 secs using 94.46% CPU
Optimizing NNI: done in 0.669576 secs using 91% CPU
Optimizing NNI: done in 0.481953 secs using 99.99% CPU
Optimizing NNI: done in 0.487772 secs using 95.56% CPU
Optimizing NNI: done in 0.683601 secs using 81.21% CPU
Optimizing NNI: done in 0.593987 secs using 85.07% CPU
UPDATE BEST LOG-LIKELIHOOD: -7255.894
Optimizing NNI: done in 0.615722 secs using 81.9% CPU
Iteration 610 / LogL: -7256.220 / Time: 0h:9m:36s (0h:0m:55s left)
Optimizing NNI: done in 0.61712 secs using 94.8% CPU
Optimizing NNI: done in 0.574776 secs using 99.87% CPU
Optimizing NNI: done in 0.586178 secs using 91.8% CPU
Optimizing NNI: done in 0.553865 secs using 99.94% CPU
Optimizing NNI: done in 0.504086 secs using 99.94% CPU
Optimizing NNI: done in 0.383943 secs using 99.93% CPU
Optimizing NNI: done in 0.550412 secs using 72.64% CPU
Optimizing NNI: done in 0.693147 secs using 78.23% CPU
Optimizing NNI: done in 0.487395 secs using 99.99% CPU
Optimizing NNI: done in 0.540382 secs using 99.98% CPU
Iteration 620 / LogL: -7257.044 / Time: 0h:9m:41s (0h:0m:46s left)
Optimizing NNI: done in 0.470329 secs using 99.98% CPU
Optimizing NNI: done in 0.629069 secs using 91.08% CPU
Optimizing NNI: done in 0.592104 secs using 99.98% CPU
Optimizing NNI: done in 0.487929 secs using 99.98% CPU
Optimizing NNI: done in 0.485809 secs using 99.98% CPU
Optimizing NNI: done in 0.559968 secs using 99.98% CPU
Optimizing NNI: done in 0.585102 secs using 94.52% CPU
Optimizing NNI: done in 0.582556 secs using 99.99% CPU
Optimizing NNI: done in 0.477598 secs using 99.98% CPU
Optimizing NNI: done in 0.571306 secs using 74.08% CPU
Iteration 630 / LogL: -7261.984 / Time: 0h:9m:47s (0h:0m:36s left)
Optimizing NNI: done in 0.535763 secs using 82.07% CPU
Optimizing NNI: done in 0.611135 secs using 85.16% CPU
Optimizing NNI: done in 0.670887 secs using 82.61% CPU
Optimizing NNI: done in 0.591173 secs using 99.89% CPU
Optimizing NNI: done in 0.551248 secs using 99.78% CPU
Optimizing NNI: done in 0.542799 secs using 99.94% CPU
Optimizing NNI: done in 0.512368 secs using 99.77% CPU
Optimizing NNI: done in 0.444475 secs using 99.95% CPU
Optimizing NNI: done in 0.514744 secs using 99.84% CPU
Optimizing NNI: done in 0.531664 secs using 99.86% CPU
Iteration 640 / LogL: -7261.091 / Time: 0h:9m:52s (0h:0m:26s left)
Optimizing NNI: done in 0.519928 secs using 99.86% CPU
Optimizing NNI: done in 0.399186 secs using 99.94% CPU
Optimizing NNI: done in 0.716407 secs using 91.24% CPU
Optimizing NNI: done in 0.535937 secs using 99.85% CPU
Optimizing NNI: done in 0.682683 secs using 99.87% CPU
Optimizing NNI: done in 0.571077 secs using 99.95% CPU
Optimizing NNI: done in 0.423562 secs using 99.83% CPU
Optimizing NNI: done in 0.490375 secs using 99.93% CPU
Optimizing NNI: done in 0.43766 secs using 99.82% CPU
Optimizing NNI: done in 0.53491 secs using 99.94% CPU
Iteration 650 / LogL: -7257.131 / Time: 0h:9m:58s (0h:0m:17s left)
Optimizing NNI: done in 0.52669 secs using 99.85% CPU
Optimizing NNI: done in 0.548037 secs using 97.19% CPU
Optimizing NNI: done in 0.51129 secs using 99.96% CPU
Optimizing NNI: done in 0.478445 secs using 99.03% CPU
Optimizing NNI: done in 0.549585 secs using 99.92% CPU
Optimizing NNI: done in 0.421674 secs using 98.77% CPU
Optimizing NNI: done in 0.56 secs using 99.88% CPU
Optimizing NNI: done in 0.588607 secs using 99.86% CPU
Optimizing NNI: done in 0.546361 secs using 99.82% CPU
Optimizing NNI: done in 0.501831 secs using 99.93% CPU
Iteration 660 / LogL: -7256.492 / Time: 0h:10m:3s (0h:0m:8s left)
Optimizing NNI: done in 0.544922 secs using 99.67% CPU
Optimizing NNI: done in 0.613138 secs using 90.39% CPU
Optimizing NNI: done in 0.485991 secs using 99.93% CPU
Optimizing NNI: done in 0.552011 secs using 97.56% CPU
Optimizing NNI: done in 0.430488 secs using 86.88% CPU
Optimizing NNI: done in 0.410596 secs using 99.81% CPU
Optimizing NNI: done in 0.537078 secs using 99.91% CPU
Optimizing NNI: done in 0.550452 secs using 86.08% CPU
Optimizing NNI: done in 0.749403 secs using 69.56% CPU
Optimizing NNI: done in 0.605819 secs using 78.86% CPU
Iteration 670 / LogL: -7258.916 / Time: 0h:10m:9s (0h:0m:-1s left)
TREE SEARCH COMPLETED AFTER 670 ITERATIONS / Time: 0h:10m:9s

--------------------------------------------------------------------
|                    FINALIZING TREE SEARCH                        |
--------------------------------------------------------------------
Performs final model parameters optimization
Estimate model parameters (epsilon = 0.010)
1. Initial log-likelihood: -7255.894
Optimal log-likelihood: -7255.890
Rate parameters:  A-C: 1.49072  A-G: 3.05702  A-T: 1.72834  C-G: 1.24978  C-T: 6.51355  G-T: 1.00000
Base frequencies:  A: 0.284  C: 0.186  G: 0.283  T: 0.247
Site proportion and rates:  (0.595,0.104) (0.297,1.420) (0.094,3.921) (0.014,10.555)
Parameters optimization took 1 rounds (0.195 sec)
BEST SCORE FOUND : -7255.890
Total tree length: 3.272

Total number of iterations: 670
CPU time used for tree search: 346.984 sec (0h:5m:46s)
Wall-clock time used for tree search: 484.614 sec (0h:8m:4s)
Total CPU time used: 483.833 sec (0h:8m:3s)
Total wall-clock time used: 609.444 sec (0h:10m:9s)

Analysis results written to: 
  IQ-TREE report:                6227_iqtree_preliminary_superstrict_excluding_hybrids.iqtree
  Maximum-likelihood tree:       6227_iqtree_preliminary_superstrict_excluding_hybrids.treefile
  Likelihood distances:          6227_iqtree_preliminary_superstrict_excluding_hybrids.mldist
  Screen log file:               6227_iqtree_preliminary_superstrict_excluding_hybrids.log

ALISIM COMMAND
--------------
--alisim simulated_MSA -t 6227_iqtree_preliminary_superstrict_excluding_hybrids.treefile -m "GTR{1.49072,3.05702,1.72834,1.24978,6.51355}+F{0.284221,0.185609,0.282856,0.247314}+R4{0.594691,0.104018,0.297071,1.41989,0.0943815,3.92116,0.0138563,10.5547}" --length 507

Date and Time: Fri Jun  2 08:26:56 2023
