IQ-TREE multicore version 2.2.2 COVID-edition for Linux 64-bit built Sep 20 2022
Developed by Bui Quang Minh, James Barbetti, Nguyen Lam Tung,
Olga Chernomor, Heiko Schmidt, Dominik Schrempf, Michael Woodhams, Ly Trong Nhan.

Host:    netdc-bms-c11f (AVX2, FMA3, 377 GB RAM)
Command: /home/kasper.hendriks/iqtree-2.2.2-Linux/bin/iqtree2 -s 6366_taper_preliminary_superstrict_excluding_hybrids.fasta -nm 1000 -m GTR+F+R -nt AUTO --prefix 6366_iqtree_preliminary_superstrict_excluding_hybrids
Seed:    813641 (Using SPRNG - Scalable Parallel Random Number Generator)
Time:    Fri Jun  2 08:17:26 2023
Kernel:  AVX+FMA - auto-detect threads (56 CPU cores detected)

Reading alignment file 6366_taper_preliminary_superstrict_excluding_hybrids.fasta ... Fasta format detected
Reading fasta file: done in 0.000478029 secs using 99.78% CPU
Alignment most likely contains DNA/RNA sequences
Constructing alignment: done in 0.00102806 secs using 1449% CPU
Alignment has 114 sequences with 144 columns, 102 distinct patterns
63 parsimony-informative, 20 singleton sites, 61 constant sites
               Gap/Ambiguity  Composition  p-value
Analyzing sequences: done in 0.0122402 secs using 1441% CPU
   1  HYZL             0.00%    passed     92.90%
   2  MYZV             0.00%    passed     55.29%
   3  SRR6441723       0.00%    passed     96.93%
   4  ERR4210213      81.25%    passed      6.89%
   5  ERR2789774       0.00%    passed     98.06%
   6  PAFTOL_019361    0.00%    passed     95.62%
   7  S0055            2.08%    passed     96.17%
   8  S0196sl          0.69%    passed     81.29%
   9  S0281            0.00%    passed     98.79%
  10  S0282            0.00%    passed     87.42%
  11  S0289            0.00%    passed     98.90%
  12  S0292            0.00%    passed     81.69%
  13  S0293            0.69%    passed     96.62%
  14  S0294            0.00%    passed     99.60%
  15  S0303            0.00%    passed     93.84%
  16  S0308           14.58%    passed     89.62%
  17  S0320            0.00%    passed     95.14%
  18  S0322            0.00%    passed     99.38%
  19  S0327           82.64%    passed     23.64%
  20  S0335            0.00%    passed     92.19%
  21  S0376            0.69%    passed     98.93%
  22  S0400            1.39%    passed     94.67%
  23  S0405            0.69%    passed     94.66%
  24  S0407sl         18.75%    passed     79.84%
  25  S0412sl          0.00%    passed     98.78%
  26  S0417            0.69%    passed     98.36%
  27  S0419            4.17%    passed     98.43%
  28  S0427            0.00%    passed     83.57%
  29  S0428sl         27.08%    passed     55.85%
  30  S0430            0.00%    passed     97.34%
  31  S0478            2.78%    passed     99.43%
  32  S0552sl          0.00%    passed     94.83%
  33  S0558            0.00%    passed     58.14%
  34  S0616            0.00%    passed     91.38%
  35  S0620           20.83%    passed     84.24%
  36  S0624           18.75%    passed     67.96%
  37  S0641            0.00%    passed     98.36%
  38  S0643            0.00%    passed     89.78%
  39  S0656sl          8.33%    passed     95.39%
  40  S0673            0.00%    passed     97.71%
  41  S0690            0.00%    passed     94.07%
  42  S0720            0.00%    passed     99.24%
  43  S0724sl          0.00%    passed     97.34%
  44  S0735           19.44%    passed     93.62%
  45  S0742            0.00%    passed     91.11%
  46  S0748            0.00%    passed     97.34%
  47  S0753            2.78%    passed     85.77%
  48  S0756            0.00%    passed     98.36%
  49  S0758            0.00%    passed     94.50%
  50  S0760            0.00%    passed     93.30%
  51  S0763            0.00%    passed     97.43%
  52  S0765            0.00%    passed     89.40%
  53  S0770            9.03%    passed     67.58%
  54  S0771            0.00%    passed     87.03%
  55  S0795            0.00%    passed     88.46%
  56  S0827            0.69%    passed     87.30%
  57  S0888            0.69%    passed     93.05%
  58  S0894            0.00%    passed     94.18%
  59  S0899            0.00%    passed     99.48%
  60  S0906            3.47%    passed     95.17%
  61  S0951           25.00%    passed     48.26%
  62  S0952           82.64%    passed      5.62%
  63  S0959            0.00%    passed     98.89%
  64  S0960            0.00%    passed     95.87%
  65  S0964            0.00%    passed     89.24%
  66  S1052sl         79.17%    passed      5.29%
  67  S1083            0.00%    passed     66.68%
  68  S1100            0.00%    passed     58.45%
  69  S1102            0.00%    passed     81.32%
  70  S1110            0.00%    passed     95.88%
  71  S1120           78.47%    passed     20.07%
  72  S1128           81.25%    passed      7.56%
  73  S1129sl          0.00%    passed     81.83%
  74  S1148            0.00%    passed     92.56%
  75  S1177            2.08%    passed     99.63%
  76  S1180            0.00%    passed     84.54%
  77  S1189            0.00%    passed     89.40%
  78  S1201sl          0.00%    passed     89.39%
  79  S1210           71.53%    passed     62.24%
  80  S1211            0.00%    passed     84.06%
  81  S1214sl          0.00%    passed     91.18%
  82  S1223            0.00%    passed     97.35%
  83  S1227            0.00%    passed     94.94%
  84  S1235sl          0.00%    passed     95.83%
  85  S1239            0.00%    passed     94.14%
  86  S1245            0.00%    passed     90.31%
  87  S1246            0.00%    passed     94.18%
  88  S1249            0.00%    passed     93.13%
  89  S1250sl          0.00%    passed     95.66%
  90  S1251            0.00%    passed     98.79%
  91  S1260            0.00%    passed     95.87%
  92  S1266sl          0.00%    passed     99.85%
  93  S1269           20.83%    passed     76.32%
  94  S1278            0.00%    passed     97.43%
  95  S1315            0.00%    passed     98.71%
  96  S1332            0.00%    passed     98.18%
  97  S1366            0.00%    passed     73.88%
  98  S1369            2.78%    passed     93.17%
  99  S1370            9.72%    passed     55.24%
 100  S1375            0.69%    passed     89.15%
 101  S1376            0.00%    passed     94.60%
 102  S1381            0.69%    passed     79.37%
 103  S1405            4.86%    passed     90.29%
 104  S1422            0.00%    passed     81.69%
 105  S1449            0.69%    passed     30.29%
 106  S1451           29.86%    passed     29.43%
 107  S1460            0.00%    passed     95.83%
 108  S1462            2.08%    passed     98.53%
 109  S1475           18.75%    passed     79.84%
 110  S1498            0.00%    passed     66.68%
 111  S1539            0.00%    passed     99.97%
 112  S_670            0.00%    passed     94.62%
 113  SRR11470320      0.00%    passed     48.70%
 114  SRR8528357       0.00%    passed     66.76%
WARNING: 7 sequences contain more than 50% gaps/ambiguity
****  TOTAL            7.31%  0 sequences failed composition chi2 test (p-value<5%; df=3)
NOTE: S1475 is identical to S0407sl but kept for subsequent analysis
NOTE: S0724sl is identical to S0430 but kept for subsequent analysis
NOTE: S1246 is identical to S0894 but kept for subsequent analysis
NOTE: S1498 is identical to S1083 but kept for subsequent analysis
NOTE: S1460 is identical to S1235sl but kept for subsequent analysis
Checking for duplicate sequences: done in 0.023138 secs using 1477% CPU
Identifying sites to remove: done in 0.000420094 secs using 1575% CPU
NOTE: 1 identical sequences (see below) will be ignored for subsequent analysis
NOTE: S0748 (identical to S0430) is ignored but added at the end
Alignment was printed to 6366_iqtree_preliminary_superstrict_excluding_hybrids.uniqueseq.phy

For your convenience alignment with unique sequences printed to 6366_iqtree_preliminary_superstrict_excluding_hybrids.uniqueseq.phy

Create initial parsimony tree by phylogenetic likelihood library (PLL)... 0.025 seconds

NOTE: 1 MB RAM (0 GB) is required!
Measuring multi-threading efficiency up to 56 CPU cores
Increase to 10 rounds for branch lengths
832 trees examined
Threads: 1 / Time: 56.044 sec / Speedup: 1.000 / Efficiency: 100% / LogL: -3624
Threads: 2 / Time: 65.936 sec / Speedup: 0.850 / Efficiency: 42% / LogL: -3624
Determining AUTO threadcount: done in 121.98 secs using 131.9% CPU
BEST NUMBER OF THREADS: 1

Estimate model parameters (epsilon = 0.100)
1. Initial log-likelihood: -2080.456
2. Current log-likelihood: -2006.956
3. Current log-likelihood: -2005.083
4. Current log-likelihood: -2004.777
5. Current log-likelihood: -2004.527
6. Current log-likelihood: -2004.318
7. Current log-likelihood: -2004.142
8. Current log-likelihood: -2003.990
9. Current log-likelihood: -2003.859
10. Current log-likelihood: -2003.746
Optimal log-likelihood: -2003.611
Rate parameters:  A-C: 1.86142  A-G: 3.26863  A-T: 1.13468  C-G: 1.12622  C-T: 4.10995  G-T: 1.00000
Base frequencies:  A: 0.277  C: 0.177  G: 0.214  T: 0.333
Site proportion and rates:  (0.481,0.119) (0.049,0.258) (0.210,0.941) (0.260,2.817)
Parameters optimization took 10 rounds (1.176 sec)
Wrote distance file to... 
Computing ML distances based on estimated model parameters...
Calculating distance matrix: done in 0.159148 secs using 75.84% CPU
Computing ML distances took 0.159432 sec (of wall-clock time) 0.120990 sec (of CPU time)
WARNING: Some pairwise ML distances are too long (saturated)
Setting up auxiliary I and S matrices: done in 0.000926018 secs using 100% CPU
Constructing RapidNJ tree: done in 0.00197911 secs using 99.94% CPU
Computing RapidNJ tree took 0.003013 sec (of wall-clock time) 0.003012 sec (of CPU time)
Log-likelihood of RapidNJ tree: -2076.613
--------------------------------------------------------------------
|             INITIALIZING CANDIDATE TREE SET                      |
--------------------------------------------------------------------
Generating 98 parsimony trees... 1.604 second
Computing log-likelihood of 98 initial trees ... 1.225 seconds
Current best score: -1948.749

Do NNI search on 20 best initial trees
Optimizing NNI: done in 0.171994 secs using 83.95% CPU
Estimate model parameters (epsilon = 0.100)
BETTER TREE FOUND at iteration 1: -1943.403
Optimizing NNI: done in 0.101072 secs using 80.11% CPU
Optimizing NNI: done in 0.251072 secs using 49.01% CPU
Optimizing NNI: done in 0.261834 secs using 65.17% CPU
Optimizing NNI: done in 0.147013 secs using 89.12% CPU
Optimizing NNI: done in 0.20363 secs using 60.95% CPU
Optimizing NNI: done in 0.22095 secs using 83.34% CPU
Optimizing NNI: done in 0.11082 secs using 73.82% CPU
Optimizing NNI: done in 0.342177 secs using 69.54% CPU
Optimizing NNI: done in 0.0964811 secs using 99.98% CPU
Iteration 10 / LogL: -1961.767 / Time: 0h:2m:8s
Optimizing NNI: done in 0.219733 secs using 60.06% CPU
Optimizing NNI: done in 0.162013 secs using 68.57% CPU
Optimizing NNI: done in 0.166584 secs using 77.21% CPU
Optimizing NNI: done in 0.210893 secs using 58.96% CPU
Optimizing NNI: done in 0.293922 secs using 67.35% CPU
Optimizing NNI: done in 0.181624 secs using 73.57% CPU
Optimizing NNI: done in 0.216304 secs using 57.48% CPU
Optimizing NNI: done in 0.191717 secs using 80.79% CPU
Optimizing NNI: done in 0.231019 secs using 84.41% CPU
Optimizing NNI: done in 0.163808 secs using 61.19% CPU
Iteration 20 / LogL: -1961.412 / Time: 0h:2m:10s
Finish initializing candidate tree set (20)
Current best tree score: -1943.403 / CPU time: 7.134
Number of iterations: 20
--------------------------------------------------------------------
|               OPTIMIZING CANDIDATE TREE SET                      |
--------------------------------------------------------------------
Optimizing NNI: done in 0.309668 secs using 62.52% CPU
Optimizing NNI: done in 0.265312 secs using 71.3% CPU
Estimate model parameters (epsilon = 0.100)
BETTER TREE FOUND at iteration 22: -1941.707
Optimizing NNI: done in 0.147482 secs using 89.15% CPU
Optimizing NNI: done in 0.299078 secs using 63.96% CPU
Optimizing NNI: done in 0.239031 secs using 69.84% CPU
Optimizing NNI: done in 0.309415 secs using 73.63% CPU
Optimizing NNI: done in 0.151737 secs using 100% CPU
Optimizing NNI: done in 0.177328 secs using 99.99% CPU
Estimate model parameters (epsilon = 0.100)
BETTER TREE FOUND at iteration 28: -1939.093
Optimizing NNI: done in 0.186581 secs using 89.21% CPU
Optimizing NNI: done in 0.180556 secs using 100% CPU
Iteration 30 / LogL: -1960.738 / Time: 0h:2m:13s (0h:7m:30s left)
Optimizing NNI: done in 0.192494 secs using 100% CPU
BETTER TREE FOUND at iteration 31: -1939.092
Optimizing NNI: done in 0.257734 secs using 99.99% CPU
Optimizing NNI: done in 0.181759 secs using 99.99% CPU
Estimate model parameters (epsilon = 0.100)
BETTER TREE FOUND at iteration 33: -1938.703
Optimizing NNI: done in 0.273637 secs using 75.15% CPU
Optimizing NNI: done in 0.145778 secs using 100% CPU
Optimizing NNI: done in 0.243318 secs using 100% CPU
Optimizing NNI: done in 0.176221 secs using 100% CPU
Optimizing NNI: done in 0.210852 secs using 100% CPU
Optimizing NNI: done in 0.214392 secs using 100% CPU
Optimizing NNI: done in 0.215448 secs using 100% CPU
Estimate model parameters (epsilon = 0.100)
BETTER TREE FOUND at iteration 40: -1938.467
Iteration 40 / LogL: -1938.467 / Time: 0h:2m:15s (0h:5m:47s left)
Optimizing NNI: done in 0.115379 secs using 99.86% CPU
Optimizing NNI: done in 0.200346 secs using 92.02% CPU
Optimizing NNI: done in 0.322774 secs using 62.29% CPU
Optimizing NNI: done in 0.357481 secs using 68.23% CPU
Optimizing NNI: done in 0.399864 secs using 62.61% CPU
Optimizing NNI: done in 0.241506 secs using 81.58% CPU
Estimate model parameters (epsilon = 0.100)
BETTER TREE FOUND at iteration 46: -1937.388
Optimizing NNI: done in 0.302087 secs using 72.03% CPU
Optimizing NNI: done in 0.333117 secs using 63.98% CPU
Optimizing NNI: done in 0.285321 secs using 66.51% CPU
Optimizing NNI: done in 0.42418 secs using 65.29% CPU
Iteration 50 / LogL: -1952.455 / Time: 0h:2m:19s (0h:4m:32s left)
Optimizing NNI: done in 0.268394 secs using 75.23% CPU
Optimizing NNI: done in 0.235982 secs using 84.7% CPU
Optimizing NNI: done in 0.444373 secs using 68.42% CPU
Optimizing NNI: done in 0.218986 secs using 66.98% CPU
Optimizing NNI: done in 0.240166 secs using 66.69% CPU
Optimizing NNI: done in 0.34308 secs using 67.45% CPU
Optimizing NNI: done in 0.251173 secs using 61.77% CPU
Optimizing NNI: done in 0.367645 secs using 54.28% CPU
Optimizing NNI: done in 0.19392 secs using 79.37% CPU
Optimizing NNI: done in 0.156781 secs using 99.98% CPU
Iteration 60 / LogL: -1948.888 / Time: 0h:2m:21s (0h:3m:26s left)
Optimizing NNI: done in 0.221371 secs using 79.55% CPU
Optimizing NNI: done in 0.230221 secs using 82.58% CPU
Optimizing NNI: done in 0.354943 secs using 67.29% CPU
Optimizing NNI: done in 0.237664 secs using 62.93% CPU
Optimizing NNI: done in 0.170137 secs using 92.98% CPU
Optimizing NNI: done in 0.24087 secs using 86.73% CPU
Optimizing NNI: done in 0.182071 secs using 89.01% CPU
Optimizing NNI: done in 0.28069 secs using 73.91% CPU
Optimizing NNI: done in 0.351321 secs using 77.21% CPU
Estimate model parameters (epsilon = 0.100)
BETTER TREE FOUND at iteration 69: -1936.665
Optimizing NNI: done in 0.203731 secs using 76.42% CPU
Iteration 70 / LogL: -1957.813 / Time: 0h:2m:24s (0h:3m:27s left)
Optimizing NNI: done in 0.271434 secs using 67.54% CPU
Estimate model parameters (epsilon = 0.100)
BETTER TREE FOUND at iteration 71: -1935.901
Optimizing NNI: done in 0.170284 secs using 92.96% CPU
Optimizing NNI: done in 0.240869 secs using 70.11% CPU
Optimizing NNI: done in 0.216077 secs using 74.1% CPU
Optimizing NNI: done in 0.202565 secs using 76.3% CPU
Optimizing NNI: done in 0.210344 secs using 100% CPU
Optimizing NNI: done in 0.162774 secs using 100% CPU
Optimizing NNI: done in 0.24885 secs using 99.99% CPU
Optimizing NNI: done in 0.144638 secs using 100% CPU
Optimizing NNI: done in 0.155108 secs using 100% CPU
Estimate model parameters (epsilon = 0.100)
BETTER TREE FOUND at iteration 80: -1933.317
Iteration 80 / LogL: -1933.317 / Time: 0h:2m:26s (0h:3m:5s left)
Optimizing NNI: done in 0.185393 secs using 99.95% CPU
Optimizing NNI: done in 0.212207 secs using 100% CPU
Optimizing NNI: done in 0.185638 secs using 100% CPU
Estimate model parameters (epsilon = 0.100)
BETTER TREE FOUND at iteration 83: -1933.153
Optimizing NNI: done in 0.183438 secs using 99.93% CPU
Optimizing NNI: done in 0.259041 secs using 76.84% CPU
Optimizing NNI: done in 0.233685 secs using 79.47% CPU
Optimizing NNI: done in 0.215622 secs using 83.22% CPU
Estimate model parameters (epsilon = 0.100)
BETTER TREE FOUND at iteration 87: -1932.694
Optimizing NNI: done in 0.303977 secs using 68.61% CPU
Optimizing NNI: done in 0.211901 secs using 99.56% CPU
Optimizing NNI: done in 0.212294 secs using 87.26% CPU
Estimate model parameters (epsilon = 0.100)
BETTER TREE FOUND at iteration 90: -1932.558
Iteration 90 / LogL: -1932.558 / Time: 0h:2m:29s (0h:2m:47s left)
Optimizing NNI: done in 0.180913 secs using 100% CPU
Estimate model parameters (epsilon = 0.100)
BETTER TREE FOUND at iteration 91: -1932.508
Optimizing NNI: done in 0.185115 secs using 99.99% CPU
Optimizing NNI: done in 0.20781 secs using 99.57% CPU
Optimizing NNI: done in 0.170797 secs using 100% CPU
Optimizing NNI: done in 0.235756 secs using 86.42% CPU
Optimizing NNI: done in 0.145491 secs using 100% CPU
Optimizing NNI: done in 0.255603 secs using 99.99% CPU
Optimizing NNI: done in 0.167667 secs using 100% CPU
Optimizing NNI: done in 0.148006 secs using 99.98% CPU
Optimizing NNI: done in 0.109981 secs using 100% CPU
Iteration 100 / LogL: -1933.104 / Time: 0h:2m:31s (0h:2m:19s left)
Optimizing NNI: done in 0.142879 secs using 100% CPU
Optimizing NNI: done in 0.197098 secs using 100% CPU
Optimizing NNI: done in 0.201169 secs using 99.98% CPU
BETTER TREE FOUND at iteration 103: -1932.507
Optimizing NNI: done in 0.247376 secs using 88.13% CPU
Optimizing NNI: done in 0.191939 secs using 100% CPU
Optimizing NNI: done in 0.15765 secs using 100% CPU
Optimizing NNI: done in 0.153453 secs using 100% CPU
Optimizing NNI: done in 0.181358 secs using 99.99% CPU
Optimizing NNI: done in 0.201032 secs using 100% CPU
Optimizing NNI: done in 0.171943 secs using 99.86% CPU
BETTER TREE FOUND at iteration 110: -1932.506
Iteration 110 / LogL: -1932.506 / Time: 0h:2m:33s (0h:2m:20s left)
Optimizing NNI: done in 0.15818 secs using 100% CPU
Optimizing NNI: done in 0.189706 secs using 100% CPU
Optimizing NNI: done in 0.179396 secs using 80.98% CPU
Optimizing NNI: done in 0.242287 secs using 72.11% CPU
Optimizing NNI: done in 0.236565 secs using 72.92% CPU
Optimizing NNI: done in 0.316914 secs using 67.21% CPU
Optimizing NNI: done in 0.326204 secs using 55.87% CPU
Optimizing NNI: done in 0.350534 secs using 50.91% CPU
BETTER TREE FOUND at iteration 118: -1932.505
Optimizing NNI: done in 0.192329 secs using 83.36% CPU
Optimizing NNI: done in 0.138199 secs using 97.38% CPU
Iteration 120 / LogL: -1934.519 / Time: 0h:2m:35s (0h:2m:8s left)
Optimizing NNI: done in 0.18387 secs using 100% CPU
Estimate model parameters (epsilon = 0.100)
BETTER TREE FOUND at iteration 121: -1932.367
Optimizing NNI: done in 0.189204 secs using 99.98% CPU
Optimizing NNI: done in 0.26728 secs using 77.43% CPU
Optimizing NNI: done in 0.223447 secs using 78.53% CPU
Optimizing NNI: done in 0.213193 secs using 99.99% CPU
Optimizing NNI: done in 0.195718 secs using 100% CPU
Optimizing NNI: done in 0.222626 secs using 99.99% CPU
Optimizing NNI: done in 0.127743 secs using 100% CPU
Optimizing NNI: done in 0.171657 secs using 100% CPU
Optimizing NNI: done in 0.169882 secs using 99.99% CPU
Estimate model parameters (epsilon = 0.100)
BETTER TREE FOUND at iteration 130: -1932.178
Iteration 130 / LogL: -1932.178 / Time: 0h:2m:38s (0h:2m:2s left)
Optimizing NNI: done in 0.141092 secs using 99.99% CPU
Optimizing NNI: done in 0.209404 secs using 100% CPU
Optimizing NNI: done in 0.275345 secs using 81.91% CPU
Optimizing NNI: done in 0.244292 secs using 99.99% CPU
Optimizing NNI: done in 0.194113 secs using 100% CPU
Optimizing NNI: done in 0.243471 secs using 76.88% CPU
Optimizing NNI: done in 0.170814 secs using 57.96% CPU
Optimizing NNI: done in 0.257942 secs using 87.37% CPU
Optimizing NNI: done in 0.233787 secs using 86.42% CPU
Optimizing NNI: done in 0.175822 secs using 99.85% CPU
Iteration 140 / LogL: -1932.380 / Time: 0h:2m:40s (0h:1m:43s left)
Optimizing NNI: done in 0.1886 secs using 99.91% CPU
Optimizing NNI: done in 0.193272 secs using 99.98% CPU
Optimizing NNI: done in 0.179488 secs using 99.85% CPU
Optimizing NNI: done in 0.270845 secs using 99.97% CPU
Optimizing NNI: done in 0.215566 secs using 99.97% CPU
Optimizing NNI: done in 0.173548 secs using 98.17% CPU
Optimizing NNI: done in 0.186954 secs using 99.98% CPU
BETTER TREE FOUND at iteration 147: -1932.177
Optimizing NNI: done in 0.113198 secs using 99.91% CPU
Optimizing NNI: done in 0.246874 secs using 99.63% CPU
Optimizing NNI: done in 0.142135 secs using 99.98% CPU
Iteration 150 / LogL: -1936.388 / Time: 0h:2m:42s (0h:1m:45s left)
Optimizing NNI: done in 0.195337 secs using 99.91% CPU
Optimizing NNI: done in 0.271133 secs using 81.67% CPU
Optimizing NNI: done in 0.165566 secs using 99.96% CPU
Optimizing NNI: done in 0.131615 secs using 99.97% CPU
Optimizing NNI: done in 0.206828 secs using 99.98% CPU
Estimate model parameters (epsilon = 0.100)
BETTER TREE FOUND at iteration 155: -1931.630
Optimizing NNI: done in 0.11459 secs using 99.84% CPU
Estimate model parameters (epsilon = 0.100)
BETTER TREE FOUND at iteration 156: -1930.999
Optimizing NNI: done in 0.189056 secs using 99.89% CPU
Estimate model parameters (epsilon = 0.100)
BETTER TREE FOUND at iteration 157: -1930.940
Optimizing NNI: done in 0.300465 secs using 77.33% CPU
Optimizing NNI: done in 0.214556 secs using 71.84% CPU
Optimizing NNI: done in 0.254239 secs using 65.92% CPU
Iteration 160 / LogL: -1931.457 / Time: 0h:2m:44s (0h:1m:40s left)
Optimizing NNI: done in 0.180848 secs using 99.67% CPU
Optimizing NNI: done in 0.214679 secs using 98.29% CPU
Optimizing NNI: done in 0.202771 secs using 99.97% CPU
BETTER TREE FOUND at iteration 163: -1930.939
Optimizing NNI: done in 0.178671 secs using 99.97% CPU
Optimizing NNI: done in 0.299301 secs using 81.56% CPU
Optimizing NNI: done in 0.359098 secs using 53.09% CPU
Optimizing NNI: done in 0.217929 secs using 99.96% CPU
Optimizing NNI: done in 0.186216 secs using 99.97% CPU
Estimate model parameters (epsilon = 0.100)
BETTER TREE FOUND at iteration 168: -1930.625
Optimizing NNI: done in 0.25618 secs using 99.98% CPU
Optimizing NNI: done in 0.178897 secs using 99.99% CPU
Iteration 170 / LogL: -1932.020 / Time: 0h:2m:47s (0h:1m:36s left)
Optimizing NNI: done in 0.124528 secs using 100% CPU
Optimizing NNI: done in 0.150188 secs using 100% CPU
Optimizing NNI: done in 0.24331 secs using 83.55% CPU
Optimizing NNI: done in 0.319051 secs using 53.72% CPU
Optimizing NNI: done in 0.345518 secs using 55.29% CPU
Optimizing NNI: done in 0.328469 secs using 67.22% CPU
Optimizing NNI: done in 0.293848 secs using 49.4% CPU
Optimizing NNI: done in 0.293082 secs using 70.32% CPU
Optimizing NNI: done in 0.150787 secs using 100% CPU
Optimizing NNI: done in 0.134363 secs using 100% CPU
Iteration 180 / LogL: -1935.661 / Time: 0h:2m:49s (0h:1m:23s left)
Optimizing NNI: done in 0.188327 secs using 100% CPU
Optimizing NNI: done in 0.172909 secs using 100% CPU
Optimizing NNI: done in 0.115483 secs using 99.69% CPU
Optimizing NNI: done in 0.180402 secs using 100% CPU
Optimizing NNI: done in 0.189257 secs using 100% CPU
Optimizing NNI: done in 0.155821 secs using 100% CPU
Optimizing NNI: done in 0.205808 secs using 99.98% CPU
Optimizing NNI: done in 0.137518 secs using 99.99% CPU
Optimizing NNI: done in 0.308447 secs using 79.96% CPU
Optimizing NNI: done in 0.240102 secs using 68.57% CPU
Iteration 190 / LogL: -1934.257 / Time: 0h:2m:51s (0h:1m:10s left)
Optimizing NNI: done in 0.286509 secs using 67.23% CPU
Optimizing NNI: done in 0.155478 secs using 100% CPU
Optimizing NNI: done in 0.187209 secs using 100% CPU
Optimizing NNI: done in 0.231304 secs using 100% CPU
Optimizing NNI: done in 0.12422 secs using 99.14% CPU
Optimizing NNI: done in 0.261068 secs using 99.52% CPU
Optimizing NNI: done in 0.198836 secs using 99.99% CPU
Optimizing NNI: done in 0.154296 secs using 100% CPU
Optimizing NNI: done in 0.202782 secs using 100% CPU
Optimizing NNI: done in 0.289416 secs using 98.15% CPU
Iteration 200 / LogL: -1934.415 / Time: 0h:2m:53s (0h:0m:59s left)
Optimizing NNI: done in 0.250995 secs using 99.98% CPU
Optimizing NNI: done in 0.197296 secs using 100% CPU
Optimizing NNI: done in 0.19274 secs using 99.99% CPU
Optimizing NNI: done in 0.172766 secs using 100% CPU
Optimizing NNI: done in 0.184739 secs using 100% CPU
Optimizing NNI: done in 0.169694 secs using 99.99% CPU
Optimizing NNI: done in 0.174156 secs using 100% CPU
Optimizing NNI: done in 0.192672 secs using 100% CPU
Optimizing NNI: done in 0.193104 secs using 100% CPU
Optimizing NNI: done in 0.253537 secs using 99.75% CPU
Iteration 210 / LogL: -1941.233 / Time: 0h:2m:55s (0h:0m:48s left)
Optimizing NNI: done in 0.259641 secs using 99.99% CPU
Optimizing NNI: done in 0.098737 secs using 100% CPU
Optimizing NNI: done in 0.337684 secs using 79.88% CPU
Optimizing NNI: done in 0.155448 secs using 100% CPU
Optimizing NNI: done in 0.153624 secs using 100% CPU
Optimizing NNI: done in 0.162689 secs using 100% CPU
Optimizing NNI: done in 0.171247 secs using 99.97% CPU
BETTER TREE FOUND at iteration 217: -1930.623
Optimizing NNI: done in 0.188574 secs using 100% CPU
Optimizing NNI: done in 0.281852 secs using 100% CPU
Optimizing NNI: done in 0.198721 secs using 99.99% CPU
Iteration 220 / LogL: -1930.928 / Time: 0h:2m:57s (0h:1m:18s left)
Optimizing NNI: done in 0.210371 secs using 100% CPU
Optimizing NNI: done in 0.281336 secs using 54.47% CPU
Optimizing NNI: done in 0.347672 secs using 62.06% CPU
Optimizing NNI: done in 0.24882 secs using 67.85% CPU
Optimizing NNI: done in 0.258028 secs using 68.99% CPU
Optimizing NNI: done in 0.161977 secs using 97.63% CPU
Optimizing NNI: done in 0.242229 secs using 98.33% CPU
Optimizing NNI: done in 0.272037 secs using 99.99% CPU
Optimizing NNI: done in 0.202775 secs using 77.33% CPU
Optimizing NNI: done in 0.308544 secs using 59.56% CPU
Iteration 230 / LogL: -1930.928 / Time: 0h:3m:0s (0h:1m:8s left)
Optimizing NNI: done in 0.235864 secs using 100% CPU
Optimizing NNI: done in 0.159314 secs using 100% CPU
Optimizing NNI: done in 0.257795 secs using 95.46% CPU
Optimizing NNI: done in 0.168025 secs using 100% CPU
Optimizing NNI: done in 0.238677 secs using 100% CPU
Optimizing NNI: done in 0.197513 secs using 100% CPU
Optimizing NNI: done in 0.219913 secs using 92.72% CPU
Optimizing NNI: done in 0.213957 secs using 100% CPU
Optimizing NNI: done in 0.266535 secs using 99.97% CPU
Optimizing NNI: done in 0.313747 secs using 98.5% CPU
Iteration 240 / LogL: -1933.118 / Time: 0h:3m:2s (0h:0m:58s left)
Optimizing NNI: done in 0.169514 secs using 99.99% CPU
Optimizing NNI: done in 0.202054 secs using 99.68% CPU
Optimizing NNI: done in 0.174212 secs using 100% CPU
Optimizing NNI: done in 0.183275 secs using 100% CPU
Optimizing NNI: done in 0.242678 secs using 93.25% CPU
Optimizing NNI: done in 0.185153 secs using 99.99% CPU
Optimizing NNI: done in 0.233064 secs using 100% CPU
Optimizing NNI: done in 0.161712 secs using 100% CPU
Optimizing NNI: done in 0.243016 secs using 70.36% CPU
Optimizing NNI: done in 0.3128 secs using 63.02% CPU
Iteration 250 / LogL: -1930.623 / Time: 0h:3m:4s (0h:0m:49s left)
Optimizing NNI: done in 0.187657 secs using 93.59% CPU
Optimizing NNI: done in 0.225328 secs using 99.98% CPU
Optimizing NNI: done in 0.184653 secs using 99.99% CPU
Optimizing NNI: done in 0.235816 secs using 100% CPU
Optimizing NNI: done in 0.151835 secs using 100% CPU
Optimizing NNI: done in 0.175003 secs using 100% CPU
Optimizing NNI: done in 0.19111 secs using 99.97% CPU
Optimizing NNI: done in 0.22437 secs using 79.65% CPU
Optimizing NNI: done in 0.20231 secs using 100% CPU
Optimizing NNI: done in 0.145275 secs using 99.99% CPU
Iteration 260 / LogL: -1939.527 / Time: 0h:3m:6s (0h:0m:41s left)
Optimizing NNI: done in 0.219027 secs using 100% CPU
Optimizing NNI: done in 0.189884 secs using 99.99% CPU
Optimizing NNI: done in 0.232536 secs using 100% CPU
Optimizing NNI: done in 0.157683 secs using 100% CPU
Optimizing NNI: done in 0.243132 secs using 98.35% CPU
Optimizing NNI: done in 0.194901 secs using 100% CPU
Optimizing NNI: done in 0.172596 secs using 100% CPU
Optimizing NNI: done in 0.176501 secs using 100% CPU
Optimizing NNI: done in 0.175041 secs using 99.99% CPU
Optimizing NNI: done in 0.183448 secs using 91.27% CPU
Iteration 270 / LogL: -1935.403 / Time: 0h:3m:8s (0h:0m:32s left)
Optimizing NNI: done in 0.202379 secs using 100% CPU
Optimizing NNI: done in 0.13306 secs using 100% CPU
Optimizing NNI: done in 0.163168 secs using 100% CPU
Optimizing NNI: done in 0.198738 secs using 100% CPU
Optimizing NNI: done in 0.190203 secs using 87.37% CPU
Optimizing NNI: done in 0.163402 secs using 100% CPU
BETTER TREE FOUND at iteration 276: -1930.623
Optimizing NNI: done in 0.234681 secs using 75.88% CPU
Optimizing NNI: done in 0.237449 secs using 100% CPU
Optimizing NNI: done in 0.205616 secs using 94.15% CPU
Optimizing NNI: done in 0.34289 secs using 55.67% CPU
Iteration 280 / LogL: -1931.230 / Time: 0h:3m:11s (0h:1m:5s left)
Optimizing NNI: done in 0.223416 secs using 85.74% CPU
Optimizing NNI: done in 0.166479 secs using 98.59% CPU
Optimizing NNI: done in 0.303236 secs using 68.4% CPU
BETTER TREE FOUND at iteration 283: -1930.623
Optimizing NNI: done in 0.159263 secs using 99.92% CPU
Optimizing NNI: done in 0.189449 secs using 100% CPU
Optimizing NNI: done in 0.226236 secs using 100% CPU
Optimizing NNI: done in 0.251796 secs using 98.41% CPU
Optimizing NNI: done in 0.254132 secs using 99.99% CPU
BETTER TREE FOUND at iteration 288: -1930.622
Optimizing NNI: done in 0.213789 secs using 99.96% CPU
Optimizing NNI: done in 0.270934 secs using 99.98% CPU
Iteration 290 / LogL: -1930.623 / Time: 0h:3m:13s (0h:1m:5s left)
Optimizing NNI: done in 0.167727 secs using 100% CPU
Optimizing NNI: done in 0.202599 secs using 100% CPU
Optimizing NNI: done in 0.216398 secs using 98.15% CPU
Optimizing NNI: done in 0.189614 secs using 100% CPU
Optimizing NNI: done in 0.114206 secs using 100% CPU
Optimizing NNI: done in 0.163482 secs using 100% CPU
Optimizing NNI: done in 0.109886 secs using 100% CPU
Optimizing NNI: done in 0.241527 secs using 99.99% CPU
Optimizing NNI: done in 0.154364 secs using 100% CPU
Optimizing NNI: done in 0.110753 secs using 100% CPU
Iteration 300 / LogL: -1945.168 / Time: 0h:3m:15s (0h:0m:57s left)
Optimizing NNI: done in 0.412667 secs using 67.02% CPU
Optimizing NNI: done in 0.395879 secs using 56.54% CPU
Optimizing NNI: done in 0.191468 secs using 100% CPU
Optimizing NNI: done in 0.371979 secs using 100% CPU
Optimizing NNI: done in 0.195283 secs using 99.96% CPU
Optimizing NNI: done in 0.305846 secs using 98.8% CPU
Optimizing NNI: done in 0.189837 secs using 100% CPU
Optimizing NNI: done in 0.169128 secs using 99.99% CPU
Optimizing NNI: done in 0.195264 secs using 100% CPU
Optimizing NNI: done in 0.195054 secs using 100% CPU
Iteration 310 / LogL: -1941.005 / Time: 0h:3m:17s (0h:0m:49s left)
Optimizing NNI: done in 0.21656 secs using 100% CPU
Optimizing NNI: done in 0.154255 secs using 99.99% CPU
Optimizing NNI: done in 0.201285 secs using 100% CPU
Optimizing NNI: done in 0.144298 secs using 99.98% CPU
Optimizing NNI: done in 0.217098 secs using 99.97% CPU
Optimizing NNI: done in 0.244015 secs using 99.99% CPU
Optimizing NNI: done in 0.172424 secs using 100% CPU
Optimizing NNI: done in 0.227946 secs using 98.25% CPU
Optimizing NNI: done in 0.197164 secs using 100% CPU
Optimizing NNI: done in 0.15485 secs using 100% CPU
Iteration 320 / LogL: -1938.480 / Time: 0h:3m:19s (0h:0m:42s left)
Optimizing NNI: done in 0.134698 secs using 100% CPU
Optimizing NNI: done in 0.164998 secs using 100% CPU
Optimizing NNI: done in 0.18626 secs using 99.97% CPU
BETTER TREE FOUND at iteration 323: -1930.622
Optimizing NNI: done in 0.22545 secs using 100% CPU
Optimizing NNI: done in 0.252853 secs using 99.97% CPU
Optimizing NNI: done in 0.207012 secs using 99.98% CPU
Optimizing NNI: done in 0.289381 secs using 84.79% CPU
Optimizing NNI: done in 0.250434 secs using 99.98% CPU
Optimizing NNI: done in 0.160861 secs using 100% CPU
Optimizing NNI: done in 0.208836 secs using 100% CPU
Iteration 330 / LogL: -1949.814 / Time: 0h:3m:21s (0h:0m:57s left)
Optimizing NNI: done in 0.306068 secs using 99.99% CPU
Optimizing NNI: done in 0.210448 secs using 98.1% CPU
Optimizing NNI: done in 0.239613 secs using 99.99% CPU
Optimizing NNI: done in 0.174213 secs using 99.98% CPU
Optimizing NNI: done in 0.354467 secs using 55.19% CPU
Optimizing NNI: done in 0.375246 secs using 48.83% CPU
Optimizing NNI: done in 0.26684 secs using 75.89% CPU
Optimizing NNI: done in 0.287762 secs using 52.18% CPU
Optimizing NNI: done in 0.198722 secs using 83.89% CPU
Optimizing NNI: done in 0.250521 secs using 100% CPU
Iteration 340 / LogL: -1944.538 / Time: 0h:3m:24s (0h:0m:50s left)
Optimizing NNI: done in 0.351329 secs using 82.16% CPU
Optimizing NNI: done in 0.240856 secs using 100% CPU
Optimizing NNI: done in 0.21519 secs using 100% CPU
Optimizing NNI: done in 0.157701 secs using 100% CPU
Optimizing NNI: done in 0.158777 secs using 100% CPU
Optimizing NNI: done in 0.167528 secs using 99.86% CPU
Optimizing NNI: done in 0.226525 secs using 99.97% CPU
Optimizing NNI: done in 0.25869 secs using 99.97% CPU
Optimizing NNI: done in 0.268271 secs using 100% CPU
Optimizing NNI: done in 0.195052 secs using 99.99% CPU
Iteration 350 / LogL: -1938.416 / Time: 0h:3m:26s (0h:0m:43s left)
Optimizing NNI: done in 0.19573 secs using 100% CPU
Optimizing NNI: done in 0.158279 secs using 100% CPU
Optimizing NNI: done in 0.20776 secs using 100% CPU
Optimizing NNI: done in 0.172639 secs using 99.99% CPU
Optimizing NNI: done in 0.165965 secs using 100% CPU
BETTER TREE FOUND at iteration 355: -1930.622
Optimizing NNI: done in 0.216965 secs using 100% CPU
Optimizing NNI: done in 0.21761 secs using 100% CPU
Optimizing NNI: done in 0.306415 secs using 89.56% CPU
Optimizing NNI: done in 0.18354 secs using 99.97% CPU
Optimizing NNI: done in 0.247103 secs using 100% CPU
Iteration 360 / LogL: -1930.928 / Time: 0h:3m:29s (0h:0m:55s left)
Optimizing NNI: done in 0.214962 secs using 85.11% CPU
Optimizing NNI: done in 0.210668 secs using 100% CPU
Optimizing NNI: done in 0.166813 secs using 99.99% CPU
Optimizing NNI: done in 0.187532 secs using 100% CPU
Optimizing NNI: done in 0.209305 secs using 99.99% CPU
Optimizing NNI: done in 0.141829 secs using 100% CPU
Optimizing NNI: done in 0.176345 secs using 100% CPU
Optimizing NNI: done in 0.23144 secs using 100% CPU
Optimizing NNI: done in 0.195714 secs using 100% CPU
Optimizing NNI: done in 0.187512 secs using 99.99% CPU
Iteration 370 / LogL: -1935.990 / Time: 0h:3m:31s (0h:0m:48s left)
Optimizing NNI: done in 0.163107 secs using 100% CPU
Optimizing NNI: done in 0.17433 secs using 100% CPU
Optimizing NNI: done in 0.228257 secs using 100% CPU
Optimizing NNI: done in 0.176138 secs using 100% CPU
Optimizing NNI: done in 0.286086 secs using 74.54% CPU
Optimizing NNI: done in 0.199426 secs using 97.98% CPU
Optimizing NNI: done in 0.179956 secs using 99.95% CPU
Optimizing NNI: done in 0.177144 secs using 100% CPU
Optimizing NNI: done in 0.355158 secs using 71.38% CPU
Optimizing NNI: done in 0.163342 secs using 100% CPU
Iteration 380 / LogL: -1931.055 / Time: 0h:3m:33s (0h:0m:42s left)
Optimizing NNI: done in 0.185925 secs using 99.99% CPU
Optimizing NNI: done in 0.099081 secs using 100% CPU
Optimizing NNI: done in 0.211775 secs using 100% CPU
Optimizing NNI: done in 0.153488 secs using 100% CPU
Optimizing NNI: done in 0.210878 secs using 100% CPU
Optimizing NNI: done in 0.18878 secs using 100% CPU
Optimizing NNI: done in 0.185575 secs using 97.92% CPU
Optimizing NNI: done in 0.182794 secs using 100% CPU
Optimizing NNI: done in 0.140428 secs using 97.17% CPU
Optimizing NNI: done in 0.20996 secs using 100% CPU
Iteration 390 / LogL: -1940.208 / Time: 0h:3m:35s (0h:0m:35s left)
Optimizing NNI: done in 0.189813 secs using 99.99% CPU
Optimizing NNI: done in 0.263021 secs using 99.98% CPU
Optimizing NNI: done in 0.28313 secs using 75.95% CPU
Optimizing NNI: done in 0.211692 secs using 99.94% CPU
Optimizing NNI: done in 0.186268 secs using 99.98% CPU
Optimizing NNI: done in 0.245133 secs using 99.77% CPU
Optimizing NNI: done in 0.18344 secs using 99.95% CPU
Optimizing NNI: done in 0.247277 secs using 99.85% CPU
Optimizing NNI: done in 0.202471 secs using 99.94% CPU
Optimizing NNI: done in 0.170228 secs using 94.22% CPU
Iteration 400 / LogL: -1943.385 / Time: 0h:3m:37s (0h:0m:29s left)
Optimizing NNI: done in 0.205621 secs using 99.95% CPU
Optimizing NNI: done in 0.208315 secs using 98.99% CPU
Optimizing NNI: done in 0.181425 secs using 99.97% CPU
Optimizing NNI: done in 0.175896 secs using 99.93% CPU
Optimizing NNI: done in 0.252183 secs using 80.72% CPU
Optimizing NNI: done in 0.174135 secs using 65.54% CPU
Optimizing NNI: done in 0.222665 secs using 76.17% CPU
Optimizing NNI: done in 0.331231 secs using 69.81% CPU
Optimizing NNI: done in 0.224398 secs using 78.61% CPU
Optimizing NNI: done in 0.206358 secs using 99.99% CPU
Iteration 410 / LogL: -1930.928 / Time: 0h:3m:39s (0h:0m:24s left)
Optimizing NNI: done in 0.197069 secs using 100% CPU
Optimizing NNI: done in 0.128216 secs using 100% CPU
Optimizing NNI: done in 0.233735 secs using 100% CPU
Optimizing NNI: done in 0.265584 secs using 99.99% CPU
Optimizing NNI: done in 0.195124 secs using 99.97% CPU
Optimizing NNI: done in 0.187136 secs using 97.87% CPU
Optimizing NNI: done in 0.294432 secs using 83.69% CPU
Optimizing NNI: done in 0.309346 secs using 52.16% CPU
Optimizing NNI: done in 0.310082 secs using 53.33% CPU
Optimizing NNI: done in 0.314698 secs using 43.17% CPU
Iteration 420 / LogL: -1931.229 / Time: 0h:3m:42s (0h:0m:18s left)
Optimizing NNI: done in 0.346322 secs using 55.75% CPU
Optimizing NNI: done in 0.213094 secs using 79.13% CPU
Optimizing NNI: done in 0.248738 secs using 80.02% CPU
Optimizing NNI: done in 0.124052 secs using 100% CPU
Optimizing NNI: done in 0.165475 secs using 99.94% CPU
Optimizing NNI: done in 0.137831 secs using 99.93% CPU
Optimizing NNI: done in 0.242911 secs using 99.77% CPU
Optimizing NNI: done in 0.20098 secs using 98.22% CPU
Optimizing NNI: done in 0.123793 secs using 98.9% CPU
Optimizing NNI: done in 0.296801 secs using 99.96% CPU
Iteration 430 / LogL: -1942.248 / Time: 0h:3m:44s (0h:0m:13s left)
Optimizing NNI: done in 0.156598 secs using 99.63% CPU
Optimizing NNI: done in 0.236047 secs using 79.04% CPU
Optimizing NNI: done in 0.233886 secs using 99.8% CPU
Optimizing NNI: done in 0.146322 secs using 99.95% CPU
Optimizing NNI: done in 0.217116 secs using 99.95% CPU
Optimizing NNI: done in 0.353187 secs using 86.23% CPU
Optimizing NNI: done in 0.172601 secs using 99.99% CPU
Optimizing NNI: done in 0.200376 secs using 99.97% CPU
Optimizing NNI: done in 0.22902 secs using 100% CPU
Optimizing NNI: done in 0.301402 secs using 72.12% CPU
Iteration 440 / LogL: -1934.418 / Time: 0h:3m:46s (0h:0m:7s left)
Optimizing NNI: done in 0.259947 secs using 75.36% CPU
Optimizing NNI: done in 0.307081 secs using 63.51% CPU
Optimizing NNI: done in 0.328996 secs using 62.29% CPU
Optimizing NNI: done in 0.264188 secs using 87.88% CPU
Optimizing NNI: done in 0.174879 secs using 100% CPU
Optimizing NNI: done in 0.175242 secs using 100% CPU
Optimizing NNI: done in 0.153584 secs using 100% CPU
Optimizing NNI: done in 0.190537 secs using 100% CPU
Optimizing NNI: done in 0.136371 secs using 99.99% CPU
Optimizing NNI: done in 0.191731 secs using 99.99% CPU
Iteration 450 / LogL: -1930.701 / Time: 0h:3m:48s (0h:0m:2s left)
Optimizing NNI: done in 0.194669 secs using 99.99% CPU
Optimizing NNI: done in 0.229833 secs using 89.89% CPU
Optimizing NNI: done in 0.185989 secs using 100% CPU
Optimizing NNI: done in 0.174523 secs using 100% CPU
Optimizing NNI: done in 0.193444 secs using 99.99% CPU
Optimizing NNI: done in 0.226545 secs using 92.42% CPU
TREE SEARCH COMPLETED AFTER 456 ITERATIONS / Time: 0h:3m:50s

--------------------------------------------------------------------
|                    FINALIZING TREE SEARCH                        |
--------------------------------------------------------------------
Performs final model parameters optimization
Estimate model parameters (epsilon = 0.010)
1. Initial log-likelihood: -1930.622
Optimal log-likelihood: -1930.613
Rate parameters:  A-C: 1.96595  A-G: 4.05148  A-T: 1.39124  C-G: 1.61115  C-T: 5.22914  G-T: 1.00000
Base frequencies:  A: 0.277  C: 0.177  G: 0.214  T: 0.333
Site proportion and rates:  (0.482,0.095) (0.012,0.207) (0.242,0.859) (0.263,2.826)
Parameters optimization took 1 rounds (0.079 sec)
BEST SCORE FOUND : -1930.613
Total tree length: 2.719

Total number of iterations: 456
CPU time used for tree search: 93.735 sec (0h:1m:33s)
Wall-clock time used for tree search: 106.618 sec (0h:1m:46s)
Total CPU time used: 257.652 sec (0h:4m:17s)
Total wall-clock time used: 230.237 sec (0h:3m:50s)

Analysis results written to: 
  IQ-TREE report:                6366_iqtree_preliminary_superstrict_excluding_hybrids.iqtree
  Maximum-likelihood tree:       6366_iqtree_preliminary_superstrict_excluding_hybrids.treefile
  Likelihood distances:          6366_iqtree_preliminary_superstrict_excluding_hybrids.mldist
  Screen log file:               6366_iqtree_preliminary_superstrict_excluding_hybrids.log

ALISIM COMMAND
--------------
--alisim simulated_MSA -t 6366_iqtree_preliminary_superstrict_excluding_hybrids.treefile -m "GTR{1.96595,4.05148,1.39124,1.61115,5.22914}+F{0.276541,0.176715,0.213855,0.332889}+R4{0.482425,0.0952956,0.0121399,0.207449,0.242337,0.858821,0.263098,2.82551}" --length 144

Date and Time: Fri Jun  2 08:21:17 2023
