IQ-TREE multicore version 2.2.2 COVID-edition for Linux 64-bit built Sep 20 2022
Developed by Bui Quang Minh, James Barbetti, Nguyen Lam Tung,
Olga Chernomor, Heiko Schmidt, Dominik Schrempf, Michael Woodhams, Ly Trong Nhan.

Host:    netdc-bms-c11f (AVX2, FMA3, 377 GB RAM)
Command: /home/kasper.hendriks/iqtree-2.2.2-Linux/bin/iqtree2 -s 6457_taper_preliminary_superstrict_excluding_hybrids.fasta -nm 1000 -m GTR+F+R -nt AUTO --prefix 6457_iqtree_preliminary_superstrict_excluding_hybrids
Seed:    500935 (Using SPRNG - Scalable Parallel Random Number Generator)
Time:    Fri Jun  2 08:18:12 2023
Kernel:  AVX+FMA - auto-detect threads (56 CPU cores detected)

Reading alignment file 6457_taper_preliminary_superstrict_excluding_hybrids.fasta ... Fasta format detected
Reading fasta file: done in 0.000535965 secs using 99.82% CPU
Alignment most likely contains DNA/RNA sequences
Constructing alignment: done in 0.00155187 secs using 1941% CPU
Alignment has 86 sequences with 228 columns, 168 distinct patterns
110 parsimony-informative, 31 singleton sites, 87 constant sites
               Gap/Ambiguity  Composition  p-value
Analyzing sequences: done in 0.02268 secs using 1473% CPU
   1  HYZL             0.00%    passed     92.61%
   2  MYZV             0.00%    passed     76.23%
   3  SRR6441723       0.00%    passed     99.59%
   4  ERR2789774       0.00%    passed     92.30%
   5  PAFTOL_019361    0.00%    passed     74.85%
   6  S0055            0.44%    passed     99.38%
   7  S0281            0.88%    passed     97.56%
   8  S0282            0.00%    passed     92.35%
   9  S0289            0.00%    passed     77.35%
  10  S0293           44.74%    passed     99.94%
  11  S0294            0.44%    passed     74.74%
  12  S0303            0.44%    passed     94.94%
  13  S0308            0.00%    passed     86.13%
  14  S0327            0.00%    passed     87.94%
  15  S0335            0.00%    passed     91.75%
  16  S0376            0.00%    passed     69.30%
  17  S0400            0.00%    passed     98.30%
  18  S0412sl         15.79%    passed     95.50%
  19  S0419            0.00%    passed     98.67%
  20  S0427            0.00%    passed     93.18%
  21  S0430            4.39%    passed     94.59%
  22  S0478            0.00%    passed     87.72%
  23  S0552sl          0.00%    passed     99.58%
  24  S0558            0.00%    passed     33.22%
  25  S0616            0.00%    passed     93.28%
  26  S0641            0.00%    passed     99.04%
  27  S0645sl          0.00%    passed     89.91%
  28  S0656sl          0.44%    passed     90.05%
  29  S0689            0.00%    passed     89.96%
  30  S0690            1.32%    passed     91.70%
  31  S0720            0.44%    passed     78.61%
  32  S0735           52.63%    passed     86.00%
  33  S0742            0.00%    passed     95.26%
  34  S0748            0.00%    passed     90.58%
  35  S0756            6.14%    passed     98.13%
  36  S0760            0.00%    passed     98.14%
  37  S0763            0.00%    passed     96.54%
  38  S0770            0.00%    passed     91.57%
  39  S0771            0.00%    passed     99.13%
  40  S0795            0.44%    passed     89.72%
  41  S0827            0.00%    passed     91.26%
  42  S0888            0.00%    passed     79.11%
  43  S0899            0.44%    passed     94.12%
  44  S0906            0.00%    passed     97.07%
  45  S0956            1.75%    passed     98.10%
  46  S0960            0.00%    passed     95.93%
  47  S0964            0.44%    passed     95.45%
  48  S1083            0.00%    passed     78.67%
  49  S1102            0.00%    passed     97.74%
  50  S1110            0.44%    passed     95.94%
  51  S1120            0.00%    passed     82.97%
  52  S1128            0.44%    passed     99.76%
  53  S1129sl          8.77%    passed     95.77%
  54  S1148           52.63%    passed     86.00%
  55  S1177            0.00%    passed     98.14%
  56  S1180           52.63%    passed     86.00%
  57  S1189            0.00%    passed     99.90%
  58  S1211            0.00%    passed     96.88%
  59  S1214sl          0.44%    passed     99.85%
  60  S1227            0.00%    passed     99.26%
  61  S1235sl          0.00%    passed     99.01%
  62  S1238sl          0.00%    passed     93.61%
  63  S1239            0.00%    passed     77.59%
  64  S1245            0.00%    passed     98.11%
  65  S1250sl          0.00%    passed     97.24%
  66  S1251            1.32%    passed     88.14%
  67  S1260            0.00%    passed     94.78%
  68  S1269            4.39%    passed     99.20%
  69  S1278            0.00%    passed     98.14%
  70  S1315            0.88%    passed     84.18%
  71  S1332            0.00%    passed     95.08%
  72  S1366            0.00%    passed     98.98%
  73  S1369            0.00%    passed     98.30%
  74  S1370            0.44%    passed     96.80%
  75  S1375            0.00%    passed     99.69%
  76  S1376            0.00%    passed     93.24%
  77  S1381            0.00%    passed     99.14%
  78  S1422            0.44%    passed     96.46%
  79  S1449            0.00%    passed     99.04%
  80  S1460            1.75%    passed     95.69%
  81  S1462            0.44%    passed     95.48%
  82  S1498            0.00%    passed     86.05%
  83  S1539            1.32%    passed     92.49%
  84  S_670            3.07%    passed     97.00%
  85  SRR11470320      0.00%    passed     95.36%
  86  SRR8528357       0.00%    passed     99.85%
WARNING: 3 sequences contain more than 50% gaps/ambiguity
****  TOTAL            3.03%  0 sequences failed composition chi2 test (p-value<5%; df=3)
NOTE: S1148 is identical to S0735 but kept for subsequent analysis
NOTE: S1177 is identical to S0760 but kept for subsequent analysis
Checking for duplicate sequences: done in 0.0114551 secs using 1577% CPU
Identifying sites to remove: done in 0.000619888 secs using 1627% CPU
NOTE: 1 identical sequences (see below) will be ignored for subsequent analysis
NOTE: S1180 (identical to S0735) is ignored but added at the end
Alignment was printed to 6457_iqtree_preliminary_superstrict_excluding_hybrids.uniqueseq.phy

For your convenience alignment with unique sequences printed to 6457_iqtree_preliminary_superstrict_excluding_hybrids.uniqueseq.phy

Create initial parsimony tree by phylogenetic likelihood library (PLL)... 0.021 seconds

NOTE: 1 MB RAM (0 GB) is required!
Measuring multi-threading efficiency up to 56 CPU cores
Increase to 10 rounds for branch lengths
886 trees examined
Threads: 1 / Time: 56.056 sec / Speedup: 1.000 / Efficiency: 100% / LogL: -5601
Threads: 2 / Time: 68.720 sec / Speedup: 0.816 / Efficiency: 41% / LogL: -5601
Determining AUTO threadcount: done in 124.777 secs using 126.2% CPU
BEST NUMBER OF THREADS: 1

Estimate model parameters (epsilon = 0.100)
1. Initial log-likelihood: -3469.440
2. Current log-likelihood: -3295.664
3. Current log-likelihood: -3291.054
4. Current log-likelihood: -3290.612
5. Current log-likelihood: -3290.374
6. Current log-likelihood: -3290.183
7. Current log-likelihood: -3290.017
8. Current log-likelihood: -3289.878
9. Current log-likelihood: -3289.768
Optimal log-likelihood: -3289.657
Rate parameters:  A-C: 2.92234  A-G: 6.53622  A-T: 2.16993  C-G: 3.66435  C-T: 13.41611  G-T: 1.00000
Base frequencies:  A: 0.318  C: 0.177  G: 0.263  T: 0.241
Site proportion and rates:  (0.496,0.146) (0.132,0.572) (0.243,1.289) (0.129,4.177)
Parameters optimization took 9 rounds (0.898 sec)
Wrote distance file to... 
Computing ML distances based on estimated model parameters...
Calculating distance matrix: done in 0.0700719 secs using 99.95% CPU
Computing ML distances took 0.070307 sec (of wall-clock time) 0.070270 sec (of CPU time)
Setting up auxiliary I and S matrices: done in 0.000633001 secs using 100% CPU
Constructing RapidNJ tree: done in 0.00134206 secs using 105.9% CPU
Computing RapidNJ tree took 0.002095 sec (of wall-clock time) 0.002172 sec (of CPU time)
Log-likelihood of RapidNJ tree: -3315.722
--------------------------------------------------------------------
|             INITIALIZING CANDIDATE TREE SET                      |
--------------------------------------------------------------------
Generating 98 parsimony trees... 1.146 second
Computing log-likelihood of 98 initial trees ... 0.900 seconds
Current best score: -3277.207

Do NNI search on 20 best initial trees
Optimizing NNI: done in 0.164234 secs using 100% CPU
Estimate model parameters (epsilon = 0.100)
BETTER TREE FOUND at iteration 1: -3265.795
Optimizing NNI: done in 0.109246 secs using 100% CPU
Estimate model parameters (epsilon = 0.100)
BETTER TREE FOUND at iteration 2: -3264.936
Optimizing NNI: done in 0.118228 secs using 100% CPU
Optimizing NNI: done in 0.13603 secs using 97.05% CPU
Optimizing NNI: done in 0.194839 secs using 100% CPU
Estimate model parameters (epsilon = 0.100)
BETTER TREE FOUND at iteration 5: -3263.427
Optimizing NNI: done in 0.132656 secs using 100% CPU
Optimizing NNI: done in 0.114078 secs using 100% CPU
Estimate model parameters (epsilon = 0.100)
BETTER TREE FOUND at iteration 7: -3262.592
Optimizing NNI: done in 0.148484 secs using 100% CPU
Optimizing NNI: done in 0.116879 secs using 99.94% CPU
Optimizing NNI: done in 0.157654 secs using 99.97% CPU
Iteration 10 / LogL: -3270.150 / Time: 0h:2m:9s
Optimizing NNI: done in 0.138365 secs using 100% CPU
Optimizing NNI: done in 0.149009 secs using 100% CPU
Optimizing NNI: done in 0.103959 secs using 99.95% CPU
Optimizing NNI: done in 0.191414 secs using 100% CPU
Optimizing NNI: done in 0.133506 secs using 100% CPU
Optimizing NNI: done in 0.168844 secs using 69.33% CPU
Optimizing NNI: done in 0.129237 secs using 99.99% CPU
Optimizing NNI: done in 0.125198 secs using 100% CPU
Optimizing NNI: done in 0.107444 secs using 100% CPU
Optimizing NNI: done in 0.202171 secs using 99.98% CPU
Iteration 20 / LogL: -3266.808 / Time: 0h:2m:11s
Finish initializing candidate tree set (20)
Current best tree score: -3262.592 / CPU time: 5.473
Number of iterations: 20
--------------------------------------------------------------------
|               OPTIMIZING CANDIDATE TREE SET                      |
--------------------------------------------------------------------
Optimizing NNI: done in 0.194379 secs using 100% CPU
Optimizing NNI: done in 0.214128 secs using 99.98% CPU
Optimizing NNI: done in 0.224172 secs using 100% CPU
Optimizing NNI: done in 0.187692 secs using 99.99% CPU
Optimizing NNI: done in 0.229695 secs using 100% CPU
Optimizing NNI: done in 0.170253 secs using 100% CPU
Optimizing NNI: done in 0.266136 secs using 72.75% CPU
Estimate model parameters (epsilon = 0.100)
BETTER TREE FOUND at iteration 27: -3261.672
Optimizing NNI: done in 0.194536 secs using 99.96% CPU
Optimizing NNI: done in 0.1729 secs using 100% CPU
Optimizing NNI: done in 0.258141 secs using 68.79% CPU
Iteration 30 / LogL: -3283.190 / Time: 0h:2m:13s (0h:7m:26s left)
Optimizing NNI: done in 0.242128 secs using 75.15% CPU
Optimizing NNI: done in 0.294285 secs using 60.58% CPU
Optimizing NNI: done in 0.293411 secs using 79.5% CPU
Optimizing NNI: done in 0.262368 secs using 68.94% CPU
Optimizing NNI: done in 0.443042 secs using 51.25% CPU
Optimizing NNI: done in 0.336259 secs using 67.87% CPU
Optimizing NNI: done in 0.255612 secs using 74.96% CPU
Estimate model parameters (epsilon = 0.100)
BETTER TREE FOUND at iteration 37: -3261.474
Optimizing NNI: done in 0.179545 secs using 99.99% CPU
Optimizing NNI: done in 0.187683 secs using 100% CPU
Optimizing NNI: done in 0.244295 secs using 100% CPU
UPDATE BEST LOG-LIKELIHOOD: -3261.472
Iteration 40 / LogL: -3261.472 / Time: 0h:2m:16s (0h:5m:39s left)
Optimizing NNI: done in 0.193033 secs using 99.96% CPU
Optimizing NNI: done in 0.225181 secs using 100% CPU
Optimizing NNI: done in 0.173885 secs using 99.98% CPU
Optimizing NNI: done in 0.189943 secs using 95.79% CPU
Optimizing NNI: done in 0.20966 secs using 99.71% CPU
Optimizing NNI: done in 0.202798 secs using 99.99% CPU
Optimizing NNI: done in 0.217034 secs using 100% CPU
Optimizing NNI: done in 0.191233 secs using 99.93% CPU
Optimizing NNI: done in 0.185682 secs using 100% CPU
Optimizing NNI: done in 0.296301 secs using 100% CPU
Iteration 50 / LogL: -3262.940 / Time: 0h:2m:18s (0h:4m:6s left)
Optimizing NNI: done in 0.222476 secs using 99.99% CPU
Optimizing NNI: done in 0.200527 secs using 100% CPU
Optimizing NNI: done in 0.157582 secs using 99.97% CPU
Optimizing NNI: done in 0.209408 secs using 99.01% CPU
Optimizing NNI: done in 0.188373 secs using 100% CPU
Optimizing NNI: done in 0.133851 secs using 100% CPU
Optimizing NNI: done in 0.188559 secs using 100% CPU
Optimizing NNI: done in 0.246293 secs using 100% CPU
Optimizing NNI: done in 0.157552 secs using 100% CPU
Optimizing NNI: done in 0.207816 secs using 100% CPU
Iteration 60 / LogL: -3262.505 / Time: 0h:2m:20s (0h:3m:3s left)
Optimizing NNI: done in 0.178879 secs using 99.99% CPU
Optimizing NNI: done in 0.228453 secs using 89.15% CPU
Optimizing NNI: done in 0.16644 secs using 97.7% CPU
Optimizing NNI: done in 0.170134 secs using 100% CPU
Optimizing NNI: done in 0.22651 secs using 100% CPU
Optimizing NNI: done in 0.187303 secs using 93.62% CPU
Optimizing NNI: done in 0.230834 secs using 72.27% CPU
Optimizing NNI: done in 0.300863 secs using 73.41% CPU
Optimizing NNI: done in 0.18998 secs using 100% CPU
Optimizing NNI: done in 0.174052 secs using 99.97% CPU
Iteration 70 / LogL: -3261.913 / Time: 0h:2m:22s (0h:2m:18s left)
Optimizing NNI: done in 0.24388 secs using 100% CPU
Optimizing NNI: done in 0.222639 secs using 100% CPU
Optimizing NNI: done in 0.197516 secs using 100% CPU
Optimizing NNI: done in 0.189595 secs using 100% CPU
Optimizing NNI: done in 0.154623 secs using 100% CPU
Optimizing NNI: done in 0.184453 secs using 97.93% CPU
Optimizing NNI: done in 0.175121 secs using 100% CPU
Optimizing NNI: done in 0.219642 secs using 100% CPU
Optimizing NNI: done in 0.21052 secs using 100% CPU
Optimizing NNI: done in 0.187355 secs using 99.98% CPU
Iteration 80 / LogL: -3270.376 / Time: 0h:2m:24s (0h:1m:44s left)
Optimizing NNI: done in 0.144374 secs using 100% CPU
Estimate model parameters (epsilon = 0.100)
BETTER TREE FOUND at iteration 81: -3261.399
Optimizing NNI: done in 0.146113 secs using 99.95% CPU
Optimizing NNI: done in 0.143691 secs using 100% CPU
Optimizing NNI: done in 0.160919 secs using 100% CPU
Optimizing NNI: done in 0.165921 secs using 99.97% CPU
Optimizing NNI: done in 0.165955 secs using 100% CPU
Optimizing NNI: done in 0.137792 secs using 100% CPU
Optimizing NNI: done in 0.177532 secs using 100% CPU
Optimizing NNI: done in 0.269857 secs using 99.98% CPU
Optimizing NNI: done in 0.189925 secs using 100% CPU
Iteration 90 / LogL: -3261.518 / Time: 0h:2m:26s (0h:2m:29s left)
Optimizing NNI: done in 0.192349 secs using 99.99% CPU
Optimizing NNI: done in 0.182806 secs using 100% CPU
Optimizing NNI: done in 0.155692 secs using 100% CPU
Optimizing NNI: done in 0.181856 secs using 100% CPU
Optimizing NNI: done in 0.301778 secs using 99.99% CPU
Optimizing NNI: done in 0.18751 secs using 100% CPU
Optimizing NNI: done in 0.174985 secs using 97.85% CPU
Optimizing NNI: done in 0.181586 secs using 100% CPU
Optimizing NNI: done in 0.241061 secs using 100% CPU
Optimizing NNI: done in 0.192549 secs using 99.97% CPU
Iteration 100 / LogL: -3261.737 / Time: 0h:2m:28s (0h:2m:1s left)
Optimizing NNI: done in 0.189719 secs using 100% CPU
Optimizing NNI: done in 0.254372 secs using 100% CPU
BETTER TREE FOUND at iteration 102: -3261.399
Optimizing NNI: done in 0.18905 secs using 100% CPU
Optimizing NNI: done in 0.221009 secs using 100% CPU
Optimizing NNI: done in 0.206819 secs using 99.98% CPU
Optimizing NNI: done in 0.209158 secs using 100% CPU
Optimizing NNI: done in 0.222651 secs using 100% CPU
Optimizing NNI: done in 0.205881 secs using 86.39% CPU
Optimizing NNI: done in 0.180537 secs using 100% CPU
Optimizing NNI: done in 0.177718 secs using 99.98% CPU
Iteration 110 / LogL: -3263.516 / Time: 0h:2m:30s (0h:2m:7s left)
Optimizing NNI: done in 0.1767 secs using 99.99% CPU
Optimizing NNI: done in 0.17339 secs using 100% CPU
BETTER TREE FOUND at iteration 112: -3261.397
Optimizing NNI: done in 0.182168 secs using 99.98% CPU
Optimizing NNI: done in 0.276329 secs using 56.46% CPU
Optimizing NNI: done in 0.238969 secs using 87.21% CPU
Optimizing NNI: done in 0.199597 secs using 100% CPU
Optimizing NNI: done in 0.267725 secs using 68.53% CPU
Optimizing NNI: done in 0.348233 secs using 56.03% CPU
Optimizing NNI: done in 0.193912 secs using 99.95% CPU
BETTER TREE FOUND at iteration 119: -3261.397
Optimizing NNI: done in 0.23203 secs using 79.29% CPU
Iteration 120 / LogL: -3261.397 / Time: 0h:2m:33s (0h:2m:7s left)
Optimizing NNI: done in 0.149513 secs using 97.82% CPU
Optimizing NNI: done in 0.19236 secs using 99.82% CPU
Optimizing NNI: done in 0.192972 secs using 99.01% CPU
Optimizing NNI: done in 0.175848 secs using 99.94% CPU
Optimizing NNI: done in 0.197645 secs using 99.94% CPU
Optimizing NNI: done in 0.143216 secs using 99.91% CPU
Optimizing NNI: done in 0.172519 secs using 99.94% CPU
Optimizing NNI: done in 0.16217 secs using 97.29% CPU
Optimizing NNI: done in 0.186577 secs using 99.92% CPU
Optimizing NNI: done in 0.178709 secs using 99.93% CPU
Iteration 130 / LogL: -3261.739 / Time: 0h:2m:34s (0h:1m:46s left)
Optimizing NNI: done in 0.188903 secs using 99.95% CPU
Optimizing NNI: done in 0.188488 secs using 99.88% CPU
Optimizing NNI: done in 0.225775 secs using 99.76% CPU
Optimizing NNI: done in 0.25161 secs using 99.95% CPU
Optimizing NNI: done in 0.180305 secs using 99.48% CPU
Optimizing NNI: done in 0.168239 secs using 99.93% CPU
Optimizing NNI: done in 0.177029 secs using 99.66% CPU
Optimizing NNI: done in 0.204084 secs using 92.11% CPU
Optimizing NNI: done in 0.196856 secs using 91.82% CPU
Optimizing NNI: done in 0.212547 secs using 92.47% CPU
Iteration 140 / LogL: -3262.866 / Time: 0h:2m:36s (0h:1m:29s left)
Optimizing NNI: done in 0.149393 secs using 99.99% CPU
Optimizing NNI: done in 0.242348 secs using 99.79% CPU
Optimizing NNI: done in 0.171643 secs using 97.64% CPU
Optimizing NNI: done in 0.153659 secs using 99.93% CPU
Optimizing NNI: done in 0.204869 secs using 99.95% CPU
Optimizing NNI: done in 0.178403 secs using 99.94% CPU
Optimizing NNI: done in 0.193806 secs using 99.48% CPU
Optimizing NNI: done in 0.154825 secs using 78.22% CPU
Optimizing NNI: done in 0.219705 secs using 78.07% CPU
Optimizing NNI: done in 0.208884 secs using 80.78% CPU
Iteration 150 / LogL: -3261.774 / Time: 0h:2m:38s (0h:1m:13s left)
Optimizing NNI: done in 0.43336 secs using 62.16% CPU
Optimizing NNI: done in 0.424143 secs using 51.01% CPU
Optimizing NNI: done in 0.266278 secs using 67.15% CPU
Optimizing NNI: done in 0.180185 secs using 99.99% CPU
Optimizing NNI: done in 0.18693 secs using 100% CPU
Optimizing NNI: done in 0.203385 secs using 100% CPU
Optimizing NNI: done in 0.205387 secs using 99.96% CPU
Optimizing NNI: done in 0.145158 secs using 99.99% CPU
Optimizing NNI: done in 0.153212 secs using 99.94% CPU
Optimizing NNI: done in 0.150262 secs using 99.97% CPU
Iteration 160 / LogL: -3261.399 / Time: 0h:2m:41s (0h:0m:59s left)
Optimizing NNI: done in 0.19223 secs using 99.89% CPU
Optimizing NNI: done in 0.188918 secs using 99.94% CPU
Optimizing NNI: done in 0.157745 secs using 99.84% CPU
Optimizing NNI: done in 0.197431 secs using 99.94% CPU
Optimizing NNI: done in 0.262931 secs using 100% CPU
Optimizing NNI: done in 0.237688 secs using 81.5% CPU
Optimizing NNI: done in 0.178121 secs using 93.25% CPU
Optimizing NNI: done in 0.228804 secs using 79.05% CPU
Optimizing NNI: done in 0.200915 secs using 100% CPU
Optimizing NNI: done in 0.182144 secs using 100% CPU
Iteration 170 / LogL: -3269.906 / Time: 0h:2m:43s (0h:0m:47s left)
Optimizing NNI: done in 0.17521 secs using 100% CPU
Optimizing NNI: done in 0.199598 secs using 100% CPU
Optimizing NNI: done in 0.264042 secs using 64.24% CPU
Optimizing NNI: done in 0.291756 secs using 54.6% CPU
Optimizing NNI: done in 0.255858 secs using 79.13% CPU
Optimizing NNI: done in 0.225394 secs using 100% CPU
Optimizing NNI: done in 0.171858 secs using 100% CPU
Optimizing NNI: done in 0.213309 secs using 100% CPU
Optimizing NNI: done in 0.180891 secs using 99.99% CPU
Optimizing NNI: done in 0.204186 secs using 100% CPU
Iteration 180 / LogL: -3261.736 / Time: 0h:2m:45s (0h:0m:36s left)
Optimizing NNI: done in 0.191241 secs using 100% CPU
Optimizing NNI: done in 0.236093 secs using 100% CPU
Optimizing NNI: done in 0.155331 secs using 99.96% CPU
Optimizing NNI: done in 0.203158 secs using 98% CPU
Optimizing NNI: done in 0.194856 secs using 100% CPU
Optimizing NNI: done in 0.20016 secs using 100% CPU
Optimizing NNI: done in 0.237673 secs using 77.93% CPU
Optimizing NNI: done in 0.282339 secs using 94.19% CPU
Optimizing NNI: done in 0.19941 secs using 100% CPU
Optimizing NNI: done in 0.206373 secs using 99.99% CPU
Iteration 190 / LogL: -3272.604 / Time: 0h:2m:47s (0h:0m:25s left)
Optimizing NNI: done in 0.171625 secs using 100% CPU
Estimate model parameters (epsilon = 0.100)
BETTER TREE FOUND at iteration 191: -3261.198
Optimizing NNI: done in 0.19141 secs using 99.95% CPU
Optimizing NNI: done in 0.232406 secs using 100% CPU
BETTER TREE FOUND at iteration 193: -3261.196
Optimizing NNI: done in 0.248378 secs using 69.15% CPU
Optimizing NNI: done in 0.210406 secs using 99.76% CPU
Optimizing NNI: done in 0.361185 secs using 57.3% CPU
Optimizing NNI: done in 0.197896 secs using 99.89% CPU
Optimizing NNI: done in 0.192868 secs using 99.97% CPU
Optimizing NNI: done in 0.197584 secs using 99.97% CPU
Optimizing NNI: done in 0.254442 secs using 99.94% CPU
Iteration 200 / LogL: -3262.492 / Time: 0h:2m:50s (0h:1m:19s left)
Optimizing NNI: done in 0.224833 secs using 99.85% CPU
Optimizing NNI: done in 0.188297 secs using 98.04% CPU
Optimizing NNI: done in 0.158223 secs using 99.96% CPU
Optimizing NNI: done in 0.193021 secs using 99.97% CPU
Optimizing NNI: done in 0.176301 secs using 99.89% CPU
Optimizing NNI: done in 0.225102 secs using 99.83% CPU
Optimizing NNI: done in 0.228336 secs using 99.9% CPU
Optimizing NNI: done in 0.27264 secs using 96.57% CPU
Optimizing NNI: done in 0.222349 secs using 90.95% CPU
Optimizing NNI: done in 0.194254 secs using 99.82% CPU
Iteration 210 / LogL: -3265.286 / Time: 0h:2m:52s (0h:1m:8s left)
Optimizing NNI: done in 0.210417 secs using 99.94% CPU
Optimizing NNI: done in 0.269706 secs using 99.88% CPU
Optimizing NNI: done in 0.246711 secs using 99.98% CPU
Optimizing NNI: done in 0.203728 secs using 99.89% CPU
Optimizing NNI: done in 0.178789 secs using 99.78% CPU
Optimizing NNI: done in 0.157549 secs using 99.84% CPU
Optimizing NNI: done in 0.1929 secs using 98.93% CPU
Optimizing NNI: done in 0.188668 secs using 99.92% CPU
Optimizing NNI: done in 0.200119 secs using 99.82% CPU
Optimizing NNI: done in 0.182215 secs using 99.97% CPU
Iteration 220 / LogL: -3261.848 / Time: 0h:2m:54s (0h:0m:58s left)
Optimizing NNI: done in 0.228308 secs using 92.96% CPU
Optimizing NNI: done in 0.17934 secs using 99.81% CPU
Optimizing NNI: done in 0.181096 secs using 99.96% CPU
Optimizing NNI: done in 0.242647 secs using 99.91% CPU
Optimizing NNI: done in 0.208293 secs using 99.79% CPU
Optimizing NNI: done in 0.204919 secs using 99.7% CPU
Optimizing NNI: done in 0.195524 secs using 99.97% CPU
Optimizing NNI: done in 0.16429 secs using 99.95% CPU
Optimizing NNI: done in 0.247745 secs using 97.06% CPU
Optimizing NNI: done in 0.156637 secs using 99.91% CPU
Iteration 230 / LogL: -3263.962 / Time: 0h:2m:56s (0h:0m:48s left)
Optimizing NNI: done in 0.183006 secs using 99.82% CPU
Optimizing NNI: done in 0.188182 secs using 97.93% CPU
Optimizing NNI: done in 0.231551 secs using 99.87% CPU
Optimizing NNI: done in 0.137843 secs using 98.65% CPU
Optimizing NNI: done in 0.2291 secs using 64.95% CPU
Optimizing NNI: done in 0.319542 secs using 62.42% CPU
Optimizing NNI: done in 0.177826 secs using 99.98% CPU
Optimizing NNI: done in 0.181792 secs using 99.53% CPU
Optimizing NNI: done in 0.432234 secs using 56.16% CPU
Optimizing NNI: done in 0.237344 secs using 70.44% CPU
Iteration 240 / LogL: -3261.196 / Time: 0h:2m:58s (0h:0m:39s left)
Optimizing NNI: done in 0.220176 secs using 77.2% CPU
Optimizing NNI: done in 0.183507 secs using 99.99% CPU
Optimizing NNI: done in 0.200213 secs using 98.5% CPU
Optimizing NNI: done in 0.185671 secs using 100% CPU
Optimizing NNI: done in 0.313698 secs using 64.7% CPU
Optimizing NNI: done in 0.204237 secs using 84.33% CPU
Optimizing NNI: done in 0.192284 secs using 99.98% CPU
Optimizing NNI: done in 0.171829 secs using 100% CPU
Optimizing NNI: done in 0.133937 secs using 99.98% CPU
Optimizing NNI: done in 0.257539 secs using 100% CPU
Iteration 250 / LogL: -3261.516 / Time: 0h:3m:0s (0h:0m:31s left)
Optimizing NNI: done in 0.210935 secs using 99.98% CPU
Optimizing NNI: done in 0.19535 secs using 100% CPU
Optimizing NNI: done in 0.226197 secs using 67.93% CPU
Optimizing NNI: done in 0.374139 secs using 56.65% CPU
Optimizing NNI: done in 0.19081 secs using 87.1% CPU
Optimizing NNI: done in 0.19656 secs using 80% CPU
Optimizing NNI: done in 0.273933 secs using 65.27% CPU
Optimizing NNI: done in 0.194072 secs using 75.56% CPU
Optimizing NNI: done in 0.247598 secs using 61.36% CPU
Optimizing NNI: done in 0.301825 secs using 62.42% CPU
Iteration 260 / LogL: -3262.491 / Time: 0h:3m:3s (0h:0m:23s left)
Optimizing NNI: done in 0.266218 secs using 65.96% CPU
Optimizing NNI: done in 0.246726 secs using 77.51% CPU
Optimizing NNI: done in 0.205792 secs using 77.03% CPU
Optimizing NNI: done in 0.241431 secs using 84.55% CPU
Optimizing NNI: done in 0.160528 secs using 98.7% CPU
Optimizing NNI: done in 0.166206 secs using 100% CPU
Optimizing NNI: done in 0.177839 secs using 100% CPU
Optimizing NNI: done in 0.150115 secs using 100% CPU
Optimizing NNI: done in 0.150602 secs using 100% CPU
Optimizing NNI: done in 0.179751 secs using 100% CPU
Iteration 270 / LogL: -3261.196 / Time: 0h:3m:5s (0h:0m:15s left)
Optimizing NNI: done in 0.196645 secs using 97.98% CPU
Optimizing NNI: done in 0.17443 secs using 100% CPU
Optimizing NNI: done in 0.168576 secs using 100% CPU
Optimizing NNI: done in 0.150645 secs using 99.99% CPU
Optimizing NNI: done in 0.16239 secs using 100% CPU
Optimizing NNI: done in 0.175038 secs using 97.7% CPU
Optimizing NNI: done in 0.190925 secs using 100% CPU
Optimizing NNI: done in 0.161363 secs using 100% CPU
Optimizing NNI: done in 0.202826 secs using 100% CPU
Optimizing NNI: done in 0.165601 secs using 100% CPU
Iteration 280 / LogL: -3270.420 / Time: 0h:3m:7s (0h:0m:8s left)
Optimizing NNI: done in 0.297882 secs using 61.51% CPU
Optimizing NNI: done in 0.242355 secs using 71.38% CPU
Optimizing NNI: done in 0.18582 secs using 89.4% CPU
Optimizing NNI: done in 0.125449 secs using 99.95% CPU
Optimizing NNI: done in 0.167905 secs using 100% CPU
Optimizing NNI: done in 0.197436 secs using 100% CPU
Optimizing NNI: done in 0.231708 secs using 79.29% CPU
Optimizing NNI: done in 0.257505 secs using 78.14% CPU
Optimizing NNI: done in 0.234731 secs using 91.14% CPU
Optimizing NNI: done in 0.176564 secs using 100% CPU
Iteration 290 / LogL: -3261.612 / Time: 0h:3m:9s (0h:0m:1s left)
Optimizing NNI: done in 0.181322 secs using 99.73% CPU
Optimizing NNI: done in 0.174588 secs using 99.99% CPU
Optimizing NNI: done in 0.160349 secs using 100% CPU
Optimizing NNI: done in 0.152511 secs using 100% CPU
TREE SEARCH COMPLETED AFTER 294 ITERATIONS / Time: 0h:3m:10s

--------------------------------------------------------------------
|                    FINALIZING TREE SEARCH                        |
--------------------------------------------------------------------
Performs final model parameters optimization
Estimate model parameters (epsilon = 0.010)
1. Initial log-likelihood: -3261.196
2. Current log-likelihood: -3261.154
3. Current log-likelihood: -3261.114
4. Current log-likelihood: -3261.075
5. Current log-likelihood: -3261.038
6. Current log-likelihood: -3261.003
7. Current log-likelihood: -3260.962
8. Current log-likelihood: -3260.931
9. Current log-likelihood: -3260.893
10. Current log-likelihood: -3260.865
11. Current log-likelihood: -3260.829
12. Current log-likelihood: -3260.803
13. Current log-likelihood: -3260.769
14. Current log-likelihood: -3260.737
15. Current log-likelihood: -3260.705
16. Current log-likelihood: -3260.683
17. Current log-likelihood: -3260.652
18. Current log-likelihood: -3260.631
19. Current log-likelihood: -3260.601
20. Current log-likelihood: -3260.581
21. Current log-likelihood: -3260.553
22. Current log-likelihood: -3260.534
23. Current log-likelihood: -3260.506
24. Current log-likelihood: -3260.488
25. Current log-likelihood: -3260.462
26. Current log-likelihood: -3260.445
27. Current log-likelihood: -3260.420
28. Current log-likelihood: -3260.403
29. Current log-likelihood: -3260.379
30. Current log-likelihood: -3260.363
31. Current log-likelihood: -3260.347
32. Current log-likelihood: -3260.330
33. Current log-likelihood: -3260.315
34. Current log-likelihood: -3260.299
35. Current log-likelihood: -3260.283
36. Current log-likelihood: -3260.268
37. Current log-likelihood: -3260.253
38. Current log-likelihood: -3260.239
39. Current log-likelihood: -3260.224
40. Current log-likelihood: -3260.210
41. Current log-likelihood: -3260.196
42. Current log-likelihood: -3260.182
43. Current log-likelihood: -3260.168
44. Current log-likelihood: -3260.155
45. Current log-likelihood: -3260.141
46. Current log-likelihood: -3260.128
47. Current log-likelihood: -3260.115
48. Current log-likelihood: -3260.103
49. Current log-likelihood: -3260.090
50. Current log-likelihood: -3260.078
51. Current log-likelihood: -3260.066
52. Current log-likelihood: -3260.054
53. Current log-likelihood: -3260.043
54. Current log-likelihood: -3260.031
55. Current log-likelihood: -3260.020
56. Current log-likelihood: -3260.009
57. Current log-likelihood: -3259.998
58. Current log-likelihood: -3259.988
59. Current log-likelihood: -3259.977
60. Current log-likelihood: -3259.967
Optimal log-likelihood: -3259.952
Rate parameters:  A-C: 2.88434  A-G: 6.76470  A-T: 2.14101  C-G: 3.61420  C-T: 13.78450  G-T: 1.00000
Base frequencies:  A: 0.318  C: 0.177  G: 0.263  T: 0.241
Site proportion and rates:  (0.403,0.091) (0.327,0.591) (0.152,1.667) (0.117,4.396)
Parameters optimization took 60 rounds (5.176 sec)
BEST SCORE FOUND : -3259.952
Total tree length: 3.116

Total number of iterations: 294
CPU time used for tree search: 59.295 sec (0h:0m:59s)
Wall-clock time used for tree search: 64.264 sec (0h:1m:4s)
Total CPU time used: 223.421 sec (0h:3m:43s)
Total wall-clock time used: 195.312 sec (0h:3m:15s)

Analysis results written to: 
  IQ-TREE report:                6457_iqtree_preliminary_superstrict_excluding_hybrids.iqtree
  Maximum-likelihood tree:       6457_iqtree_preliminary_superstrict_excluding_hybrids.treefile
  Likelihood distances:          6457_iqtree_preliminary_superstrict_excluding_hybrids.mldist
  Screen log file:               6457_iqtree_preliminary_superstrict_excluding_hybrids.log

ALISIM COMMAND
--------------
--alisim simulated_MSA -t 6457_iqtree_preliminary_superstrict_excluding_hybrids.treefile -m "GTR{2.88434,6.7647,2.14101,3.6142,13.7845}+F{0.318417,0.176766,0.263386,0.241431}+R4{0.4031,0.0907158,0.327189,0.591098,0.152289,1.66699,0.117422,4.39582}" --length 228

Date and Time: Fri Jun  2 08:21:28 2023
