IQ-TREE multicore version 2.2.2 COVID-edition for Linux 64-bit built Sep 20 2022
Developed by Bui Quang Minh, James Barbetti, Nguyen Lam Tung,
Olga Chernomor, Heiko Schmidt, Dominik Schrempf, Michael Woodhams, Ly Trong Nhan.

Host:    netdc-bms-c11f (AVX2, FMA3, 377 GB RAM)
Command: /home/kasper.hendriks/iqtree-2.2.2-Linux/bin/iqtree2 -s 6458_taper_preliminary_superstrict_excluding_hybrids.fasta -nm 1000 -m GTR+F+R -nt AUTO --prefix 6458_iqtree_preliminary_superstrict_excluding_hybrids
Seed:    573510 (Using SPRNG - Scalable Parallel Random Number Generator)
Time:    Fri Jun  2 08:18:13 2023
Kernel:  AVX+FMA - auto-detect threads (56 CPU cores detected)

Reading alignment file 6458_taper_preliminary_superstrict_excluding_hybrids.fasta ... Fasta format detected
Reading fasta file: done in 0.00182319 secs
Alignment most likely contains DNA/RNA sequences
Constructing alignment: done in 0.00423384 secs using 1326% CPU
Alignment has 123 sequences with 601 columns, 469 distinct patterns
249 parsimony-informative, 95 singleton sites, 257 constant sites
               Gap/Ambiguity  Composition  p-value
Analyzing sequences: done in 0.011992 secs using 1290% CPU
   1  CRNC             3.49%    passed     82.91%
   2  HYZL             0.00%    passed     80.63%
   3  MYZV             0.00%    passed     62.56%
   4  SRR6441723       0.00%    passed     90.79%
   5  ERR4210213      96.01%    passed     45.03%
   6  ERR2789774       0.00%    passed     98.89%
   7  PAFTOL_019361   27.79%    passed     81.56%
   8  S0055            1.16%    passed     99.95%
   9  S0196sl         15.47%    passed     53.59%
  10  S0278            7.99%    passed     82.71%
  11  S0281            0.50%    passed     98.71%
  12  S0282            0.00%    passed     99.01%
  13  S0289            0.00%    passed     43.52%
  14  S0292            1.16%    passed     98.24%
  15  S0293            0.50%    passed     99.07%
  16  S0294            0.83%    passed     96.93%
  17  S0299            4.66%    passed     55.88%
  18  S0303            0.00%    passed     99.68%
  19  S0308            2.50%    passed     89.22%
  20  S0320            5.32%    passed     36.89%
  21  S0322            0.17%    passed     99.64%
  22  S0327            2.50%    passed     71.80%
  23  S0335            3.16%    passed     97.09%
  24  S0345           46.26%    passed     40.65%
  25  S0376            1.16%    passed     86.56%
  26  S0400           25.12%    passed     92.68%
  27  S0405            0.33%    passed     99.89%
  28  S0407sl          7.99%    passed     45.43%
  29  S0412sl          0.33%    passed     92.05%
  30  S0417            4.99%    passed     85.45%
  31  S0419            0.00%    passed     92.38%
  32  S0427            0.00%    passed     98.85%
  33  S0428sl         16.31%    passed     55.14%
  34  S0430            0.67%    passed     96.86%
  35  S0478            3.00%    passed     84.16%
  36  S0552sl          0.17%    passed     98.22%
  37  S0558            0.00%    passed     99.55%
  38  S0616            0.67%    passed     97.85%
  39  S0620           37.44%    passed     85.92%
  40  S0624            3.83%    passed     66.46%
  41  S0641            0.00%    passed     97.39%
  42  S0643            1.83%    passed     94.81%
  43  S0645sl          0.50%    passed     50.22%
  44  S0656sl          1.83%    passed     91.95%
  45  S0673            0.00%    passed     47.83%
  46  S0689            0.33%    passed     83.60%
  47  S0690           27.95%    passed     95.69%
  48  S0720            1.00%    passed     91.76%
  49  S0724sl          0.00%    passed     99.33%
  50  S0735            0.33%    passed     96.26%
  51  S0742            0.17%    passed     91.90%
  52  S0748            0.17%    passed     99.16%
  53  S0753            2.00%    passed     90.97%
  54  S0756            0.00%    passed     98.35%
  55  S0758            2.50%    passed     99.73%
  56  S0760            0.00%    passed     88.69%
  57  S0763            0.17%    passed     92.75%
  58  S0765            0.00%    passed     86.50%
  59  S0770            0.17%    passed     95.02%
  60  S0771            0.17%    passed     91.72%
  61  S0795            0.50%    passed     86.93%
  62  S0827            1.33%    passed     86.33%
  63  S0888            0.50%    passed     89.81%
  64  S0894            7.32%    passed     61.62%
  65  S0899            6.49%    passed     90.58%
  66  S0906            0.00%    passed     88.98%
  67  S0951           11.81%    passed     58.49%
  68  S0952            1.66%    passed     98.30%
  69  S0956            1.33%    passed     95.41%
  70  S0959            0.50%    passed     97.95%
  71  S0960            6.66%    passed     97.75%
  72  S0964            0.33%    passed     98.07%
  73  S1052sl          0.00%    passed     98.48%
  74  S1083            0.00%    passed     86.14%
  75  S1100            0.33%    passed     97.35%
  76  S1102            0.67%    passed     83.51%
  77  S1110            6.66%    passed     94.69%
  78  S1120            1.50%    passed     96.64%
  79  S1128            3.49%    passed     96.51%
  80  S1129sl          0.50%    passed     98.53%
  81  S1148            0.50%    passed     90.62%
  82  S1177            1.33%    passed     84.58%
  83  S1180            0.00%    passed     93.08%
  84  S1187sl         13.64%    passed     76.56%
  85  S1189            0.17%    passed     94.68%
  86  S1201sl          0.00%    passed     87.94%
  87  S1210            0.00%    passed     97.64%
  88  S1211            0.00%    passed     87.80%
  89  S1214sl          0.00%    passed     92.64%
  90  S1223            0.33%    passed     94.65%
  91  S1227            0.00%    passed     99.15%
  92  S1235sl          0.17%    passed     70.06%
  93  S1238sl          0.00%    passed     97.75%
  94  S1239            0.33%    passed     39.09%
  95  S1245            1.00%    passed     45.00%
  96  S1246            5.32%    passed     44.34%
  97  S1249            0.00%    passed     99.90%
  98  S1250sl          4.83%    passed     54.06%
  99  S1251            0.00%    passed     43.52%
 100  S1260            6.49%    passed     99.93%
 101  S1266sl          0.67%    passed     99.03%
 102  S1269            0.17%    passed     99.70%
 103  S1278            0.00%    passed     96.40%
 104  S1315            2.50%    passed     98.60%
 105  S1332            0.00%    passed     87.60%
 106  S1366            0.17%    passed     91.94%
 107  S1369            0.17%    passed     99.09%
 108  S1370            0.83%    passed     99.31%
 109  S1375            0.67%    passed     97.96%
 110  S1376            0.00%    passed     88.07%
 111  S1381            0.00%    passed     83.29%
 112  S1405           72.88%    passed     51.58%
 113  S1422            3.33%    passed     87.56%
 114  S1449            0.17%    passed     96.65%
 115  S1451           54.41%    passed     44.88%
 116  S1460            0.17%    passed     92.56%
 117  S1462            0.67%    passed     88.98%
 118  S1475            0.50%    passed     26.99%
 119  S1498            0.17%    passed     84.00%
 120  S1539            0.17%    passed     55.87%
 121  S_670            0.50%    passed     99.69%
 122  SRR11470320      0.00%    passed     82.57%
 123  SRR8528357       0.00%    passed     98.22%
WARNING: 3 sequences contain more than 50% gaps/ambiguity
****  TOTAL            4.75%  0 sequences failed composition chi2 test (p-value<5%; df=3)
Checking for duplicate sequences: done in 0.010463 secs using 1299% CPU

Create initial parsimony tree by phylogenetic likelihood library (PLL)... 0.083 seconds

NOTE: 7 MB RAM (0 GB) is required!
Measuring multi-threading efficiency up to 56 CPU cores
Increase to 10 rounds for branch lengths
182 trees examined
Threads: 1 / Time: 56.027 sec / Speedup: 1.000 / Efficiency: 100% / LogL: -15196
Threads: 2 / Time: 42.548 sec / Speedup: 1.317 / Efficiency: 66% / LogL: -15196
Threads: 3 / Time: 54.733 sec / Speedup: 1.024 / Efficiency: 34% / LogL: -15196
Determining AUTO threadcount: done in 153.325 secs using 135.9% CPU
BEST NUMBER OF THREADS: 2

Estimate model parameters (epsilon = 0.100)
1. Initial log-likelihood: -9030.252
2. Current log-likelihood: -8608.577
3. Current log-likelihood: -8600.314
4. Current log-likelihood: -8596.502
5. Current log-likelihood: -8594.335
6. Current log-likelihood: -8593.223
7. Current log-likelihood: -8592.644
8. Current log-likelihood: -8592.208
9. Current log-likelihood: -8591.736
10. Current log-likelihood: -8591.212
11. Current log-likelihood: -8590.635
12. Current log-likelihood: -8590.051
13. Current log-likelihood: -8589.509
14. Current log-likelihood: -8589.009
15. Current log-likelihood: -8588.557
16. Current log-likelihood: -8588.138
17. Current log-likelihood: -8587.745
18. Current log-likelihood: -8587.384
19. Current log-likelihood: -8587.050
20. Current log-likelihood: -8586.737
21. Current log-likelihood: -8586.457
22. Current log-likelihood: -8586.202
23. Current log-likelihood: -8585.971
24. Current log-likelihood: -8585.763
25. Current log-likelihood: -8585.578
26. Current log-likelihood: -8585.411
27. Current log-likelihood: -8585.261
28. Current log-likelihood: -8585.127
29. Current log-likelihood: -8585.007
30. Current log-likelihood: -8584.898
Optimal log-likelihood: -8584.765
Rate parameters:  A-C: 1.44614  A-G: 3.71463  A-T: 1.99181  C-G: 1.56136  C-T: 8.22845  G-T: 1.00000
Base frequencies:  A: 0.297  C: 0.180  G: 0.253  T: 0.270
Site proportion and rates:  (0.561,0.130) (0.222,0.975) (0.185,2.708) (0.032,6.546)
Parameters optimization took 30 rounds (9.409 sec)
Wrote distance file to... 
Computing ML distances based on estimated model parameters...
Calculating distance matrix: done in 0.123873 secs using 124% CPU
Computing ML distances took 0.130801 sec (of wall-clock time) 0.156539 sec (of CPU time)
Setting up auxiliary I and S matrices: done in 0.000560045 secs using 199.4% CPU
Constructing RapidNJ tree: done in 0.00294518 secs using 330.1% CPU
Computing RapidNJ tree took 0.003625 sec (of wall-clock time) 0.011282 sec (of CPU time)
Log-likelihood of RapidNJ tree: -8670.734
--------------------------------------------------------------------
|             INITIALIZING CANDIDATE TREE SET                      |
--------------------------------------------------------------------
Generating 98 parsimony trees... 3.434 second
Computing log-likelihood of 98 initial trees ... 3.925 seconds
Current best score: -8563.697

Do NNI search on 20 best initial trees
Optimizing NNI: done in 0.382077 secs using 137.1% CPU
Estimate model parameters (epsilon = 0.100)
BETTER TREE FOUND at iteration 1: -8550.228
Optimizing NNI: done in 0.517314 secs using 144.5% CPU
Optimizing NNI: done in 0.628129 secs using 120.6% CPU
Optimizing NNI: done in 0.336851 secs using 172.6% CPU
Optimizing NNI: done in 0.468035 secs using 160.9% CPU
Optimizing NNI: done in 0.537392 secs using 152.1% CPU
Optimizing NNI: done in 0.392875 secs using 166.6% CPU
Estimate model parameters (epsilon = 0.100)
BETTER TREE FOUND at iteration 7: -8548.947
Optimizing NNI: done in 0.557534 secs using 152.9% CPU
Optimizing NNI: done in 0.383679 secs using 183.6% CPU
Optimizing NNI: done in 0.583967 secs using 151.9% CPU
Iteration 10 / LogL: -8555.645 / Time: 0h:2m:57s
Optimizing NNI: done in 0.475096 secs using 171.5% CPU
Optimizing NNI: done in 0.389903 secs using 172.4% CPU
Optimizing NNI: done in 0.712833 secs using 140.3% CPU
Optimizing NNI: done in 0.851818 secs using 87.06% CPU
Optimizing NNI: done in 0.729111 secs using 108.7% CPU
Optimizing NNI: done in 0.517465 secs using 155.5% CPU
Optimizing NNI: done in 0.448412 secs using 161.8% CPU
Optimizing NNI: done in 0.443304 secs using 168.9% CPU
Optimizing NNI: done in 0.334346 secs using 170.8% CPU
Optimizing NNI: done in 0.582259 secs using 133% CPU
Iteration 20 / LogL: -8556.808 / Time: 0h:3m:2s
Finish initializing candidate tree set (20)
Current best tree score: -8548.947 / CPU time: 19.726
Number of iterations: 20
--------------------------------------------------------------------
|               OPTIMIZING CANDIDATE TREE SET                      |
--------------------------------------------------------------------
Optimizing NNI: done in 0.534047 secs using 154.4% CPU
Optimizing NNI: done in 0.602689 secs using 152.4% CPU
Optimizing NNI: done in 0.859242 secs using 117.1% CPU
Optimizing NNI: done in 0.648625 secs using 125.3% CPU
Optimizing NNI: done in 0.858139 secs using 123.4% CPU
Optimizing NNI: done in 0.517111 secs using 156.5% CPU
Optimizing NNI: done in 0.517653 secs using 165.5% CPU
Estimate model parameters (epsilon = 0.100)
BETTER TREE FOUND at iteration 27: -8546.707
Optimizing NNI: done in 0.592528 secs using 168% CPU
Optimizing NNI: done in 0.874641 secs using 147.2% CPU
Optimizing NNI: done in 0.448463 secs using 164.3% CPU
Iteration 30 / LogL: -8547.974 / Time: 0h:3m:9s (0h:10m:34s left)
Optimizing NNI: done in 0.606649 secs using 157.2% CPU
Optimizing NNI: done in 0.563688 secs using 148.7% CPU
Optimizing NNI: done in 0.704652 secs using 129.6% CPU
Optimizing NNI: done in 0.585513 secs using 156.4% CPU
Optimizing NNI: done in 0.442858 secs using 177.5% CPU
Optimizing NNI: done in 0.418215 secs using 183% CPU
Optimizing NNI: done in 0.500129 secs using 157.9% CPU
Optimizing NNI: done in 0.693793 secs using 135.2% CPU
Optimizing NNI: done in 0.698329 secs using 130.2% CPU
Optimizing NNI: done in 0.562869 secs using 130.3% CPU
Iteration 40 / LogL: -8547.610 / Time: 0h:3m:15s (0h:7m:16s left)
Optimizing NNI: done in 0.802123 secs using 136.7% CPU
Optimizing NNI: done in 0.920182 secs using 119.5% CPU
Optimizing NNI: done in 0.674432 secs using 125% CPU
Optimizing NNI: done in 1.0305 secs using 111.4% CPU
Optimizing NNI: done in 0.649791 secs using 115.1% CPU
Optimizing NNI: done in 0.595019 secs using 134.6% CPU
Estimate model parameters (epsilon = 0.100)
BETTER TREE FOUND at iteration 46: -8546.550
Optimizing NNI: done in 0.584902 secs using 156.5% CPU
Optimizing NNI: done in 0.714473 secs using 108.4% CPU
Optimizing NNI: done in 0.445907 secs using 175.6% CPU
Optimizing NNI: done in 0.460624 secs using 164.9% CPU
Iteration 50 / LogL: -8559.083 / Time: 0h:3m:23s (0h:6m:37s left)
Optimizing NNI: done in 0.437755 secs using 175.3% CPU
Optimizing NNI: done in 0.739494 secs using 147.7% CPU
Optimizing NNI: done in 0.828299 secs using 124.4% CPU
Optimizing NNI: done in 0.69845 secs using 139.1% CPU
Optimizing NNI: done in 0.693423 secs using 133.7% CPU
Optimizing NNI: done in 0.556682 secs using 166.3% CPU
Optimizing NNI: done in 0.688916 secs using 121.9% CPU
Optimizing NNI: done in 0.740009 secs using 117.8% CPU
Optimizing NNI: done in 0.819854 secs using 119.5% CPU
Optimizing NNI: done in 0.806812 secs using 126% CPU
Iteration 60 / LogL: -8546.556 / Time: 0h:3m:30s (0h:5m:6s left)
Optimizing NNI: done in 0.477025 secs using 144.1% CPU
Optimizing NNI: done in 0.584221 secs using 142% CPU
Optimizing NNI: done in 0.612672 secs using 94.72% CPU
Optimizing NNI: done in 0.561322 secs using 147% CPU
Optimizing NNI: done in 0.467722 secs using 172.3% CPU
Estimate model parameters (epsilon = 0.100)
BETTER TREE FOUND at iteration 65: -8546.445
Optimizing NNI: done in 0.29538 secs using 198.2% CPU
Optimizing NNI: done in 0.305311 secs using 200% CPU
Optimizing NNI: done in 0.551487 secs using 165.7% CPU
Optimizing NNI: done in 0.778287 secs using 118.9% CPU
Optimizing NNI: done in 0.468846 secs using 174.7% CPU
Iteration 70 / LogL: -8553.501 / Time: 0h:3m:35s (0h:4m:56s left)
Optimizing NNI: done in 0.665089 secs using 167.9% CPU
Optimizing NNI: done in 0.392586 secs using 168% CPU
Optimizing NNI: done in 0.908012 secs using 132.1% CPU
Optimizing NNI: done in 0.413364 secs using 165.9% CPU
Optimizing NNI: done in 0.66668 secs using 167.9% CPU
Optimizing NNI: done in 0.634263 secs using 162.8% CPU
Estimate model parameters (epsilon = 0.100)
BETTER TREE FOUND at iteration 76: -8546.351
Optimizing NNI: done in 0.397053 secs using 178.7% CPU
Optimizing NNI: done in 0.614303 secs using 159% CPU
Optimizing NNI: done in 0.424878 secs using 170.3% CPU
Optimizing NNI: done in 0.718524 secs using 116.4% CPU
Iteration 80 / LogL: -8546.514 / Time: 0h:3m:41s (0h:4m:29s left)
Optimizing NNI: done in 0.687292 secs using 108.7% CPU
Optimizing NNI: done in 0.421644 secs using 198.3% CPU
Optimizing NNI: done in 0.443425 secs using 178% CPU
Optimizing NNI: done in 0.372507 secs using 198.6% CPU
Optimizing NNI: done in 0.594127 secs using 157.7% CPU
Optimizing NNI: done in 0.473804 secs using 180.5% CPU
Optimizing NNI: done in 0.325482 secs using 199.2% CPU
Optimizing NNI: done in 0.508591 secs using 161.7% CPU
Optimizing NNI: done in 0.805821 secs using 94.02% CPU
Optimizing NNI: done in 0.532405 secs using 173.3% CPU
Iteration 90 / LogL: -8547.418 / Time: 0h:3m:47s (0h:3m:39s left)
Optimizing NNI: done in 0.294681 secs using 199.7% CPU
Optimizing NNI: done in 0.431793 secs using 180% CPU
Optimizing NNI: done in 0.427851 secs using 189.1% CPU
Optimizing NNI: done in 0.428099 secs using 159.4% CPU
Optimizing NNI: done in 0.72377 secs using 98.03% CPU
Optimizing NNI: done in 0.448386 secs using 170.2% CPU
Optimizing NNI: done in 0.565729 secs using 152.2% CPU
Optimizing NNI: done in 0.297618 secs using 185.2% CPU
Optimizing NNI: done in 0.392864 secs using 177.8% CPU
Optimizing NNI: done in 0.481003 secs using 177.6% CPU
Iteration 100 / LogL: -8550.313 / Time: 0h:3m:51s (0h:2m:57s left)
Optimizing NNI: done in 0.738623 secs using 104.7% CPU
Optimizing NNI: done in 0.884838 secs using 97.79% CPU
Optimizing NNI: done in 0.752601 secs using 130.9% CPU
Optimizing NNI: done in 0.814982 secs using 131.2% CPU
Optimizing NNI: done in 0.428413 secs using 164.6% CPU
Optimizing NNI: done in 0.528196 secs using 149.6% CPU
Optimizing NNI: done in 0.358172 secs using 195.1% CPU
Optimizing NNI: done in 0.589577 secs using 141.8% CPU
Estimate model parameters (epsilon = 0.100)
BETTER TREE FOUND at iteration 108: -8546.002
Optimizing NNI: done in 0.629224 secs using 141.5% CPU
Optimizing NNI: done in 0.607528 secs using 157.1% CPU
Iteration 110 / LogL: -8550.188 / Time: 0h:3m:59s (0h:3m:34s left)
Optimizing NNI: done in 0.512723 secs using 146.9% CPU
Optimizing NNI: done in 0.575227 secs using 137.4% CPU
Optimizing NNI: done in 0.555984 secs using 143.1% CPU
Optimizing NNI: done in 0.709153 secs using 117.8% CPU
Optimizing NNI: done in 0.68531 secs using 113.3% CPU
Optimizing NNI: done in 0.527142 secs using 127.3% CPU
Optimizing NNI: done in 0.586437 secs using 144.3% CPU
Optimizing NNI: done in 0.418211 secs using 171.6% CPU
Optimizing NNI: done in 0.557556 secs using 153.2% CPU
Optimizing NNI: done in 0.649126 secs using 135.2% CPU
Iteration 120 / LogL: -8548.397 / Time: 0h:4m:4s (0h:3m:1s left)
Optimizing NNI: done in 0.741836 secs using 132.1% CPU
Optimizing NNI: done in 0.590541 secs using 152.9% CPU
Optimizing NNI: done in 0.573263 secs using 152.6% CPU
Optimizing NNI: done in 0.556593 secs using 155.4% CPU
Optimizing NNI: done in 0.542647 secs using 145.2% CPU
Estimate model parameters (epsilon = 0.100)
BETTER TREE FOUND at iteration 125: -8545.419
Optimizing NNI: done in 0.716157 secs using 134.8% CPU
Optimizing NNI: done in 0.487928 secs using 159.7% CPU
Optimizing NNI: done in 0.66951 secs using 133.5% CPU
Optimizing NNI: done in 0.794803 secs using 120.1% CPU
Estimate model parameters (epsilon = 0.100)
UPDATE BEST LOG-LIKELIHOOD: -8545.351
Optimizing NNI: done in 0.980925 secs using 107.3% CPU
Iteration 130 / LogL: -8545.460 / Time: 0h:4m:12s (0h:3m:6s left)
Optimizing NNI: done in 0.593844 secs using 132.3% CPU
Optimizing NNI: done in 0.824228 secs using 92.82% CPU
Optimizing NNI: done in 0.369153 secs using 176.9% CPU
Optimizing NNI: done in 0.354871 secs using 199.9% CPU
Optimizing NNI: done in 0.36302 secs using 192.6% CPU
Optimizing NNI: done in 0.500581 secs using 168.2% CPU
Optimizing NNI: done in 0.546367 secs using 160.8% CPU
Optimizing NNI: done in 0.48968 secs using 150.6% CPU
Optimizing NNI: done in 0.55433 secs using 129.2% CPU
Optimizing NNI: done in 1.02266 secs using 98.05% CPU
Iteration 140 / LogL: -8583.856 / Time: 0h:4m:18s (0h:2m:37s left)
Optimizing NNI: done in 0.755142 secs using 106.5% CPU
Optimizing NNI: done in 0.859111 secs using 121.9% CPU
Optimizing NNI: done in 0.484113 secs using 162.4% CPU
Optimizing NNI: done in 1.00137 secs using 88.71% CPU
Optimizing NNI: done in 0.628374 secs using 130.4% CPU
Optimizing NNI: done in 0.589436 secs using 146.4% CPU
Optimizing NNI: done in 0.597903 secs using 126.3% CPU
Optimizing NNI: done in 0.705074 secs using 128.7% CPU
Optimizing NNI: done in 0.635748 secs using 126.5% CPU
Optimizing NNI: done in 0.669254 secs using 128.1% CPU
Iteration 150 / LogL: -8545.518 / Time: 0h:4m:25s (0h:2m:13s left)
Optimizing NNI: done in 0.670776 secs using 115.7% CPU
Estimate model parameters (epsilon = 0.100)
BETTER TREE FOUND at iteration 151: -8545.159
Optimizing NNI: done in 0.948562 secs using 96.81% CPU
Optimizing NNI: done in 0.502324 secs using 167% CPU
Optimizing NNI: done in 0.39977 secs using 172% CPU
Optimizing NNI: done in 0.587379 secs using 142.8% CPU
Optimizing NNI: done in 0.507205 secs using 172% CPU
Optimizing NNI: done in 0.411628 secs using 171.9% CPU
Estimate model parameters (epsilon = 0.100)
BETTER TREE FOUND at iteration 157: -8544.976
Optimizing NNI: done in 0.478818 secs using 167% CPU
Optimizing NNI: done in 0.377084 secs using 172.6% CPU
Optimizing NNI: done in 0.447201 secs using 137.5% CPU
Iteration 160 / LogL: -8545.145 / Time: 0h:4m:31s (0h:2m:45s left)
Optimizing NNI: done in 0.63493 secs using 114.9% CPU
Optimizing NNI: done in 0.563373 secs using 134.5% CPU
Optimizing NNI: done in 0.663015 secs using 139.2% CPU
Optimizing NNI: done in 0.65907 secs using 136.4% CPU
Optimizing NNI: done in 0.789597 secs using 124.1% CPU
Optimizing NNI: done in 0.560225 secs using 129% CPU
Optimizing NNI: done in 0.786234 secs using 123.3% CPU
Optimizing NNI: done in 0.858073 secs using 109.7% CPU
Optimizing NNI: done in 1.1194 secs using 87.74% CPU
Optimizing NNI: done in 0.636013 secs using 136.1% CPU
Iteration 170 / LogL: -8545.595 / Time: 0h:4m:39s (0h:2m:23s left)
Optimizing NNI: done in 0.435987 secs using 188.1% CPU
Optimizing NNI: done in 0.381169 secs using 153.1% CPU
Optimizing NNI: done in 0.707974 secs using 114% CPU
Optimizing NNI: done in 0.670754 secs using 123.8% CPU
Optimizing NNI: done in 0.550462 secs using 126% CPU
Optimizing NNI: done in 0.553329 secs using 131.2% CPU
Optimizing NNI: done in 0.761343 secs using 125.3% CPU
Optimizing NNI: done in 0.826599 secs using 84.43% CPU
Optimizing NNI: done in 0.737972 secs using 106.3% CPU
Optimizing NNI: done in 0.641507 secs using 127.4% CPU
Iteration 180 / LogL: -8559.208 / Time: 0h:4m:45s (0h:2m:2s left)
Optimizing NNI: done in 0.862812 secs using 92.19% CPU
Optimizing NNI: done in 0.711419 secs using 111.8% CPU
Optimizing NNI: done in 0.785001 secs using 111.6% CPU
Optimizing NNI: done in 0.782566 secs using 96.92% CPU
Optimizing NNI: done in 0.815518 secs using 105.4% CPU
Optimizing NNI: done in 0.626102 secs using 113.2% CPU
Optimizing NNI: done in 0.763142 secs using 113.1% CPU
Optimizing NNI: done in 0.761023 secs using 120.6% CPU
Optimizing NNI: done in 0.801617 secs using 110.8% CPU
BETTER TREE FOUND at iteration 189: -8544.974
Optimizing NNI: done in 0.872813 secs using 116.9% CPU
Iteration 190 / LogL: -8564.487 / Time: 0h:4m:53s (0h:2m:33s left)
Optimizing NNI: done in 1.00148 secs using 90.81% CPU
Optimizing NNI: done in 1.02438 secs using 107.2% CPU
Optimizing NNI: done in 0.976995 secs using 113% CPU
Optimizing NNI: done in 0.549412 secs using 122.5% CPU
Optimizing NNI: done in 0.755443 secs using 124.5% CPU
Optimizing NNI: done in 0.752625 secs using 130.5% CPU
Optimizing NNI: done in 0.816345 secs using 110.8% CPU
Optimizing NNI: done in 0.723504 secs using 104.3% CPU
Optimizing NNI: done in 0.997312 secs using 97.44% CPU
Optimizing NNI: done in 1.07422 secs using 79.02% CPU
Iteration 200 / LogL: -8551.826 / Time: 0h:5m:2s (0h:2m:15s left)
Optimizing NNI: done in 0.727209 secs using 110.5% CPU
Optimizing NNI: done in 0.704968 secs using 122.6% CPU
Optimizing NNI: done in 0.721856 secs using 132.5% CPU
Optimizing NNI: done in 0.954066 secs using 98.28% CPU
Optimizing NNI: done in 0.646419 secs using 117.9% CPU
Optimizing NNI: done in 0.779661 secs using 123.4% CPU
Optimizing NNI: done in 0.67276 secs using 137.8% CPU
Optimizing NNI: done in 0.834451 secs using 108.1% CPU
Optimizing NNI: done in 0.960499 secs using 96.75% CPU
Optimizing NNI: done in 0.511667 secs using 146.3% CPU
Iteration 210 / LogL: -8545.862 / Time: 0h:5m:10s (0h:1m:57s left)
Optimizing NNI: done in 0.580768 secs using 122.2% CPU
Optimizing NNI: done in 0.52847 secs using 143.6% CPU
Optimizing NNI: done in 0.852097 secs using 117.7% CPU
Optimizing NNI: done in 0.617333 secs using 131.9% CPU
Optimizing NNI: done in 1.08556 secs using 81.37% CPU
Optimizing NNI: done in 0.785265 secs using 120.1% CPU
Optimizing NNI: done in 0.817853 secs using 106.8% CPU
Optimizing NNI: done in 0.750489 secs using 99.23% CPU
Optimizing NNI: done in 0.596613 secs using 157.7% CPU
Optimizing NNI: done in 0.532008 secs using 150.4% CPU
Iteration 220 / LogL: -8558.141 / Time: 0h:5m:17s (0h:1m:40s left)
Optimizing NNI: done in 0.629869 secs using 125.1% CPU
Optimizing NNI: done in 0.80283 secs using 104.8% CPU
Optimizing NNI: done in 0.594876 secs using 136.7% CPU
Optimizing NNI: done in 0.830865 secs using 129.5% CPU
Optimizing NNI: done in 0.628201 secs using 134.1% CPU
Optimizing NNI: done in 0.604154 secs using 134.8% CPU
Optimizing NNI: done in 0.652188 secs using 134.5% CPU
Optimizing NNI: done in 1.00616 secs using 116.4% CPU
Optimizing NNI: done in 0.432133 secs using 150.6% CPU
Optimizing NNI: done in 0.871491 secs using 123.9% CPU
Iteration 230 / LogL: -8549.037 / Time: 0h:5m:24s (0h:1m:23s left)
Optimizing NNI: done in 0.689446 secs using 132.4% CPU
Optimizing NNI: done in 0.610018 secs using 126% CPU
Optimizing NNI: done in 0.777339 secs using 111.6% CPU
Optimizing NNI: done in 0.458798 secs using 161.5% CPU
Estimate model parameters (epsilon = 0.100)
BETTER TREE FOUND at iteration 234: -8544.897
Optimizing NNI: done in 0.490538 secs using 164% CPU
Optimizing NNI: done in 0.808332 secs using 124.7% CPU
Estimate model parameters (epsilon = 0.100)
BETTER TREE FOUND at iteration 236: -8544.786
Optimizing NNI: done in 0.642523 secs using 156.2% CPU
Optimizing NNI: done in 0.48704 secs using 199.4% CPU
Optimizing NNI: done in 0.32039 secs using 199.9% CPU
Optimizing NNI: done in 0.363831 secs using 199.7% CPU
Iteration 240 / LogL: -8550.001 / Time: 0h:5m:31s (0h:2m:13s left)
Optimizing NNI: done in 0.425536 secs using 190.3% CPU
Optimizing NNI: done in 0.445954 secs using 164.4% CPU
Optimizing NNI: done in 0.687509 secs using 129.9% CPU
Optimizing NNI: done in 0.728434 secs using 139.8% CPU
Optimizing NNI: done in 0.422284 secs using 174.3% CPU
Optimizing NNI: done in 0.389546 secs using 190.8% CPU
Optimizing NNI: done in 0.392937 secs using 198.8% CPU
Optimizing NNI: done in 0.626349 secs using 164.7% CPU
Optimizing NNI: done in 0.578209 secs using 161.6% CPU
Optimizing NNI: done in 0.58796 secs using 160.5% CPU
Iteration 250 / LogL: -8559.786 / Time: 0h:5m:36s (0h:1m:56s left)
Optimizing NNI: done in 0.580321 secs using 159.8% CPU
Optimizing NNI: done in 0.426928 secs using 187.4% CPU
BETTER TREE FOUND at iteration 252: -8544.779
Optimizing NNI: done in 0.545078 secs using 118.3% CPU
Optimizing NNI: done in 0.926798 secs using 113% CPU
Optimizing NNI: done in 0.703894 secs using 138.6% CPU
Optimizing NNI: done in 0.325204 secs using 189% CPU
Optimizing NNI: done in 0.5078 secs using 159.4% CPU
Optimizing NNI: done in 0.625864 secs using 140.4% CPU
Optimizing NNI: done in 0.720705 secs using 135.4% CPU
Optimizing NNI: done in 0.544083 secs using 135.6% CPU
Iteration 260 / LogL: -8545.069 / Time: 0h:5m:42s (0h:2m:1s left)
Optimizing NNI: done in 0.552083 secs using 156% CPU
Optimizing NNI: done in 0.698335 secs using 138.8% CPU
Optimizing NNI: done in 0.416157 secs using 162.8% CPU
Optimizing NNI: done in 0.774602 secs using 131.7% CPU
Optimizing NNI: done in 0.463809 secs using 156.3% CPU
Optimizing NNI: done in 0.370559 secs using 172.6% CPU
Optimizing NNI: done in 0.580055 secs using 141% CPU
Optimizing NNI: done in 0.521761 secs using 137.5% CPU
Optimizing NNI: done in 0.572611 secs using 153.7% CPU
Optimizing NNI: done in 0.606028 secs using 148.7% CPU
Iteration 270 / LogL: -8558.039 / Time: 0h:5m:48s (0h:1m:46s left)
Optimizing NNI: done in 0.567736 secs using 137.6% CPU
Optimizing NNI: done in 0.38448 secs using 170.1% CPU
Optimizing NNI: done in 0.467095 secs using 180.3% CPU
Optimizing NNI: done in 0.494776 secs using 154.3% CPU
Optimizing NNI: done in 0.749664 secs using 139.3% CPU
Optimizing NNI: done in 0.611644 secs using 142.5% CPU
Optimizing NNI: done in 0.496047 secs using 159.3% CPU
Optimizing NNI: done in 0.782572 secs using 117.3% CPU
Optimizing NNI: done in 0.688079 secs using 141.8% CPU
Optimizing NNI: done in 0.924029 secs using 105.3% CPU
Iteration 280 / LogL: -8544.791 / Time: 0h:5m:54s (0h:1m:31s left)
Optimizing NNI: done in 0.860803 secs using 105.4% CPU
Estimate model parameters (epsilon = 0.100)
BETTER TREE FOUND at iteration 281: -8544.726
Optimizing NNI: done in 0.579453 secs using 153.6% CPU
Optimizing NNI: done in 0.428627 secs using 146.2% CPU
Optimizing NNI: done in 0.684151 secs using 128.3% CPU
Optimizing NNI: done in 0.772736 secs using 128.1% CPU
Optimizing NNI: done in 0.537691 secs using 147.9% CPU
Optimizing NNI: done in 0.677041 secs using 144.6% CPU
Optimizing NNI: done in 0.564803 secs using 148.2% CPU
Optimizing NNI: done in 0.643842 secs using 130.1% CPU
Optimizing NNI: done in 0.783592 secs using 126.6% CPU
Iteration 290 / LogL: -8545.308 / Time: 0h:6m:1s (0h:1m:53s left)
Optimizing NNI: done in 0.571895 secs using 152.6% CPU
Optimizing NNI: done in 0.578491 secs using 142.6% CPU
Optimizing NNI: done in 0.320051 secs using 191.5% CPU
Optimizing NNI: done in 0.636119 secs using 168.8% CPU
Optimizing NNI: done in 0.515556 secs using 156.7% CPU
BETTER TREE FOUND at iteration 295: -8544.718
Optimizing NNI: done in 0.471416 secs using 153.8% CPU
Optimizing NNI: done in 0.519912 secs using 149.1% CPU
Optimizing NNI: done in 0.776028 secs using 106.6% CPU
Optimizing NNI: done in 0.884283 secs using 110.6% CPU
Optimizing NNI: done in 0.73343 secs using 133.1% CPU
Iteration 300 / LogL: -8562.585 / Time: 0h:6m:7s (0h:1m:56s left)
Optimizing NNI: done in 0.482911 secs using 153.5% CPU
Optimizing NNI: done in 0.684542 secs using 130.3% CPU
Optimizing NNI: done in 0.698248 secs using 127.7% CPU
Optimizing NNI: done in 0.629102 secs using 145.7% CPU
Optimizing NNI: done in 0.612257 secs using 131.3% CPU
Optimizing NNI: done in 0.641077 secs using 126.5% CPU
Optimizing NNI: done in 0.927076 secs using 104.2% CPU
Optimizing NNI: done in 0.702722 secs using 119.1% CPU
Optimizing NNI: done in 1.21297 secs using 97.74% CPU
Optimizing NNI: done in 0.697576 secs using 135.6% CPU
Iteration 310 / LogL: -8546.874 / Time: 0h:6m:15s (0h:1m:43s left)
Optimizing NNI: done in 0.657286 secs using 140.1% CPU
Optimizing NNI: done in 0.774141 secs using 96.22% CPU
Optimizing NNI: done in 0.694222 secs using 135% CPU
Optimizing NNI: done in 0.554489 secs using 143.9% CPU
Optimizing NNI: done in 0.62584 secs using 148.2% CPU
Optimizing NNI: done in 0.519634 secs using 148.8% CPU
Optimizing NNI: done in 0.904741 secs using 131.6% CPU
Optimizing NNI: done in 0.867419 secs using 106.9% CPU
Optimizing NNI: done in 0.732081 secs using 149.5% CPU
Optimizing NNI: done in 1.19064 secs using 100.1% CPU
BETTER TREE FOUND at iteration 320: -8544.713
Iteration 320 / LogL: -8544.713 / Time: 0h:6m:23s (0h:2m:0s left)
Optimizing NNI: done in 0.613293 secs using 117.4% CPU
Optimizing NNI: done in 0.598929 secs using 157.2% CPU
Optimizing NNI: done in 0.666941 secs using 107.7% CPU
Optimizing NNI: done in 0.85194 secs using 119.3% CPU
Optimizing NNI: done in 0.774986 secs using 116.3% CPU
Optimizing NNI: done in 1.23121 secs using 92.87% CPU
Optimizing NNI: done in 0.574158 secs using 155.8% CPU
Optimizing NNI: done in 0.897912 secs using 111% CPU
Optimizing NNI: done in 0.556194 secs using 150.6% CPU
Optimizing NNI: done in 0.570067 secs using 134.2% CPU
Iteration 330 / LogL: -8546.046 / Time: 0h:6m:30s (0h:1m:46s left)
Optimizing NNI: done in 0.608475 secs using 131.6% CPU
Optimizing NNI: done in 0.661896 secs using 118.5% CPU
Optimizing NNI: done in 0.723986 secs using 124.5% CPU
Optimizing NNI: done in 0.732119 secs using 126.3% CPU
Optimizing NNI: done in 0.801211 secs using 129.1% CPU
Optimizing NNI: done in 0.801223 secs using 132.6% CPU
Optimizing NNI: done in 0.552673 secs using 142% CPU
Optimizing NNI: done in 0.795051 secs using 121.1% CPU
Optimizing NNI: done in 0.619627 secs using 132.6% CPU
Optimizing NNI: done in 0.718697 secs using 120.4% CPU
Iteration 340 / LogL: -8546.145 / Time: 0h:6m:37s (0h:1m:33s left)
Optimizing NNI: done in 0.771756 secs using 121.7% CPU
Optimizing NNI: done in 0.683061 secs using 124.1% CPU
Optimizing NNI: done in 0.754781 secs using 109.5% CPU
Optimizing NNI: done in 0.92892 secs using 108.9% CPU
Optimizing NNI: done in 0.756968 secs using 134% CPU
Optimizing NNI: done in 0.631274 secs using 125.5% CPU
Optimizing NNI: done in 0.625804 secs using 151.7% CPU
Optimizing NNI: done in 0.471773 secs using 165.4% CPU
Optimizing NNI: done in 0.429553 secs using 158.5% CPU
Optimizing NNI: done in 0.417946 secs using 174.2% CPU
Iteration 350 / LogL: -8546.462 / Time: 0h:6m:44s (0h:1m:21s left)
Optimizing NNI: done in 0.400478 secs using 173.1% CPU
Optimizing NNI: done in 0.582503 secs using 133.6% CPU
Optimizing NNI: done in 0.530388 secs using 134.9% CPU
Optimizing NNI: done in 0.739004 secs using 138.4% CPU
Optimizing NNI: done in 0.820672 secs using 125.8% CPU
Optimizing NNI: done in 0.683179 secs using 132.7% CPU
Optimizing NNI: done in 0.608153 secs using 123.3% CPU
Optimizing NNI: done in 1.14062 secs using 93.82% CPU
Optimizing NNI: done in 0.555008 secs using 162.8% CPU
Optimizing NNI: done in 0.572642 secs using 157.6% CPU
Iteration 360 / LogL: -8546.056 / Time: 0h:6m:51s (0h:1m:8s left)
Optimizing NNI: done in 0.421632 secs using 170.6% CPU
Optimizing NNI: done in 0.437608 secs using 164.7% CPU
Optimizing NNI: done in 0.371463 secs using 171.5% CPU
Optimizing NNI: done in 0.561266 secs using 166.4% CPU
Optimizing NNI: done in 0.501412 secs using 175.9% CPU
Optimizing NNI: done in 0.376938 secs using 167% CPU
Optimizing NNI: done in 0.367509 secs using 178.4% CPU
Estimate model parameters (epsilon = 0.100)
BETTER TREE FOUND at iteration 367: -8544.236
Optimizing NNI: done in 0.398761 secs using 163.3% CPU
Optimizing NNI: done in 0.840047 secs using 128% CPU
Optimizing NNI: done in 0.707887 secs using 113.4% CPU
Estimate model parameters (epsilon = 0.100)
BETTER TREE FOUND at iteration 370: -8543.271
Iteration 370 / LogL: -8543.271 / Time: 0h:6m:56s (0h:1m:52s left)
Optimizing NNI: done in 0.724419 secs using 121.7% CPU
Optimizing NNI: done in 0.583797 secs using 151.5% CPU
Optimizing NNI: done in 0.447069 secs using 163% CPU
Optimizing NNI: done in 0.84508 secs using 116.8% CPU
Optimizing NNI: done in 0.82807 secs using 121.1% CPU
Optimizing NNI: done in 0.681538 secs using 149.2% CPU
Optimizing NNI: done in 0.652043 secs using 158% CPU
Optimizing NNI: done in 0.661375 secs using 132% CPU
Optimizing NNI: done in 0.672748 secs using 129.2% CPU
Optimizing NNI: done in 0.577372 secs using 134% CPU
Iteration 380 / LogL: -8552.017 / Time: 0h:7m:3s (0h:1m:40s left)
Optimizing NNI: done in 0.677702 secs using 144.7% CPU
Estimate model parameters (epsilon = 0.100)
BETTER TREE FOUND at iteration 381: -8543.181
Optimizing NNI: done in 0.724241 secs using 120.6% CPU
Optimizing NNI: done in 0.554842 secs using 133.3% CPU
Optimizing NNI: done in 0.707901 secs using 147.4% CPU
Optimizing NNI: done in 0.57746 secs using 120.1% CPU
Optimizing NNI: done in 0.655784 secs using 145.6% CPU
Optimizing NNI: done in 0.45113 secs using 168.8% CPU
Optimizing NNI: done in 0.754279 secs using 137.3% CPU
Estimate model parameters (epsilon = 0.100)
BETTER TREE FOUND at iteration 388: -8542.874
Optimizing NNI: done in 0.488276 secs using 170.5% CPU
Optimizing NNI: done in 0.712964 secs using 131.1% CPU
Iteration 390 / LogL: -8543.958 / Time: 0h:7m:10s (0h:1m:48s left)
Optimizing NNI: done in 0.663299 secs using 139.5% CPU
Optimizing NNI: done in 0.535491 secs using 158.7% CPU
Optimizing NNI: done in 0.365212 secs using 165.6% CPU
Optimizing NNI: done in 0.526292 secs using 174.1% CPU
Optimizing NNI: done in 0.362171 secs using 179.8% CPU
Optimizing NNI: done in 0.548321 secs using 155.9% CPU
Optimizing NNI: done in 0.618159 secs using 162.1% CPU
Optimizing NNI: done in 0.776343 secs using 126.3% CPU
Optimizing NNI: done in 0.690592 secs using 135.1% CPU
Optimizing NNI: done in 0.831068 secs using 135.8% CPU
Iteration 400 / LogL: -8590.695 / Time: 0h:7m:16s (0h:1m:36s left)
Optimizing NNI: done in 0.577221 secs using 130.4% CPU
Optimizing NNI: done in 0.490573 secs using 163.6% CPU
Optimizing NNI: done in 0.841392 secs using 134.4% CPU
Optimizing NNI: done in 0.682825 secs using 150.3% CPU
Optimizing NNI: done in 0.80277 secs using 143.3% CPU
Optimizing NNI: done in 1.17919 secs using 117.3% CPU
Optimizing NNI: done in 0.831112 secs using 125.3% CPU
Optimizing NNI: done in 0.704014 secs using 137.3% CPU
Optimizing NNI: done in 0.827567 secs using 127.1% CPU
Optimizing NNI: done in 0.920681 secs using 120.5% CPU
Iteration 410 / LogL: -8549.077 / Time: 0h:7m:24s (0h:1m:24s left)
Optimizing NNI: done in 0.858281 secs using 123.7% CPU
Optimizing NNI: done in 0.768376 secs using 126.6% CPU
Optimizing NNI: done in 0.720037 secs using 132% CPU
Optimizing NNI: done in 0.592047 secs using 131.1% CPU
Optimizing NNI: done in 1.09062 secs using 110.4% CPU
Optimizing NNI: done in 1.01222 secs using 130.8% CPU
Optimizing NNI: done in 0.911546 secs using 114.4% CPU
Optimizing NNI: done in 0.72796 secs using 126.2% CPU
Optimizing NNI: done in 0.86401 secs using 130.3% CPU
Optimizing NNI: done in 0.641908 secs using 140.6% CPU
BETTER TREE FOUND at iteration 420: -8542.873
Iteration 420 / LogL: -8542.873 / Time: 0h:7m:33s (0h:1m:48s left)
Optimizing NNI: done in 1.01398 secs using 125.9% CPU
Optimizing NNI: done in 0.931491 secs using 123.1% CPU
Optimizing NNI: done in 0.853214 secs using 123% CPU
Optimizing NNI: done in 0.333262 secs using 196.1% CPU
Optimizing NNI: done in 0.315543 secs using 198.7% CPU
Optimizing NNI: done in 0.27879 secs using 196% CPU
Optimizing NNI: done in 0.286242 secs using 197.1% CPU
Optimizing NNI: done in 0.323103 secs using 198.4% CPU
Optimizing NNI: done in 0.35238 secs using 188.2% CPU
Optimizing NNI: done in 0.353833 secs using 187.3% CPU
Iteration 430 / LogL: -8544.588 / Time: 0h:7m:38s (0h:1m:36s left)
Optimizing NNI: done in 0.333648 secs using 198.6% CPU
Optimizing NNI: done in 0.361212 secs using 199.7% CPU
Optimizing NNI: done in 0.435707 secs using 190.5% CPU
Optimizing NNI: done in 0.787381 secs using 127% CPU
Optimizing NNI: done in 0.652649 secs using 130.6% CPU
Optimizing NNI: done in 0.810264 secs using 128.2% CPU
Optimizing NNI: done in 0.748068 secs using 134.6% CPU
Optimizing NNI: done in 0.637508 secs using 129% CPU
Optimizing NNI: done in 0.861959 secs using 89.55% CPU
Optimizing NNI: done in 0.764131 secs using 122.8% CPU
Iteration 440 / LogL: -8544.654 / Time: 0h:7m:44s (0h:1m:24s left)
Optimizing NNI: done in 1.33505 secs using 100.9% CPU
Optimizing NNI: done in 0.638865 secs using 131.9% CPU
Optimizing NNI: done in 0.694748 secs using 141.8% CPU
Optimizing NNI: done in 0.68993 secs using 138.7% CPU
Optimizing NNI: done in 0.716883 secs using 125.4% CPU
Optimizing NNI: done in 1.01956 secs using 104.8% CPU
Optimizing NNI: done in 0.744214 secs using 137.6% CPU
BETTER TREE FOUND at iteration 447: -8542.869
Optimizing NNI: done in 0.723192 secs using 125.2% CPU
Optimizing NNI: done in 0.394251 secs using 164.1% CPU
Optimizing NNI: done in 0.408165 secs using 174.4% CPU
Iteration 450 / LogL: -8548.140 / Time: 0h:7m:52s (0h:1m:42s left)
Optimizing NNI: done in 0.421379 secs using 170.1% CPU
Optimizing NNI: done in 0.456443 secs using 161.8% CPU
Optimizing NNI: done in 0.670546 secs using 147.2% CPU
Optimizing NNI: done in 0.459984 secs using 175.1% CPU
Optimizing NNI: done in 0.978153 secs using 103.2% CPU
Optimizing NNI: done in 0.881539 secs using 102.2% CPU
Optimizing NNI: done in 0.618865 secs using 135.2% CPU
Optimizing NNI: done in 0.695348 secs using 139.8% CPU
Optimizing NNI: done in 0.718875 secs using 125.7% CPU
Optimizing NNI: done in 0.839388 secs using 92.92% CPU
Iteration 460 / LogL: -8542.959 / Time: 0h:7m:59s (0h:1m:30s left)
Optimizing NNI: done in 0.725515 secs using 132.6% CPU
Estimate model parameters (epsilon = 0.100)
BETTER TREE FOUND at iteration 461: -8542.161
Optimizing NNI: done in 0.385767 secs using 165.2% CPU
Optimizing NNI: done in 0.458746 secs using 157.6% CPU
Optimizing NNI: done in 0.585285 secs using 124.8% CPU
Optimizing NNI: done in 0.635178 secs using 122.1% CPU
Optimizing NNI: done in 0.418068 secs using 182.8% CPU
Optimizing NNI: done in 0.41601 secs using 172.9% CPU
Optimizing NNI: done in 0.50495 secs using 173.3% CPU
Optimizing NNI: done in 0.437468 secs using 156.9% CPU
Optimizing NNI: done in 0.957826 secs using 122.7% CPU
Iteration 470 / LogL: -8553.495 / Time: 0h:8m:5s (0h:1m:34s left)
Optimizing NNI: done in 0.566401 secs using 149.1% CPU
Optimizing NNI: done in 0.471773 secs using 165.5% CPU
Optimizing NNI: done in 0.335745 secs using 197.5% CPU
Optimizing NNI: done in 0.364944 secs using 199.4% CPU
Optimizing NNI: done in 0.438352 secs using 175.8% CPU
Optimizing NNI: done in 0.433794 secs using 164.2% CPU
Optimizing NNI: done in 0.28796 secs using 199.7% CPU
Estimate model parameters (epsilon = 0.100)
BETTER TREE FOUND at iteration 477: -8542.097
Optimizing NNI: done in 0.645023 secs using 153.3% CPU
Optimizing NNI: done in 0.374136 secs using 199% CPU
Optimizing NNI: done in 0.718292 secs using 158.9% CPU
Iteration 480 / LogL: -8552.342 / Time: 0h:8m:10s (0h:1m:39s left)
Optimizing NNI: done in 0.440766 secs using 167.7% CPU
Optimizing NNI: done in 0.549994 secs using 146.4% CPU
Optimizing NNI: done in 0.508411 secs using 142.1% CPU
Optimizing NNI: done in 0.55246 secs using 146% CPU
Optimizing NNI: done in 0.538702 secs using 163.3% CPU
Optimizing NNI: done in 0.788296 secs using 116.7% CPU
Optimizing NNI: done in 0.400697 secs using 199.6% CPU
Optimizing NNI: done in 0.45664 secs using 179.9% CPU
Optimizing NNI: done in 0.759047 secs using 125.4% CPU
Optimizing NNI: done in 0.637114 secs using 143.5% CPU
Iteration 490 / LogL: -8562.285 / Time: 0h:8m:16s (0h:1m:28s left)
Optimizing NNI: done in 0.308821 secs using 197.9% CPU
Optimizing NNI: done in 0.308453 secs using 199.9% CPU
Optimizing NNI: done in 0.347004 secs using 200% CPU
Optimizing NNI: done in 0.507561 secs using 168.4% CPU
Optimizing NNI: done in 0.428224 secs using 179.6% CPU
Optimizing NNI: done in 0.308756 secs using 200% CPU
Optimizing NNI: done in 0.413297 secs using 200% CPU
Optimizing NNI: done in 0.826968 secs using 130.5% CPU
Optimizing NNI: done in 0.39658 secs using 180.4% CPU
Optimizing NNI: done in 0.295592 secs using 197.5% CPU
Iteration 500 / LogL: -8545.486 / Time: 0h:8m:20s (0h:1m:17s left)
Optimizing NNI: done in 0.377786 secs using 196.3% CPU
Optimizing NNI: done in 0.328427 secs using 194.5% CPU
Optimizing NNI: done in 0.361561 secs using 193.5% CPU
Optimizing NNI: done in 0.378123 secs using 191.3% CPU
Optimizing NNI: done in 0.308908 secs using 198.9% CPU
Optimizing NNI: done in 0.37919 secs using 198% CPU
Optimizing NNI: done in 0.468839 secs using 163.3% CPU
Optimizing NNI: done in 0.43073 secs using 181.5% CPU
Optimizing NNI: done in 0.405018 secs using 196.3% CPU
Optimizing NNI: done in 0.382775 secs using 199.4% CPU
Iteration 510 / LogL: -8543.557 / Time: 0h:8m:24s (0h:1m:6s left)
Optimizing NNI: done in 0.314157 secs using 198.6% CPU
Optimizing NNI: done in 0.375997 secs using 198.5% CPU
Optimizing NNI: done in 0.419862 secs using 195.3% CPU
Optimizing NNI: done in 0.309042 secs using 199.8% CPU
Optimizing NNI: done in 0.443268 secs using 199.3% CPU
Optimizing NNI: done in 0.361855 secs using 199.6% CPU
Optimizing NNI: done in 0.305032 secs using 199.4% CPU
Optimizing NNI: done in 0.303195 secs using 198.8% CPU
Optimizing NNI: done in 0.312998 secs using 200.2% CPU
Optimizing NNI: done in 0.457929 secs using 199.3% CPU
Estimate model parameters (epsilon = 0.100)
BETTER TREE FOUND at iteration 520: -8542.002
Iteration 520 / LogL: -8542.002 / Time: 0h:8m:28s (0h:1m:37s left)
Optimizing NNI: done in 0.421392 secs using 199% CPU
Optimizing NNI: done in 0.32605 secs using 199.4% CPU
Optimizing NNI: done in 0.387781 secs using 198.1% CPU
Optimizing NNI: done in 0.476533 secs using 199.9% CPU
Optimizing NNI: done in 0.298634 secs using 198.8% CPU
Optimizing NNI: done in 0.388114 secs using 200% CPU
Optimizing NNI: done in 0.366513 secs using 199.1% CPU
Optimizing NNI: done in 0.354618 secs using 199.4% CPU
Optimizing NNI: done in 0.332023 secs using 196% CPU
Optimizing NNI: done in 0.387688 secs using 193.5% CPU
Iteration 530 / LogL: -8549.636 / Time: 0h:8m:31s (0h:1m:27s left)
Optimizing NNI: done in 0.348833 secs using 199.9% CPU
Optimizing NNI: done in 0.334979 secs using 198.4% CPU
Optimizing NNI: done in 0.527407 secs using 199.9% CPU
Optimizing NNI: done in 0.497944 secs using 182.2% CPU
Optimizing NNI: done in 0.32369 secs using 199.4% CPU
Optimizing NNI: done in 0.318258 secs using 198.5% CPU
Optimizing NNI: done in 0.384429 secs using 199.9% CPU
Optimizing NNI: done in 0.597065 secs using 199% CPU
Optimizing NNI: done in 0.432792 secs using 199.1% CPU
Optimizing NNI: done in 0.358649 secs using 198.6% CPU
Iteration 540 / LogL: -8545.830 / Time: 0h:8m:36s (0h:1m:16s left)
Optimizing NNI: done in 0.462005 secs using 198.3% CPU
Optimizing NNI: done in 0.437016 secs using 198.1% CPU
Optimizing NNI: done in 0.415885 secs using 197.9% CPU
Optimizing NNI: done in 0.430761 secs using 199.8% CPU
Optimizing NNI: done in 0.380564 secs using 198.3% CPU
Optimizing NNI: done in 0.460329 secs using 188.4% CPU
Optimizing NNI: done in 0.413377 secs using 199.1% CPU
Optimizing NNI: done in 0.318893 secs using 199.4% CPU
Optimizing NNI: done in 0.387064 secs using 184.7% CPU
Optimizing NNI: done in 0.388126 secs using 197.4% CPU
Iteration 550 / LogL: -8542.030 / Time: 0h:8m:40s (0h:1m:6s left)
Optimizing NNI: done in 0.349043 secs using 195.2% CPU
Optimizing NNI: done in 0.2834 secs using 199% CPU
Optimizing NNI: done in 0.272637 secs using 198.4% CPU
Optimizing NNI: done in 0.446713 secs using 199.8% CPU
Optimizing NNI: done in 0.32132 secs using 198.9% CPU
Optimizing NNI: done in 0.372495 secs using 199.8% CPU
Optimizing NNI: done in 0.330673 secs using 198.9% CPU
Optimizing NNI: done in 0.349095 secs using 199.6% CPU
Optimizing NNI: done in 0.413473 secs using 199.5% CPU
Optimizing NNI: done in 0.389417 secs using 199.1% CPU
Iteration 560 / LogL: -8576.463 / Time: 0h:8m:43s (0h:0m:56s left)
Optimizing NNI: done in 0.391889 secs using 199.3% CPU
Optimizing NNI: done in 0.364347 secs using 199.5% CPU
Optimizing NNI: done in 0.461176 secs using 199.8% CPU
Optimizing NNI: done in 0.358968 secs using 199.1% CPU
Optimizing NNI: done in 0.343984 secs using 197.1% CPU
Optimizing NNI: done in 0.30269 secs using 199.5% CPU
Optimizing NNI: done in 0.424504 secs using 199.9% CPU
Optimizing NNI: done in 0.455757 secs using 190.2% CPU
Optimizing NNI: done in 0.398445 secs using 170.7% CPU
Optimizing NNI: done in 0.678379 secs using 133.7% CPU
Iteration 570 / LogL: -8554.457 / Time: 0h:8m:48s (0h:0m:46s left)
Optimizing NNI: done in 0.30736 secs using 200% CPU
Optimizing NNI: done in 0.28856 secs using 199.9% CPU
BETTER TREE FOUND at iteration 572: -8542.000
Optimizing NNI: done in 0.261286 secs using 198.6% CPU
Optimizing NNI: done in 0.378261 secs using 200% CPU
Optimizing NNI: done in 0.319044 secs using 199.8% CPU
Optimizing NNI: done in 0.28606 secs using 199.3% CPU
Optimizing NNI: done in 0.272489 secs using 199.1% CPU
Optimizing NNI: done in 0.301705 secs using 199.4% CPU
Optimizing NNI: done in 0.328217 secs using 199% CPU
Optimizing NNI: done in 0.337047 secs using 180.2% CPU
Iteration 580 / LogL: -8550.102 / Time: 0h:8m:51s (0h:1m:24s left)
Optimizing NNI: done in 0.434375 secs using 170.8% CPU
Optimizing NNI: done in 0.6529 secs using 154.9% CPU
Optimizing NNI: done in 0.533553 secs using 148.7% CPU
Optimizing NNI: done in 0.545349 secs using 140.8% CPU
Optimizing NNI: done in 0.554513 secs using 153.7% CPU
Optimizing NNI: done in 0.530766 secs using 172.6% CPU
Optimizing NNI: done in 0.553524 secs using 171% CPU
Optimizing NNI: done in 0.506311 secs using 180.3% CPU
Optimizing NNI: done in 0.417249 secs using 198% CPU
Optimizing NNI: done in 0.33488 secs using 200% CPU
Iteration 590 / LogL: -8565.111 / Time: 0h:8m:56s (0h:1m:14s left)
Optimizing NNI: done in 0.529638 secs using 159.1% CPU
Optimizing NNI: done in 0.589856 secs using 162.3% CPU
Optimizing NNI: done in 0.408353 secs using 198.8% CPU
Optimizing NNI: done in 0.419961 secs using 176.3% CPU
Optimizing NNI: done in 0.265509 secs using 197.5% CPU
Optimizing NNI: done in 0.28981 secs using 198% CPU
Optimizing NNI: done in 0.365232 secs using 198.6% CPU
Optimizing NNI: done in 0.306727 secs using 199.6% CPU
Optimizing NNI: done in 0.290348 secs using 199.4% CPU
Optimizing NNI: done in 0.395635 secs using 199.2% CPU
Iteration 600 / LogL: -8551.171 / Time: 0h:9m:0s (0h:1m:4s left)
Optimizing NNI: done in 0.322273 secs using 200% CPU
Optimizing NNI: done in 0.2502 secs using 198.3% CPU
Optimizing NNI: done in 0.255426 secs using 200.2% CPU
Optimizing NNI: done in 0.411248 secs using 200% CPU
Optimizing NNI: done in 0.311478 secs using 198.2% CPU
Optimizing NNI: done in 0.317911 secs using 198.1% CPU
Optimizing NNI: done in 0.282899 secs using 199.8% CPU
Optimizing NNI: done in 0.326319 secs using 198.9% CPU
Optimizing NNI: done in 0.304494 secs using 198.8% CPU
Optimizing NNI: done in 0.425082 secs using 200.7% CPU
Iteration 610 / LogL: -8542.363 / Time: 0h:9m:3s (0h:0m:55s left)
Optimizing NNI: done in 0.395233 secs using 196.4% CPU
Optimizing NNI: done in 0.288165 secs using 195.1% CPU
Optimizing NNI: done in 0.320992 secs using 197.4% CPU
Optimizing NNI: done in 0.311463 secs using 199.2% CPU
Optimizing NNI: done in 0.337034 secs using 200% CPU
Optimizing NNI: done in 0.329606 secs using 199.7% CPU
Optimizing NNI: done in 0.307989 secs using 199.8% CPU
Optimizing NNI: done in 0.344733 secs using 199.7% CPU
Optimizing NNI: done in 0.306283 secs using 199.3% CPU
Optimizing NNI: done in 0.306811 secs using 199.6% CPU
Iteration 620 / LogL: -8542.742 / Time: 0h:9m:7s (0h:0m:45s left)
Optimizing NNI: done in 0.403966 secs using 199.1% CPU
Optimizing NNI: done in 0.408967 secs using 199.8% CPU
Optimizing NNI: done in 0.280506 secs using 199.2% CPU
Optimizing NNI: done in 0.339795 secs using 199.5% CPU
Optimizing NNI: done in 0.315444 secs using 198.2% CPU
Optimizing NNI: done in 0.418045 secs using 198.4% CPU
Optimizing NNI: done in 0.329419 secs using 199.8% CPU
Optimizing NNI: done in 0.281892 secs using 199.3% CPU
Optimizing NNI: done in 0.296087 secs using 199.5% CPU
Optimizing NNI: done in 0.314315 secs using 198.8% CPU
Iteration 630 / LogL: -8543.586 / Time: 0h:9m:10s (0h:0m:36s left)
Optimizing NNI: done in 0.363447 secs using 199.2% CPU
Optimizing NNI: done in 0.305211 secs using 200% CPU
Optimizing NNI: done in 0.297196 secs using 199.7% CPU
Optimizing NNI: done in 0.31958 secs using 199.9% CPU
Optimizing NNI: done in 0.35743 secs using 200.7% CPU
Optimizing NNI: done in 0.274436 secs using 197.1% CPU
Optimizing NNI: done in 0.327297 secs using 199.3% CPU
Optimizing NNI: done in 0.298947 secs using 198.4% CPU
Optimizing NNI: done in 0.296503 secs using 199.5% CPU
Optimizing NNI: done in 0.38078 secs using 199.4% CPU
Iteration 640 / LogL: -8548.041 / Time: 0h:9m:13s (0h:0m:27s left)
Optimizing NNI: done in 0.425355 secs using 198% CPU
Optimizing NNI: done in 0.234036 secs using 199.4% CPU
Optimizing NNI: done in 0.301599 secs using 199% CPU
Optimizing NNI: done in 0.322297 secs using 199.7% CPU
Optimizing NNI: done in 0.270704 secs using 200% CPU
Optimizing NNI: done in 0.351785 secs using 198.2% CPU
Optimizing NNI: done in 0.373428 secs using 198.7% CPU
Optimizing NNI: done in 0.27739 secs using 199.2% CPU
Optimizing NNI: done in 0.328163 secs using 199.4% CPU
Optimizing NNI: done in 0.316868 secs using 200% CPU
Iteration 650 / LogL: -8546.624 / Time: 0h:9m:17s (0h:0m:18s left)
Optimizing NNI: done in 0.272231 secs using 199.2% CPU
Optimizing NNI: done in 0.299551 secs using 196.9% CPU
Optimizing NNI: done in 0.3563 secs using 198.4% CPU
Optimizing NNI: done in 0.233171 secs using 198.9% CPU
Optimizing NNI: done in 0.4015 secs using 199.8% CPU
Optimizing NNI: done in 0.327568 secs using 198.9% CPU
Optimizing NNI: done in 0.394038 secs using 197.8% CPU
Optimizing NNI: done in 0.333746 secs using 199.2% CPU
Optimizing NNI: done in 0.26714 secs using 199.5% CPU
Optimizing NNI: done in 0.390562 secs using 199.3% CPU
Iteration 660 / LogL: -8542.003 / Time: 0h:9m:20s (0h:0m:10s left)
Optimizing NNI: done in 0.353529 secs using 198.5% CPU
Optimizing NNI: done in 0.363542 secs using 198.8% CPU
Optimizing NNI: done in 0.37671 secs using 199.8% CPU
Optimizing NNI: done in 0.275342 secs using 197.1% CPU
Optimizing NNI: done in 0.256685 secs using 199.7% CPU
Optimizing NNI: done in 0.354998 secs using 199.1% CPU
Optimizing NNI: done in 0.297074 secs using 199.7% CPU
Optimizing NNI: done in 0.26213 secs using 197% CPU
Optimizing NNI: done in 0.359745 secs using 199.4% CPU
Optimizing NNI: done in 0.345872 secs using 198.7% CPU
Iteration 670 / LogL: -8543.124 / Time: 0h:9m:23s (0h:0m:1s left)
Optimizing NNI: done in 0.311884 secs using 196.3% CPU
Optimizing NNI: done in 0.342319 secs using 199.5% CPU
Optimizing NNI: done in 0.294966 secs using 199.9% CPU
TREE SEARCH COMPLETED AFTER 673 ITERATIONS / Time: 0h:9m:24s

--------------------------------------------------------------------
|                    FINALIZING TREE SEARCH                        |
--------------------------------------------------------------------
Performs final model parameters optimization
Estimate model parameters (epsilon = 0.010)
1. Initial log-likelihood: -8542.000
2. Current log-likelihood: -8541.977
3. Current log-likelihood: -8541.959
4. Current log-likelihood: -8541.941
5. Current log-likelihood: -8541.915
6. Current log-likelihood: -8541.900
7. Current log-likelihood: -8541.876
8. Current log-likelihood: -8541.863
9. Current log-likelihood: -8541.851
10. Current log-likelihood: -8541.840
11. Current log-likelihood: -8541.829
12. Current log-likelihood: -8541.818
13. Current log-likelihood: -8541.808
Optimal log-likelihood: -8541.791
Rate parameters:  A-C: 1.46199  A-G: 3.98269  A-T: 2.02855  C-G: 1.63567  C-T: 8.57949  G-T: 1.00000
Base frequencies:  A: 0.297  C: 0.180  G: 0.253  T: 0.270
Site proportion and rates:  (0.510,0.095) (0.276,0.838) (0.184,2.772) (0.030,6.980)
Parameters optimization took 13 rounds (1.660 sec)
BEST SCORE FOUND : -8541.791
Total tree length: 2.960

Total number of iterations: 673
CPU time used for tree search: 580.810 sec (0h:9m:40s)
Wall-clock time used for tree search: 401.623 sec (0h:6m:41s)
Total CPU time used: 807.269 sec (0h:13m:27s)
Total wall-clock time used: 566.534 sec (0h:9m:26s)

Analysis results written to: 
  IQ-TREE report:                6458_iqtree_preliminary_superstrict_excluding_hybrids.iqtree
  Maximum-likelihood tree:       6458_iqtree_preliminary_superstrict_excluding_hybrids.treefile
  Likelihood distances:          6458_iqtree_preliminary_superstrict_excluding_hybrids.mldist
  Screen log file:               6458_iqtree_preliminary_superstrict_excluding_hybrids.log

ALISIM COMMAND
--------------
--alisim simulated_MSA -t 6458_iqtree_preliminary_superstrict_excluding_hybrids.treefile -m "GTR{1.46199,3.98269,2.02855,1.63567,8.57949}+F{0.296985,0.180157,0.252903,0.269954}+R4{0.510418,0.0954193,0.275756,0.83791,0.183514,2.7718,0.0303125,6.97974}" --length 601

Date and Time: Fri Jun  2 08:27:40 2023
