IQ-TREE multicore version 2.2.2 COVID-edition for Linux 64-bit built Sep 20 2022
Developed by Bui Quang Minh, James Barbetti, Nguyen Lam Tung,
Olga Chernomor, Heiko Schmidt, Dominik Schrempf, Michael Woodhams, Ly Trong Nhan.

Host:    netdc-bms-c11f (AVX2, FMA3, 377 GB RAM)
Command: /home/kasper.hendriks/iqtree-2.2.2-Linux/bin/iqtree2 -s 6483_taper_preliminary_superstrict_excluding_hybrids.fasta -nm 1000 -m GTR+F+R -nt AUTO --prefix 6483_iqtree_preliminary_superstrict_excluding_hybrids
Seed:    253814 (Using SPRNG - Scalable Parallel Random Number Generator)
Time:    Fri Jun  2 08:18:20 2023
Kernel:  AVX+FMA - auto-detect threads (56 CPU cores detected)

Reading alignment file 6483_taper_preliminary_superstrict_excluding_hybrids.fasta ... Fasta format detected
Reading fasta file: done in 0.00163412 secs using 99.87% CPU
Alignment most likely contains DNA/RNA sequences
Constructing alignment: done in 0.00416899 secs using 1752% CPU
Alignment has 122 sequences with 582 columns, 428 distinct patterns
242 parsimony-informative, 93 singleton sites, 247 constant sites
               Gap/Ambiguity  Composition  p-value
Analyzing sequences: done in 0.011894 secs using 1458% CPU
   1  CRNC             0.00%    passed     92.44%
   2  HYZL             7.04%    passed     88.80%
   3  MYZV             0.00%    passed     72.66%
   4  SRR6441723       0.00%    passed     92.80%
   5  ERR4210213      84.02%    passed     96.30%
   6  ERR2789774       0.00%    passed     99.93%
   7  PAFTOL_019361    7.22%    passed     76.43%
   8  S0055            0.00%    passed     99.71%
   9  S0196sl          4.12%    passed     59.00%
  10  S0278            0.00%    passed     97.82%
  11  S0281            0.00%    passed     81.06%
  12  S0282            0.00%    passed     99.98%
  13  S0289            0.00%    passed     88.47%
  14  S0292            0.17%    passed     90.64%
  15  S0293           18.21%    passed     96.91%
  16  S0294            0.17%    passed     79.15%
  17  S0299            0.34%    passed     90.07%
  18  S0303            0.52%    passed     94.08%
  19  S0308            0.00%    passed     84.78%
  20  S0320            0.86%    passed     88.86%
  21  S0322            1.72%    passed     91.93%
  22  S0327            0.17%    passed     93.61%
  23  S0335            0.00%    passed     76.20%
  24  S0345           38.14%    passed     63.83%
  25  S0376            1.72%    passed     99.12%
  26  S0400            0.17%    passed     99.98%
  27  S0405            0.17%    passed     97.01%
  28  S0407sl          0.00%    passed     99.32%
  29  S0412sl          0.52%    passed     97.06%
  30  S0417            0.00%    passed     99.19%
  31  S0419            0.52%    passed     99.06%
  32  S0427            0.00%    passed     93.65%
  33  S0428sl         28.87%    passed     98.16%
  34  S0430            1.72%    passed     84.01%
  35  S0478            0.00%    passed     99.74%
  36  S0552sl          0.17%    passed     87.34%
  37  S0558            0.17%    passed     96.74%
  38  S0616            3.61%    passed     97.21%
  39  S0624            0.17%    passed     94.04%
  40  S0641            0.00%    passed     82.75%
  41  S0643            0.00%    passed     98.55%
  42  S0645sl          0.17%    passed     82.26%
  43  S0656sl          0.17%    passed     88.88%
  44  S0673            0.00%    passed     98.73%
  45  S0689            0.52%    passed     83.72%
  46  S0690            0.17%    passed     98.01%
  47  S0720            0.52%    passed     91.98%
  48  S0724sl          2.58%    passed     88.59%
  49  S0735            0.00%    passed     72.87%
  50  S0742            0.00%    passed     99.26%
  51  S0748            0.34%    passed     82.65%
  52  S0753            1.20%    passed     52.67%
  53  S0756            0.00%    passed     99.47%
  54  S0758            0.52%    passed     91.59%
  55  S0760            0.00%    passed     99.31%
  56  S0763            0.17%    passed     99.04%
  57  S0765            4.81%    passed     98.36%
  58  S0770            0.69%    passed     95.89%
  59  S0771            0.00%    passed     87.81%
  60  S0795            0.34%    passed     87.40%
  61  S0827            0.52%    passed     99.84%
  62  S0888            0.69%    passed     99.84%
  63  S0894            1.20%    passed     99.60%
  64  S0899            1.20%    passed     97.56%
  65  S0906            1.89%    passed     87.18%
  66  S0951            0.00%    passed     95.32%
  67  S0952            0.00%    passed     97.46%
  68  S0956            0.52%    passed     98.28%
  69  S0959            0.34%    passed     91.92%
  70  S0960            6.70%    passed     89.14%
  71  S0964            0.86%    passed     98.44%
  72  S1052sl         11.68%    passed     88.32%
  73  S1083            2.06%    passed     86.37%
  74  S1100            0.00%    passed     63.35%
  75  S1102            3.26%    passed     97.00%
  76  S1110            0.17%    passed     99.05%
  77  S1120            6.36%    passed     99.15%
  78  S1128            0.34%    passed     81.50%
  79  S1129sl          3.26%    passed     97.00%
  80  S1148            1.72%    passed     60.71%
  81  S1177            0.00%    passed     98.98%
  82  S1180           16.49%    passed     63.43%
  83  S1187sl          8.08%    passed     89.00%
  84  S1189            0.00%    passed     88.51%
  85  S1201sl          0.17%    passed     78.91%
  86  S1210            0.00%    passed     98.07%
  87  S1211            0.00%    passed     96.39%
  88  S1214sl          0.00%    passed     95.45%
  89  S1223           16.84%    passed     81.65%
  90  S1227            0.00%    passed     99.93%
  91  S1235sl          0.00%    passed     89.87%
  92  S1238sl          0.00%    passed     91.34%
  93  S1239            0.00%    passed     94.38%
  94  S1245            0.00%    passed     99.20%
  95  S1246            0.34%    passed     98.40%
  96  S1249            2.06%    passed     91.29%
  97  S1250sl          0.00%    passed     93.42%
  98  S1251            0.00%    passed     92.21%
  99  S1260            0.69%    passed    100.00%
 100  S1266sl          2.23%    passed     89.20%
 101  S1269            2.23%    passed     84.19%
 102  S1278            0.00%    passed     99.47%
 103  S1315            0.69%    passed    100.00%
 104  S1332            4.81%    passed     94.05%
 105  S1366            0.34%    passed     88.58%
 106  S1369            0.34%    passed     99.84%
 107  S1370            2.23%    passed     99.85%
 108  S1375            2.75%    passed     97.89%
 109  S1376            0.00%    passed     92.90%
 110  S1381            0.34%    passed     97.04%
 111  S1405            0.52%    passed     98.09%
 112  S1422            0.17%    passed     76.39%
 113  S1449            0.00%    passed     88.39%
 114  S1451            0.17%    passed     96.51%
 115  S1460            0.00%    passed     96.35%
 116  S1462            0.69%    passed     97.91%
 117  S1475            0.17%    passed     99.18%
 118  S1498            0.69%    passed     92.91%
 119  S1539            0.00%    passed     99.50%
 120  S_670            0.69%    passed     98.09%
 121  SRR11470320      0.00%    passed     90.15%
 122  SRR8528357       0.00%    passed     99.93%
WARNING: 1 sequences contain more than 50% gaps/ambiguity
****  TOTAL            2.62%  0 sequences failed composition chi2 test (p-value<5%; df=3)
Checking for duplicate sequences: done in 0.015265 secs using 1425% CPU

Create initial parsimony tree by phylogenetic likelihood library (PLL)... 0.057 seconds

NOTE: 6 MB RAM (0 GB) is required!
Measuring multi-threading efficiency up to 56 CPU cores
Increase to 10 rounds for branch lengths
290 trees examined
Threads: 1 / Time: 56.025 sec / Speedup: 1.000 / Efficiency: 100% / LogL: -13695
Threads: 2 / Time: 58.867 sec / Speedup: 0.952 / Efficiency: 48% / LogL: -13695
Determining AUTO threadcount: done in 114.893 secs using 121.4% CPU
BEST NUMBER OF THREADS: 1

Estimate model parameters (epsilon = 0.100)
1. Initial log-likelihood: -8885.403
2. Current log-likelihood: -8558.729
3. Current log-likelihood: -8549.923
4. Current log-likelihood: -8547.108
5. Current log-likelihood: -8545.559
6. Current log-likelihood: -8544.655
7. Current log-likelihood: -8544.081
8. Current log-likelihood: -8543.761
9. Current log-likelihood: -8543.525
10. Current log-likelihood: -8543.345
11. Current log-likelihood: -8543.206
12. Current log-likelihood: -8543.095
Optimal log-likelihood: -8542.971
Rate parameters:  A-C: 1.95582  A-G: 3.84172  A-T: 1.56400  C-G: 1.35974  C-T: 5.60871  G-T: 1.00000
Base frequencies:  A: 0.288  C: 0.177  G: 0.252  T: 0.283
Site proportion and rates:  (0.544,0.129) (0.056,0.287) (0.270,1.480) (0.129,3.968)
Parameters optimization took 12 rounds (2.893 sec)
Wrote distance file to... 
Computing ML distances based on estimated model parameters...
Calculating distance matrix: done in 0.162048 secs using 97.68% CPU
Computing ML distances took 0.162674 sec (of wall-clock time) 0.158910 sec (of CPU time)
Setting up auxiliary I and S matrices: done in 0.00104713 secs using 99.99% CPU
Constructing RapidNJ tree: done in 0.00269413 secs using 101.8% CPU
Computing RapidNJ tree took 0.003868 sec (of wall-clock time) 0.003916 sec (of CPU time)
Log-likelihood of RapidNJ tree: -8589.890
--------------------------------------------------------------------
|             INITIALIZING CANDIDATE TREE SET                      |
--------------------------------------------------------------------
Generating 98 parsimony trees... 2.380 second
Computing log-likelihood of 98 initial trees ... 3.017 seconds
Current best score: -8526.583

Do NNI search on 20 best initial trees
Optimizing NNI: done in 0.29198 secs using 99.99% CPU
Estimate model parameters (epsilon = 0.100)
BETTER TREE FOUND at iteration 1: -8518.111
Optimizing NNI: done in 0.385305 secs using 100% CPU
Estimate model parameters (epsilon = 0.100)
BETTER TREE FOUND at iteration 2: -8517.606
Optimizing NNI: done in 0.36983 secs using 92.42% CPU
Optimizing NNI: done in 0.32153 secs using 91.95% CPU
Optimizing NNI: done in 0.448383 secs using 100% CPU
Optimizing NNI: done in 0.383079 secs using 87.47% CPU
Optimizing NNI: done in 0.445439 secs using 77.55% CPU
Optimizing NNI: done in 0.573909 secs using 69.33% CPU
Optimizing NNI: done in 0.383226 secs using 83.28% CPU
Optimizing NNI: done in 0.353106 secs using 99.84% CPU
Iteration 10 / LogL: -8522.863 / Time: 0h:2m:8s
Optimizing NNI: done in 0.397257 secs using 77.96% CPU
Optimizing NNI: done in 0.661413 secs using 72.34% CPU
Optimizing NNI: done in 0.446376 secs using 100% CPU
Optimizing NNI: done in 0.306034 secs using 100% CPU
Optimizing NNI: done in 0.390617 secs using 100% CPU
Optimizing NNI: done in 0.344479 secs using 100% CPU
Optimizing NNI: done in 0.350198 secs using 100% CPU
Optimizing NNI: done in 0.339197 secs using 100% CPU
Optimizing NNI: done in 0.406046 secs using 98.02% CPU
Optimizing NNI: done in 0.310996 secs using 100% CPU
Iteration 20 / LogL: -8530.544 / Time: 0h:2m:12s
Finish initializing candidate tree set (20)
Current best tree score: -8517.606 / CPU time: 14.425
Number of iterations: 20
--------------------------------------------------------------------
|               OPTIMIZING CANDIDATE TREE SET                      |
--------------------------------------------------------------------
Optimizing NNI: done in 0.490456 secs using 87.68% CPU
Optimizing NNI: done in 0.558967 secs using 99.99% CPU
Optimizing NNI: done in 0.677087 secs using 75.01% CPU
Optimizing NNI: done in 0.623601 secs using 99.59% CPU
Optimizing NNI: done in 0.508831 secs using 99.98% CPU
Optimizing NNI: done in 0.434546 secs using 100% CPU
Optimizing NNI: done in 0.557856 secs using 100% CPU
Estimate model parameters (epsilon = 0.100)
BETTER TREE FOUND at iteration 27: -8517.079
Optimizing NNI: done in 0.447787 secs using 99.99% CPU
Optimizing NNI: done in 0.467223 secs using 100% CPU
Optimizing NNI: done in 0.423035 secs using 100% CPU
Iteration 30 / LogL: -8524.100 / Time: 0h:2m:18s (0h:7m:42s left)
Optimizing NNI: done in 0.582781 secs using 99.99% CPU
Optimizing NNI: done in 0.543936 secs using 100% CPU
Optimizing NNI: done in 0.521492 secs using 100% CPU
Optimizing NNI: done in 0.552351 secs using 100% CPU
Optimizing NNI: done in 0.537012 secs using 100% CPU
Optimizing NNI: done in 0.503841 secs using 99.99% CPU
Optimizing NNI: done in 0.449346 secs using 100% CPU
Optimizing NNI: done in 0.503942 secs using 100% CPU
Optimizing NNI: done in 0.483568 secs using 100% CPU
Optimizing NNI: done in 0.464467 secs using 99.99% CPU
Iteration 40 / LogL: -8517.723 / Time: 0h:2m:23s (0h:5m:20s left)
Optimizing NNI: done in 0.494667 secs using 100% CPU
Optimizing NNI: done in 0.593723 secs using 97.31% CPU
Estimate model parameters (epsilon = 0.100)
BETTER TREE FOUND at iteration 42: -8515.261
Optimizing NNI: done in 0.484561 secs using 99.99% CPU
Optimizing NNI: done in 0.682466 secs using 73.43% CPU
Optimizing NNI: done in 0.471163 secs using 100% CPU
Optimizing NNI: done in 0.51649 secs using 99.94% CPU
Optimizing NNI: done in 0.638381 secs using 100% CPU
Optimizing NNI: done in 0.4721 secs using 99.99% CPU
Optimizing NNI: done in 0.680656 secs using 100% CPU
Optimizing NNI: done in 0.532067 secs using 87.78% CPU
Iteration 50 / LogL: -8517.653 / Time: 0h:2m:29s (0h:4m:40s left)
Optimizing NNI: done in 0.475206 secs using 100% CPU
Optimizing NNI: done in 0.404921 secs using 100% CPU
Optimizing NNI: done in 0.530876 secs using 96.72% CPU
Optimizing NNI: done in 0.536347 secs using 100% CPU
Optimizing NNI: done in 0.682152 secs using 83.66% CPU
BETTER TREE FOUND at iteration 55: -8515.259
Optimizing NNI: done in 0.613248 secs using 69.86% CPU
Optimizing NNI: done in 0.582417 secs using 79.34% CPU
Optimizing NNI: done in 0.505445 secs using 100% CPU
Optimizing NNI: done in 0.568872 secs using 100% CPU
Optimizing NNI: done in 0.576396 secs using 100% CPU
Iteration 60 / LogL: -8515.261 / Time: 0h:2m:35s (0h:4m:9s left)
Optimizing NNI: done in 0.493646 secs using 100% CPU
Optimizing NNI: done in 0.452519 secs using 100% CPU
Estimate model parameters (epsilon = 0.100)
BETTER TREE FOUND at iteration 62: -8514.933
Optimizing NNI: done in 0.601705 secs using 99.98% CPU
Optimizing NNI: done in 0.555592 secs using 89.62% CPU
Optimizing NNI: done in 0.643411 secs using 95.03% CPU
Optimizing NNI: done in 0.458772 secs using 100% CPU
Optimizing NNI: done in 0.610451 secs using 87.64% CPU
Optimizing NNI: done in 0.622357 secs using 84.57% CPU
Optimizing NNI: done in 0.488046 secs using 100% CPU
Optimizing NNI: done in 0.58798 secs using 91.78% CPU
Iteration 70 / LogL: -8517.718 / Time: 0h:2m:41s (0h:3m:34s left)
Optimizing NNI: done in 0.577041 secs using 91.6% CPU
Optimizing NNI: done in 0.545299 secs using 100% CPU
Optimizing NNI: done in 0.639287 secs using 87.76% CPU
Optimizing NNI: done in 0.581972 secs using 95.11% CPU
Optimizing NNI: done in 0.630671 secs using 92.36% CPU
Optimizing NNI: done in 0.566313 secs using 88.94% CPU
Optimizing NNI: done in 0.517661 secs using 91.48% CPU
Optimizing NNI: done in 0.3742 secs using 100% CPU
Optimizing NNI: done in 0.383404 secs using 100% CPU
Estimate model parameters (epsilon = 0.100)
BETTER TREE FOUND at iteration 79: -8514.493
Optimizing NNI: done in 0.434543 secs using 99.97% CPU
BETTER TREE FOUND at iteration 80: -8514.491
Iteration 80 / LogL: -8514.491 / Time: 0h:2m:46s (0h:3m:30s left)
Optimizing NNI: done in 0.659593 secs using 71.58% CPU
Optimizing NNI: done in 0.644935 secs using 75.32% CPU
Optimizing NNI: done in 0.61933 secs using 78.69% CPU
Optimizing NNI: done in 0.528448 secs using 93.36% CPU
Optimizing NNI: done in 0.689816 secs using 95.95% CPU
Optimizing NNI: done in 0.500843 secs using 99.36% CPU
Optimizing NNI: done in 0.500362 secs using 99.98% CPU
Optimizing NNI: done in 0.582459 secs using 89.86% CPU
Optimizing NNI: done in 0.537083 secs using 100% CPU
Optimizing NNI: done in 0.67283 secs using 78.57% CPU
Iteration 90 / LogL: -8514.491 / Time: 0h:2m:52s (0h:2m:54s left)
Optimizing NNI: done in 0.572519 secs using 99.53% CPU
Optimizing NNI: done in 0.503161 secs using 100% CPU
Optimizing NNI: done in 0.500557 secs using 99.21% CPU
Optimizing NNI: done in 0.616827 secs using 100% CPU
BETTER TREE FOUND at iteration 94: -8514.489
Optimizing NNI: done in 0.539103 secs using 99.99% CPU
Optimizing NNI: done in 0.789088 secs using 69.92% CPU
Optimizing NNI: done in 0.487135 secs using 100% CPU
Optimizing NNI: done in 0.568122 secs using 99.31% CPU
Optimizing NNI: done in 0.572478 secs using 100% CPU
Optimizing NNI: done in 0.516884 secs using 100% CPU
Iteration 100 / LogL: -8516.957 / Time: 0h:2m:58s (0h:2m:49s left)
Optimizing NNI: done in 0.458903 secs using 99.83% CPU
Optimizing NNI: done in 0.522062 secs using 95.39% CPU
Optimizing NNI: done in 0.507788 secs using 100% CPU
Optimizing NNI: done in 0.563282 secs using 100% CPU
Estimate model parameters (epsilon = 0.100)
BETTER TREE FOUND at iteration 104: -8513.767
Optimizing NNI: done in 0.557772 secs using 84.2% CPU
Optimizing NNI: done in 0.56211 secs using 100% CPU
Optimizing NNI: done in 0.450995 secs using 100% CPU
Optimizing NNI: done in 0.538272 secs using 100% CPU
Optimizing NNI: done in 0.489932 secs using 99.99% CPU
Optimizing NNI: done in 0.525029 secs using 94.67% CPU
Iteration 110 / LogL: -8515.815 / Time: 0h:3m:4s (0h:2m:38s left)
Optimizing NNI: done in 0.501001 secs using 100% CPU
Optimizing NNI: done in 0.466241 secs using 100% CPU
UPDATE BEST LOG-LIKELIHOOD: -8513.761
Optimizing NNI: done in 0.529999 secs using 100% CPU
Optimizing NNI: done in 0.514725 secs using 99.27% CPU
Optimizing NNI: done in 0.578934 secs using 95.85% CPU
Optimizing NNI: done in 0.632025 secs using 100% CPU
Optimizing NNI: done in 0.580343 secs using 99.99% CPU
Optimizing NNI: done in 0.582257 secs using 88.39% CPU
Optimizing NNI: done in 0.439856 secs using 100% CPU
Optimizing NNI: done in 0.43443 secs using 99.98% CPU
Iteration 120 / LogL: -8514.491 / Time: 0h:3m:9s (0h:2m:13s left)
Optimizing NNI: done in 0.396563 secs using 100% CPU
Optimizing NNI: done in 0.55814 secs using 100% CPU
Optimizing NNI: done in 0.593325 secs using 100% CPU
Optimizing NNI: done in 0.558574 secs using 91.38% CPU
Estimate model parameters (epsilon = 0.100)
BETTER TREE FOUND at iteration 124: -8513.688
Optimizing NNI: done in 0.419875 secs using 100% CPU
Optimizing NNI: done in 0.486391 secs using 100% CPU
Optimizing NNI: done in 0.43377 secs using 100% CPU
UPDATE BEST LOG-LIKELIHOOD: -8513.688
Optimizing NNI: done in 0.465418 secs using 99.99% CPU
Optimizing NNI: done in 0.4568 secs using 100% CPU
Optimizing NNI: done in 0.464442 secs using 99.85% CPU
Iteration 130 / LogL: -8514.481 / Time: 0h:3m:14s (0h:2m:21s left)
Optimizing NNI: done in 0.567983 secs using 99.99% CPU
Optimizing NNI: done in 0.653211 secs using 93.88% CPU
Optimizing NNI: done in 0.480999 secs using 92.78% CPU
Optimizing NNI: done in 0.449301 secs using 99.99% CPU
BETTER TREE FOUND at iteration 134: -8513.686
Optimizing NNI: done in 0.529221 secs using 99.99% CPU
Optimizing NNI: done in 0.512393 secs using 100% CPU
Optimizing NNI: done in 0.389578 secs using 100% CPU
Optimizing NNI: done in 0.448731 secs using 100% CPU
Optimizing NNI: done in 0.485536 secs using 100% CPU
Optimizing NNI: done in 0.544546 secs using 100% CPU
Iteration 140 / LogL: -8517.155 / Time: 0h:3m:19s (0h:2m:14s left)
Optimizing NNI: done in 0.467835 secs using 99.99% CPU
Optimizing NNI: done in 0.496603 secs using 100% CPU
Optimizing NNI: done in 0.572032 secs using 83.71% CPU
Optimizing NNI: done in 0.455881 secs using 100% CPU
Optimizing NNI: done in 0.451191 secs using 100% CPU
Optimizing NNI: done in 0.472472 secs using 100% CPU
Optimizing NNI: done in 0.428041 secs using 100% CPU
Optimizing NNI: done in 0.555563 secs using 100% CPU
Optimizing NNI: done in 0.310227 secs using 100% CPU
Optimizing NNI: done in 0.702389 secs using 99.99% CPU
Iteration 150 / LogL: -8516.952 / Time: 0h:3m:24s (0h:1m:55s left)
Optimizing NNI: done in 0.606716 secs using 100% CPU
Optimizing NNI: done in 0.601878 secs using 99.53% CPU
Optimizing NNI: done in 0.435433 secs using 99.99% CPU
Optimizing NNI: done in 0.416761 secs using 100% CPU
Optimizing NNI: done in 0.489959 secs using 99.99% CPU
Optimizing NNI: done in 0.487447 secs using 99.2% CPU
Optimizing NNI: done in 0.44847 secs using 100% CPU
Optimizing NNI: done in 0.502819 secs using 100% CPU
Optimizing NNI: done in 0.564794 secs using 99.29% CPU
Optimizing NNI: done in 0.397623 secs using 100% CPU
Iteration 160 / LogL: -8513.687 / Time: 0h:3m:29s (0h:1m:37s left)
Optimizing NNI: done in 0.528329 secs using 99.99% CPU
Optimizing NNI: done in 0.581605 secs using 100% CPU
Optimizing NNI: done in 0.399022 secs using 100% CPU
Optimizing NNI: done in 0.545854 secs using 100% CPU
Optimizing NNI: done in 0.499352 secs using 100% CPU
Optimizing NNI: done in 0.545641 secs using 99.29% CPU
Optimizing NNI: done in 0.474124 secs using 100% CPU
Optimizing NNI: done in 0.478346 secs using 100% CPU
Optimizing NNI: done in 0.569233 secs using 99.98% CPU
Optimizing NNI: done in 0.399006 secs using 99.83% CPU
Iteration 170 / LogL: -8513.687 / Time: 0h:3m:34s (0h:1m:21s left)
Optimizing NNI: done in 0.490769 secs using 99.98% CPU
Optimizing NNI: done in 0.454201 secs using 100% CPU
BETTER TREE FOUND at iteration 172: -8513.685
Optimizing NNI: done in 0.486676 secs using 99.98% CPU
Optimizing NNI: done in 0.437974 secs using 100% CPU
Optimizing NNI: done in 0.427147 secs using 100% CPU
Optimizing NNI: done in 0.539175 secs using 100% CPU
Optimizing NNI: done in 0.565905 secs using 100% CPU
Optimizing NNI: done in 0.534686 secs using 99.99% CPU
Optimizing NNI: done in 0.507221 secs using 99.59% CPU
Optimizing NNI: done in 0.305964 secs using 100% CPU
Iteration 180 / LogL: -8552.765 / Time: 0h:3m:39s (0h:1m:52s left)
Optimizing NNI: done in 0.556736 secs using 100% CPU
Optimizing NNI: done in 0.434024 secs using 100% CPU
Optimizing NNI: done in 0.518801 secs using 100% CPU
Optimizing NNI: done in 0.51723 secs using 100% CPU
Optimizing NNI: done in 0.537344 secs using 99.99% CPU
Optimizing NNI: done in 0.587674 secs using 99.9% CPU
Optimizing NNI: done in 0.507581 secs using 99.99% CPU
Optimizing NNI: done in 0.57947 secs using 100% CPU
Optimizing NNI: done in 0.701371 secs using 99.43% CPU
Optimizing NNI: done in 0.590119 secs using 99.95% CPU
Iteration 190 / LogL: -8515.183 / Time: 0h:3m:45s (0h:1m:37s left)
Optimizing NNI: done in 0.471847 secs using 99.99% CPU
Optimizing NNI: done in 0.61586 secs using 100% CPU
Optimizing NNI: done in 0.458126 secs using 100% CPU
Optimizing NNI: done in 0.610917 secs using 100% CPU
Optimizing NNI: done in 0.577514 secs using 99.99% CPU
Optimizing NNI: done in 0.54613 secs using 100% CPU
Optimizing NNI: done in 0.523834 secs using 99.26% CPU
Optimizing NNI: done in 0.444 secs using 99.99% CPU
Optimizing NNI: done in 0.516084 secs using 100% CPU
Optimizing NNI: done in 0.456157 secs using 99.99% CPU
Iteration 200 / LogL: -8515.555 / Time: 0h:3m:50s (0h:1m:23s left)
Optimizing NNI: done in 0.569838 secs using 100% CPU
Optimizing NNI: done in 0.472519 secs using 99.92% CPU
Optimizing NNI: done in 0.615327 secs using 98.05% CPU
Optimizing NNI: done in 0.612214 secs using 100% CPU
Optimizing NNI: done in 0.560359 secs using 100% CPU
Optimizing NNI: done in 0.574547 secs using 100% CPU
Optimizing NNI: done in 0.567231 secs using 99.33% CPU
Optimizing NNI: done in 0.412391 secs using 100% CPU
Optimizing NNI: done in 0.524018 secs using 100% CPU
Optimizing NNI: done in 0.470344 secs using 100% CPU
Iteration 210 / LogL: -8513.686 / Time: 0h:3m:56s (0h:1m:10s left)
Optimizing NNI: done in 0.536365 secs using 100% CPU
Optimizing NNI: done in 0.483404 secs using 100% CPU
Optimizing NNI: done in 0.511491 secs using 100% CPU
Optimizing NNI: done in 0.468269 secs using 99.99% CPU
Optimizing NNI: done in 0.640628 secs using 99.99% CPU
Optimizing NNI: done in 0.587569 secs using 100% CPU
Optimizing NNI: done in 0.559391 secs using 99.99% CPU
Optimizing NNI: done in 0.544933 secs using 100% CPU
Optimizing NNI: done in 0.532343 secs using 100% CPU
Optimizing NNI: done in 0.425565 secs using 100% CPU
Iteration 220 / LogL: -8515.743 / Time: 0h:4m:1s (0h:0m:57s left)
Optimizing NNI: done in 0.620739 secs using 84.5% CPU
Optimizing NNI: done in 0.472152 secs using 100% CPU
Optimizing NNI: done in 0.485602 secs using 100% CPU
Optimizing NNI: done in 0.498634 secs using 100% CPU
Optimizing NNI: done in 0.516841 secs using 100% CPU
Optimizing NNI: done in 0.442044 secs using 100% CPU
Optimizing NNI: done in 0.529667 secs using 100% CPU
Optimizing NNI: done in 0.532845 secs using 100% CPU
Optimizing NNI: done in 0.542472 secs using 99.99% CPU
Optimizing NNI: done in 0.493568 secs using 99.89% CPU
Iteration 230 / LogL: -8519.656 / Time: 0h:4m:6s (0h:0m:45s left)
Optimizing NNI: done in 0.403169 secs using 99.84% CPU
Optimizing NNI: done in 0.434387 secs using 100% CPU
Optimizing NNI: done in 0.486484 secs using 100% CPU
Optimizing NNI: done in 0.506525 secs using 98.45% CPU
Optimizing NNI: done in 0.539161 secs using 99.82% CPU
Optimizing NNI: done in 0.524523 secs using 99.8% CPU
UPDATE BEST LOG-LIKELIHOOD: -8513.685
Optimizing NNI: done in 0.493612 secs using 99.87% CPU
Optimizing NNI: done in 0.521294 secs using 93.73% CPU
Optimizing NNI: done in 0.525222 secs using 99.93% CPU
Optimizing NNI: done in 0.488302 secs using 99.95% CPU
Iteration 240 / LogL: -8513.693 / Time: 0h:4m:11s (0h:0m:33s left)
Optimizing NNI: done in 0.466268 secs using 99.95% CPU
Optimizing NNI: done in 0.464091 secs using 99.93% CPU
Optimizing NNI: done in 0.463968 secs using 99.94% CPU
Optimizing NNI: done in 0.512503 secs using 99.92% CPU
Optimizing NNI: done in 0.538011 secs using 99.96% CPU
Optimizing NNI: done in 0.464949 secs using 100% CPU
Optimizing NNI: done in 0.52238 secs using 99.94% CPU
Optimizing NNI: done in 0.456818 secs using 98.81% CPU
Optimizing NNI: done in 0.448494 secs using 100% CPU
Optimizing NNI: done in 0.534822 secs using 99.94% CPU
Iteration 250 / LogL: -8515.556 / Time: 0h:4m:16s (0h:0m:22s left)
Optimizing NNI: done in 0.640654 secs using 99.94% CPU
Optimizing NNI: done in 0.520758 secs using 98.97% CPU
Optimizing NNI: done in 0.418791 secs using 99.92% CPU
Optimizing NNI: done in 0.583688 secs using 100% CPU
Optimizing NNI: done in 0.46297 secs using 99.28% CPU
Optimizing NNI: done in 0.531149 secs using 97.74% CPU
Optimizing NNI: done in 0.460066 secs using 100% CPU
Optimizing NNI: done in 0.507163 secs using 100% CPU
Optimizing NNI: done in 0.590092 secs using 100% CPU
Optimizing NNI: done in 0.510789 secs using 100% CPU
Iteration 260 / LogL: -8520.842 / Time: 0h:4m:22s (0h:0m:12s left)
Optimizing NNI: done in 0.545415 secs using 76.49% CPU
Optimizing NNI: done in 0.567225 secs using 78.81% CPU
Optimizing NNI: done in 0.521288 secs using 93.85% CPU
Optimizing NNI: done in 0.719877 secs using 72.19% CPU
Optimizing NNI: done in 0.752564 secs using 73.93% CPU
Optimizing NNI: done in 0.481614 secs using 100% CPU
Optimizing NNI: done in 0.683016 secs using 90.88% CPU
Optimizing NNI: done in 0.509905 secs using 100% CPU
Optimizing NNI: done in 0.613477 secs using 78.87% CPU
Optimizing NNI: done in 0.571901 secs using 94.4% CPU
Iteration 270 / LogL: -8514.449 / Time: 0h:4m:28s (0h:0m:1s left)
Optimizing NNI: done in 0.661131 secs using 82.45% CPU
Optimizing NNI: done in 0.797735 secs using 60.88% CPU
Optimizing NNI: done in 0.451883 secs using 99.95% CPU
TREE SEARCH COMPLETED AFTER 273 ITERATIONS / Time: 0h:4m:30s

--------------------------------------------------------------------
|                    FINALIZING TREE SEARCH                        |
--------------------------------------------------------------------
Performs final model parameters optimization
Estimate model parameters (epsilon = 0.010)
1. Initial log-likelihood: -8513.685
Optimal log-likelihood: -8513.671
Rate parameters:  A-C: 1.94483  A-G: 3.80297  A-T: 1.61118  C-G: 1.35455  C-T: 5.74087  G-T: 1.00000
Base frequencies:  A: 0.288  C: 0.177  G: 0.252  T: 0.283
Site proportion and rates:  (0.548,0.120) (0.041,0.272) (0.287,1.440) (0.124,4.098)
Parameters optimization took 1 rounds (0.206 sec)
BEST SCORE FOUND : -8513.671
Total tree length: 2.902

Total number of iterations: 273
CPU time used for tree search: 145.919 sec (0h:2m:25s)
Wall-clock time used for tree search: 151.970 sec (0h:2m:31s)
Total CPU time used: 291.155 sec (0h:4m:51s)
Total wall-clock time used: 270.572 sec (0h:4m:30s)

Analysis results written to: 
  IQ-TREE report:                6483_iqtree_preliminary_superstrict_excluding_hybrids.iqtree
  Maximum-likelihood tree:       6483_iqtree_preliminary_superstrict_excluding_hybrids.treefile
  Likelihood distances:          6483_iqtree_preliminary_superstrict_excluding_hybrids.mldist
  Screen log file:               6483_iqtree_preliminary_superstrict_excluding_hybrids.log

ALISIM COMMAND
--------------
--alisim simulated_MSA -t 6483_iqtree_preliminary_superstrict_excluding_hybrids.treefile -m "GTR{1.94483,3.80297,1.61118,1.35455,5.74087}+F{0.288368,0.176563,0.252105,0.282964}+R4{0.547752,0.119956,0.0406504,0.272042,0.287232,1.43971,0.124366,4.09843}" --length 582

Date and Time: Fri Jun  2 08:22:51 2023
