IQ-TREE multicore version 2.2.2 COVID-edition for Linux 64-bit built Sep 20 2022
Developed by Bui Quang Minh, James Barbetti, Nguyen Lam Tung,
Olga Chernomor, Heiko Schmidt, Dominik Schrempf, Michael Woodhams, Ly Trong Nhan.

Host:    netdc-bms-c11f (AVX2, FMA3, 377 GB RAM)
Command: /home/kasper.hendriks/iqtree-2.2.2-Linux/bin/iqtree2 -s 6526_taper_preliminary_superstrict_excluding_hybrids.fasta -nm 1000 -m GTR+F+R -nt AUTO --prefix 6526_iqtree_preliminary_superstrict_excluding_hybrids
Seed:    33902 (Using SPRNG - Scalable Parallel Random Number Generator)
Time:    Fri Jun  2 08:19:05 2023
Kernel:  AVX+FMA - auto-detect threads (56 CPU cores detected)

Reading alignment file 6526_taper_preliminary_superstrict_excluding_hybrids.fasta ... Fasta format detected
Reading fasta file: done in 0.000319958 secs using 99.08% CPU
Alignment most likely contains DNA/RNA sequences
Constructing alignment: done in 0.000817776 secs using 1411% CPU
Alignment has 80 sequences with 117 columns, 79 distinct patterns
50 parsimony-informative, 16 singleton sites, 51 constant sites
             Gap/Ambiguity  Composition  p-value
Analyzing sequences: done in 0.0119832 secs using 1276% CPU
   1  HYZL           0.00%    passed     70.01%
   2  MYZV           0.00%    passed     53.87%
   3  SRR6441723     0.00%    passed     97.13%
   4  ERR2789774     0.00%    passed     86.84%
   5  S0055          0.00%    passed     99.33%
   6  S0281          0.00%    passed     96.52%
   7  S0282          0.00%    passed     96.29%
   8  S0292          2.56%    passed     96.57%
   9  S0293          0.00%    passed     96.24%
  10  S0294          0.85%    passed     83.25%
  11  S0299          0.00%    passed     24.27%
  12  S0308          0.00%    passed     95.02%
  13  S0322          8.55%    passed     91.98%
  14  S0335          0.00%    passed     98.62%
  15  S0376          0.00%    passed     98.46%
  16  S0400          0.00%    passed     99.28%
  17  S0405          0.00%    passed     98.21%
  18  S0412sl        0.00%    passed     97.01%
  19  S0427          0.00%    passed     98.13%
  20  S0552sl        0.00%    passed     88.54%
  21  S0558          0.00%    passed     98.63%
  22  S0641          0.00%    passed     94.52%
  23  S0643          0.00%    passed     99.28%
  24  S0673          0.00%    passed     99.95%
  25  S0689          0.85%    passed     97.92%
  26  S0690          0.00%    passed     96.61%
  27  S0720          3.42%    passed     89.21%
  28  S0724sl        7.69%    passed     89.94%
  29  S0735          0.00%    passed     88.93%
  30  S0742          0.00%    passed     97.58%
  31  S0756          0.00%    passed     98.56%
  32  S0760          0.00%    passed     91.19%
  33  S0763          0.00%    passed     99.95%
  34  S0770          0.00%    passed     91.19%
  35  S0795          5.13%    passed     88.75%
  36  S0888          0.00%    passed     91.00%
  37  S0894          0.00%    passed     98.95%
  38  S0906          0.00%    passed     69.60%
  39  S0952          0.00%    passed     98.13%
  40  S0959          0.00%    passed     99.33%
  41  S0960          0.00%    passed     88.54%
  42  S1052sl        0.00%    passed     68.05%
  43  S1083          0.00%    passed     97.70%
  44  S1100          0.85%    passed     99.80%
  45  S1102          2.56%    passed     97.96%
  46  S1129sl        0.00%    passed     94.18%
  47  S1148          0.00%    passed     95.22%
  48  S1177          0.00%    passed     94.39%
  49  S1180          0.00%    passed     92.30%
  50  S1189          0.00%    passed     99.36%
  51  S1201sl        0.00%    passed     98.13%
  52  S1211          0.00%    passed     99.89%
  53  S1214sl        0.00%    passed     95.40%
  54  S1223          0.00%    passed     92.30%
  55  S1227          0.00%    passed     99.81%
  56  S1235sl        0.00%    passed     96.29%
  57  S1239          0.00%    passed     94.61%
  58  S1245          0.00%    passed     98.95%
  59  S1246         12.82%    passed     98.09%
  60  S1249          4.27%    passed     99.75%
  61  S1266sl        5.98%    passed     96.65%
  62  S1269          5.13%    passed     91.04%
  63  S1278          0.00%    passed     98.21%
  64  S1315          0.00%    passed     98.46%
  65  S1332          0.00%    passed     99.36%
  66  S1369          0.00%    passed     99.81%
  67  S1370          2.56%    passed     99.84%
  68  S1375          0.00%    passed     98.40%
  69  S1376          0.00%    passed     72.21%
  70  S1381          0.00%    passed     98.63%
  71  S1405          4.27%    passed     99.28%
  72  S1422          0.00%    passed     94.66%
  73  S1449          0.00%    passed     92.25%
  74  S1460          0.00%    passed     99.81%
  75  S1462          0.00%    passed     88.77%
  76  S1498          0.00%    passed     91.44%
  77  S1539          0.00%    passed     98.46%
  78  S_670          0.00%    passed     97.01%
  79  SRR11470320    0.00%    passed     99.36%
  80  SRR8528357     0.00%    passed     99.81%
****  TOTAL          0.84%  0 sequences failed composition chi2 test (p-value<5%; df=3)
NOTE: S0643 is identical to S0400 but kept for subsequent analysis
NOTE: S0960 is identical to S0552sl but kept for subsequent analysis
NOTE: S0770 is identical to S0760 but kept for subsequent analysis
NOTE: S1223 is identical to S1180 but kept for subsequent analysis
NOTE: S1369 is identical to S1227 but kept for subsequent analysis
Checking for duplicate sequences: done in 0.003721 secs using 1766% CPU
Identifying sites to remove: done in 0.000355005 secs using 1478% CPU
NOTE: 1 identical sequences (see below) will be ignored for subsequent analysis
NOTE: SRR8528357 (identical to S1227) is ignored but added at the end
Alignment was printed to 6526_iqtree_preliminary_superstrict_excluding_hybrids.uniqueseq.phy

For your convenience alignment with unique sequences printed to 6526_iqtree_preliminary_superstrict_excluding_hybrids.uniqueseq.phy

Create initial parsimony tree by phylogenetic likelihood library (PLL)... 0.006 seconds

NOTE: 0 MB RAM (0 GB) is required!
Measuring multi-threading efficiency up to 56 CPU cores
Increase to 10 rounds for branch lengths
1324 trees examined
Threads: 1 / Time: 56.004 sec / Speedup: 1.000 / Efficiency: 100% / LogL: -2609
Threads: 2 / Time: 83.254 sec / Speedup: 0.673 / Efficiency: 34% / LogL: -2609
Determining AUTO threadcount: done in 139.272 secs using 106.4% CPU
BEST NUMBER OF THREADS: 1

Estimate model parameters (epsilon = 0.100)
1. Initial log-likelihood: -1499.302
2. Current log-likelihood: -1440.528
3. Current log-likelihood: -1439.179
4. Current log-likelihood: -1438.909
5. Current log-likelihood: -1438.734
6. Current log-likelihood: -1438.613
Optimal log-likelihood: -1438.507
Rate parameters:  A-C: 0.83796  A-G: 2.73533  A-T: 1.10112  C-G: 0.93515  C-T: 4.18763  G-T: 1.00000
Base frequencies:  A: 0.397  C: 0.181  G: 0.203  T: 0.219
Site proportion and rates:  (0.501,0.134) (0.115,0.306) (0.189,1.193) (0.195,3.448)
Parameters optimization took 6 rounds (0.456 sec)
Wrote distance file to... 
Computing ML distances based on estimated model parameters...
Calculating distance matrix: done in 0.0976162 secs using 62.68% CPU
Computing ML distances took 0.097829 sec (of wall-clock time) 0.061395 sec (of CPU time)
Setting up auxiliary I and S matrices: done in 0.000557184 secs
Constructing RapidNJ tree: done in 0.00116587 secs using 33.45% CPU
Computing RapidNJ tree took 0.001842 sec (of wall-clock time) 0.000425 sec (of CPU time)
Log-likelihood of RapidNJ tree: -1430.738
--------------------------------------------------------------------
|             INITIALIZING CANDIDATE TREE SET                      |
--------------------------------------------------------------------
Generating 98 parsimony trees... 1.147 second
Computing log-likelihood of 98 initial trees ... 0.685 seconds
Current best score: -1423.003

Do NNI search on 20 best initial trees
Optimizing NNI: done in 0.096947 secs using 83.36% CPU
Estimate model parameters (epsilon = 0.100)
BETTER TREE FOUND at iteration 1: -1417.997
Optimizing NNI: done in 0.0696301 secs using 100% CPU
Optimizing NNI: done in 0.0733819 secs using 99.82% CPU
Optimizing NNI: done in 0.0732169 secs using 99.77% CPU
Optimizing NNI: done in 0.12528 secs using 99.69% CPU
Estimate model parameters (epsilon = 0.100)
BETTER TREE FOUND at iteration 5: -1416.294
Optimizing NNI: done in 0.100253 secs using 99.4% CPU
Optimizing NNI: done in 0.103777 secs using 99.88% CPU
Optimizing NNI: done in 0.0949149 secs using 99.85% CPU
Optimizing NNI: done in 0.0817919 secs using 100% CPU
Optimizing NNI: done in 0.0763862 secs using 99.74% CPU
Iteration 10 / LogL: -1416.905 / Time: 0h:2m:22s
Optimizing NNI: done in 0.0892999 secs using 99.87% CPU
Optimizing NNI: done in 0.0798881 secs using 99.42% CPU
Optimizing NNI: done in 0.0550439 secs using 97.88% CPU
Optimizing NNI: done in 0.076201 secs using 98.67% CPU
Optimizing NNI: done in 0.079195 secs using 99.35% CPU
Optimizing NNI: done in 0.0813992 secs using 99.86% CPU
Optimizing NNI: done in 0.058445 secs using 98.67% CPU
Optimizing NNI: done in 0.0531268 secs using 99% CPU
Optimizing NNI: done in 0.082845 secs using 99.21% CPU
Optimizing NNI: done in 0.0524571 secs using 98.93% CPU
Iteration 20 / LogL: -1432.682 / Time: 0h:2m:23s
Finish initializing candidate tree set (20)
Current best tree score: -1416.294 / CPU time: 3.640
Number of iterations: 20
--------------------------------------------------------------------
|               OPTIMIZING CANDIDATE TREE SET                      |
--------------------------------------------------------------------
Optimizing NNI: done in 0.0902381 secs using 99.85% CPU
Optimizing NNI: done in 0.111955 secs using 98.23% CPU
Estimate model parameters (epsilon = 0.100)
BETTER TREE FOUND at iteration 22: -1415.176
Optimizing NNI: done in 0.153529 secs using 68.57% CPU
BETTER TREE FOUND at iteration 23: -1415.173
Optimizing NNI: done in 0.217768 secs using 61.01% CPU
Optimizing NNI: done in 0.191605 secs using 55.15% CPU
BETTER TREE FOUND at iteration 25: -1415.173
Optimizing NNI: done in 0.140088 secs using 99.95% CPU
Optimizing NNI: done in 0.213998 secs using 54.7% CPU
Optimizing NNI: done in 0.127398 secs using 75.05% CPU
Optimizing NNI: done in 0.094094 secs using 100% CPU
Optimizing NNI: done in 0.0927 secs using 65.47% CPU
Iteration 30 / LogL: -1428.641 / Time: 0h:2m:25s (0h:7m:55s left)
Optimizing NNI: done in 0.0831189 secs using 100% CPU
BETTER TREE FOUND at iteration 31: -1415.171
Optimizing NNI: done in 0.118506 secs using 99.67% CPU
Optimizing NNI: done in 0.151775 secs using 99.91% CPU
Optimizing NNI: done in 0.106025 secs using 100% CPU
Optimizing NNI: done in 0.250725 secs using 53.73% CPU
Optimizing NNI: done in 0.106679 secs using 84.89% CPU
Optimizing NNI: done in 0.211401 secs using 68.46% CPU
Optimizing NNI: done in 0.154843 secs using 57.58% CPU
Optimizing NNI: done in 0.114889 secs using 75.63% CPU
Optimizing NNI: done in 0.164434 secs using 64.02% CPU
Iteration 40 / LogL: -1417.763 / Time: 0h:2m:26s (0h:5m:42s left)
Optimizing NNI: done in 0.14385 secs using 82.87% CPU
Optimizing NNI: done in 0.200056 secs using 52.47% CPU
Optimizing NNI: done in 0.205723 secs using 53.14% CPU
Optimizing NNI: done in 0.163422 secs using 70.63% CPU
Optimizing NNI: done in 0.231091 secs using 59.44% CPU
Optimizing NNI: done in 0.215558 secs using 55.2% CPU
Optimizing NNI: done in 0.215485 secs using 55.25% CPU
Optimizing NNI: done in 0.276502 secs using 63.5% CPU
Estimate model parameters (epsilon = 0.100)
BETTER TREE FOUND at iteration 48: -1415.026
Optimizing NNI: done in 0.183849 secs using 69.54% CPU
Optimizing NNI: done in 0.194016 secs using 50.52% CPU
Iteration 50 / LogL: -1419.155 / Time: 0h:2m:28s (0h:4m:57s left)
Optimizing NNI: done in 0.212639 secs using 58.39% CPU
Optimizing NNI: done in 0.182143 secs using 61.45% CPU
Optimizing NNI: done in 0.23696 secs using 51.58% CPU
Optimizing NNI: done in 0.163087 secs using 69.79% CPU
Optimizing NNI: done in 0.212533 secs using 55.33% CPU
Optimizing NNI: done in 0.141899 secs using 63.32% CPU
Optimizing NNI: done in 0.252396 secs using 36.21% CPU
Optimizing NNI: done in 0.235766 secs using 41.67% CPU
Optimizing NNI: done in 0.182064 secs using 49.21% CPU
Optimizing NNI: done in 0.18789 secs using 48.63% CPU
Iteration 60 / LogL: -1415.154 / Time: 0h:2m:30s (0h:3m:45s left)
Optimizing NNI: done in 0.16977 secs using 70.06% CPU
Optimizing NNI: done in 0.0868921 secs using 100% CPU
Optimizing NNI: done in 0.270424 secs using 61.87% CPU
Optimizing NNI: done in 0.17263 secs using 69.67% CPU
Optimizing NNI: done in 0.105898 secs using 92.11% CPU
Optimizing NNI: done in 0.165684 secs using 59.63% CPU
Optimizing NNI: done in 0.159107 secs using 61.68% CPU
Optimizing NNI: done in 0.159067 secs using 66.71% CPU
Optimizing NNI: done in 0.245299 secs using 64.13% CPU
Optimizing NNI: done in 0.159279 secs using 58.85% CPU
Iteration 70 / LogL: -1416.205 / Time: 0h:2m:32s (0h:2m:52s left)
Optimizing NNI: done in 0.21755 secs using 53.83% CPU
Optimizing NNI: done in 0.148394 secs using 67.65% CPU
Optimizing NNI: done in 0.135032 secs using 74.1% CPU
Optimizing NNI: done in 0.131739 secs using 87.86% CPU
Optimizing NNI: done in 0.174579 secs using 53.96% CPU
Optimizing NNI: done in 0.128063 secs using 49.36% CPU
Optimizing NNI: done in 0.144236 secs using 88.91% CPU
Optimizing NNI: done in 0.121466 secs using 86.83% CPU
Optimizing NNI: done in 0.133671 secs using 99.97% CPU
BETTER TREE FOUND at iteration 79: -1415.026
Optimizing NNI: done in 0.169101 secs using 81.43% CPU
Iteration 80 / LogL: -1415.027 / Time: 0h:2m:34s (0h:3m:13s left)
Optimizing NNI: done in 0.137828 secs using 76.78% CPU
Optimizing NNI: done in 0.122718 secs using 86.94% CPU
Optimizing NNI: done in 0.165012 secs using 56.31% CPU
Optimizing NNI: done in 0.14027 secs using 65.69% CPU
Optimizing NNI: done in 0.251811 secs using 53.88% CPU
Optimizing NNI: done in 0.101537 secs using 84.25% CPU
Optimizing NNI: done in 0.076777 secs using 99.98% CPU
Optimizing NNI: done in 0.126906 secs using 99.7% CPU
Optimizing NNI: done in 0.102367 secs using 68.74% CPU
Optimizing NNI: done in 0.165861 secs using 54.04% CPU
Iteration 90 / LogL: -1416.798 / Time: 0h:2m:35s (0h:2m:35s left)
Optimizing NNI: done in 0.0892341 secs using 99.82% CPU
Optimizing NNI: done in 0.118506 secs using 86.49% CPU
Optimizing NNI: done in 0.231566 secs using 51.03% CPU
Optimizing NNI: done in 0.128102 secs using 97.41% CPU
Optimizing NNI: done in 0.133037 secs using 93.75% CPU
Optimizing NNI: done in 0.155816 secs using 75.94% CPU
Optimizing NNI: done in 0.163371 secs using 75.63% CPU
Optimizing NNI: done in 0.173496 secs using 52.56% CPU
Optimizing NNI: done in 0.136518 secs using 100% CPU
Optimizing NNI: done in 0.196164 secs using 67.27% CPU
Iteration 100 / LogL: -1417.483 / Time: 0h:2m:37s (0h:2m:5s left)
Optimizing NNI: done in 0.212409 secs using 59.35% CPU
Optimizing NNI: done in 0.169948 secs using 49.8% CPU
Optimizing NNI: done in 0.158495 secs using 58.09% CPU
Optimizing NNI: done in 0.163535 secs using 72.24% CPU
Optimizing NNI: done in 0.0893099 secs using 100% CPU
Optimizing NNI: done in 0.112722 secs using 88.85% CPU
Optimizing NNI: done in 0.122552 secs using 76.73% CPU
Optimizing NNI: done in 0.100876 secs using 84.47% CPU
Optimizing NNI: done in 0.185921 secs using 64.92% CPU
Optimizing NNI: done in 0.0810959 secs using 100% CPU
Iteration 110 / LogL: -1415.026 / Time: 0h:2m:38s (0h:1m:40s left)
Optimizing NNI: done in 0.120676 secs using 86.74% CPU
Optimizing NNI: done in 0.173114 secs using 53.23% CPU
Optimizing NNI: done in 0.144504 secs using 61.19% CPU
Optimizing NNI: done in 0.148745 secs using 67.73% CPU
Optimizing NNI: done in 0.1476 secs using 63.58% CPU
BETTER TREE FOUND at iteration 115: -1415.026
Optimizing NNI: done in 0.102621 secs using 96.08% CPU
Optimizing NNI: done in 0.127191 secs using 81.07% CPU
Optimizing NNI: done in 0.197141 secs using 67.26% CPU
Optimizing NNI: done in 0.142841 secs using 49.87% CPU
Optimizing NNI: done in 0.335508 secs using 26.95% CPU
Iteration 120 / LogL: -1415.026 / Time: 0h:2m:40s (0h:2m:8s left)
Optimizing NNI: done in 0.250211 secs using 55.69% CPU
Optimizing NNI: done in 0.163688 secs using 73.86% CPU
Optimizing NNI: done in 0.144325 secs using 93.74% CPU
Optimizing NNI: done in 0.103994 secs using 99.98% CPU
Optimizing NNI: done in 0.118551 secs using 99.96% CPU
Optimizing NNI: done in 0.113567 secs using 99.98% CPU
Optimizing NNI: done in 0.181783 secs using 54.5% CPU
Optimizing NNI: done in 0.128155 secs using 74.97% CPU
Optimizing NNI: done in 0.156914 secs using 66.92% CPU
Optimizing NNI: done in 0.242436 secs using 49.67% CPU
Iteration 130 / LogL: -1415.988 / Time: 0h:2m:42s (0h:1m:46s left)
Optimizing NNI: done in 0.283894 secs using 49.27% CPU
Optimizing NNI: done in 0.195664 secs using 54.42% CPU
Optimizing NNI: done in 0.281958 secs using 51.77% CPU
Optimizing NNI: done in 0.169187 secs using 52.71% CPU
Optimizing NNI: done in 0.220757 secs using 49.26% CPU
Optimizing NNI: done in 0.238616 secs using 53.06% CPU
Optimizing NNI: done in 0.23342 secs using 52.01% CPU
Optimizing NNI: done in 0.259167 secs using 50.61% CPU
Optimizing NNI: done in 0.191131 secs using 49.77% CPU
Optimizing NNI: done in 0.160721 secs using 50.22% CPU
Iteration 140 / LogL: -1424.173 / Time: 0h:2m:44s (0h:1m:28s left)
Optimizing NNI: done in 0.277289 secs using 48.04% CPU
Optimizing NNI: done in 0.255413 secs using 49.88% CPU
Optimizing NNI: done in 0.256111 secs using 48.74% CPU
Optimizing NNI: done in 0.209824 secs using 46.62% CPU
Optimizing NNI: done in 0.262974 secs using 51.33% CPU
Optimizing NNI: done in 0.197482 secs using 51.39% CPU
Optimizing NNI: done in 0.254225 secs using 49.65% CPU
Optimizing NNI: done in 0.246974 secs using 48.18% CPU
Optimizing NNI: done in 0.227042 secs using 50.67% CPU
Optimizing NNI: done in 0.280678 secs using 48.69% CPU
Iteration 150 / LogL: -1420.934 / Time: 0h:2m:46s (0h:1m:12s left)
Optimizing NNI: done in 0.203703 secs using 52.87% CPU
Optimizing NNI: done in 0.132702 secs using 100% CPU
Optimizing NNI: done in 0.10666 secs using 100% CPU
Optimizing NNI: done in 0.0930281 secs using 100% CPU
Optimizing NNI: done in 0.101842 secs using 99.95% CPU
Optimizing NNI: done in 0.116802 secs using 100% CPU
Optimizing NNI: done in 0.119852 secs using 100% CPU
Optimizing NNI: done in 0.122233 secs using 100% CPU
Optimizing NNI: done in 0.125425 secs using 99.99% CPU
Optimizing NNI: done in 0.101118 secs using 100% CPU
Iteration 160 / LogL: -1415.027 / Time: 0h:2m:48s (0h:0m:58s left)
Optimizing NNI: done in 0.117736 secs using 100% CPU
Optimizing NNI: done in 0.127575 secs using 62.37% CPU
Optimizing NNI: done in 0.162721 secs using 70.48% CPU
Optimizing NNI: done in 0.140128 secs using 77.16% CPU
Optimizing NNI: done in 0.176526 secs using 72.81% CPU
Optimizing NNI: done in 0.187886 secs using 74.45% CPU
Optimizing NNI: done in 0.137222 secs using 76.68% CPU
Optimizing NNI: done in 0.126396 secs using 99.85% CPU
Optimizing NNI: done in 0.112721 secs using 99.89% CPU
Optimizing NNI: done in 0.125828 secs using 97.44% CPU
Iteration 170 / LogL: -1415.988 / Time: 0h:2m:49s (0h:0m:45s left)
Optimizing NNI: done in 0.234238 secs using 38.77% CPU
Optimizing NNI: done in 0.253447 secs using 51.45% CPU
Optimizing NNI: done in 0.081532 secs using 99.91% CPU
Optimizing NNI: done in 0.0794389 secs using 99.73% CPU
Optimizing NNI: done in 0.130553 secs using 99.96% CPU
Optimizing NNI: done in 0.270033 secs using 32.82% CPU
Optimizing NNI: done in 0.226488 secs using 53.95% CPU
Optimizing NNI: done in 0.150734 secs using 86.68% CPU
Optimizing NNI: done in 0.130623 secs using 75.5% CPU
Optimizing NNI: done in 0.193621 secs using 75.21% CPU
Iteration 180 / LogL: -1420.212 / Time: 0h:2m:51s (0h:0m:33s left)
Optimizing NNI: done in 0.0860341 secs using 85.8% CPU
Optimizing NNI: done in 0.116317 secs using 100% CPU
Optimizing NNI: done in 0.075408 secs using 100% CPU
Optimizing NNI: done in 0.181955 secs using 100% CPU
Optimizing NNI: done in 0.0983539 secs using 100% CPU
Optimizing NNI: done in 0.0905879 secs using 99.99% CPU
Optimizing NNI: done in 0.12103 secs using 100% CPU
Optimizing NNI: done in 0.114952 secs using 100% CPU
Optimizing NNI: done in 0.161773 secs using 57.86% CPU
Optimizing NNI: done in 0.0968451 secs using 100% CPU
Iteration 190 / LogL: -1419.204 / Time: 0h:2m:52s (0h:0m:22s left)
Optimizing NNI: done in 0.125973 secs using 55.02% CPU
Optimizing NNI: done in 0.0998399 secs using 100% CPU
Optimizing NNI: done in 0.0944381 secs using 100% CPU
Optimizing NNI: done in 0.0882339 secs using 100% CPU
Optimizing NNI: done in 0.108391 secs using 100% CPU
Optimizing NNI: done in 0.099843 secs using 100% CPU
Optimizing NNI: done in 0.164567 secs using 61.25% CPU
Optimizing NNI: done in 0.095433 secs using 100% CPU
Optimizing NNI: done in 0.14135 secs using 100% CPU
Optimizing NNI: done in 0.137753 secs using 99.97% CPU
Iteration 200 / LogL: -1415.156 / Time: 0h:2m:53s (0h:0m:13s left)
Optimizing NNI: done in 0.084712 secs using 100% CPU
Optimizing NNI: done in 0.143153 secs using 99.22% CPU
Optimizing NNI: done in 0.112032 secs using 97.51% CPU
Optimizing NNI: done in 0.175935 secs using 72.58% CPU
Optimizing NNI: done in 0.181823 secs using 49.39% CPU
Optimizing NNI: done in 0.312769 secs using 32.21% CPU
Optimizing NNI: done in 0.257267 secs using 56.9% CPU
Optimizing NNI: done in 0.0889091 secs using 87.23% CPU
Optimizing NNI: done in 0.186483 secs using 67.82% CPU
Optimizing NNI: done in 0.216952 secs using 50.14% CPU
Iteration 210 / LogL: -1415.852 / Time: 0h:2m:55s (0h:0m:4s left)
Optimizing NNI: done in 0.158664 secs using 48.09% CPU
Optimizing NNI: done in 0.242529 secs using 47.22% CPU
Optimizing NNI: done in 0.219202 secs using 50.73% CPU
Optimizing NNI: done in 0.177503 secs using 72.91% CPU
Optimizing NNI: done in 0.116688 secs using 65.72% CPU
Optimizing NNI: done in 0.121267 secs using 100% CPU
TREE SEARCH COMPLETED AFTER 216 ITERATIONS / Time: 0h:2m:56s

--------------------------------------------------------------------
|                    FINALIZING TREE SEARCH                        |
--------------------------------------------------------------------
Performs final model parameters optimization
Estimate model parameters (epsilon = 0.010)
1. Initial log-likelihood: -1415.026
2. Current log-likelihood: -1414.988
3. Current log-likelihood: -1414.965
4. Current log-likelihood: -1414.951
5. Current log-likelihood: -1414.940
Optimal log-likelihood: -1414.931
Rate parameters:  A-C: 0.95365  A-G: 3.35491  A-T: 1.25905  C-G: 1.19953  C-T: 5.64497  G-T: 1.00000
Base frequencies:  A: 0.397  C: 0.181  G: 0.203  T: 0.219
Site proportion and rates:  (0.539,0.122) (0.056,0.278) (0.249,1.311) (0.156,3.795)
Parameters optimization took 5 rounds (0.233 sec)
BEST SCORE FOUND : -1414.931
Total tree length: 2.639

Total number of iterations: 216
CPU time used for tree search: 25.544 sec (0h:0m:25s)
Wall-clock time used for tree search: 36.784 sec (0h:0m:36s)
Total CPU time used: 175.515 sec (0h:2m:55s)
Total wall-clock time used: 177.017 sec (0h:2m:57s)

Analysis results written to: 
  IQ-TREE report:                6526_iqtree_preliminary_superstrict_excluding_hybrids.iqtree
  Maximum-likelihood tree:       6526_iqtree_preliminary_superstrict_excluding_hybrids.treefile
  Likelihood distances:          6526_iqtree_preliminary_superstrict_excluding_hybrids.mldist
  Screen log file:               6526_iqtree_preliminary_superstrict_excluding_hybrids.log

ALISIM COMMAND
--------------
--alisim simulated_MSA -t 6526_iqtree_preliminary_superstrict_excluding_hybrids.treefile -m "GTR{0.953654,3.35491,1.25905,1.19953,5.64497}+F{0.396949,0.181109,0.203034,0.218908}+R4{0.538921,0.122272,0.0560685,0.278486,0.248932,1.31059,0.156079,3.79451}" --length 117

Date and Time: Fri Jun  2 08:22:02 2023
