IQ-TREE multicore version 2.2.2 COVID-edition for Linux 64-bit built Sep 20 2022
Developed by Bui Quang Minh, James Barbetti, Nguyen Lam Tung,
Olga Chernomor, Heiko Schmidt, Dominik Schrempf, Michael Woodhams, Ly Trong Nhan.

Host:    netdc-bms-c11f (AVX2, FMA3, 377 GB RAM)
Command: /home/kasper.hendriks/iqtree-2.2.2-Linux/bin/iqtree2 -s 6713_taper_preliminary_superstrict_excluding_hybrids.fasta -nm 1000 -m GTR+F+R -nt AUTO --prefix 6713_iqtree_preliminary_superstrict_excluding_hybrids
Seed:    476365 (Using SPRNG - Scalable Parallel Random Number Generator)
Time:    Fri Jun  2 08:21:03 2023
Kernel:  AVX+FMA - auto-detect threads (56 CPU cores detected)

Reading alignment file 6713_taper_preliminary_superstrict_excluding_hybrids.fasta ... Fasta format detected
Reading fasta file: done in 0.000917912 secs
Alignment most likely contains DNA/RNA sequences
Constructing alignment: done in 0.00212502 secs using 1329% CPU
Alignment has 108 sequences with 299 columns, 233 distinct patterns
149 parsimony-informative, 35 singleton sites, 115 constant sites
               Gap/Ambiguity  Composition  p-value
Analyzing sequences: done in 0.00176001 secs using 1201% CPU
   1  CRNC             0.00%    passed     81.99%
   2  HYZL             0.00%    passed     93.88%
   3  MYZV             0.00%    passed     35.17%
   4  SRR6441723       0.00%    passed     96.53%
   5  ERR4210213      78.26%    passed     85.63%
   6  ERR2789774       0.00%    passed     98.99%
   7  PAFTOL_019361    8.36%    passed     82.62%
   8  S0055            0.33%    passed     80.60%
   9  S0278            0.00%    passed     81.08%
  10  S0281            0.00%    passed     94.94%
  11  S0282            0.00%    passed     83.53%
  12  S0289           24.08%    passed     90.84%
  13  S0292            4.35%    passed     92.49%
  14  S0293           81.27%    passed     97.53%
  15  S0294            0.67%    passed     89.84%
  16  S0299           29.77%    passed     63.06%
  17  S0303            0.00%    passed     92.06%
  18  S0308            0.00%    passed     99.62%
  19  S0322           17.73%    passed     94.53%
  20  S0327            0.33%    passed     99.12%
  21  S0335            0.00%    passed     98.32%
  22  S0376            0.67%    passed     98.65%
  23  S0400            0.00%    passed     94.83%
  24  S0405            0.00%    passed     94.83%
  25  S0407sl          0.00%    passed     99.38%
  26  S0412sl          0.33%    passed     78.71%
  27  S0417            0.00%    passed     97.14%
  28  S0419            0.00%    passed     98.97%
  29  S0427            0.00%    passed     83.05%
  30  S0428sl         39.13%    passed     91.02%
  31  S0430            0.00%    passed     94.28%
  32  S0478            0.33%    passed     79.79%
  33  S0552sl          0.33%    passed     79.81%
  34  S0558            0.33%    passed     91.24%
  35  S0616            0.00%    passed     99.88%
  36  S0624            2.34%    passed     95.61%
  37  S0641            0.00%    passed     98.07%
  38  S0643            0.67%    passed     91.38%
  39  S0645sl          0.67%    passed     94.66%
  40  S0656sl          0.00%    passed     95.67%
  41  S0673            0.33%    passed     86.65%
  42  S0689            0.33%    passed     99.91%
  43  S0690           26.76%    passed     33.22%
  44  S0720            0.00%    passed     97.42%
  45  S0724sl          0.00%    passed     95.04%
  46  S0735            0.00%    passed     96.68%
  47  S0742            0.00%    passed     87.11%
  48  S0748            0.00%    passed     92.28%
  49  S0756            0.00%    passed     98.98%
  50  S0760            0.00%    passed     99.04%
  51  S0763            0.33%    passed     94.55%
  52  S0770            0.00%    passed     97.98%
  53  S0771            0.00%    passed     97.32%
  54  S0827            0.00%    passed     95.52%
  55  S0888            0.67%    passed     94.87%
  56  S0894            1.34%    passed     88.40%
  57  S0899            0.67%    passed     90.04%
  58  S0906            0.00%    passed     97.80%
  59  S0951           52.17%    passed     62.20%
  60  S0952            2.34%    passed     97.99%
  61  S0956           11.04%    passed     44.00%
  62  S0959            1.00%    passed     92.29%
  63  S0960            0.33%    passed     87.73%
  64  S1052sl         20.40%    passed     66.14%
  65  S1083            0.00%    passed     99.21%
  66  S1100            0.33%    passed     99.32%
  67  S1102            0.00%    passed     95.29%
  68  S1110           38.80%    passed     78.81%
  69  S1120           46.82%    passed     34.16%
  70  S1128            0.33%    passed     92.52%
  71  S1129sl          0.33%    passed     72.38%
  72  S1148            0.00%    passed     99.96%
  73  S1177            0.00%    passed     99.76%
  74  S1180            0.00%    passed     99.63%
  75  S1187sl         71.91%    passed     14.74%
  76  S1189            0.33%    passed     94.98%
  77  S1201sl          0.33%    passed     92.35%
  78  S1211            0.00%    passed     93.72%
  79  S1214sl          0.00%    passed     96.54%
  80  S1227            0.00%    passed     89.44%
  81  S1235sl          0.00%    passed     98.42%
  82  S1238sl          0.00%    passed     96.02%
  83  S1239            0.00%    passed     99.59%
  84  S1245            0.33%    passed     89.91%
  85  S1246            0.33%    passed     86.40%
  86  S1249           52.84%    passed     46.99%
  87  S1250sl          0.00%    passed     82.01%
  88  S1251            2.01%    passed     84.95%
  89  S1260            3.01%    passed     94.89%
  90  S1278            0.00%    passed     85.14%
  91  S1315            0.67%    passed    100.00%
  92  S1332            0.00%    passed     88.36%
  93  S1366            2.34%    passed     95.66%
  94  S1369            0.00%    passed     43.58%
  95  S1370            1.34%    passed     88.42%
  96  S1375            4.68%    passed     94.55%
  97  S1376            0.00%    passed     89.80%
  98  S1381            0.33%    passed     98.80%
  99  S1405           16.39%    passed     99.58%
 100  S1422            8.03%    passed     99.19%
 101  S1449            4.01%    passed     91.50%
 102  S1460            0.33%    passed     96.52%
 103  S1462            0.33%    passed     99.73%
 104  S1475            1.00%    passed     99.37%
 105  S1498            0.00%    passed     99.63%
 106  S1539            0.33%    passed     86.65%
 107  S_670            0.00%    passed     98.24%
 108  SRR8528357       0.00%    passed     99.35%
WARNING: 5 sequences contain more than 50% gaps/ambiguity
****  TOTAL            6.16%  0 sequences failed composition chi2 test (p-value<5%; df=3)
Checking for duplicate sequences: done in 0.011066 secs using 1402% CPU

Create initial parsimony tree by phylogenetic likelihood library (PLL)... 0.045 seconds

NOTE: 3 MB RAM (0 GB) is required!
Measuring multi-threading efficiency up to 56 CPU cores
Increase to 10 rounds for branch lengths
400 trees examined
Threads: 1 / Time: 56.022 sec / Speedup: 1.000 / Efficiency: 100% / LogL: -7669
Threads: 2 / Time: 64.629 sec / Speedup: 0.867 / Efficiency: 43% / LogL: -7669
Determining AUTO threadcount: done in 120.652 secs using 104% CPU
BEST NUMBER OF THREADS: 1

Estimate model parameters (epsilon = 0.100)
1. Initial log-likelihood: -4910.816
2. Current log-likelihood: -4678.635
3. Current log-likelihood: -4674.115
4. Current log-likelihood: -4672.750
5. Current log-likelihood: -4671.902
6. Current log-likelihood: -4671.310
7. Current log-likelihood: -4670.869
8. Current log-likelihood: -4670.602
9. Current log-likelihood: -4670.381
10. Current log-likelihood: -4670.199
11. Current log-likelihood: -4670.048
12. Current log-likelihood: -4669.920
13. Current log-likelihood: -4669.811
Optimal log-likelihood: -4669.673
Rate parameters:  A-C: 1.48836  A-G: 6.77804  A-T: 1.99027  C-G: 2.84066  C-T: 6.48328  G-T: 1.00000
Base frequencies:  A: 0.198  C: 0.198  G: 0.223  T: 0.381
Site proportion and rates:  (0.490,0.116) (0.022,0.263) (0.333,1.188) (0.155,3.499)
Parameters optimization took 13 rounds (1.872 sec)
Wrote distance file to... 
Computing ML distances based on estimated model parameters...
Calculating distance matrix: done in 0.109013 secs using 96.25% CPU
Computing ML distances took 0.109508 sec (of wall-clock time) 0.105410 sec (of CPU time)
WARNING: Some pairwise ML distances are too long (saturated)
Setting up auxiliary I and S matrices: done in 0.000808001 secs using 100% CPU
Constructing RapidNJ tree: done in 0.00172019 secs using 333.4% CPU
Computing RapidNJ tree took 0.002617 sec (of wall-clock time) 0.006630 sec (of CPU time)
Log-likelihood of RapidNJ tree: -4729.034
--------------------------------------------------------------------
|             INITIALIZING CANDIDATE TREE SET                      |
--------------------------------------------------------------------
Generating 98 parsimony trees... 2.444 second
Computing log-likelihood of 98 initial trees ... 1.926 seconds
Current best score: -4654.710

Do NNI search on 20 best initial trees
Optimizing NNI: done in 0.280624 secs using 64.36% CPU
Estimate model parameters (epsilon = 0.100)
BETTER TREE FOUND at iteration 1: -4646.611
Optimizing NNI: done in 0.272166 secs using 74.51% CPU
Optimizing NNI: done in 0.335399 secs using 70.65% CPU
Optimizing NNI: done in 0.239839 secs using 82% CPU
Optimizing NNI: done in 0.321243 secs using 70.69% CPU
Optimizing NNI: done in 0.318795 secs using 67.61% CPU
Optimizing NNI: done in 0.301424 secs using 73.39% CPU
Optimizing NNI: done in 0.572288 secs using 49.58% CPU
Optimizing NNI: done in 0.342 secs using 58.85% CPU
Optimizing NNI: done in 0.366763 secs using 59.48% CPU
Iteration 10 / LogL: -4661.110 / Time: 0h:2m:11s
Optimizing NNI: done in 0.272376 secs using 78.61% CPU
Optimizing NNI: done in 0.280758 secs using 69.2% CPU
Optimizing NNI: done in 0.229472 secs using 86.03% CPU
Optimizing NNI: done in 0.282492 secs using 67.62% CPU
Optimizing NNI: done in 0.676669 secs using 37.21% CPU
Optimizing NNI: done in 0.308285 secs using 71.17% CPU
Optimizing NNI: done in 0.24442 secs using 62.31% CPU
Optimizing NNI: done in 0.235142 secs using 99.94% CPU
Optimizing NNI: done in 0.235981 secs using 99.94% CPU
Optimizing NNI: done in 0.203706 secs using 99.93% CPU
Iteration 20 / LogL: -4663.078 / Time: 0h:2m:14s
Finish initializing candidate tree set (20)
Current best tree score: -4646.611 / CPU time: 11.202
Number of iterations: 20
--------------------------------------------------------------------
|               OPTIMIZING CANDIDATE TREE SET                      |
--------------------------------------------------------------------
Optimizing NNI: done in 0.26978 secs using 99.94% CPU
Optimizing NNI: done in 0.312467 secs using 99.94% CPU
Optimizing NNI: done in 0.374931 secs using 74.38% CPU
Optimizing NNI: done in 0.492075 secs using 65.55% CPU
Optimizing NNI: done in 0.5545 secs using 52.04% CPU
Optimizing NNI: done in 0.411886 secs using 69.69% CPU
Optimizing NNI: done in 0.254092 secs using 73.2% CPU
Optimizing NNI: done in 0.401381 secs using 78.51% CPU
Optimizing NNI: done in 0.311575 secs using 99.43% CPU
Optimizing NNI: done in 0.243026 secs using 99.94% CPU
Iteration 30 / LogL: -4646.765 / Time: 0h:2m:17s (0h:5m:37s left)
Optimizing NNI: done in 0.331082 secs using 87.85% CPU
Estimate model parameters (epsilon = 0.100)
BETTER TREE FOUND at iteration 31: -4646.397
Optimizing NNI: done in 0.295985 secs using 99.93% CPU
Optimizing NNI: done in 0.231511 secs using 99.75% CPU
Optimizing NNI: done in 0.610345 secs using 42.21% CPU
Optimizing NNI: done in 0.437342 secs using 84.74% CPU
Optimizing NNI: done in 0.535051 secs using 64.78% CPU
Optimizing NNI: done in 0.412064 secs using 61.16% CPU
Optimizing NNI: done in 0.450083 secs using 64.44% CPU
Estimate model parameters (epsilon = 0.100)
BETTER TREE FOUND at iteration 38: -4645.889
Optimizing NNI: done in 0.538197 secs using 61.73% CPU
Optimizing NNI: done in 0.64967 secs using 55.24% CPU
Iteration 40 / LogL: -4655.656 / Time: 0h:2m:22s (0h:5m:58s left)
Optimizing NNI: done in 0.386327 secs using 63.06% CPU
Estimate model parameters (epsilon = 0.100)
BETTER TREE FOUND at iteration 41: -4645.729
Optimizing NNI: done in 0.65387 secs using 36.43% CPU
Optimizing NNI: done in 0.422213 secs using 63.45% CPU
Optimizing NNI: done in 0.327973 secs using 85.6% CPU
Optimizing NNI: done in 0.40562 secs using 82.83% CPU
Optimizing NNI: done in 0.455618 secs using 59.19% CPU
Optimizing NNI: done in 0.274945 secs using 88.57% CPU
Optimizing NNI: done in 0.492499 secs using 49.16% CPU
Optimizing NNI: done in 0.274485 secs using 94.97% CPU
Optimizing NNI: done in 0.246739 secs using 99.97% CPU
Iteration 50 / LogL: -4650.488 / Time: 0h:2m:27s (0h:4m:32s left)
Optimizing NNI: done in 0.217832 secs using 100% CPU
Optimizing NNI: done in 0.304543 secs using 100% CPU
Optimizing NNI: done in 0.45334 secs using 66.88% CPU
Optimizing NNI: done in 0.431442 secs using 73.72% CPU
Optimizing NNI: done in 0.354699 secs using 69.51% CPU
Optimizing NNI: done in 0.367494 secs using 85% CPU
Optimizing NNI: done in 0.396872 secs using 62.05% CPU
Optimizing NNI: done in 0.455669 secs using 63.05% CPU
Optimizing NNI: done in 0.455589 secs using 72.85% CPU
Optimizing NNI: done in 0.483314 secs using 55.87% CPU
Iteration 60 / LogL: -4647.586 / Time: 0h:2m:31s (0h:3m:27s left)
Optimizing NNI: done in 0.402986 secs using 72.86% CPU
Optimizing NNI: done in 0.428433 secs using 60.62% CPU
Optimizing NNI: done in 0.503891 secs using 62.92% CPU
Optimizing NNI: done in 0.432345 secs using 61.57% CPU
Optimizing NNI: done in 0.472283 secs using 73.85% CPU
Optimizing NNI: done in 0.599515 secs using 50.34% CPU
Optimizing NNI: done in 0.419768 secs using 63.36% CPU
Optimizing NNI: done in 0.54525 secs using 60.22% CPU
Optimizing NNI: done in 0.318212 secs using 81.14% CPU
Optimizing NNI: done in 0.386554 secs using 77.75% CPU
Iteration 70 / LogL: -4660.933 / Time: 0h:2m:35s (0h:2m:40s left)
Optimizing NNI: done in 0.569 secs using 56.95% CPU
Optimizing NNI: done in 0.624382 secs using 60.55% CPU
Optimizing NNI: done in 0.294179 secs using 91.41% CPU
Optimizing NNI: done in 0.226752 secs using 99.95% CPU
Optimizing NNI: done in 0.282978 secs using 99.95% CPU
Optimizing NNI: done in 0.246872 secs using 99.93% CPU
Optimizing NNI: done in 0.290468 secs using 99.96% CPU
Optimizing NNI: done in 0.26408 secs using 99.95% CPU
Optimizing NNI: done in 0.327234 secs using 99.94% CPU
BETTER TREE FOUND at iteration 79: -4645.724
Optimizing NNI: done in 0.312643 secs using 99.88% CPU
Iteration 80 / LogL: -4645.776 / Time: 0h:2m:39s (0h:3m:19s left)
Optimizing NNI: done in 0.509948 secs using 60.08% CPU
Optimizing NNI: done in 0.432089 secs using 63.1% CPU
Optimizing NNI: done in 0.41167 secs using 76.5% CPU
BETTER TREE FOUND at iteration 83: -4645.723
Optimizing NNI: done in 0.397573 secs using 73.66% CPU
BETTER TREE FOUND at iteration 84: -4645.722
Optimizing NNI: done in 0.436269 secs using 82.4% CPU
Optimizing NNI: done in 0.398417 secs using 82.4% CPU
Optimizing NNI: done in 0.358804 secs using 70.95% CPU
Optimizing NNI: done in 0.572262 secs using 75.11% CPU
Optimizing NNI: done in 0.412058 secs using 76.29% CPU
Optimizing NNI: done in 0.43603 secs using 61.12% CPU
Iteration 90 / LogL: -4647.185 / Time: 0h:2m:43s (0h:2m:52s left)
Optimizing NNI: done in 0.471093 secs using 56.41% CPU
Optimizing NNI: done in 0.310776 secs using 81.33% CPU
Optimizing NNI: done in 0.43684 secs using 74.76% CPU
Optimizing NNI: done in 0.399112 secs using 66.73% CPU
Optimizing NNI: done in 0.437437 secs using 62.72% CPU
Optimizing NNI: done in 0.394037 secs using 82.29% CPU
Optimizing NNI: done in 0.564125 secs using 68.64% CPU
Optimizing NNI: done in 0.451225 secs using 63.15% CPU
Optimizing NNI: done in 0.486926 secs using 69.16% CPU
Optimizing NNI: done in 0.293329 secs using 100% CPU
Iteration 100 / LogL: -4647.028 / Time: 0h:2m:48s (0h:2m:22s left)
Optimizing NNI: done in 0.278479 secs using 100% CPU
Optimizing NNI: done in 0.301924 secs using 99.98% CPU
Optimizing NNI: done in 0.371127 secs using 99.97% CPU
Optimizing NNI: done in 0.285532 secs using 99.93% CPU
Optimizing NNI: done in 0.269594 secs using 99.95% CPU
Optimizing NNI: done in 0.279984 secs using 98.56% CPU
Optimizing NNI: done in 0.440462 secs using 77.43% CPU
Optimizing NNI: done in 0.270679 secs using 82.17% CPU
Optimizing NNI: done in 0.604681 secs using 60.53% CPU
Optimizing NNI: done in 0.279938 secs using 99.91% CPU
Iteration 110 / LogL: -4653.639 / Time: 0h:2m:51s (0h:1m:56s left)
Optimizing NNI: done in 0.300691 secs using 99.88% CPU
Optimizing NNI: done in 0.278252 secs using 99.96% CPU
Optimizing NNI: done in 0.343744 secs using 99.89% CPU
Optimizing NNI: done in 0.297106 secs using 98.86% CPU
Optimizing NNI: done in 0.226845 secs using 99.52% CPU
Optimizing NNI: done in 0.288739 secs using 99.95% CPU
Optimizing NNI: done in 0.301276 secs using 99.94% CPU
Optimizing NNI: done in 0.272554 secs using 99.95% CPU
Optimizing NNI: done in 0.257413 secs using 99.94% CPU
Optimizing NNI: done in 0.229266 secs using 99.93% CPU
Iteration 120 / LogL: -4667.815 / Time: 0h:2m:54s (0h:1m:33s left)
Optimizing NNI: done in 0.336051 secs using 99.94% CPU
Optimizing NNI: done in 0.275975 secs using 99.95% CPU
Optimizing NNI: done in 0.280619 secs using 99.94% CPU
Optimizing NNI: done in 0.359279 secs using 82.84% CPU
Optimizing NNI: done in 0.462203 secs using 67.11% CPU
Optimizing NNI: done in 0.412319 secs using 60.83% CPU
Optimizing NNI: done in 0.342356 secs using 76.69% CPU
Optimizing NNI: done in 0.498076 secs using 55.94% CPU
Optimizing NNI: done in 0.341298 secs using 88.29% CPU
Optimizing NNI: done in 0.472217 secs using 66.79% CPU
Iteration 130 / LogL: -4651.481 / Time: 0h:2m:58s (0h:1m:14s left)
Optimizing NNI: done in 0.428291 secs using 71.91% CPU
Optimizing NNI: done in 0.365497 secs using 96.18% CPU
Optimizing NNI: done in 0.290136 secs using 99.99% CPU
Optimizing NNI: done in 0.304821 secs using 75.05% CPU
Optimizing NNI: done in 0.43905 secs using 71.78% CPU
Optimizing NNI: done in 0.383406 secs using 64.89% CPU
Optimizing NNI: done in 0.366191 secs using 79.24% CPU
Optimizing NNI: done in 0.427114 secs using 65.31% CPU
Optimizing NNI: done in 0.427637 secs using 69.83% CPU
Optimizing NNI: done in 0.351764 secs using 99.36% CPU
Iteration 140 / LogL: -4647.569 / Time: 0h:3m:2s (0h:0m:57s left)
Optimizing NNI: done in 0.257514 secs using 100% CPU
Optimizing NNI: done in 0.363658 secs using 99.84% CPU
Optimizing NNI: done in 0.313966 secs using 100% CPU
Optimizing NNI: done in 0.335641 secs using 100% CPU
Optimizing NNI: done in 0.503986 secs using 90.54% CPU
Optimizing NNI: done in 0.330424 secs using 90.3% CPU
Optimizing NNI: done in 0.579908 secs using 52.56% CPU
Optimizing NNI: done in 0.793765 secs using 37.66% CPU
Optimizing NNI: done in 0.457509 secs using 72.01% CPU
Optimizing NNI: done in 0.608987 secs using 61.4% CPU
Iteration 150 / LogL: -4652.602 / Time: 0h:3m:6s (0h:0m:42s left)
Optimizing NNI: done in 0.488233 secs using 53.08% CPU
Optimizing NNI: done in 0.354108 secs using 80.11% CPU
Optimizing NNI: done in 0.308384 secs using 89.62% CPU
Optimizing NNI: done in 0.309034 secs using 89.24% CPU
Optimizing NNI: done in 0.50497 secs using 60.37% CPU
Optimizing NNI: done in 0.538822 secs using 64.62% CPU
Optimizing NNI: done in 0.502093 secs using 69.35% CPU
Optimizing NNI: done in 0.302837 secs using 94.67% CPU
Optimizing NNI: done in 0.278087 secs using 99.44% CPU
Optimizing NNI: done in 0.308941 secs using 99.52% CPU
Iteration 160 / LogL: -4645.723 / Time: 0h:3m:10s (0h:0m:28s left)
Optimizing NNI: done in 0.254852 secs using 99.83% CPU
Optimizing NNI: done in 0.231978 secs using 99.71% CPU
Optimizing NNI: done in 0.253585 secs using 100% CPU
Optimizing NNI: done in 0.274294 secs using 99.99% CPU
Optimizing NNI: done in 0.468624 secs using 85.51% CPU
Optimizing NNI: done in 0.35452 secs using 68.4% CPU
Optimizing NNI: done in 0.274008 secs using 99.99% CPU
Optimizing NNI: done in 0.207816 secs using 100% CPU
Optimizing NNI: done in 0.282372 secs using 100% CPU
Optimizing NNI: done in 0.29571 secs using 99.98% CPU
Iteration 170 / LogL: -4645.764 / Time: 0h:3m:13s (0h:0m:16s left)
Optimizing NNI: done in 0.23334 secs using 99.9% CPU
Optimizing NNI: done in 0.343108 secs using 99.69% CPU
Optimizing NNI: done in 0.30779 secs using 98.55% CPU
Optimizing NNI: done in 0.271978 secs using 99.71% CPU
Optimizing NNI: done in 0.224871 secs using 100% CPU
Optimizing NNI: done in 0.277557 secs using 99.99% CPU
Optimizing NNI: done in 0.279973 secs using 99.98% CPU
Optimizing NNI: done in 0.269791 secs using 99.98% CPU
Optimizing NNI: done in 0.620291 secs using 51.75% CPU
Optimizing NNI: done in 0.29306 secs using 99.9% CPU
Iteration 180 / LogL: -4648.910 / Time: 0h:3m:16s (0h:0m:4s left)
Optimizing NNI: done in 0.340338 secs using 96.86% CPU
Optimizing NNI: done in 0.291999 secs using 97.59% CPU
Optimizing NNI: done in 0.303672 secs using 97.45% CPU
Optimizing NNI: done in 0.227336 secs using 98.13% CPU
BETTER TREE FOUND at iteration 184: -4645.720
Optimizing NNI: done in 0.432007 secs using 65.45% CPU
Optimizing NNI: done in 0.56858 secs using 55.41% CPU
Optimizing NNI: done in 0.271308 secs using 88.23% CPU
Optimizing NNI: done in 0.427919 secs using 70.72% CPU
Optimizing NNI: done in 0.342644 secs using 90.72% CPU
Optimizing NNI: done in 0.364776 secs using 82.48% CPU
Iteration 190 / LogL: -4648.529 / Time: 0h:3m:20s (0h:1m:39s left)
Optimizing NNI: done in 0.33857 secs using 76.43% CPU
Optimizing NNI: done in 0.339146 secs using 70.05% CPU
Optimizing NNI: done in 0.53823 secs using 64.89% CPU
Optimizing NNI: done in 0.500886 secs using 63.49% CPU
Optimizing NNI: done in 0.436312 secs using 84.78% CPU
Optimizing NNI: done in 0.47464 secs using 49.11% CPU
Optimizing NNI: done in 0.487701 secs using 73.89% CPU
Optimizing NNI: done in 0.496564 secs using 64.29% CPU
Optimizing NNI: done in 0.585375 secs using 54.52% CPU
Optimizing NNI: done in 0.292848 secs using 96.62% CPU
Iteration 200 / LogL: -4650.281 / Time: 0h:3m:25s (0h:1m:26s left)
Optimizing NNI: done in 0.285489 secs using 100% CPU
Optimizing NNI: done in 0.288338 secs using 100% CPU
Optimizing NNI: done in 0.236937 secs using 100% CPU
Optimizing NNI: done in 0.378964 secs using 100% CPU
Optimizing NNI: done in 0.650611 secs using 55.77% CPU
Optimizing NNI: done in 0.282763 secs using 99.99% CPU
Optimizing NNI: done in 0.316168 secs using 100% CPU
Optimizing NNI: done in 0.306404 secs using 100% CPU
Optimizing NNI: done in 0.362279 secs using 69.05% CPU
Optimizing NNI: done in 0.358632 secs using 77.68% CPU
Iteration 210 / LogL: -4664.150 / Time: 0h:3m:28s (0h:1m:13s left)
Optimizing NNI: done in 0.326713 secs using 85.37% CPU
Optimizing NNI: done in 0.35071 secs using 81.74% CPU
Optimizing NNI: done in 0.40041 secs using 84.02% CPU
Optimizing NNI: done in 0.41852 secs using 92.35% CPU
Optimizing NNI: done in 0.579245 secs using 62.17% CPU
Optimizing NNI: done in 0.646066 secs using 47.29% CPU
Optimizing NNI: done in 0.495969 secs using 69.7% CPU
Optimizing NNI: done in 0.426139 secs using 65.27% CPU
Optimizing NNI: done in 0.669234 secs using 38.77% CPU
Optimizing NNI: done in 0.471183 secs using 73.8% CPU
Iteration 220 / LogL: -4645.856 / Time: 0h:3m:33s (0h:1m:2s left)
Optimizing NNI: done in 0.563307 secs using 60.58% CPU
Optimizing NNI: done in 0.344036 secs using 70.92% CPU
Optimizing NNI: done in 0.448319 secs using 58.98% CPU
Optimizing NNI: done in 0.480624 secs using 56.72% CPU
Optimizing NNI: done in 0.343771 secs using 76.73% CPU
Optimizing NNI: done in 0.415946 secs using 70.19% CPU
Optimizing NNI: done in 0.438164 secs using 77.17% CPU
Optimizing NNI: done in 0.787538 secs using 37.07% CPU
Optimizing NNI: done in 0.417564 secs using 63.98% CPU
Optimizing NNI: done in 0.370489 secs using 82.72% CPU
Iteration 230 / LogL: -4648.035 / Time: 0h:3m:38s (0h:0m:51s left)
Optimizing NNI: done in 0.391083 secs using 76.47% CPU
Optimizing NNI: done in 0.390229 secs using 57.79% CPU
Optimizing NNI: done in 0.73117 secs using 43.01% CPU
Optimizing NNI: done in 0.610134 secs using 48.86% CPU
Optimizing NNI: done in 0.517453 secs using 49.76% CPU
Optimizing NNI: done in 0.620999 secs using 49.76% CPU
Optimizing NNI: done in 0.386339 secs using 81.36% CPU
Optimizing NNI: done in 0.438431 secs using 78.1% CPU
Optimizing NNI: done in 0.420107 secs using 84.76% CPU
Optimizing NNI: done in 0.384193 secs using 83.34% CPU
Iteration 240 / LogL: -4654.301 / Time: 0h:3m:43s (0h:0m:41s left)
Optimizing NNI: done in 0.387931 secs using 83.09% CPU
Optimizing NNI: done in 0.254858 secs using 87.44% CPU
Optimizing NNI: done in 0.349073 secs using 86.23% CPU
Optimizing NNI: done in 0.391968 secs using 82.66% CPU
Optimizing NNI: done in 0.356392 secs using 86.52% CPU
Optimizing NNI: done in 0.346175 secs using 86.12% CPU
Optimizing NNI: done in 0.505618 secs using 57.27% CPU
Estimate model parameters (epsilon = 0.100)
BETTER TREE FOUND at iteration 247: -4645.652
Optimizing NNI: done in 0.582954 secs using 49.9% CPU
Optimizing NNI: done in 0.644623 secs using 49.74% CPU
Optimizing NNI: done in 0.470243 secs using 48.96% CPU
Iteration 250 / LogL: -4645.715 / Time: 0h:3m:48s (0h:1m:28s left)
Optimizing NNI: done in 0.578733 secs using 54.38% CPU
Optimizing NNI: done in 0.553892 secs using 55.23% CPU
Optimizing NNI: done in 0.525441 secs using 76.38% CPU
Optimizing NNI: done in 0.341299 secs using 82.41% CPU
Optimizing NNI: done in 0.453257 secs using 71.58% CPU
Optimizing NNI: done in 0.39078 secs using 49.83% CPU
Optimizing NNI: done in 0.573893 secs using 48.43% CPU
Optimizing NNI: done in 0.580586 secs using 49.7% CPU
Optimizing NNI: done in 0.635802 secs using 69.17% CPU
Optimizing NNI: done in 0.292195 secs using 99.86% CPU
Iteration 260 / LogL: -4645.663 / Time: 0h:3m:53s (0h:1m:18s left)
Optimizing NNI: done in 0.250464 secs using 99.98% CPU
Optimizing NNI: done in 0.48057 secs using 89.26% CPU
Optimizing NNI: done in 0.457925 secs using 65.93% CPU
Optimizing NNI: done in 0.543031 secs using 49.91% CPU
Optimizing NNI: done in 0.607171 secs using 48.61% CPU
Optimizing NNI: done in 0.534295 secs using 48.35% CPU
Optimizing NNI: done in 0.632466 secs using 49.41% CPU
BETTER TREE FOUND at iteration 267: -4645.643
Optimizing NNI: done in 0.480545 secs using 49.21% CPU
Optimizing NNI: done in 0.541243 secs using 49.73% CPU
Optimizing NNI: done in 0.369657 secs using 82.68% CPU
Iteration 270 / LogL: -4645.734 / Time: 0h:3m:58s (0h:1m:25s left)
Optimizing NNI: done in 0.381845 secs using 83.23% CPU
Optimizing NNI: done in 0.543319 secs using 61.71% CPU
Optimizing NNI: done in 0.671336 secs using 45.52% CPU
Optimizing NNI: done in 0.501228 secs using 63.51% CPU
Optimizing NNI: done in 0.561908 secs using 57.29% CPU
Optimizing NNI: done in 0.588958 secs using 49.54% CPU
Optimizing NNI: done in 0.515526 secs using 49.87% CPU
Optimizing NNI: done in 0.433949 secs using 58.49% CPU
Optimizing NNI: done in 0.514806 secs using 63.04% CPU
Optimizing NNI: done in 0.365927 secs using 95.62% CPU
Iteration 280 / LogL: -4646.430 / Time: 0h:4m:3s (0h:1m:15s left)
Optimizing NNI: done in 0.294233 secs using 100% CPU
Optimizing NNI: done in 0.254152 secs using 93.71% CPU
Optimizing NNI: done in 0.437896 secs using 78.07% CPU
Optimizing NNI: done in 0.480789 secs using 65.88% CPU
Optimizing NNI: done in 0.410829 secs using 62.12% CPU
Optimizing NNI: done in 0.761872 secs using 67.88% CPU
Optimizing NNI: done in 0.417237 secs using 66.75% CPU
Optimizing NNI: done in 0.377241 secs using 74.55% CPU
Optimizing NNI: done in 0.35898 secs using 86% CPU
Optimizing NNI: done in 0.389118 secs using 75.3% CPU
Iteration 290 / LogL: -4645.717 / Time: 0h:4m:7s (0h:1m:5s left)
Optimizing NNI: done in 0.311181 secs using 83.29% CPU
Optimizing NNI: done in 0.609525 secs using 54.06% CPU
Optimizing NNI: done in 0.645839 secs using 50.44% CPU
Optimizing NNI: done in 0.530944 secs using 52.54% CPU
Optimizing NNI: done in 0.501813 secs using 74.48% CPU
Optimizing NNI: done in 0.39289 secs using 75.56% CPU
Optimizing NNI: done in 0.304887 secs using 73.75% CPU
Optimizing NNI: done in 0.372104 secs using 74.19% CPU
Optimizing NNI: done in 0.442605 secs using 78.3% CPU
Optimizing NNI: done in 0.341412 secs using 95.3% CPU
Iteration 300 / LogL: -4645.717 / Time: 0h:4m:12s (0h:0m:56s left)
Optimizing NNI: done in 0.294496 secs using 99.99% CPU
Optimizing NNI: done in 0.28581 secs using 99.99% CPU
Optimizing NNI: done in 0.261487 secs using 99.98% CPU
Optimizing NNI: done in 0.346622 secs using 100% CPU
Optimizing NNI: done in 0.294531 secs using 99.98% CPU
Optimizing NNI: done in 0.32661 secs using 99.99% CPU
Optimizing NNI: done in 0.325348 secs using 99.99% CPU
Optimizing NNI: done in 0.50806 secs using 47.81% CPU
Optimizing NNI: done in 0.666272 secs using 44.09% CPU
Optimizing NNI: done in 0.50784 secs using 49.59% CPU
Iteration 310 / LogL: -4645.663 / Time: 0h:4m:16s (0h:0m:47s left)
Optimizing NNI: done in 0.470632 secs using 59.3% CPU
Optimizing NNI: done in 0.473903 secs using 79.18% CPU
Optimizing NNI: done in 1.06995 secs using 50.28% CPU
Optimizing NNI: done in 0.407434 secs using 72.47% CPU
Optimizing NNI: done in 0.429701 secs using 77.55% CPU
Optimizing NNI: done in 0.561983 secs using 77.22% CPU
Optimizing NNI: done in 0.561432 secs using 62.69% CPU
Optimizing NNI: done in 0.220203 secs using 100% CPU
Optimizing NNI: done in 0.269927 secs using 99.94% CPU
Optimizing NNI: done in 0.490266 secs using 72.52% CPU
Iteration 320 / LogL: -4645.995 / Time: 0h:4m:21s (0h:0m:38s left)
Optimizing NNI: done in 0.638668 secs using 58.24% CPU
Optimizing NNI: done in 0.374469 secs using 68.7% CPU
Optimizing NNI: done in 0.526834 secs using 68.01% CPU
Optimizing NNI: done in 0.375042 secs using 86.11% CPU
Optimizing NNI: done in 0.370869 secs using 59.04% CPU
Optimizing NNI: done in 0.658722 secs using 50.81% CPU
Optimizing NNI: done in 0.653953 secs using 59.27% CPU
Estimate model parameters (epsilon = 0.100)
BETTER TREE FOUND at iteration 327: -4644.967
Optimizing NNI: done in 0.388959 secs using 68.12% CPU
Optimizing NNI: done in 0.350021 secs using 72.57% CPU
Optimizing NNI: done in 0.356794 secs using 74.21% CPU
Iteration 330 / LogL: -4655.633 / Time: 0h:4m:26s (0h:1m:18s left)
Optimizing NNI: done in 0.509643 secs using 61.54% CPU
Optimizing NNI: done in 0.47572 secs using 51.47% CPU
Optimizing NNI: done in 0.478472 secs using 61.01% CPU
Optimizing NNI: done in 0.390113 secs using 68.08% CPU
Optimizing NNI: done in 0.427662 secs using 80.97% CPU
Optimizing NNI: done in 0.347288 secs using 82.59% CPU
Optimizing NNI: done in 0.478813 secs using 73.42% CPU
Optimizing NNI: done in 0.481014 secs using 61.96% CPU
Optimizing NNI: done in 0.404378 secs using 65.38% CPU
Optimizing NNI: done in 0.441513 secs using 67.38% CPU
Iteration 340 / LogL: -4651.183 / Time: 0h:4m:30s (0h:1m:9s left)
Optimizing NNI: done in 0.464525 secs using 69% CPU
Optimizing NNI: done in 0.648947 secs using 61.77% CPU
Optimizing NNI: done in 0.496668 secs using 58.35% CPU
Optimizing NNI: done in 0.452875 secs using 68.2% CPU
Optimizing NNI: done in 0.491466 secs using 64.19% CPU
Optimizing NNI: done in 0.444776 secs using 73.91% CPU
Optimizing NNI: done in 0.451519 secs using 68.11% CPU
Optimizing NNI: done in 0.418779 secs using 70.43% CPU
Optimizing NNI: done in 0.331519 secs using 98.48% CPU
Optimizing NNI: done in 0.409088 secs using 98.61% CPU
Iteration 350 / LogL: -4647.058 / Time: 0h:4m:35s (0h:1m:0s left)
Optimizing NNI: done in 0.299458 secs using 99.41% CPU
Optimizing NNI: done in 0.316671 secs using 99.83% CPU
Optimizing NNI: done in 0.307279 secs using 100% CPU
Optimizing NNI: done in 0.262752 secs using 100% CPU
Optimizing NNI: done in 0.254796 secs using 99.97% CPU
Optimizing NNI: done in 0.251152 secs using 99.99% CPU
Optimizing NNI: done in 0.423959 secs using 99.99% CPU
Optimizing NNI: done in 0.299821 secs using 99.97% CPU
Optimizing NNI: done in 0.270775 secs using 99.91% CPU
Optimizing NNI: done in 0.263767 secs using 99.99% CPU
Iteration 360 / LogL: -4644.972 / Time: 0h:4m:38s (0h:0m:51s left)
Optimizing NNI: done in 0.274431 secs using 99.98% CPU
BETTER TREE FOUND at iteration 361: -4644.962
Optimizing NNI: done in 0.514469 secs using 68.12% CPU
Optimizing NNI: done in 0.426126 secs using 81.22% CPU
Optimizing NNI: done in 0.402293 secs using 84.08% CPU
Optimizing NNI: done in 0.424265 secs using 84.91% CPU
Optimizing NNI: done in 0.376393 secs using 82.99% CPU
Optimizing NNI: done in 0.318557 secs using 79.91% CPU
Optimizing NNI: done in 0.294061 secs using 89.1% CPU
Optimizing NNI: done in 0.426816 secs using 82.18% CPU
Optimizing NNI: done in 0.476031 secs using 64.7% CPU
Iteration 370 / LogL: -4645.039 / Time: 0h:4m:42s (0h:1m:9s left)
Optimizing NNI: done in 0.694688 secs using 51.63% CPU
Optimizing NNI: done in 0.34592 secs using 79.58% CPU
Optimizing NNI: done in 0.326176 secs using 89.73% CPU
Optimizing NNI: done in 0.363867 secs using 71.78% CPU
Optimizing NNI: done in 0.550874 secs using 50.27% CPU
Optimizing NNI: done in 0.444658 secs using 50.42% CPU
Optimizing NNI: done in 0.387353 secs using 71.08% CPU
Optimizing NNI: done in 0.571116 secs using 65.67% CPU
Optimizing NNI: done in 0.552259 secs using 66.64% CPU
Optimizing NNI: done in 0.348911 secs using 65.28% CPU
Iteration 380 / LogL: -4646.434 / Time: 0h:4m:47s (0h:1m:1s left)
Optimizing NNI: done in 0.527494 secs using 53.82% CPU
Optimizing NNI: done in 0.534766 secs using 52.78% CPU
Optimizing NNI: done in 0.645456 secs using 60.8% CPU
Optimizing NNI: done in 0.294516 secs using 90.76% CPU
Optimizing NNI: done in 0.559331 secs using 51.64% CPU
Optimizing NNI: done in 0.366851 secs using 71.17% CPU
Optimizing NNI: done in 0.73815 secs using 55.16% CPU
Optimizing NNI: done in 0.568816 secs using 52.73% CPU
Optimizing NNI: done in 0.4646 secs using 54.43% CPU
Optimizing NNI: done in 0.43106 secs using 61.05% CPU
Iteration 390 / LogL: -4648.834 / Time: 0h:4m:52s (0h:0m:53s left)
Optimizing NNI: done in 0.480818 secs using 56.27% CPU
Optimizing NNI: done in 0.792639 secs using 45.78% CPU
Optimizing NNI: done in 0.582802 secs using 60.83% CPU
Optimizing NNI: done in 0.488312 secs using 59.86% CPU
Optimizing NNI: done in 0.469252 secs using 48.86% CPU
Optimizing NNI: done in 0.739196 secs using 42.62% CPU
Optimizing NNI: done in 0.580427 secs using 50.58% CPU
Optimizing NNI: done in 0.291307 secs using 83.52% CPU
Optimizing NNI: done in 0.553921 secs using 65.7% CPU
Optimizing NNI: done in 0.447177 secs using 72.56% CPU
Iteration 400 / LogL: -4645.674 / Time: 0h:4m:58s (0h:0m:45s left)
Optimizing NNI: done in 0.563522 secs using 57.41% CPU
Optimizing NNI: done in 0.429403 secs using 69.89% CPU
Optimizing NNI: done in 0.721598 secs using 35.66% CPU
Optimizing NNI: done in 0.471024 secs using 70.49% CPU
Optimizing NNI: done in 0.525747 secs using 61.89% CPU
Optimizing NNI: done in 0.324885 secs using 78.52% CPU
Optimizing NNI: done in 0.425466 secs using 64% CPU
Optimizing NNI: done in 0.562028 secs using 60.62% CPU
Optimizing NNI: done in 0.384839 secs using 84.39% CPU
Optimizing NNI: done in 0.390482 secs using 82.53% CPU
Iteration 410 / LogL: -4655.770 / Time: 0h:5m:3s (0h:0m:37s left)
Optimizing NNI: done in 0.449368 secs using 49.18% CPU
Optimizing NNI: done in 0.559956 secs using 53.5% CPU
Optimizing NNI: done in 0.384462 secs using 84.87% CPU
Optimizing NNI: done in 0.449593 secs using 75.18% CPU
Optimizing NNI: done in 0.314891 secs using 84.75% CPU
Optimizing NNI: done in 0.729522 secs using 40.41% CPU
Optimizing NNI: done in 0.385367 secs using 67.11% CPU
Optimizing NNI: done in 0.327188 secs using 84.8% CPU
Optimizing NNI: done in 0.584436 secs using 58.93% CPU
Optimizing NNI: done in 0.423716 secs using 59.07% CPU
Iteration 420 / LogL: -4648.806 / Time: 0h:5m:7s (0h:0m:30s left)
Optimizing NNI: done in 0.463345 secs using 71.06% CPU
Optimizing NNI: done in 0.343507 secs using 86.02% CPU
BETTER TREE FOUND at iteration 422: -4644.953
Optimizing NNI: done in 0.544125 secs using 58.16% CPU
Optimizing NNI: done in 0.478894 secs using 62.65% CPU
Optimizing NNI: done in 0.424094 secs using 63.04% CPU
Optimizing NNI: done in 0.491913 secs using 54.39% CPU
Optimizing NNI: done in 0.536432 secs using 58.58% CPU
Optimizing NNI: done in 0.352727 secs using 73.22% CPU
Optimizing NNI: done in 0.322014 secs using 84.9% CPU
Optimizing NNI: done in 0.411829 secs using 84.05% CPU
Iteration 430 / LogL: -4644.963 / Time: 0h:5m:12s (0h:1m:6s left)
Optimizing NNI: done in 0.273494 secs using 85.9% CPU
Optimizing NNI: done in 0.265335 secs using 100% CPU
Optimizing NNI: done in 0.316006 secs using 94.93% CPU
Optimizing NNI: done in 0.522319 secs using 66.56% CPU
Optimizing NNI: done in 0.47859 secs using 67.08% CPU
Optimizing NNI: done in 0.433738 secs using 66.8% CPU
Optimizing NNI: done in 0.33305 secs using 86.78% CPU
Optimizing NNI: done in 0.247769 secs using 99.99% CPU
Optimizing NNI: done in 0.363728 secs using 99.92% CPU
Optimizing NNI: done in 0.278338 secs using 99.98% CPU
Iteration 440 / LogL: -4645.740 / Time: 0h:5m:15s (0h:0m:58s left)
Optimizing NNI: done in 0.225468 secs using 99.99% CPU
Optimizing NNI: done in 0.21733 secs using 99.99% CPU
Optimizing NNI: done in 0.413937 secs using 99.99% CPU
Optimizing NNI: done in 0.293968 secs using 99.99% CPU
Optimizing NNI: done in 0.275725 secs using 99.99% CPU
Optimizing NNI: done in 0.341151 secs using 99.99% CPU
Optimizing NNI: done in 0.357052 secs using 99.99% CPU
Optimizing NNI: done in 0.249108 secs using 99.99% CPU
Optimizing NNI: done in 0.368806 secs using 99.99% CPU
Optimizing NNI: done in 0.28705 secs using 99.98% CPU
Iteration 450 / LogL: -4645.705 / Time: 0h:5m:18s (0h:0m:51s left)
Optimizing NNI: done in 0.295129 secs using 99.99% CPU
Optimizing NNI: done in 0.326327 secs using 90.18% CPU
Optimizing NNI: done in 0.354816 secs using 74.78% CPU
Optimizing NNI: done in 0.358411 secs using 82.11% CPU
Optimizing NNI: done in 0.338405 secs using 99.99% CPU
Optimizing NNI: done in 0.276371 secs using 99.99% CPU
Optimizing NNI: done in 0.488861 secs using 66.45% CPU
Optimizing NNI: done in 0.417118 secs using 60.89% CPU
Optimizing NNI: done in 0.447752 secs using 64.9% CPU
Optimizing NNI: done in 0.565797 secs using 59.94% CPU
Iteration 460 / LogL: -4669.115 / Time: 0h:5m:22s (0h:0m:43s left)
Optimizing NNI: done in 0.536521 secs using 58.85% CPU
Optimizing NNI: done in 0.47589 secs using 60.58% CPU
Optimizing NNI: done in 0.361494 secs using 63.06% CPU
Optimizing NNI: done in 0.263045 secs using 79.37% CPU
Optimizing NNI: done in 0.366967 secs using 69.1% CPU
Optimizing NNI: done in 0.339535 secs using 73.77% CPU
Optimizing NNI: done in 0.386294 secs using 62.49% CPU
Optimizing NNI: done in 0.417251 secs using 79.46% CPU
Optimizing NNI: done in 0.320175 secs using 100% CPU
Optimizing NNI: done in 0.341212 secs using 100% CPU
Iteration 470 / LogL: -4647.233 / Time: 0h:5m:26s (0h:0m:36s left)
Optimizing NNI: done in 0.340991 secs using 100% CPU
Optimizing NNI: done in 0.366833 secs using 99.23% CPU
Optimizing NNI: done in 0.28856 secs using 100% CPU
Optimizing NNI: done in 0.319332 secs using 100% CPU
Optimizing NNI: done in 0.391772 secs using 64.57% CPU
Optimizing NNI: done in 0.409816 secs using 68.59% CPU
Optimizing NNI: done in 0.434221 secs using 82.4% CPU
Optimizing NNI: done in 0.561341 secs using 51.09% CPU
Optimizing NNI: done in 0.343007 secs using 75.51% CPU
Optimizing NNI: done in 0.511671 secs using 65.86% CPU
Iteration 480 / LogL: -4647.255 / Time: 0h:5m:30s (0h:0m:28s left)
Optimizing NNI: done in 0.235078 secs using 100% CPU
Optimizing NNI: done in 0.44002 secs using 70.21% CPU
Optimizing NNI: done in 0.56725 secs using 62.77% CPU
Optimizing NNI: done in 0.478932 secs using 68.89% CPU
Optimizing NNI: done in 0.26998 secs using 100% CPU
Optimizing NNI: done in 0.359844 secs using 78.66% CPU
Optimizing NNI: done in 0.366019 secs using 80.21% CPU
Optimizing NNI: done in 0.374326 secs using 78.85% CPU
Optimizing NNI: done in 0.3366 secs using 99.95% CPU
Optimizing NNI: done in 0.365927 secs using 100% CPU
Iteration 490 / LogL: -4667.676 / Time: 0h:5m:34s (0h:0m:21s left)
Optimizing NNI: done in 0.290625 secs using 100% CPU
Optimizing NNI: done in 0.326459 secs using 100% CPU
Optimizing NNI: done in 0.327075 secs using 79.79% CPU
BETTER TREE FOUND at iteration 493: -4644.947
Optimizing NNI: done in 0.324796 secs using 83.28% CPU
Optimizing NNI: done in 0.290835 secs using 100% CPU
Optimizing NNI: done in 0.251581 secs using 100% CPU
Optimizing NNI: done in 0.353982 secs using 100% CPU
Optimizing NNI: done in 0.4092 secs using 97.22% CPU
Optimizing NNI: done in 0.325047 secs using 99.94% CPU
Optimizing NNI: done in 0.330079 secs using 99.94% CPU
Iteration 500 / LogL: -4644.962 / Time: 0h:5m:38s (0h:1m:2s left)
Optimizing NNI: done in 0.338781 secs using 99.95% CPU
Optimizing NNI: done in 0.284685 secs using 99.96% CPU
Optimizing NNI: done in 0.28251 secs using 99.91% CPU
Optimizing NNI: done in 0.24594 secs using 99.95% CPU
Optimizing NNI: done in 0.363909 secs using 99.95% CPU
Optimizing NNI: done in 0.341929 secs using 99.95% CPU
Optimizing NNI: done in 0.314987 secs using 99.94% CPU
Optimizing NNI: done in 0.358071 secs using 85.43% CPU
Optimizing NNI: done in 0.293394 secs using 98.98% CPU
Optimizing NNI: done in 0.346334 secs using 99.99% CPU
Iteration 510 / LogL: -4649.090 / Time: 0h:5m:41s (0h:0m:55s left)
Optimizing NNI: done in 0.294628 secs using 99.99% CPU
Optimizing NNI: done in 0.222313 secs using 99.99% CPU
Optimizing NNI: done in 0.251678 secs using 98.42% CPU
Optimizing NNI: done in 0.399597 secs using 99.95% CPU
Optimizing NNI: done in 0.33105 secs using 100% CPU
Optimizing NNI: done in 0.326758 secs using 99.99% CPU
Optimizing NNI: done in 0.263016 secs using 99.99% CPU
Optimizing NNI: done in 0.283929 secs using 99.99% CPU
Optimizing NNI: done in 0.262728 secs using 99.98% CPU
Optimizing NNI: done in 0.270233 secs using 99.99% CPU
Iteration 520 / LogL: -4645.058 / Time: 0h:5m:44s (0h:0m:48s left)
Optimizing NNI: done in 0.297335 secs using 99.99% CPU
Optimizing NNI: done in 0.333783 secs using 99.97% CPU
Optimizing NNI: done in 0.226023 secs using 99.99% CPU
Optimizing NNI: done in 0.273438 secs using 99.99% CPU
Optimizing NNI: done in 0.267386 secs using 99.99% CPU
Optimizing NNI: done in 0.364091 secs using 83.42% CPU
Optimizing NNI: done in 0.299775 secs using 100% CPU
Optimizing NNI: done in 0.309551 secs using 100% CPU
Optimizing NNI: done in 0.267265 secs using 99.97% CPU
Optimizing NNI: done in 0.355678 secs using 99.99% CPU
Iteration 530 / LogL: -4648.769 / Time: 0h:5m:47s (0h:0m:41s left)
Optimizing NNI: done in 0.287346 secs using 98.61% CPU
Optimizing NNI: done in 0.315332 secs using 81.18% CPU
Optimizing NNI: done in 0.280248 secs using 100% CPU
Optimizing NNI: done in 0.344451 secs using 99.99% CPU
Optimizing NNI: done in 0.234195 secs using 99.99% CPU
Optimizing NNI: done in 0.267307 secs using 99.96% CPU
Optimizing NNI: done in 0.316297 secs using 99.97% CPU
Optimizing NNI: done in 0.301968 secs using 96.01% CPU
Optimizing NNI: done in 0.365639 secs using 74.62% CPU
Optimizing NNI: done in 0.282292 secs using 99.99% CPU
Iteration 540 / LogL: -4648.988 / Time: 0h:5m:50s (0h:0m:34s left)
Optimizing NNI: done in 0.29245 secs using 99.99% CPU
Optimizing NNI: done in 0.265774 secs using 99.98% CPU
Optimizing NNI: done in 0.294747 secs using 99.98% CPU
Optimizing NNI: done in 0.223316 secs using 99.91% CPU
Optimizing NNI: done in 0.292219 secs using 99.97% CPU
Optimizing NNI: done in 0.278948 secs using 99.99% CPU
Optimizing NNI: done in 0.267453 secs using 99.99% CPU
Optimizing NNI: done in 0.260617 secs using 99.93% CPU
Optimizing NNI: done in 0.292969 secs using 99.99% CPU
Optimizing NNI: done in 0.252463 secs using 99.99% CPU
Iteration 550 / LogL: -4647.831 / Time: 0h:5m:53s (0h:0m:27s left)
Optimizing NNI: done in 0.232629 secs using 99.99% CPU
Optimizing NNI: done in 0.233391 secs using 98.29% CPU
Optimizing NNI: done in 0.29621 secs using 99.96% CPU
Optimizing NNI: done in 0.260462 secs using 99.95% CPU
Optimizing NNI: done in 0.312798 secs using 99.99% CPU
Optimizing NNI: done in 0.267687 secs using 99.99% CPU
Optimizing NNI: done in 0.258209 secs using 99.99% CPU
Optimizing NNI: done in 0.243174 secs using 99.99% CPU
Optimizing NNI: done in 0.197188 secs using 99.99% CPU
Optimizing NNI: done in 0.286426 secs using 99.99% CPU
Iteration 560 / LogL: -4654.777 / Time: 0h:5m:55s (0h:0m:20s left)
Optimizing NNI: done in 0.25466 secs using 100% CPU
Optimizing NNI: done in 0.223341 secs using 99.99% CPU
Optimizing NNI: done in 0.277563 secs using 99.99% CPU
Optimizing NNI: done in 0.272387 secs using 99.99% CPU
Optimizing NNI: done in 0.364696 secs using 94.48% CPU
Optimizing NNI: done in 0.287695 secs using 100% CPU
Optimizing NNI: done in 0.27027 secs using 99.99% CPU
Optimizing NNI: done in 0.347545 secs using 98.12% CPU
Optimizing NNI: done in 0.301467 secs using 100% CPU
Optimizing NNI: done in 0.275317 secs using 99.99% CPU
Iteration 570 / LogL: -4647.117 / Time: 0h:5m:58s (0h:0m:14s left)
Optimizing NNI: done in 0.294579 secs using 99.99% CPU
Optimizing NNI: done in 0.247329 secs using 99.99% CPU
Optimizing NNI: done in 0.323539 secs using 99.99% CPU
Optimizing NNI: done in 0.350636 secs using 99.95% CPU
Optimizing NNI: done in 0.297785 secs using 98.66% CPU
Optimizing NNI: done in 0.239902 secs using 100% CPU
Optimizing NNI: done in 0.254334 secs using 99.99% CPU
Optimizing NNI: done in 0.332778 secs using 100% CPU
Optimizing NNI: done in 0.344717 secs using 99.99% CPU
Optimizing NNI: done in 0.258462 secs using 99.99% CPU
Iteration 580 / LogL: -4648.834 / Time: 0h:6m:1s (0h:0m:8s left)
Optimizing NNI: done in 0.287539 secs using 99.99% CPU
Optimizing NNI: done in 0.288437 secs using 99.99% CPU
Optimizing NNI: done in 0.261073 secs using 99.99% CPU
Optimizing NNI: done in 0.238816 secs using 99.98% CPU
Optimizing NNI: done in 0.216097 secs using 99.99% CPU
Optimizing NNI: done in 0.229879 secs using 99.94% CPU
Optimizing NNI: done in 0.263013 secs using 99.99% CPU
Optimizing NNI: done in 0.221678 secs using 99.99% CPU
Optimizing NNI: done in 0.294987 secs using 99.99% CPU
Optimizing NNI: done in 0.296917 secs using 99.99% CPU
Iteration 590 / LogL: -4660.997 / Time: 0h:6m:4s (0h:0m:1s left)
Optimizing NNI: done in 0.292125 secs using 99.99% CPU
Optimizing NNI: done in 0.323807 secs using 99.99% CPU
Optimizing NNI: done in 0.268972 secs using 99.99% CPU
Optimizing NNI: done in 0.302813 secs using 99.99% CPU
TREE SEARCH COMPLETED AFTER 594 ITERATIONS / Time: 0h:6m:5s

--------------------------------------------------------------------
|                    FINALIZING TREE SEARCH                        |
--------------------------------------------------------------------
Performs final model parameters optimization
Estimate model parameters (epsilon = 0.010)
1. Initial log-likelihood: -4644.947
2. Current log-likelihood: -4644.919
3. Current log-likelihood: -4644.881
4. Current log-likelihood: -4644.847
5. Current log-likelihood: -4644.817
6. Current log-likelihood: -4644.789
7. Current log-likelihood: -4644.763
8. Current log-likelihood: -4644.746
9. Current log-likelihood: -4644.730
10. Current log-likelihood: -4644.714
11. Current log-likelihood: -4644.700
12. Current log-likelihood: -4644.687
13. Current log-likelihood: -4644.675
14. Current log-likelihood: -4644.664
15. Current log-likelihood: -4644.653
16. Current log-likelihood: -4644.642
Optimal log-likelihood: -4644.628
Rate parameters:  A-C: 1.57156  A-G: 7.21450  A-T: 2.20457  C-G: 3.00441  C-T: 7.07194  G-T: 1.00000
Base frequencies:  A: 0.198  C: 0.198  G: 0.223  T: 0.381
Site proportion and rates:  (0.481,0.095) (0.004,0.216) (0.356,1.102) (0.159,3.535)
Parameters optimization took 16 rounds (2.000 sec)
BEST SCORE FOUND : -4644.628
Total tree length: 3.582

Total number of iterations: 594
CPU time used for tree search: 182.399 sec (0h:3m:2s)
Wall-clock time used for tree search: 242.792 sec (0h:4m:2s)
Total CPU time used: 313.094 sec (0h:5m:13s)
Total wall-clock time used: 367.648 sec (0h:6m:7s)

Analysis results written to: 
  IQ-TREE report:                6713_iqtree_preliminary_superstrict_excluding_hybrids.iqtree
  Maximum-likelihood tree:       6713_iqtree_preliminary_superstrict_excluding_hybrids.treefile
  Likelihood distances:          6713_iqtree_preliminary_superstrict_excluding_hybrids.mldist
  Screen log file:               6713_iqtree_preliminary_superstrict_excluding_hybrids.log

ALISIM COMMAND
--------------
--alisim simulated_MSA -t 6713_iqtree_preliminary_superstrict_excluding_hybrids.treefile -m "GTR{1.57156,7.2145,2.20457,3.00441,7.07194}+F{0.198152,0.197727,0.222622,0.3815}+R4{0.480633,0.0949998,0.00440247,0.215936,0.356325,1.10179,0.158639,3.53503}" --length 299

Date and Time: Fri Jun  2 08:27:11 2023
