IQ-TREE multicore version 2.2.2 COVID-edition for Linux 64-bit built Sep 20 2022
Developed by Bui Quang Minh, James Barbetti, Nguyen Lam Tung,
Olga Chernomor, Heiko Schmidt, Dominik Schrempf, Michael Woodhams, Ly Trong Nhan.

Host:    netdc-bms-c11f (AVX2, FMA3, 377 GB RAM)
Command: /home/kasper.hendriks/iqtree-2.2.2-Linux/bin/iqtree2 -s 6779_taper_preliminary_superstrict_excluding_hybrids.fasta -nm 1000 -m GTR+F+R -nt AUTO --prefix 6779_iqtree_preliminary_superstrict_excluding_hybrids
Seed:    236196 (Using SPRNG - Scalable Parallel Random Number Generator)
Time:    Fri Jun  2 08:21:35 2023
Kernel:  AVX+FMA - auto-detect threads (56 CPU cores detected)

Reading alignment file 6779_taper_preliminary_superstrict_excluding_hybrids.fasta ... Fasta format detected
Reading fasta file: done in 0.00174904 secs using 50.03% CPU
Alignment most likely contains DNA/RNA sequences
Constructing alignment: done in 0.00417185 secs using 1542% CPU
Alignment has 119 sequences with 600 columns, 486 distinct patterns
322 parsimony-informative, 87 singleton sites, 191 constant sites
            Gap/Ambiguity  Composition  p-value
Analyzing sequences: done in 0.0158989 secs using 1328% CPU
   1  CRNC          0.50%    passed     91.25%
   2  HYZL          0.00%    passed     52.24%
   3  MYZV          1.67%    passed     45.92%
   4  SRR6441723    0.00%    passed     96.78%
   5  ERR4210213   71.50%    passed     91.66%
   6  ERR2789774    0.00%    passed     92.72%
   7  S0055         0.00%    passed     53.36%
   8  S0196sl       0.00%    passed     71.85%
   9  S0278         0.00%    passed     88.89%
  10  S0281         0.00%    passed     59.07%
  11  S0282         0.50%    passed     97.45%
  12  S0289         1.17%    passed     94.15%
  13  S0292         0.33%    passed     97.92%
  14  S0293        25.50%    passed     99.42%
  15  S0294         0.00%    passed     26.00%
  16  S0299         3.17%    passed     92.87%
  17  S0303         0.33%    passed     89.94%
  18  S0308         0.00%    passed     67.06%
  19  S0320         0.00%    passed     89.98%
  20  S0322         0.00%    passed     95.47%
  21  S0327         0.00%    passed     85.95%
  22  S0335         0.00%    passed     74.13%
  23  S0345        42.00%    passed     77.44%
  24  S0376         0.33%    passed     87.31%
  25  S0400         0.00%    passed     86.33%
  26  S0405         0.17%    passed     97.21%
  27  S0407sl      28.00%    passed     61.20%
  28  S0412sl       0.17%    passed     88.72%
  29  S0417         0.67%    passed     72.68%
  30  S0419         0.00%    passed     77.41%
  31  S0427         0.17%    passed     69.91%
  32  S0430         0.17%    passed     96.70%
  33  S0478         5.33%    passed     89.92%
  34  S0552sl       0.00%    passed     97.53%
  35  S0558         1.33%    passed     44.89%
  36  S0616         1.50%    passed     99.10%
  37  S0620         0.00%    passed     96.04%
  38  S0624         2.67%    passed     94.54%
  39  S0641         0.00%    passed     90.40%
  40  S0643         0.17%    passed     98.74%
  41  S0645sl       0.67%    passed     90.06%
  42  S0656sl       0.17%    passed     76.89%
  43  S0673         0.00%    passed     82.82%
  44  S0689         0.17%    passed     96.22%
  45  S0690         0.00%    passed     92.38%
  46  S0720         0.17%    passed     37.64%
  47  S0724sl       0.00%    passed     92.75%
  48  S0735         0.00%    passed     77.51%
  49  S0742         2.83%    passed     96.19%
  50  S0748         0.50%    passed     94.94%
  51  S0753        58.67%    failed      1.32%
  52  S0756         0.00%    passed     89.40%
  53  S0758        18.50%    passed     83.13%
  54  S0760         0.00%    passed     89.17%
  55  S0763         0.00%    passed     97.49%
  56  S0765         0.00%    passed     86.21%
  57  S0770         0.00%    passed     93.32%
  58  S0771         1.17%    passed     90.48%
  59  S0795         0.67%    passed     55.21%
  60  S0827         0.00%    passed     84.45%
  61  S0888         0.00%    passed     61.43%
  62  S0894         5.50%    passed     99.10%
  63  S0899         1.17%    passed     96.42%
  64  S0906         0.00%    passed     79.62%
  65  S0952         0.00%    passed     95.01%
  66  S0956        14.00%    passed     80.19%
  67  S0959         1.17%    passed     92.20%
  68  S0960         5.00%    passed     62.02%
  69  S0964        38.50%    passed     63.73%
  70  S1052sl      42.00%    passed     90.63%
  71  S1083         0.00%    passed     49.32%
  72  S1100         1.17%    passed     92.26%
  73  S1102         0.00%    passed     93.88%
  74  S1110         0.50%    passed     88.82%
  75  S1120         1.00%    passed     96.71%
  76  S1128         1.00%    passed     92.86%
  77  S1129sl       0.83%    passed     87.73%
  78  S1148         0.50%    passed     80.62%
  79  S1177         0.00%    passed     77.77%
  80  S1180         0.50%    passed     68.27%
  81  S1187sl       9.17%    passed     71.96%
  82  S1189         0.00%    passed     76.57%
  83  S1201sl       0.00%    passed     90.15%
  84  S1210         0.00%    passed     93.61%
  85  S1211         0.17%    passed     93.03%
  86  S1214sl       0.00%    passed     94.54%
  87  S1223         0.50%    passed     63.37%
  88  S1227         0.00%    passed     91.78%
  89  S1235sl       0.00%    passed     77.00%
  90  S1238sl       0.00%    passed     73.20%
  91  S1239         0.00%    passed     63.84%
  92  S1245         6.00%    passed     96.36%
  93  S1246        34.33%    passed     68.39%
  94  S1249         0.67%    passed     99.53%
  95  S1250sl       1.67%    passed     83.74%
  96  S1251         0.17%    passed     84.11%
  97  S1260         1.67%    passed     99.78%
  98  S1266sl       0.50%    passed     95.99%
  99  S1269         1.33%    passed     95.93%
 100  S1278         0.00%    passed     98.95%
 101  S1315         0.00%    passed     76.13%
 102  S1332         0.00%    passed     91.78%
 103  S1366         0.00%    passed     96.31%
 104  S1369         1.50%    passed     83.00%
 105  S1370        27.50%    passed     98.09%
 106  S1375         1.50%    passed     79.70%
 107  S1376         0.00%    passed     93.70%
 108  S1381         0.00%    passed     99.70%
 109  S1405         4.33%    passed     95.68%
 110  S1422         0.83%    passed     99.54%
 111  S1449         0.50%    passed     99.96%
 112  S1451         1.33%    passed     91.75%
 113  S1460         0.17%    passed     87.74%
 114  S1462         0.17%    passed     92.82%
 115  S1475         2.67%    passed     78.16%
 116  S1498         0.00%    passed     58.32%
 117  S1539         3.00%    passed     95.03%
 118  S_670         0.50%    passed     96.44%
 119  SRR8528357    0.00%    passed     95.86%
WARNING: 2 sequences contain more than 50% gaps/ambiguity
****  TOTAL         4.07%  1 sequences failed composition chi2 test (p-value<5%; df=3)
Checking for duplicate sequences: done in 0.01928 secs using 1261% CPU

Create initial parsimony tree by phylogenetic likelihood library (PLL)... 0.061 seconds

NOTE: 7 MB RAM (0 GB) is required!
Measuring multi-threading efficiency up to 56 CPU cores
Increase to 10 rounds for branch lengths
210 trees examined
Threads: 1 / Time: 56.049 sec / Speedup: 1.000 / Efficiency: 100% / LogL: -18763
Threads: 2 / Time: 67.613 sec / Speedup: 0.829 / Efficiency: 41% / LogL: -18763
Determining AUTO threadcount: done in 123.664 secs using 101.8% CPU
BEST NUMBER OF THREADS: 1

Estimate model parameters (epsilon = 0.100)
1. Initial log-likelihood: -11915.081
2. Current log-likelihood: -11510.447
3. Current log-likelihood: -11497.497
4. Current log-likelihood: -11495.561
5. Current log-likelihood: -11494.490
6. Current log-likelihood: -11493.766
7. Current log-likelihood: -11493.339
8. Current log-likelihood: -11493.009
9. Current log-likelihood: -11492.729
10. Current log-likelihood: -11492.470
11. Current log-likelihood: -11492.217
12. Current log-likelihood: -11491.964
13. Current log-likelihood: -11491.706
14. Current log-likelihood: -11491.442
15. Current log-likelihood: -11491.172
16. Current log-likelihood: -11490.895
17. Current log-likelihood: -11490.609
18. Current log-likelihood: -11490.313
19. Current log-likelihood: -11490.003
20. Current log-likelihood: -11489.677
21. Current log-likelihood: -11489.327
22. Current log-likelihood: -11488.944
23. Current log-likelihood: -11488.511
24. Current log-likelihood: -11488.004
25. Current log-likelihood: -11487.391
26. Current log-likelihood: -11486.626
27. Current log-likelihood: -11485.634
28. Current log-likelihood: -11484.290
29. Current log-likelihood: -11482.397
30. Current log-likelihood: -11479.464
31. Current log-likelihood: -11476.595
32. Current log-likelihood: -11475.781
33. Current log-likelihood: -11475.544
34. Current log-likelihood: -11475.444
Optimal log-likelihood: -11475.337
Rate parameters:  A-C: 1.76121  A-G: 3.60181  A-T: 1.67291  C-G: 1.67247  C-T: 5.15764  G-T: 1.00000
Base frequencies:  A: 0.307  C: 0.204  G: 0.224  T: 0.265
Site proportion and rates:  (0.522,0.146) (0.342,1.166) (0.127,3.448) (0.009,9.393)
Parameters optimization took 34 rounds (11.939 sec)
Wrote distance file to... 
Computing ML distances based on estimated model parameters...
Calculating distance matrix: done in 0.128693 secs using 98.81% CPU
Computing ML distances took 0.129259 sec (of wall-clock time) 0.127736 sec (of CPU time)
Setting up auxiliary I and S matrices: done in 0.000952959 secs using 100% CPU
Constructing RapidNJ tree: done in 0.002455 secs using 263.6% CPU
Computing RapidNJ tree took 0.003522 sec (of wall-clock time) 0.007537 sec (of CPU time)
Log-likelihood of RapidNJ tree: -11606.436
--------------------------------------------------------------------
|             INITIALIZING CANDIDATE TREE SET                      |
--------------------------------------------------------------------
Generating 98 parsimony trees... 3.912 second
Computing log-likelihood of 98 initial trees ... 4.616 seconds
Current best score: -11442.235

Do NNI search on 20 best initial trees
Optimizing NNI: done in 0.527281 secs using 79.53% CPU
Estimate model parameters (epsilon = 0.100)
BETTER TREE FOUND at iteration 1: -11429.942
Optimizing NNI: done in 0.680717 secs using 57.68% CPU
Estimate model parameters (epsilon = 0.100)
BETTER TREE FOUND at iteration 2: -11429.325
Optimizing NNI: done in 0.498769 secs using 77.54% CPU
Optimizing NNI: done in 0.74883 secs using 61.11% CPU
Estimate model parameters (epsilon = 0.100)
BETTER TREE FOUND at iteration 4: -11425.119
Optimizing NNI: done in 0.805706 secs using 55.55% CPU
Optimizing NNI: done in 0.645102 secs using 58.62% CPU
Optimizing NNI: done in 0.643915 secs using 67.65% CPU
Optimizing NNI: done in 0.536147 secs using 82.81% CPU
Optimizing NNI: done in 0.415557 secs using 92.07% CPU
Optimizing NNI: done in 0.479135 secs using 74.69% CPU
Iteration 10 / LogL: -11433.420 / Time: 0h:2m:33s
Optimizing NNI: done in 0.95153 secs using 45.09% CPU
Optimizing NNI: done in 0.808277 secs using 49.02% CPU
Optimizing NNI: done in 0.822477 secs using 50.75% CPU
Optimizing NNI: done in 0.586473 secs using 58.36% CPU
Optimizing NNI: done in 0.516385 secs using 71.61% CPU
Optimizing NNI: done in 0.464957 secs using 72.47% CPU
Optimizing NNI: done in 0.538974 secs using 68.09% CPU
Optimizing NNI: done in 0.695147 secs using 59.01% CPU
Optimizing NNI: done in 0.554582 secs using 88.84% CPU
Optimizing NNI: done in 0.652436 secs using 60.14% CPU
Iteration 20 / LogL: -11429.108 / Time: 0h:2m:40s
Finish initializing candidate tree set (20)
Current best tree score: -11425.119 / CPU time: 23.956
Number of iterations: 20
--------------------------------------------------------------------
|               OPTIMIZING CANDIDATE TREE SET                      |
--------------------------------------------------------------------
Optimizing NNI: done in 1.03994 secs using 56.18% CPU
Optimizing NNI: done in 0.87201 secs using 60.37% CPU
Optimizing NNI: done in 0.794504 secs using 75.03% CPU
Optimizing NNI: done in 0.893035 secs using 62.86% CPU
Optimizing NNI: done in 0.942481 secs using 47.96% CPU
Optimizing NNI: done in 0.854621 secs using 68.06% CPU
Optimizing NNI: done in 0.79571 secs using 63.02% CPU
Optimizing NNI: done in 0.628076 secs using 69.36% CPU
Optimizing NNI: done in 0.861321 secs using 66.73% CPU
Optimizing NNI: done in 0.816758 secs using 62.1% CPU
Estimate model parameters (epsilon = 0.100)
BETTER TREE FOUND at iteration 30: -11423.362
Iteration 30 / LogL: -11423.362 / Time: 0h:2m:49s (0h:9m:43s left)
Optimizing NNI: done in 0.669816 secs using 78.77% CPU
Optimizing NNI: done in 0.521292 secs using 100% CPU
Optimizing NNI: done in 0.562459 secs using 100% CPU
Optimizing NNI: done in 0.477315 secs using 100% CPU
Optimizing NNI: done in 1.06719 secs using 47.33% CPU
Optimizing NNI: done in 0.960838 secs using 59.86% CPU
Optimizing NNI: done in 0.911965 secs using 57.32% CPU
Optimizing NNI: done in 0.989599 secs using 50.08% CPU
Optimizing NNI: done in 0.704453 secs using 69.05% CPU
Optimizing NNI: done in 0.57443 secs using 87.99% CPU
Iteration 40 / LogL: -11426.837 / Time: 0h:2m:57s (0h:6m:48s left)
Optimizing NNI: done in 0.474208 secs using 99.56% CPU
Optimizing NNI: done in 0.583409 secs using 99.75% CPU
Optimizing NNI: done in 0.454596 secs using 99.93% CPU
Optimizing NNI: done in 1.07097 secs using 58.24% CPU
Optimizing NNI: done in 1.27137 secs using 45.72% CPU
Optimizing NNI: done in 0.912516 secs using 55.88% CPU
Optimizing NNI: done in 0.750811 secs using 66.55% CPU
Optimizing NNI: done in 0.804344 secs using 71.38% CPU
Optimizing NNI: done in 0.798601 secs using 71.95% CPU
Optimizing NNI: done in 1.08078 secs using 48.49% CPU
Iteration 50 / LogL: -11428.708 / Time: 0h:3m:5s (0h:5m:2s left)
Optimizing NNI: done in 1.03814 secs using 49.03% CPU
Estimate model parameters (epsilon = 0.100)
BETTER TREE FOUND at iteration 51: -11421.739
Optimizing NNI: done in 0.871759 secs using 66.21% CPU
Optimizing NNI: done in 0.684531 secs using 59.18% CPU
Optimizing NNI: done in 0.829517 secs using 54.59% CPU
Optimizing NNI: done in 0.763821 secs using 73.59% CPU
Optimizing NNI: done in 0.97175 secs using 60.39% CPU
Optimizing NNI: done in 1.06372 secs using 64.33% CPU
Optimizing NNI: done in 0.684737 secs using 68.79% CPU
Optimizing NNI: done in 0.913212 secs using 58.65% CPU
Optimizing NNI: done in 0.846689 secs using 57.52% CPU
Iteration 60 / LogL: -11427.395 / Time: 0h:3m:15s (0h:5m:1s left)
Optimizing NNI: done in 0.9148 secs using 60.8% CPU
Optimizing NNI: done in 0.684523 secs using 71.15% CPU
Optimizing NNI: done in 0.742111 secs using 74.62% CPU
Optimizing NNI: done in 0.767892 secs using 61.54% CPU
Optimizing NNI: done in 0.572594 secs using 84.27% CPU
Optimizing NNI: done in 0.853097 secs using 65.24% CPU
Optimizing NNI: done in 0.562772 secs using 70.79% CPU
Optimizing NNI: done in 0.722939 secs using 75.92% CPU
Optimizing NNI: done in 0.615961 secs using 80.66% CPU
Optimizing NNI: done in 0.550194 secs using 100% CPU
Iteration 70 / LogL: -11422.980 / Time: 0h:3m:22s (0h:3m:57s left)
Optimizing NNI: done in 0.382972 secs using 100% CPU
Optimizing NNI: done in 0.524895 secs using 100% CPU
Optimizing NNI: done in 0.442712 secs using 100% CPU
Optimizing NNI: done in 0.607058 secs using 81.47% CPU
Optimizing NNI: done in 0.671261 secs using 62.6% CPU
Optimizing NNI: done in 0.617983 secs using 70.72% CPU
Optimizing NNI: done in 0.774093 secs using 55.5% CPU
Optimizing NNI: done in 0.652975 secs using 65.95% CPU
Optimizing NNI: done in 0.807224 secs using 60.16% CPU
Optimizing NNI: done in 0.592036 secs using 59.8% CPU
Iteration 80 / LogL: -11425.138 / Time: 0h:3m:28s (0h:3m:7s left)
Optimizing NNI: done in 0.815251 secs using 60.85% CPU
Optimizing NNI: done in 0.66427 secs using 70.04% CPU
Optimizing NNI: done in 0.806274 secs using 64.52% CPU
Optimizing NNI: done in 0.767006 secs using 69.05% CPU
Optimizing NNI: done in 0.742453 secs using 73.43% CPU
Optimizing NNI: done in 0.679142 secs using 67.84% CPU
Estimate model parameters (epsilon = 0.100)
BETTER TREE FOUND at iteration 86: -11421.396
Optimizing NNI: done in 0.867595 secs using 67.99% CPU
Optimizing NNI: done in 0.867934 secs using 73.97% CPU
Optimizing NNI: done in 0.900187 secs using 53.3% CPU
Optimizing NNI: done in 0.667988 secs using 67.35% CPU
Iteration 90 / LogL: -11422.993 / Time: 0h:3m:37s (0h:3m:53s left)
Optimizing NNI: done in 0.886188 secs using 63.05% CPU
Optimizing NNI: done in 0.993542 secs using 60.75% CPU
Optimizing NNI: done in 0.780338 secs using 66.73% CPU
Optimizing NNI: done in 0.806182 secs using 76.46% CPU
Optimizing NNI: done in 0.853269 secs using 67.65% CPU
Estimate model parameters (epsilon = 0.100)
BETTER TREE FOUND at iteration 95: -11419.755
Optimizing NNI: done in 0.801687 secs using 64.11% CPU
Optimizing NNI: done in 0.846116 secs using 56.05% CPU
Optimizing NNI: done in 0.429938 secs using 100% CPU
Optimizing NNI: done in 0.540607 secs using 99.98% CPU
Optimizing NNI: done in 0.577033 secs using 94.75% CPU
Iteration 100 / LogL: -11428.200 / Time: 0h:3m:45s (0h:3m:35s left)
Optimizing NNI: done in 0.410262 secs using 100% CPU
Optimizing NNI: done in 0.603564 secs using 99.59% CPU
Optimizing NNI: done in 0.580257 secs using 91.73% CPU
Optimizing NNI: done in 0.66592 secs using 63.35% CPU
Optimizing NNI: done in 0.907695 secs using 63.63% CPU
Optimizing NNI: done in 0.785916 secs using 72.95% CPU
Optimizing NNI: done in 0.718938 secs using 63.96% CPU
Optimizing NNI: done in 0.533463 secs using 99.78% CPU
Optimizing NNI: done in 0.602182 secs using 91.44% CPU
Optimizing NNI: done in 0.438026 secs using 99.99% CPU
Iteration 110 / LogL: -11424.164 / Time: 0h:3m:51s (0h:3m:0s left)
Optimizing NNI: done in 0.546666 secs using 100% CPU
Optimizing NNI: done in 0.523094 secs using 100% CPU
Optimizing NNI: done in 0.469778 secs using 100% CPU
Optimizing NNI: done in 0.415927 secs using 100% CPU
Optimizing NNI: done in 0.528124 secs using 100% CPU
Optimizing NNI: done in 0.54571 secs using 100% CPU
Optimizing NNI: done in 0.458727 secs using 99.36% CPU
Optimizing NNI: done in 0.430076 secs using 96.79% CPU
Optimizing NNI: done in 0.633371 secs using 76.07% CPU
Optimizing NNI: done in 0.525411 secs using 81.69% CPU
Iteration 120 / LogL: -11434.868 / Time: 0h:3m:56s (0h:2m:29s left)
Optimizing NNI: done in 0.852061 secs using 62.02% CPU
Optimizing NNI: done in 0.84728 secs using 58.46% CPU
Optimizing NNI: done in 0.738143 secs using 56.09% CPU
Optimizing NNI: done in 0.672493 secs using 69.64% CPU
Optimizing NNI: done in 0.653745 secs using 72.79% CPU
Optimizing NNI: done in 0.894812 secs using 58.07% CPU
Optimizing NNI: done in 0.711121 secs using 72.96% CPU
Optimizing NNI: done in 0.555601 secs using 69.04% CPU
Optimizing NNI: done in 0.802798 secs using 63.2% CPU
Optimizing NNI: done in 0.550777 secs using 83.17% CPU
Iteration 130 / LogL: -11423.358 / Time: 0h:4m:4s (0h:2m:2s left)
Optimizing NNI: done in 1.05047 secs using 54.32% CPU
Optimizing NNI: done in 0.965353 secs using 49.86% CPU
Optimizing NNI: done in 1.14083 secs using 55.05% CPU
Optimizing NNI: done in 1.07702 secs using 49.71% CPU
Optimizing NNI: done in 0.947564 secs using 54.03% CPU
Optimizing NNI: done in 0.744322 secs using 76.28% CPU
Optimizing NNI: done in 0.690903 secs using 63.81% CPU
Optimizing NNI: done in 0.869496 secs using 69.63% CPU
Optimizing NNI: done in 0.590787 secs using 65.83% CPU
BETTER TREE FOUND at iteration 139: -11419.751
Optimizing NNI: done in 0.831668 secs using 66.88% CPU
Iteration 140 / LogL: -11503.074 / Time: 0h:4m:13s (0h:3m:0s left)
Optimizing NNI: done in 0.981996 secs using 51.77% CPU
Optimizing NNI: done in 0.877718 secs using 62.89% CPU
Optimizing NNI: done in 0.677709 secs using 74.63% CPU
Optimizing NNI: done in 0.808583 secs using 70.01% CPU
Optimizing NNI: done in 0.927527 secs using 68.31% CPU
Optimizing NNI: done in 0.471408 secs using 99.99% CPU
Optimizing NNI: done in 0.426368 secs using 100% CPU
Optimizing NNI: done in 0.615339 secs using 85.19% CPU
Optimizing NNI: done in 0.920331 secs using 61.77% CPU
Optimizing NNI: done in 0.820845 secs using 49.59% CPU
Iteration 150 / LogL: -11421.008 / Time: 0h:4m:20s (0h:2m:35s left)
Optimizing NNI: done in 0.891342 secs using 50.57% CPU
Optimizing NNI: done in 0.921781 secs using 51.1% CPU
Optimizing NNI: done in 0.718878 secs using 66.48% CPU
Optimizing NNI: done in 0.466265 secs using 84.47% CPU
Optimizing NNI: done in 0.998275 secs using 55.3% CPU
Optimizing NNI: done in 0.78565 secs using 73.62% CPU
Optimizing NNI: done in 0.962545 secs using 54.53% CPU
Optimizing NNI: done in 1.19562 secs using 51.59% CPU
Optimizing NNI: done in 0.635404 secs using 77.78% CPU
Optimizing NNI: done in 0.820465 secs using 65.29% CPU
Iteration 160 / LogL: -11425.507 / Time: 0h:4m:29s (0h:2m:13s left)
Optimizing NNI: done in 0.88936 secs using 67.17% CPU
Optimizing NNI: done in 0.95034 secs using 65.43% CPU
Optimizing NNI: done in 0.598144 secs using 74.33% CPU
Optimizing NNI: done in 0.753211 secs using 70.09% CPU
Optimizing NNI: done in 0.579009 secs using 75.12% CPU
Optimizing NNI: done in 0.82547 secs using 52.6% CPU
Optimizing NNI: done in 0.612508 secs using 100% CPU
Optimizing NNI: done in 0.476274 secs using 99.99% CPU
Optimizing NNI: done in 0.476567 secs using 90.29% CPU
Optimizing NNI: done in 0.46072 secs using 93.16% CPU
Iteration 170 / LogL: -11420.796 / Time: 0h:4m:36s (0h:1m:52s left)
Optimizing NNI: done in 0.472832 secs using 93.58% CPU
Optimizing NNI: done in 0.732221 secs using 58.87% CPU
Optimizing NNI: done in 0.812191 secs using 72.5% CPU
Optimizing NNI: done in 0.636443 secs using 92.38% CPU
Optimizing NNI: done in 0.643025 secs using 95.02% CPU
Optimizing NNI: done in 0.632216 secs using 94.92% CPU
Optimizing NNI: done in 0.505912 secs using 100% CPU
Optimizing NNI: done in 0.620725 secs using 100% CPU
Optimizing NNI: done in 0.68095 secs using 100% CPU
Optimizing NNI: done in 0.630621 secs using 91.75% CPU
Iteration 180 / LogL: -11423.082 / Time: 0h:4m:42s (0h:1m:33s left)
Optimizing NNI: done in 0.669644 secs using 85.35% CPU
Optimizing NNI: done in 0.76219 secs using 99.97% CPU
Optimizing NNI: done in 0.659083 secs using 87.86% CPU
Optimizing NNI: done in 0.52015 secs using 100% CPU
Optimizing NNI: done in 0.510541 secs using 99.29% CPU
Optimizing NNI: done in 0.599596 secs using 99.99% CPU
Optimizing NNI: done in 0.495987 secs using 100% CPU
Optimizing NNI: done in 0.489923 secs using 100% CPU
Optimizing NNI: done in 0.464145 secs using 99.99% CPU
Optimizing NNI: done in 0.484608 secs using 100% CPU
Iteration 190 / LogL: -11424.711 / Time: 0h:4m:48s (0h:1m:14s left)
Optimizing NNI: done in 0.607389 secs using 100% CPU
Optimizing NNI: done in 0.482219 secs using 100% CPU
Optimizing NNI: done in 0.504794 secs using 99.99% CPU
Optimizing NNI: done in 0.458232 secs using 100% CPU
Optimizing NNI: done in 0.642357 secs using 100% CPU
Optimizing NNI: done in 0.582877 secs using 100% CPU
Optimizing NNI: done in 0.75262 secs using 99.99% CPU
Optimizing NNI: done in 0.500287 secs using 100% CPU
Optimizing NNI: done in 0.678555 secs using 76.96% CPU
Optimizing NNI: done in 0.531777 secs using 97.65% CPU
Iteration 200 / LogL: -11421.396 / Time: 0h:4m:54s (0h:0m:57s left)
Optimizing NNI: done in 0.631358 secs using 99.98% CPU
Estimate model parameters (epsilon = 0.100)
BETTER TREE FOUND at iteration 201: -11418.960
Optimizing NNI: done in 0.561343 secs using 100% CPU
Optimizing NNI: done in 0.56416 secs using 99.98% CPU
Optimizing NNI: done in 0.542357 secs using 99.99% CPU
Optimizing NNI: done in 0.460957 secs using 100% CPU
Optimizing NNI: done in 0.551516 secs using 87.66% CPU
Optimizing NNI: done in 0.542132 secs using 93.35% CPU
Optimizing NNI: done in 0.498966 secs using 99.25% CPU
Optimizing NNI: done in 0.512494 secs using 99.96% CPU
Optimizing NNI: done in 0.757149 secs using 79.68% CPU
Iteration 210 / LogL: -11439.046 / Time: 0h:5m:0s (0h:2m:10s left)
Optimizing NNI: done in 0.628442 secs using 82.82% CPU
Optimizing NNI: done in 0.525912 secs using 100% CPU
Optimizing NNI: done in 0.510651 secs using 99.21% CPU
Optimizing NNI: done in 0.497629 secs using 100% CPU
Optimizing NNI: done in 0.52406 secs using 75.6% CPU
Optimizing NNI: done in 0.87817 secs using 65.67% CPU
Optimizing NNI: done in 0.550644 secs using 100% CPU
Optimizing NNI: done in 0.608631 secs using 99.99% CPU
Optimizing NNI: done in 0.627245 secs using 100% CPU
Optimizing NNI: done in 0.495743 secs using 100% CPU
Iteration 220 / LogL: -11429.365 / Time: 0h:5m:6s (0h:1m:53s left)
Optimizing NNI: done in 0.817332 secs using 76.45% CPU
Optimizing NNI: done in 0.600835 secs using 99.31% CPU
Optimizing NNI: done in 0.604248 secs using 99.91% CPU
Optimizing NNI: done in 0.411164 secs using 99.91% CPU
Optimizing NNI: done in 0.51083 secs using 99.92% CPU
Optimizing NNI: done in 0.390225 secs using 99.8% CPU
Optimizing NNI: done in 0.688907 secs using 89.42% CPU
Optimizing NNI: done in 0.414443 secs using 99.88% CPU
Optimizing NNI: done in 0.626841 secs using 99.3% CPU
Optimizing NNI: done in 0.470811 secs using 95.89% CPU
Iteration 230 / LogL: -11423.222 / Time: 0h:5m:12s (0h:1m:36s left)
Optimizing NNI: done in 0.589333 secs using 99.89% CPU
Optimizing NNI: done in 0.44897 secs using 99.9% CPU
Optimizing NNI: done in 0.557223 secs using 99.9% CPU
Optimizing NNI: done in 0.545145 secs using 99.92% CPU
Optimizing NNI: done in 0.556344 secs using 99.87% CPU
Optimizing NNI: done in 0.405719 secs using 99.88% CPU
Optimizing NNI: done in 0.537999 secs using 99.91% CPU
Optimizing NNI: done in 0.516358 secs using 99.89% CPU
Optimizing NNI: done in 0.458121 secs using 99.9% CPU
Optimizing NNI: done in 0.577061 secs using 97.87% CPU
Iteration 240 / LogL: -11425.834 / Time: 0h:5m:17s (0h:1m:20s left)
Optimizing NNI: done in 0.604754 secs using 99.35% CPU
Optimizing NNI: done in 0.480991 secs using 100% CPU
Optimizing NNI: done in 0.591328 secs using 100% CPU
Optimizing NNI: done in 0.469313 secs using 100% CPU
Optimizing NNI: done in 0.637584 secs using 99.97% CPU
Optimizing NNI: done in 0.502469 secs using 99.98% CPU
Optimizing NNI: done in 0.503473 secs using 100% CPU
Optimizing NNI: done in 0.44725 secs using 100% CPU
Optimizing NNI: done in 0.501258 secs using 99.2% CPU
Optimizing NNI: done in 0.548869 secs using 100% CPU
Iteration 250 / LogL: -11421.315 / Time: 0h:5m:22s (0h:1m:6s left)
Optimizing NNI: done in 0.631799 secs using 100% CPU
Optimizing NNI: done in 0.596583 secs using 100% CPU
Optimizing NNI: done in 0.605691 secs using 83.32% CPU
Optimizing NNI: done in 0.55654 secs using 78.47% CPU
Optimizing NNI: done in 0.611313 secs using 69.19% CPU
Optimizing NNI: done in 0.59294 secs using 99.98% CPU
Optimizing NNI: done in 0.482309 secs using 99.99% CPU
Optimizing NNI: done in 0.521838 secs using 90.73% CPU
Optimizing NNI: done in 0.530815 secs using 100% CPU
Optimizing NNI: done in 0.387989 secs using 100% CPU
Iteration 260 / LogL: -11423.769 / Time: 0h:5m:28s (0h:0m:51s left)
Optimizing NNI: done in 0.523532 secs using 83.17% CPU
Optimizing NNI: done in 0.788566 secs using 77.64% CPU
Optimizing NNI: done in 0.546993 secs using 100% CPU
Optimizing NNI: done in 0.622951 secs using 82.86% CPU
Optimizing NNI: done in 0.831006 secs using 67.06% CPU
Optimizing NNI: done in 0.572742 secs using 99.57% CPU
Optimizing NNI: done in 0.602351 secs using 98.68% CPU
Optimizing NNI: done in 0.508864 secs using 99.99% CPU
Optimizing NNI: done in 0.54954 secs using 100% CPU
Optimizing NNI: done in 0.679225 secs using 80.44% CPU
Iteration 270 / LogL: -11426.018 / Time: 0h:5m:34s (0h:0m:38s left)
Optimizing NNI: done in 0.563525 secs using 99.99% CPU
Optimizing NNI: done in 0.475844 secs using 99.99% CPU
Optimizing NNI: done in 0.645295 secs using 99.96% CPU
Optimizing NNI: done in 0.6251 secs using 91.62% CPU
Optimizing NNI: done in 0.688422 secs using 100% CPU
Optimizing NNI: done in 0.482722 secs using 100% CPU
Optimizing NNI: done in 0.555028 secs using 100% CPU
Optimizing NNI: done in 0.604695 secs using 99.97% CPU
Optimizing NNI: done in 0.529167 secs using 100% CPU
Optimizing NNI: done in 0.752231 secs using 100% CPU
Iteration 280 / LogL: -11432.047 / Time: 0h:5m:40s (0h:0m:25s left)
Optimizing NNI: done in 0.462749 secs using 100% CPU
Optimizing NNI: done in 0.474419 secs using 100% CPU
Optimizing NNI: done in 0.433303 secs using 100% CPU
Optimizing NNI: done in 0.481886 secs using 99.97% CPU
Optimizing NNI: done in 0.497953 secs using 99.2% CPU
Optimizing NNI: done in 0.47394 secs using 100% CPU
Optimizing NNI: done in 0.558602 secs using 100% CPU
Optimizing NNI: done in 0.608307 secs using 100% CPU
Optimizing NNI: done in 0.610995 secs using 100% CPU
Optimizing NNI: done in 0.514154 secs using 100% CPU
Iteration 290 / LogL: -11420.074 / Time: 0h:5m:45s (0h:0m:13s left)
Optimizing NNI: done in 0.49 secs using 100% CPU
Optimizing NNI: done in 0.575803 secs using 100% CPU
Optimizing NNI: done in 0.538986 secs using 100% CPU
Optimizing NNI: done in 0.569287 secs using 100% CPU
Optimizing NNI: done in 0.507309 secs using 100% CPU
Optimizing NNI: done in 0.48669 secs using 100% CPU
Optimizing NNI: done in 0.53356 secs using 100% CPU
Optimizing NNI: done in 0.527642 secs using 100% CPU
Optimizing NNI: done in 0.639304 secs using 100% CPU
Optimizing NNI: done in 0.573432 secs using 100% CPU
Iteration 300 / LogL: -11428.202 / Time: 0h:5m:51s (0h:0m:1s left)
Optimizing NNI: done in 0.494171 secs using 100% CPU
Optimizing NNI: done in 0.606749 secs using 100% CPU
TREE SEARCH COMPLETED AFTER 302 ITERATIONS / Time: 0h:5m:52s

--------------------------------------------------------------------
|                    FINALIZING TREE SEARCH                        |
--------------------------------------------------------------------
Performs final model parameters optimization
Estimate model parameters (epsilon = 0.010)
1. Initial log-likelihood: -11418.960
2. Current log-likelihood: -11418.942
3. Current log-likelihood: -11418.914
4. Current log-likelihood: -11418.899
5. Current log-likelihood: -11418.884
6. Current log-likelihood: -11418.870
7. Current log-likelihood: -11418.858
8. Current log-likelihood: -11418.845
9. Current log-likelihood: -11418.834
10. Current log-likelihood: -11418.824
Optimal log-likelihood: -11418.810
Rate parameters:  A-C: 1.84701  A-G: 3.78044  A-T: 1.71058  C-G: 1.75791  C-T: 5.46206  G-T: 1.00000
Base frequencies:  A: 0.307  C: 0.204  G: 0.224  T: 0.265
Site proportion and rates:  (0.497,0.126) (0.359,1.068) (0.135,3.408) (0.010,9.554)
Parameters optimization took 10 rounds (2.177 sec)
BEST SCORE FOUND : -11418.810
Total tree length: 4.261

Total number of iterations: 302
CPU time used for tree search: 167.732 sec (0h:2m:47s)
Wall-clock time used for tree search: 216.520 sec (0h:3m:36s)
Total CPU time used: 306.963 sec (0h:5m:6s)
Total wall-clock time used: 354.828 sec (0h:5m:54s)

Analysis results written to: 
  IQ-TREE report:                6779_iqtree_preliminary_superstrict_excluding_hybrids.iqtree
  Maximum-likelihood tree:       6779_iqtree_preliminary_superstrict_excluding_hybrids.treefile
  Likelihood distances:          6779_iqtree_preliminary_superstrict_excluding_hybrids.mldist
  Screen log file:               6779_iqtree_preliminary_superstrict_excluding_hybrids.log

ALISIM COMMAND
--------------
--alisim simulated_MSA -t 6779_iqtree_preliminary_superstrict_excluding_hybrids.treefile -m "GTR{1.84701,3.78044,1.71058,1.75791,5.46206}+F{0.306512,0.204478,0.224059,0.264951}+R4{0.496627,0.125747,0.358555,1.06755,0.134858,3.40818,0.00996007,9.55383}" --length 600

Date and Time: Fri Jun  2 08:27:30 2023
