IQ-TREE multicore version 2.2.2 COVID-edition for Linux 64-bit built Sep 20 2022
Developed by Bui Quang Minh, James Barbetti, Nguyen Lam Tung,
Olga Chernomor, Heiko Schmidt, Dominik Schrempf, Michael Woodhams, Ly Trong Nhan.

Host:    netdc-bms-c11f (AVX2, FMA3, 377 GB RAM)
Command: /home/kasper.hendriks/iqtree-2.2.2-Linux/bin/iqtree2 -s 6968_taper_preliminary_superstrict_excluding_hybrids.fasta -nm 1000 -m GTR+F+R -nt AUTO --prefix 6968_iqtree_preliminary_superstrict_excluding_hybrids
Seed:    564696 (Using SPRNG - Scalable Parallel Random Number Generator)
Time:    Fri Jun  2 08:22:51 2023
Kernel:  AVX+FMA - auto-detect threads (56 CPU cores detected)

Reading alignment file 6968_taper_preliminary_superstrict_excluding_hybrids.fasta ... Fasta format detected
Reading fasta file: done in 0.00173998 secs
Alignment most likely contains DNA/RNA sequences
Constructing alignment: done in 0.00436306 secs using 1460% CPU
Alignment has 119 sequences with 607 columns, 367 distinct patterns
240 parsimony-informative, 58 singleton sites, 309 constant sites
               Gap/Ambiguity  Composition  p-value
Analyzing sequences: done in 0.0146739 secs using 1359% CPU
   1  CRNC             0.00%    passed     95.75%
   2  HYZL             0.00%    passed     26.14%
   3  MYZV             0.00%    passed      9.96%
   4  SRR6441723       0.00%    passed     97.29%
   5  ERR4210213      74.79%    passed     93.12%
   6  ERR2789774       0.00%    passed     99.05%
   7  PAFTOL_019361    0.16%    passed     32.24%
   8  S0055            0.00%    passed     96.37%
   9  S0196sl         73.81%    passed     66.25%
  10  S0278           11.37%    passed     99.38%
  11  S0281            0.66%    passed     99.66%
  12  S0282            0.16%    passed     96.90%
  13  S0289            0.00%    passed     99.62%
  14  S0292            1.15%    passed     92.87%
  15  S0293           63.76%    passed     53.59%
  16  S0294            0.99%    passed     95.34%
  17  S0299           13.51%    passed     99.10%
  18  S0303            0.00%    passed     92.67%
  19  S0308            0.00%    passed     96.46%
  20  S0320            0.16%    passed     98.30%
  21  S0322            0.16%    passed     95.88%
  22  S0327            0.00%    passed     99.49%
  23  S0335            0.16%    passed     90.14%
  24  S0345           73.97%    passed     79.63%
  25  S0376           11.70%    passed     99.96%
  26  S0400            0.49%    passed     99.20%
  27  S0405            0.16%    passed     96.41%
  28  S0407sl         67.38%    passed     47.20%
  29  S0412sl         12.36%    passed     92.41%
  30  S0417            0.33%    passed     99.99%
  31  S0419            0.00%    passed     81.63%
  32  S0427            0.00%    passed     97.18%
  33  S0430            0.00%    passed     92.48%
  34  S0478            0.00%    passed     95.26%
  35  S0552sl          0.16%    passed     98.63%
  36  S0558            0.00%    passed     99.59%
  37  S0616            0.16%    passed     94.96%
  38  S0624            0.00%    passed     96.17%
  39  S0641            0.16%    passed     99.91%
  40  S0643            3.79%    passed     92.01%
  41  S0645sl          0.16%    passed     92.42%
  42  S0656sl          0.33%    passed     98.55%
  43  S0673            0.00%    passed     98.67%
  44  S0690           46.95%    passed     72.40%
  45  S0720            0.16%    passed     91.92%
  46  S0724sl          0.49%    passed     94.88%
  47  S0735            0.00%    passed     88.41%
  48  S0742            0.16%    passed     92.71%
  49  S0748            0.00%    passed     95.89%
  50  S0753           61.29%    passed     93.20%
  51  S0756            1.15%    passed     98.25%
  52  S0758            0.00%    passed     96.15%
  53  S0760            0.00%    passed     79.86%
  54  S0763            0.16%    passed     98.53%
  55  S0765            0.16%    passed     85.95%
  56  S0770            0.00%    passed     83.42%
  57  S0771            0.00%    passed     85.78%
  58  S0795            0.00%    passed     94.46%
  59  S0827            0.00%    passed     98.69%
  60  S0888            0.00%    passed     93.71%
  61  S0894            0.66%    passed     93.20%
  62  S0899            0.16%    passed     98.50%
  63  S0906            0.33%    passed     90.43%
  64  S0951           29.32%    passed     87.08%
  65  S0952            0.16%    passed     99.91%
  66  S0959            0.33%    passed     92.68%
  67  S0960            2.31%    passed     77.00%
  68  S0964            1.98%    passed     98.00%
  69  S1052sl         29.65%    passed     73.47%
  70  S1083            0.00%    passed     91.20%
  71  S1100            0.16%    passed     60.13%
  72  S1102           50.08%    passed     57.36%
  73  S1110           10.21%    passed     94.00%
  74  S1120            0.16%    passed     98.64%
  75  S1128            0.49%    passed     99.75%
  76  S1129sl          0.49%    passed     98.84%
  77  S1148            0.16%    passed     97.70%
  78  S1177            0.00%    passed     81.63%
  79  S1180            0.00%    passed     95.93%
  80  S1187sl         15.98%    passed     97.69%
  81  S1189            1.15%    passed     94.44%
  82  S1201sl          0.00%    passed     89.99%
  83  S1210            0.00%    passed     98.58%
  84  S1211            0.00%    passed     96.95%
  85  S1214sl          0.00%    passed     97.65%
  86  S1223            0.00%    passed     94.46%
  87  S1227            0.00%    passed     95.69%
  88  S1235sl          0.16%    passed     92.99%
  89  S1238sl          0.00%    passed     99.93%
  90  S1239            0.00%    passed     99.89%
  91  S1245            1.48%    passed     96.43%
  92  S1246            0.16%    passed     96.69%
  93  S1249           12.52%    passed     85.27%
  94  S1250sl          0.66%    passed     99.87%
  95  S1251            0.33%    passed     92.32%
  96  S1260            0.33%    passed     97.82%
  97  S1266sl         14.17%    passed     79.98%
  98  S1269            0.82%    passed     80.36%
  99  S1278            0.00%    passed     98.53%
 100  S1315            0.00%    passed     99.09%
 101  S1332            0.00%    passed     99.72%
 102  S1366            0.16%    passed     78.50%
 103  S1369            0.00%    passed     93.90%
 104  S1370            0.33%    passed     99.72%
 105  S1375            1.81%    passed     98.52%
 106  S1376            0.00%    passed     95.81%
 107  S1381            0.16%    passed     99.86%
 108  S1405            0.33%    passed     97.28%
 109  S1422            0.16%    passed     66.56%
 110  S1449            0.16%    passed     84.09%
 111  S1451            0.16%    passed     99.34%
 112  S1460            0.49%    passed     99.56%
 113  S1462            0.00%    passed     81.25%
 114  S1475           13.51%    passed     95.26%
 115  S1498            0.00%    passed     97.90%
 116  S1539            0.00%    passed     98.35%
 117  S_670            0.16%    passed     95.96%
 118  SRR11470320      0.00%    passed     86.91%
 119  SRR8528357       0.00%    passed     98.39%
WARNING: 7 sequences contain more than 50% gaps/ambiguity
****  TOTAL            6.00%  0 sequences failed composition chi2 test (p-value<5%; df=3)
NOTE: S1177 is identical to S0419 but kept for subsequent analysis
Checking for duplicate sequences: done in 0.00703311 secs using 1374% CPU

Create initial parsimony tree by phylogenetic likelihood library (PLL)... 0.041 seconds

NOTE: 5 MB RAM (0 GB) is required!
Measuring multi-threading efficiency up to 56 CPU cores
Increase to 10 rounds for branch lengths
228 trees examined
Threads: 1 / Time: 56.280 sec / Speedup: 1.000 / Efficiency: 100% / LogL: -13503
Threads: 2 / Time: 50.572 sec / Speedup: 1.113 / Efficiency: 56% / LogL: -13503
Threads: 3 / Time: 64.625 sec / Speedup: 0.871 / Efficiency: 29% / LogL: -13503
Determining AUTO threadcount: done in 171.479 secs using 132% CPU
BEST NUMBER OF THREADS: 2

Estimate model parameters (epsilon = 0.100)
1. Initial log-likelihood: -8381.895
2. Current log-likelihood: -8013.895
3. Current log-likelihood: -8002.387
4. Current log-likelihood: -7995.703
5. Current log-likelihood: -7990.022
6. Current log-likelihood: -7985.581
7. Current log-likelihood: -7982.569
8. Current log-likelihood: -7980.720
9. Current log-likelihood: -7979.581
10. Current log-likelihood: -7978.801
11. Current log-likelihood: -7978.229
12. Current log-likelihood: -7977.781
13. Current log-likelihood: -7977.422
14. Current log-likelihood: -7977.132
15. Current log-likelihood: -7976.962
16. Current log-likelihood: -7976.809
17. Current log-likelihood: -7976.675
18. Current log-likelihood: -7976.557
19. Current log-likelihood: -7976.453
Optimal log-likelihood: -7976.312
Rate parameters:  A-C: 1.64421  A-G: 5.15072  A-T: 1.90811  C-G: 1.49273  C-T: 5.20333  G-T: 1.00000
Base frequencies:  A: 0.225  C: 0.242  G: 0.221  T: 0.312
Site proportion and rates:  (0.613,0.104) (0.021,0.208) (0.311,2.002) (0.055,5.601)
Parameters optimization took 19 rounds (5.346 sec)
Wrote distance file to... 
Computing ML distances based on estimated model parameters...
Calculating distance matrix: done in 0.068464 secs using 153.1% CPU
Computing ML distances took 0.073428 sec (of wall-clock time) 0.110215 sec (of CPU time)
Setting up auxiliary I and S matrices: done in 0.000560045 secs using 199.4% CPU
Constructing RapidNJ tree: done in 0.002841 secs using 178.4% CPU
Computing RapidNJ tree took 0.003532 sec (of wall-clock time) 0.007092 sec (of CPU time)
Log-likelihood of RapidNJ tree: -8065.289
--------------------------------------------------------------------
|             INITIALIZING CANDIDATE TREE SET                      |
--------------------------------------------------------------------
Generating 98 parsimony trees... 2.764 second
Computing log-likelihood of 98 initial trees ... 3.056 seconds
Current best score: -7956.469

Do NNI search on 20 best initial trees
Optimizing NNI: done in 0.408515 secs using 141.7% CPU
Estimate model parameters (epsilon = 0.100)
BETTER TREE FOUND at iteration 1: -7947.089
Optimizing NNI: done in 0.238053 secs using 198.4% CPU
Optimizing NNI: done in 0.178154 secs using 200.1% CPU
Optimizing NNI: done in 0.188411 secs using 198.1% CPU
Estimate model parameters (epsilon = 0.100)
BETTER TREE FOUND at iteration 4: -7946.587
Optimizing NNI: done in 0.31034 secs using 147.1% CPU
Optimizing NNI: done in 0.241617 secs using 146.4% CPU
Optimizing NNI: done in 0.534093 secs using 84.8% CPU
Optimizing NNI: done in 0.397232 secs using 141.6% CPU
Optimizing NNI: done in 0.425385 secs using 123% CPU
Optimizing NNI: done in 0.286227 secs using 150.1% CPU
Iteration 10 / LogL: -7956.644 / Time: 0h:3m:7s
Optimizing NNI: done in 0.376653 secs using 135.8% CPU
Optimizing NNI: done in 0.665866 secs using 74.39% CPU
Optimizing NNI: done in 0.500061 secs using 108.5% CPU
Estimate model parameters (epsilon = 0.100)
BETTER TREE FOUND at iteration 13: -7945.433
Optimizing NNI: done in 0.331388 secs using 153.1% CPU
Estimate model parameters (epsilon = 0.100)
BETTER TREE FOUND at iteration 14: -7943.650
Optimizing NNI: done in 0.551304 secs using 110.2% CPU
Optimizing NNI: done in 0.372882 secs using 145.9% CPU
Optimizing NNI: done in 0.573845 secs using 101% CPU
Optimizing NNI: done in 0.419586 secs using 103.9% CPU
Optimizing NNI: done in 0.397503 secs using 122.6% CPU
Optimizing NNI: done in 0.45481 secs using 126.4% CPU
Iteration 20 / LogL: -7951.916 / Time: 0h:3m:12s
Finish initializing candidate tree set (20)
Current best tree score: -7943.650 / CPU time: 15.225
Number of iterations: 20
--------------------------------------------------------------------
|               OPTIMIZING CANDIDATE TREE SET                      |
--------------------------------------------------------------------
Optimizing NNI: done in 0.722699 secs using 110.3% CPU
Optimizing NNI: done in 0.829105 secs using 105.1% CPU
Optimizing NNI: done in 0.601679 secs using 133.7% CPU
Optimizing NNI: done in 0.662856 secs using 129.8% CPU
Optimizing NNI: done in 0.561577 secs using 127.9% CPU
Optimizing NNI: done in 0.471221 secs using 139.1% CPU
Optimizing NNI: done in 0.364194 secs using 169.4% CPU
Optimizing NNI: done in 0.720562 secs using 99.87% CPU
Optimizing NNI: done in 0.708503 secs using 115.5% CPU
Optimizing NNI: done in 0.562587 secs using 149.5% CPU
Iteration 30 / LogL: -7948.993 / Time: 0h:3m:18s (0h:9m:35s left)
Optimizing NNI: done in 0.618666 secs using 126.2% CPU
Optimizing NNI: done in 0.66532 secs using 108.5% CPU
Optimizing NNI: done in 0.684339 secs using 111.4% CPU
Optimizing NNI: done in 0.876801 secs using 106.2% CPU
Optimizing NNI: done in 0.558093 secs using 162.7% CPU
Optimizing NNI: done in 0.476077 secs using 163% CPU
Optimizing NNI: done in 0.341975 secs using 176.3% CPU
Optimizing NNI: done in 0.325555 secs using 199.3% CPU
Optimizing NNI: done in 0.332378 secs using 200.9% CPU
Optimizing NNI: done in 0.412896 secs using 175.1% CPU
Iteration 40 / LogL: -7944.470 / Time: 0h:3m:24s (0h:6m:27s left)
Optimizing NNI: done in 0.444635 secs using 172.2% CPU
Optimizing NNI: done in 0.477008 secs using 158.5% CPU
Optimizing NNI: done in 0.751002 secs using 132.6% CPU
Optimizing NNI: done in 0.519202 secs using 154% CPU
Optimizing NNI: done in 0.530961 secs using 159.8% CPU
Optimizing NNI: done in 0.448729 secs using 163.9% CPU
Optimizing NNI: done in 0.57148 secs using 153.5% CPU
Optimizing NNI: done in 0.300053 secs using 199.3% CPU
Optimizing NNI: done in 0.343716 secs using 171.8% CPU
Estimate model parameters (epsilon = 0.100)
BETTER TREE FOUND at iteration 49: -7942.984
Optimizing NNI: done in 0.3729 secs using 187.1% CPU
Iteration 50 / LogL: -7944.367 / Time: 0h:3m:29s (0h:7m:2s left)
Optimizing NNI: done in 0.372993 secs using 170.3% CPU
Optimizing NNI: done in 0.749305 secs using 134.7% CPU
Optimizing NNI: done in 0.413489 secs using 173.3% CPU
Optimizing NNI: done in 0.406439 secs using 179.2% CPU
Optimizing NNI: done in 0.35136 secs using 200% CPU
Optimizing NNI: done in 0.350141 secs using 191.7% CPU
Optimizing NNI: done in 0.344779 secs using 183.1% CPU
Optimizing NNI: done in 0.416902 secs using 172.4% CPU
Optimizing NNI: done in 0.51086 secs using 169.4% CPU
Optimizing NNI: done in 0.593276 secs using 142.5% CPU
Iteration 60 / LogL: -7944.055 / Time: 0h:3m:33s (0h:5m:22s left)
Optimizing NNI: done in 0.60624 secs using 151.5% CPU
Optimizing NNI: done in 0.577579 secs using 159.4% CPU
BETTER TREE FOUND at iteration 62: -7942.979
Optimizing NNI: done in 0.515203 secs using 158.2% CPU
Optimizing NNI: done in 0.482331 secs using 161.2% CPU
Optimizing NNI: done in 0.581501 secs using 145.9% CPU
Optimizing NNI: done in 0.694224 secs using 122.1% CPU
Optimizing NNI: done in 0.549484 secs using 151.5% CPU
Optimizing NNI: done in 0.254259 secs using 198.7% CPU
Optimizing NNI: done in 0.262934 secs using 198.7% CPU
Optimizing NNI: done in 0.336728 secs using 198.9% CPU
Iteration 70 / LogL: -7952.120 / Time: 0h:3m:38s (0h:4m:51s left)
Optimizing NNI: done in 0.30382 secs using 194.8% CPU
Optimizing NNI: done in 0.430408 secs using 175.9% CPU
Optimizing NNI: done in 0.522371 secs using 164.9% CPU
Optimizing NNI: done in 0.474932 secs using 169.7% CPU
Optimizing NNI: done in 0.40131 secs using 159.8% CPU
Optimizing NNI: done in 0.49092 secs using 156.8% CPU
Optimizing NNI: done in 0.453114 secs using 157.7% CPU
Optimizing NNI: done in 0.314998 secs using 198.9% CPU
Optimizing NNI: done in 0.371929 secs using 177.7% CPU
Optimizing NNI: done in 0.41838 secs using 158.7% CPU
Iteration 80 / LogL: -7945.941 / Time: 0h:3m:43s (0h:3m:51s left)
Optimizing NNI: done in 0.359357 secs using 200% CPU
Optimizing NNI: done in 0.433028 secs using 166.3% CPU
Optimizing NNI: done in 0.340308 secs using 199.6% CPU
Optimizing NNI: done in 0.334493 secs using 199.9% CPU
Optimizing NNI: done in 0.293623 secs using 200% CPU
Optimizing NNI: done in 0.358094 secs using 164.4% CPU
Optimizing NNI: done in 0.247893 secs using 200% CPU
Optimizing NNI: done in 0.32519 secs using 198.2% CPU
Optimizing NNI: done in 0.319583 secs using 198.9% CPU
Optimizing NNI: done in 0.283544 secs using 200% CPU
Iteration 90 / LogL: -7942.983 / Time: 0h:3m:46s (0h:3m:3s left)
Optimizing NNI: done in 0.257667 secs using 200% CPU
Optimizing NNI: done in 0.373812 secs using 200% CPU
Optimizing NNI: done in 0.267313 secs using 200% CPU
Optimizing NNI: done in 0.362598 secs using 197% CPU
Optimizing NNI: done in 0.278786 secs using 200% CPU
Optimizing NNI: done in 0.271739 secs using 200% CPU
Optimizing NNI: done in 0.354474 secs using 198.2% CPU
Optimizing NNI: done in 0.336554 secs using 199.7% CPU
Optimizing NNI: done in 0.296111 secs using 200.3% CPU
Optimizing NNI: done in 0.281285 secs using 198.8% CPU
Iteration 100 / LogL: -7974.539 / Time: 0h:3m:49s (0h:2m:23s left)
Optimizing NNI: done in 0.376402 secs using 200% CPU
Optimizing NNI: done in 0.322518 secs using 200% CPU
Optimizing NNI: done in 0.340114 secs using 200% CPU
Optimizing NNI: done in 0.318232 secs using 196.9% CPU
Optimizing NNI: done in 0.325679 secs using 198.9% CPU
Optimizing NNI: done in 0.246109 secs using 200% CPU
Optimizing NNI: done in 0.327908 secs using 200% CPU
Optimizing NNI: done in 0.330693 secs using 199% CPU
Optimizing NNI: done in 0.279312 secs using 197.3% CPU
Optimizing NNI: done in 0.406255 secs using 189.2% CPU
Iteration 110 / LogL: -7943.440 / Time: 0h:3m:53s (0h:1m:51s left)
Optimizing NNI: done in 0.488007 secs using 167.7% CPU
Optimizing NNI: done in 0.396364 secs using 196.1% CPU
Optimizing NNI: done in 0.287811 secs using 199.9% CPU
Optimizing NNI: done in 0.290014 secs using 199% CPU
Optimizing NNI: done in 0.268903 secs using 198.9% CPU
Optimizing NNI: done in 0.356298 secs using 200% CPU
Optimizing NNI: done in 0.329831 secs using 199.5% CPU
Optimizing NNI: done in 0.310652 secs using 200.3% CPU
Optimizing NNI: done in 0.24867 secs using 200% CPU
Optimizing NNI: done in 0.423521 secs using 199.4% CPU
Iteration 120 / LogL: -7945.487 / Time: 0h:3m:56s (0h:1m:23s left)
Optimizing NNI: done in 0.36339 secs using 198.6% CPU
Optimizing NNI: done in 0.334624 secs using 197.6% CPU
Optimizing NNI: done in 0.390945 secs using 198.7% CPU
Optimizing NNI: done in 0.269132 secs using 200.4% CPU
Optimizing NNI: done in 0.33737 secs using 199.1% CPU
Optimizing NNI: done in 0.317074 secs using 200% CPU
Optimizing NNI: done in 0.324307 secs using 198.9% CPU
Optimizing NNI: done in 0.3082 secs using 200% CPU
Optimizing NNI: done in 0.30791 secs using 200% CPU
Optimizing NNI: done in 0.337504 secs using 199.8% CPU
Iteration 130 / LogL: -7944.911 / Time: 0h:3m:59s (0h:0m:59s left)
Optimizing NNI: done in 0.391026 secs using 176.7% CPU
Optimizing NNI: done in 0.373439 secs using 180.3% CPU
Optimizing NNI: done in 0.285858 secs using 199.9% CPU
Optimizing NNI: done in 0.284092 secs using 198.8% CPU
Optimizing NNI: done in 0.392948 secs using 162.4% CPU
Optimizing NNI: done in 0.388037 secs using 182.9% CPU
Optimizing NNI: done in 0.352182 secs using 190.1% CPU
Optimizing NNI: done in 0.313862 secs using 200% CPU
Optimizing NNI: done in 0.301343 secs using 199.9% CPU
Optimizing NNI: done in 0.308398 secs using 198.1% CPU
Iteration 140 / LogL: -7943.950 / Time: 0h:4m:3s (0h:0m:38s left)
Optimizing NNI: done in 0.27921 secs using 198.8% CPU
Optimizing NNI: done in 0.35803 secs using 199.6% CPU
Optimizing NNI: done in 0.28077 secs using 194.7% CPU
Optimizing NNI: done in 0.318346 secs using 198.7% CPU
Optimizing NNI: done in 0.274879 secs using 200% CPU
Optimizing NNI: done in 0.287838 secs using 200% CPU
Optimizing NNI: done in 0.316983 secs using 200% CPU
Optimizing NNI: done in 0.288683 secs using 200% CPU
Optimizing NNI: done in 0.319335 secs using 198.8% CPU
Optimizing NNI: done in 0.319423 secs using 198.8% CPU
Iteration 150 / LogL: -7943.528 / Time: 0h:4m:6s (0h:0m:19s left)
Optimizing NNI: done in 0.299478 secs using 199.7% CPU
Optimizing NNI: done in 0.401651 secs using 198.9% CPU
Optimizing NNI: done in 0.247332 secs using 198.8% CPU
Optimizing NNI: done in 0.270611 secs using 198.4% CPU
Optimizing NNI: done in 0.413846 secs using 169% CPU
Optimizing NNI: done in 0.317961 secs using 183.7% CPU
Optimizing NNI: done in 0.433937 secs using 170% CPU
Optimizing NNI: done in 0.313313 secs using 200% CPU
Optimizing NNI: done in 0.342679 secs using 196.8% CPU
Optimizing NNI: done in 0.341936 secs using 195.9% CPU
Iteration 160 / LogL: -7943.849 / Time: 0h:4m:10s (0h:0m:3s left)
Optimizing NNI: done in 0.367934 secs using 199.4% CPU
Optimizing NNI: done in 0.400887 secs using 169.5% CPU
Optimizing NNI: done in 0.356264 secs using 185% CPU
TREE SEARCH COMPLETED AFTER 163 ITERATIONS / Time: 0h:4m:11s

--------------------------------------------------------------------
|                    FINALIZING TREE SEARCH                        |
--------------------------------------------------------------------
Performs final model parameters optimization
Estimate model parameters (epsilon = 0.010)
1. Initial log-likelihood: -7942.979
2. Current log-likelihood: -7942.909
3. Current log-likelihood: -7942.800
4. Current log-likelihood: -7942.661
5. Current log-likelihood: -7942.502
6. Current log-likelihood: -7942.345
7. Current log-likelihood: -7942.191
8. Current log-likelihood: -7942.039
9. Current log-likelihood: -7941.887
10. Current log-likelihood: -7941.732
11. Current log-likelihood: -7941.569
12. Current log-likelihood: -7941.413
13. Current log-likelihood: -7941.249
14. Current log-likelihood: -7941.090
15. Current log-likelihood: -7940.937
16. Current log-likelihood: -7940.789
17. Current log-likelihood: -7940.649
18. Current log-likelihood: -7940.517
19. Current log-likelihood: -7940.394
20. Current log-likelihood: -7940.277
21. Current log-likelihood: -7940.168
22. Current log-likelihood: -7940.065
23. Current log-likelihood: -7939.969
24. Current log-likelihood: -7939.879
25. Current log-likelihood: -7939.795
26. Current log-likelihood: -7939.717
27. Current log-likelihood: -7939.643
28. Current log-likelihood: -7939.575
29. Current log-likelihood: -7939.511
30. Current log-likelihood: -7939.451
31. Current log-likelihood: -7939.395
32. Current log-likelihood: -7939.343
33. Current log-likelihood: -7939.294
34. Current log-likelihood: -7939.249
35. Current log-likelihood: -7939.206
36. Current log-likelihood: -7939.166
37. Current log-likelihood: -7939.128
38. Current log-likelihood: -7939.101
39. Current log-likelihood: -7939.067
40. Current log-likelihood: -7939.043
41. Current log-likelihood: -7939.013
42. Current log-likelihood: -7938.992
43. Current log-likelihood: -7938.972
44. Current log-likelihood: -7938.953
45. Current log-likelihood: -7938.935
46. Current log-likelihood: -7938.918
47. Current log-likelihood: -7938.903
48. Current log-likelihood: -7938.888
49. Current log-likelihood: -7938.874
50. Current log-likelihood: -7938.861
51. Current log-likelihood: -7938.848
52. Current log-likelihood: -7938.836
53. Current log-likelihood: -7938.824
54. Current log-likelihood: -7938.812
55. Current log-likelihood: -7938.801
56. Current log-likelihood: -7938.791
Optimal log-likelihood: -7938.777
Rate parameters:  A-C: 1.64904  A-G: 5.30214  A-T: 1.97924  C-G: 1.48367  C-T: 5.32456  G-T: 1.00000
Base frequencies:  A: 0.225  C: 0.242  G: 0.221  T: 0.312
Site proportion and rates:  (0.582,0.069) (0.149,1.013) (0.233,2.482) (0.035,6.508)
Parameters optimization took 56 rounds (8.733 sec)
BEST SCORE FOUND : -7938.777
Total tree length: 2.622

Total number of iterations: 163
CPU time used for tree search: 118.986 sec (0h:1m:58s)
Wall-clock time used for tree search: 73.874 sec (0h:1m:13s)
Total CPU time used: 371.105 sec (0h:6m:11s)
Total wall-clock time used: 259.891 sec (0h:4m:19s)

Analysis results written to: 
  IQ-TREE report:                6968_iqtree_preliminary_superstrict_excluding_hybrids.iqtree
  Maximum-likelihood tree:       6968_iqtree_preliminary_superstrict_excluding_hybrids.treefile
  Likelihood distances:          6968_iqtree_preliminary_superstrict_excluding_hybrids.mldist
  Screen log file:               6968_iqtree_preliminary_superstrict_excluding_hybrids.log

ALISIM COMMAND
--------------
--alisim simulated_MSA -t 6968_iqtree_preliminary_superstrict_excluding_hybrids.treefile -m "GTR{1.64904,5.30214,1.97924,1.48367,5.32456}+F{0.225079,0.241685,0.221394,0.311842}+R4{0.582126,0.069214,0.149232,1.01293,0.233433,2.48216,0.0352084,6.5078}" --length 607

Date and Time: Fri Jun  2 08:27:11 2023
