IQ-TREE multicore version 2.2.2 COVID-edition for Linux 64-bit built Sep 20 2022
Developed by Bui Quang Minh, James Barbetti, Nguyen Lam Tung,
Olga Chernomor, Heiko Schmidt, Dominik Schrempf, Michael Woodhams, Ly Trong Nhan.

Host:    netdc-bms-c11f (AVX2, FMA3, 377 GB RAM)
Command: /home/kasper.hendriks/iqtree-2.2.2-Linux/bin/iqtree2 -s 7024_taper_preliminary_superstrict_excluding_hybrids.fasta -nm 1000 -m GTR+F+R -nt AUTO --prefix 7024_iqtree_preliminary_superstrict_excluding_hybrids
Seed:    941634 (Using SPRNG - Scalable Parallel Random Number Generator)
Time:    Fri Jun  2 08:23:26 2023
Kernel:  AVX+FMA - auto-detect threads (56 CPU cores detected)

Reading alignment file 7024_taper_preliminary_superstrict_excluding_hybrids.fasta ... Fasta format detected
Reading fasta file: done in 0.000226021 secs using 99.11% CPU
Alignment most likely contains DNA/RNA sequences
Constructing alignment: done in 0.000656843 secs using 1576% CPU
Alignment has 62 sequences with 96 columns, 79 distinct patterns
50 parsimony-informative, 8 singleton sites, 38 constant sites
               Gap/Ambiguity  Composition  p-value
Analyzing sequences: done in 0.0600641 secs using 1730% CPU
   1  CRNC            32.29%    passed     62.79%
   2  HYZL             0.00%    passed     52.40%
   3  MYZV             0.00%    passed     42.59%
   4  SRR6441723       0.00%    passed     95.87%
   5  ERR2789774       0.00%    passed     75.09%
   6  PAFTOL_019361    0.00%    passed     86.03%
   7  S0055            0.00%    passed     70.85%
   8  S0278            0.00%    passed     88.82%
   9  S0282            0.00%    passed     95.26%
  10  S0292            0.00%    passed     71.02%
  11  S0299            0.00%    passed     84.70%
  12  S0376            1.04%    passed     98.87%
  13  S0400            3.12%    passed     95.87%
  14  S0405            0.00%    passed     99.39%
  15  S0412sl         96.88%    passed     51.50%
  16  S0427            0.00%    passed     99.99%
  17  S0558            0.00%    passed     89.83%
  18  S0616            0.00%    passed     98.75%
  19  S0641            0.00%    passed     78.50%
  20  S0643            0.00%    passed     95.26%
  21  S0645sl          1.04%    passed     93.44%
  22  S0656sl          2.08%    passed     99.42%
  23  S0673            0.00%    passed     94.38%
  24  S0689            3.12%    passed     97.59%
  25  S0720            0.00%    passed     73.43%
  26  S0742            4.17%    passed     88.77%
  27  S0756            0.00%    passed     84.70%
  28  S0763            3.12%    passed     95.87%
  29  S0765           96.88%    passed     51.50%
  30  S0771            3.12%    passed     95.50%
  31  S0888            0.00%    passed     92.59%
  32  S0906            0.00%    passed     94.38%
  33  S0959            0.00%    passed     91.80%
  34  S1083            0.00%    passed     96.94%
  35  S1120            0.00%    passed     99.51%
  36  S1128            9.38%    passed     80.27%
  37  S1129sl          4.17%    passed     78.51%
  38  S1189            1.04%    passed     88.23%
  39  S1211            0.00%    passed     99.21%
  40  S1214sl          0.00%    passed     80.23%
  41  S1227            0.00%    passed     95.26%
  42  S1235sl          0.00%    passed     94.18%
  43  S1239            0.00%    passed     93.38%
  44  S1245            0.00%    passed     84.02%
  45  S1246            0.00%    passed     85.37%
  46  S1250sl          0.00%    passed     97.88%
  47  S1278            0.00%    passed     95.26%
  48  S1315            2.08%    passed     59.20%
  49  S1332            1.04%    passed     95.07%
  50  S1369            3.12%    passed     87.32%
  51  S1370            0.00%    passed     97.20%
  52  S1375            6.25%    passed     99.34%
  53  S1381           96.88%    passed     51.50%
  54  S1405            5.21%    passed     95.12%
  55  S1422            0.00%    passed     71.02%
  56  S1449            0.00%    passed     86.69%
  57  S1460            0.00%    passed     92.59%
  58  S1462            0.00%    passed     98.58%
  59  S1498           96.88%    passed     51.50%
  60  S_670            6.25%    passed     99.40%
  61  SRR11470320      0.00%    passed     97.91%
  62  SRR8528357       0.00%    passed     98.18%
WARNING: 4 sequences contain more than 50% gaps/ambiguity
****  TOTAL            7.73%  0 sequences failed composition chi2 test (p-value<5%; df=3)
NOTE: S0643 is identical to S0282 but kept for subsequent analysis
NOTE: S0765 is identical to S0412sl but kept for subsequent analysis
Checking for duplicate sequences: done in 0.0267119 secs using 1074% CPU
Identifying sites to remove: done in 0.000241041 secs using 1795% CPU
NOTE: 4 identical sequences (see below) will be ignored for subsequent analysis
NOTE: S1227 (identical to S0282) is ignored but added at the end
NOTE: S1278 (identical to S0282) is ignored but added at the end
NOTE: S1381 (identical to S0412sl) is ignored but added at the end
NOTE: S1498 (identical to S0412sl) is ignored but added at the end
Alignment was printed to 7024_iqtree_preliminary_superstrict_excluding_hybrids.uniqueseq.phy

For your convenience alignment with unique sequences printed to 7024_iqtree_preliminary_superstrict_excluding_hybrids.uniqueseq.phy

Create initial parsimony tree by phylogenetic likelihood library (PLL)... 0.004 seconds

NOTE: 0 MB RAM (0 GB) is required!
Measuring multi-threading efficiency up to 56 CPU cores
Increase to 10 rounds for branch lengths
2411 trees examined
Threads: 1 / Time: 56.001 sec / Speedup: 1.000 / Efficiency: 100% / LogL: -1716
Threads: 2 / Time: 108.726 sec / Speedup: 0.515 / Efficiency: 26% / LogL: -1716
Determining AUTO threadcount: done in 164.727 secs using 133.7% CPU
BEST NUMBER OF THREADS: 1

Estimate model parameters (epsilon = 0.100)
1. Initial log-likelihood: -1101.589
2. Current log-likelihood: -1050.739
3. Current log-likelihood: -1049.218
4. Current log-likelihood: -1049.088
Optimal log-likelihood: -1049.034
Rate parameters:  A-C: 1.92512  A-G: 4.03732  A-T: 0.69175  C-G: 0.90943  C-T: 4.86572  G-T: 1.00000
Base frequencies:  A: 0.341  C: 0.179  G: 0.241  T: 0.239
Site proportion and rates:  (0.400,0.126) (0.177,0.279) (0.143,1.404) (0.281,2.493)
Parameters optimization took 4 rounds (0.203 sec)
Wrote distance file to... 
Computing ML distances based on estimated model parameters...
Calculating distance matrix: done in 0.031899 secs using 99.25% CPU
Computing ML distances took 0.032084 sec (of wall-clock time) 0.031766 sec (of CPU time)
Setting up auxiliary I and S matrices: done in 0.000396967 secs
Constructing RapidNJ tree: done in 0.000884056 secs
Computing RapidNJ tree took 0.001379 sec (of wall-clock time) 0.000000 sec (of CPU time)
Log-likelihood of RapidNJ tree: -1058.535
--------------------------------------------------------------------
|             INITIALIZING CANDIDATE TREE SET                      |
--------------------------------------------------------------------
Generating 98 parsimony trees... 0.429 second
Computing log-likelihood of 98 initial trees ... 0.362 seconds
Current best score: -1045.049

Do NNI search on 20 best initial trees
Optimizing NNI: done in 0.083663 secs using 100% CPU
Estimate model parameters (epsilon = 0.100)
BETTER TREE FOUND at iteration 1: -1036.235
Optimizing NNI: done in 0.0860322 secs using 100% CPU
Optimizing NNI: done in 0.145824 secs using 100% CPU
Optimizing NNI: done in 0.110889 secs using 100% CPU
Optimizing NNI: done in 0.0799749 secs using 99.98% CPU
Optimizing NNI: done in 0.0568569 secs using 100% CPU
Optimizing NNI: done in 0.0837471 secs using 100% CPU
Optimizing NNI: done in 0.080328 secs using 100% CPU
Optimizing NNI: done in 0.0768921 secs using 100% CPU
Optimizing NNI: done in 0.0493569 secs using 100% CPU
Iteration 10 / LogL: -1039.734 / Time: 0h:2m:46s
Optimizing NNI: done in 0.0707681 secs using 100% CPU
Optimizing NNI: done in 0.085557 secs using 100% CPU
Optimizing NNI: done in 0.10593 secs using 100% CPU
Optimizing NNI: done in 0.0915711 secs using 100% CPU
Optimizing NNI: done in 0.084981 secs using 100% CPU
Optimizing NNI: done in 0.0859699 secs using 100% CPU
Optimizing NNI: done in 0.105083 secs using 100% CPU
Optimizing NNI: done in 0.093554 secs using 99.98% CPU
Optimizing NNI: done in 0.0904729 secs using 100% CPU
Optimizing NNI: done in 0.107421 secs using 100% CPU
Iteration 20 / LogL: -1038.353 / Time: 0h:2m:47s
Finish initializing candidate tree set (20)
Current best tree score: -1036.235 / CPU time: 2.690
Number of iterations: 20
--------------------------------------------------------------------
|               OPTIMIZING CANDIDATE TREE SET                      |
--------------------------------------------------------------------
Optimizing NNI: done in 0.0634701 secs using 100% CPU
Optimizing NNI: done in 0.117512 secs using 100% CPU
Optimizing NNI: done in 0.0683839 secs using 100% CPU
Optimizing NNI: done in 0.078814 secs using 100% CPU
Optimizing NNI: done in 0.0565681 secs using 100% CPU
Optimizing NNI: done in 0.0912731 secs using 82.47% CPU
Optimizing NNI: done in 0.062911 secs using 100% CPU
Optimizing NNI: done in 0.101413 secs using 100% CPU
Optimizing NNI: done in 0.102688 secs using 99.96% CPU
Estimate model parameters (epsilon = 0.100)
BETTER TREE FOUND at iteration 29: -1035.887
Optimizing NNI: done in 0.0724709 secs using 100% CPU
Iteration 30 / LogL: -1036.270 / Time: 0h:2m:48s (0h:9m:35s left)
Optimizing NNI: done in 0.0992298 secs using 100% CPU
Estimate model parameters (epsilon = 0.100)
BETTER TREE FOUND at iteration 31: -1035.509
Optimizing NNI: done in 0.0694799 secs using 99.93% CPU
Optimizing NNI: done in 0.083533 secs using 100% CPU
Optimizing NNI: done in 0.0622132 secs using 93.9% CPU
Optimizing NNI: done in 0.0795159 secs using 99.99% CPU
Optimizing NNI: done in 0.0914981 secs using 100% CPU
Optimizing NNI: done in 0.0794091 secs using 100% CPU
Optimizing NNI: done in 0.0765071 secs using 100% CPU
Optimizing NNI: done in 0.070538 secs using 99.97% CPU
Optimizing NNI: done in 0.102201 secs using 100% CPU
Iteration 40 / LogL: -1036.162 / Time: 0h:2m:49s (0h:6m:35s left)
Optimizing NNI: done in 0.0597072 secs using 100% CPU
Optimizing NNI: done in 0.090667 secs using 100% CPU
Optimizing NNI: done in 0.0823741 secs using 100% CPU
Optimizing NNI: done in 0.100187 secs using 99.99% CPU
Optimizing NNI: done in 0.073854 secs using 100% CPU
BETTER TREE FOUND at iteration 45: -1035.509
Optimizing NNI: done in 0.103669 secs using 84.56% CPU
Optimizing NNI: done in 0.145478 secs using 100% CPU
Optimizing NNI: done in 0.0726261 secs using 100% CPU
Optimizing NNI: done in 0.0600872 secs using 100% CPU
BETTER TREE FOUND at iteration 49: -1035.508
Optimizing NNI: done in 0.05075 secs using 100% CPU
Iteration 50 / LogL: -1035.886 / Time: 0h:2m:50s (0h:5m:44s left)
Optimizing NNI: done in 0.091429 secs using 99.98% CPU
Optimizing NNI: done in 0.110852 secs using 92.86% CPU
Optimizing NNI: done in 0.077106 secs using 99.99% CPU
Optimizing NNI: done in 0.0678759 secs using 100% CPU
Optimizing NNI: done in 0.0774078 secs using 100% CPU
Optimizing NNI: done in 0.10007 secs using 100% CPU
Optimizing NNI: done in 0.109652 secs using 100% CPU
Optimizing NNI: done in 0.116834 secs using 100% CPU
Optimizing NNI: done in 0.074446 secs using 94.67% CPU
Optimizing NNI: done in 0.085489 secs using 100% CPU
Iteration 60 / LogL: -1042.585 / Time: 0h:2m:51s (0h:4m:18s left)
Optimizing NNI: done in 0.0957031 secs using 99.96% CPU
Optimizing NNI: done in 0.082114 secs using 100% CPU
Optimizing NNI: done in 0.048167 secs using 99.92% CPU
Optimizing NNI: done in 0.0839181 secs using 100% CPU
Optimizing NNI: done in 0.0625539 secs using 100% CPU
Optimizing NNI: done in 0.0882421 secs using 100% CPU
Optimizing NNI: done in 0.0632331 secs using 100% CPU
Optimizing NNI: done in 0.074101 secs using 100% CPU
Optimizing NNI: done in 0.0867219 secs using 100% CPU
Optimizing NNI: done in 0.111877 secs using 100% CPU
Iteration 70 / LogL: -1035.514 / Time: 0h:2m:52s (0h:3m:17s left)
Optimizing NNI: done in 0.0908921 secs using 100% CPU
Optimizing NNI: done in 0.093183 secs using 100% CPU
Optimizing NNI: done in 0.0553989 secs using 100% CPU
Optimizing NNI: done in 0.0603311 secs using 99.97% CPU
Optimizing NNI: done in 0.0639551 secs using 100% CPU
Optimizing NNI: done in 0.064101 secs using 100% CPU
Optimizing NNI: done in 0.100278 secs using 68.09% CPU
Optimizing NNI: done in 0.123656 secs using 87.06% CPU
Optimizing NNI: done in 0.112097 secs using 71.45% CPU
Optimizing NNI: done in 0.0931919 secs using 93.14% CPU
Iteration 80 / LogL: -1035.986 / Time: 0h:2m:53s (0h:2m:31s left)
Optimizing NNI: done in 0.101273 secs using 100% CPU
Optimizing NNI: done in 0.093966 secs using 100% CPU
Optimizing NNI: done in 0.0637231 secs using 100% CPU
Optimizing NNI: done in 0.0733268 secs using 100% CPU
Optimizing NNI: done in 0.101842 secs using 99.98% CPU
Optimizing NNI: done in 0.118625 secs using 66.3% CPU
Optimizing NNI: done in 0.144351 secs using 49.92% CPU
Optimizing NNI: done in 0.162658 secs using 55.67% CPU
Optimizing NNI: done in 0.0646319 secs using 99.99% CPU
Optimizing NNI: done in 0.072423 secs using 100% CPU
Iteration 90 / LogL: -1035.804 / Time: 0h:2m:54s (0h:1m:55s left)
Optimizing NNI: done in 0.0658588 secs using 100% CPU
Optimizing NNI: done in 0.0871611 secs using 100% CPU
Optimizing NNI: done in 0.076108 secs using 100% CPU
Optimizing NNI: done in 0.061914 secs using 100% CPU
Optimizing NNI: done in 0.083878 secs using 85.68% CPU
Optimizing NNI: done in 0.136275 secs using 51.67% CPU
Optimizing NNI: done in 0.0861208 secs using 100% CPU
Optimizing NNI: done in 0.125767 secs using 55.78% CPU
Optimizing NNI: done in 0.181891 secs using 53.82% CPU
Optimizing NNI: done in 0.164723 secs using 78.14% CPU
Iteration 100 / LogL: -1035.514 / Time: 0h:2m:55s (0h:1m:26s left)
Optimizing NNI: done in 0.160904 secs using 52.61% CPU
Optimizing NNI: done in 0.159138 secs using 73.7% CPU
Optimizing NNI: done in 0.118508 secs using 100% CPU
Optimizing NNI: done in 0.0651932 secs using 100% CPU
Optimizing NNI: done in 0.0616269 secs using 100% CPU
Optimizing NNI: done in 0.077575 secs using 100% CPU
Optimizing NNI: done in 0.0929861 secs using 100% CPU
Optimizing NNI: done in 0.066494 secs using 96.07% CPU
Optimizing NNI: done in 0.0661578 secs using 100% CPU
Optimizing NNI: done in 0.074569 secs using 100% CPU
Iteration 110 / LogL: -1035.514 / Time: 0h:2m:56s (0h:1m:3s left)
Optimizing NNI: done in 0.082613 secs using 97.33% CPU
Optimizing NNI: done in 0.092263 secs using 82.66% CPU
Optimizing NNI: done in 0.083549 secs using 100% CPU
Optimizing NNI: done in 0.0556669 secs using 100% CPU
Optimizing NNI: done in 0.0634301 secs using 98.69% CPU
Optimizing NNI: done in 0.0749929 secs using 99.98% CPU
Optimizing NNI: done in 0.048136 secs using 100% CPU
Optimizing NNI: done in 0.0974779 secs using 100% CPU
Optimizing NNI: done in 0.054564 secs using 100% CPU
Optimizing NNI: done in 0.0609601 secs using 100% CPU
Iteration 120 / LogL: -1035.509 / Time: 0h:2m:56s (0h:0m:43s left)
Optimizing NNI: done in 0.0806699 secs using 100% CPU
Optimizing NNI: done in 0.0798111 secs using 100% CPU
Optimizing NNI: done in 0.165378 secs using 87.6% CPU
Estimate model parameters (epsilon = 0.100)
BETTER TREE FOUND at iteration 123: -1032.708
Optimizing NNI: done in 0.122069 secs using 99.97% CPU
Optimizing NNI: done in 0.085242 secs using 100% CPU
Optimizing NNI: done in 0.0774281 secs using 100% CPU
Optimizing NNI: done in 0.0704451 secs using 100% CPU
Optimizing NNI: done in 0.0674419 secs using 100% CPU
Optimizing NNI: done in 0.11358 secs using 100% CPU
Optimizing NNI: done in 0.0848901 secs using 95.46% CPU
Iteration 130 / LogL: -1034.159 / Time: 0h:2m:58s (0h:2m:8s left)
Optimizing NNI: done in 0.0744851 secs using 100% CPU
Optimizing NNI: done in 0.106045 secs using 100% CPU
Optimizing NNI: done in 0.083185 secs using 100% CPU
Optimizing NNI: done in 0.0556629 secs using 99.95% CPU
BETTER TREE FOUND at iteration 134: -1032.707
Optimizing NNI: done in 0.0870621 secs using 99.82% CPU
Optimizing NNI: done in 0.0603271 secs using 99.98% CPU
Optimizing NNI: done in 0.09096 secs using 100% CPU
Optimizing NNI: done in 0.0790632 secs using 100% CPU
Optimizing NNI: done in 0.0943921 secs using 87.29% CPU
Optimizing NNI: done in 0.12792 secs using 56.25% CPU
Iteration 140 / LogL: -1034.900 / Time: 0h:2m:59s (0h:2m:1s left)
Optimizing NNI: done in 0.060946 secs using 93.71% CPU
Optimizing NNI: done in 0.0690029 secs using 100% CPU
Optimizing NNI: done in 0.0815432 secs using 100% CPU
Optimizing NNI: done in 0.0810881 secs using 100% CPU
Optimizing NNI: done in 0.0895638 secs using 100% CPU
Optimizing NNI: done in 0.080682 secs using 100% CPU
Optimizing NNI: done in 0.0714471 secs using 100% CPU
Optimizing NNI: done in 0.0587051 secs using 100% CPU
Optimizing NNI: done in 0.0688288 secs using 100% CPU
Optimizing NNI: done in 0.0717931 secs using 100% CPU
Iteration 150 / LogL: -1034.330 / Time: 0h:2m:59s (0h:1m:41s left)
Optimizing NNI: done in 0.081722 secs using 100% CPU
Optimizing NNI: done in 0.0472682 secs using 100% CPU
Optimizing NNI: done in 0.0887489 secs using 100% CPU
Optimizing NNI: done in 0.113434 secs using 96.55% CPU
Optimizing NNI: done in 0.0723538 secs using 100% CPU
Optimizing NNI: done in 0.0608101 secs using 100% CPU
Optimizing NNI: done in 0.0998731 secs using 100% CPU
Optimizing NNI: done in 0.07986 secs using 100% CPU
Optimizing NNI: done in 0.095644 secs using 100% CPU
Optimizing NNI: done in 0.108869 secs using 100% CPU
Iteration 160 / LogL: -1032.707 / Time: 0h:3m:0s (0h:1m:24s left)
Optimizing NNI: done in 0.068469 secs using 100% CPU
Optimizing NNI: done in 0.0502658 secs using 100% CPU
Optimizing NNI: done in 0.0825119 secs using 100% CPU
Optimizing NNI: done in 0.144693 secs using 100% CPU
Optimizing NNI: done in 0.0855041 secs using 99.99% CPU
Optimizing NNI: done in 0.0930569 secs using 100% CPU
Optimizing NNI: done in 0.053458 secs using 100% CPU
Optimizing NNI: done in 0.101166 secs using 100% CPU
Optimizing NNI: done in 0.066726 secs using 100% CPU
Optimizing NNI: done in 0.130826 secs using 97.01% CPU
Iteration 170 / LogL: -1033.119 / Time: 0h:3m:1s (0h:1m:8s left)
Optimizing NNI: done in 0.072026 secs using 99.97% CPU
Optimizing NNI: done in 0.08939 secs using 100% CPU
Optimizing NNI: done in 0.082793 secs using 99.94% CPU
Optimizing NNI: done in 0.0820608 secs using 99.99% CPU
Optimizing NNI: done in 0.0888269 secs using 100% CPU
Optimizing NNI: done in 0.0792611 secs using 100% CPU
Optimizing NNI: done in 0.071595 secs using 100% CPU
Optimizing NNI: done in 0.107371 secs using 100% CPU
Optimizing NNI: done in 0.0839331 secs using 100% CPU
Optimizing NNI: done in 0.071161 secs using 100% CPU
Iteration 180 / LogL: -1032.707 / Time: 0h:3m:2s (0h:0m:55s left)
Optimizing NNI: done in 0.0978079 secs using 100% CPU
Optimizing NNI: done in 0.073916 secs using 100% CPU
Optimizing NNI: done in 0.071059 secs using 100% CPU
Optimizing NNI: done in 0.0611231 secs using 100% CPU
Optimizing NNI: done in 0.0700541 secs using 100% CPU
Optimizing NNI: done in 0.085192 secs using 100% CPU
Optimizing NNI: done in 0.116369 secs using 100% CPU
Optimizing NNI: done in 0.0783169 secs using 100% CPU
Optimizing NNI: done in 0.143095 secs using 56.69% CPU
Optimizing NNI: done in 0.0930362 secs using 100% CPU
Iteration 190 / LogL: -1032.707 / Time: 0h:3m:3s (0h:0m:42s left)
Optimizing NNI: done in 0.074898 secs using 99.99% CPU
Optimizing NNI: done in 0.056756 secs using 93.19% CPU
Optimizing NNI: done in 0.045038 secs using 100% CPU
Optimizing NNI: done in 0.069442 secs using 100% CPU
Optimizing NNI: done in 0.0791941 secs using 99.99% CPU
Optimizing NNI: done in 0.082233 secs using 100% CPU
Optimizing NNI: done in 0.0948241 secs using 99.93% CPU
Optimizing NNI: done in 0.073595 secs using 100% CPU
Optimizing NNI: done in 0.0996602 secs using 100% CPU
Optimizing NNI: done in 0.068059 secs using 100% CPU
Iteration 200 / LogL: -1032.707 / Time: 0h:3m:4s (0h:0m:31s left)
Optimizing NNI: done in 0.110085 secs using 100% CPU
Optimizing NNI: done in 0.077081 secs using 100% CPU
Optimizing NNI: done in 0.107197 secs using 88.76% CPU
Optimizing NNI: done in 0.102299 secs using 99.98% CPU
Optimizing NNI: done in 0.0831931 secs using 100% CPU
Optimizing NNI: done in 0.0910261 secs using 99.97% CPU
Optimizing NNI: done in 0.059381 secs using 99.96% CPU
Optimizing NNI: done in 0.0939279 secs using 99.97% CPU
Optimizing NNI: done in 0.0894001 secs using 99.97% CPU
Optimizing NNI: done in 0.0604551 secs using 99.78% CPU
Iteration 210 / LogL: -1032.707 / Time: 0h:3m:5s (0h:0m:21s left)
Optimizing NNI: done in 0.0691481 secs using 99.94% CPU
Optimizing NNI: done in 0.0618532 secs using 93.61% CPU
Optimizing NNI: done in 0.0817711 secs using 100% CPU
Optimizing NNI: done in 0.109072 secs using 81.61% CPU
Optimizing NNI: done in 0.059577 secs using 100% CPU
Optimizing NNI: done in 0.0602839 secs using 100% CPU
Optimizing NNI: done in 0.08092 secs using 100% CPU
Optimizing NNI: done in 0.0827789 secs using 100% CPU
Optimizing NNI: done in 0.083725 secs using 95.28% CPU
Optimizing NNI: done in 0.0670528 secs using 99.99% CPU
Iteration 220 / LogL: -1032.992 / Time: 0h:3m:5s (0h:0m:11s left)
Optimizing NNI: done in 0.0795979 secs using 100% CPU
Optimizing NNI: done in 0.090127 secs using 100% CPU
Optimizing NNI: done in 0.0773389 secs using 100% CPU
Optimizing NNI: done in 0.0817008 secs using 100% CPU
Optimizing NNI: done in 0.093785 secs using 100% CPU
Optimizing NNI: done in 0.0680919 secs using 99.9% CPU
Optimizing NNI: done in 0.108322 secs using 100% CPU
Optimizing NNI: done in 0.0864141 secs using 100% CPU
Optimizing NNI: done in 0.068316 secs using 99.95% CPU
Optimizing NNI: done in 0.080229 secs using 100% CPU
Iteration 230 / LogL: -1033.119 / Time: 0h:3m:6s (0h:0m:3s left)
Optimizing NNI: done in 0.079617 secs using 100% CPU
Optimizing NNI: done in 0.0734401 secs using 100% CPU
Optimizing NNI: done in 0.0938129 secs using 100% CPU
Optimizing NNI: done in 0.0911548 secs using 100% CPU
Optimizing NNI: done in 0.0762589 secs using 100% CPU
TREE SEARCH COMPLETED AFTER 235 ITERATIONS / Time: 0h:3m:7s

--------------------------------------------------------------------
|                    FINALIZING TREE SEARCH                        |
--------------------------------------------------------------------
Performs final model parameters optimization
Estimate model parameters (epsilon = 0.010)
1. Initial log-likelihood: -1032.707
2. Current log-likelihood: -1032.687
Optimal log-likelihood: -1032.677
Rate parameters:  A-C: 2.69250  A-G: 5.02985  A-T: 0.95698  C-G: 0.86014  C-T: 6.74800  G-T: 1.00000
Base frequencies:  A: 0.341  C: 0.179  G: 0.241  T: 0.239
Site proportion and rates:  (0.502,0.140) (0.108,0.305) (0.348,1.838) (0.042,6.120)
Parameters optimization took 2 rounds (0.124 sec)
BEST SCORE FOUND : -1032.677
Total tree length: 2.664

Total number of iterations: 235
CPU time used for tree search: 21.310 sec (0h:0m:21s)
Wall-clock time used for tree search: 22.153 sec (0h:0m:22s)
Total CPU time used: 243.077 sec (0h:4m:3s)
Total wall-clock time used: 187.349 sec (0h:3m:7s)

Analysis results written to: 
  IQ-TREE report:                7024_iqtree_preliminary_superstrict_excluding_hybrids.iqtree
  Maximum-likelihood tree:       7024_iqtree_preliminary_superstrict_excluding_hybrids.treefile
  Likelihood distances:          7024_iqtree_preliminary_superstrict_excluding_hybrids.mldist
  Screen log file:               7024_iqtree_preliminary_superstrict_excluding_hybrids.log

ALISIM COMMAND
--------------
--alisim simulated_MSA -t 7024_iqtree_preliminary_superstrict_excluding_hybrids.treefile -m "GTR{2.6925,5.02985,0.956975,0.86014,6.748}+F{0.340876,0.178802,0.241344,0.238978}+R4{0.502266,0.140452,0.107512,0.304655,0.348322,1.83812,0.0418998,6.12041}" --length 96

Date and Time: Fri Jun  2 08:26:34 2023
