IQ-TREE multicore version 2.2.2 COVID-edition for Linux 64-bit built Sep 20 2022
Developed by Bui Quang Minh, James Barbetti, Nguyen Lam Tung,
Olga Chernomor, Heiko Schmidt, Dominik Schrempf, Michael Woodhams, Ly Trong Nhan.

Host:    netdc-bms-c11f (AVX2, FMA3, 377 GB RAM)
Command: /home/kasper.hendriks/iqtree-2.2.2-Linux/bin/iqtree2 -s 7135_taper_preliminary_superstrict_excluding_hybrids.fasta -nm 1000 -m GTR+F+R -nt AUTO --prefix 7135_iqtree_preliminary_superstrict_excluding_hybrids
Seed:    529666 (Using SPRNG - Scalable Parallel Random Number Generator)
Time:    Fri Jun  2 08:24:08 2023
Kernel:  AVX+FMA - auto-detect threads (56 CPU cores detected)

Reading alignment file 7135_taper_preliminary_superstrict_excluding_hybrids.fasta ... Fasta format detected
Reading fasta file: done in 0.00101614 secs using 99.79% CPU
Alignment most likely contains DNA/RNA sequences
Constructing alignment: done in 0.00260282 secs using 1894% CPU
Alignment has 109 sequences with 368 columns, 321 distinct patterns
210 parsimony-informative, 64 singleton sites, 94 constant sites
               Gap/Ambiguity  Composition  p-value
Analyzing sequences: done in 0.011929 secs using 1642% CPU
   1  CRNC            36.68%    passed     49.01%
   2  HYZL            39.95%    passed     43.12%
   3  SRR6441723       0.00%    passed     98.21%
   4  ERR4210213      88.32%    passed     50.65%
   5  ERR2789774      37.50%    passed     64.84%
   6  PAFTOL_019361    0.27%    passed     24.10%
   7  S0055            0.27%    passed     82.08%
   8  S0196sl          3.80%    passed     52.28%
   9  S0278            0.00%    passed     98.10%
  10  S0281           17.39%    passed     68.37%
  11  S0282            0.00%    passed     95.15%
  12  S0289            0.54%    passed     98.61%
  13  S0292            0.82%    passed     66.28%
  14  S0293           10.60%    passed     92.17%
  15  S0294            1.63%    passed     79.91%
  16  S0299           26.90%    passed     81.70%
  17  S0308            0.54%    passed     85.08%
  18  S0320            0.00%    passed     94.39%
  19  S0322           30.71%    passed     43.82%
  20  S0327           11.41%    passed     89.04%
  21  S0335            0.82%    passed     92.28%
  22  S0376            0.54%    passed     92.05%
  23  S0400            0.82%    passed     56.51%
  24  S0405            0.27%    passed     93.70%
  25  S0407sl         17.12%    passed     98.41%
  26  S0412sl          1.09%    passed     81.31%
  27  S0417            0.00%    passed     98.58%
  28  S0419            3.26%    passed     87.51%
  29  S0427            0.27%    passed     90.98%
  30  S0430           14.67%    passed     70.75%
  31  S0478            0.00%    passed     89.23%
  32  S0552sl          1.63%    passed     82.62%
  33  S0558            0.27%    passed     91.32%
  34  S0620           33.70%    passed     55.24%
  35  S0624            0.00%    passed     91.80%
  36  S0641            0.00%    passed     88.95%
  37  S0643            1.36%    passed     97.16%
  38  S0645sl         13.04%    passed     89.85%
  39  S0656sl          0.27%    passed     78.88%
  40  S0673            0.00%    passed     97.08%
  41  S0690            0.27%    passed     95.96%
  42  S0720            0.00%    passed     89.92%
  43  S0724sl          1.63%    passed     96.01%
  44  S0735            0.00%    passed     68.34%
  45  S0742            0.27%    passed     72.11%
  46  S0748            0.27%    passed     97.72%
  47  S0753           19.84%    passed     91.55%
  48  S0756            0.00%    passed     99.16%
  49  S0760            2.99%    passed     93.71%
  50  S0763            0.00%    passed     95.05%
  51  S0765            1.63%    passed     84.18%
  52  S0770            2.99%    passed     94.50%
  53  S0771           12.50%    passed     88.41%
  54  S0795            0.00%    passed     89.74%
  55  S0827           10.33%    passed     90.12%
  56  S0888            2.17%    passed     98.67%
  57  S0894            1.09%    passed     92.94%
  58  S0899            1.36%    passed     88.33%
  59  S0906            0.00%    passed     98.02%
  60  S0952            1.90%    passed     98.62%
  61  S0956            0.27%    passed     99.57%
  62  S0960            1.09%    passed     82.04%
  63  S0964            0.54%    passed     85.70%
  64  S1052sl         11.14%    passed     98.04%
  65  S1083            0.00%    passed     48.73%
  66  S1100            0.00%    passed     98.03%
  67  S1102            0.27%    passed     99.80%
  68  S1128            0.54%    passed     84.30%
  69  S1129sl          0.82%    passed     97.26%
  70  S1148            0.00%    passed     82.20%
  71  S1177            2.99%    passed     95.21%
  72  S1180            0.00%    passed     98.06%
  73  S1187sl         61.96%    passed     54.95%
  74  S1189            0.27%    passed     95.25%
  75  S1201sl          0.27%    passed     94.42%
  76  S1210            0.00%    passed     88.58%
  77  S1211            0.27%    passed     98.81%
  78  S1214sl          0.27%    passed     78.50%
  79  S1223            0.00%    passed     99.69%
  80  S1227            0.00%    passed     98.07%
  81  S1235sl          0.00%    passed     71.59%
  82  S1239            0.00%    passed     91.05%
  83  S1245            1.63%    passed     95.87%
  84  S1246            0.27%    passed     90.55%
  85  S1249           13.59%    passed     35.68%
  86  S1250sl          0.54%    passed     93.62%
  87  S1251            0.00%    passed     93.31%
  88  S1260           14.67%    passed     85.59%
  89  S1266sl          0.27%    passed     98.70%
  90  S1269            0.00%    passed     92.71%
  91  S1278            0.00%    passed     94.06%
  92  S1315            0.27%    passed     95.46%
  93  S1332            0.00%    passed     93.49%
  94  S1366            0.27%    passed     62.12%
  95  S1369            0.00%    passed     99.34%
  96  S1370            1.63%    passed     99.83%
  97  S1375            2.45%    passed     57.02%
  98  S1376            0.00%    passed     82.07%
  99  S1381            0.54%    passed     95.47%
 100  S1422            5.16%    passed     74.80%
 101  S1449            0.54%    passed     71.24%
 102  S1451            0.00%    passed     99.88%
 103  S1460            0.54%    passed     92.97%
 104  S1462            2.99%    passed     94.79%
 105  S1475           14.67%    passed     80.78%
 106  S1498            7.07%    passed     40.06%
 107  S1539            0.27%    passed     98.41%
 108  S_670            0.54%    passed     95.66%
 109  SRR8528357       0.00%    passed     87.10%
WARNING: 2 sequences contain more than 50% gaps/ambiguity
****  TOTAL            5.54%  0 sequences failed composition chi2 test (p-value<5%; df=3)
Checking for duplicate sequences: done in 0.00465202 secs using 1685% CPU

Create initial parsimony tree by phylogenetic likelihood library (PLL)... 0.032 seconds

NOTE: 4 MB RAM (0 GB) is required!
Measuring multi-threading efficiency up to 56 CPU cores
Increase to 10 rounds for branch lengths
285 trees examined
Threads: 1 / Time: 56.139 sec / Speedup: 1.000 / Efficiency: 100% / LogL: -11296
Threads: 2 / Time: 51.681 sec / Speedup: 1.086 / Efficiency: 54% / LogL: -11296
Threads: 3 / Time: 48.361 sec / Speedup: 1.161 / Efficiency: 39% / LogL: -11296
Determining AUTO threadcount: done in 156.182 secs using 136.7% CPU
BEST NUMBER OF THREADS: 2

Estimate model parameters (epsilon = 0.100)
1. Initial log-likelihood: -7176.009
2. Current log-likelihood: -6989.200
3. Current log-likelihood: -6986.134
4. Current log-likelihood: -6985.573
5. Current log-likelihood: -6985.267
6. Current log-likelihood: -6984.999
7. Current log-likelihood: -6984.710
8. Current log-likelihood: -6984.375
9. Current log-likelihood: -6983.993
10. Current log-likelihood: -6983.574
11. Current log-likelihood: -6983.147
12. Current log-likelihood: -6982.748
13. Current log-likelihood: -6982.409
14. Current log-likelihood: -6982.142
15. Current log-likelihood: -6981.940
16. Current log-likelihood: -6981.790
17. Current log-likelihood: -6981.675
Optimal log-likelihood: -6981.564
Rate parameters:  A-C: 1.56301  A-G: 3.61160  A-T: 1.35724  C-G: 1.26778  C-T: 3.23364  G-T: 1.00000
Base frequencies:  A: 0.225  C: 0.208  G: 0.235  T: 0.332
Site proportion and rates:  (0.357,0.153) (0.403,0.754) (0.178,2.051) (0.062,4.450)
Parameters optimization took 17 rounds (2.177 sec)
Wrote distance file to... 
Computing ML distances based on estimated model parameters...
Calculating distance matrix: done in 0.04704 secs using 199.9% CPU
Computing ML distances took 0.047346 sec (of wall-clock time) 0.094567 sec (of CPU time)
Setting up auxiliary I and S matrices: done in 0.000505924 secs using 198.4% CPU
Constructing RapidNJ tree: done in 0.00261903 secs using 194.9% CPU
Computing RapidNJ tree took 0.003234 sec (of wall-clock time) 0.006614 sec (of CPU time)
Log-likelihood of RapidNJ tree: -7047.064
--------------------------------------------------------------------
|             INITIALIZING CANDIDATE TREE SET                      |
--------------------------------------------------------------------
Generating 98 parsimony trees... 1.807 second
Computing log-likelihood of 98 initial trees ... 1.578 seconds
Current best score: -6970.338

Do NNI search on 20 best initial trees
Optimizing NNI: done in 0.347739 secs using 149% CPU
Estimate model parameters (epsilon = 0.100)
BETTER TREE FOUND at iteration 1: -6960.461
Optimizing NNI: done in 0.222532 secs using 199.5% CPU
Optimizing NNI: done in 0.304793 secs using 176% CPU
Estimate model parameters (epsilon = 0.100)
BETTER TREE FOUND at iteration 3: -6958.743
Optimizing NNI: done in 0.159873 secs using 200% CPU
Optimizing NNI: done in 0.186338 secs using 200% CPU
Estimate model parameters (epsilon = 0.100)
BETTER TREE FOUND at iteration 5: -6955.029
Optimizing NNI: done in 0.286165 secs using 175.3% CPU
Optimizing NNI: done in 0.249468 secs using 195.6% CPU
Optimizing NNI: done in 0.309422 secs using 177.1% CPU
Optimizing NNI: done in 0.318041 secs using 165.3% CPU
Optimizing NNI: done in 0.425531 secs using 144.6% CPU
Iteration 10 / LogL: -6960.817 / Time: 0h:2m:45s
Optimizing NNI: done in 0.361809 secs using 163.4% CPU
Optimizing NNI: done in 0.260666 secs using 195.1% CPU
Optimizing NNI: done in 0.1783 secs using 200% CPU
Optimizing NNI: done in 0.278531 secs using 198.1% CPU
Optimizing NNI: done in 0.288513 secs using 199.4% CPU
Optimizing NNI: done in 0.239281 secs using 200.2% CPU
Optimizing NNI: done in 0.224777 secs using 193.1% CPU
Optimizing NNI: done in 0.372801 secs using 158.7% CPU
Optimizing NNI: done in 0.23349 secs using 187.4% CPU
Optimizing NNI: done in 0.190563 secs using 200% CPU
Iteration 20 / LogL: -6964.538 / Time: 0h:2m:48s
Finish initializing candidate tree set (20)
Current best tree score: -6955.029 / CPU time: 9.798
Number of iterations: 20
--------------------------------------------------------------------
|               OPTIMIZING CANDIDATE TREE SET                      |
--------------------------------------------------------------------
Optimizing NNI: done in 0.291503 secs using 199.4% CPU
Optimizing NNI: done in 0.282123 secs using 186.8% CPU
Optimizing NNI: done in 0.313314 secs using 198.6% CPU
Optimizing NNI: done in 0.233851 secs using 198.4% CPU
Optimizing NNI: done in 0.299747 secs using 188.6% CPU
Optimizing NNI: done in 0.42917 secs using 157.2% CPU
Optimizing NNI: done in 0.405336 secs using 178.9% CPU
Optimizing NNI: done in 0.291137 secs using 194.7% CPU
Optimizing NNI: done in 0.468369 secs using 161.4% CPU
Optimizing NNI: done in 0.268251 secs using 175.5% CPU
Iteration 30 / LogL: -6963.499 / Time: 0h:2m:51s (0h:7m:24s left)
Optimizing NNI: done in 0.316784 secs using 176.4% CPU
Optimizing NNI: done in 0.541131 secs using 141.9% CPU
Optimizing NNI: done in 0.378232 secs using 185.8% CPU
Optimizing NNI: done in 0.330806 secs using 193.8% CPU
Optimizing NNI: done in 0.311532 secs using 198.4% CPU
Optimizing NNI: done in 0.34762 secs using 186.9% CPU
Optimizing NNI: done in 0.291572 secs using 183.1% CPU
Optimizing NNI: done in 0.262332 secs using 200% CPU
Optimizing NNI: done in 0.248382 secs using 200% CPU
Optimizing NNI: done in 0.283476 secs using 200% CPU
Iteration 40 / LogL: -6955.121 / Time: 0h:2m:55s (0h:4m:51s left)
Optimizing NNI: done in 0.308918 secs using 200% CPU
Optimizing NNI: done in 0.299209 secs using 200% CPU
Optimizing NNI: done in 0.248725 secs using 197.6% CPU
Optimizing NNI: done in 0.291911 secs using 198.7% CPU
Optimizing NNI: done in 0.376988 secs using 158.6% CPU
Optimizing NNI: done in 0.484801 secs using 142.9% CPU
Optimizing NNI: done in 0.49065 secs using 166.1% CPU
Optimizing NNI: done in 0.352246 secs using 191.1% CPU
Optimizing NNI: done in 0.240941 secs using 199.9% CPU
BETTER TREE FOUND at iteration 49: -6955.023
Optimizing NNI: done in 0.357708 secs using 199.8% CPU
Iteration 50 / LogL: -6962.645 / Time: 0h:2m:58s (0h:6m:1s left)
Optimizing NNI: done in 0.233669 secs using 199.8% CPU
Optimizing NNI: done in 0.30834 secs using 199.6% CPU
Estimate model parameters (epsilon = 0.100)
BETTER TREE FOUND at iteration 52: -6953.965
Optimizing NNI: done in 0.51982 secs using 166.2% CPU
Optimizing NNI: done in 0.491792 secs using 163.5% CPU
Optimizing NNI: done in 0.419283 secs using 166.3% CPU
Optimizing NNI: done in 0.359473 secs using 163.8% CPU
Optimizing NNI: done in 0.405073 secs using 173.7% CPU
Optimizing NNI: done in 0.331175 secs using 179.6% CPU
Optimizing NNI: done in 0.447311 secs using 174.7% CPU
Optimizing NNI: done in 0.506682 secs using 178.7% CPU
Iteration 60 / LogL: -6954.162 / Time: 0h:3m:3s (0h:4m:45s left)
Optimizing NNI: done in 0.377865 secs using 198.8% CPU
Optimizing NNI: done in 0.263089 secs using 197% CPU
Optimizing NNI: done in 0.359705 secs using 200% CPU
Estimate model parameters (epsilon = 0.100)
BETTER TREE FOUND at iteration 63: -6953.868
Optimizing NNI: done in 0.363487 secs using 200.4% CPU
Optimizing NNI: done in 0.291492 secs using 200% CPU
Optimizing NNI: done in 0.287926 secs using 199.7% CPU
Optimizing NNI: done in 0.269959 secs using 198.8% CPU
Optimizing NNI: done in 0.225384 secs using 200% CPU
Optimizing NNI: done in 0.290626 secs using 199.9% CPU
Optimizing NNI: done in 0.296213 secs using 200% CPU
Iteration 70 / LogL: -6954.560 / Time: 0h:3m:6s (0h:4m:10s left)
Optimizing NNI: done in 0.307527 secs using 199.7% CPU
Optimizing NNI: done in 0.343984 secs using 198.8% CPU
Optimizing NNI: done in 0.413903 secs using 199.9% CPU
Optimizing NNI: done in 0.259734 secs using 199.6% CPU
Optimizing NNI: done in 0.362528 secs using 198.9% CPU
Optimizing NNI: done in 0.288275 secs using 197.3% CPU
Optimizing NNI: done in 0.255354 secs using 198.2% CPU
Optimizing NNI: done in 0.325585 secs using 201% CPU
Optimizing NNI: done in 0.374513 secs using 198.9% CPU
Optimizing NNI: done in 0.380663 secs using 200% CPU
Iteration 80 / LogL: -6954.437 / Time: 0h:3m:9s (0h:3m:19s left)
Optimizing NNI: done in 0.348774 secs using 199.9% CPU
Optimizing NNI: done in 0.308129 secs using 200% CPU
Optimizing NNI: done in 0.271605 secs using 198.2% CPU
Optimizing NNI: done in 0.323428 secs using 199.5% CPU
Optimizing NNI: done in 0.394496 secs using 198.8% CPU
Optimizing NNI: done in 0.298717 secs using 200% CPU
Optimizing NNI: done in 0.267423 secs using 198.6% CPU
Optimizing NNI: done in 0.301534 secs using 200% CPU
Optimizing NNI: done in 0.309299 secs using 197% CPU
Optimizing NNI: done in 0.281402 secs using 199.7% CPU
Iteration 90 / LogL: -6954.215 / Time: 0h:3m:12s (0h:2m:38s left)
Optimizing NNI: done in 0.332217 secs using 201.2% CPU
Optimizing NNI: done in 0.284439 secs using 200% CPU
Optimizing NNI: done in 0.294438 secs using 198.8% CPU
Optimizing NNI: done in 0.308278 secs using 198.7% CPU
Optimizing NNI: done in 0.29437 secs using 198.7% CPU
Optimizing NNI: done in 0.252613 secs using 200% CPU
Optimizing NNI: done in 0.376294 secs using 199% CPU
Optimizing NNI: done in 0.302888 secs using 199.6% CPU
Optimizing NNI: done in 0.358238 secs using 199.7% CPU
Optimizing NNI: done in 0.263312 secs using 199.2% CPU
Iteration 100 / LogL: -6954.671 / Time: 0h:3m:15s (0h:2m:4s left)
Optimizing NNI: done in 0.253042 secs using 200% CPU
Optimizing NNI: done in 0.263535 secs using 198.6% CPU
Optimizing NNI: done in 0.389794 secs using 200% CPU
Optimizing NNI: done in 0.309456 secs using 199.6% CPU
Optimizing NNI: done in 0.318173 secs using 200% CPU
Optimizing NNI: done in 0.28203 secs using 198.7% CPU
Estimate model parameters (epsilon = 0.100)
BETTER TREE FOUND at iteration 106: -6953.761
Optimizing NNI: done in 0.315184 secs using 200% CPU
Optimizing NNI: done in 0.303681 secs using 198.8% CPU
Optimizing NNI: done in 0.306577 secs using 200% CPU
Optimizing NNI: done in 0.316331 secs using 198.2% CPU
Iteration 110 / LogL: -6958.161 / Time: 0h:3m:19s (0h:2m:55s left)
Optimizing NNI: done in 0.293621 secs using 200% CPU
Optimizing NNI: done in 0.225758 secs using 200% CPU
BETTER TREE FOUND at iteration 112: -6953.753
Optimizing NNI: done in 0.317871 secs using 200% CPU
Optimizing NNI: done in 0.281587 secs using 200% CPU
Optimizing NNI: done in 0.288478 secs using 199.7% CPU
Optimizing NNI: done in 0.34241 secs using 200% CPU
Optimizing NNI: done in 0.23936 secs using 195.9% CPU
Optimizing NNI: done in 0.223327 secs using 200.1% CPU
Optimizing NNI: done in 0.34518 secs using 199.2% CPU
Optimizing NNI: done in 0.342158 secs using 198.9% CPU
Iteration 120 / LogL: -6958.818 / Time: 0h:3m:22s (0h:2m:36s left)
Optimizing NNI: done in 0.326166 secs using 198.5% CPU
Optimizing NNI: done in 0.277606 secs using 198.6% CPU
Optimizing NNI: done in 0.297416 secs using 200% CPU
Optimizing NNI: done in 0.358992 secs using 198.9% CPU
Optimizing NNI: done in 0.286787 secs using 200.9% CPU
Optimizing NNI: done in 0.335582 secs using 200% CPU
Optimizing NNI: done in 0.352069 secs using 199.6% CPU
Optimizing NNI: done in 0.289306 secs using 198.7% CPU
Optimizing NNI: done in 0.297729 secs using 198.7% CPU
Optimizing NNI: done in 0.291315 secs using 200% CPU
Iteration 130 / LogL: -6956.628 / Time: 0h:3m:25s (0h:2m:10s left)
Optimizing NNI: done in 0.281726 secs using 199.2% CPU
Optimizing NNI: done in 0.154151 secs using 201.2% CPU
Optimizing NNI: done in 0.223899 secs using 199.6% CPU
Optimizing NNI: done in 0.182518 secs using 198.1% CPU
Optimizing NNI: done in 0.227008 secs using 198.9% CPU
Optimizing NNI: done in 0.211239 secs using 199.1% CPU
Optimizing NNI: done in 0.206453 secs using 200% CPU
Optimizing NNI: done in 0.310307 secs using 200% CPU
Optimizing NNI: done in 0.364773 secs using 199.9% CPU
Optimizing NNI: done in 0.260387 secs using 198.9% CPU
Iteration 140 / LogL: -6957.770 / Time: 0h:3m:27s (0h:1m:47s left)
Optimizing NNI: done in 0.264752 secs using 198.5% CPU
Optimizing NNI: done in 0.210063 secs using 199.7% CPU
Optimizing NNI: done in 0.208721 secs using 198.7% CPU
Optimizing NNI: done in 0.204212 secs using 198.3% CPU
Optimizing NNI: done in 0.13842 secs using 198.2% CPU
Optimizing NNI: done in 0.220952 secs using 200% CPU
Optimizing NNI: done in 0.279406 secs using 198.8% CPU
Optimizing NNI: done in 0.276296 secs using 200% CPU
Optimizing NNI: done in 0.333273 secs using 199.3% CPU
Optimizing NNI: done in 0.36607 secs using 199.4% CPU
Iteration 150 / LogL: -6956.794 / Time: 0h:3m:30s (0h:1m:27s left)
Optimizing NNI: done in 0.316619 secs using 200% CPU
Optimizing NNI: done in 0.306435 secs using 200% CPU
Optimizing NNI: done in 0.381051 secs using 199.8% CPU
Optimizing NNI: done in 0.272422 secs using 197.3% CPU
Optimizing NNI: done in 0.331835 secs using 198.9% CPU
Optimizing NNI: done in 0.306017 secs using 200.7% CPU
Optimizing NNI: done in 0.358547 secs using 198.7% CPU
Optimizing NNI: done in 0.349078 secs using 199.6% CPU
Optimizing NNI: done in 0.286828 secs using 200% CPU
Optimizing NNI: done in 0.330699 secs using 200% CPU
Iteration 160 / LogL: -6955.469 / Time: 0h:3m:33s (0h:1m:9s left)
Optimizing NNI: done in 0.231772 secs using 200% CPU
Optimizing NNI: done in 0.388506 secs using 200% CPU
Optimizing NNI: done in 0.262228 secs using 200% CPU
Optimizing NNI: done in 0.34563 secs using 200% CPU
Optimizing NNI: done in 0.287546 secs using 200% CPU
Optimizing NNI: done in 0.301776 secs using 200% CPU
Optimizing NNI: done in 0.29991 secs using 198.8% CPU
Optimizing NNI: done in 0.265034 secs using 199.4% CPU
Optimizing NNI: done in 0.318041 secs using 199.7% CPU
Optimizing NNI: done in 0.289811 secs using 199.2% CPU
Iteration 170 / LogL: -6959.044 / Time: 0h:3m:36s (0h:0m:53s left)
Optimizing NNI: done in 0.276758 secs using 200% CPU
Optimizing NNI: done in 0.282336 secs using 200% CPU
Optimizing NNI: done in 0.330913 secs using 198.5% CPU
Optimizing NNI: done in 0.322316 secs using 198.5% CPU
Optimizing NNI: done in 0.285239 secs using 199.7% CPU
Optimizing NNI: done in 0.366573 secs using 198.8% CPU
Optimizing NNI: done in 0.355734 secs using 200% CPU
Optimizing NNI: done in 0.28547 secs using 200% CPU
Optimizing NNI: done in 0.326575 secs using 198.9% CPU
Optimizing NNI: done in 0.279774 secs using 200% CPU
Iteration 180 / LogL: -6954.747 / Time: 0h:3m:39s (0h:0m:39s left)
Optimizing NNI: done in 0.26969 secs using 199.6% CPU
Optimizing NNI: done in 0.380082 secs using 199.8% CPU
Optimizing NNI: done in 0.312831 secs using 200.6% CPU
Optimizing NNI: done in 0.326714 secs using 199.9% CPU
Optimizing NNI: done in 0.252957 secs using 200% CPU
Optimizing NNI: done in 0.306945 secs using 200% CPU
Optimizing NNI: done in 0.266846 secs using 198.1% CPU
Optimizing NNI: done in 0.313853 secs using 199.5% CPU
Optimizing NNI: done in 0.275864 secs using 197.3% CPU
Optimizing NNI: done in 0.254995 secs using 200.9% CPU
Iteration 190 / LogL: -6957.711 / Time: 0h:3m:42s (0h:0m:25s left)
Optimizing NNI: done in 0.360426 secs using 200% CPU
Optimizing NNI: done in 0.36216 secs using 199.8% CPU
Optimizing NNI: done in 0.335711 secs using 199.6% CPU
Optimizing NNI: done in 0.349981 secs using 199.7% CPU
Optimizing NNI: done in 0.311778 secs using 197.6% CPU
Optimizing NNI: done in 0.336828 secs using 199.4% CPU
Optimizing NNI: done in 0.240366 secs using 200% CPU
Optimizing NNI: done in 0.295132 secs using 198.8% CPU
Optimizing NNI: done in 0.243398 secs using 200% CPU
Optimizing NNI: done in 0.313623 secs using 197% CPU
Iteration 200 / LogL: -6957.237 / Time: 0h:3m:46s (0h:0m:13s left)
Optimizing NNI: done in 0.305656 secs using 199.9% CPU
Optimizing NNI: done in 0.256501 secs using 197% CPU
Optimizing NNI: done in 0.231739 secs using 199.2% CPU
Optimizing NNI: done in 0.341767 secs using 200% CPU
Optimizing NNI: done in 0.25792 secs using 200% CPU
Optimizing NNI: done in 0.314167 secs using 200% CPU
Optimizing NNI: done in 0.273527 secs using 200% CPU
Optimizing NNI: done in 0.265291 secs using 200% CPU
Optimizing NNI: done in 0.286866 secs using 198.3% CPU
Optimizing NNI: done in 0.241131 secs using 198.7% CPU
Iteration 210 / LogL: -6953.911 / Time: 0h:3m:48s (0h:0m:2s left)
Optimizing NNI: done in 0.414966 secs using 200.3% CPU
Optimizing NNI: done in 0.375368 secs using 199.6% CPU
Optimizing NNI: done in 0.258242 secs using 200% CPU
TREE SEARCH COMPLETED AFTER 213 ITERATIONS / Time: 0h:3m:50s

--------------------------------------------------------------------
|                    FINALIZING TREE SEARCH                        |
--------------------------------------------------------------------
Performs final model parameters optimization
Estimate model parameters (epsilon = 0.010)
1. Initial log-likelihood: -6953.753
2. Current log-likelihood: -6953.694
3. Current log-likelihood: -6953.634
4. Current log-likelihood: -6953.576
5. Current log-likelihood: -6953.522
6. Current log-likelihood: -6953.469
7. Current log-likelihood: -6953.418
8. Current log-likelihood: -6953.369
9. Current log-likelihood: -6953.322
10. Current log-likelihood: -6953.276
11. Current log-likelihood: -6953.232
12. Current log-likelihood: -6953.190
13. Current log-likelihood: -6953.148
14. Current log-likelihood: -6953.108
15. Current log-likelihood: -6953.069
16. Current log-likelihood: -6953.032
17. Current log-likelihood: -6952.996
18. Current log-likelihood: -6952.961
19. Current log-likelihood: -6952.927
20. Current log-likelihood: -6952.894
21. Current log-likelihood: -6952.861
22. Current log-likelihood: -6952.830
23. Current log-likelihood: -6952.800
24. Current log-likelihood: -6952.771
25. Current log-likelihood: -6952.743
26. Current log-likelihood: -6952.716
27. Current log-likelihood: -6952.699
28. Current log-likelihood: -6952.682
29. Current log-likelihood: -6952.655
30. Current log-likelihood: -6952.639
31. Current log-likelihood: -6952.614
32. Current log-likelihood: -6952.599
33. Current log-likelihood: -6952.575
34. Current log-likelihood: -6952.561
35. Current log-likelihood: -6952.546
36. Current log-likelihood: -6952.530
37. Current log-likelihood: -6952.508
38. Current log-likelihood: -6952.494
39. Current log-likelihood: -6952.480
40. Current log-likelihood: -6952.466
41. Current log-likelihood: -6952.453
42. Current log-likelihood: -6952.440
43. Current log-likelihood: -6952.427
44. Current log-likelihood: -6952.415
45. Current log-likelihood: -6952.402
46. Current log-likelihood: -6952.390
47. Current log-likelihood: -6952.379
48. Current log-likelihood: -6952.368
49. Current log-likelihood: -6952.357
50. Current log-likelihood: -6952.345
51. Current log-likelihood: -6952.335
52. Current log-likelihood: -6952.324
53. Current log-likelihood: -6952.314
54. Current log-likelihood: -6952.304
55. Current log-likelihood: -6952.294
Optimal log-likelihood: -6952.277
Rate parameters:  A-C: 1.55097  A-G: 3.71386  A-T: 1.38379  C-G: 1.23853  C-T: 3.25702  G-T: 1.00000
Base frequencies:  A: 0.225  C: 0.208  G: 0.235  T: 0.332
Site proportion and rates:  (0.305,0.099) (0.468,0.725) (0.169,2.183) (0.059,4.456)
Parameters optimization took 55 rounds (5.508 sec)
BEST SCORE FOUND : -6952.277
Total tree length: 4.030

Total number of iterations: 213
CPU time used for tree search: 136.130 sec (0h:2m:16s)
Wall-clock time used for tree search: 71.300 sec (0h:1m:11s)
Total CPU time used: 367.276 sec (0h:6m:7s)
Total wall-clock time used: 235.521 sec (0h:3m:55s)

Analysis results written to: 
  IQ-TREE report:                7135_iqtree_preliminary_superstrict_excluding_hybrids.iqtree
  Maximum-likelihood tree:       7135_iqtree_preliminary_superstrict_excluding_hybrids.treefile
  Likelihood distances:          7135_iqtree_preliminary_superstrict_excluding_hybrids.mldist
  Screen log file:               7135_iqtree_preliminary_superstrict_excluding_hybrids.log

ALISIM COMMAND
--------------
--alisim simulated_MSA -t 7135_iqtree_preliminary_superstrict_excluding_hybrids.treefile -m "GTR{1.55097,3.71386,1.38379,1.23853,3.25702}+F{0.224703,0.207653,0.235161,0.332483}+R4{0.304778,0.0992866,0.467606,0.725394,0.16879,2.18285,0.0588254,4.45552}" --length 368

Date and Time: Fri Jun  2 08:28:04 2023
