IQ-TREE multicore version 2.2.2 COVID-edition for Linux 64-bit built Sep 20 2022
Developed by Bui Quang Minh, James Barbetti, Nguyen Lam Tung,
Olga Chernomor, Heiko Schmidt, Dominik Schrempf, Michael Woodhams, Ly Trong Nhan.

Host:    netdc-bms-c11f (AVX2, FMA3, 377 GB RAM)
Command: /home/kasper.hendriks/iqtree-2.2.2-Linux/bin/iqtree2 -s 7577_taper_preliminary_superstrict_excluding_hybrids.fasta -nm 1000 -m GTR+F+R -nt AUTO --prefix 7577_iqtree_preliminary_superstrict_excluding_hybrids
Seed:    888687 (Using SPRNG - Scalable Parallel Random Number Generator)
Time:    Fri Jun  2 08:26:08 2023
Kernel:  AVX+FMA - auto-detect threads (56 CPU cores detected)

Reading alignment file 7577_taper_preliminary_superstrict_excluding_hybrids.fasta ... Fasta format detected
Reading fasta file: done in 0.00103617 secs
Alignment most likely contains DNA/RNA sequences
Constructing alignment: done in 0.00247002 secs using 1457% CPU
Alignment has 119 sequences with 330 columns, 243 distinct patterns
153 parsimony-informative, 45 singleton sites, 132 constant sites
               Gap/Ambiguity  Composition  p-value
Analyzing sequences: done in 0.0196669 secs using 1330% CPU
   1  CRNC            51.82%    passed     55.38%
   2  HYZL             0.00%    failed      2.54%
   3  MYZV             3.03%    passed     90.12%
   4  SRR6441723       4.24%    passed     99.77%
   5  ERR4210213      36.06%    passed     88.06%
   6  ERR2789774       6.36%    passed     88.21%
   7  PAFTOL_019361    0.00%    passed     71.83%
   8  S0055            0.00%    passed     99.41%
   9  S0196sl          0.00%    passed     99.92%
  10  S0278            1.52%    passed     99.88%
  11  S0281            0.00%    passed     99.02%
  12  S0282            0.00%    passed     99.92%
  13  S0289            0.91%    passed     85.09%
  14  S0292            0.30%    passed     91.94%
  15  S0293            1.21%    passed     99.86%
  16  S0294            0.00%    passed     97.73%
  17  S0299            0.00%    passed     95.87%
  18  S0303            0.00%    passed     97.73%
  19  S0308            0.00%    passed     94.25%
  20  S0320            0.00%    passed     99.49%
  21  S0322            0.00%    passed     99.27%
  22  S0335            0.00%    passed     98.31%
  23  S0345           53.64%    passed     73.83%
  24  S0376           38.18%    passed     83.24%
  25  S0400            0.91%    passed     99.86%
  26  S0405            1.21%    passed     99.73%
  27  S0407sl          0.00%    passed     98.81%
  28  S0412sl         19.09%    passed     90.70%
  29  S0417            0.30%    passed     99.00%
  30  S0419            0.30%    passed     99.00%
  31  S0427            0.00%    passed     96.94%
  32  S0430            0.30%    passed     97.68%
  33  S0478            0.30%    passed     99.89%
  34  S0552sl          0.00%    passed     92.66%
  35  S0558            0.00%    passed     95.87%
  36  S0616            2.42%    passed     99.28%
  37  S0620           13.94%    passed     90.10%
  38  S0624            0.00%    passed     98.84%
  39  S0641            0.30%    passed     95.85%
  40  S0643            0.61%    passed     99.98%
  41  S0645sl          2.42%    passed     99.45%
  42  S0656sl          0.91%    passed     99.73%
  43  S0673            0.00%    passed     97.18%
  44  S0689            0.30%    passed     96.14%
  45  S0690            0.91%    passed     99.21%
  46  S0720            0.00%    passed     97.41%
  47  S0724sl          0.30%    passed     96.30%
  48  S0735            0.30%    passed     97.52%
  49  S0742            0.00%    passed     87.88%
  50  S0748            0.00%    passed     97.73%
  51  S0753            0.00%    passed     98.57%
  52  S0756            0.00%    passed     98.09%
  53  S0758            0.30%    passed     85.47%
  54  S0760            0.00%    passed     97.91%
  55  S0763            0.00%    passed     92.92%
  56  S0765            0.00%    passed     99.66%
  57  S0770            0.30%    passed     99.89%
  58  S0771            0.00%    passed     98.27%
  59  S0795            0.61%    passed     94.00%
  60  S0827            0.00%    passed     97.92%
  61  S0888            5.45%    passed     69.13%
  62  S0894            0.61%    passed     98.86%
  63  S0899            0.00%    passed     99.64%
  64  S0906            0.00%    passed     93.61%
  65  S0951            0.00%    passed     88.32%
  66  S0952            0.00%    passed     99.18%
  67  S0956            0.00%    passed     93.24%
  68  S0959            0.00%    passed     97.87%
  69  S0960            1.21%    passed     80.59%
  70  S0964            0.61%    passed     90.61%
  71  S1052sl          2.12%    passed     91.49%
  72  S1083            0.00%    passed     98.54%
  73  S1100            0.91%    passed     82.30%
  74  S1102            1.82%    passed     97.74%
  75  S1110            1.52%    passed     80.45%
  76  S1120            2.42%    passed     92.80%
  77  S1128            0.30%    passed     94.86%
  78  S1129sl          0.30%    passed     90.91%
  79  S1148            0.61%    passed     97.20%
  80  S1177            0.00%    passed     99.54%
  81  S1180            0.00%    passed     99.41%
  82  S1187sl         38.18%    passed     68.17%
  83  S1189            0.00%    passed     97.94%
  84  S1201sl          0.00%    passed     98.78%
  85  S1210            0.00%    passed     85.32%
  86  S1211            0.00%    passed     94.82%
  87  S1214sl          0.00%    passed     98.09%
  88  S1227            0.00%    passed     99.49%
  89  S1235sl          0.00%    passed     99.33%
  90  S1238sl          0.00%    passed     95.16%
  91  S1239            0.00%    passed     99.68%
  92  S1246            0.30%    passed     97.91%
  93  S1249            0.61%    passed     94.48%
  94  S1250sl          4.55%    passed     96.15%
  95  S1251            0.00%    passed     96.94%
  96  S1260            0.30%    passed     99.85%
  97  S1266sl          0.61%    passed     98.33%
  98  S1269            0.00%    passed     98.60%
  99  S1278            0.00%    passed     99.90%
 100  S1315            0.91%    passed     95.70%
 101  S1332            0.00%    passed     99.50%
 102  S1366            0.61%    passed     98.93%
 103  S1369            0.30%    passed     98.65%
 104  S1370            2.12%    passed     99.93%
 105  S1375            1.21%    passed     99.40%
 106  S1376            0.00%    passed     98.81%
 107  S1381            4.55%    passed     98.66%
 108  S1405            0.00%    passed     98.81%
 109  S1422            0.30%    passed     87.18%
 110  S1449            0.00%    passed     90.80%
 111  S1451            0.00%    passed     98.28%
 112  S1460            0.91%    passed     88.35%
 113  S1462            0.00%    passed     99.73%
 114  S1475            0.30%    passed     99.26%
 115  S1498            0.00%    passed     97.59%
 116  S1539            0.00%    passed     99.73%
 117  S_670            1.52%    passed     99.91%
 118  SRR11470320      0.00%    passed     96.92%
 119  SRR8528357       0.00%    passed     98.56%
WARNING: 2 sequences contain more than 50% gaps/ambiguity
****  TOTAL            2.68%  1 sequences failed composition chi2 test (p-value<5%; df=3)
NOTE: S0748 is identical to S0303 but kept for subsequent analysis
Checking for duplicate sequences: done in 0.011375 secs using 1474% CPU

Create initial parsimony tree by phylogenetic likelihood library (PLL)... 0.080 seconds

NOTE: 3 MB RAM (0 GB) is required!
Measuring multi-threading efficiency up to 56 CPU cores
Increase to 10 rounds for branch lengths
478 trees examined
Threads: 1 / Time: 56.009 sec / Speedup: 1.000 / Efficiency: 100% / LogL: -7966
Threads: 2 / Time: 49.121 sec / Speedup: 1.140 / Efficiency: 57% / LogL: -7966
Threads: 3 / Time: 37.540 sec / Speedup: 1.492 / Efficiency: 50% / LogL: -7966
Determining AUTO threadcount: done in 142.671 secs using 185.5% CPU
BEST NUMBER OF THREADS: 2

Estimate model parameters (epsilon = 0.100)
1. Initial log-likelihood: -5188.072
2. Current log-likelihood: -4947.693
3. Current log-likelihood: -4940.101
4. Current log-likelihood: -4937.253
5. Current log-likelihood: -4936.104
6. Current log-likelihood: -4935.640
7. Current log-likelihood: -4935.364
8. Current log-likelihood: -4935.128
9. Current log-likelihood: -4934.895
10. Current log-likelihood: -4934.654
11. Current log-likelihood: -4934.405
12. Current log-likelihood: -4934.169
13. Current log-likelihood: -4933.961
14. Current log-likelihood: -4933.782
15. Current log-likelihood: -4933.625
16. Current log-likelihood: -4933.477
17. Current log-likelihood: -4933.330
18. Current log-likelihood: -4933.178
19. Current log-likelihood: -4933.019
20. Current log-likelihood: -4932.848
21. Current log-likelihood: -4932.667
22. Current log-likelihood: -4932.472
23. Current log-likelihood: -4932.263
24. Current log-likelihood: -4932.037
25. Current log-likelihood: -4931.796
26. Current log-likelihood: -4931.537
27. Current log-likelihood: -4931.255
28. Current log-likelihood: -4930.956
29. Current log-likelihood: -4930.640
30. Current log-likelihood: -4930.307
31. Current log-likelihood: -4929.969
32. Current log-likelihood: -4929.638
33. Current log-likelihood: -4929.327
34. Current log-likelihood: -4929.052
35. Current log-likelihood: -4928.820
36. Current log-likelihood: -4928.630
37. Current log-likelihood: -4928.475
38. Current log-likelihood: -4928.349
39. Current log-likelihood: -4928.242
Optimal log-likelihood: -4928.116
Rate parameters:  A-C: 0.74562  A-G: 3.16956  A-T: 0.73320  C-G: 0.58049  C-T: 3.01444  G-T: 1.00000
Base frequencies:  A: 0.276  C: 0.249  G: 0.209  T: 0.266
Site proportion and rates:  (0.507,0.113) (0.322,1.079) (0.148,2.872) (0.024,7.114)
Parameters optimization took 39 rounds (3.894 sec)
Wrote distance file to... 
Computing ML distances based on estimated model parameters...
Calculating distance matrix: done in 0.0366621 secs using 200% CPU
Computing ML distances took 0.036871 sec (of wall-clock time) 0.073679 sec (of CPU time)
Setting up auxiliary I and S matrices: done in 0.000570059 secs using 205.2% CPU
Constructing RapidNJ tree: done in 0.00436187 secs using 383.1% CPU
Computing RapidNJ tree took 0.005001 sec (of wall-clock time) 0.018028 sec (of CPU time)
Log-likelihood of RapidNJ tree: -4987.323
--------------------------------------------------------------------
|             INITIALIZING CANDIDATE TREE SET                      |
--------------------------------------------------------------------
Generating 98 parsimony trees... 0.932 second
Computing log-likelihood of 98 initial trees ... 1.318 seconds
Current best score: -4922.475

Do NNI search on 20 best initial trees
Optimizing NNI: done in 0.184735 secs using 200.5% CPU
Estimate model parameters (epsilon = 0.100)
BETTER TREE FOUND at iteration 1: -4912.439
Optimizing NNI: done in 0.202834 secs using 200% CPU
Optimizing NNI: done in 0.189742 secs using 200% CPU
Optimizing NNI: done in 0.180845 secs using 200% CPU
Optimizing NNI: done in 0.194708 secs using 200% CPU
Optimizing NNI: done in 0.181445 secs using 200% CPU
Optimizing NNI: done in 0.171754 secs using 200% CPU
Optimizing NNI: done in 0.16492 secs using 200% CPU
Optimizing NNI: done in 0.266153 secs using 198.8% CPU
Optimizing NNI: done in 0.281594 secs using 201.1% CPU
Iteration 10 / LogL: -4918.105 / Time: 0h:2m:31s
Optimizing NNI: done in 0.313278 secs using 200% CPU
Optimizing NNI: done in 0.266763 secs using 200% CPU
Estimate model parameters (epsilon = 0.100)
BETTER TREE FOUND at iteration 12: -4910.688
Optimizing NNI: done in 0.251055 secs using 200% CPU
Optimizing NNI: done in 0.290306 secs using 200% CPU
Optimizing NNI: done in 0.260089 secs using 200% CPU
Optimizing NNI: done in 0.254694 secs using 199.8% CPU
Optimizing NNI: done in 0.290503 secs using 200.1% CPU
Optimizing NNI: done in 0.25366 secs using 200% CPU
Optimizing NNI: done in 0.283462 secs using 200% CPU
Optimizing NNI: done in 0.295474 secs using 200% CPU
Iteration 20 / LogL: -4920.586 / Time: 0h:2m:34s
Finish initializing candidate tree set (20)
Current best tree score: -4910.688 / CPU time: 7.590
Number of iterations: 20
--------------------------------------------------------------------
|               OPTIMIZING CANDIDATE TREE SET                      |
--------------------------------------------------------------------
Optimizing NNI: done in 0.398697 secs using 199% CPU
Optimizing NNI: done in 0.328599 secs using 200% CPU
Optimizing NNI: done in 0.24539 secs using 199.3% CPU
Optimizing NNI: done in 0.299953 secs using 200.8% CPU
Optimizing NNI: done in 0.34388 secs using 197.7% CPU
Optimizing NNI: done in 0.25759 secs using 200% CPU
Optimizing NNI: done in 0.32872 secs using 200% CPU
Estimate model parameters (epsilon = 0.100)
BETTER TREE FOUND at iteration 27: -4910.581
Optimizing NNI: done in 0.208951 secs using 198.1% CPU
Optimizing NNI: done in 0.262524 secs using 200% CPU
Optimizing NNI: done in 0.224537 secs using 199.7% CPU
Estimate model parameters (epsilon = 0.100)
BETTER TREE FOUND at iteration 30: -4910.486
Iteration 30 / LogL: -4910.486 / Time: 0h:2m:37s (0h:9m:2s left)
Optimizing NNI: done in 0.295883 secs using 197% CPU
Optimizing NNI: done in 0.18597 secs using 200% CPU
Optimizing NNI: done in 0.287024 secs using 200% CPU
Optimizing NNI: done in 0.220205 secs using 200% CPU
Optimizing NNI: done in 0.180859 secs using 200% CPU
Estimate model parameters (epsilon = 0.100)
BETTER TREE FOUND at iteration 35: -4910.400
Optimizing NNI: done in 0.214129 secs using 200% CPU
Optimizing NNI: done in 0.220975 secs using 200% CPU
Optimizing NNI: done in 0.299991 secs using 197.8% CPU
Optimizing NNI: done in 0.202843 secs using 200.5% CPU
Optimizing NNI: done in 0.183784 secs using 197.8% CPU
Iteration 40 / LogL: -4915.293 / Time: 0h:2m:39s (0h:6m:29s left)
Optimizing NNI: done in 0.254929 secs using 200% CPU
Optimizing NNI: done in 0.197381 secs using 200% CPU
Optimizing NNI: done in 0.205193 secs using 200% CPU
Optimizing NNI: done in 0.205982 secs using 198.1% CPU
Optimizing NNI: done in 0.253239 secs using 200% CPU
Estimate model parameters (epsilon = 0.100)
BETTER TREE FOUND at iteration 45: -4910.322
Optimizing NNI: done in 0.191404 secs using 200% CPU
Optimizing NNI: done in 0.182861 secs using 197.8% CPU
Estimate model parameters (epsilon = 0.100)
BETTER TREE FOUND at iteration 47: -4910.250
Optimizing NNI: done in 0.176094 secs using 199.9% CPU
Optimizing NNI: done in 0.154076 secs using 200.2% CPU
Optimizing NNI: done in 0.200171 secs using 199.8% CPU
Iteration 50 / LogL: -4910.733 / Time: 0h:2m:42s (0h:5m:20s left)
Optimizing NNI: done in 0.19625 secs using 200% CPU
Optimizing NNI: done in 0.238918 secs using 200% CPU
Optimizing NNI: done in 0.190341 secs using 200% CPU
Optimizing NNI: done in 0.21228 secs using 199.8% CPU
Optimizing NNI: done in 0.17501 secs using 199.9% CPU
Optimizing NNI: done in 0.156892 secs using 200% CPU
Optimizing NNI: done in 0.152107 secs using 200% CPU
Optimizing NNI: done in 0.196608 secs using 200% CPU
BETTER TREE FOUND at iteration 58: -4910.241
Optimizing NNI: done in 0.185801 secs using 199.6% CPU
Optimizing NNI: done in 0.214003 secs using 200% CPU
Iteration 60 / LogL: -4911.437 / Time: 0h:2m:44s (0h:4m:32s left)
Optimizing NNI: done in 0.145321 secs using 199.9% CPU
Optimizing NNI: done in 0.165632 secs using 200% CPU
Optimizing NNI: done in 0.16619 secs using 199.9% CPU
Optimizing NNI: done in 0.186297 secs using 197.7% CPU
Optimizing NNI: done in 0.176363 secs using 200% CPU
Optimizing NNI: done in 0.162346 secs using 200% CPU
Optimizing NNI: done in 0.145297 secs using 199.9% CPU
Optimizing NNI: done in 0.189172 secs using 199.9% CPU
Optimizing NNI: done in 0.17021 secs using 199.8% CPU
Optimizing NNI: done in 0.159326 secs using 200% CPU
Iteration 70 / LogL: -4915.354 / Time: 0h:2m:45s (0h:3m:31s left)
Optimizing NNI: done in 0.19347 secs using 198% CPU
Optimizing NNI: done in 0.185824 secs using 201.9% CPU
Optimizing NNI: done in 0.141443 secs using 200% CPU
Optimizing NNI: done in 0.16284 secs using 199.9% CPU
Optimizing NNI: done in 0.187005 secs using 199.9% CPU
Optimizing NNI: done in 0.156109 secs using 199.9% CPU
Optimizing NNI: done in 0.193287 secs using 200% CPU
Optimizing NNI: done in 0.219064 secs using 200% CPU
Optimizing NNI: done in 0.150427 secs using 197.1% CPU
Optimizing NNI: done in 0.166725 secs using 197.6% CPU
Iteration 80 / LogL: -4911.376 / Time: 0h:2m:47s (0h:2m:45s left)
Optimizing NNI: done in 0.114655 secs using 200% CPU
Optimizing NNI: done in 0.124541 secs using 200% CPU
Optimizing NNI: done in 0.212381 secs using 198.7% CPU
Optimizing NNI: done in 0.235215 secs using 201.3% CPU
Optimizing NNI: done in 0.18434 secs using 199.8% CPU
Optimizing NNI: done in 0.200512 secs using 200% CPU
Optimizing NNI: done in 0.279712 secs using 200% CPU
Optimizing NNI: done in 0.248457 secs using 200% CPU
Optimizing NNI: done in 0.354279 secs using 200% CPU
Optimizing NNI: done in 0.283877 secs using 200% CPU
Iteration 90 / LogL: -4911.740 / Time: 0h:2m:49s (0h:2m:9s left)
Optimizing NNI: done in 0.27318 secs using 199.7% CPU
Optimizing NNI: done in 0.352288 secs using 200.4% CPU
Optimizing NNI: done in 0.228925 secs using 200% CPU
Optimizing NNI: done in 0.268671 secs using 200% CPU
Optimizing NNI: done in 0.242853 secs using 199.9% CPU
Optimizing NNI: done in 0.165171 secs using 197.6% CPU
Optimizing NNI: done in 0.162786 secs using 199.6% CPU
Optimizing NNI: done in 0.174794 secs using 199.9% CPU
Optimizing NNI: done in 0.182197 secs using 197.8% CPU
Optimizing NNI: done in 0.160321 secs using 200% CPU
Iteration 100 / LogL: -4910.243 / Time: 0h:2m:52s (0h:1m:40s left)
Optimizing NNI: done in 0.202954 secs using 198.4% CPU
Optimizing NNI: done in 0.178619 secs using 201.9% CPU
Optimizing NNI: done in 0.153739 secs using 200% CPU
Optimizing NNI: done in 0.198902 secs using 198% CPU
Optimizing NNI: done in 0.203171 secs using 200% CPU
Optimizing NNI: done in 0.211303 secs using 199.9% CPU
Optimizing NNI: done in 0.160273 secs using 199.9% CPU
Optimizing NNI: done in 0.135972 secs using 199.9% CPU
Optimizing NNI: done in 0.22612 secs using 198.2% CPU
Optimizing NNI: done in 0.159051 secs using 199.9% CPU
Iteration 110 / LogL: -4910.241 / Time: 0h:2m:54s (0h:1m:16s left)
Optimizing NNI: done in 0.179659 secs using 199.9% CPU
Optimizing NNI: done in 0.149326 secs using 200% CPU
Optimizing NNI: done in 0.186778 secs using 198.9% CPU
Optimizing NNI: done in 0.1863 secs using 201.2% CPU
Optimizing NNI: done in 0.175831 secs using 199.9% CPU
Optimizing NNI: done in 0.177461 secs using 200% CPU
Optimizing NNI: done in 0.201066 secs using 199.9% CPU
Optimizing NNI: done in 0.159536 secs using 199.9% CPU
Optimizing NNI: done in 0.177103 secs using 199.9% CPU
Optimizing NNI: done in 0.137185 secs using 200% CPU
Iteration 120 / LogL: -4928.720 / Time: 0h:2m:55s (0h:0m:56s left)
Optimizing NNI: done in 0.218637 secs using 200% CPU
Optimizing NNI: done in 0.175874 secs using 199.9% CPU
Optimizing NNI: done in 0.179618 secs using 199.9% CPU
Optimizing NNI: done in 0.201041 secs using 198.5% CPU
Optimizing NNI: done in 0.188734 secs using 201.6% CPU
Optimizing NNI: done in 0.190347 secs using 199.9% CPU
Optimizing NNI: done in 0.148477 secs using 200% CPU
Optimizing NNI: done in 0.169161 secs using 200% CPU
Optimizing NNI: done in 0.195232 secs using 200% CPU
Optimizing NNI: done in 0.189414 secs using 199.8% CPU
Iteration 130 / LogL: -4916.054 / Time: 0h:2m:57s (0h:0m:38s left)
Optimizing NNI: done in 0.148484 secs using 200% CPU
Optimizing NNI: done in 0.181781 secs using 199.9% CPU
Optimizing NNI: done in 0.199709 secs using 199.7% CPU
Optimizing NNI: done in 0.184637 secs using 199.9% CPU
Optimizing NNI: done in 0.154484 secs using 197.3% CPU
Optimizing NNI: done in 0.16273 secs using 198.8% CPU
Optimizing NNI: done in 0.187754 secs using 200.9% CPU
Optimizing NNI: done in 0.194773 secs using 200% CPU
Optimizing NNI: done in 0.157427 secs using 200% CPU
Optimizing NNI: done in 0.177697 secs using 200% CPU
Iteration 140 / LogL: -4915.352 / Time: 0h:2m:59s (0h:0m:23s left)
Optimizing NNI: done in 0.119267 secs using 200% CPU
Optimizing NNI: done in 0.15659 secs using 200% CPU
Optimizing NNI: done in 0.172996 secs using 200% CPU
Optimizing NNI: done in 0.156715 secs using 200% CPU
Optimizing NNI: done in 0.16068 secs using 199.9% CPU
Optimizing NNI: done in 0.181636 secs using 199.9% CPU
Optimizing NNI: done in 0.145447 secs using 200% CPU
Optimizing NNI: done in 0.22926 secs using 199.7% CPU
Optimizing NNI: done in 0.17938 secs using 200.2% CPU
Optimizing NNI: done in 0.157049 secs using 200% CPU
Iteration 150 / LogL: -4910.242 / Time: 0h:3m:1s (0h:0m:9s left)
Optimizing NNI: done in 0.159768 secs using 200% CPU
Optimizing NNI: done in 0.168127 secs using 197.6% CPU
Optimizing NNI: done in 0.178421 secs using 200% CPU
Optimizing NNI: done in 0.206358 secs using 199.9% CPU
Optimizing NNI: done in 0.187066 secs using 197.9% CPU
Optimizing NNI: done in 0.243022 secs using 200% CPU
Optimizing NNI: done in 0.160938 secs using 197.5% CPU
Optimizing NNI: done in 0.179486 secs using 199.8% CPU
Optimizing NNI: done in 0.168359 secs using 200% CPU
TREE SEARCH COMPLETED AFTER 159 ITERATIONS / Time: 0h:3m:2s

--------------------------------------------------------------------
|                    FINALIZING TREE SEARCH                        |
--------------------------------------------------------------------
Performs final model parameters optimization
Estimate model parameters (epsilon = 0.010)
1. Initial log-likelihood: -4910.241
2. Current log-likelihood: -4910.195
3. Current log-likelihood: -4910.149
4. Current log-likelihood: -4910.104
5. Current log-likelihood: -4910.063
6. Current log-likelihood: -4910.023
7. Current log-likelihood: -4909.987
8. Current log-likelihood: -4909.952
9. Current log-likelihood: -4909.920
10. Current log-likelihood: -4909.889
11. Current log-likelihood: -4909.861
12. Current log-likelihood: -4909.833
13. Current log-likelihood: -4909.808
14. Current log-likelihood: -4909.792
15. Current log-likelihood: -4909.768
16. Current log-likelihood: -4909.754
17. Current log-likelihood: -4909.740
18. Current log-likelihood: -4909.727
19. Current log-likelihood: -4909.714
20. Current log-likelihood: -4909.701
21. Current log-likelihood: -4909.689
22. Current log-likelihood: -4909.678
23. Current log-likelihood: -4909.667
24. Current log-likelihood: -4909.656
25. Current log-likelihood: -4909.646
26. Current log-likelihood: -4909.636
Optimal log-likelihood: -4909.620
Rate parameters:  A-C: 0.75656  A-G: 3.26177  A-T: 0.74256  C-G: 0.58359  C-T: 3.07891  G-T: 1.00000
Base frequencies:  A: 0.276  C: 0.249  G: 0.209  T: 0.266
Site proportion and rates:  (0.475,0.081) (0.363,1.028) (0.142,3.022) (0.021,7.691)
Parameters optimization took 26 rounds (1.549 sec)
BEST SCORE FOUND : -4909.620
Total tree length: 3.140

Total number of iterations: 159
CPU time used for tree search: 71.489 sec (0h:1m:11s)
Wall-clock time used for tree search: 36.130 sec (0h:0m:36s)
Total CPU time used: 349.342 sec (0h:5m:49s)
Total wall-clock time used: 184.493 sec (0h:3m:4s)

Analysis results written to: 
  IQ-TREE report:                7577_iqtree_preliminary_superstrict_excluding_hybrids.iqtree
  Maximum-likelihood tree:       7577_iqtree_preliminary_superstrict_excluding_hybrids.treefile
  Likelihood distances:          7577_iqtree_preliminary_superstrict_excluding_hybrids.mldist
  Screen log file:               7577_iqtree_preliminary_superstrict_excluding_hybrids.log

ALISIM COMMAND
--------------
--alisim simulated_MSA -t 7577_iqtree_preliminary_superstrict_excluding_hybrids.treefile -m "GTR{0.756559,3.26177,0.742558,0.583586,3.07891}+F{0.276306,0.24898,0.209085,0.265629}+R4{0.474511,0.0812744,0.362657,1.02761,0.14211,3.02154,0.0207224,7.69086}" --length 330

Date and Time: Fri Jun  2 08:29:13 2023
